[COT 2023-5M-27 21:49:1s] 76561198040010982: Spawned Entity UWU Grenade (M67Grenade<edb1dc00>, -1, 50) at <6796.308594, 15.012498, 11675.095703>
[COT 2023-5M-27 21:49:1s] 76561198040010982: Spawned Entity UWU Grenade (M67Grenade<edb1f020>, -1, 50) at <6796.308594, 15.012498, 11675.095703>
[COT 2023-5M-27 21:49:2s] 76561198040010982: Spawned Entity UWU Grenade (M67Grenade<edb18170>, -1, 50) at <6796.308594, 15.012498, 11675.095703>
[COT 2023-5M-27 21:49:21] 76561198040010982: Healed [guid=8vtfObsTQABYXpVHaEsAuZ5QTEAjCvC2a-AZwd4E5dw=]
[COT 2023-5M-27 21:49:21] 76561198040010982: Healed [guid=8vtfObsTQABYXpVHaEsAuZ5QTEAjCvC2a-AZwd4E5dw=]
[COT 2023-5M-27 21:51:1s] 76561198401795791: Spawned Entity CodeLock (CodeLock<eda72200>, -1, 1500) at <6800.074219, 15.012362, 11667.952148>
[COT 2023-5M-27 21:52:3s] 76561198401795791: Spawned Entity RTrzr OD (RTrzr_OD<f25ca820>, -1, 6000) at <6800.735840, 15.012435, 11665.600586>
[COT 2023-5M-27 21:52:15] 76561198401795791: Set GodMode To true [guid=QjlZXS0Ark29Vwx4GPzro34d4Mh-vfgK6BY62FOJWUg=]
[COT 2023-5M-27 21:52:16] 76561198401795791: Set cannot be targeted by AI to true [guid=QjlZXS0Ark29Vwx4GPzro34d4Mh-vfgK6BY62FOJWUg=]
[COT 2023-5M-27 21:52:16] 76561198401795791: Set UnlimitedStamina To true [guid=QjlZXS0Ark29Vwx4GPzro34d4Mh-vfgK6BY62FOJWUg=]
[COT 2023-5M-27 21:52:17] 76561198401795791: Set UnlimitedAmmo To true [guid=QjlZXS0Ark29Vwx4GPzro34d4Mh-vfgK6BY62FOJWUg=]
[COT 2023-5M-27 21:52:35] 76561198401795791: ESP: ESP updating
[COT 2023-5M-27 21:52:40] 76561198401795791: ESP target=RTrzr_OD:06717 position=<6800.719238, 14.972738, 11665.517578> action=delete
[COT 2023-5M-27 21:52:57] 76561198401795791: Set Health To 100 [guid=QjlZXS0Ark29Vwx4GPzro34d4Mh-vfgK6BY62FOJWUg=]
[COT 2023-5M-27 21:52:57] 76561198401795791: Set Energy To 5000 [guid=QjlZXS0Ark29Vwx4GPzro34d4Mh-vfgK6BY62FOJWUg=]
[COT 2023-5M-27 21:52:57] 76561198401795791: Set Water To 5000 [guid=QjlZXS0Ark29Vwx4GPzro34d4Mh-vfgK6BY62FOJWUg=]
[COT 2023-5M-27 21:53:1s] 76561198401795791: Set GodMode To false [guid=QjlZXS0Ark29Vwx4GPzro34d4Mh-vfgK6BY62FOJWUg=]
[COT 2023-5M-27 21:53:3s] 76561198401795791: Set Health To 100 [guid=QjlZXS0Ark29Vwx4GPzro34d4Mh-vfgK6BY62FOJWUg=]
[COT 2023-5M-27 21:53:6s] 76561198401795791: Set GodMode To true [guid=QjlZXS0Ark29Vwx4GPzro34d4Mh-vfgK6BY62FOJWUg=]
[COT 2023-5M-27 21:53:21] 76561198401795791: Spawned Entity RTrzr Razzle (RTrzr_Razzle<f25ca820>, -1, 6000) at <6803.907715, 15.012416, 11665.389648>
[COT 2023-5M-27 21:53:34] 76561198401795791: Spawned Entity RTrzr Forest (RTrzr_Forest<f3a3e6d0>, -1, 6000) at <6806.257324, 15.012500, 11656.336914>
[COT 2023-5M-27 21:53:45] 76561198401795791: ESP target=RTrzr_Forest:09532 position=<6806.259277, 14.972742, 11656.265625> action=delete
[COT 2023-5M-27 21:53:50] 76561198401795791: ESP target=RTrzr_Razzle:011285 position=<6803.911133, 14.972736, 11665.316406> action=delete
[COT 2023-5M-27 21:53:58] 76561198401795791: Spawned Entity RTrzr Winter (RTrzr_Winter<f25ca820>, -1, 6000) at <6811.089355, 15.012481, 11657.300781>
[COT 2023-5M-27 21:54:9s] 76561198401795791: ESP target=RTrzr_Winter:05979 position=<6811.092285, 14.972740, 11657.213867> action=delete
[COT 2023-5M-27 21:54:17] 76561198401795791: Spawned Entity RTrzr Black (RTrzr_Black<f25ca820>, -1, 6000) at <6807.398438, 15.012458, 11657.933594>
[COT 2023-5M-27 21:54:27] 76561198401795791: ESP target=RTrzr_Black:011855 position=<6807.407715, 14.972745, 11657.856445> action=delete
[COT 2023-5M-27 21:54:35] 76561198401795791: Spawned Entity RTrzr Woodland (RTrzr_Woodland<f25ca820>, -1, 6000) at <6811.111328, 15.012391, 11659.576172>
[COT 2023-5M-27 21:54:45] 76561198401795791: ESP target=RTrzr_Woodland:06205 position=<6811.115234, 14.972729, 11659.489258> action=delete
[COT 2023-5M-27 21:54:54] 76561198401795791: Spawned Entity RTrzr Eclipse (RTrzr_Eclipse<f25ca820>, -1, 6000) at <6807.022949, 15.012500, 11656.613281>
[COT 2023-5M-27 21:59:6s] 76561198401795791: ESP target=RTrzr_Eclipse:05932 position=<7563.503906, 36.199093, 11350.811523> action=delete
[COT 2023-5M-27 21:59:8s] 76561198040010982: Set GodMode To true [guid=8vtfObsTQABYXpVHaEsAuZ5QTEAjCvC2a-AZwd4E5dw=]
[COT 2023-5M-27 21:59:8s] 76561198040010982: Set GodMode To true [guid=8vtfObsTQABYXpVHaEsAuZ5QTEAjCvC2a-AZwd4E5dw=]
[COT 2023-5M-27 21:59:9s] 76561198040010982: Set cannot be targeted by AI to true [guid=8vtfObsTQABYXpVHaEsAuZ5QTEAjCvC2a-AZwd4E5dw=]
[COT 2023-5M-27 21:59:10] 76561198040010982: Set cannot be targeted by AI to true [guid=8vtfObsTQABYXpVHaEsAuZ5QTEAjCvC2a-AZwd4E5dw=]
[COT 2023-5M-27 21:59:36] 76561198401795791: Teleported to <4075.696533, 70.338829, 9221.015625> [guid=8vtfObsTQABYXpVHaEsAuZ5QTEAjCvC2a-AZwd4E5dw=]
[COT 2023-5M-27 21:59:52] 76561198040010982: Spawned Entity M1025 Wheel (Offroad_02_Wheel<f41e3190>, -1, 200) at <4075.403564, 70.327637, 9227.999023>
[COT 2023-5M-27 21:59:52] 76561198040010982: Spawned Entity M1025 Wheel (Offroad_02_Wheel<f41e3b20>, -1, 200) at <4075.403564, 70.688255, 9227.999023>
[COT 2023-5M-27 21:59:52] 76561198040010982: Spawned Entity M1025 Wheel (Offroad_02_Wheel<f41e44b0>, -1, 200) at <4075.403564, 71.048843, 9227.999023>
[COT 2023-5M-27 22:0m:43] 76561198040010982: Spawned Entity Glowplug (GlowPlug<f43fe7d0>, -1, 20) at <4081.765625, 70.331093, 9225.885742>
[COT 2023-5M-27 22:0m:43] 76561198040010982: Spawned Entity Glowplug (GlowPlug<f43f7ea0>, -1, 20) at <4081.765625, 70.331093, 9225.885742>
[COT 2023-5M-27 22:0m:48] 76561198040010982: Spawned Entity Car Battery (CarBattery<f44080d0>, 50, 200) at <4081.765625, 70.331093, 9225.885742>
[COT 2023-5M-27 22:0m:49] 76561198040010982: Spawned Entity Car Battery (CarBattery<f4408a60>, 50, 200) at <4081.765625, 70.331093, 9225.885742>
[COT 2023-5M-27 22:1m:0s] 76561198040010982: Spawned Entity Headlight Bulb (HeadlightH7<f44093f0>, -1, 10) at <4081.765625, 70.331093, 9225.885742>
[COT 2023-5M-27 22:1m:0s] 76561198040010982: Spawned Entity Headlight Bulb (HeadlightH7<f4402ac0>, -1, 10) at <4081.765625, 70.331093, 9225.885742>
[COT 2023-5M-27 22:1m:0s] 76561198040010982: Spawned Entity Headlight Bulb (HeadlightH7<f440ba30>, -1, 10) at <4081.765625, 70.331093, 9225.885742>
[COT 2023-5M-27 22:1m:13] 76561198040010982: Spawned Entity M1025 Trunk Door (Offroad_02_Trunk_Rust<f440fd20>, -1, 500) at <4081.765625, 70.331093, 9225.885742>
[COT 2023-5M-27 22:1m:18] 76561198040010982: Spawned Entity M1025 Trunk Door (Offroad_02_Trunk<f44106b0>, -1, 500) at <4081.762695, 70.617737, 9225.886719>
[COT 2023-5M-27 22:1m:19] 76561198040010982: Spawned Entity M1025 Hood (Offroad_02_Hood<f4415330>, -1, 500) at <4081.763428, 70.904388, 9225.883789>
[COT 2023-5M-27 22:1m:20] 76561198040010982: Spawned Entity M1025 Rear Right Door (Offroad_02_Door_2_2<f4413680>, -1, 500) at <4081.778809, 71.362747, 9225.884766>
[COT 2023-5M-27 22:1m:21] 76561198040010982: Spawned Entity M1025 Rear Left Door (Offroad_02_Door_1_2<f44119d0>, -1, 500) at <4081.668213, 71.743156, 9225.830078>
[COT 2023-5M-27 22:1m:22] 76561198040010982: Spawned Entity M1025 Front Right Door (Offroad_02_Door_2_1<f4412360>, -1, 500) at <4081.620117, 71.932442, 9225.802734>
[COT 2023-5M-27 22:1m:23] 76561198040010982: Spawned Entity M1025 Front Left Door (Offroad_02_Door_1_1<f4414010>, -1, 500) at <4081.588379, 72.312447, 9225.900391>
[COT 2023-5M-27 22:3m:29] 76561198040010982: Repaired Transport [guid=8vtfObsTQABYXpVHaEsAuZ5QTEAjCvC2a-AZwd4E5dw=]
[COT 2023-5M-27 22:3m:29] 76561198040010982: Repaired Transport [guid=8vtfObsTQABYXpVHaEsAuZ5QTEAjCvC2a-AZwd4E5dw=]
[COT 2023-5M-27 22:3m:30] 76561198040010982: Repaired Transport [guid=8vtfObsTQABYXpVHaEsAuZ5QTEAjCvC2a-AZwd4E5dw=]
[COT 2023-5M-27 22:3m:30] 76561198040010982: Repaired Transport [guid=8vtfObsTQABYXpVHaEsAuZ5QTEAjCvC2a-AZwd4E5dw=]
[COT 2023-5M-27 22:3m:58] 76561198401795791: ESP target=Offroad_02_Hood:07852 position=<4081.662598, 70.569275, 9222.338867> action=delete
[COT 2023-5M-27 22:4m:15] 76561198401795791: ESP target=HeadlightH7:011027 position=<4081.765625, 70.363411, 9225.885742> action=delete
[COT 2023-5M-27 22:4m:18] 76561198401795791: ESP target=Offroad_02_Door_1_1:06711 position=<4082.866943, 70.459282, 9224.292969> action=delete
[COT 2023-5M-27 22:4m:21] 76561198401795791: ESP target=CarBattery:09480 position=<4081.765625, 70.337746, 9225.885742> action=delete
[COT 2023-5M-27 22:4m:25] 76561198401795791: ESP target=GlowPlug:05197 position=<4081.765625, 70.344788, 9225.885742> action=delete
[COT 2023-5M-27 22:4m:28] 76561198401795791: ESP target=HeadlightH7:04785 position=<4081.765625, 70.365051, 9225.885742> action=delete
[COT 2023-5M-27 22:4m:31] 76561198401795791: ESP target=Offroad_02_Trunk:07474 position=<4081.762695, 70.807739, 9225.886719> action=delete
[COT 2023-5M-27 22:4m:33] 76561198401795791: ESP target=Offroad_02_Door_2_2:011831 position=<4078.080566, 70.601631, 9227.222656> action=delete
[COT 2023-5M-27 22:4m:38] 76561198401795791: ESP target=Offroad_02_Door_1_2:07759 position=<4076.960693, 70.462822, 9222.081055> action=delete
[COT 2023-5M-27 22:12:10] 76561199176957808: Set GodMode To true [guid=zhJxvJUIQcTeCgEZ3Xhlvc_WjNMgSdId2I-HV3Jo6tA=]
[COT 2023-5M-27 22:12:12] 76561199176957808: Set cannot be targeted by AI to true [guid=zhJxvJUIQcTeCgEZ3Xhlvc_WjNMgSdId2I-HV3Jo6tA=]
[COT 2023-5M-27 22:12:12] 76561199176957808: Set UnlimitedStamina To true [guid=zhJxvJUIQcTeCgEZ3Xhlvc_WjNMgSdId2I-HV3Jo6tA=]
[COT 2023-5M-27 22:12:13] 76561199176957808: Set UnlimitedAmmo To true [guid=zhJxvJUIQcTeCgEZ3Xhlvc_WjNMgSdId2I-HV3Jo6tA=]
[COT 2023-5M-27 22:12:17] 76561199176957808: Healed [guid=zhJxvJUIQcTeCgEZ3Xhlvc_WjNMgSdId2I-HV3Jo6tA=]
[COT 2023-5M-27 22:12:26] 76561199176957808: Teleported to <5617.413574, 31.191151, 9608.170898> [guid=QjlZXS0Ark29Vwx4GPzro34d4Mh-vfgK6BY62FOJWUg=]
[COT 2023-5M-27 22:13:22] 76561198401795791: Teleported [guid=QOVCOk5flZ8LlxY_vIXEUxFpj4R6rL-wr-TF8_b4xZo=] to <5937.378418, 7.711205, 9812.215820>
[COT 2023-5M-27 22:13:26] 76561198040010982: Repaired Transport [guid=8vtfObsTQABYXpVHaEsAuZ5QTEAjCvC2a-AZwd4E5dw=]
[COT 2023-5M-27 22:13:27] 76561198040010982: Repaired Transport [guid=8vtfObsTQABYXpVHaEsAuZ5QTEAjCvC2a-AZwd4E5dw=]
[COT 2023-5M-27 22:13:27] 76561198040010982: Repaired Transport [guid=8vtfObsTQABYXpVHaEsAuZ5QTEAjCvC2a-AZwd4E5dw=]
[COT 2023-5M-27 22:13:27] 76561198040010982: Repaired Transport [guid=8vtfObsTQABYXpVHaEsAuZ5QTEAjCvC2a-AZwd4E5dw=]
[COT 2023-5M-27 22:13:28] 76561198040010982: Repaired Transport [guid=8vtfObsTQABYXpVHaEsAuZ5QTEAjCvC2a-AZwd4E5dw=]
[COT 2023-5M-27 22:13:28] 76561198040010982: Repaired Transport [guid=8vtfObsTQABYXpVHaEsAuZ5QTEAjCvC2a-AZwd4E5dw=]
[COT 2023-5M-27 22:14:26] 76561198401795791: Set GodMode To true [guid=QOVCOk5flZ8LlxY_vIXEUxFpj4R6rL-wr-TF8_b4xZo=]
[COT 2023-5M-27 22:14:29] 76561198401795791: Set UnlimitedStamina To true [guid=QOVCOk5flZ8LlxY_vIXEUxFpj4R6rL-wr-TF8_b4xZo=]
[COT 2023-5M-27 22:14:29] 76561198401795791: Set cannot be targeted by AI to true [guid=QOVCOk5flZ8LlxY_vIXEUxFpj4R6rL-wr-TF8_b4xZo=]
[COT 2023-5M-27 22:15:40] 76561198401795791: Entered the Free Camera
[COT 2023-5M-27 22:17:2s] 76561199176957808: ESP: Viewing ESP
[COT 2023-5M-27 22:17:4s] 76561199176957808: ESP: Clearing ESP
[COT 2023-5M-27 22:19:2s] 76561198401795791: Left the Free Camera
[COT 2023-5M-27 22:19:12] 76561198401795791: Entered the Free Camera
[COT 2023-5M-27 22:19:16] 76561198401795791: Left the Free Camera
[COT 2023-5M-27 22:20:15] 76561198401795791: Entered the Free Camera
[COT 2023-5M-27 22:20:40] 76561198401795791: Left the Free Camera
[COT 2023-5M-27 22:20:44] 76561198040010982: Entered the Free Camera
[COT 2023-5M-27 22:21:30] 76561198040010982: Set rain to 0 0 0
[COT 2023-5M-27 22:21:30] 76561198040010982: Set storm to 0 0.8 4000
[COT 2023-5M-27 22:21:30] 76561198040010982: Set fog to 0 0 0
[COT 2023-5M-27 22:21:30] 76561198040010982: Set overcast to 0 0 0
[COT 2023-5M-27 22:21:30] 76561198040010982: Set wind to 0 0 1
[COT 2023-5M-27 22:22:50] 76561198040010982: Left the Free Camera
[COT 2023-5M-27 22:23:11] 76561198040010982: Repaired Transport [guid=8vtfObsTQABYXpVHaEsAuZ5QTEAjCvC2a-AZwd4E5dw=]
[COT 2023-5M-27 22:23:12] 76561198040010982: Repaired Transport [guid=8vtfObsTQABYXpVHaEsAuZ5QTEAjCvC2a-AZwd4E5dw=]
[COT 2023-5M-27 22:23:41] 76561198040010982: Repaired Transport [guid=8vtfObsTQABYXpVHaEsAuZ5QTEAjCvC2a-AZwd4E5dw=]
[COT 2023-5M-27 22:23:41] 76561198040010982: Repaired Transport [guid=8vtfObsTQABYXpVHaEsAuZ5QTEAjCvC2a-AZwd4E5dw=]
[COT 2023-5M-27 22:23:48] 76561198401795791: Set GodMode To true [guid=QjlZXS0Ark29Vwx4GPzro34d4Mh-vfgK6BY62FOJWUg=]
[COT 2023-5M-27 22:23:49] 76561198401795791: Set cannot be targeted by AI to true [guid=QjlZXS0Ark29Vwx4GPzro34d4Mh-vfgK6BY62FOJWUg=]
[COT 2023-5M-27 22:23:49] 76561198401795791: Set UnlimitedStamina To true [guid=QjlZXS0Ark29Vwx4GPzro34d4Mh-vfgK6BY62FOJWUg=]
[COT 2023-5M-27 22:23:50] 76561198401795791: Set UnlimitedAmmo To true [guid=QjlZXS0Ark29Vwx4GPzro34d4Mh-vfgK6BY62FOJWUg=]
[COT 2023-5M-27 22:24:1s] 76561198401795791: ESP: Viewing ESP
[COT 2023-5M-27 22:24:2s] 76561198040010982: Set Shock To 0 [guid=8vtfObsTQABYXpVHaEsAuZ5QTEAjCvC2a-AZwd4E5dw=]
[COT 2023-5M-27 22:24:22] 76561198040010982: Healed [guid=8vtfObsTQABYXpVHaEsAuZ5QTEAjCvC2a-AZwd4E5dw=]
[COT 2023-5M-27 22:24:22] 76561198040010982: Healed [guid=8vtfObsTQABYXpVHaEsAuZ5QTEAjCvC2a-AZwd4E5dw=]
[COT 2023-5M-27 22:24:55] 76561198401795791: ESP: Clearing ESP
[COT 2023-5M-27 22:25:0s] 76561198401795791: ESP: ESP updating
