[COT 2023-05-29 19:25:14] 76561199176957808: Set GodMode To true [guid=zhJxvJUIQcTeCgEZ3Xhlvc_WjNMgSdId2I-HV3Jo6tA=]
[COT 2023-05-29 19:25:16] 76561199176957808: Set cannot be targeted by AI to true [guid=zhJxvJUIQcTeCgEZ3Xhlvc_WjNMgSdId2I-HV3Jo6tA=]
[COT 2023-05-29 19:25:17] 76561199176957808: Set UnlimitedAmmo To true [guid=zhJxvJUIQcTeCgEZ3Xhlvc_WjNMgSdId2I-HV3Jo6tA=]
[COT 2023-05-29 19:25:18] 76561199176957808: Set UnlimitedStamina To true [guid=zhJxvJUIQcTeCgEZ3Xhlvc_WjNMgSdId2I-HV3Jo6tA=]
[COT 2023-05-29 19:25:18] 76561199176957808: Set cannot be targeted by AI to false [guid=zhJxvJUIQcTeCgEZ3Xhlvc_WjNMgSdId2I-HV3Jo6tA=]
[COT 2023-05-29 19:25:33] 76561198401795791: Spawned Entity Wood Floor Base (ExpansionFloorBase<c5ea48e0>, -1, 30000) at <5523.387207, 117.269791, 8184.334961>
[COT 2023-05-29 19:27:41] 76561198401795791: Spawned Entity Floor Kit (ExpansionFloorKit<c5ec9e40>, -1, 100) at <5520.793457, 117.404144, 8188.962402>
[COT 2023-05-29 19:27:41] 76561198401795791: Spawned Entity Floor Kit (ExpansionFloorKit<c5edbde0>, -1, 100) at <5520.793457, 117.404144, 8188.962402>
[COT 2023-05-29 19:27:41] 76561198401795791: Spawned Entity Floor Kit (ExpansionFloorKit<c5ed5a50>, -1, 100) at <5520.793457, 117.404144, 8188.962402>
[COT 2023-05-29 19:27:42] 76561198401795791: Spawned Entity Floor Kit (ExpansionFloorKit<c5edc8f0>, -1, 100) at <5520.793457, 117.404144, 8188.962402>
[COT 2023-05-29 19:27:42] 76561198401795791: Spawned Entity Floor Kit (ExpansionFloorKit<c5eddf10>, -1, 100) at <5520.793457, 117.404144, 8188.962402>
[COT 2023-05-29 19:27:42] 76561198401795791: Spawned Entity Floor Kit (ExpansionFloorKit<d1869e90>, -1, 100) at <5520.793457, 117.404144, 8188.962402>
[COT 2023-05-29 19:27:42] 76561198401795791: Spawned Entity Floor Kit (ExpansionFloorKit<d186a9a0>, -1, 100) at <5520.793457, 117.404144, 8188.962402>
[COT 2023-05-29 19:27:42] 76561198401795791: Spawned Entity Floor Kit (ExpansionFloorKit<d186f710>, -1, 100) at <5520.793457, 117.404144, 8188.962402>
[COT 2023-05-29 19:27:43] 76561198401795791: Spawned Entity Floor Kit (ExpansionFloorKit<d186bfc0>, -1, 100) at <5520.793457, 117.404144, 8188.962402>
[COT 2023-05-29 19:28:14] 76561198040010982: Spawned Entity Keys (ExpansionCarKey<d1870220>, -1, 100) at <6319.772949, 20.541842, 9494.262695>
[COT 2023-05-29 19:28:15] 76561198040010982: Spawned Entity Keys (ExpansionCarKey<d1872e60>, -1, 100) at <6319.772949, 20.541842, 9494.262695>
[COT 2023-05-29 19:29:05] 76561198040010982: Spawned Entity Key Grinder (ExpansionStaticKeyGrinder<d574eca0>, -1, 100) at <6319.451660, 20.543528, 9495.125000>
[COT 2023-05-29 19:30:04] 76561198040010982: Entered the Free Camera
[COT 2023-05-29 19:30:07] 76561198040010982: Left the Free Camera
[COT 2023-05-29 19:30:27] 76561198040010982: Entered the Free Camera
[COT 2023-05-29 19:30:31] 76561198040010982: Left the Free Camera
[COT 2023-05-29 19:31:05] 76561199176957808: Spawned Entity Hryvnia Banknotes Stack (ExpansionBanknoteHryvnia<d5778460>, 50000, 100) at <6300.618652, 20.692400, 9523.239258>
[COT 2023-05-29 19:31:05] 76561199176957808: Spawned Entity Hryvnia Banknotes Stack (ExpansionBanknoteHryvnia<d577a590>, 50000, 100) at <6300.618652, 20.692400, 9523.239258>
[COT 2023-05-29 19:31:06] 76561199176957808: Spawned Entity Hryvnia Banknotes Stack (ExpansionBanknoteHryvnia<d5782a50>, 50000, 100) at <6300.618652, 20.692400, 9523.239258>
[COT 2023-05-29 19:31:06] 76561199176957808: Spawned Entity Hryvnia Banknotes Stack (ExpansionBanknoteHryvnia<d5786cb0>, 50000, 100) at <6300.618652, 20.692400, 9523.239258>
[COT 2023-05-29 19:31:06] 76561199176957808: Spawned Entity Hryvnia Banknotes Stack (ExpansionBanknoteHryvnia<d5784070>, 50000, 100) at <6300.618652, 20.692400, 9523.239258>
[COT 2023-05-29 19:31:06] 76561199176957808: Spawned Entity Hryvnia Banknotes Stack (ExpansionBanknoteHryvnia<d5781430>, 50000, 100) at <6300.618652, 20.692400, 9523.239258>
[COT 2023-05-29 19:31:06] 76561199176957808: Spawned Entity Hryvnia Banknotes Stack (ExpansionBanknoteHryvnia<d57877c0>, 50000, 100) at <6300.618652, 20.692400, 9523.239258>
[COT 2023-05-29 19:31:06] 76561199176957808: Spawned Entity Hryvnia Banknotes Stack (ExpansionBanknoteHryvnia<d57882d0>, 50000, 100) at <6300.618652, 20.692400, 9523.239258>
[COT 2023-05-29 19:31:07] 76561199176957808: Spawned Entity Hryvnia Banknotes Stack (ExpansionBanknoteHryvnia<d5781f40>, 50000, 100) at <6300.618652, 20.692400, 9523.239258>
[COT 2023-05-29 19:31:07] 76561199176957808: Spawned Entity Hryvnia Banknotes Stack (ExpansionBanknoteHryvnia<d5784b80>, 50000, 100) at <6300.618652, 20.692400, 9523.239258>
[COT 2023-05-29 19:31:07] 76561199176957808: Spawned Entity Hryvnia Banknotes Stack (ExpansionBanknoteHryvnia<d5785690>, 50000, 100) at <6300.618652, 20.692400, 9523.239258>
[COT 2023-05-29 19:31:07] 76561199176957808: Spawned Entity Hryvnia Banknotes Stack (ExpansionBanknoteHryvnia<d57861a0>, 50000, 100) at <6300.618652, 20.692400, 9523.239258>
[COT 2023-05-29 19:31:08] 76561199176957808: Spawned Entity Hryvnia Banknotes Stack (ExpansionBanknoteHryvnia<d578af10>, 50000, 100) at <6300.618652, 20.692400, 9523.239258>
[COT 2023-05-29 19:31:08] 76561199176957808: Spawned Entity Hryvnia Banknotes Stack (ExpansionBanknoteHryvnia<d2f30ef0>, 50000, 100) at <6300.618652, 20.692400, 9523.239258>
[COT 2023-05-29 19:31:08] 76561199176957808: Spawned Entity Hryvnia Banknotes Stack (ExpansionBanknoteHryvnia<d2f33020>, 50000, 100) at <6300.618652, 20.692400, 9523.239258>
[COT 2023-05-29 19:31:08] 76561199176957808: Spawned Entity Hryvnia Banknotes Stack (ExpansionBanknoteHryvnia<d2f33b30>, 50000, 100) at <6300.618652, 20.692400, 9523.239258>
[COT 2023-05-29 19:31:08] 76561199176957808: Spawned Entity Hryvnia Banknotes Stack (ExpansionBanknoteHryvnia<d2f2d7a0>, 50000, 100) at <6300.618652, 20.692400, 9523.239258>
[COT 2023-05-29 19:31:08] 76561199176957808: Spawned Entity Hryvnia Banknotes Stack (ExpansionBanknoteHryvnia<d2f34640>, 50000, 100) at <6300.618652, 20.692400, 9523.239258>
[COT 2023-05-29 19:31:09] 76561199176957808: Spawned Entity Hryvnia Banknotes Stack (ExpansionBanknoteHryvnia<d2f3b4e0>, 50000, 100) at <6300.618652, 20.692400, 9523.239258>
[COT 2023-05-29 19:31:09] 76561199176957808: Spawned Entity Hryvnia Banknotes Stack (ExpansionBanknoteHryvnia<d2f3cb00>, 50000, 100) at <6300.618652, 20.692400, 9523.239258>
[COT 2023-05-29 19:31:09] 76561198040010982: Teleported to <5533.969238, 117.684593, 8191.509277> [guid=QOVCOk5flZ8LlxY_vIXEUxFpj4R6rL-wr-TF8_b4xZo=]
[COT 2023-05-29 19:31:13] 76561198401795791: Spawned Entity Admin Hammer (Hammer<d2f013a0>, -1, 100) at <5537.510742, 117.684532, 8189.902832>
[COT 2023-05-29 19:31:51] 76561199176957808: Spawned Entity Hryvnia Banknotes Stack (ExpansionBanknoteHryvnia<d2f76f40>, 50000, 100) at <6299.955078, 20.692516, 9522.982422>
[COT 2023-05-29 19:31:52] 76561199176957808: Spawned Entity Hryvnia Banknotes Stack (ExpansionBanknoteHryvnia<d2f72ce0>, 50000, 100) at <6299.955078, 20.692516, 9522.982422>
[COT 2023-05-29 19:31:52] 76561199176957808: Spawned Entity Hryvnia Banknotes Stack (ExpansionBanknoteHryvnia<d2f74e10>, 50000, 100) at <6299.955078, 20.692516, 9522.982422>
[COT 2023-05-29 19:31:52] 76561199176957808: Spawned Entity Hryvnia Banknotes Stack (ExpansionBanknoteHryvnia<d2f76430>, 50000, 100) at <6299.955078, 20.692516, 9522.982422>
[COT 2023-05-29 19:31:52] 76561199176957808: Spawned Entity Hryvnia Banknotes Stack (ExpansionBanknoteHryvnia<d2f737f0>, 50000, 100) at <6299.955078, 20.692516, 9522.982422>
[COT 2023-05-29 19:31:52] 76561199176957808: Spawned Entity Hryvnia Banknotes Stack (ExpansionBanknoteHryvnia<d2f70bb0>, 50000, 100) at <6299.955078, 20.692516, 9522.982422>
[COT 2023-05-29 19:32:16] 76561199176957808: Spawned Entity Hryvnia Banknotes Stack (ExpansionBanknoteHryvnia<d2f58880>, 50000, 100) at <6300.749023, 20.692400, 9522.748047>
[COT 2023-05-29 19:32:16] 76561199176957808: Spawned Entity Hryvnia Banknotes Stack (ExpansionBanknoteHryvnia<d2f60d40>, 50000, 100) at <6300.749023, 20.692400, 9522.748047>
[COT 2023-05-29 19:32:16] 76561199176957808: Spawned Entity Hryvnia Banknotes Stack (ExpansionBanknoteHryvnia<d2f64490>, 50000, 100) at <6300.749023, 20.692400, 9522.748047>
[COT 2023-05-29 19:34:44] 76561198401795791: ESP: ESP updating
[COT 2023-05-29 19:35:41] 76561198401795791: ESP target=ExpansionFloor6x6:08370 position=<5540.173828, 117.434486, 8194.456055> action=delete
[COT 2023-05-29 19:36:04] 76561198401795791: ESP: Clearing ESP
[COT 2023-05-29 19:36:06] 76561198040010982: Spawned Entity M72 LAW (ExpansionLAW<d309ec40>, -1, 100) at <5538.527832, 117.684578, 8184.846680>
[COT 2023-05-29 19:36:08] 76561198040010982: Spawned Entity M72 LAW Warhead (Ammunition_Base<d3f7a690>, 1, 100) at <5538.527832, 117.684578, 8184.846680>
[COT 2023-05-29 19:36:08] 76561198040010982: Spawned Entity M72 LAW Warhead (Ammunition_Base<d3f7dde0>, 1, 100) at <5538.527832, 117.684578, 8184.846680>
[COT 2023-05-29 19:36:08] 76561198040010982: Spawned Entity M72 LAW Warhead (Ammunition_Base<d3f7d2d0>, 1, 100) at <5538.527832, 117.684578, 8184.846680>
[COT 2023-05-29 19:36:08] 76561198040010982: Spawned Entity M72 LAW Warhead (Ammunition_Base<d3f7e8f0>, 1, 100) at <5538.527832, 117.684578, 8184.846680>
[COT 2023-05-29 19:36:33] 76561198930893538: Teleported to position <4522.165527, 14.611950, 11050.212891>
[COT 2023-05-29 19:37:34] 76561198040010982: Repaired Transport [guid=zhJxvJUIQcTeCgEZ3Xhlvc_WjNMgSdId2I-HV3Jo6tA=]
[COT 2023-05-29 19:37:34] 76561198040010982: Repaired Transport [guid=zhJxvJUIQcTeCgEZ3Xhlvc_WjNMgSdId2I-HV3Jo6tA=]
[COT 2023-05-29 19:37:58] 76561198401795791: Spawned Entity Floor Kit (ExpansionFloorKit<cb24ce70>, -1, 100) at <5531.553711, 117.684563, 8183.803711>
[COT 2023-05-29 19:37:58] 76561198401795791: Spawned Entity Floor Kit (ExpansionFloorKit<cb24d980>, -1, 100) at <5531.553711, 117.684563, 8183.803711>
[COT 2023-05-29 19:37:58] 76561198401795791: Spawned Entity Floor Kit (ExpansionFloorKit<cb2526f0>, -1, 100) at <5531.553711, 117.684563, 8183.803711>
[COT 2023-05-29 19:38:23] 76561198930893538: Teleported to <5534.105957, 117.684631, 8182.060547> [guid=QjlZXS0Ark29Vwx4GPzro34d4Mh-vfgK6BY62FOJWUg=]
[COT 2023-05-29 19:39:20] 76561198401795791: Spawned Entity Wall Kit (ExpansionWallKit<cf004bc0>, -1, 100) at <5527.455566, 117.684021, 8180.952637>
[COT 2023-05-29 19:39:20] 76561198401795791: Spawned Entity Wall Kit (ExpansionWallKit<cf0040b0>, -1, 100) at <5527.455566, 117.684021, 8180.952637>
[COT 2023-05-29 19:39:20] 76561198401795791: Spawned Entity Wall Kit (ExpansionWallKit<cf006cf0>, -1, 100) at <5527.455566, 117.684021, 8180.952637>
[COT 2023-05-29 19:39:21] 76561198401795791: Spawned Entity Wall Kit (ExpansionWallKit<cf0061e0>, -1, 100) at <5527.455566, 117.684021, 8180.952637>
[COT 2023-05-29 19:39:21] 76561198401795791: Spawned Entity Wall Kit (ExpansionWallKit<cf0035a0>, -1, 100) at <5527.455566, 117.684021, 8180.952637>
[COT 2023-05-29 19:39:21] 76561198401795791: Spawned Entity Wall Kit (ExpansionWallKit<cf009930>, -1, 100) at <5527.455566, 117.684021, 8180.952637>
[COT 2023-05-29 19:39:21] 76561198401795791: Spawned Entity Wall Kit (ExpansionWallKit<cf00af50>, -1, 100) at <5527.455566, 117.684021, 8180.952637>
[COT 2023-05-29 19:39:21] 76561198401795791: Spawned Entity Wall Kit (ExpansionWallKit<cf008e20>, -1, 100) at <5527.455566, 117.684021, 8180.952637>
[COT 2023-05-29 19:39:21] 76561198401795791: Spawned Entity Wall Kit (ExpansionWallKit<cf0107d0>, -1, 100) at <5527.455566, 117.684021, 8180.952637>
[COT 2023-05-29 19:39:22] 76561198401795791: Spawned Entity Wall Kit (ExpansionWallKit<cf00fcc0>, -1, 100) at <5527.455566, 117.684021, 8180.952637>
[COT 2023-05-29 19:39:22] 76561198401795791: Spawned Entity Wall Kit (ExpansionWallKit<cf0112e0>, -1, 100) at <5527.455566, 117.684021, 8180.952637>
[COT 2023-05-29 19:39:22] 76561198401795791: Spawned Entity Wall Kit (ExpansionWallKit<cf012900>, -1, 100) at <5527.455566, 117.684021, 8180.952637>
[COT 2023-05-29 19:39:22] 76561198401795791: Spawned Entity Wall Kit (ExpansionWallKit<cf00e6a0>, -1, 100) at <5527.455566, 117.684021, 8180.952637>
[COT 2023-05-29 19:39:22] 76561198401795791: Spawned Entity Wall Kit (ExpansionWallKit<cf00d080>, -1, 100) at <5527.455566, 117.684021, 8180.952637>
[COT 2023-05-29 19:40:04] 76561198040010982: Spawned Entity Large Safe (ExpansionSafeLarge<e1627400>, -1, 20000) at <5525.646484, 117.684196, 8185.000000>
[COT 2023-05-29 19:42:15] 76561198401795791: Spawned Entity Wall Kit (ExpansionWallKit<c2ddc880>, -1, 100) at <5535.652832, 117.684479, 8182.037109>
[COT 2023-05-29 19:42:15] 76561198401795791: Spawned Entity Wall Kit (ExpansionWallKit<c2de0ae0>, -1, 100) at <5535.652832, 117.684479, 8182.037109>
[COT 2023-05-29 19:42:15] 76561198401795791: Spawned Entity Wall Kit (ExpansionWallKit<c2ddffd0>, -1, 100) at <5535.652832, 117.684479, 8182.037109>
[COT 2023-05-29 19:42:16] 76561198401795791: Spawned Entity Wall Kit (ExpansionWallKit<c2de2c10>, -1, 100) at <5535.652832, 117.684479, 8182.037109>
[COT 2023-05-29 19:42:16] 76561198401795791: Spawned Entity Wall Kit (ExpansionWallKit<cf013f20>, -1, 100) at <5535.652832, 117.684479, 8182.037109>
[COT 2023-05-29 19:42:16] 76561198401795791: Spawned Entity Wall Kit (ExpansionWallKit<cefd7cb0>, -1, 100) at <5535.652832, 117.684479, 8182.037109>
[COT 2023-05-29 19:42:16] 76561198401795791: Spawned Entity Wall Kit (ExpansionWallKit<ceffbbf0>, -1, 100) at <5535.652832, 117.684479, 8182.037109>
[COT 2023-05-29 19:42:42] 76561199176957808: Teleported [guid=-G7h99lSZDcoLDkS_Pf_kTJ_FSRUsnlVGD6gnAZk71c=] to <4173.584473, 188.248886, 8857.902344>
[COT 2023-05-29 19:43:28] 76561199176957808: Spawned Entity 300AC Carbine M4-16in (SNAFU_M4300AC_16_GUN<9f714720>, -1, 200) at <4172.107910, 188.605637, 8861.205078>
[COT 2023-05-29 19:43:58] 76561199176957808: Spawned Entity Pegasus Tactical Backpack (AssaultBag_ColorBase<e2fb5ad0>, -1, 250) at <4172.107910, 188.605637, 8861.205078>
[COT 2023-05-29 19:44:17] 76561198040010982: Spawned Entity Flag Pole Kit (TerritoryFlagKit<e3068ec0>, -1, 200) at <5534.562500, 117.684669, 8184.542969>
[COT 2023-05-29 19:44:33] 76561199176957808: Spawned Entity 300AC 100RND BMag BK (SNAFU_BMAG300_Black<e30734b0>, 1, 100) at <4172.107910, 188.605637, 8861.205078>
[COT 2023-05-29 19:44:46] 76561198040010982: Spawned Entity GunMetal Axe (FirefighterAxe<e308ef30>, -1, 500) at <5534.730469, 117.684669, 8187.921387>
[COT 2023-05-29 19:44:58] 76561199176957808: Spawned Entity 300AC 100RND BMag BK (SNAFU_BMAG300_Black<e3092680>, 1, 100) at <4172.107910, 188.605637, 8861.205078>
[COT 2023-05-29 19:44:58] 76561199176957808: Spawned Entity 300AC 100RND BMag BK (SNAFU_BMAG300_Black<e3093190>, 1, 100) at <4172.107910, 188.605637, 8861.205078>
[COT 2023-05-29 19:45:04] 76561198040010982: Spawned Entity Satchel Charge (ExpansionExplosive<e309d780>, -1, 100) at <5540.944824, 117.675697, 8193.793945>
[COT 2023-05-29 19:45:43] 76561199176957808: Spawned Entity Handguard for AR-15 IPSC (MSFC_Handguard_Tactical_AR15<cc8acfe0>, -1, 200) at <4172.107910, 188.605637, 8861.205078>
[COT 2023-05-29 19:45:54] 76561199176957808: Spawned Entity M4 MOE Stock. (SNAFU_MOE_Stock<cc8afc20>, -1, 200) at <4172.107910, 188.605637, 8861.205078>
[COT 2023-05-29 19:46:06] 76561198040010982: Spawned Entity Code Lock (ExpansionCodeLock<6cdee5a0>, -1, 100) at <5525.433594, 117.684196, 8177.265625>
[COT 2023-05-29 19:46:06] 76561198040010982: Spawned Entity Code Lock (ExpansionCodeLock<6cdefbc0>, -1, 100) at <5525.433594, 117.684196, 8177.265625>
[COT 2023-05-29 19:46:21] 76561198040010982: Entered the Free Camera
[COT 2023-05-29 19:46:28] 76561198040010982: Left the Free Camera
[COT 2023-05-29 19:46:28] 76561198401795791: ESP: Viewing ESP
[COT 2023-05-29 19:46:33] 76561198930893538: Spawned Entity Stair Kit (ExpansionStairKit<5900c2d0>, -1, 100) at <5521.123047, 117.150139, 8178.248047>
[COT 2023-05-29 19:46:42] 76561198401795791: ESP target=ExpansionWallKit:011540 position=<5531.878906, 117.773346, 8184.402344> action=delete
[COT 2023-05-29 19:46:44] 76561198401795791: ESP target=ExpansionWallKit:011564 position=<5531.878906, 117.757545, 8184.402344> action=delete
[COT 2023-05-29 19:46:46] 76561198401795791: ESP target=ExpansionWallKit:013053 position=<5531.878906, 117.757545, 8184.402344> action=delete
[COT 2023-05-29 19:46:48] 76561198401795791: ESP target=ExpansionWallKit:013049 position=<5531.878906, 117.773346, 8184.402344> action=delete
[COT 2023-05-29 19:46:50] 76561198401795791: ESP target=ExpansionWallKit:09521 position=<5531.878906, 117.757545, 8184.402344> action=delete
[COT 2023-05-29 19:46:52] 76561198401795791: ESP target=ExpansionWallKit:012091 position=<5531.878906, 117.757545, 8184.402344> action=delete
[COT 2023-05-29 19:46:55] 76561198401795791: ESP target=ExpansionWallKit:011384 position=<5531.878906, 117.773346, 8184.402344> action=delete
[COT 2023-05-29 19:46:57] 76561198401795791: ESP target=ExpansionWallKit:08155 position=<5531.878906, 117.757545, 8184.402344> action=delete
[COT 2023-05-29 19:46:58] 76561198930893538: Spawned Entity Ramp Kit (ExpansionRampKit<6d51b7d0>, -1, 100) at <5515.469727, 117.258179, 8177.126465>
[COT 2023-05-29 19:46:59] 76561198401795791: ESP target=ExpansionWallKit:012696 position=<5531.878906, 117.757545, 8184.402344> action=delete
[COT 2023-05-29 19:47:03] 76561198401795791: ESP target=ExpansionWallKit:08191 position=<5531.878906, 117.757545, 8184.402344> action=delete
[COT 2023-05-29 19:47:26] 76561198401795791: Spawned Entity Roof Kit (ExpansionRoofKit<d3f43190>, -1, 100) at <5530.943359, 117.684669, 8185.467285>
[COT 2023-05-29 19:47:26] 76561198401795791: Spawned Entity Roof Kit (ExpansionRoofKit<d3f43ca0>, -1, 100) at <5530.943359, 117.684669, 8185.467285>
[COT 2023-05-29 19:47:26] 76561198401795791: Spawned Entity Roof Kit (ExpansionRoofKit<d3f4f8b0>, -1, 100) at <5530.943359, 117.684669, 8185.467285>
[COT 2023-05-29 19:47:26] 76561198401795791: Spawned Entity Roof Kit (ExpansionRoofKit<d3f50ed0>, -1, 100) at <5530.943359, 117.684669, 8185.467285>
[COT 2023-05-29 19:47:27] 76561198401795791: Spawned Entity Roof Kit (ExpansionRoofKit<d3f524f0>, -1, 100) at <5530.943359, 117.684669, 8185.467285>
[COT 2023-05-29 19:47:27] 76561198401795791: Spawned Entity Roof Kit (ExpansionRoofKit<d3f53000>, -1, 100) at <5530.943359, 117.684669, 8185.467285>
[COT 2023-05-29 19:47:27] 76561198040010982: Spawned Entity Ramp Kit (ExpansionRampKit<d3f53b10>, -1, 100) at <5520.467285, 117.263298, 8182.062500>
[COT 2023-05-29 19:47:27] 76561198401795791: Spawned Entity Roof Kit (ExpansionRoofKit<d3f54620>, -1, 100) at <5530.943359, 117.684669, 8185.467285>
[COT 2023-05-29 19:47:27] 76561198040010982: Spawned Entity Ramp Kit (ExpansionRampKit<d3f55130>, -1, 100) at <5520.467285, 117.263298, 8182.062500>
[COT 2023-05-29 19:47:27] 76561198401795791: Spawned Entity Roof Kit (ExpansionRoofKit<d3f6d460>, -1, 100) at <5530.943359, 117.684669, 8185.467285>
[COT 2023-05-29 19:47:28] 76561198401795791: Spawned Entity Roof Kit (ExpansionRoofKit<d3f74300>, -1, 100) at <5530.943359, 117.684669, 8185.467285>
[COT 2023-05-29 19:47:28] 76561198401795791: Spawned Entity Roof Kit (ExpansionRoofKit<d3f75920>, -1, 100) at <5530.943359, 117.684669, 8185.467285>
[COT 2023-05-29 19:47:28] 76561198401795791: Spawned Entity Roof Kit (ExpansionRoofKit<d3f7dde0>, -1, 100) at <5530.943359, 117.684669, 8185.467285>
[COT 2023-05-29 19:47:51] 76561198040010982: Spawned Entity Stair Kit (ExpansionStairKit<e218a890>, -1, 100) at <5518.563965, 117.335945, 8183.836426>
[COT 2023-05-29 19:47:51] 76561198040010982: Spawned Entity Stair Kit (ExpansionStairKit<e2184500>, -1, 100) at <5518.563965, 117.335945, 8183.836426>
[COT 2023-05-29 19:47:51] 76561198040010982: Spawned Entity Stair Kit (ExpansionStairKit<e2185b20>, -1, 100) at <5518.563965, 117.335945, 8183.836426>
[COT 2023-05-29 19:48:25] 76561199176957808: ESP: Clearing ESP
[COT 2023-05-29 19:48:28] 76561199176957808: ESP: Viewing ESP
[COT 2023-05-29 19:48:31] 76561199176957808: ESP index=0 target=SNAFU_BMAG300_Black:011769 position=<4173.857910, 188.418854, 8862.431641> action=delete
[COT 2023-05-29 19:48:31] 76561199176957808: ESP index=1 target=SNAFU_KAC_Mag:012697 position=<4173.857910, 188.318237, 8862.431641> action=delete
[COT 2023-05-29 19:48:31] 76561199176957808: ESP action=delete_all count=2 attempted=2
[COT 2023-05-29 19:48:34] 76561199176957808: ESP index=0 target=SNAFU_BMAG300_Black:012765 position=<4173.857910, 188.418274, 8862.431641> action=delete
[COT 2023-05-29 19:48:34] 76561199176957808: ESP index=1 target=SNAFU_M4300AC_16_GUN:09972 position=<4173.857910, 188.340927, 8862.431641> action=delete
[COT 2023-05-29 19:48:34] 76561199176957808: ESP action=delete_all count=2 attempted=2
[COT 2023-05-29 19:49:10] 76561199176957808: Spawned Entity Tango6T Black 6X (SNAFU_Tango6T_Base<591ad490>, -1, 150) at <4170.595703, 188.899719, 8861.964844>
[COT 2023-05-29 19:49:22] 76561198040010982: ESP: Viewing ESP
[COT 2023-05-29 19:49:26] 76561198040010982: ESP index=0 target=ExpansionWall6x3:010377 position=<5523.158691, 117.434486, 8178.347168> action=delete
[COT 2023-05-29 19:49:26] 76561198040010982: ESP action=delete_all count=1 attempted=1
[COT 2023-05-29 19:49:31] 76561199176957808: Spawned Entity SNAFU Scar-H Snow (Snafu_ScarH_Snow_GUN<d30aa130>, -1, 200) at <4170.595703, 188.899719, 8861.964844>
[COT 2023-05-29 19:50:08] 76561199176957808: Spawned Entity AK Platform Suppressor Black (SNAFU_Normalized_Suppressor_Black<e3688c10>, -1, 20) at <4170.595703, 188.899719, 8861.964844>
[COT 2023-05-29 19:50:31] 76561199176957808: Spawned Entity Legion AK Platform Suppressor Black (SNAFU_LNormalized_Suppressor_Black<e36a0430>, -1, 20) at <4170.595703, 188.899719, 8861.964844>
[COT 2023-05-29 19:51:28] 76561198040010982: ESP: Clearing ESP
[COT 2023-05-29 19:52:28] 76561198401795791: ESP: Clearing ESP
[COT 2023-05-29 19:53:30] 76561199176957808: Spawned Entity Universal Legion BK SUP (SNAFU_LStandardized_Suppressor_Black<d6c64070>, -1, 20) at <4169.967285, 189.011902, 8863.266602>
[COT 2023-05-29 19:53:36] 76561198040010982: Set GodMode To true [guid=8vtfObsTQABYXpVHaEsAuZ5QTEAjCvC2a-AZwd4E5dw=]
[COT 2023-05-29 19:53:37] 76561198040010982: Set Invisibility To 1 [guid=8vtfObsTQABYXpVHaEsAuZ5QTEAjCvC2a-AZwd4E5dw=]
[COT 2023-05-29 19:53:37] 76561198040010982: Set cannot be targeted by AI to true [guid=8vtfObsTQABYXpVHaEsAuZ5QTEAjCvC2a-AZwd4E5dw=]
[COT 2023-05-29 19:53:39] 76561198040010982: Set UnlimitedStamina To true [guid=8vtfObsTQABYXpVHaEsAuZ5QTEAjCvC2a-AZwd4E5dw=]
[COT 2023-05-29 19:53:40] 76561198040010982: Set UnlimitedStamina To false [guid=8vtfObsTQABYXpVHaEsAuZ5QTEAjCvC2a-AZwd4E5dw=]
[COT 2023-05-29 19:53:43] 76561198040010982: Set remove collision to false [guid=8vtfObsTQABYXpVHaEsAuZ5QTEAjCvC2a-AZwd4E5dw=]
[COT 2023-05-29 19:53:44] 76561198040010982: Set remove collision to true [guid=8vtfObsTQABYXpVHaEsAuZ5QTEAjCvC2a-AZwd4E5dw=]
[COT 2023-05-29 19:53:46] 76561198040010982: Healed [guid=8vtfObsTQABYXpVHaEsAuZ5QTEAjCvC2a-AZwd4E5dw=]
[COT 2023-05-29 19:54:57] 76561198401795791: ESP: Viewing ESP
[COT 2023-05-29 19:55:07] 76561198401795791: ESP target=ExpansionRoofKit:012539 position=<5526.849121, 117.757072, 8183.953613> action=delete
[COT 2023-05-29 19:55:14] 76561198401795791: ESP target=ExpansionRoofKit:013123 position=<5527.548828, 117.757072, 8189.916992> action=delete
[COT 2023-05-29 19:55:21] 76561198401795791: ESP target=ExpansionRoofKit:013245 position=<5526.131836, 117.772873, 8177.993164> action=delete
[COT 2023-05-29 19:55:33] 76561198401795791: ESP target=ExpansionRoofKit:011383 position=<5538.759766, 117.773346, 8182.545898> action=delete
[COT 2023-05-29 19:55:36] 76561198401795791: ESP target=ExpansionWallKit:013189 position=<5540.738281, 117.773346, 8182.303711> action=delete
[COT 2023-05-29 19:55:51] 76561199176957808: Spawned Entity Quilted Jacket (QuiltedJacket_Black<696955c0>, -1, 90) at <4171.165527, 188.745850, 8859.732422>
[COT 2023-05-29 19:56:02] 76561199176957808: Spawned Entity JPC Vest (PlateCarrierVest<69690850>, -1, 350) at <4171.165527, 188.745850, 8859.732422>
[COT 2023-05-29 19:56:27] 76561198401795791: ESP index=0 target=ExpansionWallKit:012304 position=<5541.444824, 117.773346, 8188.261719> action=delete
[COT 2023-05-29 19:56:27] 76561198401795791: ESP index=1 target=ExpansionWallKit:06142 position=<5539.703613, 117.773346, 8190.475586> action=delete
[COT 2023-05-29 19:56:27] 76561198401795791: ESP index=2 target=ExpansionWallKit:012488 position=<5536.192871, 117.773346, 8194.925781> action=delete
[COT 2023-05-29 19:56:27] 76561198401795791: ESP index=3 target=ExpansionWallKit:010891 position=<5534.451660, 117.773346, 8197.139648> action=delete
[COT 2023-05-29 19:56:27] 76561198401795791: ESP index=4 target=ExpansionWallKit:05273 position=<5522.534668, 117.757545, 8198.553711> action=delete
[COT 2023-05-29 19:56:27] 76561198401795791: ESP index=5 target=ExpansionWallKit:08417 position=<5528.493164, 117.757072, 8197.846680> action=delete
[COT 2023-05-29 19:56:27] 76561198401795791: ESP index=6 target=ExpansionRoofKit:013121 position=<5522.304199, 117.757545, 8196.577148> action=delete
[COT 2023-05-29 19:56:27] 76561198401795791: ESP index=7 target=ExpansionWallKit:012527 position=<5520.320801, 117.773346, 8196.812500> action=delete
[COT 2023-05-29 19:56:27] 76561198401795791: ESP index=8 target=ExpansionWallKit:011776 position=<5537.818359, 117.758018, 8174.604004> action=delete
[COT 2023-05-29 19:56:27] 76561198401795791: ESP index=9 target=ExpansionWallKit:012804 position=<5540.032227, 117.758018, 8176.345703> action=delete
[COT 2023-05-29 19:56:27] 76561198401795791: ESP index=10 target=LongWoodenStick:012072 position=<5537.078125, 117.705811, 8179.718262> action=delete
[COT 2023-05-29 19:56:27] 76561198401795791: ESP index=11 target=ExpansionRoofKit:05427 position=<5538.047852, 117.758018, 8176.580078> action=delete
[COT 2023-05-29 19:56:27] 76561198401795791: ESP index=12 target=ExpansionRoofKit:07535 position=<5539.461426, 117.757545, 8188.497559> action=delete
[COT 2023-05-29 19:56:27] 76561198401795791: ESP index=13 target=ExpansionRoofKit:013131 position=<5528.257813, 117.757072, 8195.863281> action=delete
[COT 2023-05-29 19:56:27] 76561198401795791: ESP index=14 target=ExpansionRoofKit:05119 position=<5534.216797, 117.773346, 8195.156250> action=delete
[COT 2023-05-29 19:56:27] 76561198401795791: ESP action=delete_all count=15 attempted=15
[COT 2023-05-29 19:56:28] 76561199176957808: Spawned Entity Holster (PlateCarrierHolster<c5ebcc10>, -1, 100) at <4171.165527, 188.745850, 8859.732422>
[COT 2023-05-29 19:56:30] 76561198401795791: ESP index=0 target=ExpansionFloorKit:010972 position=<5522.292480, 117.542938, 8196.575195> action=delete
[COT 2023-05-29 19:56:30] 76561198401795791: ESP action=delete_all count=1 attempted=1
[COT 2023-05-29 19:56:57] 76561199176957808: Healed [guid=-G7h99lSZDcoLDkS_Pf_kTJ_FSRUsnlVGD6gnAZk71c=]
[COT 2023-05-29 19:57:06] 76561198401795791: ESP index=0 target=ExpansionStairKit:011156 position=<5522.108887, 117.301636, 8182.246582> action=delete
[COT 2023-05-29 19:57:06] 76561198401795791: ESP index=1 target=ExpansionStairKit:013246 position=<5518.563965, 117.409004, 8183.836426> action=delete
[COT 2023-05-29 19:57:06] 76561198401795791: ESP index=2 target=ExpansionRoofKit:012209 position=<5521.597168, 119.283867, 8190.618652> action=delete
[COT 2023-05-29 19:57:06] 76561198401795791: ESP index=3 target=ExpansionFloorKit:08038 position=<5534.221191, 117.580299, 8195.163086> action=delete
[COT 2023-05-29 19:57:06] 76561198401795791: ESP index=4 target=ExpansionFloorKit:05127 position=<5539.473145, 117.550438, 8188.499023> action=delete
[COT 2023-05-29 19:57:06] 76561198401795791: ESP index=5 target=ExpansionFloorKit:05467 position=<5538.766602, 117.351471, 8182.541016> action=delete
[COT 2023-05-29 19:57:06] 76561198401795791: ESP index=6 target=ExpansionFloorKit:05345 position=<5533.514648, 117.453690, 8189.205566> action=delete
[COT 2023-05-29 19:57:06] 76561198401795791: ESP index=7 target=ExpansionFloorKit:06618 position=<5532.808105, 117.285988, 8183.247559> action=delete
[COT 2023-05-29 19:57:06] 76561198401795791: ESP index=8 target=ExpansionFloorKit:011436 position=<5527.551270, 117.417557, 8189.905273> action=delete
[COT 2023-05-29 19:57:06] 76561198401795791: ESP index=9 target=ExpansionFloorKit:05212 position=<5526.844727, 117.289032, 8183.946777> action=delete
[COT 2023-05-29 19:57:06] 76561198401795791: ESP index=10 target=ExpansionRampKit:08042 position=<5520.467285, 117.352158, 8182.062500> action=delete
[COT 2023-05-29 19:57:06] 76561198401795791: ESP index=11 target=ExpansionFloorKit:09963 position=<5528.257813, 117.507111, 8195.863281> action=delete
[COT 2023-05-29 19:57:06] 76561198401795791: ESP index=12 target=ExpansionFloorKit:05887 position=<5521.590820, 117.492928, 8190.623535> action=delete
[COT 2023-05-29 19:57:06] 76561198401795791: ESP index=13 target=ExpansionFloorKit:011471 position=<5526.136719, 117.144409, 8178.000000> action=delete
[COT 2023-05-29 19:57:06] 76561198401795791: ESP index=14 target=ExpansionFloorKit:09753 position=<5532.094727, 117.086189, 8177.293945> action=delete
[COT 2023-05-29 19:57:06] 76561198401795791: ESP index=15 target=ExpansionFloorKit:08885 position=<5538.053223, 117.087059, 8176.587402> action=delete
[COT 2023-05-29 19:57:06] 76561198401795791: ESP index=16 target=LongWoodenStick:05588 position=<5537.958008, 117.120361, 8178.942871> action=delete
[COT 2023-05-29 19:57:06] 76561198401795791: ESP index=17 target=LongWoodenStick:011387 position=<5537.078125, 117.705811, 8179.718262> action=delete
[COT 2023-05-29 19:57:06] 76561198401795791: ESP index=18 target=ExpansionRampKit:012541 position=<5515.469727, 117.334366, 8177.126465> action=delete
[COT 2023-05-29 19:57:06] 76561198401795791: ESP index=19 target=ExpansionFloorKit:08323 position=<5521.179199, 117.432014, 8186.726074> action=delete
[COT 2023-05-29 19:57:06] 76561198401795791: ESP index=20 target=ExpansionRoofKit:04724 position=<5532.089844, 117.758018, 8177.286621> action=delete
[COT 2023-05-29 19:57:06] 76561198401795791: ESP action=delete_all count=21 attempted=21
[COT 2023-05-29 19:57:11] 76561198401795791: ESP index=0 target=ExpansionFloorKit:08525 position=<5521.179199, 117.432014, 8186.726074> action=delete
[COT 2023-05-29 19:57:11] 76561198401795791: ESP action=delete_all count=1 attempted=1
[COT 2023-05-29 19:57:13] 76561198401795791: ESP index=0 target=ExpansionFloorKit:08510 position=<5521.179199, 117.447815, 8186.726074> action=delete
[COT 2023-05-29 19:57:13] 76561198401795791: ESP action=delete_all count=1 attempted=1
[COT 2023-05-29 19:57:15] 76561198401795791: ESP index=0 target=ExpansionFloorKit:08125 position=<5521.179199, 117.432014, 8186.726074> action=delete
[COT 2023-05-29 19:57:15] 76561198401795791: ESP action=delete_all count=1 attempted=1
[COT 2023-05-29 19:57:17] 76561198401795791: ESP index=0 target=ExpansionRampKit:011927 position=<5518.563965, 117.396362, 8183.836426> action=delete
[COT 2023-05-29 19:57:17] 76561198401795791: ESP action=delete_all count=1 attempted=1
[COT 2023-05-29 19:57:20] 76561198401795791: ESP index=0 target=LongWoodenStick:011888 position=<5537.958008, 117.114967, 8178.942871> action=delete
[COT 2023-05-29 19:57:20] 76561198401795791: ESP action=delete_all count=1 attempted=1
[COT 2023-05-29 19:57:30] 76561199176957808: Spawned Entity G3 pants (USMCPants_ColorBase<d575b3c0>, -1, 250) at <4171.165527, 188.745850, 8859.732422>
[COT 2023-05-29 19:57:52] 76561199176957808: Spawned Entity Tactical Gloves (TacticalGloves_Black<67e14730>, -1, 165) at <4171.165527, 188.745850, 8859.732422>
[COT 2023-05-29 19:57:57] 76561198930893538: ESP: Viewing ESP
[COT 2023-05-29 19:58:00] 76561198930893538: ESP index=0 target=ExpansionStairS1_5x3x3:09675 position=<5521.668945, 117.433777, 8178.523438> action=delete
[COT 2023-05-29 19:58:00] 76561198930893538: ESP action=delete_all count=1 attempted=1
[COT 2023-05-29 19:58:04] 76561199176957808: Spawned Entity Assault Boots (MilitaryBoots_Black<67e22470>, -1, 180) at <4171.165527, 188.745850, 8859.732422>
[COT 2023-05-29 19:58:05] 76561198930893538: ESP: Clearing ESP
[COT 2023-05-29 19:58:08] 76561198930893538: ESP: Viewing ESP
[COT 2023-05-29 19:58:12] 76561198401795791: Spawned Entity Floor Kit (ExpansionFloorKit<666b4ce0>, -1, 100) at <5518.958496, 117.127930, 8175.752930>
[COT 2023-05-29 19:58:33] 76561199176957808: Spawned Entity Tactical Helmet (Mich2001Helmet<69598920>, -1, 80) at <4171.165527, 188.745850, 8859.732422>
[COT 2023-05-29 19:58:44] 76561199176957808: Spawned Entity Night Vision Goggles (NVGoggles<cb9e4df0>, -1, 250) at <4171.165527, 188.745850, 8859.732422>
[COT 2023-05-29 19:58:51] 76561199176957808: Spawned Entity 9V Battery (Battery9V<69599f40>, 50, 20) at <4171.165527, 188.745850, 8859.732422>
[COT 2023-05-29 19:58:52] 76561199176957808: Spawned Entity 9V Battery (Battery9V<695a2400>, 50, 20) at <4171.165527, 188.745850, 8859.732422>
[COT 2023-05-29 19:59:00] 76561199176957808: Spawned Entity Universal Flashlight (UniversalLight<692cfdf0>, -1, 70) at <4171.165527, 188.745850, 8859.732422>
[COT 2023-05-29 19:59:19] 76561199176957808: Spawned Entity 9V Battery (Battery9V<63c7e590>, 50, 20) at <4170.371094, 188.910873, 8860.465820>
[COT 2023-05-29 19:59:24] 76561198401795791: Spawned Entity Floor Kit (ExpansionFloorKit<63c81ce0>, -1, 100) at <5528.001953, 116.531296, 8166.647949>
[COT 2023-05-29 19:59:24] 76561198401795791: Spawned Entity Floor Kit (ExpansionFloorKit<63c7f0a0>, -1, 100) at <5528.001953, 116.531296, 8166.647949>
[COT 2023-05-29 19:59:53] 76561199176957808: ESP: Clearing ESP
[COT 2023-05-29 19:59:57] 76561199176957808: ESP index=0 target=CanvasPantsMidi_Grey:04884 position=<4172.420898, 188.493958, 8859.595703> action=delete
[COT 2023-05-29 19:59:57] 76561199176957808: ESP index=1 target=TaloonBag_Orange:05658 position=<4172.372070, 188.681686, 8862.942383> action=delete
[COT 2023-05-29 19:59:57] 76561199176957808: ESP index=2 target=TShirt_Grey:06761 position=<4172.879395, 188.422577, 8860.184570> action=delete
[COT 2023-05-29 19:59:57] 76561199176957808: ESP index=3 target=Wellies_Green:011519 position=<4173.819336, 188.264374, 8860.648438> action=delete
[COT 2023-05-29 19:59:57] 76561199176957808: ESP action=delete_all count=4 attempted=4
[COT 2023-05-29 19:59:59] 76561199176957808: ESP: ESP updating
[COT 2023-05-29 20:00:00] 76561199176957808: ESP: Clearing ESP
[COT 2023-05-29 20:00:24] 76561199176957808: ESP: Viewing ESP
[COT 2023-05-29 20:00:26] 76561199176957808: ESP: Clearing ESP
[COT 2023-05-29 20:00:28] 76561199176957808: ESP: Viewing ESP
[COT 2023-05-29 20:01:43] 76561198930893538: Spawned Entity  (land_misc_barel_fire_1<7e2d6cc0>, -1, 0) at <5539.029297, 116.250465, 8166.077637>
[COT 2023-05-29 20:02:07] 76561198401795791: Spawned Entity Fire Barrel (BarrelHoles_Red<d647d900>, -1, 900) at <5530.912598, 117.724449, 8180.468262>
[COT 2023-05-29 20:04:50] 76561198401795791: ESP target=ExpansionFloorKit:06961 position=<5531.384277, 116.792068, 8171.329590> action=delete
[COT 2023-05-29 20:04:53] 76561198401795791: ESP target=LongWoodenStick:012692 position=<5537.909180, 116.401787, 8169.489258> action=delete
[COT 2023-05-29 20:04:55] 76561198401795791: ESP target=LongWoodenStick:06960 position=<5537.909180, 116.401787, 8169.489258> action=delete
[COT 2023-05-29 20:04:57] 76561198401795791: ESP target=FireplaceIndoor:09910 position=<5539.040039, 116.440216, 8166.072266> action=delete
[COT 2023-05-29 20:05:02] 76561198401795791: ESP target=ExpansionFloorKit:09907 position=<5525.432617, 116.954529, 8172.030273> action=delete
[COT 2023-05-29 20:05:14] 76561198401795791: ESP: Clearing ESP
[COT 2023-05-29 20:05:28] 76561198401795791: Spawned Entity Wall Kit (ExpansionWallKit<66109f00>, -1, 100) at <5533.481445, 117.685120, 8179.050781>
[COT 2023-05-29 20:06:02] 76561198401795791: ESP: Viewing ESP
[COT 2023-05-29 20:06:10] 76561198401795791: ESP target=ExpansionWall6x3:013080 position=<5531.742676, 117.434959, 8174.309082> action=delete
[COT 2023-05-29 20:06:32] 76561198401795791: ESP: Clearing ESP
[COT 2023-05-29 20:06:45] 76561198401795791: Spawned Entity Floor Kit (ExpansionFloorKit<66122d40>, -1, 100) at <5531.578125, 117.685081, 8171.976074>
[COT 2023-05-29 20:07:58] 76561198401795791: ESP: Viewing ESP
[COT 2023-05-29 20:08:03] 76561198401795791: ESP target=ExpansionStairS1_5x3x3:09781 position=<5522.109375, 117.437241, 8182.248047> action=delete
[COT 2023-05-29 20:08:09] 76561198401795791: ESP: Clearing ESP
[COT 2023-05-29 20:08:25] 76561198401795791: Spawned Entity Stair Kit (ExpansionStairKit<6938dc40>, -1, 100) at <5527.279297, 116.269707, 8162.500977>
[COT 2023-05-29 20:09:23] 76561198401795791: ESP: Viewing ESP
[COT 2023-05-29 20:09:27] 76561198401795791: ESP target=ExpansionStairS1_5x3x3:04970 position=<5533.094727, 114.434959, 8166.596680> action=delete
[COT 2023-05-29 20:09:35] 76561198401795791: ESP: Clearing ESP
[COT 2023-05-29 20:09:55] 76561198401795791: Spawned Entity Wood Ramp Base (ExpansionRampBase<6d3ca400>, -1, 30000) at <5529.197266, 116.268326, 8163.506836>
[COT 2023-05-29 20:09:58] 76561199176957808: ESP: Clearing ESP
[COT 2023-05-29 20:10:03] 76561199176957808: ESP: ESP updating
[COT 2023-05-29 20:10:07] 76561198401795791: ESP: Viewing ESP
[COT 2023-05-29 20:10:12] 76561198401795791: ESP target=ExpansionRamp6x1_5x6:08072 position=<5529.197266, 117.768326, 8163.506836> action=delete
[COT 2023-05-29 20:10:22] 76561199176957808: ESP: Clearing ESP
[COT 2023-05-29 20:10:31] 76561198401795791: Spawned Entity Ramp Kit (ExpansionRampKit<6d3c61a0>, -1, 100) at <5533.738281, 116.227676, 8163.838867>
[COT 2023-05-29 20:10:45] 76561199176957808: Healed [guid=-G7h99lSZDcoLDkS_Pf_kTJ_FSRUsnlVGD6gnAZk71c=]
[COT 2023-05-29 20:10:46] 76561199176957808: Dried [guid=-G7h99lSZDcoLDkS_Pf_kTJ_FSRUsnlVGD6gnAZk71c=]
[COT 2023-05-29 20:10:46] 76561199176957808: Bleeding stopped [guid=-G7h99lSZDcoLDkS_Pf_kTJ_FSRUsnlVGD6gnAZk71c=]
[COT 2023-05-29 20:11:54] 76561198401795791: ESP target=ExpansionFloor6x6:012209 position=<5525.431641, 117.434486, 8172.036133> action=delete
[COT 2023-05-29 20:11:56] 76561198401795791: ESP target=ExpansionFloor6x6:04983 position=<5531.390137, 117.434959, 8171.330566> action=delete
[COT 2023-05-29 20:12:02] 76561198401795791: ESP target=ExpansionFloor6x6:06705 position=<5537.348633, 117.434959, 8170.624023> action=delete
[COT 2023-05-29 20:12:30] 76561198401795791: Spawned Entity Wall Kit (ExpansionWallKit<66357d10>, -1, 100) at <5533.062988, 117.685089, 8179.230957>
[COT 2023-05-29 20:13:16] 76561198401795791: ESP: Clearing ESP
[COT 2023-05-29 20:13:32] 76561199176957808: Spawned Entity Tetracycline Pills (TetracyclineAntibiotics<50c29e80>, 12, 30) at <8423.930664, 14.972482, 10594.688477>
[COT 2023-05-29 20:15:22] 76561198401795791: Spawned Entity Tactical Waist Pack (Msp_WaistPack_Base<699837b0>, -1, 100) at <5529.753418, 117.724014, 8183.213867>
[COT 2023-05-29 20:16:32] 76561198401795791: Spawned Entity Wall Kit (ExpansionWallKit<69860780>, -1, 100) at <5521.594238, 117.684669, 8196.910156>
[COT 2023-05-29 20:17:02] 76561198401795791: ESP: Viewing ESP
[COT 2023-05-29 20:17:06] 76561198401795791: ESP target=ExpansionWall6x3:013051 position=<5519.319336, 117.434486, 8196.929688> action=delete
[COT 2023-05-29 20:17:12] 76561198401795791: ESP: Clearing ESP
[COT 2023-05-29 20:23:38] 76561198401795791: Spawned Entity Military Locker Kit (Msp_Kit<6bebbb70>, -1, 100) at <5532.235352, 117.684669, 8193.421875>
[COT 2023-05-29 20:25:06] 76561198401795791: Spawned Entity Military Locker Kit (Msp_Kit<69ae8200>, -1, 100) at <5535.333496, 117.684654, 8187.580078>
[COT 2023-05-29 20:31:28] 76561198930893538: Set Health To 0 [guid=QOVCOk5flZ8LlxY_vIXEUxFpj4R6rL-wr-TF8_b4xZo=]
[COT 2023-05-29 20:33:41] 76561198401795791: Teleported to <7030.932617, 6.272520, 11817.458984> [guid=QOVCOk5flZ8LlxY_vIXEUxFpj4R6rL-wr-TF8_b4xZo=]
[COT 2023-05-29 20:35:13] 76561199176957808: ESP: Viewing ESP
[COT 2023-05-29 20:35:27] 76561199176957808: ESP: Clearing ESP
[COT 2023-05-29 20:35:28] 76561199176957808: ESP: ESP updating
[COT 2023-05-29 20:36:01] 76561199176957808: ESP: Viewing ESP
[COT 2023-05-29 20:36:05] 76561199176957808: ESP: Clearing ESP
[COT 2023-05-29 20:36:09] 76561199176957808: ESP: ESP updating
[COT 2023-05-29 20:36:30] 76561198401795791: Teleported to <9004.894531, 8.619819, 9964.181641> [guid=QOVCOk5flZ8LlxY_vIXEUxFpj4R6rL-wr-TF8_b4xZo=]
[COT 2023-05-29 20:36:39] 76561199176957808: Healed [guid=-G7h99lSZDcoLDkS_Pf_kTJ_FSRUsnlVGD6gnAZk71c=]
[COT 2023-05-29 20:36:40] 76561199176957808: Set UnlimitedStamina To true [guid=-G7h99lSZDcoLDkS_Pf_kTJ_FSRUsnlVGD6gnAZk71c=]
[COT 2023-05-29 20:38:55] 76561199176957808: Set Reputation To 5000 [guid=zhJxvJUIQcTeCgEZ3Xhlvc_WjNMgSdId2I-HV3Jo6tA=]
[COT 2023-05-29 20:40:21] 76561199176957808: Set UnlimitedAmmo To true [guid=-G7h99lSZDcoLDkS_Pf_kTJ_FSRUsnlVGD6gnAZk71c=]
[COT 2023-05-29 20:50:24] 76561199176957808: Set UnlimitedAmmo To true [guid=zhJxvJUIQcTeCgEZ3Xhlvc_WjNMgSdId2I-HV3Jo6tA=]
[COT 2023-05-29 20:50:25] 76561199176957808: Set UnlimitedStamina To true [guid=zhJxvJUIQcTeCgEZ3Xhlvc_WjNMgSdId2I-HV3Jo6tA=]
[COT 2023-05-29 20:58:54] 76561199176957808: ESP: Clearing ESP
[COT 2023-05-29 22:01:12] 76561198401795791: Repaired Transport [guid=QjlZXS0Ark29Vwx4GPzro34d4Mh-vfgK6BY62FOJWUg=]
[COT 2023-05-29 22:01:20] 76561198930893538: Set GodMode To true [guid=QOVCOk5flZ8LlxY_vIXEUxFpj4R6rL-wr-TF8_b4xZo=]
[COT 2023-05-29 22:02:22] 76561198401795791: Set GodMode To true [guid=QjlZXS0Ark29Vwx4GPzro34d4Mh-vfgK6BY62FOJWUg=]
[COT 2023-05-29 22:02:28] 76561198401795791: Teleported [guid=QOVCOk5flZ8LlxY_vIXEUxFpj4R6rL-wr-TF8_b4xZo=] to <8376.739258, 14.972416, 10615.492188>
[COT 2023-05-29 22:02:32] 76561198401795791: Set GodMode To false [guid=QOVCOk5flZ8LlxY_vIXEUxFpj4R6rL-wr-TF8_b4xZo=]
[COT 2023-05-29 22:18:37] 76561198401795791: Set GodMode To false [guid=QjlZXS0Ark29Vwx4GPzro34d4Mh-vfgK6BY62FOJWUg=]
[COT 2023-05-29 22:51:17] 76561198401795791: Entered the Free Camera
[COT 2023-05-29 22:52:01] 76561198930893538: Teleported to position <7412.293945, 15.161093, 10799.475586>
[COT 2023-05-29 22:52:24] 76561198401795791: Left the Free Camera
