[COT 2023-5M-26 20:25:4s] 76561198401795791: Set Health To 100 [guid=QjlZXS0Ark29Vwx4GPzro34d4Mh-vfgK6BY62FOJWUg=]
[COT 2023-5M-26 20:25:4s] 76561198401795791: Set Energy To 5000 [guid=QjlZXS0Ark29Vwx4GPzro34d4Mh-vfgK6BY62FOJWUg=]
[COT 2023-5M-26 20:25:4s] 76561198401795791: Set Water To 5000 [guid=QjlZXS0Ark29Vwx4GPzro34d4Mh-vfgK6BY62FOJWUg=]
[COT 2023-5M-26 20:25:4s] 76561198401795791: Set Stamina To 100 [guid=QjlZXS0Ark29Vwx4GPzro34d4Mh-vfgK6BY62FOJWUg=]
[COT 2023-5M-26 20:25:5s] 76561198401795791: Set GodMode To true [guid=QjlZXS0Ark29Vwx4GPzro34d4Mh-vfgK6BY62FOJWUg=]
[COT 2023-5M-26 20:25:7s] 76561198401795791: Set cannot be targeted by AI to true [guid=QjlZXS0Ark29Vwx4GPzro34d4Mh-vfgK6BY62FOJWUg=]
[COT 2023-5M-26 20:25:8s] 76561198401795791: Set UnlimitedStamina To true [guid=QjlZXS0Ark29Vwx4GPzro34d4Mh-vfgK6BY62FOJWUg=]
[COT 2023-5M-26 20:25:8s] 76561198401795791: Set UnlimitedAmmo To true [guid=QjlZXS0Ark29Vwx4GPzro34d4Mh-vfgK6BY62FOJWUg=]
[COT 2023-5M-26 20:25:16] 76561198401795791: Set the date to 2011/12/9 12:0
[COT 2023-5M-26 20:25:18] 76561198401795791: Entered the Free Camera
[COT 2023-5M-26 20:25:30] 76561198401795791: Left the Free Camera
[COT 2023-5M-26 20:25:44] 76561198401795791: Entered the Free Camera
[COT 2023-5M-26 20:26:9s] 76561198401795791: Left the Free Camera
[COT 2023-5M-26 20:35:27] 76561198401795791: ESP: ESP updating
[COT 2023-5M-26 20:35:32] 76561198401795791: ESP: Clearing ESP
[COT 2023-5M-26 20:35:52] 76561198401795791: ESP: ESP updating
[COT 2023-5M-26 20:36:10] 76561198401795791: ESP target=BarrelHoles_Red:04177 position=<5228.589844, 35.506802, 8588.950195> action=delete
[COT 2023-5M-26 20:38:10] 76561198401795791: ESP target=BarrelHoles_Red:04183 position=<5198.299805, 32.214401, 8517.230469> action=delete
[COT 2023-5M-26 20:40:0s] 76561198401795791: Spawned Entity Tango6T Black 6X (SNAFU_Tango6T_Base<10e7aae0>, -1, 150) at <5201.430664, 32.214390, 8517.306641>
[COT 2023-5M-26 20:40:33] 76561198401795791: Spawned Entity 9V Battery (Battery9V<6d34ad30>, 50, 20) at <5205.670898, 31.309881, 8512.220703>
[COT 2023-5M-26 20:40:47] 76561198401795791: Spawned Entity 9V Battery (Battery9V<6d360570>, 50, 20) at <5205.670898, 31.309881, 8512.220703>
[COT 2023-5M-26 20:41:55] 76561198401795791: Spawned Entity Old SR25 Bipod (SNAFU_Bipod<74ab6020>, -1, 100) at <5205.670898, 31.309881, 8512.220703>
[COT 2023-5M-26 20:42:5s] 76561198401795791: Spawned Entity KAC Forefrip. (SNAFU_FGKAC_Grip<74ac7570>, -1, 200) at <5205.670898, 31.309881, 8512.220703>
[COT 2023-5M-26 20:42:18] 76561198401795791: Spawned Entity  (House<6d0347a0>, -1, 0) at <5205.670898, 31.309881, 8512.220703>
