[COT 2023-5M-27 14:49:37] 76561198040010982: Set the date to 2011/12/12 12:0
[COT 2023-5M-27 14:49:43] 76561198040010982: Spawned Entity UWU Grenade (M67Grenade<32e62450>, -1, 50) at <5342.801758, 78.847282, 9315.988281>
[COT 2023-5M-27 14:49:43] 76561198040010982: Spawned Entity UWU Grenade (M67Grenade<32e69d10>, -1, 50) at <5342.801758, 78.847282, 9315.988281>
[COT 2023-5M-27 14:50:17] 76561198040010982: Spawned Entity UWU Grenade (M67Grenade<32e62450>, -1, 50) at <5328.936523, 76.851173, 9282.498047>
[COT 2023-5M-27 14:50:17] 76561198040010982: Spawned Entity UWU Grenade (M67Grenade<2106c1f0>, -1, 50) at <5328.936523, 76.851173, 9282.498047>
[COT 2023-5M-27 14:50:17] 76561198040010982: Spawned Entity UWU Grenade (M67Grenade<1b5559b0>, -1, 50) at <5328.936523, 76.851173, 9282.498047>
[COT 2023-5M-27 14:50:22] 76561198040010982: Spawned Entity M4A1_Yeti (M4A1_Base<1ef9d8c0>, -1, 200) at <5328.936523, 76.851173, 9282.498047>
[COT 2023-5M-27 14:50:35] 76561198040010982: Set GodMode To true [guid=8vtfObsTQABYXpVHaEsAuZ5QTEAjCvC2a-AZwd4E5dw=]
[COT 2023-5M-27 14:50:35] 76561198040010982: Set cannot be targeted by AI to true [guid=8vtfObsTQABYXpVHaEsAuZ5QTEAjCvC2a-AZwd4E5dw=]
[COT 2023-5M-27 14:50:41] 76561198040010982: Healed [guid=8vtfObsTQABYXpVHaEsAuZ5QTEAjCvC2a-AZwd4E5dw=]
[COT 2023-5M-27 14:50:42] 76561198040010982: Healed [guid=8vtfObsTQABYXpVHaEsAuZ5QTEAjCvC2a-AZwd4E5dw=]
[COT 2023-5M-27 14:50:42] 76561198040010982: Healed [guid=8vtfObsTQABYXpVHaEsAuZ5QTEAjCvC2a-AZwd4E5dw=]
[COT 2023-5M-27 14:51:14] 76561198040010982: Entered the Free Camera
[COT 2023-5M-27 14:52:15] 76561198040010982: Left the Free Camera
[COT 2023-5M-27 14:55:10] 76561199176957808: Set GodMode To true [guid=zhJxvJUIQcTeCgEZ3Xhlvc_WjNMgSdId2I-HV3Jo6tA=]
[COT 2023-5M-27 14:55:12] 76561199176957808: Set cannot be targeted by AI to true [guid=zhJxvJUIQcTeCgEZ3Xhlvc_WjNMgSdId2I-HV3Jo6tA=]
[COT 2023-5M-27 14:55:12] 76561199176957808: Set UnlimitedStamina To true [guid=zhJxvJUIQcTeCgEZ3Xhlvc_WjNMgSdId2I-HV3Jo6tA=]
[COT 2023-5M-27 14:55:13] 76561199176957808: Set UnlimitedAmmo To true [guid=zhJxvJUIQcTeCgEZ3Xhlvc_WjNMgSdId2I-HV3Jo6tA=]
[COT 2023-5M-27 14:56:13] 76561198401795791: Set GodMode To true [guid=QjlZXS0Ark29Vwx4GPzro34d4Mh-vfgK6BY62FOJWUg=]
[COT 2023-5M-27 14:56:14] 76561198401795791: Set cannot be targeted by AI to true [guid=QjlZXS0Ark29Vwx4GPzro34d4Mh-vfgK6BY62FOJWUg=]
[COT 2023-5M-27 14:56:14] 76561198401795791: Set UnlimitedStamina To true [guid=QjlZXS0Ark29Vwx4GPzro34d4Mh-vfgK6BY62FOJWUg=]
[COT 2023-5M-27 14:56:15] 76561198401795791: Set UnlimitedAmmo To true [guid=QjlZXS0Ark29Vwx4GPzro34d4Mh-vfgK6BY62FOJWUg=]
[COT 2023-5M-27 14:56:19] 76561198401795791: Set Energy To 5000 [guid=QjlZXS0Ark29Vwx4GPzro34d4Mh-vfgK6BY62FOJWUg=]
[COT 2023-5M-27 14:56:19] 76561198401795791: Set Water To 5000 [guid=QjlZXS0Ark29Vwx4GPzro34d4Mh-vfgK6BY62FOJWUg=]
[COT 2023-5M-27 14:57:37] 76561198401795791: Spawned Entity Sewing Kit (SewingKit<1f0e0a90>, 100, 50) at <6624.123535, 15.071801, 11068.894531>
[COT 2023-5M-27 14:59:43] 76561198401795791: Set Invisibility To 1 [guid=QjlZXS0Ark29Vwx4GPzro34d4Mh-vfgK6BY62FOJWUg=]
[COT 2023-5M-27 14:59:49] 76561199176957808: Set Invisibility To 1 [guid=zhJxvJUIQcTeCgEZ3Xhlvc_WjNMgSdId2I-HV3Jo6tA=]
[COT 2023-5M-27 15:0m:4s] 76561199176957808: Set Invisibility To 0 [guid=zhJxvJUIQcTeCgEZ3Xhlvc_WjNMgSdId2I-HV3Jo6tA=]
[COT 2023-5M-27 15:0m:4s] 76561199176957808: Set Invisibility To 1 [guid=zhJxvJUIQcTeCgEZ3Xhlvc_WjNMgSdId2I-HV3Jo6tA=]
[COT 2023-5M-27 15:0m:13] 76561199176957808: Set Freeze To true [guid=QjlZXS0Ark29Vwx4GPzro34d4Mh-vfgK6BY62FOJWUg=]
[COT 2023-5M-27 15:0m:28] 76561198401795791: Set remove collision to false [guid=QjlZXS0Ark29Vwx4GPzro34d4Mh-vfgK6BY62FOJWUg=]
[COT 2023-5M-27 15:0m:29] 76561198401795791: Set Freeze To false [guid=QjlZXS0Ark29Vwx4GPzro34d4Mh-vfgK6BY62FOJWUg=]
[COT 2023-5M-27 15:0m:33] 76561198401795791: Set Freeze To true [guid=zhJxvJUIQcTeCgEZ3Xhlvc_WjNMgSdId2I-HV3Jo6tA=]
[COT 2023-5M-27 15:0m:38] 76561198401795791: Set Invisibility To 0 [guid=zhJxvJUIQcTeCgEZ3Xhlvc_WjNMgSdId2I-HV3Jo6tA=]
[COT 2023-5M-27 15:0m:48] 76561199176957808: Set Invisibility To 1 [guid=zhJxvJUIQcTeCgEZ3Xhlvc_WjNMgSdId2I-HV3Jo6tA=]
[COT 2023-5M-27 15:0m:59] 76561198401795791: Set Invisibility To 0 [guid=QjlZXS0Ark29Vwx4GPzro34d4Mh-vfgK6BY62FOJWUg=]
[COT 2023-5M-27 15:1m:2s] 76561198401795791: Set Freeze To false [guid=zhJxvJUIQcTeCgEZ3Xhlvc_WjNMgSdId2I-HV3Jo6tA=]
[COT 2023-5M-27 15:1m:16] 76561198401795791: Set cannot be targeted by AI to true [guid=QjlZXS0Ark29Vwx4GPzro34d4Mh-vfgK6BY62FOJWUg=]
[COT 2023-5M-27 15:1m:17] 76561198401795791: Set Invisibility To 1 [guid=QjlZXS0Ark29Vwx4GPzro34d4Mh-vfgK6BY62FOJWUg=]
[COT 2023-5M-27 15:1m:19] 76561198401795791: Set Invisibility To 0 [guid=QjlZXS0Ark29Vwx4GPzro34d4Mh-vfgK6BY62FOJWUg=]
[COT 2023-5M-27 15:1m:21] 76561198401795791: Set cannot be targeted by AI to true [guid=QjlZXS0Ark29Vwx4GPzro34d4Mh-vfgK6BY62FOJWUg=]
[COT 2023-5M-27 15:1m:26] 76561199176957808: Set Invisibility To 0 [guid=zhJxvJUIQcTeCgEZ3Xhlvc_WjNMgSdId2I-HV3Jo6tA=]
[COT 2023-5M-27 15:2m:32] 76561198401795791: Spawned Entity Smiley Mask (Clothing<1c0a4bb0>, 5, 100) at <6623.859375, 15.136432, 11072.208008>
[COT 2023-5M-27 15:3m:26] 76561199176957808: Spawned Entity Ratnik 6B45 Level 5 (MassRatnik_Black<228f6300>, -1, 300) at <6618.993164, 15.123956, 11074.300781>
[COT 2023-5M-27 15:3m:44] 76561198401795791: Spawned Entity Ballistic Shield (MassBallisticShield<1b5f3d00>, -1, 2000) at <6621.827637, 15.136432, 11073.197266>
[COT 2023-5M-27 15:6m:9s] 76561198040010982: Teleported to <6622.262695, 15.043483, 11074.782227> [guid=QjlZXS0Ark29Vwx4GPzro34d4Mh-vfgK6BY62FOJWUg=]
[COT 2023-5M-27 15:6m:16] 76561199176957808: Spawned Entity Military Crate (Msp_MilitaryCrate_Base<20e61390>, -1, 100) at <6616.621582, 15.049998, 11073.428711>
[COT 2023-5M-27 15:6m:51] 76561198040010982: Spawned Entity Raid Backpack (AssaultBag_ColorBase<2307dc60>, -1, 250) at <6619.252441, 15.132918, 11074.147461>
[COT 2023-5M-27 15:7m:55] 76561198040010982: Spawned Entity Large Canvas Bag (MountainBag_ColorBase<857448b0>, -1, 100) at <6618.087891, 15.042403, 11076.793945>
[COT 2023-5M-27 15:8m:2s] 76561198401795791: ESP: ESP updating
[COT 2023-5M-27 15:8m:8s] 76561198401795791: ESP target=MassBallisticShield:011273 position=<6622.263184, 15.107466, 11073.100586> action=delete
[COT 2023-5M-27 15:8m:11] 76561198401795791: ESP: Clearing ESP
[COT 2023-5M-27 15:9m:39] 76561198040010982: Spawned Entity Ghillie Suit (GhillieSuit_ColorBase<862da390>, -1, 100) at <6623.080566, 15.042420, 11078.373047>
[COT 2023-5M-27 15:10:3s] 76561198040010982: Spawned Entity Ghillie Hood (GhillieHood_ColorBase<862f6e90>, -1, 100) at <6615.891602, 15.042434, 11082.422852>
[COT 2023-5M-27 15:10:35] 76561198401795791: Spawned Entity Military Crate (Msp_MilitaryCrate_Base<85cf9ed0>, -1, 100) at <6617.455566, 15.058827, 11076.898438>
[COT 2023-5M-27 15:10:36] 76561198040010982: Spawned Entity Ski Mask (MSFC_Facemask_Base<85cf5be0>, -1, 250) at <6614.422852, 15.127427, 11076.014648>
[COT 2023-5M-27 15:11:22] 76561198040010982: Spawned Entity Holster (PlateCarrierHolster<86108730>, -1, 100) at <6613.553711, 15.124078, 11077.612305>
[COT 2023-5M-27 15:11:22] 76561198040010982: Spawned Entity Holster (PlateCarrierHolster<86101e00>, -1, 100) at <6613.553711, 15.124078, 11077.612305>
[COT 2023-5M-27 15:11:22] 76561198040010982: Spawned Entity Holster (PlateCarrierHolster<86102790>, -1, 100) at <6613.553711, 15.124078, 11077.612305>
[COT 2023-5M-27 15:11:23] 76561198040010982: Spawned Entity Pouches (MassPlateCarrierPouches_Winter<86106a80>, -1, 200) at <6613.553711, 15.124078, 11077.612305>
[COT 2023-5M-27 15:11:23] 76561198040010982: Spawned Entity Pouches (MassPlateCarrierPouches_Winter<86103ab0>, -1, 200) at <6613.553711, 15.124078, 11077.612305>
[COT 2023-5M-27 15:11:24] 76561198040010982: Spawned Entity Pouches (MassPlateCarrierPouches_Winter<86109a50>, -1, 200) at <6613.553711, 15.124078, 11077.612305>
[COT 2023-5M-27 15:11:25] 76561198040010982: Spawned Entity Plate Carrier (PlateCarrierVest<86103120>, -1, 225) at <6613.553711, 15.124078, 11077.612305>
[COT 2023-5M-27 15:11:25] 76561198040010982: Spawned Entity Plate Carrier (PlateCarrierVest<8610a3e0>, -1, 225) at <6613.553711, 15.124078, 11077.612305>
[COT 2023-5M-27 15:11:25] 76561198040010982: Spawned Entity Plate Carrier (PlateCarrierVest<8610ad70>, -1, 225) at <6613.553711, 15.124078, 11077.612305>
[COT 2023-5M-27 15:11:33] 76561198040010982: Spawned Entity BDU Jacket (BDUJacket<860e6fb0>, -1, 140) at <6613.553711, 15.124078, 11077.612305>
[COT 2023-5M-27 15:11:34] 76561198040010982: Spawned Entity BDU Jacket (BDUJacket<860e5c90>, -1, 140) at <6613.553711, 15.124078, 11077.612305>
[COT 2023-5M-27 15:11:38] 76561198040010982: Spawned Entity BDU Pants (BDUPants<860f1240>, -1, 140) at <6613.553711, 15.124078, 11077.612305>
[COT 2023-5M-27 15:11:38] 76561198040010982: Spawned Entity BDU Pants (BDUPants<860eff20>, -1, 140) at <6613.553711, 15.124078, 11077.612305>
[COT 2023-5M-27 15:11:44] 76561198040010982: Spawned Entity Winter Smersh Bag (SmershBag<860f2ef0>, -1, 100) at <6613.553711, 15.124078, 11077.612305>
[COT 2023-5M-27 15:11:44] 76561198040010982: Spawned Entity Winter Smersh Bag (SmershBag<860ee270>, -1, 100) at <6613.553711, 15.124078, 11077.612305>
[COT 2023-5M-27 15:11:51] 76561199176957808: Spawned Entity Plate Carrier (PlateCarrierVest<860eec00>, -1, 225) at <6614.776367, 15.054856, 11072.248047>
[COT 2023-5M-27 15:12:0s] 76561199176957808: Spawned Entity Quilted Jacket (QuiltedJacket_ColorBase<85b4f7b0>, -1, 90) at <6614.776367, 15.054856, 11072.248047>
[COT 2023-5M-27 15:14:51] 76561198040010982: Spawned Entity Assault Boots (MilitaryBoots_ColorBase<85e3c640>, -1, 350) at <6610.569824, 15.043838, 11074.566406>
[COT 2023-5M-27 15:14:53] 76561198040010982: Spawned Entity Canteen (Canteen<1e332260>, 1000, 100) at <6610.569824, 15.043838, 11074.566406>
[COT 2023-5M-27 15:14:54] 76561198040010982: Spawned Entity Canteen (Canteen<1e333680>, 1000, 100) at <6610.569824, 15.043838, 11074.566406>
[COT 2023-5M-27 15:14:56] 76561198040010982: Spawned Entity Tactical Gloves (TacticalGloves_ColorBase<85e3ec80>, -1, 100) at <6610.569824, 15.043838, 11074.566406>
[COT 2023-5M-27 15:14:56] 76561198040010982: Spawned Entity Tactical Gloves (TacticalGloves_ColorBase<85e3a990>, -1, 100) at <6610.569824, 15.043838, 11074.566406>
[COT 2023-5M-27 15:14:59] 76561198040010982: Spawned Entity Field Jacket (M65Jacket_ColorBase<85e3cfd0>, -1, 150) at <6610.569824, 15.043838, 11074.566406>
[COT 2023-5M-27 15:14:59] 76561198040010982: Spawned Entity Field Jacket (M65Jacket_ColorBase<85e3f610>, -1, 150) at <6610.569824, 15.043838, 11074.566406>
[COT 2023-5M-27 15:15:7s] 76561198401795791: Spawned Entity Kabar (SNAFU_Kabar<88373730>, -1, 150) at <6621.901855, 15.042453, 11077.326172>
[COT 2023-5M-27 15:15:8s] 76561198040010982: Spawned Entity T-Shirt (TShirt_ColorBase<88377a20>, -1, 50) at <6610.569824, 15.043838, 11074.566406>
[COT 2023-5M-27 15:15:8s] 76561198040010982: Spawned Entity T-Shirt (TShirt_ColorBase<88372da0>, -1, 50) at <6610.569824, 15.043838, 11074.566406>
[COT 2023-5M-27 15:15:10] 76561198040010982: Spawned Entity Cargo Pants (CargoPants_ColorBase<883753e0>, -1, 100) at <6610.569824, 15.043838, 11074.566406>
[COT 2023-5M-27 15:15:10] 76561198040010982: Spawned Entity Cargo Pants (CargoPants_ColorBase<88371a80>, -1, 100) at <6610.569824, 15.043838, 11074.566406>
[COT 2023-5M-27 15:15:18] 76561199176957808: Set the date to 2011/12/12 12:0
[COT 2023-5M-27 15:15:18] 76561198040010982: Spawned Entity Plate Carrier (PlateCarrierVest<8837a060>, -1, 300) at <6610.569824, 15.043838, 11074.566406>
[COT 2023-5M-27 15:15:18] 76561199176957808: Set rain to 0 0 0
[COT 2023-5M-27 15:15:18] 76561199176957808: Set storm to 0 0.8 4000
[COT 2023-5M-27 15:15:18] 76561199176957808: Set fog to 0 0 0
[COT 2023-5M-27 15:15:18] 76561199176957808: Set overcast to 0 0 0
[COT 2023-5M-27 15:15:18] 76561199176957808: Set wind to 0 0 1
[COT 2023-5M-27 15:15:24] 76561198040010982: Spawned Entity Holster (PlateCarrierHolster<8837f670>, -1, 100) at <6610.569824, 15.043838, 11074.566406>
[COT 2023-5M-27 15:15:24] 76561198040010982: Spawned Entity Holster (PlateCarrierHolster<8837e350>, -1, 100) at <6610.569824, 15.043838, 11074.566406>
[COT 2023-5M-27 15:15:24] 76561198040010982: Spawned Entity Holster (PlateCarrierHolster<8837bd10>, -1, 100) at <6610.569824, 15.043838, 11074.566406>
[COT 2023-5M-27 15:15:25] 76561198040010982: Spawned Entity Pouches (PlateCarrierPouches<8837ece0>, -1, 200) at <6610.569824, 15.043838, 11074.566406>
[COT 2023-5M-27 15:15:25] 76561198040010982: Spawned Entity Pouches (PlateCarrierPouches<88378d40>, -1, 200) at <6610.569824, 15.043838, 11074.566406>
[COT 2023-5M-27 15:15:25] 76561198040010982: Spawned Entity Pouches (PlateCarrierPouches<88380000>, -1, 200) at <6610.569824, 15.043838, 11074.566406>
[COT 2023-5M-27 15:15:30] 76561198040010982: Spawned Entity Tactical Belt (HighCapacityVest_ColorBase<8834dcc0>, -1, 250) at <6610.569824, 15.043838, 11074.566406>
[COT 2023-5M-27 15:15:30] 76561198040010982: Spawned Entity Tactical Belt (HighCapacityVest_ColorBase<8834e650>, -1, 250) at <6610.569824, 15.043838, 11074.566406>
[COT 2023-5M-27 15:15:42] 76561198040010982: Spawned Entity Tactical Helmet (Mich2001Helmet<88350c90>, -1, 80) at <6610.569824, 15.043838, 11074.566406>
[COT 2023-5M-27 15:15:42] 76561198040010982: Spawned Entity Tactical Helmet (Mich2001Helmet<8834f970>, -1, 80) at <6610.569824, 15.043838, 11074.566406>
[COT 2023-5M-27 15:15:47] 76561198040010982: Spawned Entity Assault Backpack (AssaultBag_ColorBase<8834c010>, -1, 200) at <6610.569824, 15.043838, 11074.566406>
[COT 2023-5M-27 15:15:48] 76561198040010982: Spawned Entity Assault Backpack (AssaultBag_ColorBase<8834a360>, -1, 200) at <6610.569824, 15.043838, 11074.566406>
[COT 2023-5M-27 15:15:51] 76561198040010982: Spawned Entity Field Backpack (AliceBag_ColorBase<88351620>, -1, 130) at <6610.569824, 15.043838, 11074.566406>
[COT 2023-5M-27 15:15:51] 76561198040010982: Spawned Entity Field Backpack (AliceBag_ColorBase<8834acf0>, -1, 130) at <6610.569824, 15.043838, 11074.566406>
[COT 2023-5M-27 15:16:3s] 76561198040010982: Spawned Entity Ski Mask (BalaclavaMask_White<8835def0>, -1, 100) at <6610.569824, 15.043838, 11074.566406>
[COT 2023-5M-27 15:16:43] 76561198401795791: Spawned Entity Sheath (NylonKnifeSheath<882e9130>, -1, 100) at <6621.901855, 15.042453, 11077.326172>
[COT 2023-5M-27 15:17:16] 76561198040010982: Spawned Entity UWU Grenade (M67Grenade<1f85ed40>, -1, 50) at <6624.772461, 15.042500, 11080.655273>
[COT 2023-5M-27 15:17:17] 76561198040010982: Spawned Entity UWU Grenade (M67Grenade<1f86a260>, -1, 50) at <6624.772461, 15.042500, 11080.655273>
[COT 2023-5M-27 15:17:17] 76561198040010982: Spawned Entity UWU Grenade (M67Grenade<1f8478f0>, -1, 50) at <6624.772461, 15.042500, 11080.655273>
[COT 2023-5M-27 15:17:17] 76561198040010982: Spawned Entity UWU Grenade (M67Grenade<1f854230>, -1, 50) at <6624.772461, 15.042500, 11080.655273>
[COT 2023-5M-27 15:17:17] 76561198040010982: Spawned Entity UWU Grenade (M67Grenade<32e64c90>, -1, 50) at <6624.772461, 15.042500, 11080.655273>
[COT 2023-5M-27 15:17:17] 76561198040010982: Spawned Entity UWU Grenade (M67Grenade<32e660b0>, -1, 50) at <6624.772461, 15.042500, 11080.655273>
[COT 2023-5M-27 15:17:17] 76561198040010982: Spawned Entity UWU Grenade (M67Grenade<32e69300>, -1, 50) at <6624.772461, 15.042500, 11080.655273>
[COT 2023-5M-27 15:17:17] 76561198040010982: Spawned Entity UWU Grenade (M67Grenade<32e62450>, -1, 50) at <6624.772461, 15.042500, 11080.655273>
[COT 2023-5M-27 15:17:18] 76561198040010982: Spawned Entity UWU Grenade (M67Grenade<170df960>, -1, 50) at <6624.772461, 15.042500, 11080.655273>
[COT 2023-5M-27 15:17:18] 76561198040010982: Spawned Entity UWU Grenade (M67Grenade<170ed6c0>, -1, 50) at <6624.772461, 15.042500, 11080.655273>
[COT 2023-5M-27 15:17:37] 76561199176957808: Set cannot be targeted by AI to true [guid=zhJxvJUIQcTeCgEZ3Xhlvc_WjNMgSdId2I-HV3Jo6tA=]
[COT 2023-5M-27 15:17:53] 76561198401795791: Spawned Entity Holster (PlateCarrierHolster<882d38f0>, -1, 100) at <6621.422852, 15.136430, 11073.134766>
[COT 2023-5M-27 15:19:19] 76561198401795791: Spawned Entity JPC Vest (PlateCarrierVest<87aed340>, -1, 350) at <6619.838379, 15.136432, 11072.927734>
[COT 2023-5M-27 15:20:6s] 76561198401795791: Spawned Entity Tactical Gloves (TacticalGloves_ColorBase<87b05b50>, -1, 100) at <6621.215332, 15.136424, 11073.049805>
[COT 2023-5M-27 15:20:30] 76561198401795791: Spawned Entity Assault Boots (MilitaryBoots_ColorBase<856aa180>, -1, 350) at <6621.215332, 15.136424, 11073.049805>
[COT 2023-5M-27 15:21:12] 76561198040010982: Entered the Free Camera
[COT 2023-5M-27 15:21:24] 76561198401795791: Spawned Entity Boonie Hat (BoonieHat_Black<856c4fd0>, -1, 40) at <6622.298828, 15.136342, 11073.150391>
[COT 2023-5M-27 15:21:49] 76561198040010982: Left the Free Camera
[COT 2023-5M-27 15:22:11] 76561198401795791: Teleported to <6820.955566, 15.907063, 11205.153320> [guid=8vtfObsTQABYXpVHaEsAuZ5QTEAjCvC2a-AZwd4E5dw=]
[COT 2023-5M-27 15:22:29] 76561198040010982: Entered the Free Camera
[COT 2023-5M-27 15:22:38] 76561198401795791: Entered the Free Camera
[COT 2023-5M-27 15:23:13] 76561198040010982: Left the Free Camera
[COT 2023-5M-27 15:23:13] 76561198401795791: Left the Free Camera
[COT 2023-5M-27 15:23:18] 76561198401795791: Teleported to <6728.220703, 58.121605, 11371.947266> [guid=8vtfObsTQABYXpVHaEsAuZ5QTEAjCvC2a-AZwd4E5dw=]
[COT 2023-5M-27 15:23:32] 76561198040010982: Entered the Free Camera
[COT 2023-5M-27 15:24:46] 76561198040010982: Left the Free Camera
[COT 2023-5M-27 15:24:50] 76561198401795791: Teleported to <6056.998047, 61.312416, 11109.416992> [guid=8vtfObsTQABYXpVHaEsAuZ5QTEAjCvC2a-AZwd4E5dw=]
[COT 2023-5M-27 15:25:7s] 76561198040010982: Entered the Free Camera
[COT 2023-5M-27 15:25:13] 76561198401795791: Entered the Free Camera
[COT 2023-5M-27 15:26:21] 76561198401795791: Left the Free Camera
[COT 2023-5M-27 15:26:26] 76561198040010982: Left the Free Camera
[COT 2023-5M-27 15:26:31] 76561198040010982: Teleported to <9024.771484, 8.922807, 10128.976563> [guid=QjlZXS0Ark29Vwx4GPzro34d4Mh-vfgK6BY62FOJWUg=]
[COT 2023-5M-27 15:27:9s] 76561198040010982: Entered the Free Camera
[COT 2023-5M-27 15:27:39] 76561198040010982: Left the Free Camera
[COT 2023-5M-27 15:27:45] 76561198040010982: Teleported to <9030.362305, 9.369263, 10115.575195> [guid=QjlZXS0Ark29Vwx4GPzro34d4Mh-vfgK6BY62FOJWUg=]
[COT 2023-5M-27 15:27:49] 76561198040010982: Entered the Free Camera
[COT 2023-5M-27 15:28:7s] 76561199176957808: ESP: Viewing ESP
[COT 2023-5M-27 15:28:9s] 76561198040010982: Left the Free Camera
[COT 2023-5M-27 15:28:19] 76561199176957808: ESP index=0 target=MSFC_Gloves_MulticamBlack:012383 position=<6621.215332, 15.140799, 11073.049805> action=delete
[COT 2023-5M-27 15:28:19] 76561199176957808: ESP index=1 target=Msp_MilitaryCrate_Green:011993 position=<6617.455566, 15.064477, 11076.898438> action=delete
[COT 2023-5M-27 15:28:19] 76561199176957808: ESP index=2 target=Massbag2:011778 position=<6620.684570, 15.175245, 11075.282227> action=delete
[COT 2023-5M-27 15:28:19] 76561199176957808: ESP index=3 target=MSFC_Alice_Bag_MulticamSnow:011496 position=<6619.252441, 15.373243, 11074.147461> action=delete
[COT 2023-5M-27 15:28:19] 76561199176957808: ESP index=4 target=JungleBoots_Black:010172 position=<6620.647949, 15.120611, 11072.711914> action=delete
[COT 2023-5M-27 15:28:19] 76561199176957808: ESP index=5 target=MassRatnik_Black:011608 position=<6618.993164, 15.298049, 11074.300781> action=delete
[COT 2023-5M-27 15:28:19] 76561199176957808: ESP index=6 target=Msp_MilitaryCrate_Tan:011146 position=<6616.621582, 15.055648, 11073.428711> action=delete
[COT 2023-5M-27 15:28:19] 76561199176957808: ESP index=7 target=Ammo_762x54:010815 position=<6617.601563, 15.037419, 11076.779297> action=delete
[COT 2023-5M-27 15:28:19] 76561199176957808: ESP action=delete_all count=8 attempted=8
[COT 2023-5M-27 15:28:20] 76561198401795791: Teleported to <6794.203613, 15.012500, 11682.020508> [guid=8vtfObsTQABYXpVHaEsAuZ5QTEAjCvC2a-AZwd4E5dw=]
[COT 2023-5M-27 15:28:29] 76561199176957808: ESP: Clearing ESP
[COT 2023-5M-27 15:28:31] 76561199176957808: ESP: Viewing ESP
[COT 2023-5M-27 15:28:33] 76561199176957808: ESP index=0 target=ZmbM_Jacket_brown:0736 position=<6617.264160, 15.070000, 11078.875977> action=delete
[COT 2023-5M-27 15:28:33] 76561199176957808: ESP index=1 target=FlipFlops_Colorbase:09142 position=<6626.946289, 15.107937, 11066.937500> action=delete
[COT 2023-5M-27 15:28:33] 76561199176957808: ESP index=2 target=MSFC_TacticalBelt_MulticamSnow:07263 position=<6623.080566, 15.087549, 11078.373047> action=delete
[COT 2023-5M-27 15:28:33] 76561199176957808: ESP action=delete_all count=3 attempted=3
[COT 2023-5M-27 15:28:50] 76561199176957808: ESP index=0 target=MassGhillieHood_Snowy:010425 position=<6619.103027, 15.118472, 11068.862305> action=delete
[COT 2023-5M-27 15:28:50] 76561199176957808: ESP index=1 target=MSFC_Facemask_Multicam_Snow:011994 position=<6617.966797, 15.143742, 11067.920898> action=delete
[COT 2023-5M-27 15:28:50] 76561199176957808: ESP index=2 target=BoonieHat_Black:09262 position=<6615.450195, 15.068578, 11071.295898> action=delete
[COT 2023-5M-27 15:28:50] 76561199176957808: ESP index=3 target=MSFC_Boots_MulticamSnow:011501 position=<6617.966797, 15.067961, 11067.920898> action=delete
[COT 2023-5M-27 15:28:50] 76561199176957808: ESP index=4 target=MSFC_JPC_Vest_MulticamBlack:09443 position=<6614.444336, 15.046162, 11071.749023> action=delete
[COT 2023-5M-27 15:28:50] 76561199176957808: ESP index=5 target=ZmbM_PolicemanSpecForce:0732 position=<6615.560547, 15.093193, 11069.282227> action=delete
[COT 2023-5M-27 15:28:50] 76561199176957808: ESP index=6 target=MSFC_MilitaryTacticalBag70L_Multicam_Snow:010961 position=<6619.103027, 15.236606, 11068.862305> action=delete
[COT 2023-5M-27 15:28:50] 76561199176957808: ESP action=delete_all count=7 attempted=7
[COT 2023-5M-27 15:28:58] 76561199176957808: ESP index=0 target=MassGhillieSuitSnow:011884 position=<6619.103027, 15.224774, 11068.862305> action=delete
[COT 2023-5M-27 15:28:58] 76561199176957808: ESP index=1 target=MassCUUquiltedJacket:012141 position=<6615.450195, 15.058311, 11071.295898> action=delete
[COT 2023-5M-27 15:28:58] 76561199176957808: ESP index=2 target=MSFC_Gloves_MulticamSnow:011495 position=<6617.966797, 15.067101, 11067.920898> action=delete
[COT 2023-5M-27 15:28:58] 76561199176957808: ESP action=delete_all count=3 attempted=3
[COT 2023-5M-27 15:29:2s] 76561199176957808: ESP index=0 target=MassPlateCarrier_Black:05031 position=<6615.450195, 15.049006, 11071.295898> action=delete
[COT 2023-5M-27 15:29:2s] 76561199176957808: ESP index=1 target=MassWinterBDUJacket:012093 position=<6617.966797, 15.065980, 11067.920898> action=delete
[COT 2023-5M-27 15:29:2s] 76561199176957808: ESP action=delete_all count=2 attempted=2
[COT 2023-5M-27 15:29:3s] 76561199176957808: ESP index=0 target=MassWinterBDUPants:010216 position=<6617.966797, 15.085957, 11067.920898> action=delete
[COT 2023-5M-27 15:29:3s] 76561199176957808: ESP action=delete_all count=1 attempted=1
[COT 2023-5M-27 15:29:5s] 76561199176957808: ESP index=0 target=MassPlateCarrier_Winter:08505 position=<6617.966797, 15.065259, 11067.920898> action=delete
[COT 2023-5M-27 15:29:5s] 76561199176957808: ESP action=delete_all count=1 attempted=1
[COT 2023-5M-27 15:29:8s] 76561198401795791: ESP: ESP updating
[COT 2023-5M-27 15:29:14] 76561199176957808: ESP index=0 target=MSFC_Alice_Bag_MulticamSnow:05568 position=<6610.569824, 15.303720, 11074.566406> action=delete
[COT 2023-5M-27 15:29:14] 76561199176957808: ESP index=1 target=MSFC_Gloves_MulticamSnow:04790 position=<6610.569824, 15.048212, 11074.566406> action=delete
[COT 2023-5M-27 15:29:14] 76561199176957808: ESP index=2 target=Shirt_Gunmetal:011502 position=<6613.553711, 15.103184, 11077.612305> action=delete
[COT 2023-5M-27 15:29:14] 76561199176957808: ESP index=3 target=MSFC_Canteen_MulticamSnow:04478 position=<6610.569824, 15.177951, 11074.566406> action=delete
[COT 2023-5M-27 15:29:14] 76561199176957808: ESP action=delete_all count=4 attempted=4
[COT 2023-5M-27 15:29:16] 76561199176957808: ESP index=0 target=MSFC_Gorka_Pants_MulticamSnow:011484 position=<6613.553711, 15.138349, 11077.612305> action=delete
[COT 2023-5M-27 15:29:16] 76561199176957808: ESP action=delete_all count=1 attempted=1
[COT 2023-5M-27 15:29:23] 76561199176957808: ESP index=0 target=MSFC_PlateCarrier_Pouches_MulticamSnow:07228 position=<6610.569824, 15.046001, 11074.566406> action=delete
[COT 2023-5M-27 15:29:23] 76561199176957808: ESP index=1 target=MSFC_Assault_Bag_MulticamSnow:06352 position=<6610.569824, 15.163634, 11074.566406> action=delete
[COT 2023-5M-27 15:29:23] 76561199176957808: ESP index=2 target=MassPlateCarrierHolster_Winter:07025 position=<6613.553711, 15.126242, 11077.612305> action=delete
[COT 2023-5M-27 15:29:23] 76561199176957808: ESP index=3 target=MassSmershwinter:04785 position=<6613.553711, 15.189077, 11077.612305> action=delete
[COT 2023-5M-27 15:29:23] 76561199176957808: ESP action=delete_all count=4 attempted=4
[COT 2023-5M-27 15:29:26] 76561199176957808: ESP index=0 target=MassPlateCarrierHolster_Winter:011249 position=<6613.553711, 15.126242, 11077.612305> action=delete
[COT 2023-5M-27 15:29:26] 76561199176957808: ESP index=1 target=MassSmershwinter:04932 position=<6613.553711, 15.189077, 11077.612305> action=delete
[COT 2023-5M-27 15:29:26] 76561199176957808: ESP action=delete_all count=2 attempted=2
[COT 2023-5M-27 15:29:34] 76561199176957808: ESP index=0 target=MSFC_PlateCarrier_Pouches_MulticamSnow:06603 position=<6610.569824, 15.046001, 11074.566406> action=delete
[COT 2023-5M-27 15:29:34] 76561199176957808: ESP index=1 target=MSFC_Assault_Bag_MulticamSnow:05256 position=<6610.569824, 15.163634, 11074.566406> action=delete
[COT 2023-5M-27 15:29:34] 76561199176957808: ESP index=2 target=MassWinterBDUPants:04207 position=<6613.553711, 15.147287, 11077.612305> action=delete
[COT 2023-5M-27 15:29:34] 76561199176957808: ESP action=delete_all count=3 attempted=3
[COT 2023-5M-27 15:29:38] 76561199176957808: ESP index=0 target=MSFC_Mich2001_MulticamSnow:011263 position=<6610.569824, 15.048523, 11074.566406> action=delete
[COT 2023-5M-27 15:29:38] 76561199176957808: ESP index=1 target=MSFC_TacticalBelt_MulticamSnow:012317 position=<6610.569824, 15.101387, 11074.566406> action=delete
[COT 2023-5M-27 15:29:38] 76561199176957808: ESP action=delete_all count=2 attempted=2
[COT 2023-5M-27 15:29:41] 76561199176957808: ESP index=0 target=MSFC_PlateCarrier_Holster_MulticamSnow:04945 position=<6610.569824, 15.046001, 11074.566406> action=delete
[COT 2023-5M-27 15:29:41] 76561199176957808: ESP index=1 target=MassWinterBDUJacket:012094 position=<6613.553711, 15.126242, 11077.612305> action=delete
[COT 2023-5M-27 15:29:41] 76561199176957808: ESP action=delete_all count=2 attempted=2
[COT 2023-5M-27 15:29:46] 76561199176957808: ESP index=0 target=MSFC_PlateCarrier_Holster_MulticamSnow:04537 position=<6610.569824, 15.046001, 11074.566406> action=delete
[COT 2023-5M-27 15:29:46] 76561199176957808: ESP index=1 target=MassPlateCarrier_Winter:07391 position=<6613.553711, 15.126242, 11077.612305> action=delete
[COT 2023-5M-27 15:29:46] 76561199176957808: ESP action=delete_all count=2 attempted=2
[COT 2023-5M-27 15:29:51] 76561199176957808: ESP index=0 target=MSFC_TShirt_MulticamSnow:012307 position=<6610.569824, 15.033757, 11074.566406> action=delete
[COT 2023-5M-27 15:29:51] 76561199176957808: ESP index=1 target=MassPlateCarrier_Winter:07357 position=<6613.553711, 15.126242, 11077.612305> action=delete
[COT 2023-5M-27 15:29:51] 76561199176957808: ESP action=delete_all count=2 attempted=2
[COT 2023-5M-27 15:29:54] 76561199176957808: ESP index=0 target=MSFC_Cargo_Pants_MulticamSnow:012309 position=<6610.569824, 15.046001, 11074.566406> action=delete
[COT 2023-5M-27 15:29:54] 76561199176957808: ESP index=1 target=MassPlateCarrierPouches_Winter:05623 position=<6613.553711, 15.126242, 11077.612305> action=delete
[COT 2023-5M-27 15:29:54] 76561199176957808: ESP action=delete_all count=2 attempted=2
[COT 2023-5M-27 15:30:2s] 76561199176957808: ESP index=0 target=MSFC_TShirt_MulticamSnow:012306 position=<6610.569824, 15.046001, 11074.566406> action=delete
[COT 2023-5M-27 15:30:2s] 76561199176957808: ESP index=1 target=MassPlateCarrierPouches_Winter:06602 position=<6613.553711, 15.126242, 11077.612305> action=delete
[COT 2023-5M-27 15:30:2s] 76561199176957808: ESP action=delete_all count=2 attempted=2
[COT 2023-5M-27 15:30:6s] 76561199176957808: ESP index=0 target=MSFC_M65_Jacket_MulticamSnow:04716 position=<6610.569824, 15.046001, 11074.566406> action=delete
[COT 2023-5M-27 15:30:6s] 76561199176957808: ESP index=1 target=ZmbF_JournalistNormal_White:0502 position=<6615.214844, 15.166871, 11077.389648> action=delete
[COT 2023-5M-27 15:30:6s] 76561199176957808: ESP action=delete_all count=2 attempted=2
[COT 2023-5M-27 15:30:19] 76561199176957808: ESP: Clearing ESP
[COT 2023-5M-27 15:30:35] 76561198401795791: Teleported [guid=zhJxvJUIQcTeCgEZ3Xhlvc_WjNMgSdId2I-HV3Jo6tA=] to <6790.513184, 19.678642, 11673.927734>
[COT 2023-5M-27 15:30:35] 76561198040010982: Teleported [guid=zhJxvJUIQcTeCgEZ3Xhlvc_WjNMgSdId2I-HV3Jo6tA=] to <6789.155273, 15.012490, 11687.833008>
[COT 2023-5M-27 15:30:37] 76561198040010982: Teleported [guid=zhJxvJUIQcTeCgEZ3Xhlvc_WjNMgSdId2I-HV3Jo6tA=] to <6788.571289, 15.012500, 11688.094727>
[COT 2023-5M-27 15:30:37] 76561198040010982: Teleported [guid=zhJxvJUIQcTeCgEZ3Xhlvc_WjNMgSdId2I-HV3Jo6tA=] to <6788.571289, 15.012500, 11688.094727>
[COT 2023-5M-27 15:30:39] 76561199176957808: ESP: Viewing ESP
[COT 2023-5M-27 15:31:2s] 76561198040010982: Spawned Entity (Large/Small) Floor Kit (BBP_Floor_Kit<1f893b10>, -1, 100) at <6791.520508, 15.012403, 11690.170898>
[COT 2023-5M-27 15:31:2s] 76561198040010982: Spawned Entity (Large/Small) Floor Kit (BBP_Floor_Kit<1f8af2f0>, -1, 100) at <6791.520508, 15.012403, 11690.170898>
[COT 2023-5M-27 15:31:2s] 76561198040010982: Spawned Entity (Large/Small) Floor Kit (BBP_Floor_Kit<8185ea80>, -1, 100) at <6791.520508, 15.012403, 11690.170898>
[COT 2023-5M-27 15:31:2s] 76561198040010982: Spawned Entity (Large/Small) Floor Kit (BBP_Floor_Kit<81859e00>, -1, 100) at <6791.520508, 15.012403, 11690.170898>
[COT 2023-5M-27 15:31:34] 76561199176957808: Spawned Entity Ghillie Shrug (dzn_ghilliebushragtandark<818369d0>, -1, 300) at <6794.743652, 15.012460, 11676.543945>
[COT 2023-5M-27 15:31:53] 76561199176957808: Spawned Entity Ghillie Hood (dzn_ghilliehoodtandark<8552ff00>, -1, 100) at <6794.743652, 15.012460, 11676.543945>
[COT 2023-5M-27 15:31:53] 76561198040010982: Spawned Entity (Large/Small) Floor Kit (BBP_Floor_Kit<8552ebe0>, -1, 100) at <6789.894531, 15.012481, 11694.558594>
[COT 2023-5M-27 15:32:9s] 76561198040010982: Spawned Entity ADMIN HAMMER (BBP_Admin_Hammer<8552b280>, -1, 100) at <6797.476563, 15.012500, 11677.582031>
[COT 2023-5M-27 15:33:36] 76561198040010982: Spawned Entity (Large/Small) Stair Kit (BBP_Stair_Kit<854feee0>, -1, 100) at <6789.512207, 15.230598, 11690.345703>
[COT 2023-5M-27 15:34:14] 76561198040010982: Spawned Entity (Large/Small) Wall Kit (BBP_Wall_Kit<85507e50>, -1, 100) at <6789.381836, 15.230331, 11692.880859>
[COT 2023-5M-27 15:34:15] 76561198040010982: Spawned Entity (Large/Small) Wall Kit (BBP_Wall_Kit<85509b00>, -1, 100) at <6789.381836, 15.230331, 11692.880859>
[COT 2023-5M-27 15:34:15] 76561198040010982: Spawned Entity (Large/Small) Wall Kit (BBP_Wall_Kit<8550ae20>, -1, 100) at <6789.381836, 15.230331, 11692.880859>
[COT 2023-5M-27 15:34:15] 76561198040010982: Spawned Entity (Large/Small) Wall Kit (BBP_Wall_Kit<8550b7b0>, -1, 100) at <6789.381836, 15.230331, 11692.880859>
[COT 2023-5M-27 15:35:22] 76561199176957808: Spawned Entity Ghillie Suit (GhillieSuit_ColorBase<1fdead10>, -1, 100) at <6794.246094, 15.012500, 11675.941406>
[COT 2023-5M-27 15:35:31] 76561199176957808: Spawned Entity Ghillie Hood (GhillieHood_ColorBase<1fdea380>, -1, 100) at <6794.246094, 15.012500, 11675.941406>
[COT 2023-5M-27 15:35:33] 76561198040010982: Spawned Entity (Large/Small) Wall Kit (BBP_Wall_Kit<1fdf4fa0>, -1, 100) at <6789.109863, 15.230396, 11693.474609>
[COT 2023-5M-27 15:35:33] 76561198040010982: Spawned Entity (Large/Small) Wall Kit (BBP_Wall_Kit<22de8cf0>, -1, 100) at <6789.109863, 15.230396, 11693.474609>
[COT 2023-5M-27 15:36:34] 76561198401795791: Spawned Entity ADMIN HAMMER (BBP_Admin_Hammer<20fb7080>, -1, 100) at <6795.581543, 15.230396, 11682.717773>
[COT 2023-5M-27 15:36:36] 76561198401795791: Spawned Entity ADMIN HAMMER (BBP_Admin_Hammer<20fc1ca0>, -1, 100) at <6795.581543, 15.230396, 11682.717773>
[COT 2023-5M-27 15:36:36] 76561198401795791: Spawned Entity ADMIN HAMMER (BBP_Admin_Hammer<20fcd250>, -1, 100) at <6795.581543, 15.230396, 11682.717773>
[COT 2023-5M-27 15:36:36] 76561198401795791: Spawned Entity ADMIN HAMMER (BBP_Admin_Hammer<20fcac10>, -1, 100) at <6795.581543, 15.230396, 11682.717773>
[COT 2023-5M-27 15:36:36] 76561198401795791: Spawned Entity ADMIN HAMMER (BBP_Admin_Hammer<20fcb5a0>, -1, 100) at <6795.581543, 15.230396, 11682.717773>
[COT 2023-5M-27 15:36:37] 76561198401795791: Spawned Entity ADMIN HAMMER (BBP_Admin_Hammer<20fcf890>, -1, 100) at <6795.581543, 15.230396, 11682.717773>
[COT 2023-5M-27 15:36:37] 76561198401795791: Spawned Entity ADMIN HAMMER (BBP_Admin_Hammer<20fc98f0>, -1, 100) at <6795.581543, 15.230396, 11682.717773>
[COT 2023-5M-27 15:36:37] 76561198401795791: Spawned Entity ADMIN HAMMER (BBP_Admin_Hammer<20fc8f60>, -1, 100) at <6795.581543, 15.230396, 11682.717773>
[COT 2023-5M-27 15:36:37] 76561198401795791: Spawned Entity ADMIN HAMMER (BBP_Admin_Hammer<20fd0220>, -1, 100) at <6795.581543, 15.230396, 11682.717773>
[COT 2023-5M-27 15:36:37] 76561198401795791: Spawned Entity ADMIN HAMMER (BBP_Admin_Hammer<20fcdbe0>, -1, 100) at <6795.581543, 15.230396, 11682.717773>
[COT 2023-5M-27 15:36:37] 76561198401795791: Spawned Entity ADMIN HAMMER (BBP_Admin_Hammer<20fd1540>, -1, 100) at <6795.581543, 15.230396, 11682.717773>
[COT 2023-5M-27 15:36:38] 76561198040010982: Spawned Entity (Large/Small) Wall Kit (BBP_Wall_Kit<20fe3420>, -1, 100) at <6791.510254, 15.230600, 11691.013672>
[COT 2023-5M-27 15:36:38] 76561198040010982: Spawned Entity (Large/Small) Wall Kit (BBP_Wall_Kit<20fdfac0>, -1, 100) at <6791.510254, 15.230600, 11691.013672>
[COT 2023-5M-27 15:36:39] 76561198040010982: Spawned Entity (Large/Small) Wall Kit (BBP_Wall_Kit<20fe0450>, -1, 100) at <6791.510254, 15.230600, 11691.013672>
[COT 2023-5M-27 15:36:39] 76561198040010982: Spawned Entity (Large/Small) Wall Kit (BBP_Wall_Kit<20fecd20>, -1, 100) at <6791.510254, 15.230600, 11691.013672>
[COT 2023-5M-27 15:36:39] 76561198040010982: Spawned Entity (Large/Small) Wall Kit (BBP_Wall_Kit<20fe7710>, -1, 100) at <6791.510254, 15.230600, 11691.013672>
[COT 2023-5M-27 15:36:39] 76561198040010982: Spawned Entity (Large/Small) Wall Kit (BBP_Wall_Kit<20ff19a0>, -1, 100) at <6791.510254, 15.230600, 11691.013672>
[COT 2023-5M-27 15:36:39] 76561198040010982: Spawned Entity (Large/Small) Wall Kit (BBP_Wall_Kit<20feb070>, -1, 100) at <6791.510254, 15.230600, 11691.013672>
[COT 2023-5M-27 15:36:39] 76561198040010982: Spawned Entity (Large/Small) Wall Kit (BBP_Wall_Kit<1f298de0>, -1, 100) at <6791.510254, 15.230600, 11691.013672>
[COT 2023-5M-27 15:37:14] 76561199176957808: Spawned Entity Ghillie Rifle Wrap (GhillieAtt_ColorBase<1f27df90>, -1, 300) at <6793.690918, 15.012355, 11675.720703>
[COT 2023-5M-27 15:39:20] 76561198040010982: Spawned Entity (Single/Double) Garage Door Kit (BBP_SGate_Kit<1b749a20>, -1, 100) at <6791.691406, 15.230476, 11686.718750>
[COT 2023-5M-27 15:39:21] 76561198040010982: Spawned Entity (Single/Double) Garage Door Kit (BBP_SGate_Kit<1b752000>, -1, 100) at <6791.691406, 15.230476, 11686.718750>
[COT 2023-5M-27 15:41:55] 76561198401795791: Spawned Entity CodeLock (CodeLock<214ac7f0>, -1, 1500) at <6792.493652, 15.231335, 11685.888672>
