[COT 2023-5M-28 3h:2m:14] 76561199176957808: Set UnlimitedStamina To true [guid=zhJxvJUIQcTeCgEZ3Xhlvc_WjNMgSdId2I-HV3Jo6tA=]
[COT 2023-5M-28 3h:2m:15] 76561199176957808: Set UnlimitedAmmo To true [guid=zhJxvJUIQcTeCgEZ3Xhlvc_WjNMgSdId2I-HV3Jo6tA=]
[COT 2023-5M-28 3h:2m:18] 76561199176957808: Healed [guid=zhJxvJUIQcTeCgEZ3Xhlvc_WjNMgSdId2I-HV3Jo6tA=]
[COT 2023-5M-28 3h:2m:21] 76561199176957808: Set UnlimitedStamina To true [guid=-G7h99lSZDcoLDkS_Pf_kTJ_FSRUsnlVGD6gnAZk71c=]
[COT 2023-5M-28 3h:2m:22] 76561199176957808: Healed [guid=-G7h99lSZDcoLDkS_Pf_kTJ_FSRUsnlVGD6gnAZk71c=]
[COT 2023-5M-28 3h:2m:24] 76561199176957808: Dried [guid=-G7h99lSZDcoLDkS_Pf_kTJ_FSRUsnlVGD6gnAZk71c=]
[COT 2023-5M-28 3h:6m:46] 76561199176957808: Set GodMode To true [guid=zhJxvJUIQcTeCgEZ3Xhlvc_WjNMgSdId2I-HV3Jo6tA=]
[COT 2023-5M-28 3h:6m:47] 76561199176957808: Set UnlimitedStamina To true [guid=zhJxvJUIQcTeCgEZ3Xhlvc_WjNMgSdId2I-HV3Jo6tA=]
[COT 2023-5M-28 3h:6m:48] 76561199176957808: Set UnlimitedAmmo To true [guid=zhJxvJUIQcTeCgEZ3Xhlvc_WjNMgSdId2I-HV3Jo6tA=]
[COT 2023-5M-28 3h:6m:50] 76561199176957808: Healed [guid=zhJxvJUIQcTeCgEZ3Xhlvc_WjNMgSdId2I-HV3Jo6tA=]
[COT 2023-5M-28 3h:6m:52] 76561199176957808: Healed [guid=-G7h99lSZDcoLDkS_Pf_kTJ_FSRUsnlVGD6gnAZk71c=]
[COT 2023-5M-28 3h:8m:34] 76561199176957808: Spawned Entity Car Battery (CarBattery<79a8f5a0>, 50, 200) at <4426.991211, 10.447368, 11285.666992>
[COT 2023-5M-28 3h:12:48] 76561199176957808: Spawned Entity 9V Battery (Battery9V<79aa6a90>, 50, 20) at <4466.352051, 2.812438, 11291.030273>
[COT 2023-5M-28 3h:13:27] 76561199176957808: ESP: Viewing ESP
[COT 2023-5M-28 3h:15:37] 76561199176957808: Spawned Entity Night Vision Goggles (NVGoggles<2d01bcd0>, -1, 250) at <4487.229004, 2.825090, 11256.750977>
[COT 2023-5M-28 3h:15:48] 76561199176957808: Spawned Entity Universal Flashlight (UniversalLight<76a2e1e0>, -1, 70) at <4487.229004, 2.825090, 11256.750977>
[COT 2023-5M-28 3h:15:56] 76561199176957808: Spawned Entity 9V Battery (Battery9V<76a354a0>, 50, 20) at <4487.229004, 2.825090, 11256.750977>
[COT 2023-5M-28 3h:15:56] 76561199176957808: Spawned Entity 9V Battery (Battery9V<76a2eb70>, 50, 20) at <4487.229004, 2.825090, 11256.750977>
[COT 2023-5M-28 3h:34:23] 76561199176957808: Spawned Entity 9V Battery (Battery9V<1700a8a0>, 50, 20) at <5134.193848, 22.475618, 10660.473633>
[COT 2023-5M-28 3h:37:22] 76561199176957808: Dried [guid=-G7h99lSZDcoLDkS_Pf_kTJ_FSRUsnlVGD6gnAZk71c=]
[COT 2023-5M-28 3h:37:25] 76561199176957808: Dried [guid=zhJxvJUIQcTeCgEZ3Xhlvc_WjNMgSdId2I-HV3Jo6tA=]
[COT 2023-5M-28 3h:37:40] 76561199176957808: Dried [guid=zhJxvJUIQcTeCgEZ3Xhlvc_WjNMgSdId2I-HV3Jo6tA=]
[COT 2023-5M-28 4h:9m:1s] 76561199176957808: Set GodMode To true [guid=-G7h99lSZDcoLDkS_Pf_kTJ_FSRUsnlVGD6gnAZk71c=]
[COT 2023-5M-28 4h:12:30] 76561199176957808: Set GodMode To false [guid=-G7h99lSZDcoLDkS_Pf_kTJ_FSRUsnlVGD6gnAZk71c=]
[COT 2023-5M-28 4h:14:50] 76561199176957808: Set the date to 2011/12/13 6:0
[COT 2023-5M-28 4h:15:6s] 76561199176957808: Set the date to 2011/12/13 18:0
[COT 2023-5M-28 4h:15:30] 76561199176957808: Set rain to 0.25 0 0
[COT 2023-5M-28 4h:15:30] 76561199176957808: Set storm to 0.0625 0.8 4000
[COT 2023-5M-28 4h:15:30] 76561199176957808: Set fog to 0.5 0 0
[COT 2023-5M-28 4h:15:30] 76561199176957808: Set overcast to 0.75 0 0
[COT 2023-5M-28 4h:15:30] 76561199176957808: Set the date to 2011/12/13 7:26
[COT 2023-5M-28 4h:15:30] 76561199176957808: Set wind to 0.0375 0.0375 1
[COT 2023-5M-28 4h:40:8s] 76561199176957808: ESP: Clearing ESP
[COT 2023-5M-28 4h:40:12] 76561199176957808: ESP: ESP updating
[COT 2023-5M-28 4h:49:13] 76561199176957808: Spawned Entity CR-75 (CZ75_Base<7fc0cd70>, -1, 170) at <5228.340332, 35.488689, 8590.637695>
