[COT 2023-05-29 18:52:43] 76561198040010982: Set the date to 2011/12/13 12:0
[COT 2023-05-29 18:52:45] 76561198040010982: Set rain to 0 0 0
[COT 2023-05-29 18:52:45] 76561198040010982: Set storm to 0 0.8 4000
[COT 2023-05-29 18:52:45] 76561198040010982: Set fog to 0 0 0
[COT 2023-05-29 18:52:45] 76561198040010982: Set overcast to 0.111117 0 0
[COT 2023-05-29 18:52:45] 76561198040010982: Set the date to 2011/12/13 12:0
[COT 2023-05-29 18:52:45] 76561198040010982: Set wind to 20.6559 20.6559 1
[COT 2023-05-29 18:52:59] 76561198930893538: Set GodMode To true [guid=QOVCOk5flZ8LlxY_vIXEUxFpj4R6rL-wr-TF8_b4xZo=]
[COT 2023-05-29 18:52:59] 76561198930893538: Set cannot be targeted by AI to true [guid=QOVCOk5flZ8LlxY_vIXEUxFpj4R6rL-wr-TF8_b4xZo=]
[COT 2023-05-29 18:53:00] 76561198930893538: Set UnlimitedStamina To true [guid=QOVCOk5flZ8LlxY_vIXEUxFpj4R6rL-wr-TF8_b4xZo=]
[COT 2023-05-29 18:53:00] 76561198930893538: Set UnlimitedAmmo To true [guid=QOVCOk5flZ8LlxY_vIXEUxFpj4R6rL-wr-TF8_b4xZo=]
[COT 2023-05-29 18:53:01] 76561198930893538: Set UnlimitedStamina To false [guid=QOVCOk5flZ8LlxY_vIXEUxFpj4R6rL-wr-TF8_b4xZo=]
[COT 2023-05-29 18:53:03] 76561198930893538: Set UnlimitedStamina To true [guid=QOVCOk5flZ8LlxY_vIXEUxFpj4R6rL-wr-TF8_b4xZo=]
[COT 2023-05-29 18:53:20] 76561198040010982: ESP: Viewing ESP
[COT 2023-05-29 18:53:35] 76561199176957808: Set GodMode To true [guid=zhJxvJUIQcTeCgEZ3Xhlvc_WjNMgSdId2I-HV3Jo6tA=]
[COT 2023-05-29 18:53:36] 76561199176957808: Set UnlimitedStamina To true [guid=zhJxvJUIQcTeCgEZ3Xhlvc_WjNMgSdId2I-HV3Jo6tA=]
[COT 2023-05-29 18:53:37] 76561199176957808: Set UnlimitedAmmo To true [guid=zhJxvJUIQcTeCgEZ3Xhlvc_WjNMgSdId2I-HV3Jo6tA=]
[COT 2023-05-29 18:53:44] 76561198930893538: Healed [guid=zhJxvJUIQcTeCgEZ3Xhlvc_WjNMgSdId2I-HV3Jo6tA=]
[COT 2023-05-29 18:53:45] 76561198930893538: Healed [guid=zhJxvJUIQcTeCgEZ3Xhlvc_WjNMgSdId2I-HV3Jo6tA=]
[COT 2023-05-29 18:53:51] 76561198401795791: Set GodMode To true [guid=QjlZXS0Ark29Vwx4GPzro34d4Mh-vfgK6BY62FOJWUg=]
[COT 2023-05-29 18:53:53] 76561198401795791: Set cannot be targeted by AI to true [guid=QjlZXS0Ark29Vwx4GPzro34d4Mh-vfgK6BY62FOJWUg=]
[COT 2023-05-29 18:53:55] 76561198401795791: Set UnlimitedAmmo To true [guid=QjlZXS0Ark29Vwx4GPzro34d4Mh-vfgK6BY62FOJWUg=]
[COT 2023-05-29 18:53:57] 76561198930893538: Set cannot be targeted by AI to true [guid=zhJxvJUIQcTeCgEZ3Xhlvc_WjNMgSdId2I-HV3Jo6tA=]
[COT 2023-05-29 18:53:58] 76561198401795791: Set cannot be targeted by AI to false [guid=zhJxvJUIQcTeCgEZ3Xhlvc_WjNMgSdId2I-HV3Jo6tA=]
[COT 2023-05-29 18:53:59] 76561198401795791: Set cannot be targeted by AI to true [guid=zhJxvJUIQcTeCgEZ3Xhlvc_WjNMgSdId2I-HV3Jo6tA=]
[COT 2023-05-29 18:54:38] 76561198930893538: ESP: Clearing ESP
[COT 2023-05-29 18:54:38] 76561198930893538: ESP: Viewing ESP
[COT 2023-05-29 18:56:00] 76561198930893538: Set GodMode To false [guid=QOVCOk5flZ8LlxY_vIXEUxFpj4R6rL-wr-TF8_b4xZo=]
[COT 2023-05-29 18:56:01] 76561198040010982: Set GodMode To true [guid=8vtfObsTQABYXpVHaEsAuZ5QTEAjCvC2a-AZwd4E5dw=]
[COT 2023-05-29 18:56:02] 76561198930893538: Set cannot be targeted by AI to false [guid=QOVCOk5flZ8LlxY_vIXEUxFpj4R6rL-wr-TF8_b4xZo=]
[COT 2023-05-29 18:56:13] 76561198930893538: ESP: Clearing ESP
[COT 2023-05-29 18:56:28] 76561199176957808: Set GodMode To false [guid=zhJxvJUIQcTeCgEZ3Xhlvc_WjNMgSdId2I-HV3Jo6tA=]
[COT 2023-05-29 18:58:17] 76561198401795791: Spawned Entity Code Lock (ExpansionCodeLock<d3600000>, -1, 100) at <6619.560547, 15.286785, 11368.632813>
[COT 2023-05-29 18:59:41] 76561198040010982: Healed [guid=8vtfObsTQABYXpVHaEsAuZ5QTEAjCvC2a-AZwd4E5dw=]
[COT 2023-05-29 18:59:41] 76561198040010982: Healed [guid=8vtfObsTQABYXpVHaEsAuZ5QTEAjCvC2a-AZwd4E5dw=]
[COT 2023-05-29 18:59:41] 76561198040010982: Healed [guid=8vtfObsTQABYXpVHaEsAuZ5QTEAjCvC2a-AZwd4E5dw=]
[COT 2023-05-29 19:00:10] 76561198930893538: ESP: Viewing ESP
[COT 2023-05-29 19:00:12] 76561198930893538: ESP: Clearing ESP
[COT 2023-05-29 19:00:12] 76561198930893538: ESP: Viewing ESP
[COT 2023-05-29 19:00:21] 76561198930893538: ESP: Clearing ESP
[COT 2023-05-29 19:01:48] 76561198040010982: Entered the Free Camera
[COT 2023-05-29 19:02:11] 76561198040010982: Left the Free Camera
[COT 2023-05-29 19:05:07] 76561198040010982: ESP: Clearing ESP
[COT 2023-05-29 19:05:34] 76561198040010982: Spawned Entity UWU Grenade (FFY_UWUSound_Grenade<d4d107d0>, -1, 50) at <6678.091797, 12.865566, 11860.521484>
[COT 2023-05-29 19:05:34] 76561198040010982: Spawned Entity UWU Grenade (FFY_UWUSound_Grenade<d4d0e520>, -1, 50) at <6678.091797, 12.865566, 11860.521484>
[COT 2023-05-29 19:05:34] 76561198040010982: Spawned Entity UWU Grenade (FFY_UWUSound_Grenade<d4d0f0b0>, -1, 50) at <6678.091797, 12.865566, 11860.521484>
[COT 2023-05-29 19:05:34] 76561198040010982: Spawned Entity UWU Grenade (FFY_UWUSound_Grenade<d4d11360>, -1, 50) at <6678.091797, 12.865566, 11860.521484>
[COT 2023-05-29 19:05:34] 76561198040010982: Spawned Entity UWU Grenade (FFY_UWUSound_Grenade<65239240>, -1, 50) at <6678.091797, 12.865566, 11860.521484>
[COT 2023-05-29 19:05:34] 76561198040010982: Spawned Entity UWU Grenade (FFY_UWUSound_Grenade<65239dd0>, -1, 50) at <6678.091797, 12.865566, 11860.521484>
[COT 2023-05-29 19:05:35] 76561198040010982: Spawned Entity UWU Grenade (FFY_UWUSound_Grenade<65235870>, -1, 50) at <6678.091797, 12.865566, 11860.521484>
[COT 2023-05-29 19:06:26] 76561198930893538: Teleported to <4522.735840, 14.929378, 11057.061523> [guid=QjlZXS0Ark29Vwx4GPzro34d4Mh-vfgK6BY62FOJWUg=]
[COT 2023-05-29 19:06:56] 76561198401795791: Set Health To 100 [guid=QjlZXS0Ark29Vwx4GPzro34d4Mh-vfgK6BY62FOJWUg=]
[COT 2023-05-29 19:06:59] 76561198401795791: Set GodMode To false [guid=QjlZXS0Ark29Vwx4GPzro34d4Mh-vfgK6BY62FOJWUg=]
[COT 2023-05-29 19:07:02] 76561198401795791: Set Health To 100 [guid=QjlZXS0Ark29Vwx4GPzro34d4Mh-vfgK6BY62FOJWUg=]
[COT 2023-05-29 19:07:05] 76561198401795791: Set GodMode To true [guid=QjlZXS0Ark29Vwx4GPzro34d4Mh-vfgK6BY62FOJWUg=]
[COT 2023-05-29 19:07:16] 76561199176957808: Set GodMode To true [guid=zhJxvJUIQcTeCgEZ3Xhlvc_WjNMgSdId2I-HV3Jo6tA=]
[COT 2023-05-29 19:07:19] 76561199176957808: Healed [guid=zhJxvJUIQcTeCgEZ3Xhlvc_WjNMgSdId2I-HV3Jo6tA=]
[COT 2023-05-29 19:07:35] 76561198930893538: Teleported to position <4530.165527, 14.630000, 11042.213867>
[COT 2023-05-29 19:07:44] 76561198040010982: Entered the Free Camera
[COT 2023-05-29 19:07:53] 76561198040010982: Left the Free Camera
[COT 2023-05-29 19:08:03] 76561199176957808: Teleported to <4514.069824, 15.059583, 11057.221680> [guid=QjlZXS0Ark29Vwx4GPzro34d4Mh-vfgK6BY62FOJWUg=]
[COT 2023-05-29 19:08:54] 76561198930893538: Spawned Entity Pegasus Tactical Backpack (AssaultBag_ColorBase<cf9388c0>, -1, 250) at <4522.411133, 14.159890, 11055.344727>
[COT 2023-05-29 19:09:50] 76561198040010982: Spawned vehicle HUMMC (Offroad_02) at <4540.589844, 12.574816, 11074.525391>
[COT 2023-05-29 19:09:58] 76561198040010982: Spawned Entity M72 LAW (ExpansionLAW<d2503760>, -1, 100) at <4537.139160, 12.909095, 11067.143555>
[COT 2023-05-29 19:10:00] 76561198040010982: Spawned Entity $UNT$M72 LAW Warhead (Ammo_LAW_HE<d716f130>, 1, 100) at <4537.139160, 12.909095, 11067.143555>
[COT 2023-05-29 19:10:00] 76561198040010982: Spawned Entity $UNT$M72 LAW Warhead (Ammo_LAW_HE<d716fc40>, 1, 100) at <4537.139160, 12.909095, 11067.143555>
[COT 2023-05-29 19:10:01] 76561198040010982: Spawned Entity $UNT$M72 LAW Warhead (Ammo_LAW_HE<d7170750>, 1, 100) at <4537.139160, 12.909095, 11067.143555>
[COT 2023-05-29 19:10:01] 76561198040010982: Spawned Entity $UNT$M72 LAW Warhead (Ammo_LAW_HE<d716aed0>, 1, 100) at <4537.139160, 12.909095, 11067.143555>
[COT 2023-05-29 19:10:27] 76561198040010982: Spawned Entity M72 LAW Warhead (Ammunition_Base<d71826f0>, 1, 100) at <4516.985840, 14.383802, 11053.597656>
[COT 2023-05-29 19:10:27] 76561198040010982: Spawned Entity M72 LAW Warhead (Ammunition_Base<d71810d0>, 1, 100) at <4516.985840, 14.383802, 11053.597656>
[COT 2023-05-29 19:10:27] 76561198040010982: Spawned Entity M72 LAW Warhead (Ammunition_Base<d7183200>, 1, 100) at <4516.985840, 14.383802, 11053.597656>
[COT 2023-05-29 19:10:27] 76561198040010982: Spawned Entity M72 LAW Warhead (Ammunition_Base<d7181be0>, 1, 100) at <4516.985840, 14.383802, 11053.597656>
[COT 2023-05-29 19:13:47] 76561199176957808: Teleported to position <6316.699707, 20.865019, 9424.517578>
[COT 2023-05-29 19:14:23] 76561198040010982: Entered the Free Camera
[COT 2023-05-29 19:14:33] 76561198040010982: Left the Free Camera
[COT 2023-05-29 19:15:13] 76561198040010982: Entered the Free Camera
[COT 2023-05-29 19:15:27] 76561199176957808: Set Reputation To 8000000 [guid=QjlZXS0Ark29Vwx4GPzro34d4Mh-vfgK6BY62FOJWUg=]
[COT 2023-05-29 19:15:29] 76561198040010982: Left the Free Camera
[COT 2023-05-29 19:15:44] 76561198040010982: Entered the Free Camera
[COT 2023-05-29 19:18:17] 76561199176957808: Spawned Entity Hryvnia Banknotes Stack (ExpansionBanknoteHryvnia<d37d1130>, 50000, 100) at <6301.226074, 20.692451, 9520.794922>
[COT 2023-05-29 19:18:17] 76561199176957808: Spawned Entity Hryvnia Banknotes Stack (ExpansionBanknoteHryvnia<d37cc3c0>, 50000, 100) at <6301.226074, 20.692451, 9520.794922>
[COT 2023-05-29 19:18:17] 76561199176957808: Spawned Entity Hryvnia Banknotes Stack (ExpansionBanknoteHryvnia<d37e1ab0>, 50000, 100) at <6301.226074, 20.692451, 9520.794922>
[COT 2023-05-29 19:18:17] 76561199176957808: Spawned Entity Hryvnia Banknotes Stack (ExpansionBanknoteHryvnia<d37de360>, 50000, 100) at <6301.226074, 20.692451, 9520.794922>
[COT 2023-05-29 19:18:18] 76561199176957808: Spawned Entity Hryvnia Banknotes Stack (ExpansionBanknoteHryvnia<d37e30d0>, 50000, 100) at <6301.226074, 20.692451, 9520.794922>
[COT 2023-05-29 19:18:18] 76561199176957808: Spawned Entity Hryvnia Banknotes Stack (ExpansionBanknoteHryvnia<d37dee70>, 50000, 100) at <6301.226074, 20.692451, 9520.794922>
[COT 2023-05-29 19:18:18] 76561199176957808: Spawned Entity Hryvnia Banknotes Stack (ExpansionBanknoteHryvnia<d37dcd40>, 50000, 100) at <6301.226074, 20.692451, 9520.794922>
[COT 2023-05-29 19:18:18] 76561199176957808: Spawned Entity Hryvnia Banknotes Stack (ExpansionBanknoteHryvnia<d37e3be0>, 50000, 100) at <6301.226074, 20.692451, 9520.794922>
[COT 2023-05-29 19:18:18] 76561199176957808: Spawned Entity Hryvnia Banknotes Stack (ExpansionBanknoteHryvnia<d37dd850>, 50000, 100) at <6301.226074, 20.692451, 9520.794922>
[COT 2023-05-29 19:18:18] 76561199176957808: Spawned Entity Hryvnia Banknotes Stack (ExpansionBanknoteHryvnia<d37e5d10>, 50000, 100) at <6301.226074, 20.692451, 9520.794922>
[COT 2023-05-29 19:18:19] 76561199176957808: Spawned Entity Hryvnia Banknotes Stack (ExpansionBanknoteHryvnia<d37df980>, 50000, 100) at <6301.226074, 20.692451, 9520.794922>
[COT 2023-05-29 19:18:19] 76561199176957808: Spawned Entity Hryvnia Banknotes Stack (ExpansionBanknoteHryvnia<d37e7330>, 50000, 100) at <6301.226074, 20.692451, 9520.794922>
[COT 2023-05-29 19:18:19] 76561199176957808: Spawned Entity Hryvnia Banknotes Stack (ExpansionBanknoteHryvnia<d37e5200>, 50000, 100) at <6301.226074, 20.692451, 9520.794922>
[COT 2023-05-29 19:18:21] 76561198401795791: Entered the Free Camera
[COT 2023-05-29 19:18:35] 76561198401795791: Left the Free Camera
[COT 2023-05-29 19:19:34] 76561199176957808: Set Reputation To 800000000 [guid=zhJxvJUIQcTeCgEZ3Xhlvc_WjNMgSdId2I-HV3Jo6tA=]
[COT 2023-05-29 19:19:50] 76561199176957808: Spawned Entity Hryvnia Banknotes Stack (ExpansionBanknoteHryvnia<cef399e0>, 50000, 100) at <6301.938965, 20.692415, 9521.492188>
[COT 2023-05-29 19:19:50] 76561199176957808: Spawned Entity Hryvnia Banknotes Stack (ExpansionBanknoteHryvnia<cef3a4f0>, 50000, 100) at <6301.938965, 20.692415, 9521.492188>
[COT 2023-05-29 19:19:50] 76561199176957808: Spawned Entity Hryvnia Banknotes Stack (ExpansionBanknoteHryvnia<cef35780>, 50000, 100) at <6301.938965, 20.692415, 9521.492188>
[COT 2023-05-29 19:19:50] 76561199176957808: Spawned Entity Hryvnia Banknotes Stack (ExpansionBanknoteHryvnia<cef34160>, 50000, 100) at <6301.938965, 20.692415, 9521.492188>
[COT 2023-05-29 19:19:51] 76561199176957808: Spawned Entity Hryvnia Banknotes Stack (ExpansionBanknoteHryvnia<cef3b000>, 50000, 100) at <6301.938965, 20.692415, 9521.492188>
[COT 2023-05-29 19:19:51] 76561199176957808: Spawned Entity Hryvnia Banknotes Stack (ExpansionBanknoteHryvnia<cef34c70>, 50000, 100) at <6301.938965, 20.692415, 9521.492188>
[COT 2023-05-29 19:19:51] 76561199176957808: Spawned Entity Hryvnia Banknotes Stack (ExpansionBanknoteHryvnia<cef3dc40>, 50000, 100) at <6301.938965, 20.692415, 9521.492188>
[COT 2023-05-29 19:19:51] 76561199176957808: Spawned Entity Hryvnia Banknotes Stack (ExpansionBanknoteHryvnia<cef434c0>, 50000, 100) at <6301.938965, 20.692415, 9521.492188>
[COT 2023-05-29 19:19:51] 76561199176957808: Spawned Entity Hryvnia Banknotes Stack (ExpansionBanknoteHryvnia<cef4dab0>, 50000, 100) at <6301.938965, 20.692415, 9521.492188>
[COT 2023-05-29 19:19:52] 76561199176957808: Spawned Entity Hryvnia Banknotes Stack (ExpansionBanknoteHryvnia<cef506f0>, 50000, 100) at <6301.938965, 20.692415, 9521.492188>
[COT 2023-05-29 19:19:52] 76561199176957808: Spawned Entity Hryvnia Banknotes Stack (ExpansionBanknoteHryvnia<cef52820>, 50000, 100) at <6301.938965, 20.692415, 9521.492188>
[COT 2023-05-29 19:19:52] 76561199176957808: Spawned Entity Hryvnia Banknotes Stack (ExpansionBanknoteHryvnia<cef53330>, 50000, 100) at <6301.938965, 20.692415, 9521.492188>
[COT 2023-05-29 19:19:52] 76561199176957808: Spawned Entity Hryvnia Banknotes Stack (ExpansionBanknoteHryvnia<cef4e5c0>, 50000, 100) at <6301.938965, 20.692415, 9521.492188>
[COT 2023-05-29 19:19:52] 76561199176957808: Spawned Entity Hryvnia Banknotes Stack (ExpansionBanknoteHryvnia<cef5d920>, 50000, 100) at <6301.938965, 20.692415, 9521.492188>
[COT 2023-05-29 19:19:52] 76561199176957808: Spawned Entity Hryvnia Banknotes Stack (ExpansionBanknoteHryvnia<cef5ef40>, 50000, 100) at <6301.938965, 20.692415, 9521.492188>
[COT 2023-05-29 19:19:53] 76561199176957808: Spawned Entity Hryvnia Banknotes Stack (ExpansionBanknoteHryvnia<cef647c0>, 50000, 100) at <6301.938965, 20.692415, 9521.492188>
[COT 2023-05-29 19:19:53] 76561199176957808: Spawned Entity Hryvnia Banknotes Stack (ExpansionBanknoteHryvnia<cef62690>, 50000, 100) at <6301.938965, 20.692415, 9521.492188>
[COT 2023-05-29 19:19:53] 76561199176957808: Spawned Entity Hryvnia Banknotes Stack (ExpansionBanknoteHryvnia<cef5fa50>, 50000, 100) at <6301.938965, 20.692415, 9521.492188>
[COT 2023-05-29 19:20:27] 76561198401795791: Set GodMode To true [guid=QjlZXS0Ark29Vwx4GPzro34d4Mh-vfgK6BY62FOJWUg=]
[COT 2023-05-29 19:20:31] 76561198401795791: Set GodMode To false [guid=QjlZXS0Ark29Vwx4GPzro34d4Mh-vfgK6BY62FOJWUg=]
[COT 2023-05-29 19:20:32] 76561198401795791: Set Blood To 5000 [guid=QjlZXS0Ark29Vwx4GPzro34d4Mh-vfgK6BY62FOJWUg=]
[COT 2023-05-29 19:20:32] 76561198401795791: Set Energy To 5000 [guid=QjlZXS0Ark29Vwx4GPzro34d4Mh-vfgK6BY62FOJWUg=]
[COT 2023-05-29 19:20:32] 76561198401795791: Set Water To 5000 [guid=QjlZXS0Ark29Vwx4GPzro34d4Mh-vfgK6BY62FOJWUg=]
[COT 2023-05-29 19:20:34] 76561198401795791: Set GodMode To true [guid=QjlZXS0Ark29Vwx4GPzro34d4Mh-vfgK6BY62FOJWUg=]
[COT 2023-05-29 19:20:36] 76561199176957808: Spawned Entity Hryvnia Banknotes Stack (ExpansionBanknoteHryvnia<6a40a530>, 50000, 100) at <6300.619141, 20.692446, 9520.829102>
[COT 2023-05-29 19:20:36] 76561198401795791: Set cannot be targeted by AI to true [guid=QjlZXS0Ark29Vwx4GPzro34d4Mh-vfgK6BY62FOJWUg=]
[COT 2023-05-29 19:20:36] 76561199176957808: Spawned Entity Hryvnia Banknotes Stack (ExpansionBanknoteHryvnia<6a41aeb0>, 50000, 100) at <6300.619141, 20.692446, 9520.829102>
[COT 2023-05-29 19:20:36] 76561199176957808: Spawned Entity Hryvnia Banknotes Stack (ExpansionBanknoteHryvnia<6a425fb0>, 50000, 100) at <6300.619141, 20.692446, 9520.829102>
[COT 2023-05-29 19:20:36] 76561199176957808: Spawned Entity Hryvnia Banknotes Stack (ExpansionBanknoteHryvnia<6a41fc20>, 50000, 100) at <6300.619141, 20.692446, 9520.829102>
[COT 2023-05-29 19:20:36] 76561199176957808: Spawned Entity Hryvnia Banknotes Stack (ExpansionBanknoteHryvnia<6a4280e0>, 50000, 100) at <6300.619141, 20.692446, 9520.829102>
[COT 2023-05-29 19:20:36] 76561199176957808: Spawned Entity Hryvnia Banknotes Stack (ExpansionBanknoteHryvnia<6a423370>, 50000, 100) at <6300.619141, 20.692446, 9520.829102>
[COT 2023-05-29 19:20:37] 76561199176957808: Spawned Entity Hryvnia Banknotes Stack (ExpansionBanknoteHryvnia<6a42ad20>, 50000, 100) at <6300.619141, 20.692446, 9520.829102>
[COT 2023-05-29 19:20:37] 76561199176957808: Spawned Entity Hryvnia Banknotes Stack (ExpansionBanknoteHryvnia<6aca21a0>, 50000, 100) at <6300.619141, 20.692446, 9520.829102>
[COT 2023-05-29 19:20:37] 76561199176957808: Spawned Entity Hryvnia Banknotes Stack (ExpansionBanknoteHryvnia<6aca58f0>, 50000, 100) at <6300.619141, 20.692446, 9520.829102>
[COT 2023-05-29 19:20:37] 76561199176957808: Spawned Entity Hryvnia Banknotes Stack (ExpansionBanknoteHryvnia<6aca0070>, 50000, 100) at <6300.619141, 20.692446, 9520.829102>
[COT 2023-05-29 19:20:37] 76561198401795791: Set UnlimitedStamina To true [guid=QjlZXS0Ark29Vwx4GPzro34d4Mh-vfgK6BY62FOJWUg=]
[COT 2023-05-29 19:20:37] 76561199176957808: Spawned Entity Hryvnia Banknotes Stack (ExpansionBanknoteHryvnia<6aca2cb0>, 50000, 100) at <6300.619141, 20.692446, 9520.829102>
[COT 2023-05-29 19:20:37] 76561199176957808: Spawned Entity Hryvnia Banknotes Stack (ExpansionBanknoteHryvnia<6aca8530>, 50000, 100) at <6300.619141, 20.692446, 9520.829102>
[COT 2023-05-29 19:20:37] 76561198401795791: Set UnlimitedAmmo To true [guid=QjlZXS0Ark29Vwx4GPzro34d4Mh-vfgK6BY62FOJWUg=]
[COT 2023-05-29 19:20:38] 76561199176957808: Spawned Entity Hryvnia Banknotes Stack (ExpansionBanknoteHryvnia<6aca6f10>, 50000, 100) at <6300.619141, 20.692446, 9520.829102>
[COT 2023-05-29 19:20:38] 76561199176957808: Spawned Entity Hryvnia Banknotes Stack (ExpansionBanknoteHryvnia<6acabc80>, 50000, 100) at <6300.619141, 20.692446, 9520.829102>
[COT 2023-05-29 19:20:38] 76561199176957808: Spawned Entity Hryvnia Banknotes Stack (ExpansionBanknoteHryvnia<6aca9040>, 50000, 100) at <6300.619141, 20.692446, 9520.829102>
[COT 2023-05-29 19:21:15] 76561198040010982: Left the Free Camera
[COT 2023-05-29 19:21:42] 76561198401795791: Spawned Entity Floor Kit (ExpansionFloorKit<536513c0>, -1, 100) at <5521.179199, 117.358955, 8186.726074>
[COT 2023-05-29 19:21:42] 76561198401795791: Spawned Entity Floor Kit (ExpansionFloorKit<5364e780>, -1, 100) at <5521.179199, 117.358955, 8186.726074>
[COT 2023-05-29 19:21:42] 76561198401795791: Spawned Entity Floor Kit (ExpansionFloorKit<53658260>, -1, 100) at <5521.179199, 117.358955, 8186.726074>
[COT 2023-05-29 19:21:42] 76561198401795791: Spawned Entity Floor Kit (ExpansionFloorKit<5365a390>, -1, 100) at <5521.179199, 117.358955, 8186.726074>
[COT 2023-05-29 19:21:42] 76561198401795791: Spawned Entity Floor Kit (ExpansionFloorKit<5366a200>, -1, 100) at <5521.179199, 117.358955, 8186.726074>
[COT 2023-05-29 19:21:43] 76561198401795791: Spawned Entity Floor Kit (ExpansionFloorKit<536696f0>, -1, 100) at <5521.179199, 117.358955, 8186.726074>
[COT 2023-05-29 19:21:43] 76561198401795791: Spawned Entity Floor Kit (ExpansionFloorKit<5366ad10>, -1, 100) at <5521.179199, 117.358955, 8186.726074>
[COT 2023-05-29 19:21:43] 76561198401795791: Spawned Entity Floor Kit (ExpansionFloorKit<5366ef70>, -1, 100) at <5521.179199, 117.358955, 8186.726074>
[COT 2023-05-29 19:21:43] 76561198401795791: Spawned Entity Floor Kit (ExpansionFloorKit<53673ce0>, -1, 100) at <5521.179199, 117.358955, 8186.726074>
[COT 2023-05-29 19:21:43] 76561198401795791: Spawned Entity Floor Kit (ExpansionFloorKit<53680f10>, -1, 100) at <5521.179199, 117.358955, 8186.726074>
[COT 2023-05-29 19:21:51] 76561198401795791: Spawned Entity Admin Hammer (Hammer<5367ccb0>, -1, 100) at <5521.179199, 117.358955, 8186.726074>
[COT 2023-05-29 19:21:57] 76561198040010982: Entered the Free Camera
