[COT 2023-5M-28 22:52:7s] 76561198040010982: Set GodMode To true [guid=8vtfObsTQABYXpVHaEsAuZ5QTEAjCvC2a-AZwd4E5dw=]
[COT 2023-5M-28 22:52:7s] 76561198040010982: Set cannot be targeted by AI to true [guid=8vtfObsTQABYXpVHaEsAuZ5QTEAjCvC2a-AZwd4E5dw=]
[COT 2023-5M-28 22:52:19] 76561198040010982: Spawned Entity Magnum_DK (SNAFUMagnum500_Base<efb58c90>, -1, 200) at <8073.106445, 70.742500, 11218.334961>
[COT 2023-5M-28 22:52:19] 76561198040010982: Spawned Entity Magnum_DK (SNAFUMagnum500_Base<efb54d30>, -1, 200) at <8073.106445, 70.742500, 11218.334961>
[COT 2023-5M-28 22:52:58] 76561199176957808: Set GodMode To true [guid=zhJxvJUIQcTeCgEZ3Xhlvc_WjNMgSdId2I-HV3Jo6tA=]
[COT 2023-5M-28 22:52:59] 76561199176957808: Set cannot be targeted by AI to true [guid=zhJxvJUIQcTeCgEZ3Xhlvc_WjNMgSdId2I-HV3Jo6tA=]
[COT 2023-5M-28 22:53:0s] 76561199176957808: Set UnlimitedStamina To true [guid=zhJxvJUIQcTeCgEZ3Xhlvc_WjNMgSdId2I-HV3Jo6tA=]
[COT 2023-5M-28 22:53:0s] 76561199176957808: Set UnlimitedAmmo To true [guid=zhJxvJUIQcTeCgEZ3Xhlvc_WjNMgSdId2I-HV3Jo6tA=]
[COT 2023-5M-28 22:53:2s] 76561199176957808: Healed [guid=zhJxvJUIQcTeCgEZ3Xhlvc_WjNMgSdId2I-HV3Jo6tA=]
[COT 2023-5M-28 22:53:3s] 76561198040010982: Spawned Entity Magnum_DK (SNAFUMagnum500_Base<efb5cbf0>, -1, 200) at <8058.194336, 70.551270, 11220.008789>
[COT 2023-5M-28 22:53:14] 76561199176957808: ESP: Viewing ESP
[COT 2023-5M-28 22:53:15] 76561199176957808: ESP: Clearing ESP
[COT 2023-5M-28 22:53:16] 76561199176957808: ESP: Viewing ESP
[COT 2023-5M-28 22:53:23] 76561198040010982: Teleported to <5132.191895, 53.477486, 8070.506836> [guid=zhJxvJUIQcTeCgEZ3Xhlvc_WjNMgSdId2I-HV3Jo6tA=]
[COT 2023-5M-28 22:53:34] 76561199176957808: ESP: Clearing ESP
[COT 2023-5M-28 22:53:36] 76561199176957808: ESP: Viewing ESP
[COT 2023-5M-28 22:53:37] 76561198040010982: Spawned Entity Magnum_DK (SNAFUMagnum500_Base<efb5d680>, -1, 200) at <5132.861328, 53.477158, 8071.502930>
[COT 2023-5M-28 22:54:10] 76561199176957808: ESP: Clearing ESP
[COT 2023-5M-28 22:54:12] 76561198040010982: Spawned Entity Magnum_DK (SNAFUMagnum500_Base<efb56ce0>, -1, 200) at <5134.047363, 53.476578, 8071.037109>
[COT 2023-5M-28 22:54:12] 76561199176957808: ESP: Viewing ESP
[COT 2023-5M-28 22:54:12] 76561198040010982: Spawned Entity Magnum_DK (SNAFUMagnum500_Base<efb56250>, -1, 200) at <5134.047363, 53.476578, 8071.037109>
[COT 2023-5M-28 22:54:14] 76561199176957808: ESP: Clearing ESP
[COT 2023-5M-28 22:54:17] 76561199176957808: ESP: Viewing ESP
[COT 2023-5M-28 22:54:45] 76561199176957808: ESP: Clearing ESP
[COT 2023-5M-28 22:55:15] 76561199176957808: ESP: Viewing ESP
[COT 2023-5M-28 22:55:33] 76561198040010982: Spawned Entity 500 SW Ammo (Ammunition_Base<ef2748c0>, 1, 100) at <5133.771484, 53.476711, 8071.066895>
[COT 2023-5M-28 22:55:33] 76561198040010982: Spawned Entity 500 SW Ammo (Ammunition_Base<ef273f30>, 1, 100) at <5133.771484, 53.476711, 8071.066895>
[COT 2023-5M-28 22:55:33] 76561198040010982: Spawned Entity 500 SW Ammo (Ammunition_Base<ef275250>, 1, 100) at <5133.771484, 53.476711, 8071.066895>
[COT 2023-5M-28 22:55:33] 76561198040010982: Spawned Entity 500 SW Ammo (Ammunition_Base<ef2718f0>, 1, 100) at <5133.771484, 53.476711, 8071.066895>
[COT 2023-5M-28 22:55:38] 76561199176957808: ESP: Clearing ESP
[COT 2023-5M-28 22:55:54] 76561199176957808: Healed [guid=zhJxvJUIQcTeCgEZ3Xhlvc_WjNMgSdId2I-HV3Jo6tA=]
[COT 2023-5M-28 22:55:58] 76561199176957808: Set UnlimitedStamina To true [guid=-G7h99lSZDcoLDkS_Pf_kTJ_FSRUsnlVGD6gnAZk71c=]
[COT 2023-5M-28 22:56:0s] 76561199176957808: Healed [guid=-G7h99lSZDcoLDkS_Pf_kTJ_FSRUsnlVGD6gnAZk71c=]
[COT 2023-5M-28 22:57:35] 76561198930893538: Set GodMode To true [guid=QOVCOk5flZ8LlxY_vIXEUxFpj4R6rL-wr-TF8_b4xZo=]
[COT 2023-5M-28 22:57:36] 76561198930893538: Set UnlimitedStamina To true [guid=QOVCOk5flZ8LlxY_vIXEUxFpj4R6rL-wr-TF8_b4xZo=]
[COT 2023-5M-28 22:57:37] 76561198930893538: Set UnlimitedAmmo To true [guid=QOVCOk5flZ8LlxY_vIXEUxFpj4R6rL-wr-TF8_b4xZo=]
[COT 2023-5M-28 22:57:37] 76561198930893538: Set Invisibility To 1 [guid=QOVCOk5flZ8LlxY_vIXEUxFpj4R6rL-wr-TF8_b4xZo=]
[COT 2023-5M-28 22:57:38] 76561198930893538: Set Invisibility To 0 [guid=QOVCOk5flZ8LlxY_vIXEUxFpj4R6rL-wr-TF8_b4xZo=]
[COT 2023-5M-28 22:57:40] 76561198930893538: Set cannot be targeted by AI to true [guid=QOVCOk5flZ8LlxY_vIXEUxFpj4R6rL-wr-TF8_b4xZo=]
[COT 2023-5M-28 22:57:48] 76561198930893538: Teleported to <5130.659180, 53.478233, 8070.141113> [guid=zhJxvJUIQcTeCgEZ3Xhlvc_WjNMgSdId2I-HV3Jo6tA=]
[COT 2023-5M-28 22:58:7s] 76561198040010982: Spawned Entity UWU Grenade (FFY_UWUSound_Grenade<f1f2c2a0>, -1, 50) at <5130.179199, 53.478424, 8071.356445>
[COT 2023-5M-28 22:58:7s] 76561198040010982: Spawned Entity UWU Grenade (FFY_UWUSound_Grenade<f1f32740>, -1, 50) at <5130.179199, 53.478424, 8071.356445>
[COT 2023-5M-28 22:59:45] 76561198401795791: Set GodMode To true [guid=QjlZXS0Ark29Vwx4GPzro34d4Mh-vfgK6BY62FOJWUg=]
[COT 2023-5M-28 22:59:45] 76561198040010982: Healed [guid=-G7h99lSZDcoLDkS_Pf_kTJ_FSRUsnlVGD6gnAZk71c=]
[COT 2023-5M-28 22:59:45] 76561198040010982: Healed [guid=-G7h99lSZDcoLDkS_Pf_kTJ_FSRUsnlVGD6gnAZk71c=]
[COT 2023-5M-28 22:59:46] 76561198401795791: Set cannot be targeted by AI to true [guid=QjlZXS0Ark29Vwx4GPzro34d4Mh-vfgK6BY62FOJWUg=]
[COT 2023-5M-28 22:59:46] 76561198401795791: Set UnlimitedStamina To true [guid=QjlZXS0Ark29Vwx4GPzro34d4Mh-vfgK6BY62FOJWUg=]
[COT 2023-5M-28 22:59:47] 76561198401795791: Set UnlimitedAmmo To true [guid=QjlZXS0Ark29Vwx4GPzro34d4Mh-vfgK6BY62FOJWUg=]
[COT 2023-5M-28 22:59:50] 76561198401795791: Set Energy To 5000 [guid=QjlZXS0Ark29Vwx4GPzro34d4Mh-vfgK6BY62FOJWUg=]
[COT 2023-5M-28 22:59:57] 76561198401795791: Teleported to <5133.779297, 53.476707, 8071.179199> [guid=zhJxvJUIQcTeCgEZ3Xhlvc_WjNMgSdId2I-HV3Jo6tA=]
[COT 2023-5M-28 23:0m:42] 76561198401795791: Spawned Entity Magnum_DK (SNAFUMagnum500_Base<efb2b3c0>, -1, 200) at <5132.406250, 53.477379, 8070.497559>
[COT 2023-5M-28 23:3m:12] 76561199176957808: Set rain to 0 0 0
[COT 2023-5M-28 23:3m:12] 76561199176957808: Set storm to 0 0.8 4000
[COT 2023-5M-28 23:3m:12] 76561199176957808: Set fog to 0 0 0
[COT 2023-5M-28 23:3m:12] 76561199176957808: Set overcast to 0 0 0
[COT 2023-5M-28 23:3m:12] 76561199176957808: Set wind to 0 0 1
[COT 2023-5M-28 23:3m:26] 76561198040010982: Spawned Entity Magnum_DK (SNAFUMagnum500_Base<efb2e890>, -1, 200) at <5131.733887, 53.477703, 8071.286621>
[COT 2023-5M-28 23:4m:26] 76561198930893538: Teleported [guid=-G7h99lSZDcoLDkS_Pf_kTJ_FSRUsnlVGD6gnAZk71c=] to <5132.266602, 53.477440, 8071.128906>
[COT 2023-5M-28 23:4m:28] 76561199176957808: Teleported [guid=-G7h99lSZDcoLDkS_Pf_kTJ_FSRUsnlVGD6gnAZk71c=] to <5133.721191, 53.476738, 8071.719727>
[COT 2023-5M-28 23:4m:48] 76561198930893538: Teleported [guid=-G7h99lSZDcoLDkS_Pf_kTJ_FSRUsnlVGD6gnAZk71c=] to <5132.032227, 53.477562, 8070.568848>
[COT 2023-5M-28 23:5m:7s] 76561198930893538: Teleported to position <6806.662598, 15.000000, 11662.389648>
[COT 2023-5M-28 23:6m:3s] 76561199176957808: Set the date to 2011/12/16 12:0
[COT 2023-5M-28 23:6m:34] 76561199176957808: Set Receive Damage Dealt To true [guid=-G7h99lSZDcoLDkS_Pf_kTJ_FSRUsnlVGD6gnAZk71c=]
[COT 2023-5M-28 23:6m:39] 76561199176957808: Set GodMode To false [guid=zhJxvJUIQcTeCgEZ3Xhlvc_WjNMgSdId2I-HV3Jo6tA=]
[COT 2023-5M-28 23:6m:57] 76561198930893538: Spawned Entity TacTec Vest (PlateCarrierVest<fa858e00>, -1, 450) at <6792.399902, 18.449125, 11686.318359>
[COT 2023-5M-28 23:7m:32] 76561198930893538: Spawned Entity Fast Pouch (Container_Base<fa860a50>, -1, 250) at <6792.399902, 18.449125, 11686.318359>
[COT 2023-5M-28 23:7m:33] 76561198930893538: Spawned Entity Fast Pouch (Container_Base<fa85a120>, -1, 250) at <6792.399902, 18.449125, 11686.318359>
[COT 2023-5M-28 23:7m:50] 76561198930893538: Spawned Entity Pouch (Container_Base<fa8405f0>, -1, 250) at <6792.399902, 18.449125, 11686.318359>
[COT 2023-5M-28 23:7m:51] 76561199176957808: Set Receive Damage Dealt To false [guid=-G7h99lSZDcoLDkS_Pf_kTJ_FSRUsnlVGD6gnAZk71c=]
[COT 2023-5M-28 23:7m:52] 76561199176957808: Set UnlimitedStamina To true [guid=-G7h99lSZDcoLDkS_Pf_kTJ_FSRUsnlVGD6gnAZk71c=]
[COT 2023-5M-28 23:7m:54] 76561199176957808: Healed [guid=-G7h99lSZDcoLDkS_Pf_kTJ_FSRUsnlVGD6gnAZk71c=]
[COT 2023-5M-28 23:8m:27] 76561198401795791: Set GodMode To true [guid=QjlZXS0Ark29Vwx4GPzro34d4Mh-vfgK6BY62FOJWUg=]
[COT 2023-5M-28 23:8m:28] 76561198401795791: Set cannot be targeted by AI to true [guid=QjlZXS0Ark29Vwx4GPzro34d4Mh-vfgK6BY62FOJWUg=]
[COT 2023-5M-28 23:8m:28] 76561198401795791: Set UnlimitedStamina To true [guid=QjlZXS0Ark29Vwx4GPzro34d4Mh-vfgK6BY62FOJWUg=]
[COT 2023-5M-28 23:8m:29] 76561198401795791: Set UnlimitedAmmo To true [guid=QjlZXS0Ark29Vwx4GPzro34d4Mh-vfgK6BY62FOJWUg=]
[COT 2023-5M-28 23:8m:31] 76561198930893538: Spawned Entity IV Saline Bag (SalineBagIV<f359bcf0>, -1, 20) at <6792.399902, 18.449125, 11686.318359>
[COT 2023-5M-28 23:8m:31] 76561198930893538: Spawned Entity IV Saline Bag (SalineBagIV<f359d9a0>, -1, 20) at <6792.399902, 18.449125, 11686.318359>
[COT 2023-5M-28 23:8m:43] 76561198930893538: Spawned Entity Bandage (BandageDressing<f3597070>, 4, 50) at <6792.399902, 18.449125, 11686.318359>
[COT 2023-5M-28 23:8m:43] 76561198930893538: Spawned Entity Bandage (BandageDressing<f359ecc0>, 4, 50) at <6792.399902, 18.449125, 11686.318359>
[COT 2023-5M-28 23:8m:51] 76561198930893538: Spawned Entity Morphine Auto-Injector (Morphine<f359c680>, -1, 50) at <6792.399902, 18.449125, 11686.318359>
[COT 2023-5M-28 23:9m:10] 76561198930893538: Spawned Entity Blood Collection Kit (BloodBagEmpty<f35a0970>, -1, 20) at <6792.399902, 18.449125, 11686.318359>
[COT 2023-5M-28 23:9m:10] 76561198930893538: Spawned Entity Blood Collection Kit (BloodBagEmpty<f35a1300>, -1, 20) at <6792.399902, 18.449125, 11686.318359>
[COT 2023-5M-28 23:9m:31] 76561198040010982: Spawned Entity Revolver (Magnum<efb43000>, -1, 200) at <5129.880859, 53.478546, 8071.071289>
[COT 2023-5M-28 23:9m:46] 76561198930893538: Spawned Entity Morphine Auto-Injector (Morphine<f35be790>, -1, 50) at <6792.399902, 18.449125, 11686.318359>
[COT 2023-5M-28 23:9m:55] 76561198930893538: Spawned Entity Epinephrine Auto-Injector (Epinephrine<fb79d250>, -1, 50) at <6792.399902, 18.449125, 11686.318359>
[COT 2023-5M-28 23:9m:55] 76561198930893538: Spawned Entity Epinephrine Auto-Injector (Epinephrine<fb79a280>, -1, 50) at <6792.399902, 18.449125, 11686.318359>
[COT 2023-5M-28 23:10:19] 76561198930893538: Spawned Entity AK103 Magazine (SNAFU_AK103_Mag<fb7b2100>, 1, 100) at <6792.399902, 18.449125, 11686.318359>
[COT 2023-5M-28 23:10:19] 76561198930893538: Spawned Entity AK103 Magazine (SNAFU_AK103_Mag<fb7acaf0>, 1, 100) at <6792.399902, 18.449125, 11686.318359>
[COT 2023-5M-28 23:10:20] 76561198930893538: Spawned Entity AK103 Magazine (SNAFU_AK103_Mag<fb7ab7d0>, 1, 100) at <6792.399902, 18.449125, 11686.318359>
[COT 2023-5M-28 23:10:20] 76561198930893538: Spawned Entity AK103 Magazine (SNAFU_AK103_Mag<fb7b2a90>, 1, 100) at <6792.399902, 18.449125, 11686.318359>
[COT 2023-5M-28 23:10:20] 76561198930893538: Spawned Entity AK103 Magazine (SNAFU_AK103_Mag<fb7ae7a0>, 1, 100) at <6792.399902, 18.449125, 11686.318359>
[COT 2023-5M-28 23:10:20] 76561198930893538: Spawned Entity AK103 Magazine (SNAFU_AK103_Mag<fb7b8a30>, 1, 100) at <6792.399902, 18.449125, 11686.318359>
[COT 2023-5M-28 23:10:28] 76561198401795791: Set GodMode To false [guid=QjlZXS0Ark29Vwx4GPzro34d4Mh-vfgK6BY62FOJWUg=]
[COT 2023-5M-28 23:10:32] 76561198401795791: Healed [guid=QjlZXS0Ark29Vwx4GPzro34d4Mh-vfgK6BY62FOJWUg=]
[COT 2023-5M-28 23:10:33] 76561198401795791: Healed [guid=QjlZXS0Ark29Vwx4GPzro34d4Mh-vfgK6BY62FOJWUg=]
[COT 2023-5M-28 23:10:34] 76561198401795791: Set GodMode To true [guid=QjlZXS0Ark29Vwx4GPzro34d4Mh-vfgK6BY62FOJWUg=]
[COT 2023-5M-28 23:10:43] 76561199176957808: Teleported [guid=-G7h99lSZDcoLDkS_Pf_kTJ_FSRUsnlVGD6gnAZk71c=] to <5131.959473, 53.477596, 8071.842773>
[COT 2023-5M-28 23:10:51] 76561198401795791: Set Health To 0 [guid=QjlZXS0Ark29Vwx4GPzro34d4Mh-vfgK6BY62FOJWUg=]
[COT 2023-5M-28 23:10:52] 76561198401795791: Set GodMode To false [guid=QjlZXS0Ark29Vwx4GPzro34d4Mh-vfgK6BY62FOJWUg=]
[COT 2023-5M-28 23:10:54] 76561198401795791: Set Health To 0 [guid=QjlZXS0Ark29Vwx4GPzro34d4Mh-vfgK6BY62FOJWUg=]
[COT 2023-5M-28 23:10:56] 76561198040010982: Spawned Entity SCAR_DK (Snafu_ScarH_Base<efb41050>, -1, 200) at <5129.500977, 53.478756, 8071.320801>
[COT 2023-5M-28 23:10:59] 76561199176957808: Set UnlimitedStamina To true [guid=-G7h99lSZDcoLDkS_Pf_kTJ_FSRUsnlVGD6gnAZk71c=]
[COT 2023-5M-28 23:11:20] 76561198040010982: Set rain to 0.8 0 0
[COT 2023-5M-28 23:11:20] 76561198040010982: Set storm to 0.64 0.8 4000
[COT 2023-5M-28 23:11:20] 76561198040010982: Set fog to 0.3 0 0
[COT 2023-5M-28 23:11:20] 76561198040010982: Set overcast to 1 0 0
[COT 2023-5M-28 23:11:20] 76561198040010982: Set wind to 0.56 0.7 1
[COT 2023-5M-28 23:11:21] 76561198040010982: Set rain to 0.8 0 0
[COT 2023-5M-28 23:11:21] 76561198040010982: Set storm to 0.64 0.8 4000
[COT 2023-5M-28 23:11:21] 76561198040010982: Set fog to 0.3 0 0
[COT 2023-5M-28 23:11:21] 76561198040010982: Set overcast to 1 0 0
[COT 2023-5M-28 23:11:21] 76561198040010982: Set the date to 2011/12/16 12:13
[COT 2023-5M-28 23:11:21] 76561198040010982: Set wind to 0.7 0.7 1
[COT 2023-5M-28 23:11:36] 76561198401795791: Teleported to <5130.531250, 53.478294, 8071.327148> [guid=zhJxvJUIQcTeCgEZ3Xhlvc_WjNMgSdId2I-HV3Jo6tA=]
[COT 2023-5M-28 23:11:40] 76561198401795791: Set GodMode To true [guid=QjlZXS0Ark29Vwx4GPzro34d4Mh-vfgK6BY62FOJWUg=]
[COT 2023-5M-28 23:11:41] 76561198401795791: Set cannot be targeted by AI to true [guid=QjlZXS0Ark29Vwx4GPzro34d4Mh-vfgK6BY62FOJWUg=]
[COT 2023-5M-28 23:11:41] 76561198401795791: Set UnlimitedStamina To true [guid=QjlZXS0Ark29Vwx4GPzro34d4Mh-vfgK6BY62FOJWUg=]
[COT 2023-5M-28 23:11:42] 76561198401795791: Set UnlimitedAmmo To true [guid=QjlZXS0Ark29Vwx4GPzro34d4Mh-vfgK6BY62FOJWUg=]
[COT 2023-5M-28 23:11:42] 76561198401795791: Set UnlimitedAmmo To false [guid=QjlZXS0Ark29Vwx4GPzro34d4Mh-vfgK6BY62FOJWUg=]
[COT 2023-5M-28 23:11:55] 76561198040010982: Set GodMode To false [guid=8vtfObsTQABYXpVHaEsAuZ5QTEAjCvC2a-AZwd4E5dw=]
[COT 2023-5M-28 23:11:56] 76561198930893538: Spawned Entity Velcro Patch (MSFC_Velcro_Patch_MEDIC_EN<fc0697c0>, -1, 250) at <6792.631348, 18.448408, 11687.391602>
[COT 2023-5M-28 23:12:32] 76561198401795791: Spawned Entity Cowboy Hat (CowboyHat_black<fd7c7b70>, -1, 60) at <5133.717285, 53.476738, 8071.333496>
[COT 2023-5M-28 23:12:40] 76561198401795791: Spawned Entity Round Glasses (Clothing<fd7a6d80>, -1, 50) at <5133.717285, 53.476738, 8071.333496>
[COT 2023-5M-28 23:12:40] 76561198040010982: Teleported to <5128.085449, 53.422615, 8070.891113> [guid=-G7h99lSZDcoLDkS_Pf_kTJ_FSRUsnlVGD6gnAZk71c=]
[COT 2023-5M-28 23:12:49] 76561198930893538: Teleported to <5128.865234, 53.479107, 8071.255859> [guid=zhJxvJUIQcTeCgEZ3Xhlvc_WjNMgSdId2I-HV3Jo6tA=]
[COT 2023-5M-28 23:12:49] 76561198040010982: Entered the Free Camera
[COT 2023-5M-28 23:12:54] 76561198401795791: Spawned Entity Ski Mask (MSFC_Facemask_Base<fd7a4740>, -1, 250) at <5133.717285, 53.476738, 8071.333496>
[COT 2023-5M-28 23:12:55] 76561198040010982: Left the Free Camera
[COT 2023-5M-28 23:13:17] 76561199176957808: Set GodMode To true [guid=zhJxvJUIQcTeCgEZ3Xhlvc_WjNMgSdId2I-HV3Jo6tA=]
[COT 2023-5M-28 23:13:21] 76561199176957808: Healed [guid=zhJxvJUIQcTeCgEZ3Xhlvc_WjNMgSdId2I-HV3Jo6tA=]
[COT 2023-5M-28 23:14:6s] 76561199176957808: Set Receive Damage Dealt To true [guid=QOVCOk5flZ8LlxY_vIXEUxFpj4R6rL-wr-TF8_b4xZo=]
[COT 2023-5M-28 23:14:12] 76561199176957808: Set GodMode To false [guid=QOVCOk5flZ8LlxY_vIXEUxFpj4R6rL-wr-TF8_b4xZo=]
[COT 2023-5M-28 23:14:16] 76561198930893538: Spawned Entity Handcuffs (Handcuffs<8e995a60>, -1, 200) at <5130.101074, 53.478504, 8070.574707>
[COT 2023-5M-28 23:14:23] 76561198401795791: ESP: ESP updating
[COT 2023-5M-28 23:14:25] 76561199176957808: Set GodMode To true [guid=QOVCOk5flZ8LlxY_vIXEUxFpj4R6rL-wr-TF8_b4xZo=]
[COT 2023-5M-28 23:14:29] 76561199176957808: Set Receive Damage Dealt To false [guid=QOVCOk5flZ8LlxY_vIXEUxFpj4R6rL-wr-TF8_b4xZo=]
[COT 2023-5M-28 23:14:34] 76561198401795791: Set Invisibility To 1 [guid=zhJxvJUIQcTeCgEZ3Xhlvc_WjNMgSdId2I-HV3Jo6tA=]
[COT 2023-5M-28 23:14:38] 76561198401795791: Set Invisibility To 0 [guid=zhJxvJUIQcTeCgEZ3Xhlvc_WjNMgSdId2I-HV3Jo6tA=]
[COT 2023-5M-28 23:14:42] 76561198401795791: Set Invisibility To 1 [guid=QOVCOk5flZ8LlxY_vIXEUxFpj4R6rL-wr-TF8_b4xZo=]
[COT 2023-5M-28 23:14:48] 76561198401795791: Set Invisibility To 0 [guid=QOVCOk5flZ8LlxY_vIXEUxFpj4R6rL-wr-TF8_b4xZo=]
[COT 2023-5M-28 23:14:51] 76561198401795791: Set Invisibility To 1 [guid=-G7h99lSZDcoLDkS_Pf_kTJ_FSRUsnlVGD6gnAZk71c=]
[COT 2023-5M-28 23:15:0s] 76561198401795791: Set Invisibility To 0 [guid=-G7h99lSZDcoLDkS_Pf_kTJ_FSRUsnlVGD6gnAZk71c=]
[COT 2023-5M-28 23:15:48] 76561198930893538: Set cannot be targeted by AI to true [guid=QOVCOk5flZ8LlxY_vIXEUxFpj4R6rL-wr-TF8_b4xZo=]
[COT 2023-5M-28 23:15:50] 76561198930893538: Set cannot be targeted by AI to false [guid=QOVCOk5flZ8LlxY_vIXEUxFpj4R6rL-wr-TF8_b4xZo=]
[COT 2023-5M-28 23:17:46] 76561199176957808: ESP: Viewing ESP
[COT 2023-5M-28 23:17:54] 76561199176957808: ESP index=0 target=SurvivorM_Oliver:011 position=<5133.535156, 53.476826, 8070.494629> action=delete
[COT 2023-5M-28 23:17:54] 76561199176957808: ESP index=1 target=SurvivorM_Taiki:08 position=<5132.266602, 53.477440, 8071.128906> action=delete
[COT 2023-5M-28 23:17:54] 76561199176957808: ESP action=delete_all count=2 attempted=2
[COT 2023-5M-28 23:18:0s] 76561199176957808: ESP index=0 target=SurvivorM_Taiki:010 position=<5130.532227, 53.504414, 8069.625977> action=delete
[COT 2023-5M-28 23:18:0s] 76561199176957808: ESP index=1 target=SurvivorM_Oliver:06 position=<5130.562500, 53.478283, 8070.538574> action=delete
[COT 2023-5M-28 23:18:0s] 76561199176957808: ESP action=delete_all count=2 attempted=2
[COT 2023-5M-28 23:18:13] 76561199176957808: ESP: Clearing ESP
[COT 2023-5M-28 23:18:14] 76561199176957808: ESP: Viewing ESP
[COT 2023-5M-28 23:18:22] 76561199176957808: ESP index=0 target=AthleticShoes_Blue:06423 position=<5129.941406, 53.435722, 8069.785156> action=delete
[COT 2023-5M-28 23:18:22] 76561199176957808: ESP index=1 target=CanvasPants_Beige:06360 position=<5129.725098, 53.417522, 8069.785156> action=delete
[COT 2023-5M-28 23:18:22] 76561199176957808: ESP index=2 target=CanvasPants_Beige:06154 position=<5132.924805, 53.415962, 8070.111816> action=delete
[COT 2023-5M-28 23:18:22] 76561199176957808: ESP index=3 target=AthleticShoes_Blue:05541 position=<5132.924805, 53.434265, 8070.328125> action=delete
[COT 2023-5M-28 23:18:22] 76561199176957808: ESP action=delete_all count=4 attempted=4
[COT 2023-5M-28 23:18:24] 76561199176957808: ESP index=0 target=Shirt_GreenCheck:012290 position=<5129.742188, 53.436699, 8069.785156> action=delete
[COT 2023-5M-28 23:18:24] 76561199176957808: ESP action=delete_all count=1 attempted=1
[COT 2023-5M-28 23:18:28] 76561199176957808: ESP index=0 target=Shirt_GreenCheck:013002 position=<5132.924805, 53.435177, 8070.128906> action=delete
[COT 2023-5M-28 23:18:28] 76561199176957808: ESP action=delete_all count=1 attempted=1
[COT 2023-5M-28 23:19:47] 76561198930893538: ESP: Viewing ESP
[COT 2023-5M-28 23:19:49] 76561198930893538: ESP: Clearing ESP
[COT 2023-5M-28 23:19:50] 76561198930893538: ESP: Viewing ESP
[COT 2023-5M-28 23:20:20] 76561199176957808: ESP: Clearing ESP
[COT 2023-5M-28 23:20:26] 76561199176957808: ESP: Viewing ESP
[COT 2023-5M-28 23:20:30] 76561198040010982: Set GodMode To true [guid=8vtfObsTQABYXpVHaEsAuZ5QTEAjCvC2a-AZwd4E5dw=]
[COT 2023-5M-28 23:20:36] 76561198040010982: Spawned Entity UWU Grenade (FFY_UWUSound_Grenade<ca80c480>, -1, 50) at <5130.426758, 53.478302, 8070.702148>
[COT 2023-5M-28 23:20:55] 76561198930893538: Teleported [guid=-G7h99lSZDcoLDkS_Pf_kTJ_FSRUsnlVGD6gnAZk71c=] to <5136.478516, 48.317841, 8088.226563>
[COT 2023-5M-28 23:20:58] 76561198401795791: Healed [guid=-G7h99lSZDcoLDkS_Pf_kTJ_FSRUsnlVGD6gnAZk71c=]
[COT 2023-5M-28 23:21:24] 76561198040010982: Spawned Entity UWU Grenade (FFY_UWUSound_Grenade<94ccdf80>, -1, 50) at <5131.976074, 53.477589, 8070.964355>
[COT 2023-5M-28 23:21:24] 76561198040010982: Spawned Entity UWU Grenade (FFY_UWUSound_Grenade<94cca320>, -1, 50) at <5131.976074, 53.477589, 8070.964355>
[COT 2023-5M-28 23:21:24] 76561198040010982: Spawned Entity UWU Grenade (FFY_UWUSound_Grenade<94cd3000>, -1, 50) at <5131.976074, 53.477589, 8070.964355>
[COT 2023-5M-28 23:21:24] 76561198040010982: Spawned Entity UWU Grenade (FFY_UWUSound_Grenade<94ca2930>, -1, 50) at <5131.976074, 53.477589, 8070.964355>
[COT 2023-5M-28 23:21:41] 76561198930893538: Set UnlimitedStamina To false [guid=QOVCOk5flZ8LlxY_vIXEUxFpj4R6rL-wr-TF8_b4xZo=]
[COT 2023-5M-28 23:21:43] 76561198930893538: Set UnlimitedStamina To true [guid=QOVCOk5flZ8LlxY_vIXEUxFpj4R6rL-wr-TF8_b4xZo=]
[COT 2023-5M-28 23:21:49] 76561198930893538: ESP: Clearing ESP
[COT 2023-5M-28 23:21:49] 76561198930893538: ESP: Viewing ESP
[COT 2023-5M-28 23:21:54] 76561199176957808: Set UnlimitedStamina To true [guid=-G7h99lSZDcoLDkS_Pf_kTJ_FSRUsnlVGD6gnAZk71c=]
[COT 2023-5M-28 23:23:1s] 76561198401795791: Teleported [guid=-G7h99lSZDcoLDkS_Pf_kTJ_FSRUsnlVGD6gnAZk71c=] to <5129.311523, 53.478874, 8071.591309>
[COT 2023-5M-28 23:23:33] 76561198401795791: Set Energy To 5000 [guid=QjlZXS0Ark29Vwx4GPzro34d4Mh-vfgK6BY62FOJWUg=]
[COT 2023-5M-28 23:23:33] 76561198401795791: Set Water To 5000 [guid=QjlZXS0Ark29Vwx4GPzro34d4Mh-vfgK6BY62FOJWUg=]
[COT 2023-5M-28 23:23:47] 76561198040010982: Entered the Free Camera
[COT 2023-5M-28 23:23:49] 76561198040010982: Left the Free Camera
[COT 2023-5M-28 23:24:4s] 76561198040010982: Teleported to position <12033.198242, 2.000000, 12010.887695>
[COT 2023-5M-28 23:24:4s] 76561199176957808: Set UnlimitedStamina To true [guid=-G7h99lSZDcoLDkS_Pf_kTJ_FSRUsnlVGD6gnAZk71c=]
[COT 2023-5M-28 23:24:6s] 76561199176957808: Healed [guid=-G7h99lSZDcoLDkS_Pf_kTJ_FSRUsnlVGD6gnAZk71c=]
[COT 2023-5M-28 23:24:22] 76561198930893538: Teleported to <11959.176758, 7.795544, 12006.884766> [guid=8vtfObsTQABYXpVHaEsAuZ5QTEAjCvC2a-AZwd4E5dw=]
[COT 2023-5M-28 23:24:24] 76561199176957808: Teleported to <11958.619141, 7.850658, 12006.586914> [guid=8vtfObsTQABYXpVHaEsAuZ5QTEAjCvC2a-AZwd4E5dw=]
[COT 2023-5M-28 23:24:47] 76561199176957808: ESP: Clearing ESP
[COT 2023-5M-28 23:24:48] 76561199176957808: ESP: Viewing ESP
[COT 2023-5M-28 23:24:54] 76561198040010982: Entered the Free Camera
[COT 2023-5M-28 23:24:57] 76561198040010982: Left the Free Camera
[COT 2023-5M-28 23:25:4s] 76561198040010982: Teleported to position <1265.996582, 2.307394, 11810.871094>
[COT 2023-5M-28 23:25:10] 76561199176957808: Teleported [guid=-G7h99lSZDcoLDkS_Pf_kTJ_FSRUsnlVGD6gnAZk71c=] to <11917.390625, 6.980694, 12010.413086>
[COT 2023-5M-28 23:25:12] 76561198401795791: Entered the Free Camera
[COT 2023-5M-28 23:25:19] 76561198401795791: Left the Free Camera
[COT 2023-5M-28 23:25:22] 76561199176957808: Teleported to <5130.477539, 53.478264, 8071.008301> [guid=QjlZXS0Ark29Vwx4GPzro34d4Mh-vfgK6BY62FOJWUg=]
[COT 2023-5M-28 23:25:25] 76561199176957808: Teleported [guid=-G7h99lSZDcoLDkS_Pf_kTJ_FSRUsnlVGD6gnAZk71c=] to <5129.921875, 53.478558, 8071.319824>
[COT 2023-5M-28 23:25:49] 76561199176957808: Teleported to <1214.238892, 2.012465, 11842.260742> [guid=8vtfObsTQABYXpVHaEsAuZ5QTEAjCvC2a-AZwd4E5dw=]
[COT 2023-5M-28 23:25:52] 76561199176957808: Teleported [guid=-G7h99lSZDcoLDkS_Pf_kTJ_FSRUsnlVGD6gnAZk71c=] to <1214.238892, 2.012465, 11842.260742>
[COT 2023-5M-28 23:25:57] 76561198930893538: ESP: Clearing ESP
[COT 2023-5M-28 23:25:57] 76561198930893538: ESP: Viewing ESP
[COT 2023-5M-28 23:25:58] 76561198930893538: ESP: Clearing ESP
[COT 2023-5M-28 23:26:2s] 76561198930893538: Teleported to <1212.525024, 2.012389, 11848.609375> [guid=8vtfObsTQABYXpVHaEsAuZ5QTEAjCvC2a-AZwd4E5dw=]
[COT 2023-5M-28 23:26:3s] 76561198930893538: Teleported to <1212.661499, 2.012424, 11847.267578> [guid=8vtfObsTQABYXpVHaEsAuZ5QTEAjCvC2a-AZwd4E5dw=]
[COT 2023-5M-28 23:26:4s] 76561198930893538: Teleported to <1212.661499, 2.012424, 11847.267578> [guid=8vtfObsTQABYXpVHaEsAuZ5QTEAjCvC2a-AZwd4E5dw=]
[COT 2023-5M-28 23:26:25] 76561198040010982: Teleported to position <11929.969727, -10.478748, 7514.666992>
[COT 2023-5M-28 23:26:27] 76561199176957808: ESP: Viewing ESP
[COT 2023-5M-28 23:26:29] 76561199176957808: ESP: Clearing ESP
[COT 2023-5M-28 23:26:31] 76561198040010982: Entered the Free Camera
[COT 2023-5M-28 23:26:32] 76561199176957808: ESP: ESP updating
[COT 2023-5M-28 23:26:40] 76561198040010982: Left the Free Camera
[COT 2023-5M-28 23:26:45] 76561198930893538: Teleported to <11899.437500, 18.795967, 7509.672852> [guid=8vtfObsTQABYXpVHaEsAuZ5QTEAjCvC2a-AZwd4E5dw=]
[COT 2023-5M-28 23:26:53] 76561199176957808: Teleported to <11896.436523, 18.846941, 7508.467773> [guid=8vtfObsTQABYXpVHaEsAuZ5QTEAjCvC2a-AZwd4E5dw=]
[COT 2023-5M-28 23:26:55] 76561199176957808: Teleported [guid=8vtfObsTQABYXpVHaEsAuZ5QTEAjCvC2a-AZwd4E5dw=] to <11895.854492, 18.846941, 7508.548828>
[COT 2023-5M-28 23:27:6s] 76561199176957808: Teleported [guid=8vtfObsTQABYXpVHaEsAuZ5QTEAjCvC2a-AZwd4E5dw=] to <11896.620117, 18.859039, 7507.268066>
[COT 2023-5M-28 23:27:13] 76561198040010982: Entered the Free Camera
[COT 2023-5M-28 23:27:18] 76561199176957808: Teleported [guid=-G7h99lSZDcoLDkS_Pf_kTJ_FSRUsnlVGD6gnAZk71c=] to <11902.170898, 15.773081, 7523.696289>
[COT 2023-5M-28 23:27:25] 76561198040010982: Left the Free Camera
[COT 2023-5M-28 23:27:32] 76561199176957808: Healed [guid=-G7h99lSZDcoLDkS_Pf_kTJ_FSRUsnlVGD6gnAZk71c=]
[COT 2023-5M-28 23:27:35] 76561199176957808: Bleeding stopped [guid=-G7h99lSZDcoLDkS_Pf_kTJ_FSRUsnlVGD6gnAZk71c=]
[COT 2023-5M-28 23:27:37] 76561199176957808: Healed [guid=-G7h99lSZDcoLDkS_Pf_kTJ_FSRUsnlVGD6gnAZk71c=]
[COT 2023-5M-28 23:27:40] 76561198040010982: Entered the Free Camera
[COT 2023-5M-28 23:27:53] 76561199176957808: Entered the Free Camera
[COT 2023-5M-28 23:28:7s] 76561199176957808: Left the Free Camera
[COT 2023-5M-28 23:28:10] 76561198930893538: Spawned Entity ABS filament (dzn_printer_filament_abs<f355b0c0>, -1, 200) at <11896.396484, 12.764006, 7515.533691>
[COT 2023-5M-28 23:28:11] 76561198930893538: Spawned Entity TPC filament (dzn_printer_filament_tpc<f3555ab0>, -1, 200) at <11896.396484, 12.764006, 7515.533691>
[COT 2023-5M-28 23:28:13] 76561198930893538: Spawned Entity Nylon filament (dzn_printer_filament_nylon<f3568320>, -1, 200) at <11896.396484, 12.764006, 7515.533691>
[COT 2023-5M-28 23:28:22] 76561198040010982: Left the Free Camera
[COT 2023-5M-28 23:28:26] 76561198040010982: Set GodMode To false [guid=8vtfObsTQABYXpVHaEsAuZ5QTEAjCvC2a-AZwd4E5dw=]
[COT 2023-5M-28 23:28:40] 76561198040010982: Set GodMode To true [guid=8vtfObsTQABYXpVHaEsAuZ5QTEAjCvC2a-AZwd4E5dw=]
[COT 2023-5M-28 23:28:43] 76561198930893538: Spawned Entity  (House<fcb998e0>, -1, 0) at <11896.507813, 12.763963, 7514.886719>
[COT 2023-5M-28 23:28:56] 76561198040010982: Teleported to <11897.503906, 12.764006, 7515.081543> [guid=QOVCOk5flZ8LlxY_vIXEUxFpj4R6rL-wr-TF8_b4xZo=]
[COT 2023-5M-28 23:28:58] 76561198040010982: Entered the Free Camera
[COT 2023-5M-28 23:29:11] 76561198040010982: ESP: Viewing ESP
[COT 2023-5M-28 23:29:12] 76561199176957808: Entered the Free Camera
[COT 2023-5M-28 23:29:24] 76561198040010982: ESP index=0 target=land_a2_levelaccess:05938 position=<11896.507813, 12.763963, 7514.886719> action=delete
[COT 2023-5M-28 23:29:24] 76561198040010982: ESP action=delete_all count=1 attempted=1
[COT 2023-5M-28 23:29:24] 76561199176957808: Left the Free Camera
[COT 2023-5M-28 23:29:27] 76561198930893538: Spawned Entity NAC access card (dzn_module_card<900ce650>, -1, 100) at <11897.215820, 12.763989, 7516.960449>
[COT 2023-5M-28 23:29:34] 76561199176957808: Teleported [guid=-G7h99lSZDcoLDkS_Pf_kTJ_FSRUsnlVGD6gnAZk71c=] to <11899.763672, 12.764616, 7526.827637>
[COT 2023-5M-28 23:29:42] 76561199176957808: Teleported [guid=-G7h99lSZDcoLDkS_Pf_kTJ_FSRUsnlVGD6gnAZk71c=] to <11899.064453, 12.764612, 7528.684570>
[COT 2023-5M-28 23:29:43] 76561198930893538: Spawned Entity LEHS Mk3 Blueprint (dzn_blueprint_lehs<94695420>, -1, 50) at <11896.310547, 12.764006, 7516.952637>
[COT 2023-5M-28 23:29:49] 76561199176957808: Healed [guid=-G7h99lSZDcoLDkS_Pf_kTJ_FSRUsnlVGD6gnAZk71c=]
[COT 2023-5M-28 23:29:50] 76561199176957808: Bleeding stopped [guid=-G7h99lSZDcoLDkS_Pf_kTJ_FSRUsnlVGD6gnAZk71c=]
[COT 2023-5M-28 23:30:30] 76561198040010982: Left the Free Camera
[COT 2023-5M-28 23:31:10] 76561198040010982: Spawned Entity LEHS Mk3 (dzn_lehs<9301d310>, -1, 500) at <11896.593750, 12.764004, 7515.569824>
[COT 2023-5M-28 23:32:51] 76561198040010982: Spawned Entity Tactical Belt (HighCapacityVest_ColorBase<8cb83480>, -1, 250) at <11896.454102, 12.764006, 7515.099609>
[COT 2023-5M-28 23:33:13] 76561198040010982: Spawned Entity Hiking Boots (HikingBoots_ColorBase<8cb936b0>, -1, 200) at <11896.338867, 12.763994, 7514.996094>
[COT 2023-5M-28 23:33:33] 76561198040010982: Spawned Entity Tactical Gloves (TacticalGloves_ColorBase<8cb91070>, -1, 100) at <11896.338867, 12.763994, 7514.996094>
[COT 2023-5M-28 23:33:38] 76561198930893538: Spawned Entity 100 Ruble Note (ItemBase<966e84f0>, 500, 100) at <11901.229492, 12.764005, 7520.687988>
[COT 2023-5M-28 23:33:39] 76561198930893538: Spawned Entity 100 Ruble Note (ItemBase<966e1bc0>, 500, 100) at <11901.229492, 12.764005, 7520.687988>
[COT 2023-5M-28 23:33:39] 76561198930893538: Spawned Entity 100 Ruble Note (ItemBase<966e9810>, 500, 100) at <11901.229492, 12.764005, 7520.687988>
[COT 2023-5M-28 23:33:39] 76561198930893538: Spawned Entity 100 Ruble Note (ItemBase<966eb4c0>, 500, 100) at <11901.229492, 12.764005, 7520.687988>
[COT 2023-5M-28 23:33:39] 76561198930893538: Spawned Entity 100 Ruble Note (ItemBase<966f1df0>, 500, 100) at <11901.229492, 12.764005, 7520.687988>
[COT 2023-5M-28 23:33:47] 76561198040010982: Spawned Entity Field Jacket (M65Jacket_ColorBase<966e3870>, -1, 150) at <11896.338867, 12.763994, 7514.996094>
[COT 2023-5M-28 23:33:50] 76561198040010982: Spawned Entity Tactical Shirt (TacticalShirt_ColorBase<966f3110>, -1, 90) at <11896.338867, 12.763994, 7514.996094>
[COT 2023-5M-28 23:33:56] 76561198040010982: Spawned Entity Cargo Pants (CargoPants_ColorBase<966ef7b0>, -1, 100) at <11896.338867, 12.763994, 7514.996094>
[COT 2023-5M-28 23:34:1s] 76561198040010982: Spawned Entity Plate Carrier (PlateCarrierVest<966eee20>, -1, 300) at <11896.338867, 12.763994, 7514.996094>
[COT 2023-5M-28 23:34:3s] 76561198040010982: Spawned Entity Holster (PlateCarrierHolster<966ed170>, -1, 100) at <11896.338867, 12.763994, 7514.996094>
[COT 2023-5M-28 23:34:3s] 76561198040010982: Spawned Entity Holster (PlateCarrierHolster<966f9a40>, -1, 100) at <11896.338867, 12.763994, 7514.996094>
[COT 2023-5M-28 23:34:3s] 76561198040010982: Spawned Entity Holster (PlateCarrierHolster<966f4dc0>, -1, 100) at <11896.338867, 12.763994, 7514.996094>
[COT 2023-5M-28 23:34:4s] 76561198040010982: Spawned Entity Pouches (PlateCarrierPouches<96704660>, -1, 200) at <11896.338867, 12.763994, 7514.996094>
[COT 2023-5M-28 23:34:4s] 76561198040010982: Spawned Entity Pouches (PlateCarrierPouches<96704ff0>, -1, 200) at <11896.338867, 12.763994, 7514.996094>
[COT 2023-5M-28 23:34:4s] 76561198040010982: Spawned Entity Pouches (PlateCarrierPouches<966ff050>, -1, 200) at <11896.338867, 12.763994, 7514.996094>
[COT 2023-5M-28 23:34:8s] 76561198040010982: Spawned Entity Tactical Belt (HighCapacityVest_ColorBase<96719510>, -1, 250) at <11896.338867, 12.763994, 7514.996094>
[COT 2023-5M-28 23:34:12] 76561198040010982: Spawned Entity Ballistic Helmet (BallisticHelmet_ColorBase<8ec420f0>, -1, 75) at <11896.338867, 12.763994, 7514.996094>
[COT 2023-5M-28 23:34:15] 76561198040010982: Spawned Entity Tactical Helmet (Mich2001Helmet<8ec3f120>, -1, 80) at <11896.338867, 12.763994, 7514.996094>
[COT 2023-5M-28 23:34:15] 76561198040010982: Spawned Entity Tactical Helmet (Mich2001Helmet<8ec43410>, -1, 80) at <11896.338867, 12.763994, 7514.996094>
[COT 2023-5M-28 23:34:24] 76561198040010982: Spawned Entity Field Backpack (AliceBag_ColorBase<8ec43da0>, -1, 130) at <11896.338867, 12.763994, 7514.996094>
[COT 2023-5M-28 23:34:25] 76561198040010982: Spawned Entity Field Backpack (AliceBag_ColorBase<8ec49d40>, -1, 130) at <11896.338867, 12.763994, 7514.996094>
[COT 2023-5M-28 23:35:50] 76561198040010982: Spawned Entity LEHS Mk3 battery (dzn_lehs_battery<8e2376c0>, 200, 300) at <11896.284180, 12.764006, 7517.037598>
[COT 2023-5M-28 23:35:50] 76561198040010982: Spawned Entity LEHS Mk3 battery (dzn_lehs_battery<8e240fc0>, 200, 300) at <11896.284180, 12.764006, 7517.037598>
[COT 2023-5M-28 23:35:50] 76561198040010982: Spawned Entity LEHS Mk3 battery (dzn_lehs_battery<8e23b9b0>, 200, 300) at <11896.284180, 12.764006, 7517.037598>
[COT 2023-5M-28 23:35:52] 76561198040010982: Spawned Entity LEHS Mk3 O2 Tank (dzn_lehs_o2tank<8e23a690>, 100, 150) at <11896.284180, 12.764006, 7517.037598>
[COT 2023-5M-28 23:35:52] 76561198040010982: Spawned Entity LEHS Mk3 O2 Tank (dzn_lehs_o2tank<8e2422e0>, 100, 150) at <11896.284180, 12.764006, 7517.037598>
[COT 2023-5M-28 23:35:54] 76561198040010982: Spawned Entity LEHS Mk3 Helmet visor (dzn_lehs_helmet_visor<8e243f90>, -1, 200) at <11896.284180, 12.764006, 7517.037598>
[COT 2023-5M-28 23:37:3s] 76561198040010982: Teleported to position <10984.414063, 1010.468018, 1618.685181>
[COT 2023-5M-28 23:37:10] 76561198040010982: Entered the Free Camera
[COT 2023-5M-28 23:37:16] 76561198040010982: Left the Free Camera
[COT 2023-5M-28 23:37:57] 76561198930893538: Teleported to <11080.391602, 1003.772034, 1623.567749> [guid=8vtfObsTQABYXpVHaEsAuZ5QTEAjCvC2a-AZwd4E5dw=]
[COT 2023-5M-28 23:39:28] 76561198930893538: Teleported to <11899.025391, 8.301104, 7557.537109> [guid=zhJxvJUIQcTeCgEZ3Xhlvc_WjNMgSdId2I-HV3Jo6tA=]
[COT 2023-5M-28 23:39:30] 76561198930893538: Teleported to <11898.902344, 7.127497, 7557.940430> [guid=zhJxvJUIQcTeCgEZ3Xhlvc_WjNMgSdId2I-HV3Jo6tA=]
[COT 2023-5M-28 23:39:32] 76561198040010982: Spawned Entity M4A1_Gold (M4A1_Base<fe8be890>, -1, 200) at <11079.649414, 1003.749817, 1622.428467>
[COT 2023-5M-28 23:39:47] 76561198930893538: Teleported to <11899.076172, 8.708450, 7556.584961> [guid=-G7h99lSZDcoLDkS_Pf_kTJ_FSRUsnlVGD6gnAZk71c=]
[COT 2023-5M-28 23:40:35] 76561199176957808: Teleported to position <5225.285156, 35.973534, 8633.438477>
[COT 2023-5M-28 23:40:48] 76561199176957808: Teleported [guid=-G7h99lSZDcoLDkS_Pf_kTJ_FSRUsnlVGD6gnAZk71c=] to <5225.285156, 35.973534, 8633.438477>
[COT 2023-5M-28 23:41:6s] 76561198930893538: Set GodMode To true [guid=QOVCOk5flZ8LlxY_vIXEUxFpj4R6rL-wr-TF8_b4xZo=]
[COT 2023-5M-28 23:41:7s] 76561198930893538: Set cannot be targeted by AI to true [guid=QOVCOk5flZ8LlxY_vIXEUxFpj4R6rL-wr-TF8_b4xZo=]
[COT 2023-5M-28 23:41:7s] 76561198930893538: Set UnlimitedStamina To true [guid=QOVCOk5flZ8LlxY_vIXEUxFpj4R6rL-wr-TF8_b4xZo=]
[COT 2023-5M-28 23:41:7s] 76561198930893538: Set UnlimitedAmmo To true [guid=QOVCOk5flZ8LlxY_vIXEUxFpj4R6rL-wr-TF8_b4xZo=]
[COT 2023-5M-28 23:41:11] 76561198930893538: Teleported to <5225.795410, 32.076443, 8576.513672> [guid=zhJxvJUIQcTeCgEZ3Xhlvc_WjNMgSdId2I-HV3Jo6tA=]
[COT 2023-5M-28 23:42:40] 76561198040010982: Teleported to <5229.257813, 35.683624, 8589.476563> [guid=zhJxvJUIQcTeCgEZ3Xhlvc_WjNMgSdId2I-HV3Jo6tA=]
[COT 2023-5M-28 23:42:54] 76561198040010982: ESP: Clearing ESP
[COT 2023-5M-28 23:42:54] 76561198040010982: ESP: Viewing ESP
[COT 2023-5M-28 23:43:4s] 76561198040010982: ESP index=0 target=BarrelHoles_Red:06116 position=<5229.069824, 35.439999, 8588.790039> action=delete
[COT 2023-5M-28 23:43:4s] 76561198040010982: ESP action=delete_all count=1 attempted=1
[COT 2023-5M-28 23:43:6s] 76561198040010982: ESP index=0 target=BarrelHoles_Red:04185 position=<5229.069824, 35.439999, 8588.790039> action=delete
[COT 2023-5M-28 23:43:6s] 76561198040010982: ESP action=delete_all count=1 attempted=1
[COT 2023-5M-28 23:43:7s] 76561198040010982: ESP index=0 target=BarrelHoles_Red:07390 position=<5229.069824, 35.439999, 8588.790039> action=delete
[COT 2023-5M-28 23:43:7s] 76561198040010982: ESP action=delete_all count=1 attempted=1
[COT 2023-5M-28 23:43:9s] 76561198040010982: ESP index=0 target=BarrelHoles_Red:07373 position=<5229.069824, 35.439999, 8588.790039> action=delete
[COT 2023-5M-28 23:43:9s] 76561198040010982: ESP action=delete_all count=1 attempted=1
[COT 2023-5M-28 23:43:13] 76561198040010982: ESP index=0 target=BarrelHoles_Red:06606 position=<5229.069824, 35.439999, 8588.790039> action=delete
[COT 2023-5M-28 23:43:13] 76561198040010982: ESP action=delete_all count=1 attempted=1
[COT 2023-5M-28 23:43:14] 76561198040010982: ESP index=0 target=BarrelHoles_Red:06248 position=<5229.069824, 35.439999, 8588.790039> action=delete
[COT 2023-5M-28 23:43:14] 76561198040010982: ESP action=delete_all count=1 attempted=1
[COT 2023-5M-28 23:43:16] 76561198040010982: ESP index=0 target=BarrelHoles_Red:07325 position=<5229.069824, 35.439999, 8588.790039> action=delete
[COT 2023-5M-28 23:43:16] 76561198040010982: ESP action=delete_all count=1 attempted=1
[COT 2023-5M-28 23:43:20] 76561198040010982: ESP index=0 target=BarrelHoles_Red:06226 position=<5229.069824, 35.439999, 8588.790039> action=delete
[COT 2023-5M-28 23:43:20] 76561198040010982: ESP action=delete_all count=1 attempted=1
[COT 2023-5M-28 23:43:22] 76561198040010982: ESP index=0 target=BarrelHoles_Red:06276 position=<5229.069824, 35.439999, 8588.790039> action=delete
[COT 2023-5M-28 23:43:22] 76561198040010982: ESP action=delete_all count=1 attempted=1
[COT 2023-5M-28 23:43:24] 76561198040010982: ESP index=0 target=BarrelHoles_Red:07495 position=<5229.069824, 35.439999, 8588.790039> action=delete
[COT 2023-5M-28 23:43:24] 76561198040010982: ESP action=delete_all count=1 attempted=1
[COT 2023-5M-28 23:43:25] 76561198040010982: ESP index=0 target=BarrelHoles_Red:05900 position=<5229.069824, 35.439999, 8588.790039> action=delete
[COT 2023-5M-28 23:43:25] 76561198040010982: ESP action=delete_all count=1 attempted=1
[COT 2023-5M-28 23:43:27] 76561198040010982: ESP index=0 target=BarrelHoles_Red:07568 position=<5229.069824, 35.439999, 8588.790039> action=delete
[COT 2023-5M-28 23:43:27] 76561198040010982: ESP action=delete_all count=1 attempted=1
[COT 2023-5M-28 23:43:30] 76561198040010982: ESP index=0 target=BarrelHoles_Red:07548 position=<5229.069824, 35.439999, 8588.790039> action=delete
[COT 2023-5M-28 23:43:30] 76561198040010982: ESP action=delete_all count=1 attempted=1
[COT 2023-5M-28 23:43:32] 76561198040010982: ESP index=0 target=BarrelHoles_Red:07224 position=<5229.069824, 35.439999, 8588.790039> action=delete
[COT 2023-5M-28 23:43:32] 76561198040010982: ESP action=delete_all count=1 attempted=1
[COT 2023-5M-28 23:43:36] 76561198040010982: ESP index=0 target=BarrelHoles_Red:06095 position=<5229.069824, 35.439999, 8588.790039> action=delete
[COT 2023-5M-28 23:43:36] 76561198040010982: ESP action=delete_all count=1 attempted=1
[COT 2023-5M-28 23:43:38] 76561198040010982: ESP index=0 target=BarrelHoles_Red:06329 position=<5229.069824, 35.439999, 8588.790039> action=delete
[COT 2023-5M-28 23:43:38] 76561198040010982: ESP action=delete_all count=1 attempted=1
[COT 2023-5M-28 23:43:39] 76561198930893538: Teleported to position <6806.377441, 15.000000, 11662.508789>
[COT 2023-5M-28 23:43:39] 76561198040010982: ESP index=0 target=BarrelHoles_Red:05923 position=<5229.069824, 35.439999, 8588.790039> action=delete
[COT 2023-5M-28 23:43:39] 76561198040010982: ESP action=delete_all count=1 attempted=1
[COT 2023-5M-28 23:43:40] 76561198040010982: ESP index=0 target=BarrelHoles_Red:06924 position=<5229.069824, 35.439999, 8588.790039> action=delete
[COT 2023-5M-28 23:43:40] 76561198040010982: ESP action=delete_all count=1 attempted=1
[COT 2023-5M-28 23:43:42] 76561198040010982: ESP index=0 target=BarrelHoles_Red:06725 position=<5229.069824, 35.439999, 8588.790039> action=delete
[COT 2023-5M-28 23:43:42] 76561198040010982: ESP action=delete_all count=1 attempted=1
[COT 2023-5M-28 23:43:44] 76561198040010982: ESP index=0 target=BarrelHoles_Red:06802 position=<5229.069824, 35.439999, 8588.790039> action=delete
[COT 2023-5M-28 23:43:44] 76561198040010982: ESP action=delete_all count=1 attempted=1
[COT 2023-5M-28 23:43:46] 76561198040010982: ESP index=0 target=BarrelHoles_Red:06623 position=<5229.069824, 35.439999, 8588.790039> action=delete
[COT 2023-5M-28 23:43:46] 76561198040010982: ESP action=delete_all count=1 attempted=1
[COT 2023-5M-28 23:43:49] 76561198040010982: ESP index=0 target=BarrelHoles_Red:07165 position=<5229.069824, 35.439999, 8588.790039> action=delete
[COT 2023-5M-28 23:43:49] 76561198040010982: ESP action=delete_all count=1 attempted=1
[COT 2023-5M-28 23:43:51] 76561198040010982: ESP index=0 target=BarrelHoles_Red:06992 position=<5229.069824, 35.439999, 8588.790039> action=delete
[COT 2023-5M-28 23:43:51] 76561198040010982: ESP action=delete_all count=1 attempted=1
[COT 2023-5M-28 23:43:53] 76561198040010982: ESP index=0 target=BarrelHoles_Red:07136 position=<5229.069824, 35.439999, 8588.790039> action=delete
[COT 2023-5M-28 23:43:53] 76561198040010982: ESP action=delete_all count=1 attempted=1
[COT 2023-5M-28 23:43:54] 76561198040010982: ESP index=0 target=BarrelHoles_Red:05574 position=<5229.069824, 35.439999, 8588.790039> action=delete
[COT 2023-5M-28 23:43:54] 76561198040010982: ESP action=delete_all count=1 attempted=1
[COT 2023-5M-28 23:43:55] 76561198040010982: ESP index=0 target=BarrelHoles_Red:07048 position=<5229.069824, 35.439999, 8588.790039> action=delete
[COT 2023-5M-28 23:43:55] 76561198040010982: ESP action=delete_all count=1 attempted=1
[COT 2023-5M-28 23:43:57] 76561198040010982: ESP index=0 target=BarrelHoles_Red:06373 position=<5229.069824, 35.439999, 8588.790039> action=delete
[COT 2023-5M-28 23:43:57] 76561198040010982: ESP action=delete_all count=1 attempted=1
[COT 2023-5M-28 23:43:59] 76561198040010982: ESP index=0 target=BarrelHoles_Red:06780 position=<5229.069824, 35.439999, 8588.790039> action=delete
[COT 2023-5M-28 23:43:59] 76561198040010982: ESP action=delete_all count=1 attempted=1
[COT 2023-5M-28 23:44:1s] 76561198040010982: ESP index=0 target=BarrelHoles_Red:07096 position=<5229.069824, 35.439999, 8588.790039> action=delete
[COT 2023-5M-28 23:44:1s] 76561198040010982: ESP action=delete_all count=1 attempted=1
[COT 2023-5M-28 23:44:2s] 76561198040010982: ESP index=0 target=BarrelHoles_Red:05927 position=<5229.069824, 35.439999, 8588.790039> action=delete
[COT 2023-5M-28 23:44:2s] 76561198040010982: ESP action=delete_all count=1 attempted=1
[COT 2023-5M-28 23:44:3s] 76561198040010982: ESP index=0 target=BarrelHoles_Red:06570 position=<5229.069824, 35.439999, 8588.790039> action=delete
[COT 2023-5M-28 23:44:3s] 76561198040010982: ESP action=delete_all count=1 attempted=1
[COT 2023-5M-28 23:44:5s] 76561198040010982: ESP index=0 target=BarrelHoles_Red:06731 position=<5229.069824, 35.439999, 8588.790039> action=delete
[COT 2023-5M-28 23:44:5s] 76561198040010982: ESP action=delete_all count=1 attempted=1
[COT 2023-5M-28 23:44:6s] 76561198040010982: ESP index=0 target=BarrelHoles_Red:05638 position=<5229.069824, 35.439999, 8588.790039> action=delete
[COT 2023-5M-28 23:44:6s] 76561198040010982: ESP action=delete_all count=1 attempted=1
[COT 2023-5M-28 23:44:11] 76561198040010982: ESP index=0 target=BarrelHoles_Red:04156 position=<5229.069824, 35.439999, 8588.790039> action=delete
[COT 2023-5M-28 23:44:11] 76561198040010982: ESP action=delete_all count=1 attempted=1
[COT 2023-5M-28 23:44:13] 76561198040010982: ESP index=0 target=BarrelHoles_Red:05571 position=<5229.069824, 35.439999, 8588.790039> action=delete
[COT 2023-5M-28 23:44:13] 76561198040010982: ESP action=delete_all count=1 attempted=1
[COT 2023-5M-28 23:44:14] 76561198040010982: ESP index=0 target=BarrelHoles_Red:07222 position=<5229.069824, 35.439999, 8588.790039> action=delete
[COT 2023-5M-28 23:44:14] 76561198040010982: ESP action=delete_all count=1 attempted=1
[COT 2023-5M-28 23:44:17] 76561198040010982: ESP index=0 target=BarrelHoles_Red:06581 position=<5229.069824, 35.439999, 8588.790039> action=delete
[COT 2023-5M-28 23:44:17] 76561198040010982: ESP action=delete_all count=1 attempted=1
[COT 2023-5M-28 23:44:18] 76561198040010982: ESP index=0 target=BarrelHoles_Red:07184 position=<5229.069824, 35.439999, 8588.790039> action=delete
[COT 2023-5M-28 23:44:18] 76561198040010982: ESP action=delete_all count=1 attempted=1
[COT 2023-5M-28 23:44:20] 76561198040010982: ESP index=0 target=BarrelHoles_Red:05901 position=<5229.069824, 35.439999, 8588.790039> action=delete
[COT 2023-5M-28 23:44:20] 76561198040010982: ESP action=delete_all count=1 attempted=1
[COT 2023-5M-28 23:44:22] 76561198040010982: ESP index=0 target=BarrelHoles_Red:07248 position=<5229.069824, 35.439999, 8588.790039> action=delete
[COT 2023-5M-28 23:44:22] 76561198040010982: ESP action=delete_all count=1 attempted=1
[COT 2023-5M-28 23:44:24] 76561198040010982: ESP index=0 target=BarrelHoles_Red:07588 position=<5229.069824, 35.439999, 8588.790039> action=delete
[COT 2023-5M-28 23:44:24] 76561198040010982: ESP action=delete_all count=1 attempted=1
[COT 2023-5M-28 23:44:26] 76561198040010982: ESP index=0 target=BarrelHoles_Red:06774 position=<5229.069824, 35.439999, 8588.790039> action=delete
[COT 2023-5M-28 23:44:26] 76561198040010982: ESP action=delete_all count=1 attempted=1
[COT 2023-5M-28 23:44:28] 76561198930893538: Spawned Entity (Right/Left) Gate Kit (BBP_Gate_Kit<90697fe0>, -1, 100) at <6797.508301, 15.012500, 11668.788086>
[COT 2023-5M-28 23:44:28] 76561198040010982: ESP index=0 target=BarrelHoles_Red:05546 position=<5229.069824, 35.439999, 8588.790039> action=delete
[COT 2023-5M-28 23:44:28] 76561198040010982: ESP action=delete_all count=1 attempted=1
[COT 2023-5M-28 23:44:53] 76561199176957808: ESP index=0 target=BarrelHoles_Red:05766 position=<5198.691406, 32.193253, 8517.860352> action=delete
[COT 2023-5M-28 23:44:53] 76561199176957808: ESP action=delete_all count=1 attempted=1
[COT 2023-5M-28 23:44:55] 76561199176957808: ESP index=0 target=BarrelHoles_Red:04177 position=<5198.691406, 32.193253, 8517.860352> action=delete
[COT 2023-5M-28 23:44:55] 76561199176957808: ESP action=delete_all count=1 attempted=1
[COT 2023-5M-28 23:44:56] 76561198040010982: ESP: Clearing ESP
[COT 2023-5M-28 23:44:57] 76561198040010982: ESP: Viewing ESP
[COT 2023-5M-28 23:44:58] 76561199176957808: ESP index=0 target=BarrelHoles_Red:05863 position=<5198.691406, 32.193253, 8517.860352> action=delete
[COT 2023-5M-28 23:44:58] 76561199176957808: ESP action=delete_all count=1 attempted=1
[COT 2023-5M-28 23:45:0s] 76561199176957808: ESP index=0 target=BarrelHoles_Red:05774 position=<5198.691406, 32.193253, 8517.860352> action=delete
[COT 2023-5M-28 23:45:0s] 76561199176957808: ESP action=delete_all count=1 attempted=1
[COT 2023-5M-28 23:45:3s] 76561199176957808: ESP index=0 target=BarrelHoles_Red:05719 position=<5198.691406, 32.193253, 8517.860352> action=delete
[COT 2023-5M-28 23:45:3s] 76561199176957808: ESP action=delete_all count=1 attempted=1
[COT 2023-5M-28 23:45:8s] 76561199176957808: ESP index=0 target=BarrelHoles_Red:05760 position=<5198.691406, 32.193253, 8517.860352> action=delete
[COT 2023-5M-28 23:45:8s] 76561199176957808: ESP action=delete_all count=1 attempted=1
[COT 2023-5M-28 23:45:10] 76561198930893538: Spawned Entity ADMIN HAMMER (BBP_Admin_Hammer<fd326f00>, -1, 100) at <6796.524902, 15.012439, 11673.826172>
[COT 2023-5M-28 23:45:10] 76561199176957808: ESP index=0 target=BarrelHoles_Red:05646 position=<5198.691406, 32.193253, 8517.860352> action=delete
[COT 2023-5M-28 23:45:10] 76561199176957808: ESP action=delete_all count=1 attempted=1
[COT 2023-5M-28 23:45:13] 76561199176957808: ESP index=0 target=BarrelHoles_Red:05559 position=<5198.691406, 32.193253, 8517.860352> action=delete
[COT 2023-5M-28 23:45:13] 76561199176957808: ESP action=delete_all count=1 attempted=1
[COT 2023-5M-28 23:45:15] 76561199176957808: ESP index=0 target=BarrelHoles_Red:05528 position=<5198.691406, 32.193253, 8517.860352> action=delete
[COT 2023-5M-28 23:45:15] 76561199176957808: ESP action=delete_all count=1 attempted=1
[COT 2023-5M-28 23:45:18] 76561199176957808: ESP index=0 target=BarrelHoles_Red:06126 position=<5198.691406, 32.193253, 8517.860352> action=delete
[COT 2023-5M-28 23:45:18] 76561199176957808: ESP action=delete_all count=1 attempted=1
[COT 2023-5M-28 23:45:19] 76561199176957808: ESP index=0 target=BarrelHoles_Red:04155 position=<5198.691406, 32.193253, 8517.860352> action=delete
[COT 2023-5M-28 23:45:19] 76561199176957808: ESP action=delete_all count=1 attempted=1
[COT 2023-5M-28 23:45:21] 76561199176957808: ESP index=0 target=BarrelHoles_Red:05757 position=<5198.691406, 32.193253, 8517.860352> action=delete
[COT 2023-5M-28 23:45:21] 76561199176957808: ESP action=delete_all count=1 attempted=1
[COT 2023-5M-28 23:45:24] 76561199176957808: ESP index=0 target=BarrelHoles_Red:07572 position=<5198.691406, 32.193253, 8517.860352> action=delete
[COT 2023-5M-28 23:45:24] 76561199176957808: ESP action=delete_all count=1 attempted=1
[COT 2023-5M-28 23:45:25] 76561198040010982: ESP index=0 target=BarrelHoles_Red:07131 position=<5198.691406, 32.193253, 8517.860352> action=delete
[COT 2023-5M-28 23:45:25] 76561198040010982: ESP action=delete_all count=1 attempted=1
[COT 2023-5M-28 23:45:25] 76561199176957808: ESP index=0 target=BarrelHoles_Red:07473 position=<5198.691406, 32.193253, 8517.860352> action=delete
[COT 2023-5M-28 23:45:25] 76561199176957808: ESP action=delete_all count=1 attempted=1
[COT 2023-5M-28 23:45:26] 76561198040010982: ESP index=0 target=BarrelHoles_Red:06850 position=<5198.691406, 32.193253, 8517.860352> action=delete
[COT 2023-5M-28 23:45:26] 76561198040010982: ESP action=delete_all count=1 attempted=1
[COT 2023-5M-28 23:45:27] 76561198040010982: ESP index=0 target=BarrelHoles_Red:06580 position=<5198.691406, 32.193253, 8517.860352> action=delete
[COT 2023-5M-28 23:45:27] 76561198040010982: ESP action=delete_all count=1 attempted=1
[COT 2023-5M-28 23:45:27] 76561199176957808: ESP index=0 target=BarrelHoles_Red:07301 position=<5198.691406, 32.193253, 8517.860352> action=delete
[COT 2023-5M-28 23:45:27] 76561199176957808: ESP action=delete_all count=1 attempted=1
[COT 2023-5M-28 23:45:28] 76561198040010982: ESP index=0 target=BarrelHoles_Red:07077 position=<5198.691406, 32.193253, 8517.860352> action=delete
[COT 2023-5M-28 23:45:28] 76561198040010982: ESP action=delete_all count=1 attempted=1
[COT 2023-5M-28 23:45:29] 76561199176957808: ESP index=0 target=BarrelHoles_Red:07387 position=<5198.691406, 32.193253, 8517.860352> action=delete
[COT 2023-5M-28 23:45:29] 76561199176957808: ESP action=delete_all count=1 attempted=1
[COT 2023-5M-28 23:45:29] 76561198040010982: ESP index=0 target=BarrelHoles_Red:06411 position=<5198.691406, 32.193253, 8517.860352> action=delete
[COT 2023-5M-28 23:45:29] 76561198040010982: ESP action=delete_all count=1 attempted=1
[COT 2023-5M-28 23:45:30] 76561198040010982: ESP index=0 target=BarrelHoles_Red:06370 position=<5198.691406, 32.193253, 8517.860352> action=delete
[COT 2023-5M-28 23:45:30] 76561198040010982: ESP action=delete_all count=1 attempted=1
[COT 2023-5M-28 23:45:31] 76561198040010982: ESP index=0 target=BarrelHoles_Red:07150 position=<5198.691406, 32.193253, 8517.860352> action=delete
[COT 2023-5M-28 23:45:31] 76561198040010982: ESP action=delete_all count=1 attempted=1
[COT 2023-5M-28 23:45:32] 76561198040010982: ESP index=0 target=BarrelHoles_Red:05534 position=<5198.691406, 32.193253, 8517.860352> action=delete
[COT 2023-5M-28 23:45:32] 76561198040010982: ESP action=delete_all count=1 attempted=1
[COT 2023-5M-28 23:45:32] 76561199176957808: ESP index=0 target=BarrelHoles_Red:07266 position=<5198.691406, 32.193253, 8517.860352> action=delete
[COT 2023-5M-28 23:45:32] 76561199176957808: ESP action=delete_all count=1 attempted=1
[COT 2023-5M-28 23:45:33] 76561198040010982: ESP index=0 target=BarrelHoles_Red:07027 position=<5198.691406, 32.193253, 8517.860352> action=delete
[COT 2023-5M-28 23:45:33] 76561198040010982: ESP action=delete_all count=1 attempted=1
[COT 2023-5M-28 23:45:34] 76561199176957808: ESP index=0 target=BarrelHoles_Red:06023 position=<5198.691406, 32.193253, 8517.860352> action=delete
[COT 2023-5M-28 23:45:34] 76561199176957808: ESP action=delete_all count=1 attempted=1
[COT 2023-5M-28 23:45:34] 76561198040010982: ESP index=0 target=BarrelHoles_Red:05931 position=<5198.691406, 32.193253, 8517.860352> action=delete
[COT 2023-5M-28 23:45:34] 76561198040010982: ESP action=delete_all count=1 attempted=1
[COT 2023-5M-28 23:45:35] 76561199176957808: ESP index=0 target=BarrelHoles_Red:06260 position=<5198.691406, 32.193253, 8517.860352> action=delete
[COT 2023-5M-28 23:45:35] 76561199176957808: ESP action=delete_all count=1 attempted=1
[COT 2023-5M-28 23:45:37] 76561198040010982: ESP index=0 target=BarrelHoles_Red:06722 position=<5198.691406, 32.193253, 8517.860352> action=delete
[COT 2023-5M-28 23:45:37] 76561198040010982: ESP action=delete_all count=1 attempted=1
[COT 2023-5M-28 23:45:38] 76561198040010982: ESP index=0 target=BarrelHoles_Red:05904 position=<5198.691406, 32.193253, 8517.860352> action=delete
[COT 2023-5M-28 23:45:38] 76561198040010982: ESP action=delete_all count=1 attempted=1
[COT 2023-5M-28 23:45:40] 76561198040010982: ESP index=0 target=BarrelHoles_Red:07469 position=<5198.691406, 32.193253, 8517.860352> action=delete
[COT 2023-5M-28 23:45:40] 76561198040010982: ESP action=delete_all count=1 attempted=1
[COT 2023-5M-28 23:45:41] 76561199176957808: ESP index=0 target=BarrelHoles_Red:07541 position=<5198.691406, 32.193253, 8517.860352> action=delete
[COT 2023-5M-28 23:45:41] 76561199176957808: ESP action=delete_all count=1 attempted=1
[COT 2023-5M-28 23:45:41] 76561198040010982: ESP index=0 target=BarrelHoles_Red:06821 position=<5198.691406, 32.193253, 8517.860352> action=delete
[COT 2023-5M-28 23:45:41] 76561198040010982: ESP action=delete_all count=1 attempted=1
[COT 2023-5M-28 23:45:42] 76561198040010982: ESP index=0 target=BarrelHoles_Red:06785 position=<5198.691406, 32.193253, 8517.860352> action=delete
[COT 2023-5M-28 23:45:42] 76561198040010982: ESP action=delete_all count=1 attempted=1
[COT 2023-5M-28 23:45:43] 76561198040010982: ESP index=0 target=BarrelHoles_Red:05864 position=<5198.691406, 32.193253, 8517.860352> action=delete
[COT 2023-5M-28 23:45:43] 76561198040010982: ESP action=delete_all count=1 attempted=1
[COT 2023-5M-28 23:45:44] 76561198040010982: ESP index=0 target=BarrelHoles_Red:07620 position=<5198.691406, 32.193253, 8517.860352> action=delete
[COT 2023-5M-28 23:45:44] 76561198040010982: ESP action=delete_all count=1 attempted=1
[COT 2023-5M-28 23:45:45] 76561198040010982: ESP index=0 target=BarrelHoles_Red:06269 position=<5198.691406, 32.193253, 8517.860352> action=delete
[COT 2023-5M-28 23:45:45] 76561198040010982: ESP action=delete_all count=1 attempted=1
[COT 2023-5M-28 23:45:57] 76561198930893538: ESP: Viewing ESP
[COT 2023-5M-28 23:47:47] 76561198930893538: Set GodMode To true [guid=QOVCOk5flZ8LlxY_vIXEUxFpj4R6rL-wr-TF8_b4xZo=]
[COT 2023-5M-28 23:47:48] 76561198930893538: Set cannot be targeted by AI to true [guid=QOVCOk5flZ8LlxY_vIXEUxFpj4R6rL-wr-TF8_b4xZo=]
[COT 2023-5M-28 23:47:49] 76561198930893538: Set UnlimitedStamina To true [guid=QOVCOk5flZ8LlxY_vIXEUxFpj4R6rL-wr-TF8_b4xZo=]
[COT 2023-5M-28 23:47:49] 76561198930893538: Set UnlimitedAmmo To true [guid=QOVCOk5flZ8LlxY_vIXEUxFpj4R6rL-wr-TF8_b4xZo=]
[COT 2023-5M-28 23:48:1s] 76561198930893538: ESP: Viewing ESP
[COT 2023-5M-28 23:48:11] 76561198930893538: ESP target=BBP_LGate:05766 position=<6797.614746, 15.000000, 11669.916992> action=delete
[COT 2023-5M-28 23:48:16] 76561198930893538: ESP: Clearing ESP
[COT 2023-5M-28 23:48:38] 76561198930893538: Spawned Entity (Single/Double) Garage Door Kit (BBP_SGate_Kit<94c7a800>, -1, 100) at <6795.241211, 15.012458, 11670.560547>
[COT 2023-5M-28 23:49:59] 76561198930893538: Spawned Entity CodeLock (CodeLock<8be1e310>, -1, 1500) at <6797.376953, 15.012500, 11671.260742>
[COT 2023-5M-28 23:50:35] 76561199176957808: Set UnlimitedAmmo To true [guid=zhJxvJUIQcTeCgEZ3Xhlvc_WjNMgSdId2I-HV3Jo6tA=]
[COT 2023-5M-28 23:50:36] 76561199176957808: Set UnlimitedStamina To true [guid=zhJxvJUIQcTeCgEZ3Xhlvc_WjNMgSdId2I-HV3Jo6tA=]
[COT 2023-5M-28 23:50:37] 76561199176957808: Set cannot be targeted by AI to true [guid=zhJxvJUIQcTeCgEZ3Xhlvc_WjNMgSdId2I-HV3Jo6tA=]
[COT 2023-5M-28 23:50:38] 76561199176957808: Healed [guid=zhJxvJUIQcTeCgEZ3Xhlvc_WjNMgSdId2I-HV3Jo6tA=]
[COT 2023-5M-28 23:51:8s] 76561199176957808: ESP: ESP updating
[COT 2023-5M-28 23:51:35] 76561198930893538: Teleported to <5227.817383, 35.683601, 8589.304688> [guid=zhJxvJUIQcTeCgEZ3Xhlvc_WjNMgSdId2I-HV3Jo6tA=]
[COT 2023-5M-28 23:54:0s] 76561198040010982: ESP: Clearing ESP
[COT 2023-5M-28 23:54:2s] 76561198040010982: ESP: ESP updating
[COT 2023-5M-28 23:54:4s] 76561198040010982: ESP: Clearing ESP
[COT 2023-5M-28 23:54:46] 76561198930893538: Spawned Entity Sawed-off Mosin 91/30 (SawedoffMosin9130_Base<fe8d8480>, -1, 250) at <5230.304199, 35.642311, 8589.674805>
[COT 2023-5M-28 23:55:18] 76561198930893538: Spawned Entity Boxed 7.62x54mmR Rounds (AmmoBox_762x54_20Rnd<f3b3b3a0>, -1, 100) at <5231.065430, 35.487530, 8588.083008>
[COT 2023-5M-28 23:55:18] 76561198930893538: Spawned Entity Boxed 7.62x54mmR Rounds (AmmoBox_762x54_20Rnd<f3b3e370>, -1, 100) at <5231.065430, 35.487530, 8588.083008>
[COT 2023-5M-28 23:56:8s] 76561198930893538: Spawned Entity SNAFU Mosin Mount (SNAFU_Mosin_Mount_Base<9544dea0>, -1, 100) at <5231.065430, 35.487530, 8588.083008>
[COT 2023-5M-28 23:56:51] 76561199176957808: Set GodMode To false [guid=-G7h99lSZDcoLDkS_Pf_kTJ_FSRUsnlVGD6gnAZk71c=]
[COT 2023-5M-28 23:57:20] 76561199176957808: Set GodMode To true [guid=-G7h99lSZDcoLDkS_Pf_kTJ_FSRUsnlVGD6gnAZk71c=]
[COT 2023-5M-28 23:57:53] 76561199176957808: Healed [guid=-G7h99lSZDcoLDkS_Pf_kTJ_FSRUsnlVGD6gnAZk71c=]
[COT 2023-5M-28 23:58:58] 76561198930893538: Spawned Entity PU Scope (PUScopeOptic<ca8069f0>, -1, 50) at <5230.585938, 35.485397, 8587.250977>
[COT 2023-5M-29 0h:2m:5s] 76561198930893538: ESP: Viewing ESP
[COT 2023-5M-29 0h:8m:13] 76561199176957808: ESP index=0 target=MSFC_BarrettM82:08886 position=<5229.919434, 35.467876, 8585.951172> action=delete
[COT 2023-5M-29 0h:8m:13] 76561199176957808: ESP action=delete_all count=1 attempted=1
[COT 2023-5M-29 0h:9m:16] 76561199176957808: ESP index=0 target=GCGN_M1Garand:04203 position=<5230.620605, 35.617912, 8589.199219> action=delete
[COT 2023-5M-29 0h:9m:16] 76561199176957808: ESP action=delete_all count=1 attempted=1
[COT 2023-5M-29 0h:12:9s] 76561199176957808: Set the date to 2011/12/16 12:0
[COT 2023-5M-29 0h:12:9s] 76561199176957808: Set rain to 0 0 0
[COT 2023-5M-29 0h:12:9s] 76561199176957808: Set storm to 0 0.8 4000
[COT 2023-5M-29 0h:12:9s] 76561199176957808: Set fog to 0 0 0
[COT 2023-5M-29 0h:12:9s] 76561199176957808: Set overcast to 0 0 0
[COT 2023-5M-29 0h:12:9s] 76561199176957808: Set wind to 0 0 1
[COT 2023-5M-29 0h:13:47] 76561199176957808: Set GodMode To false [guid=-G7h99lSZDcoLDkS_Pf_kTJ_FSRUsnlVGD6gnAZk71c=]
[COT 2023-5M-29 0h:15:54] 76561199176957808: Spawned Entity Model 500 Competitor (SNAFUMagnum500<7279b220>, -1, 200) at <5228.857910, 36.010166, 8592.389648>
[COT 2023-5M-29 0h:15:54] 76561199176957808: Spawned Entity Model 500 Competitor (SNAFUMagnum500<72795da0>, -1, 200) at <5228.857910, 36.010166, 8592.389648>
[COT 2023-5M-29 0h:15:55] 76561199176957808: Spawned Entity Model 500 Competitor (SNAFUMagnum500<72796830>, -1, 200) at <5228.857910, 36.010166, 8592.389648>
[COT 2023-5M-29 0h:15:55] 76561199176957808: Spawned Entity Model 500 Competitor (SNAFUMagnum500<7279f180>, -1, 200) at <5228.857910, 36.010166, 8592.389648>
[COT 2023-5M-29 0h:15:55] 76561199176957808: Spawned Entity Model 500 Competitor (SNAFUMagnum500<727b1940>, -1, 200) at <5228.857910, 36.010166, 8592.389648>
[COT 2023-5M-29 0h:16:34] 76561199176957808: ESP index=0 target=Msp_Water_Gun_Mag:09177 position=<5227.842773, 35.501804, 8591.990234> action=delete
[COT 2023-5M-29 0h:16:34] 76561199176957808: ESP action=delete_all count=1 attempted=1
[COT 2023-5M-29 0h:16:37] 76561199176957808: ESP index=0 target=TLRLight:07804 position=<5227.842773, 35.506886, 8591.990234> action=delete
[COT 2023-5M-29 0h:16:37] 76561199176957808: ESP action=delete_all count=1 attempted=1
[COT 2023-5M-29 0h:21:5s] 76561199176957808: Spawned Entity Barret M95 Magazine (GCGN_M82_Mag<8bdc2420>, 1, 100) at <5200.458984, 32.238914, 8517.706055>
[COT 2023-5M-29 0h:21:44] 76561199176957808: ESP index=0 target=GCGN_M82_Mag:011624 position=<5200.458984, 32.257328, 8517.706055> action=delete
[COT 2023-5M-29 0h:21:44] 76561199176957808: ESP action=delete_all count=1 attempted=1
[COT 2023-5M-29 0h:24:27] 76561199176957808: ESP index=0 target=Mag_PP19_64Rnd:010378 position=<5227.671387, 35.515358, 8590.418945> action=delete
[COT 2023-5M-29 0h:24:27] 76561199176957808: ESP index=1 target=SNAFUP90_50rdMag:06209 position=<5196.702637, 31.042135, 8556.611328> action=delete
[COT 2023-5M-29 0h:24:27] 76561199176957808: ESP action=delete_all count=2 attempted=2
[COT 2023-5M-29 0h:31:35] 76561199176957808: ESP: Clearing ESP
[COT 2023-5M-29 0h:31:36] 76561199176957808: ESP: ESP updating
[COT 2023-5M-29 0h:45:46] 76561199176957808: Healed [guid=zhJxvJUIQcTeCgEZ3Xhlvc_WjNMgSdId2I-HV3Jo6tA=]
[COT 2023-5M-29 0h:57:24] 76561199176957808: Set GodMode To true [guid=zhJxvJUIQcTeCgEZ3Xhlvc_WjNMgSdId2I-HV3Jo6tA=]
[COT 2023-5M-29 3h:5m:53] 76561198930893538: Set cannot be targeted by AI to true [guid=QOVCOk5flZ8LlxY_vIXEUxFpj4R6rL-wr-TF8_b4xZo=]
[COT 2023-5M-29 3h:5m:53] 76561198930893538: Set UnlimitedStamina To true [guid=QOVCOk5flZ8LlxY_vIXEUxFpj4R6rL-wr-TF8_b4xZo=]
[COT 2023-5M-29 3h:5m:53] 76561198930893538: Set UnlimitedAmmo To true [guid=QOVCOk5flZ8LlxY_vIXEUxFpj4R6rL-wr-TF8_b4xZo=]
[COT 2023-5M-29 3h:6m:5s] 76561198930893538: Teleported to position <6800.880371, 15.000000, 11660.025391>
[COT 2023-5M-29 3h:8m:0s] 76561198930893538: Teleported to position <5213.703613, 31.414085, 8582.240234>
[COT 2023-5M-29 3h:8m:29] 76561198930893538: Spawned Entity 100 Ruble Note (ItemBase<151e410>, 500, 100) at <5230.925293, 35.486816, 8587.797852>
[COT 2023-5M-29 3h:8m:29] 76561198930893538: Spawned Entity 100 Ruble Note (ItemBase<1524d40>, 500, 100) at <5230.925293, 35.486816, 8587.797852>
[COT 2023-5M-29 3h:9m:4s] 76561198930893538: ESP: Viewing ESP
[COT 2023-5M-29 3h:9m:7s] 76561198930893538: ESP target=MoneyRuble100:07454 position=<5230.925293, 35.482208, 8587.797852> action=delete
[COT 2023-5M-29 3h:9m:49] 76561198930893538: Spawned Entity G3 pants (USMCPants_ColorBase<8c22bcf0>, -1, 250) at <5231.969727, 35.672981, 8589.502930>
[COT 2023-5M-29 3h:10:10] 76561198930893538: ESP: Clearing ESP
[COT 2023-5M-29 3h:13:19] 76561198930893538: Spawned Entity Defender Vest (Defender_Vest_ColorBase<fb055ad0>, -1, 200) at <5199.100098, 32.345924, 8514.504883>
[COT 2023-5M-29 3h:13:36] 76561198930893538: ESP: Viewing ESP
[COT 2023-5M-29 3h:13:40] 76561198930893538: ESP target=Defender_Vest_Black:08509 position=<5199.100098, 32.348087, 8514.504883> action=delete
[COT 2023-5M-29 3h:13:44] 76561198930893538: ESP: Clearing ESP
[COT 2023-5M-29 3h:15:41] 76561198930893538: ESP: Viewing ESP
[COT 2023-5M-29 3h:15:48] 76561198930893538: ESP target=BalaclavaMask_Beige:06108 position=<5199.473145, 32.255089, 8512.589844> action=delete
[COT 2023-5M-29 3h:15:51] 76561198930893538: ESP: Clearing ESP
[COT 2023-5M-29 3h:23:13] 76561198930893538: Entered the Free Camera
[COT 2023-5M-29 3h:23:25] 76561198930893538: ESP: Viewing ESP
[COT 2023-5M-29 3h:23:41] 76561198930893538: ESP index=0 target=Animal_CanisLupus_Grey:0655 position=<5206.680664, 31.700312, 8516.095703> action=delete
[COT 2023-5M-29 3h:23:41] 76561198930893538: ESP action=delete_all count=1 attempted=1
[COT 2023-5M-29 3h:23:52] 76561198930893538: ESP index=0 target=Animal_CanisLupus_Grey:0657 position=<5200.947754, 32.277885, 8516.962891> action=delete
[COT 2023-5M-29 3h:23:52] 76561198930893538: ESP action=delete_all count=1 attempted=1
[COT 2023-5M-29 3h:23:55] 76561198930893538: ESP index=0 target=Animal_CanisLupus_Grey:0656 position=<5202.736816, 32.214424, 8521.163086> action=delete
[COT 2023-5M-29 3h:23:55] 76561198930893538: ESP action=delete_all count=1 attempted=1
[COT 2023-5M-29 3h:24:11] 76561198930893538: Left the Free Camera
[COT 2023-5M-29 3h:24:22] 76561198930893538: ESP target=MSFC_G3Pants_Black:09677 position=<5201.141113, 32.658752, 8514.309570> action=delete
[COT 2023-5M-29 3h:24:27] 76561198930893538: ESP: Clearing ESP
[COT 2023-5M-29 3h:26:15] 76561198930893538: Entered the Free Camera
[COT 2023-5M-29 3h:26:26] 76561198930893538: ESP: Viewing ESP
[COT 2023-5M-29 3h:26:29] 76561198930893538: ESP target=Animal_CanisLupus_Grey:0277 position=<4983.393066, 59.894295, 8563.737305> action=delete
[COT 2023-5M-29 3h:26:37] 76561198930893538: ESP: Clearing ESP
[COT 2023-5M-29 3h:26:37] 76561198930893538: ESP: Viewing ESP
[COT 2023-5M-29 3h:26:40] 76561198930893538: ESP: Clearing ESP
[COT 2023-5M-29 3h:26:41] 76561198930893538: ESP: Viewing ESP
[COT 2023-5M-29 3h:26:44] 76561198930893538: ESP target=Animal_CanisLupus_Grey:0657 position=<4944.094727, 69.360306, 8570.788086> action=delete
[COT 2023-5M-29 3h:26:50] 76561198930893538: ESP index=0 target=Animal_CanisLupus_Grey:0724 position=<4899.048340, 78.191406, 8582.999023> action=delete
[COT 2023-5M-29 3h:26:50] 76561198930893538: ESP action=delete_all count=1 attempted=1
[COT 2023-5M-29 3h:26:59] 76561198930893538: ESP: Clearing ESP
[COT 2023-5M-29 3h:27:0s] 76561198930893538: ESP: Viewing ESP
[COT 2023-5M-29 3h:27:9s] 76561198930893538: ESP: Clearing ESP
[COT 2023-5M-29 3h:27:22] 76561198930893538: Left the Free Camera
[COT 2023-5M-29 3h:33:23] 76561198930893538: Spawned Entity Gas Mask Filter (GasMask_Filter<92826060>, 150, 80) at <5199.961914, 32.353188, 8514.444336>
[COT 2023-5M-29 3h:42:57] 76561198930893538: Spawned Entity Night Vision Goggles (NVGoggles<f2483470>, -1, 250) at <5199.961914, 32.353188, 8514.444336>
[COT 2023-5M-29 3h:44:27] 76561198930893538: Spawned Entity Ballistic Goggles (TacticalGoggles<96f13c90>, -1, 250) at <5199.961914, 32.353188, 8514.444336>
[COT 2023-5M-29 3h:45:48] 76561198930893538: Spawned Entity Empty Mags Bag (Container_Base<89629560>, -1, 250) at <5199.961914, 32.353188, 8514.444336>
[COT 2023-5M-29 3h:46:44] 76561198930893538: Spawned Entity Fast Pouch (Container_Base<cff24a80>, -1, 250) at <5199.961914, 32.353188, 8514.444336>
[COT 2023-5M-29 3h:46:44] 76561198930893538: Spawned Entity Fast Pouch (Container_Base<9257e020>, -1, 250) at <5199.961914, 32.353188, 8514.444336>
[COT 2023-5M-29 3h:46:55] 76561198930893538: ESP: Viewing ESP
[COT 2023-5M-29 3h:47:0s] 76561198930893538: ESP index=0 target=M65Jacket_Black:04339 position=<5200.575684, 32.510273, 8514.444336> action=delete
[COT 2023-5M-29 3h:47:0s] 76561198930893538: ESP index=1 target=Winter_Parka_Base:04915 position=<5200.384766, 32.493649, 8514.444336> action=delete
[COT 2023-5M-29 3h:47:0s] 76561198930893538: ESP action=delete_all count=2 attempted=2
[COT 2023-5M-29 3h:47:4s] 76561198930893538: ESP: Clearing ESP
[COT 2023-5M-29 3h:47:40] 76561198930893538: Spawned Entity Pouch (Container_Base<92587920>, -1, 250) at <5200.208008, 32.412102, 8514.782227>
[COT 2023-5M-29 3h:47:42] 76561198930893538: Spawned Entity Pouch (Container_Base<92596830>, -1, 250) at <5200.208008, 32.412102, 8514.782227>
[COT 2023-5M-29 3h:48:31] 76561198930893538: Spawned Entity Canteen (Canteen<8c646680>, 1000, 100) at <5200.208008, 32.412102, 8514.782227>
[COT 2023-5M-29 3h:49:1s] 76561198930893538: Spawned Entity Holster (PlateCarrierHolster<9257b050>, -1, 100) at <5200.208008, 32.412102, 8514.782227>
[COT 2023-5M-29 3h:49:19] 76561198930893538: Spawned Entity Sheath (NylonKnifeSheath<925a1de0>, -1, 100) at <5200.208008, 32.412102, 8514.782227>
