[COT 2023-5M-24 23:2m:14] 76561198040010982: Spawned Entity GINNEH (M4A1_Base<6491b5e0>, -1, 200) at <6282.858398, 20.782404, 9502.906250>
[COT 2023-5M-24 23:4m:31] 76561198040010982: Spawned Entity GINNEH (M4A1_Base<649214f0>, -1, 200) at <6318.565918, 20.721642, 9485.322266>
[COT 2023-5M-24 23:4m:32] 76561198040010982: Spawned Entity GINNEH (M4A1_Base<64921f80>, -1, 200) at <6318.565918, 20.721642, 9485.322266>
[COT 2023-5M-24 23:4m:32] 76561198040010982: Spawned Entity GINNEH (M4A1_Base<6491ab50>, -1, 200) at <6318.565918, 20.721642, 9485.322266>
[COT 2023-5M-24 23:12:44] 76561198040010982: Spawned Entity Gunmetal Shirt (TShirt_Black<6f266970>, -1, 50) at <6320.886719, 20.709938, 9480.682617>
[COT 2023-5M-24 23:14:39] 76561198401795791: Spawned Entity 100 Ruble Note (ItemBase<aeb86c0>, 500, 100) at <6321.324219, 20.736416, 9471.597656>
[COT 2023-5M-24 23:14:40] 76561198401795791: Spawned Entity 100 Ruble Note (ItemBase<aebc020>, 500, 100) at <6321.324219, 20.736416, 9471.597656>
[COT 2023-5M-24 23:14:40] 76561198401795791: Spawned Entity 100 Ruble Note (ItemBase<aeda7d0>, 500, 100) at <6321.324219, 20.736416, 9471.597656>
[COT 2023-5M-24 23:14:40] 76561198401795791: Spawned Entity 100 Ruble Note (ItemBase<76d79f0>, 500, 100) at <6321.324219, 20.736416, 9471.597656>
[COT 2023-5M-24 23:14:40] 76561198401795791: Spawned Entity 100 Ruble Note (ItemBase<76d10c0>, 500, 100) at <6321.324219, 20.736416, 9471.597656>
[COT 2023-5M-24 23:14:40] 76561198401795791: Spawned Entity 100 Ruble Note (ItemBase<76aefb0>, 500, 100) at <6321.324219, 20.736416, 9471.597656>
[COT 2023-5M-24 23:14:41] 76561198401795791: Spawned Entity 100 Ruble Note (ItemBase<76bc210>, 500, 100) at <6321.324219, 20.736416, 9471.597656>
[COT 2023-5M-24 23:25:34] 76561198040010982: Spawned Entity 100 Ruble Note (ItemBase<70014950>, 500, 100) at <6321.533691, 20.712540, 9478.432617>
[COT 2023-5M-24 23:25:34] 76561198040010982: Spawned Entity 100 Ruble Note (ItemBase<7001bc10>, 500, 100) at <6321.533691, 20.712540, 9478.432617>
[COT 2023-5M-24 23:25:34] 76561198040010982: Spawned Entity 100 Ruble Note (ItemBase<7001a8f0>, 500, 100) at <6321.533691, 20.712540, 9478.432617>
[COT 2023-5M-24 23:25:35] 76561198040010982: Spawned Entity 100 Ruble Note (ItemBase<700195d0>, 500, 100) at <6321.533691, 20.712540, 9478.432617>
[COT 2023-5M-24 23:25:35] 76561198040010982: Spawned Entity 100 Ruble Note (ItemBase<70019f60>, 500, 100) at <6321.533691, 20.712540, 9478.432617>
[COT 2023-5M-24 23:25:35] 76561198040010982: Spawned Entity 100 Ruble Note (ItemBase<700152e0>, 500, 100) at <6321.533691, 20.712540, 9478.432617>
[COT 2023-5M-24 23:25:35] 76561198040010982: Spawned Entity 100 Ruble Note (ItemBase<7001e250>, 500, 100) at <6321.533691, 20.712540, 9478.432617>
[COT 2023-5M-24 23:25:35] 76561198040010982: Spawned Entity 100 Ruble Note (ItemBase<7001ebe0>, 500, 100) at <6321.533691, 20.712540, 9478.432617>
[COT 2023-5M-24 23:25:35] 76561198040010982: Spawned Entity 100 Ruble Note (ItemBase<7001b280>, 500, 100) at <6321.533691, 20.712540, 9478.432617>
[COT 2023-5M-24 23:25:35] 76561198040010982: Spawned Entity 100 Ruble Note (ItemBase<7001c5a0>, 500, 100) at <6321.533691, 20.712540, 9478.432617>
[COT 2023-5M-24 23:27:39] 76561198401795791: Entered the Free Camera
[COT 2023-5M-24 23:27:49] 76561198040010982: Spawned Entity PEQ1 Laser (SNAFU_PEQ1_Laser<73049ef0>, -1, 150) at <6319.430664, 20.722435, 9477.463867>
[COT 2023-5M-24 23:28:0s] 76561198401795791: Left the Free Camera
[COT 2023-5M-24 23:28:49] 76561198401795791: Teleported to <6329.076172, 20.714642, 9486.461914> [guid=QOVCOk5flZ8LlxY_vIXEUxFpj4R6rL-wr-TF8_b4xZo=]
[COT 2023-5M-24 23:30:47] 76561198401795791: Spawned Entity Tiger-308 (SVD_Base<6f80ea20>, -1, 250) at <6320.885254, 20.725634, 9475.010742>
[COT 2023-5M-24 23:30:52] 76561198040010982: Spawned Entity CQR Forefrip. (SNAFU_FGCR_Grip<731ab3f0>, -1, 200) at <6320.900879, 20.717455, 9477.536133>
[COT 2023-5M-24 23:31:42] 76561198040010982: Spawned Entity AFG Grip OD (SNAFU_AFG_02_OD<74925c40>, -1, 100) at <6320.226563, 20.718149, 9478.000977>
[COT 2023-5M-24 23:31:58] 76561198040010982: Spawned Entity 9V Battery (Battery9V<7493a160>, 50, 20) at <6319.423340, 20.721258, 9477.838867>
[COT 2023-5M-24 23:31:58] 76561198040010982: Spawned Entity 9V Battery (Battery9V<749354e0>, 50, 20) at <6319.423340, 20.721258, 9477.838867>
[COT 2023-5M-24 23:31:58] 76561198040010982: Spawned Entity 9V Battery (Battery9V<7493c7a0>, 50, 20) at <6319.423340, 20.721258, 9477.838867>
[COT 2023-5M-24 23:31:58] 76561198040010982: Spawned Entity 9V Battery (Battery9V<749384b0>, 50, 20) at <6319.423340, 20.721258, 9477.838867>
[COT 2023-5M-24 23:31:58] 76561198040010982: Spawned Entity 9V Battery (Battery9V<74938e40>, 50, 20) at <6319.423340, 20.721258, 9477.838867>
[COT 2023-5M-24 23:31:58] 76561198040010982: Spawned Entity 9V Battery (Battery9V<7493b480>, 50, 20) at <6319.423340, 20.721258, 9477.838867>
[COT 2023-5M-24 23:31:58] 76561198040010982: Spawned Entity 9V Battery (Battery9V<749397d0>, 50, 20) at <6319.423340, 20.721258, 9477.838867>
[COT 2023-5M-24 23:49:27] 76561198401795791: Spawned Entity 9V Battery (Battery9V<40c0c80>, 50, 20) at <6329.614258, 20.789759, 9479.421875>
[COT 2023-5M-24 23:49:27] 76561198401795791: Spawned Entity 9V Battery (Battery9V<40c1610>, 50, 20) at <6329.614258, 20.789759, 9479.421875>
[COT 2023-5M-24 23:49:28] 76561198401795791: Spawned Entity 9V Battery (Battery9V<40a5e30>, 50, 20) at <6329.614258, 20.789759, 9479.421875>
[COT 2023-5M-24 23:54:16] 76561198401795791: Spawned Entity 10% Choke Black (SNAFU_Shotgunchoke_Black<42549c0>, -1, 100) at <6323.979492, 20.707737, 9478.963867>
[COT 2023-5M-24 23:55:34] 76561198401795791: Entered the Free Camera
[COT 2023-5M-24 23:56:7s] 76561198401795791: Left the Free Camera
[COT 2023-5M-24 23:56:25] 76561198401795791: Set GodMode To false [guid=QjlZXS0Ark29Vwx4GPzro34d4Mh-vfgK6BY62FOJWUg=]
[COT 2023-5M-24 23:56:27] 76561198401795791: Set GodMode To false [guid=QOVCOk5flZ8LlxY_vIXEUxFpj4R6rL-wr-TF8_b4xZo=]
[COT 2023-5M-24 23:56:32] 76561198401795791: Teleported [guid=QOVCOk5flZ8LlxY_vIXEUxFpj4R6rL-wr-TF8_b4xZo=] to <5203.831055, 49.099312, 8164.774414>
[COT 2023-5M-25 0h:0m:28] 76561198401795791: Spawned Entity 4-Dial Combination Lock (CombinationLock4<ad583c0>, -1, 1500) at <5344.319824, 85.843994, 7983.250000>
[COT 2023-5M-25 0h:2m:22] 76561198401795791: Spawned Entity CodeLock (CodeLock<7290fc0>, -1, 1500) at <5350.828125, 86.909172, 7982.272949>
[COT 2023-5M-25 0h:3m:56] 76561198401795791: Spawned Entity Military Crate (Msp_MilitaryCrate_Base<1241cc0>, -1, 100) at <5353.404785, 87.741730, 7979.179199>
[COT 2023-5M-25 0h:4m:1s] 76561198401795791: Spawned Entity Military Crate (Msp_MilitaryCrate_Base<123d040>, -1, 100) at <5353.404785, 87.741730, 7979.179199>
[COT 2023-5M-25 0h:14:9s] 76561198401795791: Entered the Free Camera
[COT 2023-5M-25 0h:14:20] 76561198401795791: Left the Free Camera
[COT 2023-5M-25 0h:14:27] 76561198401795791: Teleported [guid=QOVCOk5flZ8LlxY_vIXEUxFpj4R6rL-wr-TF8_b4xZo=] to <5352.548340, 87.404266, 7982.772949>
