[COT 2023-05-30 19:24:41] 76561198040010982: Set the date to 2011/12/20 6:0
[COT 2023-05-30 19:24:41] 76561198040010982: Set the date to 2011/12/20 12:0
[COT 2023-05-30 19:24:42] 76561198040010982: Set rain to 0 0 0
[COT 2023-05-30 19:24:42] 76561198040010982: Set storm to 0 0.8 4000
[COT 2023-05-30 19:24:42] 76561198040010982: Set fog to 0 0 0
[COT 2023-05-30 19:24:42] 76561198040010982: Set overcast to 0.107606 0 0
[COT 2023-05-30 19:24:42] 76561198040010982: Set the date to 2011/12/20 12:0
[COT 2023-05-30 19:24:42] 76561198040010982: Set wind to 29.995 29.995 1
[COT 2023-05-30 19:24:54] 76561198040010982: Spawned Entity Alligator Dino (SNAFUAlligator_Base<5d897e0>, -1, 300) at <6764.418945, 19.006893, 11479.436523>
[COT 2023-05-30 19:26:35] 76561198040010982: Teleported to <8343.219727, 15.126885, 10730.067383> [guid=zhJxvJUIQcTeCgEZ3Xhlvc_WjNMgSdId2I-HV3Jo6tA=]
[COT 2023-05-30 19:26:56] 76561198040010982: Teleported [guid=zhJxvJUIQcTeCgEZ3Xhlvc_WjNMgSdId2I-HV3Jo6tA=] to <8277.190430, 15.012431, 10852.729492>
[COT 2023-05-30 19:29:04] 76561198040010982: Teleported [guid=QOVCOk5flZ8LlxY_vIXEUxFpj4R6rL-wr-TF8_b4xZo=] to <8276.373047, 15.012408, 10859.575195>
[COT 2023-05-30 19:29:37] 76561198040010982: Teleported to <8277.845703, 15.012494, 10862.501953> [guid=QOVCOk5flZ8LlxY_vIXEUxFpj4R6rL-wr-TF8_b4xZo=]
[COT 2023-05-30 19:31:45] 76561198040010982: Spawned Entity Alligator 5rnd Mag (SNAFUAlligator_5rdMag<5659c820>, 1, 200) at <8396.333008, 15.840023, 10864.125977>
[COT 2023-05-30 19:31:45] 76561198040010982: Spawned Entity Alligator 5rnd Mag (SNAFUAlligator_5rdMag<56596490>, 1, 200) at <8396.333008, 15.840023, 10864.125977>
[COT 2023-05-30 19:35:47] 76561198040010982: Teleported to <7941.514160, 15.147172, 11489.245117> [guid=QOVCOk5flZ8LlxY_vIXEUxFpj4R6rL-wr-TF8_b4xZo=]
[COT 2023-05-30 19:38:42] 76561198040010982: ESP: Viewing ESP
[COT 2023-05-30 19:38:46] 76561198040010982: ESP: Clearing ESP
[COT 2023-05-30 19:38:47] 76561198040010982: ESP: Viewing ESP
[COT 2023-05-30 19:38:49] 76561198040010982: ESP index=0 target=FFY_Alligator_Dino:011003 position=<7560.383301, 18.731615, 11574.951172> action=delete
[COT 2023-05-30 19:38:49] 76561198040010982: ESP action=delete_all count=1 attempted=1
[COT 2023-05-30 19:38:54] 76561198040010982: ESP: Clearing ESP
[COT 2023-05-30 19:41:10] 76561199176957808: Set Reputation To 10000 [guid=zhJxvJUIQcTeCgEZ3Xhlvc_WjNMgSdId2I-HV3Jo6tA=]
[COT 2023-05-30 19:47:36] 76561198040010982: Healed [guid=8vtfObsTQABYXpVHaEsAuZ5QTEAjCvC2a-AZwd4E5dw=]
[COT 2023-05-30 19:47:36] 76561198040010982: Healed [guid=8vtfObsTQABYXpVHaEsAuZ5QTEAjCvC2a-AZwd4E5dw=]
[COT 2023-05-30 19:48:33] 76561198930893538: Teleported to position <8607.358398, 14.720000, 10503.158203>
[COT 2023-05-30 19:48:37] 76561199176957808: Teleported to position <8582.122070, 14.759302, 10486.192383>
[COT 2023-05-30 19:48:37] 76561198040010982: Teleported to <8582.122070, 14.759302, 10486.192383> [guid=zhJxvJUIQcTeCgEZ3Xhlvc_WjNMgSdId2I-HV3Jo6tA=]
[COT 2023-05-30 19:49:59] 76561198040010982: Spawned Entity Hryvnia Banknotes Stack (ExpansionBanknoteHryvnia<e82a6ab0>, 10000, 100) at <8561.600586, 15.931862, 10512.537109>
[COT 2023-05-30 19:50:00] 76561198040010982: Spawned Entity Hryvnia Banknotes Stack (ExpansionBanknoteHryvnia<e82a3360>, 10000, 100) at <8561.600586, 15.931862, 10512.537109>
[COT 2023-05-30 19:50:00] 76561198040010982: Spawned Entity Hryvnia Banknotes Stack (ExpansionBanknoteHryvnia<e82a4980>, 10000, 100) at <8561.600586, 15.931862, 10512.537109>
[COT 2023-05-30 19:50:00] 76561198040010982: Spawned Entity Hryvnia Banknotes Stack (ExpansionBanknoteHryvnia<e82ac330>, 10000, 100) at <8561.600586, 15.931862, 10512.537109>
[COT 2023-05-30 19:50:22] 76561198040010982: Spawned Entity Hryvnia Banknotes Stack (ExpansionBanknoteHryvnia<dff038e0>, 50000, 100) at <8560.663086, 15.932140, 10515.204102>
[COT 2023-05-30 19:50:22] 76561198040010982: Spawned Entity Hryvnia Banknotes Stack (ExpansionBanknoteHryvnia<dff04f00>, 50000, 100) at <8560.663086, 15.932140, 10515.204102>
[COT 2023-05-30 19:50:22] 76561198040010982: Spawned Entity Hryvnia Banknotes Stack (ExpansionBanknoteHryvnia<dff0bda0>, 50000, 100) at <8560.663086, 15.932140, 10515.204102>
[COT 2023-05-30 19:50:22] 76561198040010982: Spawned Entity Hryvnia Banknotes Stack (ExpansionBanknoteHryvnia<dff06520>, 50000, 100) at <8560.663086, 15.932140, 10515.204102>
[COT 2023-05-30 19:50:23] 76561198040010982: Spawned Entity Hryvnia Banknotes Stack (ExpansionBanknoteHryvnia<dff12c40>, 50000, 100) at <8560.663086, 15.932140, 10515.204102>
[COT 2023-05-30 19:51:03] 76561198040010982: Spawned Entity Fireplace (Fireplace<19e072c0>, 100, 100) at <8558.683594, 15.932442, 10517.677734>
[COT 2023-05-30 20:00:41] 76561198930893538: Spawned Entity Flag Pole Kit (TerritoryFlagKit<de3cdbd0>, -1, 200) at <8583.390625, 14.778145, 10479.672852>
[COT 2023-05-30 20:00:50] 76561198040010982: Teleported to <8585.735352, 14.769637, 10480.304688> [guid=QOVCOk5flZ8LlxY_vIXEUxFpj4R6rL-wr-TF8_b4xZo=]
[COT 2023-05-30 20:01:47] 76561198930893538: ESP: Viewing ESP
[COT 2023-05-30 20:01:52] 76561198930893538: ESP index=0 target=TerritoryFlagKit:011851 position=<8563.225586, 16.021049, 10513.705078> action=delete
[COT 2023-05-30 20:01:52] 76561198930893538: ESP action=delete_all count=1 attempted=1
[COT 2023-05-30 20:02:13] 76561198930893538: ESP: Clearing ESP
[COT 2023-05-30 20:05:15] 76561198930893538: Spawned Entity Firewood (Firewood<d9b17850>, 1, 500) at <8559.182617, 15.932337, 10516.818359>
[COT 2023-05-30 20:05:16] 76561198930893538: Spawned Entity Firewood (Firewood<d9b114c0>, 1, 500) at <8559.182617, 15.932337, 10516.818359>
[COT 2023-05-30 20:05:16] 76561198930893538: Spawned Entity Firewood (Firewood<d9b18360>, 1, 500) at <8559.182617, 15.932337, 10516.818359>
[COT 2023-05-30 20:05:16] 76561198930893538: Spawned Entity Firewood (Firewood<d9b11fd0>, 1, 500) at <8559.182617, 15.932337, 10516.818359>
[COT 2023-05-30 20:17:22] 76561198930893538: Spawned Entity Firewood (Firewood<e4901590>, 1, 500) at <8559.155273, 15.932093, 10516.071289>
[COT 2023-05-30 20:17:22] 76561198930893538: Spawned Entity Firewood (Firewood<e490c690>, 1, 500) at <8559.155273, 15.932093, 10516.071289>
[COT 2023-05-30 21:03:18] 76561199176957808: Dried [guid=zhJxvJUIQcTeCgEZ3Xhlvc_WjNMgSdId2I-HV3Jo6tA=]
[COT 2023-05-30 21:12:27] 76561199176957808: ESP: Viewing ESP
[COT 2023-05-30 21:12:42] 76561199176957808: ESP: Clearing ESP
[COT 2023-05-30 21:12:43] 76561199176957808: ESP: Viewing ESP
[COT 2023-05-30 21:13:04] 76561199176957808: ESP: Clearing ESP
[COT 2023-05-30 21:16:08] 76561199176957808: ESP: Viewing ESP
[COT 2023-05-30 22:50:33] 76561199176957808: Spawned Entity Chiappa Rhino (SNAFUChiappaRhino<ea8db8d0>, -1, 200) at <8558.741211, 15.932404, 10517.812500>
[COT 2023-05-30 23:09:25] 76561199176957808: Teleported to position <8549.777344, 20.062693, 11238.583984>
[COT 2023-05-30 23:14:25] 76561199176957808: Teleported to position <8590.529297, 14.720000, 10534.667969>
[COT 2023-05-30 23:19:41] 76561199176957808: Teleported to position <1289.466064, 3.559628, 11792.385742>
[COT 2023-05-30 23:21:13] 76561199176957808: Teleported to position <8574.287109, 14.744566, 10526.766602>
