[COT 2023-05-31 05:43:22] 76561198930893538: ESP: Viewing ESP
[COT 2023-05-31 05:43:24] 76561198930893538: ESP: Clearing ESP
[COT 2023-05-31 05:43:27] 76561198930893538: ESP: Viewing ESP
[COT 2023-05-31 05:43:28] 76561198930893538: ESP: Clearing ESP
[COT 2023-05-31 05:43:32] 76561198930893538: ESP: Viewing ESP
[COT 2023-05-31 05:43:37] 76561198930893538: ESP: Clearing ESP
[COT 2023-05-31 05:43:39] 76561198930893538: ESP: Viewing ESP
[COT 2023-05-31 05:43:46] 76561198930893538: ESP: Clearing ESP
[COT 2023-05-31 05:43:47] 76561198930893538: ESP: Viewing ESP
[COT 2023-05-31 05:43:49] 76561198930893538: ESP: Clearing ESP
[COT 2023-05-31 05:43:50] 76561198930893538: ESP: Viewing ESP
[COT 2023-05-31 05:43:56] 76561198930893538: ESP: Clearing ESP
[COT 2023-05-31 05:44:01] 76561198930893538: ESP: Viewing ESP
[COT 2023-05-31 05:44:10] 76561198930893538: ESP target=MediumTent:07571 position=<5233.810059, 31.478619, 8589.473633> action=delete
[COT 2023-05-31 05:44:14] 76561198930893538: ESP: Clearing ESP
[COT 2023-05-31 05:45:56] 76561198930893538: Spawned Entity Fire Barrel (BarrelHoles_Blue<828437a0>, -1, 900) at <5232.630371, 31.479130, 8587.137695>
[COT 2023-05-31 05:46:06] 76561198930893538: ESP: Viewing ESP
[COT 2023-05-31 05:46:11] 76561198930893538: ESP: Clearing ESP
[COT 2023-05-31 05:46:11] 76561198930893538: ESP: Viewing ESP
[COT 2023-05-31 05:46:14] 76561198930893538: ESP index=0 target=BarrelHoles_Red:06553 position=<5232.930664, 31.478621, 8588.512695> action=delete
[COT 2023-05-31 05:46:14] 76561198930893538: ESP action=delete_all count=1 attempted=1
[COT 2023-05-31 05:46:20] 76561198930893538: ESP: Clearing ESP
[COT 2023-05-31 05:50:18] 76561198930893538: Spawned Entity Short Stick (WoodenStick<d5cc0e50>, 5, 50) at <5229.394531, 35.491169, 8590.326172>
[COT 2023-05-31 05:50:18] 76561198930893538: Spawned Entity Short Stick (WoodenStick<d5ce2150>, 5, 50) at <5229.394531, 35.491169, 8590.326172>
[COT 2023-05-31 05:50:18] 76561198930893538: Spawned Entity Short Stick (WoodenStick<d5ce3770>, 5, 50) at <5229.394531, 35.491169, 8590.326172>
[COT 2023-05-31 05:50:46] 76561198930893538: Spawned Entity Rope (Rope<d3f42ff0>, -1, 200) at <5229.394531, 35.491169, 8590.326172>
[COT 2023-05-31 05:58:42] 76561199176957808: ESP: Viewing ESP
[COT 2023-05-31 05:59:00] 76561199176957808: ESP: Clearing ESP
[COT 2023-05-31 05:59:01] 76561199176957808: ESP: Viewing ESP
[COT 2023-05-31 06:11:16] 76561199176957808: ESP: Clearing ESP
[COT 2023-05-31 06:16:16] 76561199176957808: Set GodMode To true [guid=zhJxvJUIQcTeCgEZ3Xhlvc_WjNMgSdId2I-HV3Jo6tA=]
[COT 2023-05-31 06:16:23] 76561199176957808: Teleported [guid=QOVCOk5flZ8LlxY_vIXEUxFpj4R6rL-wr-TF8_b4xZo=] to <5244.048828, 36.703346, 8634.196289>
[COT 2023-05-31 06:22:07] 76561198930893538: Spawned Entity Medium Tent (MediumTent<651f59e0>, -1, 600) at <5231.523926, 31.560942, 8588.602539>
[COT 2023-05-31 06:23:13] 76561199176957808: Set GodMode To false [guid=zhJxvJUIQcTeCgEZ3Xhlvc_WjNMgSdId2I-HV3Jo6tA=]
[COT 2023-05-31 12:40:48] 76561198040010982: Teleported to position <160.443085, 2.000000, 12581.524414>
[COT 2023-05-31 12:41:35] 76561198040010982: Spawned Entity Flag Pole Kit (TerritoryFlagKit<d5413d70>, -1, 200) at <161.687958, 2.012368, 12576.390625>
[COT 2023-05-31 12:41:35] 76561198040010982: Spawned Entity Flag Pole Kit (TerritoryFlagKit<d5411c40>, -1, 200) at <161.687958, 2.012368, 12576.390625>
