[COT 2023-06-02 00:24:13] 76561198930893538: Teleported to position <8561.284180, 14.839729, 10525.282227>
[COT 2023-06-02 00:26:29] 76561199176957808: Teleported to <8563.698242, 15.910170, 10508.602539> [guid=QOVCOk5flZ8LlxY_vIXEUxFpj4R6rL-wr-TF8_b4xZo=]
[COT 2023-06-02 00:27:32] 76561199176957808: ESP: Viewing ESP
[COT 2023-06-02 00:27:38] 76561199176957808: ESP: Clearing ESP
[COT 2023-06-02 00:27:40] 76561199176957808: ESP: Viewing ESP
[COT 2023-06-02 00:28:55] 76561198040010982: Entered the Free Camera
[COT 2023-06-02 00:28:57] 76561198040010982: Left the Free Camera
[COT 2023-06-02 00:29:12] 76561198040010982: Entered the Free Camera
[COT 2023-06-02 00:29:26] 76561199176957808: Teleported to <5215.145996, 31.128214, 8584.252930> [guid=-G7h99lSZDcoLDkS_Pf_kTJ_FSRUsnlVGD6gnAZk71c=]
[COT 2023-06-02 00:29:37] 76561198040010982: Left the Free Camera
[COT 2023-06-02 00:29:46] 76561198930893538: Teleported to <5230.385254, 31.479113, 8586.550781> [guid=-G7h99lSZDcoLDkS_Pf_kTJ_FSRUsnlVGD6gnAZk71c=]
[COT 2023-06-02 00:30:29] 76561199176957808: ESP: Clearing ESP
[COT 2023-06-02 00:30:30] 76561199176957808: ESP: Viewing ESP
[COT 2023-06-02 00:30:32] 76561198040010982: Spawned Entity Supply Signal (ExpansionSupplySignal<4a390410>, -1, 20) at <8573.152344, 14.812749, 10473.331055>
[COT 2023-06-02 00:30:37] 76561198040010982: Entered the Free Camera
[COT 2023-06-02 00:30:44] 76561198040010982: Left the Free Camera
[COT 2023-06-02 00:32:19] 76561199176957808: Spawned Entity Universal Flashlight (UniversalLight<54556590>, -1, 70) at <5231.395996, 31.559114, 8588.444336>
[COT 2023-06-02 00:40:36] 76561198040010982: Entered the Free Camera
[COT 2023-06-02 00:41:01] 76561198040010982: Left the Free Camera
[COT 2023-06-02 00:41:11] 76561198040010982: Set GodMode To true [guid=8vtfObsTQABYXpVHaEsAuZ5QTEAjCvC2a-AZwd4E5dw=]
[COT 2023-06-02 00:41:12] 76561198040010982: Set Invisibility To 1 [guid=8vtfObsTQABYXpVHaEsAuZ5QTEAjCvC2a-AZwd4E5dw=]
[COT 2023-06-02 00:41:12] 76561198040010982: Set cannot be targeted by AI to true [guid=8vtfObsTQABYXpVHaEsAuZ5QTEAjCvC2a-AZwd4E5dw=]
[COT 2023-06-02 00:42:31] 76561198040010982: Set Invisibility To 0 [guid=8vtfObsTQABYXpVHaEsAuZ5QTEAjCvC2a-AZwd4E5dw=]
[COT 2023-06-02 00:42:43] 76561198040010982: Spawned Entity Supply Signal (ExpansionSupplySignal<50eb0f40>, -1, 20) at <3918.280273, 62.671127, 7368.045898>
[COT 2023-06-02 00:42:43] 76561198040010982: Spawned Entity Supply Signal (ExpansionSupplySignal<50ead2f0>, -1, 20) at <3918.280273, 62.671127, 7368.045898>
[COT 2023-06-02 00:42:43] 76561198040010982: Spawned Entity Supply Signal (ExpansionSupplySignal<50eb1b50>, -1, 20) at <3918.280273, 62.671127, 7368.045898>
[COT 2023-06-02 00:42:43] 76561198040010982: Spawned Entity Supply Signal (ExpansionSupplySignal<50eb2760>, -1, 20) at <3918.280273, 62.671127, 7368.045898>
[COT 2023-06-02 00:42:43] 76561198040010982: Spawned Entity Supply Signal (ExpansionSupplySignal<50eb3370>, -1, 20) at <3918.280273, 62.671127, 7368.045898>
[COT 2023-06-02 00:42:44] 76561198040010982: Spawned Entity Supply Signal (ExpansionSupplySignal<50eb3f80>, -1, 20) at <3918.280273, 62.671127, 7368.045898>
[COT 2023-06-02 00:43:30] 76561198040010982: Set the date to 2011/12/1 12:0
[COT 2023-06-02 00:46:10] 76561199176957808: ESP: Clearing ESP
[COT 2023-06-02 00:46:11] 76561199176957808: ESP: Viewing ESP
[COT 2023-06-02 00:46:17] 76561198040010982: Spawned Entity Supply Signal (ExpansionSupplySignal<50ec30c0>, -1, 20) at <3847.032959, 53.299160, 7392.163574>
[COT 2023-06-02 00:46:17] 76561198040010982: Spawned Entity Supply Signal (ExpansionSupplySignal<50ec3cd0>, -1, 20) at <3847.032959, 53.299160, 7392.163574>
[COT 2023-06-02 00:46:17] 76561198040010982: Spawned Entity Supply Signal (ExpansionSupplySignal<50eca960>, -1, 20) at <3847.032959, 53.299160, 7392.163574>
[COT 2023-06-02 00:46:18] 76561198040010982: Spawned Entity Supply Signal (ExpansionSupplySignal<50ecb570>, -1, 20) at <3847.032959, 53.299160, 7392.163574>
[COT 2023-06-02 00:47:37] 76561198040010982: Spawned Entity M72 LAW (ExpansionLAW<50ec6100>, -1, 100) at <3845.013672, 53.072197, 7395.179688>
[COT 2023-06-02 00:47:39] 76561198040010982: Spawned Entity M72 LAW Warhead (Ammunition_Base<ecf39ae0>, 1, 100) at <3845.013672, 53.072197, 7395.179688>
[COT 2023-06-02 00:55:38] 76561198040010982: Spawned Entity Supply Signal (ExpansionSupplySignal<eb047070>, -1, 20) at <3831.866211, 53.221058, 7398.504395>
[COT 2023-06-02 00:55:38] 76561198040010982: Spawned Entity Supply Signal (ExpansionSupplySignal<eb050130>, -1, 20) at <3831.866211, 53.221058, 7398.504395>
[COT 2023-06-02 00:57:01] 76561198040010982: ESP: Viewing ESP
[COT 2023-06-02 00:57:08] 76561198040010982: ESP index=0 target=ExpansionAirdropContainer:09535 position=<3917.701660, 62.980408, 7370.660156> action=delete
[COT 2023-06-02 00:57:08] 76561198040010982: ESP index=1 target=ExpansionAirdropContainer_Military:08639 position=<3833.024902, 53.055332, 7401.886719> action=delete
[COT 2023-06-02 00:57:08] 76561198040010982: ESP index=2 target=ExpansionAirdropContainer_Military:011819 position=<3917.424561, 62.676807, 7368.913086> action=delete
[COT 2023-06-02 00:57:08] 76561198040010982: ESP index=3 target=ExpansionAirdropContainer_Medical:010655 position=<3841.486572, 53.844025, 7398.450684> action=delete
[COT 2023-06-02 00:57:08] 76561198040010982: ESP index=4 target=FirstAidKit:010008 position=<3845.874756, 53.107178, 7395.740723> action=delete
[COT 2023-06-02 00:57:08] 76561198040010982: ESP action=delete_all count=5 attempted=5
[COT 2023-06-02 00:57:11] 76561198040010982: ESP index=0 target=ExpansionAirdropContainer_Medical:07234 position=<3845.027344, 53.083652, 7396.213867> action=delete
[COT 2023-06-02 00:57:11] 76561198040010982: ESP index=1 target=ExpansionAirdropContainer_Military:011688 position=<3848.342773, 53.091755, 7394.401367> action=delete
[COT 2023-06-02 00:57:11] 76561198040010982: ESP index=2 target=FirstAidKit:07274 position=<3845.874756, 53.107178, 7395.740723> action=delete
[COT 2023-06-02 00:57:11] 76561198040010982: ESP action=delete_all count=3 attempted=3
[COT 2023-06-02 00:57:13] 76561198040010982: ESP index=0 target=FirstAidKit:08994 position=<3845.874756, 53.116585, 7395.740723> action=delete
[COT 2023-06-02 00:57:13] 76561198040010982: ESP action=delete_all count=1 attempted=1
[COT 2023-06-02 00:57:15] 76561198040010982: ESP index=0 target=FirstAidKit:011194 position=<3845.874756, 53.116585, 7395.740723> action=delete
[COT 2023-06-02 00:57:15] 76561198040010982: ESP action=delete_all count=1 attempted=1
[COT 2023-06-02 00:57:17] 76561198040010982: ESP index=0 target=FirstAidKit:09754 position=<3845.874756, 53.116585, 7395.740723> action=delete
[COT 2023-06-02 00:57:17] 76561198040010982: ESP action=delete_all count=1 attempted=1
[COT 2023-06-02 00:57:19] 76561198040010982: ESP index=0 target=FirstAidKit:010625 position=<3845.874756, 53.107178, 7395.740723> action=delete
[COT 2023-06-02 00:57:19] 76561198040010982: ESP action=delete_all count=1 attempted=1
[COT 2023-06-02 00:57:20] 76561198040010982: ESP index=0 target=FirstAidKit:013131 position=<3845.874756, 53.116585, 7395.740723> action=delete
[COT 2023-06-02 00:57:20] 76561198040010982: ESP action=delete_all count=1 attempted=1
[COT 2023-06-02 00:57:22] 76561198040010982: ESP index=0 target=FirstAidKit:07334 position=<3845.874756, 53.107178, 7395.740723> action=delete
[COT 2023-06-02 00:57:22] 76561198040010982: ESP action=delete_all count=1 attempted=1
[COT 2023-06-02 00:57:23] 76561198040010982: ESP index=0 target=FirstAidKit:09966 position=<3845.874756, 53.116585, 7395.740723> action=delete
[COT 2023-06-02 00:57:23] 76561198040010982: ESP action=delete_all count=1 attempted=1
[COT 2023-06-02 00:57:25] 76561198040010982: ESP index=0 target=FirstAidKit:013122 position=<3845.874756, 53.107178, 7395.740723> action=delete
[COT 2023-06-02 00:57:25] 76561198040010982: ESP action=delete_all count=1 attempted=1
[COT 2023-06-02 00:57:26] 76561198040010982: ESP index=0 target=FirstAidKit:013130 position=<3845.874756, 53.116585, 7395.740723> action=delete
[COT 2023-06-02 00:57:26] 76561198040010982: ESP action=delete_all count=1 attempted=1
[COT 2023-06-02 00:57:28] 76561198040010982: ESP index=0 target=FirstAidKit:011656 position=<3845.874756, 53.107178, 7395.740723> action=delete
[COT 2023-06-02 00:57:28] 76561198040010982: ESP action=delete_all count=1 attempted=1
[COT 2023-06-02 00:57:29] 76561198040010982: ESP index=0 target=FirstAidKit:05521 position=<3845.874756, 53.116585, 7395.740723> action=delete
[COT 2023-06-02 00:57:29] 76561198040010982: ESP action=delete_all count=1 attempted=1
[COT 2023-06-02 00:57:39] 76561198040010982: Entered the Free Camera
[COT 2023-06-02 00:57:46] 76561198040010982: Left the Free Camera
[COT 2023-06-02 01:02:01] 76561198040010982: Spawned Entity Supply Signal (ExpansionSupplySignal<50ebac10>, -1, 20) at <74.840881, 2.012427, 7334.388184>
[COT 2023-06-02 01:02:01] 76561198040010982: Spawned Entity Supply Signal (ExpansionSupplySignal<50ebb820>, -1, 20) at <74.840881, 2.012427, 7334.388184>
[COT 2023-06-02 01:02:02] 76561198040010982: Spawned Entity Supply Signal (ExpansionSupplySignal<50eb4b90>, -1, 20) at <74.840881, 2.012427, 7334.388184>
[COT 2023-06-02 01:02:02] 76561198040010982: Spawned Entity Supply Signal (ExpansionSupplySignal<50ebc430>, -1, 20) at <74.840881, 2.012427, 7334.388184>
[COT 2023-06-02 01:02:02] 76561198040010982: Spawned Entity Supply Signal (ExpansionSupplySignal<50eb57a0>, -1, 20) at <74.840881, 2.012427, 7334.388184>
[COT 2023-06-02 01:09:12] 76561199176957808: ESP: Clearing ESP
[COT 2023-06-02 01:09:13] 76561199176957808: ESP: Viewing ESP
[COT 2023-06-02 01:25:04] 76561198040010982: Spawned Entity Supply Signal (ExpansionSupplySignal<eb047070>, -1, 20) at <74.012291, 2.012500, 7332.557129>
[COT 2023-06-02 01:25:05] 76561198040010982: Spawned Entity Supply Signal (ExpansionSupplySignal<eb04f520>, -1, 20) at <74.012291, 2.012500, 7332.557129>
[COT 2023-06-02 01:25:05] 76561198040010982: Spawned Entity Supply Signal (ExpansionSupplySignal<eb048890>, -1, 20) at <74.012291, 2.012500, 7332.557129>
[COT 2023-06-02 01:25:05] 76561198040010982: Spawned Entity Supply Signal (ExpansionSupplySignal<eb0555a0>, -1, 20) at <74.012291, 2.012500, 7332.557129>
[COT 2023-06-02 01:25:05] 76561198040010982: Spawned Entity Supply Signal (ExpansionSupplySignal<eb051950>, -1, 20) at <74.012291, 2.012500, 7332.557129>
[COT 2023-06-02 01:28:22] 76561198040010982: Teleported to position <8525.786133, 14.928743, 10549.726563>
[COT 2023-06-02 01:47:03] 76561198040010982: Spawned Entity Rope (Rope<ecd72890>, -1, 200) at <8597.142578, 14.732501, 10515.443359>
[COT 2023-06-02 01:47:03] 76561198040010982: Spawned Entity Rope (Rope<ecd79730>, -1, 200) at <8597.142578, 14.732501, 10515.443359>
[COT 2023-06-02 01:47:03] 76561198040010982: Spawned Entity Rope (Rope<ecd733a0>, -1, 200) at <8597.142578, 14.732501, 10515.443359>
[COT 2023-06-02 02:02:50] 76561199176957808: ESP: Clearing ESP
[COT 2023-06-02 02:02:54] 76561199176957808: ESP: ESP updating
[COT 2023-06-02 02:02:55] 76561199176957808: ESP: Clearing ESP
[COT 2023-06-02 02:02:59] 76561199176957808: ESP: ESP updating
[COT 2023-06-02 02:03:43] 76561198040010982: Spawned Entity Construction Light (Spotlight<e11e7530>, -1, 80) at <8597.489258, 14.732495, 10524.809570>
[COT 2023-06-02 02:15:04] 76561198930893538: Entered the Free Camera
[COT 2023-06-02 02:15:42] 76561198930893538: Left the Free Camera
[COT 2023-06-02 02:16:05] 76561198930893538: Entered the Free Camera
[COT 2023-06-02 02:16:07] 76561198930893538: Left the Free Camera
[COT 2023-06-02 02:16:13] 76561198930893538: Entered the Free Camera
[COT 2023-06-02 02:16:15] 76561198930893538: Left the Free Camera
[COT 2023-06-02 02:34:55] 76561198930893538: ESP: Viewing ESP
[COT 2023-06-02 02:35:01] 76561198930893538: ESP: Clearing ESP
[COT 2023-06-02 02:35:04] 76561198930893538: ESP: Viewing ESP
[COT 2023-06-02 02:35:11] 76561198930893538: ESP: Clearing ESP
[COT 2023-06-02 02:35:12] 76561198930893538: ESP: Viewing ESP
[COT 2023-06-02 02:35:20] 76561198930893538: Entered the Free Camera
[COT 2023-06-02 02:35:27] 76561198930893538: Left the Free Camera
[COT 2023-06-02 02:38:52] 76561199176957808: ESP: Clearing ESP
[COT 2023-06-02 02:38:55] 76561199176957808: ESP: ESP updating
[COT 2023-06-02 02:38:55] 76561199176957808: ESP: Clearing ESP
[COT 2023-06-02 02:43:30] 76561199176957808: Teleported to position <8574.154297, 14.793467, 10488.718750>
[COT 2023-06-02 02:44:19] 76561199176957808: Spawned Entity Handheld Transceiver (PersonalRadio<ea7c3690>, -1, 50) at <8572.792969, 14.779885, 10504.190430>
[COT 2023-06-02 02:44:19] 76561199176957808: Spawned Entity Handheld Transceiver (PersonalRadio<ea7ee470>, -1, 50) at <8572.792969, 14.779885, 10504.190430>
[COT 2023-06-02 02:44:20] 76561199176957808: Spawned Entity Handheld Transceiver (PersonalRadio<ea7efa90>, -1, 50) at <8572.792969, 14.779885, 10504.190430>
[COT 2023-06-02 02:44:38] 76561199176957808: Spawned Entity 9V Battery (Battery9V<545373c0>, 50, 20) at <8572.792969, 14.779885, 10504.190430>
[COT 2023-06-02 02:44:38] 76561199176957808: Spawned Entity 9V Battery (Battery9V<54534780>, 50, 20) at <8572.792969, 14.779885, 10504.190430>
[COT 2023-06-02 02:44:39] 76561199176957808: Spawned Entity 9V Battery (Battery9V<54535290>, 50, 20) at <8572.792969, 14.779885, 10504.190430>
[COT 2023-06-02 02:45:01] 76561199176957808: Teleported to <5230.001465, 31.479097, 8590.261719> [guid=QOVCOk5flZ8LlxY_vIXEUxFpj4R6rL-wr-TF8_b4xZo=]
[COT 2023-06-02 02:49:16] 76561199176957808: Spawned Entity Pegasus Tactical Backpack (AssaultBag_ColorBase<536c1310>, -1, 250) at <5219.412598, 31.127157, 8606.716797>
[COT 2023-06-02 02:49:48] 76561199176957808: Spawned Entity Pouch (Container_Base<e5712690>, -1, 250) at <5219.412598, 31.127157, 8606.716797>
[COT 2023-06-02 02:49:48] 76561199176957808: Spawned Entity Pouch (Container_Base<e570ce10>, -1, 250) at <5219.412598, 31.127157, 8606.716797>
[COT 2023-06-02 03:03:09] 76561199176957808: ESP: Viewing ESP
[COT 2023-06-02 03:03:15] 76561199176957808: ESP: Clearing ESP
[COT 2023-06-02 03:03:16] 76561199176957808: ESP: Viewing ESP
[COT 2023-06-02 03:44:31] 76561199176957808: Healed [guid=-G7h99lSZDcoLDkS_Pf_kTJ_FSRUsnlVGD6gnAZk71c=]
