[COT 2023-5M-27 22:27:26] 76561198040010982: Healed [guid=QOVCOk5flZ8LlxY_vIXEUxFpj4R6rL-wr-TF8_b4xZo=]
[COT 2023-5M-27 22:27:26] 76561198040010982: Healed [guid=QOVCOk5flZ8LlxY_vIXEUxFpj4R6rL-wr-TF8_b4xZo=]
[COT 2023-5M-27 22:27:37] 76561199176957808: Set GodMode To true [guid=zhJxvJUIQcTeCgEZ3Xhlvc_WjNMgSdId2I-HV3Jo6tA=]
[COT 2023-5M-27 22:27:38] 76561199176957808: Set cannot be targeted by AI to true [guid=zhJxvJUIQcTeCgEZ3Xhlvc_WjNMgSdId2I-HV3Jo6tA=]
[COT 2023-5M-27 22:27:38] 76561199176957808: Set UnlimitedStamina To true [guid=zhJxvJUIQcTeCgEZ3Xhlvc_WjNMgSdId2I-HV3Jo6tA=]
[COT 2023-5M-27 22:27:40] 76561199176957808: Set UnlimitedAmmo To true [guid=zhJxvJUIQcTeCgEZ3Xhlvc_WjNMgSdId2I-HV3Jo6tA=]
[COT 2023-5M-27 22:27:42] 76561199176957808: Healed [guid=zhJxvJUIQcTeCgEZ3Xhlvc_WjNMgSdId2I-HV3Jo6tA=]
[COT 2023-5M-27 22:27:52] 76561199176957808: Set the date to 2011/12/12 12:0
[COT 2023-5M-27 22:29:6s] 76561199176957808: Set GodMode To true [guid=QOVCOk5flZ8LlxY_vIXEUxFpj4R6rL-wr-TF8_b4xZo=]
[COT 2023-5M-27 22:29:7s] 76561199176957808: Set UnlimitedStamina To true [guid=QOVCOk5flZ8LlxY_vIXEUxFpj4R6rL-wr-TF8_b4xZo=]
[COT 2023-5M-27 22:29:9s] 76561199176957808: Set cannot be targeted by AI to true [guid=QOVCOk5flZ8LlxY_vIXEUxFpj4R6rL-wr-TF8_b4xZo=]
[COT 2023-5M-27 22:29:11] 76561199176957808: Set UnlimitedAmmo To true [guid=QOVCOk5flZ8LlxY_vIXEUxFpj4R6rL-wr-TF8_b4xZo=]
[COT 2023-5M-27 22:29:15] 76561199176957808: Healed [guid=QOVCOk5flZ8LlxY_vIXEUxFpj4R6rL-wr-TF8_b4xZo=]
[COT 2023-5M-27 22:29:31] 76561198040010982: Set UnlimitedAmmo To true [guid=8vtfObsTQABYXpVHaEsAuZ5QTEAjCvC2a-AZwd4E5dw=]
[COT 2023-5M-27 22:29:32] 76561198040010982: Set GodMode To true [guid=8vtfObsTQABYXpVHaEsAuZ5QTEAjCvC2a-AZwd4E5dw=]
[COT 2023-5M-27 22:29:33] 76561198040010982: Set cannot be targeted by AI to true [guid=8vtfObsTQABYXpVHaEsAuZ5QTEAjCvC2a-AZwd4E5dw=]
[COT 2023-5M-27 22:30:47] 76561198040010982: Set GodMode To false [guid=zhJxvJUIQcTeCgEZ3Xhlvc_WjNMgSdId2I-HV3Jo6tA=]
[COT 2023-5M-27 22:30:48] 76561198040010982: Set cannot be targeted by AI to false [guid=zhJxvJUIQcTeCgEZ3Xhlvc_WjNMgSdId2I-HV3Jo6tA=]
[COT 2023-5M-27 22:30:48] 76561198040010982: Set UnlimitedStamina To false [guid=zhJxvJUIQcTeCgEZ3Xhlvc_WjNMgSdId2I-HV3Jo6tA=]
[COT 2023-5M-27 22:30:49] 76561198040010982: Set UnlimitedAmmo To false [guid=zhJxvJUIQcTeCgEZ3Xhlvc_WjNMgSdId2I-HV3Jo6tA=]
[COT 2023-5M-27 22:30:50] 76561198040010982: Set Receive Damage Dealt To true [guid=zhJxvJUIQcTeCgEZ3Xhlvc_WjNMgSdId2I-HV3Jo6tA=]
[COT 2023-5M-27 22:30:58] 76561199176957808: Set GodMode To true [guid=zhJxvJUIQcTeCgEZ3Xhlvc_WjNMgSdId2I-HV3Jo6tA=]
[COT 2023-5M-27 22:30:59] 76561199176957808: Set cannot be targeted by AI to true [guid=zhJxvJUIQcTeCgEZ3Xhlvc_WjNMgSdId2I-HV3Jo6tA=]
[COT 2023-5M-27 22:30:59] 76561199176957808: Set UnlimitedStamina To true [guid=zhJxvJUIQcTeCgEZ3Xhlvc_WjNMgSdId2I-HV3Jo6tA=]
[COT 2023-5M-27 22:31:0s] 76561199176957808: Set UnlimitedAmmo To true [guid=zhJxvJUIQcTeCgEZ3Xhlvc_WjNMgSdId2I-HV3Jo6tA=]
[COT 2023-5M-27 22:31:2s] 76561199176957808: Set Receive Damage Dealt To false [guid=zhJxvJUIQcTeCgEZ3Xhlvc_WjNMgSdId2I-HV3Jo6tA=]
[COT 2023-5M-27 22:31:2s] 76561199176957808: Set Receive Damage Dealt To true [guid=zhJxvJUIQcTeCgEZ3Xhlvc_WjNMgSdId2I-HV3Jo6tA=]
[COT 2023-5M-27 22:31:9s] 76561199176957808: Set GodMode To false [guid=zhJxvJUIQcTeCgEZ3Xhlvc_WjNMgSdId2I-HV3Jo6tA=]
[COT 2023-5M-27 22:31:10] 76561199176957808: Set cannot be targeted by AI to false [guid=zhJxvJUIQcTeCgEZ3Xhlvc_WjNMgSdId2I-HV3Jo6tA=]
[COT 2023-5M-27 22:31:10] 76561199176957808: Set UnlimitedStamina To false [guid=zhJxvJUIQcTeCgEZ3Xhlvc_WjNMgSdId2I-HV3Jo6tA=]
[COT 2023-5M-27 22:31:12] 76561199176957808: Set UnlimitedAmmo To false [guid=zhJxvJUIQcTeCgEZ3Xhlvc_WjNMgSdId2I-HV3Jo6tA=]
[COT 2023-5M-27 22:31:45] 76561199176957808: Set GodMode To true [guid=zhJxvJUIQcTeCgEZ3Xhlvc_WjNMgSdId2I-HV3Jo6tA=]
[COT 2023-5M-27 22:31:46] 76561199176957808: Healed [guid=zhJxvJUIQcTeCgEZ3Xhlvc_WjNMgSdId2I-HV3Jo6tA=]
[COT 2023-5M-27 22:31:47] 76561199176957808: Set UnlimitedAmmo To true [guid=zhJxvJUIQcTeCgEZ3Xhlvc_WjNMgSdId2I-HV3Jo6tA=]
[COT 2023-5M-27 22:31:48] 76561199176957808: Set UnlimitedStamina To true [guid=zhJxvJUIQcTeCgEZ3Xhlvc_WjNMgSdId2I-HV3Jo6tA=]
[COT 2023-5M-27 22:31:49] 76561199176957808: Set cannot be targeted by AI to true [guid=zhJxvJUIQcTeCgEZ3Xhlvc_WjNMgSdId2I-HV3Jo6tA=]
[COT 2023-5M-27 22:32:8s] 76561199176957808: Set GodMode To false [guid=QOVCOk5flZ8LlxY_vIXEUxFpj4R6rL-wr-TF8_b4xZo=]
[COT 2023-5M-27 22:32:9s] 76561198401795791: Set GodMode To true [guid=QjlZXS0Ark29Vwx4GPzro34d4Mh-vfgK6BY62FOJWUg=]
[COT 2023-5M-27 22:32:10] 76561198401795791: Set cannot be targeted by AI to true [guid=QjlZXS0Ark29Vwx4GPzro34d4Mh-vfgK6BY62FOJWUg=]
[COT 2023-5M-27 22:32:11] 76561198401795791: Set UnlimitedStamina To true [guid=QjlZXS0Ark29Vwx4GPzro34d4Mh-vfgK6BY62FOJWUg=]
[COT 2023-5M-27 22:32:12] 76561198401795791: Set UnlimitedStamina To true [guid=QjlZXS0Ark29Vwx4GPzro34d4Mh-vfgK6BY62FOJWUg=]
[COT 2023-5M-27 22:32:13] 76561198401795791: Set UnlimitedAmmo To true [guid=QjlZXS0Ark29Vwx4GPzro34d4Mh-vfgK6BY62FOJWUg=]
[COT 2023-5M-27 22:32:15] 76561199176957808: Set GodMode To true [guid=QOVCOk5flZ8LlxY_vIXEUxFpj4R6rL-wr-TF8_b4xZo=]
[COT 2023-5M-27 22:32:16] 76561198401795791: Set GodMode To true [guid=QOVCOk5flZ8LlxY_vIXEUxFpj4R6rL-wr-TF8_b4xZo=]
[COT 2023-5M-27 22:32:18] 76561198401795791: Set Invisibility To 1 [guid=QOVCOk5flZ8LlxY_vIXEUxFpj4R6rL-wr-TF8_b4xZo=]
[COT 2023-5M-27 22:32:31] 76561199176957808: Set Invisibility To 0 [guid=QOVCOk5flZ8LlxY_vIXEUxFpj4R6rL-wr-TF8_b4xZo=]
[COT 2023-5M-27 22:32:32] 76561199176957808: Set Invisibility To 1 [guid=QOVCOk5flZ8LlxY_vIXEUxFpj4R6rL-wr-TF8_b4xZo=]
[COT 2023-5M-27 22:32:45] 76561198040010982: Spawned Entity  (House<f66bddb0>, -1, 0) at <6230.934082, 20.832424, 9071.402344>
[COT 2023-5M-27 22:32:45] 76561198040010982: Spawned Entity  (House<f66c77d0>, -1, 0) at <6230.934082, 20.832424, 9071.402344>
[COT 2023-5M-27 22:33:1s] 76561198040010982: Entered the Free Camera
[COT 2023-5M-27 22:33:12] 76561198401795791: Set Invisibility To 0 [guid=QOVCOk5flZ8LlxY_vIXEUxFpj4R6rL-wr-TF8_b4xZo=]
[COT 2023-5M-27 22:33:24] 76561198040010982: Spawned Entity  (House<f66c88f0>, -1, 0) at <6241.495117, 22.778358, 9068.375000>
[COT 2023-5M-27 22:33:24] 76561198040010982: Spawned Entity  (House<f66c9180>, -1, 0) at <6241.683105, 22.965187, 9068.444336>
[COT 2023-5M-27 22:33:27] 76561198040010982: Left the Free Camera
[COT 2023-5M-27 22:33:37] 76561198401795791: Spawned Entity RTrzr Eclipse (RTrzr_Eclipse<38b17cf0>, -1, 6000) at <6247.195801, 20.818720, 9062.948242>
[COT 2023-5M-27 22:33:44] 76561198040010982: Spawned Entity  (House<f66c9a10>, -1, 0) at <6238.685547, 26.178684, 9062.685547>
[COT 2023-5M-27 22:33:44] 76561198040010982: Spawned Entity  (House<f66c6f40>, -1, 0) at <6235.953613, 24.576582, 9055.669922>
[COT 2023-5M-27 22:34:37] 76561198040010982: ESP: Viewing ESP
[COT 2023-5M-27 22:35:1s] 76561198040010982: ESP: Clearing ESP
[COT 2023-5M-27 22:35:1s] 76561198040010982: ESP: Viewing ESP
[COT 2023-5M-27 22:35:13] 76561198040010982: ESP index=0 target=land_sea_subB:05361 position=<6241.683105, 22.965187, 9068.444336> action=delete
[COT 2023-5M-27 22:35:13] 76561198040010982: ESP index=1 target=land_sea_subB:05347 position=<6241.495117, 22.778358, 9068.375000> action=delete
[COT 2023-5M-27 22:35:13] 76561198040010982: ESP index=2 target=land_sea_subB:07351 position=<6230.934082, 20.832424, 9071.402344> action=delete
[COT 2023-5M-27 22:35:13] 76561198040010982: ESP action=delete_all count=3 attempted=3
[COT 2023-5M-27 22:35:15] 76561198040010982: ESP index=0 target=land_sea_subB:04731 position=<6230.934082, 20.832424, 9071.402344> action=delete
[COT 2023-5M-27 22:35:15] 76561198040010982: ESP action=delete_all count=1 attempted=1
[COT 2023-5M-27 22:35:35] 76561198040010982: ESP index=0 target=land_sea_subB:08941 position=<6238.685547, 26.178684, 9062.685547> action=delete
[COT 2023-5M-27 22:35:35] 76561198040010982: ESP index=1 target=land_sea_subB:04963 position=<6235.953613, 24.576582, 9055.669922> action=delete
[COT 2023-5M-27 22:35:35] 76561198040010982: ESP index=2 target=Offroad_02:011942 position=<6242.417969, 20.829857, 9069.052734> action=delete
[COT 2023-5M-27 22:35:35] 76561198040010982: ESP action=delete_all count=3 attempted=3
[COT 2023-5M-27 22:35:43] 76561198040010982: ESP: Clearing ESP
[COT 2023-5M-27 22:36:21] 76561198401795791: ESP: Viewing ESP
[COT 2023-5M-27 22:36:28] 76561198401795791: ESP target=RTrzr_Eclipse<38b17cf0> action=repair
[COT 2023-5M-27 22:36:30] 76561198401795791: ESP target=RTrzr_Eclipse<38b17cf0> action=repair
[COT 2023-5M-27 22:36:34] 76561198401795791: ESP target=RTrzr_Eclipse<38b17cf0> action=repair
[COT 2023-5M-27 22:36:35] 76561198401795791: ESP target=RTrzr_Eclipse<38b17cf0> action=Unstuck 
[COT 2023-5M-27 22:36:38] 76561198401795791: ESP target=RTrzr_Eclipse<38b17cf0> action=repair
[COT 2023-5M-27 22:37:6s] 76561198401795791: Repaired Transport [guid=QjlZXS0Ark29Vwx4GPzro34d4Mh-vfgK6BY62FOJWUg=]
[COT 2023-5M-27 22:37:8s] 76561198040010982: Repaired Transport [guid=zhJxvJUIQcTeCgEZ3Xhlvc_WjNMgSdId2I-HV3Jo6tA=]
[COT 2023-5M-27 22:37:8s] 76561198040010982: Repaired Transport [guid=zhJxvJUIQcTeCgEZ3Xhlvc_WjNMgSdId2I-HV3Jo6tA=]
[COT 2023-5M-27 22:37:11] 76561198040010982: Repaired Transport [guid=QjlZXS0Ark29Vwx4GPzro34d4Mh-vfgK6BY62FOJWUg=]
[COT 2023-5M-27 22:37:11] 76561198040010982: Repaired Transport [guid=QjlZXS0Ark29Vwx4GPzro34d4Mh-vfgK6BY62FOJWUg=]
[COT 2023-5M-27 22:37:12] 76561198040010982: Repaired Transport [guid=QjlZXS0Ark29Vwx4GPzro34d4Mh-vfgK6BY62FOJWUg=]
[COT 2023-5M-27 22:37:12] 76561198040010982: Repaired Transport [guid=QjlZXS0Ark29Vwx4GPzro34d4Mh-vfgK6BY62FOJWUg=]
[COT 2023-5M-27 22:37:12] 76561198040010982: Repaired Transport [guid=QjlZXS0Ark29Vwx4GPzro34d4Mh-vfgK6BY62FOJWUg=]
[COT 2023-5M-27 22:37:13] 76561198040010982: Repaired Transport [guid=QjlZXS0Ark29Vwx4GPzro34d4Mh-vfgK6BY62FOJWUg=]
[COT 2023-5M-27 22:37:13] 76561198040010982: Repaired Transport [guid=QjlZXS0Ark29Vwx4GPzro34d4Mh-vfgK6BY62FOJWUg=]
[COT 2023-5M-27 22:37:14] 76561198040010982: Repaired Transport [guid=QjlZXS0Ark29Vwx4GPzro34d4Mh-vfgK6BY62FOJWUg=]
[COT 2023-5M-27 22:37:14] 76561198401795791: Repaired Transport [guid=QjlZXS0Ark29Vwx4GPzro34d4Mh-vfgK6BY62FOJWUg=]
[COT 2023-5M-27 22:37:14] 76561198040010982: Repaired Transport [guid=QjlZXS0Ark29Vwx4GPzro34d4Mh-vfgK6BY62FOJWUg=]
[COT 2023-5M-27 22:37:14] 76561198040010982: Repaired Transport [guid=QjlZXS0Ark29Vwx4GPzro34d4Mh-vfgK6BY62FOJWUg=]
[COT 2023-5M-27 22:37:14] 76561198040010982: Repaired Transport [guid=QjlZXS0Ark29Vwx4GPzro34d4Mh-vfgK6BY62FOJWUg=]
[COT 2023-5M-27 22:37:15] 76561198040010982: Repaired Transport [guid=QjlZXS0Ark29Vwx4GPzro34d4Mh-vfgK6BY62FOJWUg=]
[COT 2023-5M-27 22:37:15] 76561198040010982: Repaired Transport [guid=QjlZXS0Ark29Vwx4GPzro34d4Mh-vfgK6BY62FOJWUg=]
[COT 2023-5M-27 22:37:15] 76561198401795791: Repaired Transport [guid=QjlZXS0Ark29Vwx4GPzro34d4Mh-vfgK6BY62FOJWUg=]
[COT 2023-5M-27 22:37:15] 76561198401795791: Repaired Transport [guid=QjlZXS0Ark29Vwx4GPzro34d4Mh-vfgK6BY62FOJWUg=]
[COT 2023-5M-27 22:37:15] 76561198401795791: Repaired Transport [guid=QjlZXS0Ark29Vwx4GPzro34d4Mh-vfgK6BY62FOJWUg=]
[COT 2023-5M-27 22:37:22] 76561198401795791: ESP target=RTrzr_Eclipse:011453 position=<6262.742676, 20.912819, 9308.543945> action=delete
