[COT 2023-05-30 15:02:23] 76561199176957808: Set GodMode To true [guid=zhJxvJUIQcTeCgEZ3Xhlvc_WjNMgSdId2I-HV3Jo6tA=]
[COT 2023-05-30 15:02:24] 76561199176957808: Set cannot be targeted by AI to true [guid=zhJxvJUIQcTeCgEZ3Xhlvc_WjNMgSdId2I-HV3Jo6tA=]
[COT 2023-05-30 15:02:25] 76561199176957808: Set UnlimitedStamina To true [guid=zhJxvJUIQcTeCgEZ3Xhlvc_WjNMgSdId2I-HV3Jo6tA=]
[COT 2023-05-30 15:02:26] 76561199176957808: Set UnlimitedAmmo To true [guid=zhJxvJUIQcTeCgEZ3Xhlvc_WjNMgSdId2I-HV3Jo6tA=]
[COT 2023-05-30 15:02:39] 76561199176957808: Spawned Entity Magnum_DK (SNAFUMagnum500_Base<3e6e08d0>, -1, 200) at <7274.325684, 8.310584, 11852.790039>
[COT 2023-05-30 15:04:06] 76561199176957808: Spawned Entity Raincoat (Raincoat_Orange<5717a80>, -1, 150) at <7275.077637, 8.477268, 11852.264648>
[COT 2023-05-30 15:04:57] 76561199176957808: Spawned Entity Raincoat (Raincoat_Blue<5722b80>, -1, 150) at <7275.374512, 8.466344, 11852.413086>
[COT 2023-05-30 15:06:42] 76561199176957808: ESP: Viewing ESP
[COT 2023-05-30 15:06:45] 76561199176957808: ESP index=0 target=Raincoat_Orange:05696 position=<7275.374512, 8.492605, 11852.413086> action=delete
[COT 2023-05-30 15:06:45] 76561199176957808: ESP action=delete_all count=1 attempted=1
[COT 2023-05-30 15:06:49] 76561199176957808: ESP index=0 target=Raincoat_Blue:05365 position=<7275.416504, 8.634366, 11851.588867> action=delete
[COT 2023-05-30 15:06:49] 76561199176957808: ESP action=delete_all count=1 attempted=1
[COT 2023-05-30 15:12:24] 76561199176957808: ESP: Clearing ESP
[COT 2023-05-30 15:12:27] 76561199176957808: ESP: Viewing ESP
[COT 2023-05-30 15:13:25] 76561199176957808: ESP: Viewing ESP
[COT 2023-05-30 15:13:39] 76561199176957808: ESP: ESP updating
[COT 2023-05-30 15:16:16] 76561199176957808: Teleported to position <8549.920898, 14.877070, 10504.418945>
[COT 2023-05-30 15:18:58] 76561199176957808: Spawned Entity Holster (PlateCarrierHolster<51e11680>, -1, 100) at <8587.525391, 14.821815, 10532.636719>
[COT 2023-05-30 15:21:25] 76561199176957808: Spawned Entity 500 SW Ammo (Ammunition_Base<51be3690>, 1, 100) at <8579.795898, 14.751688, 10503.350586>
[COT 2023-05-30 15:21:25] 76561199176957808: Spawned Entity 500 SW Ammo (Ammunition_Base<51be41a0>, 1, 100) at <8579.795898, 14.751688, 10503.350586>
[COT 2023-05-30 15:21:26] 76561199176957808: Spawned Entity 500 SW Ammo (Ammunition_Base<51be2070>, 1, 100) at <8579.795898, 14.751688, 10503.350586>
[COT 2023-05-30 15:21:27] 76561199176957808: Spawned Entity 500 SW Ammo (Ammunition_Base<51be4cb0>, 1, 100) at <8579.795898, 14.751688, 10503.350586>
