[COT 2023-5M-22 21:5m:2s] 76561198040010982: Set GodMode To true [guid=8vtfObsTQABYXpVHaEsAuZ5QTEAjCvC2a-AZwd4E5dw=]
[COT 2023-5M-22 21:5m:3s] 76561198040010982: Set cannot be targeted by AI to true [guid=8vtfObsTQABYXpVHaEsAuZ5QTEAjCvC2a-AZwd4E5dw=]
[COT 2023-5M-22 21:5m:11] 76561198040010982: Healed [guid=8vtfObsTQABYXpVHaEsAuZ5QTEAjCvC2a-AZwd4E5dw=]
[COT 2023-5M-22 21:5m:11] 76561198040010982: Healed [guid=8vtfObsTQABYXpVHaEsAuZ5QTEAjCvC2a-AZwd4E5dw=]
[COT 2023-5M-22 21:6m:55] 76561198040010982: Spawned Entity Boxed 12ga 00 Buckshots (AmmoBox_00buck_10rnd<338efc0>, -1, 100) at <8973.781250, 3.782103, 10653.479492>
[COT 2023-5M-22 21:6m:55] 76561198040010982: Spawned Entity Boxed 12ga 00 Buckshots (AmmoBox_00buck_10rnd<33977b0>, -1, 100) at <8973.781250, 3.782103, 10653.479492>
[COT 2023-5M-22 21:6m:55] 76561198040010982: Spawned Entity Boxed 12ga 00 Buckshots (AmmoBox_00buck_10rnd<339c030>, -1, 100) at <8973.781250, 3.782103, 10653.479492>
[COT 2023-5M-22 21:7m:1s] 76561198040010982: Spawned Entity Boxed 12ga Rifled Slugs (AmmoBox_12gaSlug_10Rnd<33989d0>, -1, 100) at <8973.781250, 3.782103, 10653.479492>
[COT 2023-5M-22 21:7m:1s] 76561198040010982: Spawned Entity Boxed 12ga Rifled Slugs (AmmoBox_12gaSlug_10Rnd<339b720>, -1, 100) at <8973.781250, 3.782103, 10653.479492>
[COT 2023-5M-22 21:7m:1s] 76561198040010982: Spawned Entity Boxed 12ga Rifled Slugs (AmmoBox_12gaSlug_10Rnd<339ae10>, -1, 100) at <8973.781250, 3.782103, 10653.479492>
[COT 2023-5M-22 21:11:47] 76561198040010982: Spawned Entity Ninjatō (Sword<2901cd10>, -1, 500) at <8283.303711, 13.458653, 10776.540039>
[COT 2023-5M-22 21:11:48] 76561198040010982: Spawned Entity Ninjatō (Sword<29017270>, -1, 500) at <8283.303711, 13.458653, 10776.540039>
[COT 2023-5M-22 21:11:48] 76561198040010982: Spawned Entity Ninjatō (Sword<29018490>, -1, 500) at <8283.303711, 13.458653, 10776.540039>
[COT 2023-5M-22 21:13:17] 76561198040010982: Spawned Entity Crossbow (TWP_Crossbow_Base<e9c1f10>, -1, 200) at <8341.153320, 15.012452, 10770.004883>
[COT 2023-5M-22 21:13:17] 76561198040010982: Spawned Entity Crossbow (TWP_Crossbow_Base<e9bf6d0>, -1, 200) at <8341.153320, 15.012452, 10770.004883>
[COT 2023-5M-22 21:13:18] 76561198040010982: Spawned Entity Crossbow Arrow (TWP_Crossbow_Arrow<29016050>, 1, 100) at <8341.153320, 15.012452, 10770.004883>
[COT 2023-5M-22 21:13:18] 76561198040010982: Spawned Entity Crossbow Arrow (TWP_Crossbow_Arrow<2901a8d0>, 1, 100) at <8341.153320, 15.012452, 10770.004883>
[COT 2023-5M-22 21:13:18] 76561198040010982: Spawned Entity Crossbow Arrow (TWP_Crossbow_Arrow<29016960>, 1, 100) at <8341.153320, 15.012452, 10770.004883>
[COT 2023-5M-22 21:14:36] 76561198040010982: Spawned Entity Optic Crossbow (FNP45_MRDSOptic<2a089ef0>, -1, 30) at <8439.825195, 15.440758, 10741.854492>
[COT 2023-5M-22 21:14:36] 76561198040010982: Spawned Entity Optic Crossbow (FNP45_MRDSOptic<2a0878b0>, -1, 30) at <8439.825195, 15.440758, 10741.854492>
[COT 2023-5M-22 21:15:56] 76561198040010982: Spawned Entity $UNT$Crossbow Holosight (Crossbow_RedpointOptic<2a0805f0>, -1, 100) at <8627.567383, 14.779902, 10626.327148>
[COT 2023-5M-22 21:16:1s] 76561198040010982: Spawned Entity Airbow (Arrow) (SKS_Base<e9bd8a0>, -1, 300) at <8627.567383, 14.779902, 10626.327148>
[COT 2023-5M-22 21:16:1s] 76561198040010982: Spawned Entity Airbow (Arrow) (SKS_Base<e9c00e0>, -1, 300) at <8627.567383, 14.779902, 10626.327148>
[COT 2023-5M-22 21:16:3s] 76561198040010982: Spawned Entity Crossbow Arrow (TWP_Crossbow_Arrow<2901c400>, 1, 100) at <8627.567383, 14.779902, 10626.327148>
[COT 2023-5M-22 21:16:3s] 76561198040010982: Spawned Entity Crossbow Arrow (TWP_Crossbow_Arrow<2901d620>, 1, 100) at <8627.567383, 14.779902, 10626.327148>
[COT 2023-5M-22 21:16:3s] 76561198040010982: Spawned Entity Crossbow Arrow (TWP_Crossbow_Arrow<29016960>, 1, 100) at <8627.567383, 14.779902, 10626.327148>
[COT 2023-5M-22 21:16:3s] 76561198040010982: Spawned Entity Crossbow Arrow (TWP_Crossbow_Arrow<290239d0>, 1, 100) at <8627.567383, 14.779902, 10626.327148>
[COT 2023-5M-22 21:21:1s] 76561198040010982: Spawned Entity MiniGun (308Win) (M4A1_Base<e9be2b0>, -1, 500) at <8105.401367, 15.232500, 10893.069336>
[COT 2023-5M-22 21:21:1s] 76561198040010982: Spawned Entity MiniGun (308Win) (M4A1_Base<e9c2920>, -1, 500) at <8105.401367, 15.232500, 10893.069336>
[COT 2023-5M-22 21:21:47] 76561198040010982: Spawned Entity Anzio 20mm Anti-material rifle (20x102mm) (SVD_Base<e9c6580>, -1, 250) at <8105.401367, 15.232500, 10893.069336>
[COT 2023-5M-22 21:21:47] 76561198040010982: Spawned Entity Anzio 20mm Anti-material rifle (20x102mm) (SVD_Base<e9c6f90>, -1, 250) at <8105.401367, 15.232500, 10893.069336>
[COT 2023-5M-22 21:21:53] 76561198040010982: Spawned Entity AX-50 (50BMG) (CZ527_Base<e9c97d0>, -1, 300) at <8105.401367, 15.232500, 10893.069336>
[COT 2023-5M-22 21:21:53] 76561198040010982: Spawned Entity AX-50 (50BMG) (CZ527_Base<e9ca1e0>, -1, 300) at <8105.401367, 15.232500, 10893.069336>
[COT 2023-5M-22 21:21:56] 76561198040010982: Spawned Entity Barrett M82 Snow (50BMG) (SVD_Base<e9c5160>, -1, 250) at <8105.401367, 15.232500, 10893.069336>
[COT 2023-5M-22 21:21:57] 76561198040010982: Spawned Entity Barrett M82 Snow (50BMG) (SVD_Base<e9c8dc0>, -1, 250) at <8105.401367, 15.232500, 10893.069336>
[COT 2023-5M-22 21:22:3s] 76561198040010982: Spawned Entity M107 (50BMG) (SVD_Base<e9c79a0>, -1, 250) at <8105.401367, 15.232500, 10893.069336>
[COT 2023-5M-22 21:22:3s] 76561198040010982: Spawned Entity M107 (50BMG) (SVD_Base<e9c5b70>, -1, 250) at <8105.401367, 15.232500, 10893.069336>
[COT 2023-5M-22 21:22:10] 76561198040010982: Spawned Entity M24Snow (308Win) (CZ527_Base<e9c83b0>, -1, 300) at <8105.401367, 15.232500, 10893.069336>
[COT 2023-5M-22 21:22:10] 76561198040010982: Spawned Entity M24Snow (308Win) (CZ527_Base<e9cabf0>, -1, 300) at <8105.401367, 15.232500, 10893.069336>
[COT 2023-5M-22 21:22:40] 76561198040010982: ESP: Clearing ESP
[COT 2023-5M-22 21:25:15] 76561198040010982: Spawned Entity BarrettM82_mag_10Rnd (Mag_SVD_10Rnd<2901fa60>, 1, 100) at <8104.722168, 15.232471, 10892.661133>
[COT 2023-5M-22 21:25:15] 76561198040010982: Spawned Entity BarrettM82_mag_10Rnd (Mag_SVD_10Rnd<28ff4090>, 1, 100) at <8104.722168, 15.232471, 10892.661133>
[COT 2023-5M-22 21:25:16] 76561198040010982: Spawned Entity BarrettM82 Schalldämpfer (TWP_BarrettM82_Suppressor<28ff49a0>, -1, 100) at <8104.722168, 15.232471, 10892.661133>
[COT 2023-5M-22 21:25:16] 76561198040010982: Spawned Entity BarrettM82 Schalldämpfer (TWP_BarrettM82_Suppressor<28ff6de0>, -1, 100) at <8104.722168, 15.232471, 10892.661133>
[COT 2023-5M-22 21:30:12] 76561198040010982: Entered the Free Camera
[COT 2023-5M-22 21:30:22] 76561198040010982: Left the Free Camera
[COT 2023-5M-22 21:32:42] 76561198040010982: Set GodMode To true [guid=8vtfObsTQABYXpVHaEsAuZ5QTEAjCvC2a-AZwd4E5dw=]
[COT 2023-5M-22 21:32:44] 76561198040010982: Set cannot be targeted by AI to true [guid=8vtfObsTQABYXpVHaEsAuZ5QTEAjCvC2a-AZwd4E5dw=]
[COT 2023-5M-22 21:46:5s] 76561198040010982: Teleported [guid=zhJxvJUIQcTeCgEZ3Xhlvc_WjNMgSdId2I-HV3Jo6tA=] to <8106.695801, 15.232498, 10893.553711>
[COT 2023-5M-22 21:48:18] 76561198040010982: Spawned Entity Firewood (Firewood<2d7e3df0>, 1, 500) at <8099.893555, 15.621662, 10866.526367>
[COT 2023-5M-22 21:48:19] 76561198040010982: Spawned Entity Firewood (Firewood<2d7dec60>, 1, 500) at <8099.893555, 15.621662, 10866.526367>
[COT 2023-5M-22 21:48:19] 76561198040010982: Spawned Entity Firewood (Firewood<2d7ebcd0>, 1, 500) at <8099.893555, 15.621662, 10866.526367>
[COT 2023-5M-22 21:48:43] 76561198040010982: Spawned Entity Firewood (Firewood<2d7e3df0>, 1, 500) at <8100.119629, 15.621531, 10866.868164>
[COT 2023-5M-22 21:48:43] 76561198040010982: Spawned Entity Firewood (Firewood<2d7f4dd0>, 1, 500) at <8100.119629, 15.621531, 10866.868164>
[COT 2023-5M-22 21:48:43] 76561198040010982: Spawned Entity Firewood (Firewood<2d7f9f60>, 1, 500) at <8100.119629, 15.621531, 10866.868164>
[COT 2023-5M-22 21:48:44] 76561198040010982: Spawned Entity Firewood (Firewood<2d7f9650>, 1, 500) at <8100.119629, 15.621531, 10866.868164>
[COT 2023-5M-22 21:48:50] 76561198040010982: Spawned Entity Bandage (BandageDressing<2d7f5ff0>, 4, 50) at <8100.119629, 15.621531, 10866.868164>
[COT 2023-5M-22 21:48:50] 76561198040010982: Spawned Entity Bandage (BandageDressing<2d7fa870>, 4, 50) at <8100.119629, 15.621531, 10866.868164>
[COT 2023-5M-22 21:49:7s] 76561198040010982: Spawned Entity Matches (Matchbox<2d7e3df0>, 100, 80) at <8100.119629, 15.621531, 10866.868164>
[COT 2023-5M-22 21:49:7s] 76561198040010982: Spawned Entity Matches (Matchbox<2d7f9f60>, 100, 80) at <8100.119629, 15.621531, 10866.868164>
[COT 2023-5M-22 21:49:55] 76561198040010982: Spawned Entity Cooking Pot (Pot<dd063a60>, 2000, 200) at <8099.278320, 15.621962, 10866.602539>
[COT 2023-5M-22 21:49:55] 76561198040010982: Spawned Entity Cooking Pot (Pot<dd064d80>, 2000, 200) at <8099.278320, 15.621962, 10866.602539>
[COT 2023-5M-22 21:50:15] 76561198040010982: Spawned Entity Chicken Steak (ChickenBreastMeat<c65d97c0>, 125, 50) at <8099.480469, 15.621847, 10866.757813>
[COT 2023-5M-22 21:50:15] 76561198040010982: Spawned Entity Chicken Steak (ChickenBreastMeat<c65d3820>, 125, 50) at <8099.480469, 15.621847, 10866.757813>
[COT 2023-5M-22 21:50:15] 76561198040010982: Spawned Entity Chicken Steak (ChickenBreastMeat<c8e26120>, 125, 50) at <8099.480469, 15.621847, 10866.757813>
[COT 2023-5M-22 21:50:15] 76561198040010982: Spawned Entity Chicken Steak (ChickenBreastMeat<c8e27440>, 125, 50) at <8099.480469, 15.621847, 10866.757813>
[COT 2023-5M-22 21:50:16] 76561198040010982: Spawned Entity Chicken Steak (ChickenBreastMeat<c8e2a410>, 125, 50) at <8099.480469, 15.621847, 10866.757813>
[COT 2023-5M-22 21:52:27] 76561198040010982: Spawned Entity Plastic Bottle (WaterBottle<cd727c90>, 1000, 50) at <8099.768066, 15.621725, 10866.335938>
[COT 2023-5M-22 21:56:17] 76561198040010982: Healed [guid=zhJxvJUIQcTeCgEZ3Xhlvc_WjNMgSdId2I-HV3Jo6tA=]
[COT 2023-5M-22 21:56:17] 76561198040010982: Healed [guid=zhJxvJUIQcTeCgEZ3Xhlvc_WjNMgSdId2I-HV3Jo6tA=]
[COT 2023-5M-22 21:56:22] 76561198040010982: Healed [guid=zhJxvJUIQcTeCgEZ3Xhlvc_WjNMgSdId2I-HV3Jo6tA=]
[COT 2023-5M-22 21:56:23] 76561198040010982: Healed [guid=zhJxvJUIQcTeCgEZ3Xhlvc_WjNMgSdId2I-HV3Jo6tA=]
[COT 2023-5M-22 21:57:17] 76561198040010982: Spawned Entity Trail Shoes (HikingBootsLow_ColorBase<2d7dfe80>, -1, 250) at <8094.692383, 15.638300, 10863.543945>
[COT 2023-5M-22 21:57:20] 76561198040010982: Spawned Entity Hiking Boots (HikingBoots_ColorBase<2d7d91c0>, -1, 250) at <8094.692383, 15.638300, 10863.543945>
[COT 2023-5M-22 21:57:25] 76561198040010982: Spawned Entity Assault Boots (MilitaryBoots_ColorBase<2d8109e0>, -1, 350) at <8094.692383, 15.638300, 10863.543945>
[COT 2023-5M-22 21:57:29] 76561198040010982: Spawned Entity Canteen (Canteen<c6c8aec0>, 1000, 100) at <8094.692383, 15.638300, 10863.543945>
[COT 2023-5M-22 21:57:30] 76561198040010982: Spawned Entity NBC Gloves (NBCGloves_ColorBase<c64f1470>, -1, 70) at <8094.692383, 15.638300, 10863.543945>
[COT 2023-5M-22 21:57:32] 76561198040010982: Spawned Entity Tactical Gloves (TacticalGloves_ColorBase<c8f651c0>, -1, 100) at <8094.692383, 15.638300, 10863.543945>
[COT 2023-5M-22 21:57:33] 76561198040010982: Spawned Entity Patrol Jacket (GorkaEJacket_ColorBase<c8f6e2c0>, -1, 130) at <8094.692383, 15.638300, 10863.543945>
[COT 2023-5M-22 21:57:35] 76561198040010982: Spawned Entity Patrol Jacket (GorkaEJacket_ColorBase<bda76d70>, -1, 130) at <8094.692383, 15.638300, 10863.543945>
[COT 2023-5M-22 21:57:36] 76561198040010982: Spawned Entity Field Jacket (M65Jacket_ColorBase<bda72e00>, -1, 150) at <8094.692383, 15.638300, 10863.543945>
[COT 2023-5M-22 21:57:37] 76561198040010982: Spawned Entity NBC Jacket (NBCJacketBase<338f8d0>, -1, 80) at <8094.692383, 15.638300, 10863.543945>
[COT 2023-5M-22 21:57:38] 76561198040010982: Spawned Entity Sweater (Sweater_ColorBase<3392620>, -1, 90) at <8094.692383, 15.638300, 10863.543945>
[COT 2023-5M-22 21:57:40] 76561198040010982: Spawned Entity Tactical Shirt (TacticalShirt_ColorBase<aab428e0>, -1, 90) at <8094.692383, 15.638300, 10863.543945>
[COT 2023-5M-22 21:57:41] 76561198040010982: Spawned Entity Hiking Jacket (HikingJacket_ColorBase<aab3c530>, -1, 150) at <8094.692383, 15.638300, 10863.543945>
[COT 2023-5M-22 21:57:42] 76561198040010982: Spawned Entity T-Shirt (TShirt_ColorBase<bdeb66d0>, -1, 50) at <8094.692383, 15.638300, 10863.543945>
[COT 2023-5M-22 21:57:43] 76561198040010982: Spawned Entity Cargo Pants (CargoPants_ColorBase<bdeb3980>, -1, 100) at <8094.692383, 15.638300, 10863.543945>
[COT 2023-5M-22 21:57:44] 76561198040010982: Spawned Entity Patrol Pants (GorkaPants_ColorBase<cb0f89d0>, -1, 130) at <8094.692383, 15.638300, 10863.543945>
[COT 2023-5M-22 21:57:45] 76561198040010982: Spawned Entity NBC Pants (NBCPantsBase<28ff2560>, -1, 80) at <8094.692383, 15.638300, 10863.543945>
[COT 2023-5M-22 21:57:46] 76561198040010982: Spawned Entity Tactical Vest (HighCapacityVest_ColorBase<14f31fb0>, -1, 120) at <8094.692383, 15.638300, 10863.543945>
[COT 2023-5M-22 21:57:47] 76561198040010982: Spawned Entity Tactical Vest (HighCapacityVest_ColorBase<b1201120>, -1, 120) at <8094.692383, 15.638300, 10863.543945>
[COT 2023-5M-22 21:57:48] 76561198040010982: Spawned Entity Plate Carrier (PlateCarrierVest<ae651080>, -1, 300) at <8094.692383, 15.638300, 10863.543945>
[COT 2023-5M-22 21:57:49] 76561198040010982: Spawned Entity Plate Carrier (PlateCarrierVest<24ff7530>, -1, 300) at <8094.692383, 15.638300, 10863.543945>
[COT 2023-5M-22 21:57:50] 76561198040010982: Spawned Entity Holster (PlateCarrierHolster<c68fd6d0>, -1, 100) at <8094.692383, 15.638300, 10863.543945>
[COT 2023-5M-22 21:57:51] 76561198040010982: Spawned Entity Pouches (PlateCarrierPouches<c867a9c0>, -1, 200) at <8094.692383, 15.638300, 10863.543945>
[COT 2023-5M-22 21:57:52] 76561198040010982: Spawned Entity Holster (PlateCarrierHolster<2a93dcf0>, -1, 100) at <8094.692383, 15.638300, 10863.543945>
[COT 2023-5M-22 21:57:54] 76561198040010982: Spawned Entity Pouches (PlateCarrierPouches<2a940130>, -1, 200) at <8094.692383, 15.638300, 10863.543945>
[COT 2023-5M-22 21:57:55] 76561198040010982: Spawned Entity Assault Vest (SmershVest<2a93cad0>, -1, 110) at <8094.692383, 15.638300, 10863.543945>
[COT 2023-5M-22 21:57:57] 76561198040010982: Spawned Entity JPC Vest (PlateCarrierVest<2a940a40>, -1, 350) at <8094.692383, 15.638300, 10863.543945>
[COT 2023-5M-22 21:57:58] 76561198040010982: Spawned Entity TacTec Vest (PlateCarrierVest<2a93ef10>, -1, 450) at <8094.692383, 15.638300, 10863.543945>
[COT 2023-5M-22 21:57:59] 76561198040010982: Spawned Entity Tactical Belt (HighCapacityVest_ColorBase<2a939470>, -1, 250) at <8094.692383, 15.638300, 10863.543945>
[COT 2023-5M-22 21:58:1s] 76561198040010982: Spawned Entity Field Backpack (AliceBag_ColorBase<2a93c1c0>, -1, 130) at <8094.692383, 15.638300, 10863.543945>
[COT 2023-5M-22 21:58:2s] 76561198040010982: Spawned Entity Assault Backpack (AssaultBag_ColorBase<2a93b8b0>, -1, 200) at <8094.692383, 15.638300, 10863.543945>
[COT 2023-5M-22 21:58:5s] 76561198040010982: Spawned Entity Mountain Backpack (MountainBag_Green<2a941350>, -1, 150) at <8094.692383, 15.638300, 10863.543945>
[COT 2023-5M-22 21:58:6s] 76561198040010982: Spawned Entity Utility Buttpack (SmershBag<2a93d3e0>, -1, 100) at <8094.692383, 15.638300, 10863.543945>
[COT 2023-5M-22 21:58:7s] 76561198040010982: Spawned Entity Utility Buttpack (SmershBag<2a939d80>, -1, 100) at <8094.692383, 15.638300, 10863.543945>
[COT 2023-5M-22 21:58:8s] 76561198040010982: Spawned Entity Combat Backpack (TortillaBag<2a93a690>, -1, 170) at <8094.692383, 15.638300, 10863.543945>
[COT 2023-5M-22 21:58:9s] 76561198040010982: Spawned Entity Ballistic Helmet (BallisticHelmet_ColorBase<2a941c60>, -1, 75) at <8094.692383, 15.638300, 10863.543945>
[COT 2023-5M-22 21:58:10] 76561198040010982: Spawned Entity Boonie Hat (BoonieHat_ColorBase<2a942570>, -1, 40) at <8094.692383, 15.638300, 10863.543945>
[COT 2023-5M-22 21:58:11] 76561198040010982: Spawned Entity Tactical Helmet (Mich2001Helmet<2a9452c0>, -1, 80) at <8094.692383, 15.638300, 10863.543945>
[COT 2023-5M-22 21:58:12] 76561198040010982: Spawned Entity NBC Hood (Clothing<2a942e80>, -1, 25) at <8094.692383, 15.638300, 10863.543945>
[COT 2023-5M-22 21:59:45] 76561198040010982: Spawned Entity Ski Mask (BalaclavaMask_White<2a951110>, -1, 100) at <8095.023926, 15.638065, 10862.909180>
[COT 2023-5M-22 21:59:54] 76561198040010982: Spawned Entity Plague Mask (Plague_Mask_ColorBase<2a952c40>, -1, 150) at <8095.023926, 15.638065, 10862.909180>
[COT 2023-5M-22 22:0m:50] 76561198040010982: Spawned Entity Wool Greatcoat (Wool_GreatCoat_ColorBase<2a91ea80>, -1, 200) at <8103.133301, 15.620134, 10866.119141>
[COT 2023-5M-22 22:1m:18] 76561198040010982: Spawned Entity G3 pants (USMCPants_ColorBase<2a91fca0>, -1, 250) at <8102.487793, 15.620447, 10866.438477>
[COT 2023-5M-22 22:1m:33] 76561198040010982: Spawned Entity Cargo Pants (CargoPants_Black<2a926960>, -1, 100) at <8102.487793, 15.620447, 10866.438477>
[COT 2023-5M-22 22:1m:51] 76561198040010982: Spawned Entity Assault Boots (MilitaryBoots_Black<2a927b80>, -1, 180) at <8102.487793, 15.620447, 10866.438477>
[COT 2023-5M-22 22:2m:0s] 76561198040010982: Spawned Entity Working Gloves (WorkingGloves_Black<2a9229f0>, -1, 150) at <8102.487793, 15.620447, 10866.438477>
[COT 2023-5M-22 22:2m:21] 76561198040010982: Spawned Entity Witch Hood (Clothing<2a928490>, -1, 250) at <8102.487793, 15.620447, 10866.438477>
[COT 2023-5M-22 22:3m:25] 76561198040010982: Spawned Entity Blutige Machete (Machete<2a926050>, -1, 200) at <8102.487793, 15.620447, 10866.438477>
[COT 2023-5M-22 22:3m:27] 76561198040010982: Spawned Entity Crow (DesignerGlasses<2a9217d0>, -1, 50) at <8102.487793, 15.620447, 10866.438477>
[COT 2023-5M-22 22:5m:4s] 76561198040010982: Spawned Entity Holy mackerel (CombatKnife<2a923c10>, -1, 150) at <8097.758301, 15.634314, 10863.687500>
[COT 2023-5M-22 22:5m:6s] 76561198040010982: Spawned Entity TWP_FirefighterAxe (FirefighterAxe<2a9296b0>, -1, 100) at <8097.758301, 15.634314, 10863.687500>
[COT 2023-5M-22 22:5m:24] 76561198040010982: Spawned Entity HolyGrenade (TWP_HolyGrenade<cd266d50>, -1, 50) at <8097.758301, 15.634314, 10863.687500>
[COT 2023-5M-22 22:5m:24] 76561198040010982: Spawned Entity HolyGrenade (TWP_HolyGrenade<cd2620d0>, -1, 50) at <8097.758301, 15.634314, 10863.687500>
[COT 2023-5M-22 22:5m:24] 76561198040010982: Spawned Entity HolyGrenade (TWP_HolyGrenade<cd26f330>, -1, 50) at <8097.758301, 15.634314, 10863.687500>
[COT 2023-5M-22 22:8m:45] 76561198040010982: Spawned Entity Boxed .308 WIN Tracer Rounds (Box_Base<2a930370>, -1, 100) at <8069.930664, 15.232489, 10855.513672>
[COT 2023-5M-22 22:8m:45] 76561198040010982: Spawned Entity Boxed .308 WIN Tracer Rounds (Box_Base<2a938250>, -1, 100) at <8069.930664, 15.232489, 10855.513672>
[COT 2023-5M-22 22:8m:45] 76561198040010982: Spawned Entity Boxed .308 WIN Tracer Rounds (Box_Base<2a938b60>, -1, 100) at <8069.930664, 15.232489, 10855.513672>
[COT 2023-5M-22 22:9m:22] 76561198040010982: Set rain to 0.25 0 0
[COT 2023-5M-22 22:9m:22] 76561198040010982: Set storm to 0.0625 0.8 4000
[COT 2023-5M-22 22:9m:22] 76561198040010982: Set fog to 0.5 0 0
[COT 2023-5M-22 22:9m:22] 76561198040010982: Set overcast to 0.75 0 0
[COT 2023-5M-22 22:9m:22] 76561198040010982: Set the date to 2011/12/1 22:32
[COT 2023-5M-22 22:9m:22] 76561198040010982: Set wind to 0.0375 0.0375 1
[COT 2023-5M-22 22:9m:54] 76561198040010982: Spawned Entity Boxed .308 WIN Rounds (AmmoBox_308Win_20Rnd<cb104820>, -1, 100) at <8070.559082, 15.232462, 10855.817383>
[COT 2023-5M-22 22:9m:54] 76561198040010982: Spawned Entity Boxed .308 WIN Rounds (AmmoBox_308Win_20Rnd<cb0f92e0>, -1, 100) at <8070.559082, 15.232462, 10855.817383>
[COT 2023-5M-22 22:9m:54] 76561198040010982: Spawned Entity Boxed .308 WIN Rounds (AmmoBox_308Win_20Rnd<bda709c0>, -1, 100) at <8070.559082, 15.232462, 10855.817383>
[COT 2023-5M-22 22:9m:54] 76561198040010982: Spawned Entity Boxed .308 WIN Rounds (AmmoBox_308Win_20Rnd<bda71be0>, -1, 100) at <8070.559082, 15.232462, 10855.817383>
[COT 2023-5M-22 22:9m:55] 76561198040010982: Spawned Entity Boxed .308 WIN Rounds (AmmoBox_308Win_20Rnd<bda73710>, -1, 100) at <8070.559082, 15.232462, 10855.817383>
[COT 2023-5M-22 22:11:1s] 76561198040010982: Spawned Entity Long Torch (LongTorch<cad22c80>, 100, 100) at <8063.950684, 15.255505, 10856.612305>
[COT 2023-5M-22 22:11:27] 76561198040010982: Spawned Entity Bandage (BandageDressing<339ae10>, 4, 50) at <8063.155762, 15.259342, 10856.724609>
[COT 2023-5M-22 22:11:27] 76561198040010982: Spawned Entity Bandage (BandageDressing<3395c80>, 4, 50) at <8063.155762, 15.259342, 10856.724609>
[COT 2023-5M-22 22:11:27] 76561198040010982: Spawned Entity Bandage (BandageDressing<339d250>, 4, 50) at <8063.155762, 15.259342, 10856.724609>
[COT 2023-5M-22 22:11:27] 76561198040010982: Spawned Entity Bandage (BandageDressing<ca47e1f0>, 4, 50) at <8063.155762, 15.259342, 10856.724609>
[COT 2023-5M-22 22:11:28] 76561198040010982: Spawned Entity Bandage (BandageDressing<ca482a70>, 4, 50) at <8063.155762, 15.259342, 10856.724609>
[COT 2023-5M-22 22:11:43] 76561198040010982: Spawned Entity Rag (MouthRag<ca490d00>, -1, 30) at <8063.155762, 15.259342, 10856.724609>
[COT 2023-5M-22 22:11:43] 76561198040010982: Spawned Entity Rag (MouthRag<ca4979c0>, -1, 30) at <8063.155762, 15.259342, 10856.724609>
[COT 2023-5M-22 22:11:43] 76561198040010982: Spawned Entity Rag (MouthRag<ca4a4120>, -1, 30) at <8063.155762, 15.259342, 10856.724609>
[COT 2023-5M-22 22:11:43] 76561198040010982: Spawned Entity Rag (MouthRag<b751eab0>, -1, 30) at <8063.155762, 15.259342, 10856.724609>
[COT 2023-5M-22 22:11:43] 76561198040010982: Spawned Entity Rag (MouthRag<b74eb200>, -1, 30) at <8063.155762, 15.259342, 10856.724609>
[COT 2023-5M-22 22:11:43] 76561198040010982: Spawned Entity Rag (MouthRag<cd4e82f0>, -1, 30) at <8063.155762, 15.259342, 10856.724609>
[COT 2023-5M-22 22:12:28] 76561198040010982: Spawned Entity Torch (Torch<a9e9fa90>, 100, 100) at <8063.225586, 15.259010, 10856.481445>
[COT 2023-5M-22 22:16:25] 76561198040010982: Spawned Entity Flashlight (Flashlight<29001100>, -1, 70) at <8131.790527, 15.902386, 10773.632813>
[COT 2023-5M-22 22:16:26] 76561198040010982: Spawned Entity Flashlight (Flashlight<29003540>, -1, 70) at <8131.790527, 15.902386, 10773.632813>
[COT 2023-5M-22 22:16:31] 76561198040010982: Spawned Entity 9V Battery (Battery9V<29007dc0>, 50, 20) at <8131.790527, 15.902386, 10773.632813>
[COT 2023-5M-22 22:16:31] 76561198040010982: Spawned Entity 9V Battery (Battery9V<2900a200>, 50, 20) at <8131.790527, 15.902386, 10773.632813>
[COT 2023-5M-22 22:16:31] 76561198040010982: Spawned Entity 9V Battery (Battery9V<c607d080>, 50, 20) at <8131.790527, 15.902386, 10773.632813>
[COT 2023-5M-22 22:16:32] 76561198040010982: Spawned Entity 9V Battery (Battery9V<c608a0f0>, 50, 20) at <8131.790527, 15.902386, 10773.632813>
[COT 2023-5M-22 22:16:32] 76561198040010982: Spawned Entity 9V Battery (Battery9V<c6091fd0>, 50, 20) at <8131.790527, 15.902386, 10773.632813>
[COT 2023-5M-22 22:16:39] 76561198040010982: Spawned Entity Sheath (Clothing<cb10a2c0>, -1, 100) at <8131.790527, 15.902386, 10773.632813>
[COT 2023-5M-22 22:16:42] 76561198040010982: Spawned Entity Combat Knife (CombatKnife<ae64fe60>, -1, 150) at <8131.790527, 15.902386, 10773.632813>
[COT 2023-5M-22 22:16:42] 76561198040010982: Spawned Entity Combat Knife (CombatKnife<b4f10af0>, -1, 150) at <8131.790527, 15.902386, 10773.632813>
[COT 2023-5M-22 22:16:42] 76561198040010982: Spawned Entity Combat Knife (CombatKnife<a9eca6b0>, -1, 150) at <8131.790527, 15.902386, 10773.632813>
[COT 2023-5M-22 22:16:42] 76561198040010982: Spawned Entity Combat Knife (CombatKnife<bdec09f0>, -1, 150) at <8131.790527, 15.902386, 10773.632813>
[COT 2023-5M-22 22:18:30] 76561198040010982: Spawned Entity Night Vision Goggles (NVGoggles<b4f81e70>, -1, 100) at <8132.160156, 15.902437, 10771.572266>
[COT 2023-5M-22 22:19:27] 76561198040010982: Spawned Entity Universal Flashlight (UniversalLight<2d2c8400>, -1, 70) at <8132.480957, 15.902412, 10772.714844>
[COT 2023-5M-22 22:19:27] 76561198040010982: Spawned Entity Universal Flashlight (UniversalLight<2d2c71e0>, -1, 70) at <8132.480957, 15.902412, 10772.714844>
[COT 2023-5M-22 22:19:27] 76561198040010982: Spawned Entity Universal Flashlight (UniversalLight<2d2cb150>, -1, 70) at <8132.480957, 15.902412, 10772.714844>
[COT 2023-5M-22 22:19:27] 76561198040010982: Spawned Entity Universal Flashlight (UniversalLight<2d2cba60>, -1, 70) at <8132.480957, 15.902412, 10772.714844>
[COT 2023-5M-22 22:19:39] 76561198040010982: Spawned Entity Construction Light (Spotlight<2d2cdea0>, -1, 80) at <8132.842285, 15.902382, 10772.927734>
[COT 2023-5M-22 22:20:39] 76561198040010982: Spawned Entity Blowtorch (Blowtorch<2d2ce7b0>, -1, 100) at <8133.537598, 15.902443, 10772.952148>
[COT 2023-5M-22 22:20:57] 76561198040010982: Spawned Entity Large Gas Canister (LargeGasCanister<2d2da600>, 20, 20) at <8133.537598, 15.902443, 10772.952148>
[COT 2023-5M-22 22:22:20] 76561198040010982: Set rain to 0.99 0 0
[COT 2023-5M-22 22:22:20] 76561198040010982: Set storm to 0.9801 0.8 4000
[COT 2023-5M-22 22:22:20] 76561198040010982: Set fog to 0.99 0 0
[COT 2023-5M-22 22:22:20] 76561198040010982: Set overcast to 0.99 0 0
[COT 2023-5M-22 22:22:20] 76561198040010982: Set the date to 2011/12/2 10:47
[COT 2023-5M-22 22:22:20] 76561198040010982: Set wind to 0.99 0.99 1
[COT 2023-5M-22 22:25:3s] 76561198040010982: Spawned Entity Flag Pole Kit (TerritoryFlagKit<2d2cc370>, -1, 200) at <8167.736816, 31.486799, 10656.334961>
[COT 2023-5M-22 22:26:11] 76561198040010982: Spawned Entity Wooden Log (WoodenLog<bda788a0>, 1, 500) at <8164.982422, 31.486792, 10652.317383>
[COT 2023-5M-22 22:26:11] 76561198040010982: Spawned Entity Wooden Log (WoodenLog<bda74020>, 1, 500) at <8164.982422, 31.486792, 10652.317383>
[COT 2023-5M-22 22:26:11] 76561198040010982: Spawned Entity Wooden Log (WoodenLog<cd149770>, 1, 500) at <8164.982422, 31.486792, 10652.317383>
[COT 2023-5M-22 22:26:11] 76561198040010982: Spawned Entity Wooden Log (WoodenLog<cd118300>, 1, 500) at <8164.982422, 31.486792, 10652.317383>
[COT 2023-5M-22 22:26:11] 76561198040010982: Spawned Entity Wooden Log (WoodenLog<c608f280>, 1, 500) at <8164.982422, 31.486792, 10652.317383>
[COT 2023-5M-22 22:26:11] 76561198040010982: Spawned Entity Wooden Log (WoodenLog<c608bc20>, 1, 500) at <8164.982422, 31.486792, 10652.317383>
[COT 2023-5M-22 22:26:12] 76561198040010982: Spawned Entity Wooden Log (WoodenLog<c608fb90>, 1, 500) at <8164.982422, 31.486792, 10652.317383>
[COT 2023-5M-22 22:26:12] 76561198040010982: Spawned Entity Wooden Log (WoodenLog<b46c7670>, 1, 500) at <8164.982422, 31.486792, 10652.317383>
[COT 2023-5M-22 22:26:12] 76561198040010982: Spawned Entity Wooden Log (WoodenLog<b46c5230>, 1, 500) at <8164.982422, 31.486792, 10652.317383>
[COT 2023-5M-22 22:26:12] 76561198040010982: Spawned Entity Wooden Log (WoodenLog<2d8188c0>, 1, 500) at <8164.982422, 31.486792, 10652.317383>
[COT 2023-5M-22 22:26:12] 76561198040010982: Spawned Entity Wooden Log (WoodenLog<2d813730>, 1, 500) at <8164.982422, 31.486792, 10652.317383>
[COT 2023-5M-22 22:26:12] 76561198040010982: Spawned Entity Wooden Log (WoodenLog<2d812510>, 1, 500) at <8164.982422, 31.486792, 10652.317383>
[COT 2023-5M-22 22:26:12] 76561198040010982: Spawned Entity Wooden Log (WoodenLog<2d814950>, 1, 500) at <8164.982422, 31.486792, 10652.317383>
[COT 2023-5M-22 22:26:13] 76561198040010982: Spawned Entity Wooden Log (WoodenLog<2d812e20>, 1, 500) at <8164.982422, 31.486792, 10652.317383>
[COT 2023-5M-22 22:26:13] 76561198040010982: Spawned Entity Wooden Log (WoodenLog<2d816d90>, 1, 500) at <8164.982422, 31.486792, 10652.317383>
[COT 2023-5M-22 22:26:13] 76561198040010982: Spawned Entity Wooden Log (WoodenLog<2d7dc820>, 1, 500) at <8164.982422, 31.486792, 10652.317383>
[COT 2023-5M-22 22:26:13] 76561198040010982: Spawned Entity Wooden Log (WoodenLog<c2b10080>, 1, 500) at <8164.982422, 31.486792, 10652.317383>
[COT 2023-5M-22 22:26:13] 76561198040010982: Spawned Entity Wooden Log (WoodenLog<c2b093c0>, 1, 500) at <8164.982422, 31.486792, 10652.317383>
[COT 2023-5M-22 22:26:13] 76561198040010982: Spawned Entity Wooden Log (WoodenLog<c2b0b800>, 1, 500) at <8164.982422, 31.486792, 10652.317383>
[COT 2023-5M-22 22:26:44] 76561198040010982: Spawned Entity Hatchet (Hatchet<2d2cf9d0>, -1, 150) at <8164.178711, 31.486780, 10655.013672>
[COT 2023-5M-22 22:26:44] 76561198040010982: Spawned Entity Hatchet (Hatchet<ba467c90>, -1, 150) at <8164.178711, 31.486780, 10655.013672>
[COT 2023-5M-22 22:27:11] 76561198040010982: Spawned Entity Hammer (Hammer<cd8fbeb0>, -1, 100) at <8165.270508, 31.486784, 10651.215820>
[COT 2023-5M-22 22:27:11] 76561198040010982: Spawned Entity Hammer (Hammer<cd8fac90>, -1, 100) at <8165.270508, 31.486784, 10651.215820>
[COT 2023-5M-22 22:28:7s] 76561198040010982: Spawned Entity ADMIN HAMMER (BBP_Admin_Hammer<c8bf50a0>, -1, 100) at <8164.395020, 31.486795, 10653.861328>
[COT 2023-5M-22 22:28:23] 76561198040010982: Spawned Entity Sledgehammer (SledgeHammer<a9ec7960>, -1, 300) at <8163.945801, 31.486792, 10653.965820>
[COT 2023-5M-22 22:29:46] 76561198040010982: Spawned Entity Large Stone (Stone<c1f4b750>, 1, 200) at <8165.318359, 31.486773, 10650.222656>
[COT 2023-5M-22 22:29:46] 76561198040010982: Spawned Entity Large Stone (Stone<c1f56380>, 1, 200) at <8165.318359, 31.486773, 10650.222656>
[COT 2023-5M-22 22:29:47] 76561198040010982: Spawned Entity Large Stone (Stone<c1f53630>, 1, 200) at <8165.318359, 31.486773, 10650.222656>
[COT 2023-5M-22 22:29:47] 76561198040010982: Spawned Entity Large Stone (Stone<c1f55160>, 1, 200) at <8165.318359, 31.486773, 10650.222656>
[COT 2023-5M-22 22:29:47] 76561198040010982: Spawned Entity Large Stone (Stone<c1f54850>, 1, 200) at <8165.318359, 31.486773, 10650.222656>
[COT 2023-5M-22 22:29:47] 76561198040010982: Spawned Entity Large Stone (Stone<cd30b050>, 1, 200) at <8165.318359, 31.486773, 10650.222656>
[COT 2023-5M-22 22:29:47] 76561198040010982: Spawned Entity Large Stone (Stone<cd305ec0>, 1, 200) at <8165.318359, 31.486773, 10650.222656>
[COT 2023-5M-22 22:29:47] 76561198040010982: Spawned Entity Large Stone (Stone<cd3067d0>, 1, 200) at <8165.318359, 31.486773, 10650.222656>
[COT 2023-5M-22 22:29:48] 76561198040010982: Spawned Entity Large Stone (Stone<cd3070e0>, 1, 200) at <8165.318359, 31.486773, 10650.222656>
[COT 2023-5M-22 22:29:48] 76561198040010982: Spawned Entity Large Stone (Stone<aab37cb0>, 1, 200) at <8165.318359, 31.486773, 10650.222656>
[COT 2023-5M-22 22:29:48] 76561198040010982: Spawned Entity Large Stone (Stone<aab44d20>, 1, 200) at <8165.318359, 31.486773, 10650.222656>
[COT 2023-5M-22 22:29:48] 76561198040010982: Spawned Entity Large Stone (Stone<aab40db0>, 1, 200) at <8165.318359, 31.486773, 10650.222656>
[COT 2023-5M-22 22:29:48] 76561198040010982: Spawned Entity Large Stone (Stone<aab49eb0>, 1, 200) at <8165.318359, 31.486773, 10650.222656>
[COT 2023-5M-22 22:29:48] 76561198040010982: Spawned Entity Large Stone (Stone<caf2a390>, 1, 200) at <8165.318359, 31.486773, 10650.222656>
[COT 2023-5M-22 22:29:48] 76561198040010982: Spawned Entity Large Stone (Stone<caf23fe0>, 1, 200) at <8165.318359, 31.486773, 10650.222656>
[COT 2023-5M-22 22:29:48] 76561198040010982: Spawned Entity Large Stone (Stone<caf31050>, 1, 200) at <8165.318359, 31.486773, 10650.222656>
[COT 2023-5M-22 22:29:49] 76561198040010982: Spawned Entity Large Stone (Stone<caf31960>, 1, 200) at <8165.318359, 31.486773, 10650.222656>
[COT 2023-5M-22 22:29:49] 76561198040010982: Spawned Entity Large Stone (Stone<caf32270>, 1, 200) at <8165.318359, 31.486773, 10650.222656>
[COT 2023-5M-22 22:29:49] 76561198040010982: Spawned Entity Large Stone (Stone<caf32b80>, 1, 200) at <8165.318359, 31.486773, 10650.222656>
[COT 2023-5M-22 22:29:49] 76561198040010982: Spawned Entity Large Stone (Stone<caf33490>, 1, 200) at <8165.318359, 31.486773, 10650.222656>
[COT 2023-5M-22 22:29:49] 76561198040010982: Spawned Entity Large Stone (Stone<caf2d9f0>, 1, 200) at <8165.318359, 31.486773, 10650.222656>
[COT 2023-5M-22 22:29:49] 76561198040010982: Spawned Entity Large Stone (Stone<cd426740>, 1, 200) at <8165.318359, 31.486773, 10650.222656>
[COT 2023-5M-22 22:30:41] 76561198040010982: Spawned Entity Large Stone (Stone<2d7f56e0>, 1, 200) at <8164.604492, 31.486780, 10650.545898>
[COT 2023-5M-22 22:30:41] 76561198040010982: Spawned Entity Large Stone (Stone<2d7eea20>, 1, 200) at <8164.604492, 31.486780, 10650.545898>
[COT 2023-5M-22 22:30:41] 76561198040010982: Spawned Entity Large Stone (Stone<2d7ee110>, 1, 200) at <8164.604492, 31.486780, 10650.545898>
[COT 2023-5M-22 22:30:41] 76561198040010982: Spawned Entity Large Stone (Stone<2d7efc40>, 1, 200) at <8164.604492, 31.486780, 10650.545898>
[COT 2023-5M-22 22:30:42] 76561198040010982: Spawned Entity Large Stone (Stone<2d7f3bb0>, 1, 200) at <8164.604492, 31.486780, 10650.545898>
[COT 2023-5M-22 22:30:42] 76561198040010982: Spawned Entity Large Stone (Stone<2d7ef330>, 1, 200) at <8164.604492, 31.486780, 10650.545898>
[COT 2023-5M-22 22:30:42] 76561198040010982: Spawned Entity Large Stone (Stone<2d7f0e60>, 1, 200) at <8164.604492, 31.486780, 10650.545898>
[COT 2023-5M-22 22:30:42] 76561198040010982: Spawned Entity Large Stone (Stone<2d7f2080>, 1, 200) at <8164.604492, 31.486780, 10650.545898>
[COT 2023-5M-22 22:30:42] 76561198040010982: Spawned Entity Large Stone (Stone<2d7f1770>, 1, 200) at <8164.604492, 31.486780, 10650.545898>
[COT 2023-5M-22 22:30:42] 76561198040010982: Spawned Entity Large Stone (Stone<2d7f2990>, 1, 200) at <8164.604492, 31.486780, 10650.545898>
[COT 2023-5M-22 22:30:42] 76561198040010982: Spawned Entity Large Stone (Stone<caf2a390>, 1, 200) at <8164.604492, 31.486780, 10650.545898>
[COT 2023-5M-22 22:30:42] 76561198040010982: Spawned Entity Large Stone (Stone<caf23fe0>, 1, 200) at <8164.604492, 31.486780, 10650.545898>
[COT 2023-5M-22 22:30:43] 76561198040010982: Spawned Entity Large Stone (Stone<caf31050>, 1, 200) at <8164.604492, 31.486780, 10650.545898>
[COT 2023-5M-22 22:30:43] 76561198040010982: Spawned Entity Large Stone (Stone<caf2d9f0>, 1, 200) at <8164.604492, 31.486780, 10650.545898>
[COT 2023-5M-22 22:30:43] 76561198040010982: Spawned Entity Large Stone (Stone<caf31960>, 1, 200) at <8164.604492, 31.486780, 10650.545898>
[COT 2023-5M-22 22:30:43] 76561198040010982: Spawned Entity Large Stone (Stone<aa53e8b0>, 1, 200) at <8164.604492, 31.486780, 10650.545898>
[COT 2023-5M-22 22:30:43] 76561198040010982: Spawned Entity Large Stone (Stone<aa5479b0>, 1, 200) at <8164.604492, 31.486780, 10650.545898>
[COT 2023-5M-22 22:30:43] 76561198040010982: Spawned Entity Large Stone (Stone<c8c03c40>, 1, 200) at <8164.604492, 31.486780, 10650.545898>
[COT 2023-5M-22 22:30:43] 76561198040010982: Spawned Entity Large Stone (Stone<c8bd8b80>, 1, 200) at <8164.604492, 31.486780, 10650.545898>
[COT 2023-5M-22 22:30:43] 76561198040010982: Spawned Entity Large Stone (Stone<c8674f20>, 1, 200) at <8164.604492, 31.486780, 10650.545898>
[COT 2023-5M-22 22:30:44] 76561198040010982: Spawned Entity Large Stone (Stone<c867f240>, 1, 200) at <8164.604492, 31.486780, 10650.545898>
[COT 2023-5M-22 22:30:44] 76561198040010982: Spawned Entity Large Stone (Stone<c8f6fdf0>, 1, 200) at <8164.604492, 31.486780, 10650.545898>
[COT 2023-5M-22 22:30:44] 76561198040010982: Spawned Entity Large Stone (Stone<c8f45640>, 1, 200) at <8164.604492, 31.486780, 10650.545898>
[COT 2023-5M-22 22:30:44] 76561198040010982: Spawned Entity Large Stone (Stone<c8f58a60>, 1, 200) at <8164.604492, 31.486780, 10650.545898>
[COT 2023-5M-22 22:33:44] 76561198040010982: Spawned Entity (Large/Small) Floor Kit (BBP_Floor_Kit<319f0ab0>, -1, 100) at <8170.074219, 31.486811, 10656.712891>
[COT 2023-5M-22 22:33:45] 76561198040010982: Spawned Entity (Large/Small) Floor Kit (BBP_Floor_Kit<319ee670>, -1, 100) at <8170.074219, 31.486811, 10656.712891>
[COT 2023-5M-22 22:35:45] 76561198040010982: Spawned Entity (Large/Small) Floor Kit (BBP_Floor_Kit<2d197230>, -1, 100) at <8163.658691, 31.552000, 10650.104492>
[COT 2023-5M-22 22:35:45] 76561198040010982: Spawned Entity (Large/Small) Floor Kit (BBP_Floor_Kit<2d1944e0>, -1, 100) at <8163.658691, 31.552000, 10650.104492>
[COT 2023-5M-22 22:35:45] 76561198040010982: Spawned Entity (Large/Small) Floor Kit (BBP_Floor_Kit<2d19c3c0>, -1, 100) at <8163.658691, 31.552000, 10650.104492>
[COT 2023-5M-22 22:38:23] 76561198040010982: Spawned Entity (Large/Small) Floor Kit (BBP_Floor_Kit<2d17ec80>, -1, 100) at <8170.851074, 31.531393, 10656.584961>
[COT 2023-5M-22 22:38:23] 76561198040010982: Spawned Entity (Large/Small) Floor Kit (BBP_Floor_Kit<2d17fea0>, -1, 100) at <8170.851074, 31.531393, 10656.584961>
[COT 2023-5M-22 22:38:23] 76561198040010982: Spawned Entity (Large/Small) Floor Kit (BBP_Floor_Kit<2d179af0>, -1, 100) at <8170.851074, 31.531393, 10656.584961>
[COT 2023-5M-22 22:38:24] 76561198040010982: Spawned Entity (Large/Small) Floor Kit (BBP_Floor_Kit<2d1819d0>, -1, 100) at <8170.851074, 31.531393, 10656.584961>
[COT 2023-5M-22 22:40:32] 76561198040010982: Spawned Entity Floor Hatch Kit (BBP_Floor_Hatch_Kit<c21611e0>, -1, 100) at <8165.140137, 31.571798, 10657.185547>
[COT 2023-5M-22 22:42:14] 76561198040010982: Spawned Entity (T2) Chain Link Gate Kit (BBP_Mesh_Gate_Kit<2d7ecef0>, -1, 100) at <8166.423340, 31.571798, 10656.583984>
[COT 2023-5M-22 22:42:14] 76561198040010982: Spawned Entity (T2) Chain Link Gate Kit (BBP_Mesh_Gate_Kit<be3829e0>, -1, 100) at <8166.423340, 31.571798, 10656.583984>
[COT 2023-5M-22 22:44:33] 76561198040010982: Spawned Entity (Large/Small) Door Kit (BBP_Door_Kit<c8f62d80>, -1, 100) at <8167.624023, 31.571798, 10655.865234>
[COT 2023-5M-22 22:44:33] 76561198040010982: Spawned Entity (Large/Small) Door Kit (BBP_Door_Kit<c8f56620>, -1, 100) at <8167.624023, 31.571798, 10655.865234>
[COT 2023-5M-22 22:44:33] 76561198040010982: Spawned Entity (Large/Small) Door Kit (BBP_Door_Kit<c2172ad0>, -1, 100) at <8167.624023, 31.571798, 10655.865234>
[COT 2023-5M-22 22:45:34] 76561198040010982: Spawned Entity ADMIN HAMMER (BBP_Admin_Hammer<cd11b050>, -1, 100) at <8164.352051, 31.571798, 10656.285156>
[COT 2023-5M-22 22:45:34] 76561198040010982: Spawned Entity ADMIN HAMMER (BBP_Admin_Hammer<cd115ec0>, -1, 100) at <8164.352051, 31.571798, 10656.285156>
[COT 2023-5M-22 22:46:43] 76561198040010982: Spawned Entity (Large/Small) Wall Kit (BBP_Wall_Kit<c89b9590>, -1, 100) at <8165.287109, 31.571798, 10655.892578>
[COT 2023-5M-22 22:46:43] 76561198040010982: Spawned Entity (Large/Small) Wall Kit (BBP_Wall_Kit<cac29280>, -1, 100) at <8165.287109, 31.571798, 10655.892578>
[COT 2023-5M-22 22:46:44] 76561198040010982: Spawned Entity (Large/Small) Wall Kit (BBP_Wall_Kit<cac3b480>, -1, 100) at <8165.287109, 31.571798, 10655.892578>
[COT 2023-5M-22 22:46:44] 76561198040010982: Spawned Entity (Large/Small) Wall Kit (BBP_Wall_Kit<cac44e90>, -1, 100) at <8165.287109, 31.571798, 10655.892578>
[COT 2023-5M-22 22:46:44] 76561198040010982: Spawned Entity (Large/Small) Wall Kit (BBP_Wall_Kit<2d2d2720>, -1, 100) at <8165.287109, 31.571798, 10655.892578>
[COT 2023-5M-22 22:46:44] 76561198040010982: Spawned Entity (Large/Small) Wall Kit (BBP_Wall_Kit<2d2d3030>, -1, 100) at <8165.287109, 31.571798, 10655.892578>
[COT 2023-5M-22 22:46:44] 76561198040010982: Spawned Entity (Large/Small) Wall Kit (BBP_Wall_Kit<2d2d1500>, -1, 100) at <8165.287109, 31.571798, 10655.892578>
[COT 2023-5M-22 22:46:44] 76561198040010982: Spawned Entity (Large/Small) Wall Kit (BBP_Wall_Kit<c1f67c70>, -1, 100) at <8165.287109, 31.571798, 10655.892578>
[COT 2023-5M-22 22:46:44] 76561198040010982: Spawned Entity (Large/Small) Wall Kit (BBP_Wall_Kit<c1f6e020>, -1, 100) at <8165.287109, 31.571798, 10655.892578>
[COT 2023-5M-22 22:46:44] 76561198040010982: Spawned Entity (Large/Small) Wall Kit (BBP_Wall_Kit<c1f41430>, -1, 100) at <8165.287109, 31.571798, 10655.892578>
[COT 2023-5M-22 22:46:44] 76561198040010982: Spawned Entity (Large/Small) Wall Kit (BBP_Wall_Kit<c60a5d00>, -1, 100) at <8165.287109, 31.571798, 10655.892578>
[COT 2023-5M-22 22:46:45] 76561198040010982: Spawned Entity (Large/Small) Wall Kit (BBP_Wall_Kit<c60ac9c0>, -1, 100) at <8165.287109, 31.571798, 10655.892578>
[COT 2023-5M-22 22:46:45] 76561198040010982: Spawned Entity (Large/Small) Wall Kit (BBP_Wall_Kit<c60aee00>, -1, 100) at <8165.287109, 31.571798, 10655.892578>
[COT 2023-5M-22 22:46:45] 76561198040010982: Spawned Entity (Large/Small) Wall Kit (BBP_Wall_Kit<c609b0d0>, -1, 100) at <8165.287109, 31.571798, 10655.892578>
[COT 2023-5M-22 22:46:45] 76561198040010982: Spawned Entity (Large/Small) Wall Kit (BBP_Wall_Kit<b74e7290>, -1, 100) at <8165.287109, 31.571798, 10655.892578>
[COT 2023-5M-22 22:46:45] 76561198040010982: Spawned Entity (Large/Small) Wall Kit (BBP_Wall_Kit<b751fcd0>, -1, 100) at <8165.287109, 31.571798, 10655.892578>
[COT 2023-5M-22 22:46:45] 76561198040010982: Spawned Entity (Large/Small) Wall Kit (BBP_Wall_Kit<b7521800>, -1, 100) at <8165.287109, 31.571798, 10655.892578>
[COT 2023-5M-22 22:47:39] 76561198040010982: Spawned Entity ADMIN HAMMER (BBP_Admin_Hammer<b79516d0>, -1, 100) at <8164.791016, 31.571798, 10656.916992>
[COT 2023-5M-22 22:47:39] 76561198040010982: Spawned Entity ADMIN HAMMER (BBP_Admin_Hammer<b79873c0>, -1, 100) at <8164.791016, 31.571798, 10656.916992>
[COT 2023-5M-22 22:47:39] 76561198040010982: Spawned Entity ADMIN HAMMER (BBP_Admin_Hammer<caf30740>, -1, 100) at <8164.791016, 31.571798, 10656.916992>
[COT 2023-5M-22 22:47:39] 76561198040010982: Spawned Entity ADMIN HAMMER (BBP_Admin_Hammer<caf2bec0>, -1, 100) at <8164.791016, 31.571798, 10656.916992>
[COT 2023-5M-22 22:47:40] 76561198040010982: Spawned Entity ADMIN HAMMER (BBP_Admin_Hammer<caf29a80>, -1, 100) at <8164.791016, 31.571798, 10656.916992>
[COT 2023-5M-22 22:47:40] 76561198040010982: Spawned Entity ADMIN HAMMER (BBP_Admin_Hammer<caf346b0>, -1, 100) at <8164.791016, 31.571798, 10656.916992>
[COT 2023-5M-22 22:47:40] 76561198040010982: Spawned Entity ADMIN HAMMER (BBP_Admin_Hammer<caf3f2e0>, -1, 100) at <8164.791016, 31.571798, 10656.916992>
[COT 2023-5M-22 22:47:40] 76561198040010982: Spawned Entity ADMIN HAMMER (BBP_Admin_Hammer<caf4cc60>, -1, 100) at <8164.791016, 31.571798, 10656.916992>
[COT 2023-5M-22 22:47:40] 76561198040010982: Spawned Entity ADMIN HAMMER (BBP_Admin_Hammer<caf5ca20>, -1, 100) at <8164.791016, 31.571798, 10656.916992>
[COT 2023-5M-22 22:47:40] 76561198040010982: Spawned Entity ADMIN HAMMER (BBP_Admin_Hammer<c83412a0>, -1, 100) at <8164.791016, 31.571798, 10656.916992>
[COT 2023-5M-22 22:47:40] 76561198040010982: Spawned Entity ADMIN HAMMER (BBP_Admin_Hammer<c8343ff0>, -1, 100) at <8164.791016, 31.571798, 10656.916992>
[COT 2023-5M-22 22:47:40] 76561198040010982: Spawned Entity ADMIN HAMMER (BBP_Admin_Hammer<c83546c0>, -1, 100) at <8164.791016, 31.571798, 10656.916992>
[COT 2023-5M-22 22:47:41] 76561198040010982: Spawned Entity ADMIN HAMMER (BBP_Admin_Hammer<c835d7c0>, -1, 100) at <8164.791016, 31.571798, 10656.916992>
[COT 2023-5M-22 22:47:41] 76561198040010982: Spawned Entity ADMIN HAMMER (BBP_Admin_Hammer<c835f2f0>, -1, 100) at <8164.791016, 31.571798, 10656.916992>
[COT 2023-5M-22 22:47:41] 76561198040010982: Spawned Entity ADMIN HAMMER (BBP_Admin_Hammer<c836a830>, -1, 100) at <8164.791016, 31.571798, 10656.916992>
[COT 2023-5M-22 22:47:41] 76561198040010982: Spawned Entity ADMIN HAMMER (BBP_Admin_Hammer<c8375460>, -1, 100) at <8164.791016, 31.571798, 10656.916992>
[COT 2023-5M-22 22:47:41] 76561198040010982: Spawned Entity ADMIN HAMMER (BBP_Admin_Hammer<c837dc50>, -1, 100) at <8164.791016, 31.571798, 10656.916992>
[COT 2023-5M-22 22:47:41] 76561198040010982: Spawned Entity ADMIN HAMMER (BBP_Admin_Hammer<c837f780>, -1, 100) at <8164.791016, 31.571798, 10656.916992>
[COT 2023-5M-22 22:47:41] 76561198040010982: Spawned Entity ADMIN HAMMER (BBP_Admin_Hammer<c2adec10>, -1, 100) at <8164.791016, 31.571798, 10656.916992>
[COT 2023-5M-22 22:47:41] 76561198040010982: Spawned Entity ADMIN HAMMER (BBP_Admin_Hammer<c2adfe30>, -1, 100) at <8164.791016, 31.571798, 10656.916992>
[COT 2023-5M-22 22:49:23] 76561198040010982: Spawned Entity Roof Hatch Kit (BBP_Roof_Hatch_Kit<c2172ad0>, -1, 100) at <8167.035645, 31.571798, 10653.665039>
[COT 2023-5M-22 22:49:24] 76561198040010982: Spawned Entity Roof Hatch Kit (BBP_Roof_Hatch_Kit<cd10e8f0>, -1, 100) at <8167.035645, 31.571798, 10653.665039>
[COT 2023-5M-22 22:49:25] 76561198040010982: Spawned Entity (Large/Small) Roof Kit (BBP_Roof_Kit<c64ede10>, -1, 100) at <8167.035645, 31.571798, 10653.665039>
[COT 2023-5M-22 22:49:25] 76561198040010982: Spawned Entity (Large/Small) Roof Kit (BBP_Roof_Kit<aa529960>, -1, 100) at <8167.035645, 31.571798, 10653.665039>
[COT 2023-5M-22 22:49:25] 76561198040010982: Spawned Entity (Large/Small) Roof Kit (BBP_Roof_Kit<c867ce00>, -1, 100) at <8167.035645, 31.571798, 10653.665039>
[COT 2023-5M-22 22:49:26] 76561198040010982: Spawned Entity (Large/Small) Roof Kit (BBP_Roof_Kit<c8684ce0>, -1, 100) at <8167.035645, 31.571798, 10653.665039>
[COT 2023-5M-22 22:53:21] 76561198040010982: Spawned Entity (Large/Small) Roof Kit (BBP_Roof_Kit<2d348690>, -1, 100) at <8164.156738, 34.770218, 10652.580078>
[COT 2023-5M-22 22:53:21] 76561198040010982: Spawned Entity (Large/Small) Roof Kit (BBP_Roof_Kit<2d350570>, -1, 100) at <8164.156738, 34.770218, 10652.580078>
[COT 2023-5M-22 22:53:21] 76561198040010982: Spawned Entity (Large/Small) Roof Kit (BBP_Roof_Kit<2d3544e0>, -1, 100) at <8164.156738, 34.770218, 10652.580078>
[COT 2023-5M-22 22:53:22] 76561198040010982: Spawned Entity (Large/Small) Roof Kit (BBP_Roof_Kit<2d3529b0>, -1, 100) at <8164.156738, 34.770218, 10652.580078>
[COT 2023-5M-22 22:53:22] 76561198040010982: Spawned Entity (Large/Small) Roof Kit (BBP_Roof_Kit<2d358450>, -1, 100) at <8164.156738, 34.770218, 10652.580078>
[COT 2023-5M-22 22:53:22] 76561198040010982: Spawned Entity (Large/Small) Roof Kit (BBP_Roof_Kit<2d351790>, -1, 100) at <8164.156738, 34.770218, 10652.580078>
[COT 2023-5M-22 22:53:22] 76561198040010982: Spawned Entity (Large/Small) Roof Kit (BBP_Roof_Kit<2d357b40>, -1, 100) at <8164.156738, 34.770218, 10652.580078>
[COT 2023-5M-22 22:53:22] 76561198040010982: Spawned Entity (Large/Small) Roof Kit (BBP_Roof_Kit<2d350e80>, -1, 100) at <8164.156738, 34.770218, 10652.580078>
[COT 2023-5M-22 22:53:22] 76561198040010982: Spawned Entity (Large/Small) Roof Kit (BBP_Roof_Kit<2d359670>, -1, 100) at <8164.156738, 34.770218, 10652.580078>
[COT 2023-5M-22 22:53:22] 76561198040010982: Spawned Entity (Large/Small) Roof Kit (BBP_Roof_Kit<2d3520a0>, -1, 100) at <8164.156738, 34.770218, 10652.580078>
[COT 2023-5M-22 22:54:23] 76561198040010982: Spawned Entity Roof Hatch Kit (BBP_Roof_Hatch_Kit<c8f78ef0>, -1, 100) at <8166.332031, 34.800465, 10650.918945>
[COT 2023-5M-22 22:54:23] 76561198040010982: Spawned Entity Roof Hatch Kit (BBP_Roof_Hatch_Kit<c8f7c550>, -1, 100) at <8166.332031, 34.800465, 10650.918945>
[COT 2023-5M-22 22:58:40] 76561198040010982: Spawned Entity Ramp Kit (BBP_Ramp_Kit<cd6cfaf0>, -1, 100) at <8167.209961, 31.571798, 10656.442383>
[COT 2023-5M-22 22:59:58] 76561198040010982: Spawned Entity (Single/Double) Garage Door Kit (BBP_SGate_Kit<2a94ecd0>, -1, 100) at <8170.666016, 34.749809, 10655.169922>
[COT 2023-5M-22 23:6m:24] 76561198040010982: Healed [guid=zhJxvJUIQcTeCgEZ3Xhlvc_WjNMgSdId2I-HV3Jo6tA=]
[COT 2023-5M-22 23:6m:24] 76561198040010982: Healed [guid=zhJxvJUIQcTeCgEZ3Xhlvc_WjNMgSdId2I-HV3Jo6tA=]
[COT 2023-5M-22 23:6m:25] 76561198040010982: Healed [guid=zhJxvJUIQcTeCgEZ3Xhlvc_WjNMgSdId2I-HV3Jo6tA=]
[COT 2023-5M-22 23:6m:25] 76561198040010982: Set GodMode To true [guid=zhJxvJUIQcTeCgEZ3Xhlvc_WjNMgSdId2I-HV3Jo6tA=]
[COT 2023-5M-22 23:6m:51] 76561198040010982: Set rain to 0.8 0 0
[COT 2023-5M-22 23:6m:51] 76561198040010982: Set storm to 0.64 0.8 4000
[COT 2023-5M-22 23:6m:51] 76561198040010982: Set fog to 0.3 0 0
[COT 2023-5M-22 23:6m:51] 76561198040010982: Set overcast to 1 0 0
[COT 2023-5M-22 23:6m:51] 76561198040010982: Set wind to 0.56 0.7 1
[COT 2023-5M-22 23:6m:53] 76561198040010982: Set rain to 0.8 0 0
[COT 2023-5M-22 23:6m:53] 76561198040010982: Set storm to 0.64 0.8 4000
[COT 2023-5M-22 23:6m:53] 76561198040010982: Set fog to 0.3 0 0
[COT 2023-5M-22 23:6m:53] 76561198040010982: Set overcast to 1 0 0
[COT 2023-5M-22 23:6m:53] 76561198040010982: Set the date to 2011/12/2 12:38
[COT 2023-5M-22 23:6m:53] 76561198040010982: Set wind to 0.7 0.7 1
[COT 2023-5M-22 23:7m:25] 76561198040010982: Entered the Free Camera
[COT 2023-5M-22 23:7m:32] 76561198040010982: Left the Free Camera
[COT 2023-5M-22 23:7m:38] 76561198040010982: Entered the Free Camera
[COT 2023-5M-22 23:11:1s] 76561198040010982: Left the Free Camera
[COT 2023-5M-22 23:11:42] 76561198040010982: Entered the Free Camera
[COT 2023-5M-22 23:14:18] 76561198040010982: Left the Free Camera
[COT 2023-5M-22 23:14:23] 76561198040010982: Left the Free Camera
[COT 2023-5M-22 23:20:43] 76561198040010982: Entered the Free Camera
[COT 2023-5M-22 23:21:2s] 76561198040010982: Left the Free Camera
[COT 2023-5M-22 23:21:6s] 76561198040010982: Teleported to <8167.558105, 15.164964, 10671.054688> [guid=zhJxvJUIQcTeCgEZ3Xhlvc_WjNMgSdId2I-HV3Jo6tA=]
