[COT 2023-05-31 17:04:07] 76561198040010982: Spawned Entity Flag Pole Kit (TerritoryFlagKit<58ad8cc0>, -1, 200) at <1221.374634, 2.012491, 11837.083984>
[COT 2023-05-31 17:33:41] 76561198040010982: Teleported to <5230.775391, 31.569647, 8588.456055> [guid=QOVCOk5flZ8LlxY_vIXEUxFpj4R6rL-wr-TF8_b4xZo=]
[COT 2023-05-31 17:33:48] 76561198040010982: Teleported to <5230.775391, 31.569647, 8588.456055> [guid=QOVCOk5flZ8LlxY_vIXEUxFpj4R6rL-wr-TF8_b4xZo=]
[COT 2023-05-31 17:33:48] 76561198040010982: Teleported to <5230.775391, 31.569647, 8588.456055> [guid=QOVCOk5flZ8LlxY_vIXEUxFpj4R6rL-wr-TF8_b4xZo=]
[COT 2023-05-31 17:34:23] 76561198040010982: Spawned Entity Parking Meter Construction-Kit (ExpansionParkingMeterKit<dba46cc0>, -1, 200) at <5230.790527, 35.485352, 8587.162109>
[COT 2023-05-31 17:34:37] 76561198930893538: Set the date to 2011/12/26 12:0
[COT 2023-05-31 17:35:07] 76561198930893538: Spawned Entity Flag Pole Kit (TerritoryFlagKit<e885cfe0>, -1, 200) at <5229.972168, 35.617554, 8590.008789>
[COT 2023-05-31 17:36:00] 76561198040010982: Spawned Entity Car Battery (CarBattery<eafee200>, 50, 200) at <5231.137695, 35.488823, 8588.659180>
[COT 2023-05-31 17:36:06] 76561198040010982: Spawned Entity Circuit Board - MK3 (ExpansionCircuitBoard_MK3<eaff9e10>, -1, 20) at <5231.137695, 35.488823, 8588.659180>
[COT 2023-05-31 17:38:21] 76561198930893538: Spawned vehicle GOLF GTi (Hatchback_02) at <5213.917969, 31.024773, 8574.504883>
[COT 2023-05-31 17:38:51] 76561198040010982: Entered the Free Camera
[COT 2023-05-31 17:38:55] 76561198930893538: Teleported to position <8597.910156, 14.720000, 10508.868164>
[COT 2023-05-31 17:39:03] 76561198040010982: Left the Free Camera
[COT 2023-05-31 17:39:11] 76561198930893538: Spawned Entity Hryvnia Banknotes Stack (ExpansionBanknoteHryvnia<ec7074f0>, 50000, 100) at <8593.856445, 14.732449, 10489.411133>
[COT 2023-05-31 17:39:44] 76561198040010982: Entered the Free Camera
[COT 2023-05-31 17:39:59] 76561198040010982: Left the Free Camera
[COT 2023-05-31 17:40:23] 76561198930893538: Teleported to position <5223.687500, 36.116577, 8634.603516>
[COT 2023-05-31 17:45:05] 76561198930893538: Spawned Entity Dark Bark (Bark_Oak<ee40c650>, 8, 25) at <5230.786621, 31.574430, 8588.655273>
[COT 2023-05-31 17:50:07] 76561198930893538: Spawned Entity Wall Kit (ExpansionWallKit<e3fbf140>, -1, 100) at <5229.525879, 35.747089, 8589.530273>
[COT 2023-05-31 17:51:09] 76561198930893538: Teleported to position <5221.575195, 31.095026, 8603.894531>
[COT 2023-05-31 17:53:53] 76561198040010982: Set Shock To 0 [guid=QOVCOk5flZ8LlxY_vIXEUxFpj4R6rL-wr-TF8_b4xZo=]
[COT 2023-05-31 17:54:00] 76561198040010982: Set Shock To 100 [guid=QOVCOk5flZ8LlxY_vIXEUxFpj4R6rL-wr-TF8_b4xZo=]
[COT 2023-05-31 18:03:02] 76561198930893538: Spawned Entity Camo Net (CamoNet<e42633d0>, -1, 120) at <5221.256836, 31.130514, 8586.482422>
[COT 2023-05-31 18:08:36] 76561198040010982: ESP: Viewing ESP
[COT 2023-05-31 18:08:43] 76561198040010982: ESP: Clearing ESP
[COT 2023-05-31 18:08:44] 76561198040010982: ESP: Viewing ESP
[COT 2023-05-31 18:08:46] 76561198040010982: ESP index=0 target=ExpansionParkingMeter:04716 position=<1173.748169, 2.000000, 11563.151367> action=delete
[COT 2023-05-31 18:08:46] 76561198040010982: ESP action=delete_all count=1 attempted=1
[COT 2023-05-31 18:08:51] 76561198040010982: ESP: Clearing ESP
[COT 2023-05-31 18:10:05] 76561198930893538: Spawned Entity Code Lock (ExpansionCodeLock<eaaf2990>, -1, 100) at <5231.062500, 35.784557, 8590.050781>
[COT 2023-05-31 18:12:15] 76561198930893538: Set GodMode To true [guid=QOVCOk5flZ8LlxY_vIXEUxFpj4R6rL-wr-TF8_b4xZo=]
[COT 2023-05-31 18:12:24] 76561198930893538: Set cannot be targeted by AI to true [guid=QOVCOk5flZ8LlxY_vIXEUxFpj4R6rL-wr-TF8_b4xZo=]
[COT 2023-05-31 18:12:25] 76561198930893538: Set cannot be targeted by AI to true [guid=QOVCOk5flZ8LlxY_vIXEUxFpj4R6rL-wr-TF8_b4xZo=]
[COT 2023-05-31 18:12:30] 76561198930893538: Teleported to position <7458.763184, 74.234947, 7499.409668>
[COT 2023-05-31 18:12:47] 76561198040010982: Teleported to position <6241.375488, 21.101854, 9280.670898>
[COT 2023-05-31 18:12:48] 76561198040010982: Teleported to position <6241.375488, 21.101854, 9280.670898>
[COT 2023-05-31 18:13:17] 76561198040010982: Repaired Transport [guid=8vtfObsTQABYXpVHaEsAuZ5QTEAjCvC2a-AZwd4E5dw=]
[COT 2023-05-31 18:13:17] 76561198040010982: Repaired Transport [guid=8vtfObsTQABYXpVHaEsAuZ5QTEAjCvC2a-AZwd4E5dw=]
[COT 2023-05-31 18:13:44] 76561198930893538: Spawned Entity 6-M7 Frag Grenade (M67Grenade<e60f8270>, -1, 50) at <7458.780762, 74.287514, 7499.438477>
[COT 2023-05-31 18:14:07] 76561198930893538: Spawned Entity 6-M7 Frag Grenade (M67Grenade<bbf4d0e0>, -1, 50) at <7470.997070, 65.443031, 7513.254883>
[COT 2023-05-31 18:14:07] 76561198930893538: Spawned Entity 6-M7 Frag Grenade (M67Grenade<bbf4f390>, -1, 50) at <7470.997070, 65.443031, 7513.254883>
[COT 2023-05-31 18:14:07] 76561198930893538: Spawned Entity 6-M7 Frag Grenade (M67Grenade<bbf735b0>, -1, 50) at <7470.997070, 65.443031, 7513.254883>
[COT 2023-05-31 18:14:08] 76561198930893538: Spawned Entity 6-M7 Frag Grenade (M67Grenade<e2665500>, -1, 50) at <7470.997070, 65.443031, 7513.254883>
[COT 2023-05-31 18:14:29] 76561198040010982: Teleported to position <5124.753906, 72.559181, 8996.597656>
[COT 2023-05-31 18:14:35] 76561198040010982: Teleported to position <7592.828125, 15.007379, 10603.711914>
[COT 2023-05-31 18:14:49] 76561198040010982: Teleported to position <7708.996582, 18.093262, 10802.920898>
[COT 2023-05-31 18:14:55] 76561198040010982: Teleported to position <8457.368164, 16.527153, 11031.735352>
[COT 2023-05-31 18:14:58] 76561198040010982: Teleported to position <7922.119141, 15.520301, 10972.209961>
[COT 2023-05-31 18:15:03] 76561198040010982: Teleported to position <7901.634277, 15.558373, 10941.785156>
[COT 2023-05-31 18:15:03] 76561198930893538: Set UnlimitedAmmo To true [guid=QOVCOk5flZ8LlxY_vIXEUxFpj4R6rL-wr-TF8_b4xZo=]
[COT 2023-05-31 18:15:04] 76561198040010982: Teleported to position <7983.592773, 15.525855, 10933.157227>
[COT 2023-05-31 18:15:06] 76561198040010982: Teleported to position <8117.316406, 15.220000, 10871.329102>
[COT 2023-05-31 18:15:09] 76561198040010982: Teleported to position <8304.240234, 13.625580, 10744.794922>
[COT 2023-05-31 18:15:14] 76561198040010982: Teleported to position <8395.320313, 14.970632, 10701.964844>
[COT 2023-05-31 18:15:15] 76561198040010982: Teleported to position <8416.836914, 14.976939, 10704.000000>
[COT 2023-05-31 18:15:18] 76561198040010982: Teleported to position <8415.092773, 14.970000, 10631.262695>
[COT 2023-05-31 18:15:21] 76561198040010982: Teleported to position <8573.788086, 14.747760, 10527.595703>
[COT 2023-05-31 18:15:23] 76561198040010982: Teleported to position <8544.955078, 14.920000, 10558.767578>
[COT 2023-05-31 18:15:33] 76561198040010982: Teleported to position <7529.643066, 45.218567, 7541.937500>
[COT 2023-05-31 18:15:51] 76561198040010982: Teleported to position <8542.306641, 14.908050, 10530.031250>
[COT 2023-05-31 18:17:02] 76561198040010982: Spawned Entity Land Rover Defender (Expansion_Landrover<5c6db3a0>, -1, 3000) at <8591.058594, 14.738237, 10489.277344>
[COT 2023-05-31 18:19:12] 76561198930893538: Teleported to position <5215.193848, 31.095182, 8584.406250>
[COT 2023-05-31 18:19:27] 76561198930893538: Set GodMode To false [guid=QOVCOk5flZ8LlxY_vIXEUxFpj4R6rL-wr-TF8_b4xZo=]
[COT 2023-05-31 18:19:28] 76561198930893538: Set cannot be targeted by AI to false [guid=QOVCOk5flZ8LlxY_vIXEUxFpj4R6rL-wr-TF8_b4xZo=]
[COT 2023-05-31 18:19:28] 76561198930893538: Set UnlimitedAmmo To false [guid=QOVCOk5flZ8LlxY_vIXEUxFpj4R6rL-wr-TF8_b4xZo=]
[COT 2023-05-31 18:23:41] 76561198040010982: Spawned Entity Alligator Dino (SNAFUAlligator_Base<4ade3560>, -1, 300) at <8571.905273, 14.817340, 10488.800781>
[COT 2023-05-31 18:24:44] 76561198040010982: ESP: Viewing ESP
[COT 2023-05-31 18:26:21] 76561198040010982: ESP: Clearing ESP
