[COT 2023-5M-28 18:16:19] 76561198040010982: Set the date to 2011/12/15 12:0
[COT 2023-5M-28 18:16:20] 76561198040010982: Set rain to 0 0 0
[COT 2023-5M-28 18:16:20] 76561198040010982: Set storm to 0 0.8 4000
[COT 2023-5M-28 18:16:20] 76561198040010982: Set fog to 0 0 0
[COT 2023-5M-28 18:16:20] 76561198040010982: Set overcast to 0.169291 0 0
[COT 2023-5M-28 18:16:20] 76561198040010982: Set the date to 2011/12/15 12:0
[COT 2023-5M-28 18:16:20] 76561198040010982: Set wind to 19.8067 19.8067 1
[COT 2023-5M-28 18:16:26] 76561198040010982: Set GodMode To true [guid=8vtfObsTQABYXpVHaEsAuZ5QTEAjCvC2a-AZwd4E5dw=]
[COT 2023-5M-28 18:16:27] 76561198040010982: Set cannot be targeted by AI to true [guid=8vtfObsTQABYXpVHaEsAuZ5QTEAjCvC2a-AZwd4E5dw=]
[COT 2023-5M-28 18:16:46] 76561198040010982: Spawned Entity uWu Grenade (FFY_UWUSound_Grenade<7075ffa0>, -1, 50) at <5218.175781, 73.675484, 8997.457031>
[COT 2023-5M-28 18:16:46] 76561198040010982: Spawned Entity uWu Grenade (FFY_UWUSound_Grenade<7075cd50>, -1, 50) at <5218.175781, 73.675484, 8997.457031>
[COT 2023-5M-28 18:16:47] 76561198040010982: Spawned Entity uWu Grenade (FFY_UWUSound_Grenade<7075eb80>, -1, 50) at <5218.175781, 73.675484, 8997.457031>
[COT 2023-5M-28 18:21:9s] 76561198040010982: Spawned Entity uWu Grenade (FFY_UWUSound_Grenade<707755c0>, -1, 50) at <5220.048340, 73.538109, 8995.444336>
[COT 2023-5M-28 18:21:10] 76561198040010982: Spawned Entity uWu Grenade (FFY_UWUSound_Grenade<70773790>, -1, 50) at <5220.048340, 73.538109, 8995.444336>
[COT 2023-5M-28 18:21:10] 76561198040010982: Spawned Entity uWu Grenade (FFY_UWUSound_Grenade<70772d80>, -1, 50) at <5220.048340, 73.538109, 8995.444336>
[COT 2023-5M-28 18:21:10] 76561198040010982: Spawned Entity uWu Grenade (FFY_UWUSound_Grenade<70775fd0>, -1, 50) at <5220.048340, 73.538109, 8995.444336>
[COT 2023-5M-28 18:30:13] 76561198040010982: Spawned Entity uWu Grenade (FFY_UWUSound_Grenade<7077a640>, -1, 50) at <5220.122070, 73.939682, 9004.024414>
[COT 2023-5M-28 18:30:14] 76561198040010982: Spawned Entity uWu Grenade (FFY_UWUSound_Grenade<70773790>, -1, 50) at <5220.122070, 73.939682, 9004.024414>
[COT 2023-5M-28 18:30:14] 76561198040010982: Spawned Entity uWu Grenade (FFY_UWUSound_Grenade<7078ca10>, -1, 50) at <5220.122070, 73.939682, 9004.024414>
[COT 2023-5M-28 18:30:14] 76561198040010982: Spawned Entity uWu Grenade (FFY_UWUSound_Grenade<70790670>, -1, 50) at <5220.122070, 73.939682, 9004.024414>
[COT 2023-5M-28 18:30:14] 76561198040010982: Spawned Entity uWu Grenade (FFY_UWUSound_Grenade<70791a90>, -1, 50) at <5220.122070, 73.939682, 9004.024414>
[COT 2023-5M-28 18:32:40] 76561199176957808: Set GodMode To true [guid=zhJxvJUIQcTeCgEZ3Xhlvc_WjNMgSdId2I-HV3Jo6tA=]
[COT 2023-5M-28 18:32:42] 76561199176957808: Set UnlimitedStamina To true [guid=zhJxvJUIQcTeCgEZ3Xhlvc_WjNMgSdId2I-HV3Jo6tA=]
[COT 2023-5M-28 18:32:43] 76561199176957808: Set cannot be targeted by AI to true [guid=zhJxvJUIQcTeCgEZ3Xhlvc_WjNMgSdId2I-HV3Jo6tA=]
[COT 2023-5M-28 18:32:43] 76561199176957808: Set UnlimitedAmmo To true [guid=zhJxvJUIQcTeCgEZ3Xhlvc_WjNMgSdId2I-HV3Jo6tA=]
[COT 2023-5M-28 18:32:53] 76561199176957808: Spawned Entity uWu Grenade (FFY_UWUSound_Grenade<14990010>, -1, 50) at <5132.894531, 76.401154, 8974.357422>
[COT 2023-5M-28 18:32:53] 76561199176957808: Spawned Entity uWu Grenade (FFY_UWUSound_Grenade<1498b9a0>, -1, 50) at <5132.894531, 76.401154, 8974.357422>
[COT 2023-5M-28 18:33:1s] 76561198040010982: Spawned Entity uWu Grenade (FFY_UWUSound_Grenade<149978d0>, -1, 50) at <5167.591797, 72.627243, 9068.675781>
[COT 2023-5M-28 18:33:1s] 76561198040010982: Spawned Entity uWu Grenade (FFY_UWUSound_Grenade<149635a0>, -1, 50) at <5167.591797, 72.627243, 9068.675781>
[COT 2023-5M-28 18:33:2s] 76561198040010982: Spawned Entity uWu Grenade (FFY_UWUSound_Grenade<1495c6f0>, -1, 50) at <5167.591797, 72.627243, 9068.675781>
[COT 2023-5M-28 18:33:2s] 76561198040010982: Spawned Entity uWu Grenade (FFY_UWUSound_Grenade<12924000>, -1, 50) at <5167.591797, 72.627243, 9068.675781>
[COT 2023-5M-28 18:33:2s] 76561198040010982: Spawned Entity uWu Grenade (FFY_UWUSound_Grenade<12925e30>, -1, 50) at <5167.591797, 72.627243, 9068.675781>
[COT 2023-5M-28 18:33:2s] 76561198040010982: Spawned Entity uWu Grenade (FFY_UWUSound_Grenade<1291ef80>, -1, 50) at <5167.591797, 72.627243, 9068.675781>
[COT 2023-5M-28 18:33:2s] 76561198040010982: Spawned Entity uWu Grenade (FFY_UWUSound_Grenade<128f7590>, -1, 50) at <5167.591797, 72.627243, 9068.675781>
[COT 2023-5M-28 18:34:25] 76561198040010982: Teleported to <5194.392090, 75.109642, 8991.086914> [guid=zhJxvJUIQcTeCgEZ3Xhlvc_WjNMgSdId2I-HV3Jo6tA=]
[COT 2023-5M-28 18:36:21] 76561199176957808: Set GodMode To false [guid=-G7h99lSZDcoLDkS_Pf_kTJ_FSRUsnlVGD6gnAZk71c=]
[COT 2023-5M-28 18:36:23] 76561199176957808: Set UnlimitedAmmo To true [guid=-G7h99lSZDcoLDkS_Pf_kTJ_FSRUsnlVGD6gnAZk71c=]
[COT 2023-5M-28 18:36:24] 76561199176957808: Set UnlimitedAmmo To false [guid=-G7h99lSZDcoLDkS_Pf_kTJ_FSRUsnlVGD6gnAZk71c=]
[COT 2023-5M-28 18:36:25] 76561199176957808: Set UnlimitedStamina To true [guid=-G7h99lSZDcoLDkS_Pf_kTJ_FSRUsnlVGD6gnAZk71c=]
[COT 2023-5M-28 18:36:28] 76561199176957808: Healed [guid=-G7h99lSZDcoLDkS_Pf_kTJ_FSRUsnlVGD6gnAZk71c=]
[COT 2023-5M-28 18:36:46] 76561199176957808: Teleported to <5227.866211, 35.481232, 8585.522461> [guid=-G7h99lSZDcoLDkS_Pf_kTJ_FSRUsnlVGD6gnAZk71c=]
[COT 2023-5M-28 18:40:35] 76561199176957808: Spawned Entity 5rd SSG 82 Mag (Mag_SSG82_5rnd<7e59d580>, 1, 100) at <5227.328613, 35.484386, 8588.041992>
[COT 2023-5M-28 18:40:36] 76561199176957808: Spawned Entity 5rd SSG 82 Mag (Mag_SSG82_5rnd<7e5a2200>, 1, 100) at <5227.328613, 35.484386, 8588.041992>
[COT 2023-5M-28 18:43:3s] 76561199176957808: ESP: Viewing ESP
[COT 2023-5M-28 18:44:19] 76561199176957808: Teleported to position <5219.970215, 73.760590, 8998.963867>
[COT 2023-5M-28 18:44:22] 76561199176957808: Teleported to position <5217.482910, 73.943588, 9007.419922>
[COT 2023-5M-28 18:45:26] 76561199176957808: ESP: Viewing ESP
[COT 2023-5M-28 18:45:51] 76561199176957808: Teleported to <5227.999512, 35.480244, 8585.177734> [guid=-G7h99lSZDcoLDkS_Pf_kTJ_FSRUsnlVGD6gnAZk71c=]
[COT 2023-5M-28 18:53:8s] 76561199176957808: Spawned Entity 100 Ruble Note (ItemBase<14839c70>, 500, 100) at <5230.401855, 35.605564, 8587.989258>
[COT 2023-5M-28 18:53:9s] 76561199176957808: Spawned Entity 100 Ruble Note (ItemBase<14836310>, 500, 100) at <5230.401855, 35.605564, 8587.989258>
[COT 2023-5M-28 18:53:9s] 76561199176957808: Spawned Entity 100 Ruble Note (ItemBase<1483a600>, 500, 100) at <5230.401855, 35.605564, 8587.989258>
[COT 2023-5M-28 18:53:9s] 76561199176957808: Spawned Entity 100 Ruble Note (ItemBase<14834ff0>, 500, 100) at <5230.401855, 35.605564, 8587.989258>
[COT 2023-5M-28 18:53:10] 76561199176957808: Spawned Entity 100 Ruble Note (ItemBase<1483f280>, 500, 100) at <5230.401855, 35.605564, 8587.989258>
[COT 2023-5M-28 18:53:10] 76561199176957808: Spawned Entity 100 Ruble Note (ItemBase<1483fc10>, 500, 100) at <5230.401855, 35.605564, 8587.989258>
[COT 2023-5M-28 18:53:11] 76561199176957808: Spawned Entity 100 Ruble Note (ItemBase<14843f00>, 500, 100) at <5230.401855, 35.605564, 8587.989258>
[COT 2023-5M-28 18:53:11] 76561199176957808: Spawned Entity 100 Ruble Note (ItemBase<14845220>, 500, 100) at <5230.401855, 35.605564, 8587.989258>
[COT 2023-5M-28 18:54:35] 76561199176957808: ESP index=0 target=M79:012569 position=<5229.253906, 35.477070, 8586.150391> action=delete
[COT 2023-5M-28 18:54:35] 76561199176957808: ESP index=1 target=SSG82:012571 position=<5229.778809, 35.522091, 8586.080078> action=delete
[COT 2023-5M-28 18:54:35] 76561199176957808: ESP action=delete_all count=2 attempted=2
[COT 2023-5M-28 18:57:22] 76561199176957808: Spawned Entity uWu Grenade (FFY_UWUSound_Grenade<7ea3bed0>, -1, 50) at <5360.086914, 40.345852, 8680.083008>
[COT 2023-5M-28 18:57:22] 76561199176957808: Spawned Entity uWu Grenade (FFY_UWUSound_Grenade<7ea35020>, -1, 50) at <5360.086914, 40.345852, 8680.083008>
[COT 2023-5M-28 18:57:23] 76561199176957808: Spawned Entity uWu Grenade (FFY_UWUSound_Grenade<7ea3c8e0>, -1, 50) at <5360.086914, 40.345852, 8680.083008>
[COT 2023-5M-28 18:57:23] 76561199176957808: Spawned Entity uWu Grenade (FFY_UWUSound_Grenade<7ea35a30>, -1, 50) at <5360.086914, 40.345852, 8680.083008>
[COT 2023-5M-28 19:18:28] 76561199176957808: ESP index=0 target=Scarf_Brown:07442 position=<5199.158691, 32.382545, 8514.261719> action=delete
[COT 2023-5M-28 19:18:28] 76561199176957808: ESP index=1 target=UKAssVest_Khaki:09699 position=<5199.841797, 32.263241, 8514.245117> action=delete
[COT 2023-5M-28 19:18:28] 76561199176957808: ESP index=2 target=Latex_Leggings:05036 position=<5199.158691, 32.205067, 8514.261719> action=delete
[COT 2023-5M-28 19:18:28] 76561199176957808: ESP index=3 target=MSFC_OPS_Core_EarProtection_Black:09621 position=<5199.207031, 32.196018, 8513.901367> action=delete
[COT 2023-5M-28 19:18:28] 76561199176957808: ESP action=delete_all count=4 attempted=4
[COT 2023-5M-28 19:18:42] 76561199176957808: ESP index=0 target=Round_Glasses_Black:012575 position=<5199.158691, 32.220852, 8514.261719> action=delete
[COT 2023-5M-28 19:18:42] 76561199176957808: ESP action=delete_all count=1 attempted=1
[COT 2023-5M-28 19:18:49] 76561199176957808: ESP index=0 target=High_Knee_Sneakers_Black:012573 position=<5199.158691, 32.226894, 8514.261719> action=delete
[COT 2023-5M-28 19:18:49] 76561199176957808: ESP action=delete_all count=1 attempted=1
[COT 2023-5M-28 19:36:15] 76561198040010982: Teleported to <5176.955566, 48.458050, 8110.422363> [guid=zhJxvJUIQcTeCgEZ3Xhlvc_WjNMgSdId2I-HV3Jo6tA=]
[COT 2023-5M-28 19:36:50] 76561198040010982: Teleported [guid=zhJxvJUIQcTeCgEZ3Xhlvc_WjNMgSdId2I-HV3Jo6tA=] to <5156.911133, 48.169292, 8106.068848>
[COT 2023-5M-28 19:36:50] 76561198040010982: Teleported [guid=-G7h99lSZDcoLDkS_Pf_kTJ_FSRUsnlVGD6gnAZk71c=] to <5156.911133, 48.169292, 8106.068848>
[COT 2023-5M-28 19:37:7s] 76561198040010982: Set GodMode To true [guid=8vtfObsTQABYXpVHaEsAuZ5QTEAjCvC2a-AZwd4E5dw=]
[COT 2023-5M-28 19:37:7s] 76561199176957808: Set cannot be targeted by AI to false [guid=zhJxvJUIQcTeCgEZ3Xhlvc_WjNMgSdId2I-HV3Jo6tA=]
[COT 2023-5M-28 19:37:10] 76561198040010982: Set cannot be targeted by AI to true [guid=8vtfObsTQABYXpVHaEsAuZ5QTEAjCvC2a-AZwd4E5dw=]
[COT 2023-5M-28 19:37:25] 76561198040010982: Spawned Entity uWu Grenade (FFY_UWUSound_Grenade<7f1bd440>, -1, 50) at <5155.905762, 48.169640, 8104.015137>
[COT 2023-5M-28 19:37:26] 76561198040010982: Spawned Entity uWu Grenade (FFY_UWUSound_Grenade<7f1bde50>, -1, 50) at <5155.905762, 48.169640, 8104.015137>
[COT 2023-5M-28 19:37:26] 76561198040010982: Spawned Entity uWu Grenade (FFY_UWUSound_Grenade<7f1b6fa0>, -1, 50) at <5155.905762, 48.169640, 8104.015137>
[COT 2023-5M-28 19:39:18] 76561198040010982: Spawned Entity Head Torch (Headtorch_Black<17c5a410>, -1, 25) at <5155.557129, 48.169765, 8103.724609>
[COT 2023-5M-28 19:39:36] 76561198040010982: Spawned Entity Universal Flashlight (UniversalLight<fa24f00>, -1, 70) at <5155.557129, 48.169765, 8103.724609>
[COT 2023-5M-28 19:39:36] 76561198040010982: Spawned Entity Universal Flashlight (UniversalLight<fa24570>, -1, 70) at <5155.557129, 48.169765, 8103.724609>
[COT 2023-5M-28 19:39:36] 76561198040010982: Spawned Entity Universal Flashlight (UniversalLight<fa2de70>, -1, 70) at <5155.557129, 48.169765, 8103.724609>
[COT 2023-5M-28 19:39:50] 76561198040010982: Spawned Entity 9V Battery (Battery9V<fa39420>, 50, 20) at <5155.557129, 48.169765, 8103.724609>
[COT 2023-5M-28 19:39:50] 76561198040010982: Spawned Entity 9V Battery (Battery9V<fa33480>, 50, 20) at <5155.557129, 48.169765, 8103.724609>
[COT 2023-5M-28 19:39:50] 76561198040010982: Spawned Entity 9V Battery (Battery9V<fa37770>, 50, 20) at <5155.557129, 48.169765, 8103.724609>
[COT 2023-5M-28 19:41:32] 76561198040010982: Set the date to 2011/12/15 12:0
[COT 2023-5M-28 19:41:34] 76561198040010982: Set rain to 0.984419 0 0
[COT 2023-5M-28 19:41:34] 76561198040010982: Set storm to 0.969081 0.8 4000
[COT 2023-5M-28 19:41:34] 76561198040010982: Set fog to 0.887445 0 0
[COT 2023-5M-28 19:41:34] 76561198040010982: Set overcast to 0.6202 0 0
[COT 2023-5M-28 19:41:34] 76561198040010982: Set the date to 2011/12/15 12:0
[COT 2023-5M-28 19:41:34] 76561198040010982: Set wind to 13.1083 13.1083 1
[COT 2023-5M-28 19:42:31] 76561198040010982: Teleported 8vtfObsTQABYXpVHaEsAuZ5QTEAjCvC2a-AZwd4E5dw= to (Local | Athena-1, <3801.928223, 156.383835, 8231.098633>)
[COT 2023-5M-28 19:42:45] 76561198040010982: Teleported to <5149.545898, 48.104141, 8103.548340> [guid=zhJxvJUIQcTeCgEZ3Xhlvc_WjNMgSdId2I-HV3Jo6tA=]
[COT 2023-5M-28 19:43:32] 76561198040010982: Spawned Entity Infected (ZmbM_priestPopSkinny_Base<7f1be860>, -1, 100) at <5155.903809, 48.169674, 8104.024902>
[COT 2023-5M-28 19:43:32] 76561198040010982: Spawned Entity Infected (ZmbM_priestPopSkinny_Base<7f1c10a0>, -1, 100) at <5155.903809, 48.169674, 8104.024902>
[COT 2023-5M-28 19:43:32] 76561198040010982: Spawned Entity Infected (ZmbM_priestPopSkinny_Base<7f1c2ed0>, -1, 100) at <5155.655273, 48.305771, 8103.942871>
[COT 2023-5M-28 19:43:32] 76561198040010982: Spawned Entity Infected (ZmbM_priestPopSkinny_Base<7f1c38e0>, -1, 100) at <5155.655273, 48.305771, 8103.942871>
[COT 2023-5M-28 19:43:33] 76561198040010982: Spawned Entity Infected (ZmbM_priestPopSkinny_Base<7f1c42f0>, -1, 100) at <5155.406738, 48.441837, 8103.860840>
[COT 2023-5M-28 19:44:26] 76561199176957808: ESP index=0 target=ZmbM_Santa:0706 position=<5156.281250, 48.209541, 8105.930176> action=delete
[COT 2023-5M-28 19:44:26] 76561199176957808: ESP index=1 target=ZmbM_Santa:0723 position=<5154.424805, 48.170185, 8104.817383> action=delete
[COT 2023-5M-28 19:44:26] 76561199176957808: ESP index=2 target=ZmbM_Santa:0743 position=<5154.881836, 48.170029, 8105.555664> action=delete
[COT 2023-5M-28 19:44:26] 76561199176957808: ESP index=3 target=ZmbM_Santa:0705 position=<5155.097168, 48.209953, 8102.620605> action=delete
[COT 2023-5M-28 19:44:26] 76561199176957808: ESP index=4 target=ZmbM_Santa:0320 position=<5156.212891, 48.209568, 8107.197754> action=delete
[COT 2023-5M-28 19:44:26] 76561199176957808: ESP action=delete_all count=5 attempted=5
[COT 2023-5M-28 19:44:36] 76561198040010982: Teleported zhJxvJUIQcTeCgEZ3Xhlvc_WjNMgSdId2I-HV3Jo6tA= to (Local | Athena-1, <3800.383545, 155.640884, 8233.041992>)
[COT 2023-5M-28 19:44:55] 76561198040010982: Teleported [guid=zhJxvJUIQcTeCgEZ3Xhlvc_WjNMgSdId2I-HV3Jo6tA=] to <5156.010254, 48.169556, 8106.594727>
[COT 2023-5M-28 19:46:33] 76561198040010982: Teleported [guid=-G7h99lSZDcoLDkS_Pf_kTJ_FSRUsnlVGD6gnAZk71c=] to <5155.904297, 48.169601, 8106.058105>
[COT 2023-5M-28 19:46:37] 76561199176957808: Teleported to <5156.128906, 48.169548, 8103.891113> [guid=8vtfObsTQABYXpVHaEsAuZ5QTEAjCvC2a-AZwd4E5dw=]
[COT 2023-5M-28 19:46:40] 76561198040010982: Teleported [guid=-G7h99lSZDcoLDkS_Pf_kTJ_FSRUsnlVGD6gnAZk71c=] to <5156.138184, 48.169544, 8103.894531>
[COT 2023-5M-28 19:46:41] 76561198040010982: Teleported [guid=-G7h99lSZDcoLDkS_Pf_kTJ_FSRUsnlVGD6gnAZk71c=] to <5156.138184, 48.169544, 8103.894531>
[COT 2023-5M-28 19:46:41] 76561198040010982: Teleported [guid=-G7h99lSZDcoLDkS_Pf_kTJ_FSRUsnlVGD6gnAZk71c=] to <5156.138184, 48.169544, 8103.894531>
[COT 2023-5M-28 19:46:42] 76561199176957808: Teleported [guid=-G7h99lSZDcoLDkS_Pf_kTJ_FSRUsnlVGD6gnAZk71c=] to <5155.528809, 48.169777, 8103.669922>
[COT 2023-5M-28 19:46:44] 76561198040010982: Teleported [guid=-G7h99lSZDcoLDkS_Pf_kTJ_FSRUsnlVGD6gnAZk71c=] to <5156.138184, 48.169544, 8103.894531>
[COT 2023-5M-28 19:46:44] 76561198040010982: Teleported [guid=zhJxvJUIQcTeCgEZ3Xhlvc_WjNMgSdId2I-HV3Jo6tA=] to <5156.138184, 48.169544, 8103.894531>
[COT 2023-5M-28 19:46:52] 76561198040010982: Teleported [guid=-G7h99lSZDcoLDkS_Pf_kTJ_FSRUsnlVGD6gnAZk71c=] to <5157.001953, 48.169182, 8108.054199>
[COT 2023-5M-28 19:49:19] 76561198040010982: Healed [guid=zhJxvJUIQcTeCgEZ3Xhlvc_WjNMgSdId2I-HV3Jo6tA=]
[COT 2023-5M-28 19:49:19] 76561198040010982: Healed [guid=zhJxvJUIQcTeCgEZ3Xhlvc_WjNMgSdId2I-HV3Jo6tA=]
[COT 2023-5M-28 19:49:44] 76561198040010982: Spawned Entity Sewing Kit (SewingKit<846bfa40>, 100, 50) at <5155.771973, 48.169651, 8106.112793>
[COT 2023-5M-28 19:50:41] 76561199176957808: Set UnlimitedStamina To true [guid=-G7h99lSZDcoLDkS_Pf_kTJ_FSRUsnlVGD6gnAZk71c=]
[COT 2023-5M-28 19:50:44] 76561199176957808: Set UnlimitedStamina To true [guid=zhJxvJUIQcTeCgEZ3Xhlvc_WjNMgSdId2I-HV3Jo6tA=]
[COT 2023-5M-28 19:50:46] 76561199176957808: Set GodMode To true [guid=zhJxvJUIQcTeCgEZ3Xhlvc_WjNMgSdId2I-HV3Jo6tA=]
[COT 2023-5M-28 19:50:48] 76561199176957808: Set cannot be targeted by AI to true [guid=zhJxvJUIQcTeCgEZ3Xhlvc_WjNMgSdId2I-HV3Jo6tA=]
[COT 2023-5M-28 19:50:50] 76561199176957808: Set UnlimitedAmmo To true [guid=zhJxvJUIQcTeCgEZ3Xhlvc_WjNMgSdId2I-HV3Jo6tA=]
[COT 2023-5M-28 19:51:26] 76561198040010982: Spawned Entity Leather Sewing Kit (LeatherSewingKit<dddb640>, 100, 100) at <5155.628418, 48.169704, 8105.378906>
[COT 2023-5M-28 19:51:26] 76561198040010982: Spawned Entity Leather Sewing Kit (LeatherSewingKit<dddbfd0>, 100, 100) at <5155.628418, 48.169704, 8105.378906>
[COT 2023-5M-28 19:51:45] 76561198040010982: Spawned Entity Hiking Boots (HikingBoots_Brown<16b799d0>, -1, 140) at <5155.875000, 48.169682, 8105.090820>
[COT 2023-5M-28 19:51:45] 76561198040010982: Spawned Entity Hiking Boots (HikingBoots_Brown<16b7c010>, -1, 140) at <5155.875000, 48.169682, 8105.090820>
[COT 2023-5M-28 19:51:46] 76561198040010982: Spawned Entity Hiking Boots (HikingBoots_Brown<16b77d20>, -1, 140) at <5155.875000, 48.169682, 8105.090820>
[COT 2023-5M-28 19:53:6s] 76561199176957808: ESP index=0 target=SurvivorM_Mirek:07 position=<5157.556152, 48.169109, 8104.768066> action=delete
[COT 2023-5M-28 19:53:6s] 76561199176957808: ESP index=1 target=SurvivorM_Taiki:08 position=<5155.528809, 48.169777, 8103.669922> action=delete
[COT 2023-5M-28 19:53:6s] 76561199176957808: ESP action=delete_all count=2 attempted=2
[COT 2023-5M-28 19:53:31] 76561199176957808: ESP index=0 target=CanvasPants_Beige:04470 position=<5156.558105, 48.340168, 8103.577637> action=delete
[COT 2023-5M-28 19:53:31] 76561199176957808: ESP index=1 target=AthleticShoes_Blue:05015 position=<5155.628418, 48.131054, 8105.599609> action=delete
[COT 2023-5M-28 19:53:31] 76561199176957808: ESP index=2 target=Shirt_GreenCheck:04922 position=<5155.771973, 48.131908, 8106.112793> action=delete
[COT 2023-5M-28 19:53:31] 76561199176957808: ESP index=3 target=AthleticShoes_Green:013149 position=<5157.052246, 48.130562, 8104.291016> action=delete
[COT 2023-5M-28 19:53:31] 76561199176957808: ESP index=4 target=Military_Sweater_Red:08486 position=<5155.982910, 48.138535, 8102.947266> action=delete
[COT 2023-5M-28 19:53:31] 76561199176957808: ESP index=5 target=Headtorch_Black:07228 position=<5155.557129, 48.171864, 8103.724609> action=delete
[COT 2023-5M-28 19:53:31] 76561199176957808: ESP index=6 target=HikingBoots_Brown:013242 position=<5155.042480, 48.131264, 8103.765625> action=delete
[COT 2023-5M-28 19:53:31] 76561199176957808: ESP index=7 target=HikingBoots_Brown:013243 position=<5155.875000, 48.170963, 8105.090820> action=delete
[COT 2023-5M-28 19:53:31] 76561199176957808: ESP index=8 target=MSFC_Velcro_Patch_US:08833 position=<5156.949707, 48.132965, 8106.510742> action=delete
[COT 2023-5M-28 19:53:31] 76561199176957808: ESP action=delete_all count=9 attempted=9
[COT 2023-5M-28 19:53:34] 76561199176957808: ESP index=0 target=Shirt_PlaneBlack:012045 position=<5157.052246, 48.131466, 8104.291016> action=delete
[COT 2023-5M-28 19:53:34] 76561199176957808: ESP index=1 target=HikingBoots_Brown:013241 position=<5155.875000, 48.170963, 8105.090820> action=delete
[COT 2023-5M-28 19:53:34] 76561199176957808: ESP action=delete_all count=2 attempted=2
[COT 2023-5M-28 19:53:36] 76561199176957808: ESP index=0 target=CanvasPants_Blue:013148 position=<5157.052246, 48.112259, 8104.291016> action=delete
[COT 2023-5M-28 19:53:36] 76561199176957808: ESP action=delete_all count=1 attempted=1
[COT 2023-5M-28 19:53:40] 76561198040010982: Teleported 8vtfObsTQABYXpVHaEsAuZ5QTEAjCvC2a-AZwd4E5dw= to (Local | Athena-1, <3798.614014, 155.418488, 8230.458984>)
[COT 2023-5M-28 19:53:59] 76561198040010982: Teleported to <5157.405762, 48.169056, 8105.085449> [guid=zhJxvJUIQcTeCgEZ3Xhlvc_WjNMgSdId2I-HV3Jo6tA=]
[COT 2023-5M-28 19:55:51] 76561199176957808: Set GodMode To false [guid=zhJxvJUIQcTeCgEZ3Xhlvc_WjNMgSdId2I-HV3Jo6tA=]
[COT 2023-5M-28 19:55:56] 76561198040010982: Set GodMode To false [guid=8vtfObsTQABYXpVHaEsAuZ5QTEAjCvC2a-AZwd4E5dw=]
[COT 2023-5M-28 19:55:56] 76561198040010982: Set cannot be targeted by AI to false [guid=8vtfObsTQABYXpVHaEsAuZ5QTEAjCvC2a-AZwd4E5dw=]
[COT 2023-5M-28 20:4m:32] 76561199176957808: Dried [guid=zhJxvJUIQcTeCgEZ3Xhlvc_WjNMgSdId2I-HV3Jo6tA=]
[COT 2023-5M-28 20:4m:33] 76561199176957808: Dried [guid=zhJxvJUIQcTeCgEZ3Xhlvc_WjNMgSdId2I-HV3Jo6tA=]
[COT 2023-5M-28 20:4m:34] 76561199176957808: Dried [guid=zhJxvJUIQcTeCgEZ3Xhlvc_WjNMgSdId2I-HV3Jo6tA=]
[COT 2023-5M-28 20:4m:35] 76561199176957808: Bleeding stopped [guid=zhJxvJUIQcTeCgEZ3Xhlvc_WjNMgSdId2I-HV3Jo6tA=]
[COT 2023-5M-28 20:4m:36] 76561199176957808: Healed [guid=zhJxvJUIQcTeCgEZ3Xhlvc_WjNMgSdId2I-HV3Jo6tA=]
[COT 2023-5M-28 20:10:46] 76561199176957808: Healed [guid=-G7h99lSZDcoLDkS_Pf_kTJ_FSRUsnlVGD6gnAZk71c=]
