[COT 2023-05-29 23:01:12] 76561198040010982: Entered the Free Camera
[COT 2023-05-29 23:01:26] 76561198040010982: Left the Free Camera
[COT 2023-05-29 23:12:16] 76561198040010982: Spawned Entity CheyTac M300 Black (SNAFU_M300BK<571f54a0>, -1, 300) at <1221.969482, 2.012444, 11841.847656>
[COT 2023-05-29 23:12:32] 76561198040010982: Spawned Entity M300 Mag (SNAFU_M300Mag<54e2a560>, 1, 100) at <1220.920654, 2.012420, 11839.998047>
[COT 2023-05-29 23:12:32] 76561198040010982: Spawned Entity M300 Mag (SNAFU_M300Mag<54e31400>, 1, 100) at <1220.920654, 2.012420, 11839.998047>
[COT 2023-05-29 23:12:32] 76561198040010982: Spawned Entity M300 Mag (SNAFU_M300Mag<54e31f10>, 1, 100) at <1220.920654, 2.012420, 11839.998047>
[COT 2023-05-29 23:12:32] 76561198040010982: Spawned Entity M300 Mag (SNAFU_M300Mag<54e32a20>, 1, 100) at <1220.920654, 2.012420, 11839.998047>
[COT 2023-05-29 23:17:38] 76561198040010982: Teleported to <5694.084961, 21.122921, 10029.221680> [guid=QOVCOk5flZ8LlxY_vIXEUxFpj4R6rL-wr-TF8_b4xZo=]
[COT 2023-05-29 23:18:42] 76561198040010982: ESP: Viewing ESP
[COT 2023-05-29 23:21:09] 76561198040010982: Healed [guid=8vtfObsTQABYXpVHaEsAuZ5QTEAjCvC2a-AZwd4E5dw=]
[COT 2023-05-29 23:21:09] 76561198040010982: Healed [guid=8vtfObsTQABYXpVHaEsAuZ5QTEAjCvC2a-AZwd4E5dw=]
[COT 2023-05-29 23:32:11] 76561199176957808: Healed [guid=zhJxvJUIQcTeCgEZ3Xhlvc_WjNMgSdId2I-HV3Jo6tA=]
[COT 2023-05-29 23:32:28] 76561199176957808: Set UnlimitedStamina To true [guid=zhJxvJUIQcTeCgEZ3Xhlvc_WjNMgSdId2I-HV3Jo6tA=]
[COT 2023-05-29 23:32:28] 76561199176957808: Set UnlimitedAmmo To true [guid=zhJxvJUIQcTeCgEZ3Xhlvc_WjNMgSdId2I-HV3Jo6tA=]
[COT 2023-05-29 23:32:30] 76561199176957808: Set GodMode To true [guid=zhJxvJUIQcTeCgEZ3Xhlvc_WjNMgSdId2I-HV3Jo6tA=]
[COT 2023-05-29 23:32:40] 76561199176957808: ESP: Viewing ESP
[COT 2023-05-29 23:32:49] 76561199176957808: ESP: Viewing ESP
[COT 2023-05-29 23:32:51] 76561199176957808: ESP: Clearing ESP
[COT 2023-05-29 23:32:55] 76561199176957808: ESP: ESP updating
[COT 2023-05-29 23:36:33] 76561198040010982: Teleported to <8586.384766, 14.821806, 10533.294922> [guid=zhJxvJUIQcTeCgEZ3Xhlvc_WjNMgSdId2I-HV3Jo6tA=]
[COT 2023-05-29 23:38:59] 76561198040010982: Spawned Entity M72 LAW Warhead (Ammunition_Base<eec3c650>, 1, 100) at <8598.819336, 14.732461, 10529.705078>
[COT 2023-05-29 23:38:59] 76561198040010982: Spawned Entity M72 LAW Warhead (Ammunition_Base<eec383f0>, 1, 100) at <8598.819336, 14.732461, 10529.705078>
[COT 2023-05-29 23:39:01] 76561198040010982: Spawned Entity M72 LAW (ExpansionLAW<e9f13ab0>, -1, 100) at <8598.819336, 14.732461, 10529.705078>
[COT 2023-05-29 23:41:07] 76561198040010982: ESP: Clearing ESP
[COT 2023-05-29 23:43:45] 76561198040010982: Spawned Entity 9V Battery (Battery9V<e76ac4d0>, 50, 20) at <8124.047852, 16.087124, 10474.793945>
[COT 2023-05-29 23:43:45] 76561198040010982: Spawned Entity 9V Battery (Battery9V<e76ba210>, 50, 20) at <8124.047852, 16.087124, 10474.793945>
[COT 2023-05-29 23:43:45] 76561198040010982: Spawned Entity 9V Battery (Battery9V<e76b3e80>, 50, 20) at <8124.047852, 16.087124, 10474.793945>
[COT 2023-05-29 23:43:45] 76561198040010982: Spawned Entity 9V Battery (Battery9V<e76b4990>, 50, 20) at <8124.047852, 16.087124, 10474.793945>
[COT 2023-05-29 23:43:45] 76561198040010982: Spawned Entity 9V Battery (Battery9V<e76b5fb0>, 50, 20) at <8124.047852, 16.087124, 10474.793945>
[COT 2023-05-29 23:43:45] 76561198040010982: Spawned Entity 9V Battery (Battery9V<e76c10b0>, 50, 20) at <8124.047852, 16.087124, 10474.793945>
[COT 2023-05-29 23:51:47] 76561198040010982: Healed [guid=8vtfObsTQABYXpVHaEsAuZ5QTEAjCvC2a-AZwd4E5dw=]
[COT 2023-05-29 23:51:47] 76561198040010982: Healed [guid=8vtfObsTQABYXpVHaEsAuZ5QTEAjCvC2a-AZwd4E5dw=]
[COT 2023-05-29 23:52:47] 76561198040010982: Spawned Entity AR15 SPR 60RND Mag (SNAFUAR15_SPR_60RND_Mag<d4806b90>, 1, 100) at <7214.040527, 16.182941, 10816.917969>
[COT 2023-05-29 23:52:47] 76561198040010982: Spawned Entity AR15 SPR 60RND Mag (SNAFUAR15_SPR_60RND_Mag<d4801310>, 1, 100) at <7214.040527, 16.182941, 10816.917969>
[COT 2023-05-29 23:52:48] 76561198040010982: Spawned Entity AR15 SPR 60RND Mag (SNAFUAR15_SPR_60RND_Mag<d4804a60>, 1, 100) at <7214.040527, 16.182941, 10816.917969>
[COT 2023-05-29 23:52:48] 76561198040010982: Spawned Entity AR15 SPR 60RND Mag (SNAFUAR15_SPR_60RND_Mag<d4802930>, 1, 100) at <7214.040527, 16.182941, 10816.917969>
[COT 2023-05-29 23:53:58] 76561198040010982: Spawned Entity Night Vision Goggles (NVGoggles<ea231d40>, -1, 250) at <7025.974609, 15.351950, 10951.045898>
[COT 2023-05-29 23:53:58] 76561198040010982: Spawned Entity Night Vision Goggles (NVGoggles<ea2379c0>, -1, 250) at <7025.974609, 15.351950, 10951.045898>
[COT 2023-05-29 23:54:07] 76561198930893538: Set GodMode To true [guid=QOVCOk5flZ8LlxY_vIXEUxFpj4R6rL-wr-TF8_b4xZo=]
[COT 2023-05-29 23:54:11] 76561198930893538: Teleported [guid=QjlZXS0Ark29Vwx4GPzro34d4Mh-vfgK6BY62FOJWUg=] to <7102.936035, 17.881342, 10698.593750>
[COT 2023-05-29 23:54:14] 76561198930893538: Set GodMode To false [guid=QOVCOk5flZ8LlxY_vIXEUxFpj4R6rL-wr-TF8_b4xZo=]
[COT 2023-05-29 23:56:27] 76561198040010982: Spawned Entity Fireworks Launcher (FireworksLauncher<ccf23600>, -1, 30) at <6921.070801, 15.477306, 11234.451172>
[COT 2023-05-29 23:56:27] 76561198040010982: Spawned Entity Fireworks Launcher (FireworksLauncher<ccf24110>, -1, 30) at <6921.070801, 15.477306, 11234.451172>
[COT 2023-05-30 00:02:05] 76561199176957808: ESP: Viewing ESP
[COT 2023-05-30 00:02:09] 76561199176957808: ESP: Viewing ESP
[COT 2023-05-30 00:02:12] 76561199176957808: ESP: Clearing ESP
[COT 2023-05-30 00:02:17] 76561199176957808: ESP: Viewing ESP
[COT 2023-05-30 00:02:30] 76561199176957808: ESP: Viewing ESP
[COT 2023-05-30 00:02:33] 76561199176957808: ESP: Clearing ESP
[COT 2023-05-30 00:02:36] 76561199176957808: ESP: ESP updating
[COT 2023-05-30 00:13:12] 76561198401795791: Entered the Free Camera
[COT 2023-05-30 00:13:18] 76561198401795791: Left the Free Camera
[COT 2023-05-30 00:13:34] 76561198401795791: Healed [guid=QjlZXS0Ark29Vwx4GPzro34d4Mh-vfgK6BY62FOJWUg=]
[COT 2023-05-30 00:13:46] 76561199176957808: Dried [guid=zhJxvJUIQcTeCgEZ3Xhlvc_WjNMgSdId2I-HV3Jo6tA=]
[COT 2023-05-30 00:13:47] 76561198401795791: Entered the Free Camera
[COT 2023-05-30 00:13:48] 76561199176957808: Dried [guid=zhJxvJUIQcTeCgEZ3Xhlvc_WjNMgSdId2I-HV3Jo6tA=]
[COT 2023-05-30 00:13:48] 76561199176957808: Dried [guid=zhJxvJUIQcTeCgEZ3Xhlvc_WjNMgSdId2I-HV3Jo6tA=]
[COT 2023-05-30 00:13:48] 76561199176957808: Dried [guid=zhJxvJUIQcTeCgEZ3Xhlvc_WjNMgSdId2I-HV3Jo6tA=]
[COT 2023-05-30 00:13:49] 76561199176957808: Healed [guid=zhJxvJUIQcTeCgEZ3Xhlvc_WjNMgSdId2I-HV3Jo6tA=]
[COT 2023-05-30 00:14:29] 76561198401795791: Left the Free Camera
[COT 2023-05-30 00:14:37] 76561198401795791: Set GodMode To true [guid=QjlZXS0Ark29Vwx4GPzro34d4Mh-vfgK6BY62FOJWUg=]
[COT 2023-05-30 00:14:38] 76561198401795791: Set cannot be targeted by AI to true [guid=QjlZXS0Ark29Vwx4GPzro34d4Mh-vfgK6BY62FOJWUg=]
[COT 2023-05-30 00:14:39] 76561198401795791: Set UnlimitedStamina To true [guid=QjlZXS0Ark29Vwx4GPzro34d4Mh-vfgK6BY62FOJWUg=]
[COT 2023-05-30 00:14:39] 76561198401795791: Set UnlimitedAmmo To true [guid=QjlZXS0Ark29Vwx4GPzro34d4Mh-vfgK6BY62FOJWUg=]
[COT 2023-05-30 00:15:15] 76561198401795791: Spawned Entity Helicopter Battery (ExpansionHelicopterBattery<e98b8570>, 50, 100) at <5738.036133, 21.932444, 9883.380859>
[COT 2023-05-30 00:15:24] 76561198401795791: Spawned Entity Hydraulic Hoses (ItemBase<e98bddf0>, -1, 80) at <5738.036133, 21.932444, 9883.380859>
[COT 2023-05-30 00:15:55] 76561198401795791: Repaired Transport [guid=QjlZXS0Ark29Vwx4GPzro34d4Mh-vfgK6BY62FOJWUg=]
[COT 2023-05-30 00:18:51] 76561199176957808: ESP: Clearing ESP
[COT 2023-05-30 00:19:01] 76561199176957808: ESP: ESP updating
[COT 2023-05-30 00:19:49] 76561198401795791: Spawned Entity Keys (ExpansionCarKey<edb2bc70>, -1, 100) at <5529.852051, 117.471558, 8203.648438>
[COT 2023-05-30 00:20:17] 76561198401795791: Spawned Entity Keychain (ItemBase<edb3c5f0>, -1, 100) at <5528.502930, 117.458664, 8203.629883>
[COT 2023-05-30 00:20:57] 76561198401795791: Spawned Entity Camo Net (CamoNet<edb3bae0>, -1, 120) at <5530.624512, 117.475243, 8204.427734>
[COT 2023-05-30 00:21:06] 76561199176957808: ESP: Clearing ESP
[COT 2023-05-30 00:21:11] 76561199176957808: ESP: ESP updating
[COT 2023-05-30 00:21:12] 76561199176957808: ESP: Clearing ESP
[COT 2023-05-30 00:23:16] 76561199176957808: ESP: Viewing ESP
[COT 2023-05-30 00:25:34] 76561199176957808: Set GodMode To false [guid=zhJxvJUIQcTeCgEZ3Xhlvc_WjNMgSdId2I-HV3Jo6tA=]
[COT 2023-05-30 00:29:42] 76561199176957808: Teleported to position <3042.112061, 2.000000, 12214.377930>
[COT 2023-05-30 00:29:46] 76561199176957808: Teleported to position <2394.237061, 2.000000, 12775.932617>
[COT 2023-05-30 00:44:23] 76561199176957808: Teleported to position <8575.353516, 14.786338, 10488.729492>
[COT 2023-05-30 00:44:26] 76561199176957808: Teleported to position <8595.457031, 14.738595, 10474.171875>
