[COT 2023-5M-27 12:19:50] 76561199176957808: Set UnlimitedAmmo To true [guid=zhJxvJUIQcTeCgEZ3Xhlvc_WjNMgSdId2I-HV3Jo6tA=]
[COT 2023-5M-27 12:19:52] 76561199176957808: Set UnlimitedStamina To true [guid=zhJxvJUIQcTeCgEZ3Xhlvc_WjNMgSdId2I-HV3Jo6tA=]
[COT 2023-5M-27 12:19:52] 76561199176957808: Set cannot be targeted by AI to true [guid=zhJxvJUIQcTeCgEZ3Xhlvc_WjNMgSdId2I-HV3Jo6tA=]
[COT 2023-5M-27 12:19:54] 76561199176957808: Set cannot be targeted by AI to true [guid=zhJxvJUIQcTeCgEZ3Xhlvc_WjNMgSdId2I-HV3Jo6tA=]
[COT 2023-5M-27 12:21:34] 76561199176957808: Spawned Entity Tactical Helmet (Mich2001Helmet<f5bd3a40>, -1, 80) at <5218.694336, 31.133799, 8578.778320>
[COT 2023-5M-27 12:22:7s] 76561199176957808: Spawned Entity Night Vision Goggles (NVGoggles<f40da160>, -1, 250) at <5218.694336, 31.133799, 8578.778320>
[COT 2023-5M-27 12:22:22] 76561199176957808: Spawned Entity Pictiney Light (SNAFUUniversalLight<f5be0ca0>, -1, 200) at <5218.694336, 31.133799, 8578.778320>
[COT 2023-5M-27 12:22:31] 76561199176957808: Spawned Entity 9V Battery (Battery9V<f5be5920>, 50, 20) at <5218.694336, 31.133799, 8578.778320>
[COT 2023-5M-27 12:22:31] 76561199176957808: Spawned Entity 9V Battery (Battery9V<f5be4600>, 50, 20) at <5218.694336, 31.133799, 8578.778320>
[COT 2023-5M-27 12:23:53] 76561199176957808: Spawned Entity Universal Flashlight (UniversalLight<f84b8e10>, -1, 70) at <5217.740723, 31.204809, 8577.442383>
[COT 2023-5M-27 12:24:43] 76561199176957808: Set cannot be targeted by AI to false [guid=zhJxvJUIQcTeCgEZ3Xhlvc_WjNMgSdId2I-HV3Jo6tA=]
[COT 2023-5M-27 12:25:13] 76561199176957808: ESP: Viewing ESP
[COT 2023-5M-27 12:25:15] 76561199176957808: ESP: Clearing ESP
[COT 2023-5M-27 12:25:16] 76561199176957808: ESP: Viewing ESP
[COT 2023-5M-27 12:26:50] 76561198401795791: Set GodMode To true [guid=QjlZXS0Ark29Vwx4GPzro34d4Mh-vfgK6BY62FOJWUg=]
[COT 2023-5M-27 12:26:52] 76561198401795791: Set cannot be targeted by AI to true [guid=QjlZXS0Ark29Vwx4GPzro34d4Mh-vfgK6BY62FOJWUg=]
[COT 2023-5M-27 12:26:52] 76561198401795791: Set UnlimitedStamina To true [guid=QjlZXS0Ark29Vwx4GPzro34d4Mh-vfgK6BY62FOJWUg=]
[COT 2023-5M-27 12:26:53] 76561198401795791: Set UnlimitedAmmo To true [guid=QjlZXS0Ark29Vwx4GPzro34d4Mh-vfgK6BY62FOJWUg=]
[COT 2023-5M-27 12:26:57] 76561198401795791: Set Energy To 5000 [guid=QjlZXS0Ark29Vwx4GPzro34d4Mh-vfgK6BY62FOJWUg=]
[COT 2023-5M-27 12:26:57] 76561198401795791: Set Water To 5000 [guid=QjlZXS0Ark29Vwx4GPzro34d4Mh-vfgK6BY62FOJWUg=]
[COT 2023-5M-27 12:27:0s] 76561199176957808: Set GodMode To true [guid=zhJxvJUIQcTeCgEZ3Xhlvc_WjNMgSdId2I-HV3Jo6tA=]
[COT 2023-5M-27 12:27:2s] 76561199176957808: Healed [guid=zhJxvJUIQcTeCgEZ3Xhlvc_WjNMgSdId2I-HV3Jo6tA=]
[COT 2023-5M-27 12:27:7s] 76561198401795791: Teleported to <5162.539551, 55.635571, 8748.738281> [guid=zhJxvJUIQcTeCgEZ3Xhlvc_WjNMgSdId2I-HV3Jo6tA=]
[COT 2023-5M-27 12:29:19] 76561198401795791: ESP: ESP updating
[COT 2023-5M-27 12:34:33] 76561198401795791: ESP target=BarrelHoles_Red:06675 position=<5198.691406, 32.193253, 8517.860352> action=delete
[COT 2023-5M-27 12:34:36] 76561198401795791: ESP target=BarrelHoles_Red:06070 position=<5198.691406, 32.193253, 8517.860352> action=delete
[COT 2023-5M-27 12:34:39] 76561198401795791: ESP target=BarrelHoles_Red:05934 position=<5198.691406, 32.193253, 8517.860352> action=delete
[COT 2023-5M-27 12:34:42] 76561198401795791: ESP target=BarrelHoles_Red:04177 position=<5198.691406, 32.193253, 8517.860352> action=delete
[COT 2023-5M-27 12:34:44] 76561198401795791: ESP target=BarrelHoles_Red:04155 position=<5198.691406, 32.193253, 8517.860352> action=delete
[COT 2023-5M-27 12:35:47] 76561198401795791: Spawned Entity Firewood (Firewood<f9990450>, 1, 500) at <5200.341797, 32.235031, 8516.799805>
[COT 2023-5M-27 12:35:48] 76561198401795791: Spawned Entity Firewood (Firewood<f9994740>, 1, 500) at <5200.341797, 32.235031, 8516.799805>
[COT 2023-5M-27 12:35:48] 76561198401795791: Spawned Entity Firewood (Firewood<f9990de0>, 1, 500) at <5200.341797, 32.235031, 8516.799805>
[COT 2023-5M-27 12:35:48] 76561198401795791: Spawned Entity Firewood (Firewood<f998de10>, 1, 500) at <5200.341797, 32.235031, 8516.799805>
[COT 2023-5M-27 12:35:48] 76561198401795791: Spawned Entity Firewood (Firewood<f9998a30>, 1, 500) at <5200.341797, 32.235031, 8516.799805>
[COT 2023-5M-27 12:35:48] 76561198401795791: Spawned Entity Firewood (Firewood<f99993c0>, 1, 500) at <5200.341797, 32.235031, 8516.799805>
[COT 2023-5M-27 12:36:24] 76561198401795791: Spawned Entity Firewood (Firewood<f9972630>, 1, 500) at <5200.115723, 32.238533, 8517.423828>
[COT 2023-5M-27 12:36:40] 76561198401795791: Spawned Entity Bandage (BandageDressing<f997bf30>, 4, 50) at <5200.115723, 32.238533, 8517.423828>
[COT 2023-5M-27 12:39:11] 76561198401795791: Spawned Entity Armband (Armband_ColorBase<fa2047d0>, -1, 100) at <5200.256836, 32.238373, 8517.308594>
[COT 2023-5M-27 12:39:12] 76561198401795791: Spawned Entity Armband (Armband_ColorBase<fa202190>, -1, 100) at <5200.256836, 32.238373, 8517.308594>
[COT 2023-5M-27 12:40:44] 76561198401795791: Spawned Entity LEHS Mk3 Helmet (dzn_lehs_helmet<eda75cc0>, -1, 220) at <5200.911133, 32.238861, 8517.673828>
[COT 2023-5M-27 12:40:49] 76561198401795791: Set the date to 2011/12/12 12:0
[COT 2023-5M-27 12:44:12] 76561199176957808: ESP: Clearing ESP
[COT 2023-5M-27 12:44:12] 76561199176957808: ESP: Viewing ESP
[COT 2023-5M-27 12:45:17] 76561198401795791: Spawned Entity Tactical Waist Pack (Msp_WaistPack_Base<8f5c49b0>, -1, 100) at <5238.793457, 35.053516, 8431.810547>
[COT 2023-5M-27 12:47:6s] 76561198401795791: ESP target=Lard:012088 position=<5238.804688, 35.026402, 8432.060547> action=delete
[COT 2023-5M-27 12:47:9s] 76561198401795791: ESP target=Lard:04640 position=<5243.700684, 35.846642, 8433.364258> action=delete
[COT 2023-5M-27 12:47:13] 76561198401795791: ESP target=Guts:05349 position=<5250.322266, 33.578259, 8455.087891> action=delete
[COT 2023-5M-27 12:47:16] 76561198401795791: ESP target=Guts:012087 position=<5237.187012, 32.805244, 8473.574219> action=delete
[COT 2023-5M-27 12:47:19] 76561198401795791: ESP target=Guts:05284 position=<5223.161133, 33.110725, 8475.016602> action=delete
[COT 2023-5M-27 12:47:22] 76561198401795791: ESP target=Guts:012086 position=<5223.073242, 32.771870, 8480.041016> action=delete
[COT 2023-5M-27 12:49:55] 76561198401795791: ESP target=GCGN_HK416_Mag:012004 position=<5242.737793, 74.828476, 8332.443359> action=delete
[COT 2023-5M-27 12:49:58] 76561198401795791: ESP target=GCGN_HK416_Mag:010811 position=<5242.737793, 74.833435, 8332.443359> action=delete
[COT 2023-5M-27 12:50:0s] 76561198401795791: ESP target=GCGN_HK416_Mag:06071 position=<5242.737793, 74.833435, 8332.443359> action=delete
[COT 2023-5M-27 12:50:3s] 76561198401795791: ESP target=GCGN_HK416_Mag:012011 position=<5242.737793, 74.828476, 8332.443359> action=delete
[COT 2023-5M-27 12:50:5s] 76561198401795791: ESP target=GCGN_HK416_Mag:08656 position=<5242.737793, 74.828476, 8332.443359> action=delete
[COT 2023-5M-27 12:50:21] 76561199176957808: Spawned Entity Snafu Scar-H 100rnd drum mag Black (SNAFU_ScarH_100RND_Mag_Black<900eda10>, 1, 100) at <5240.222168, 74.776413, 8332.872070>
[COT 2023-5M-27 12:50:22] 76561199176957808: Spawned Entity Snafu Scar-H 100rnd drum mag Black (SNAFU_ScarH_100RND_Mag_Black<900ff8f0>, 1, 100) at <5240.222168, 74.776413, 8332.872070>
[COT 2023-5M-27 12:50:22] 76561199176957808: Spawned Entity Snafu Scar-H 100rnd drum mag Black (SNAFU_ScarH_100RND_Mag_Black<90100280>, 1, 100) at <5240.222168, 74.776413, 8332.872070>
[COT 2023-5M-27 12:50:22] 76561199176957808: Spawned Entity Snafu Scar-H 100rnd drum mag Black (SNAFU_ScarH_100RND_Mag_Black<900fb600>, 1, 100) at <5240.222168, 74.776413, 8332.872070>
[COT 2023-5M-27 12:51:17] 76561198401795791: Set GodMode To true [guid=zhJxvJUIQcTeCgEZ3Xhlvc_WjNMgSdId2I-HV3Jo6tA=]
[COT 2023-5M-27 12:51:21] 76561198401795791: Set GodMode To true [guid=QjlZXS0Ark29Vwx4GPzro34d4Mh-vfgK6BY62FOJWUg=]
[COT 2023-5M-27 12:51:24] 76561199176957808: Set cannot be targeted by AI to true [guid=zhJxvJUIQcTeCgEZ3Xhlvc_WjNMgSdId2I-HV3Jo6tA=]
[COT 2023-5M-27 12:51:25] 76561198401795791: Healed [guid=QjlZXS0Ark29Vwx4GPzro34d4Mh-vfgK6BY62FOJWUg=]
[COT 2023-5M-27 12:56:2s] 76561198401795791: Entered the Free Camera
[COT 2023-5M-27 12:56:19] 76561198401795791: Left the Free Camera
[COT 2023-5M-27 12:56:30] 76561199176957808: Teleported to <4191.525879, 188.013901, 8877.931641> [guid=QjlZXS0Ark29Vwx4GPzro34d4Mh-vfgK6BY62FOJWUg=]
[COT 2023-5M-27 12:57:21] 76561199176957808: ESP: Clearing ESP
[COT 2023-5M-27 12:57:21] 76561199176957808: ESP: Viewing ESP
[COT 2023-5M-27 12:57:32] 76561198401795791: Entered the Free Camera
[COT 2023-5M-27 12:58:8s] 76561198401795791: Left the Free Camera
[COT 2023-5M-27 12:58:12] 76561199176957808: Teleported to <3192.340332, 117.107285, 7532.368652> [guid=QjlZXS0Ark29Vwx4GPzro34d4Mh-vfgK6BY62FOJWUg=]
[COT 2023-5M-27 12:58:14] 76561198401795791: Teleported [guid=zhJxvJUIQcTeCgEZ3Xhlvc_WjNMgSdId2I-HV3Jo6tA=] to <3192.340332, 117.107285, 7532.368652>
[COT 2023-5M-27 12:58:17] 76561199176957808: ESP: Clearing ESP
[COT 2023-5M-27 12:58:17] 76561199176957808: ESP: Viewing ESP
[COT 2023-5M-27 13:2m:7s] 76561198401795791: Set GodMode To true [guid=QjlZXS0Ark29Vwx4GPzro34d4Mh-vfgK6BY62FOJWUg=]
[COT 2023-5M-27 13:2m:8s] 76561198401795791: Set cannot be targeted by AI to true [guid=QjlZXS0Ark29Vwx4GPzro34d4Mh-vfgK6BY62FOJWUg=]
[COT 2023-5M-27 13:2m:8s] 76561198401795791: Set UnlimitedStamina To true [guid=QjlZXS0Ark29Vwx4GPzro34d4Mh-vfgK6BY62FOJWUg=]
[COT 2023-5M-27 13:2m:9s] 76561198401795791: Set UnlimitedAmmo To true [guid=QjlZXS0Ark29Vwx4GPzro34d4Mh-vfgK6BY62FOJWUg=]
[COT 2023-5M-27 13:2m:42] 76561199176957808: ESP: Clearing ESP
[COT 2023-5M-27 13:2m:43] 76561199176957808: ESP: Viewing ESP
