[COT 2023-5M-27 13:18:59] 76561199176957808: Set GodMode To true [guid=zhJxvJUIQcTeCgEZ3Xhlvc_WjNMgSdId2I-HV3Jo6tA=]
[COT 2023-5M-27 13:19:1s] 76561199176957808: Set cannot be targeted by AI to true [guid=zhJxvJUIQcTeCgEZ3Xhlvc_WjNMgSdId2I-HV3Jo6tA=]
[COT 2023-5M-27 13:19:1s] 76561199176957808: Set UnlimitedStamina To true [guid=zhJxvJUIQcTeCgEZ3Xhlvc_WjNMgSdId2I-HV3Jo6tA=]
[COT 2023-5M-27 13:19:2s] 76561199176957808: Set UnlimitedAmmo To true [guid=zhJxvJUIQcTeCgEZ3Xhlvc_WjNMgSdId2I-HV3Jo6tA=]
[COT 2023-5M-27 13:19:8s] 76561198401795791: Set GodMode To true [guid=QjlZXS0Ark29Vwx4GPzro34d4Mh-vfgK6BY62FOJWUg=]
[COT 2023-5M-27 13:19:9s] 76561198401795791: Set cannot be targeted by AI to true [guid=QjlZXS0Ark29Vwx4GPzro34d4Mh-vfgK6BY62FOJWUg=]
[COT 2023-5M-27 13:19:9s] 76561198401795791: Set UnlimitedStamina To true [guid=QjlZXS0Ark29Vwx4GPzro34d4Mh-vfgK6BY62FOJWUg=]
[COT 2023-5M-27 13:19:10] 76561198401795791: Set UnlimitedAmmo To true [guid=QjlZXS0Ark29Vwx4GPzro34d4Mh-vfgK6BY62FOJWUg=]
[COT 2023-5M-27 13:20:38] 76561198401795791: Entered the Free Camera
[COT 2023-5M-27 13:20:56] 76561198401795791: Left the Free Camera
[COT 2023-5M-27 13:21:2s] 76561199176957808: Teleported to <4200.285645, 390.556152, 6607.896484> [guid=QjlZXS0Ark29Vwx4GPzro34d4Mh-vfgK6BY62FOJWUg=]
[COT 2023-5M-27 13:23:42] 76561198401795791: Spawned Entity Car Battery (CarBattery<f642d690>, 50, 200) at <4167.234375, 398.864502, 6628.986328>
[COT 2023-5M-27 13:38:14] 76561199176957808: ESP: Clearing ESP
[COT 2023-5M-27 13:38:15] 76561199176957808: ESP: Viewing ESP
[COT 2023-5M-27 13:38:31] 76561198401795791: Entered the Free Camera
[COT 2023-5M-27 13:38:39] 76561198401795791: Left the Free Camera
[COT 2023-5M-27 13:38:45] 76561199176957808: Teleported to position <6871.245605, 15.127085, 11479.317383>
[COT 2023-5M-27 13:38:48] 76561198401795791: Teleported to position <6865.645020, 15.150952, 11493.803711>
[COT 2023-5M-27 13:41:30] 76561199176957808: Spawned Entity 9V Battery (Battery9V<f7ca92d0>, 50, 20) at <6793.552246, 17.130066, 11443.041016>
[COT 2023-5M-27 13:43:58] 76561199176957808: ESP: Clearing ESP
[COT 2023-5M-27 13:43:59] 76561199176957808: ESP: Viewing ESP
[COT 2023-5M-27 13:44:8s] 76561198401795791: Spawned Entity Rope (Rope<f6c7a790>, -1, 200) at <6874.418945, 15.287971, 11409.272461>
