[COT 2023-05-29 18:31:30] 76561198401795791: Set GodMode To true [guid=QjlZXS0Ark29Vwx4GPzro34d4Mh-vfgK6BY62FOJWUg=]
[COT 2023-05-29 18:31:32] 76561198401795791: Set cannot be targeted by AI to true [guid=QjlZXS0Ark29Vwx4GPzro34d4Mh-vfgK6BY62FOJWUg=]
[COT 2023-05-29 18:31:32] 76561198401795791: Set UnlimitedStamina To true [guid=QjlZXS0Ark29Vwx4GPzro34d4Mh-vfgK6BY62FOJWUg=]
[COT 2023-05-29 18:31:33] 76561198401795791: Set UnlimitedAmmo To true [guid=QjlZXS0Ark29Vwx4GPzro34d4Mh-vfgK6BY62FOJWUg=]
[COT 2023-05-29 18:32:40] 76561199176957808: Set UnlimitedAmmo To true [guid=zhJxvJUIQcTeCgEZ3Xhlvc_WjNMgSdId2I-HV3Jo6tA=]
[COT 2023-05-29 18:32:41] 76561199176957808: Set UnlimitedStamina To true [guid=zhJxvJUIQcTeCgEZ3Xhlvc_WjNMgSdId2I-HV3Jo6tA=]
[COT 2023-05-29 18:33:02] 76561198930893538: ESP: Viewing ESP
[COT 2023-05-29 18:33:07] 76561198401795791: ESP: ESP updating
[COT 2023-05-29 18:33:11] 76561198930893538: ESP: Clearing ESP
[COT 2023-05-29 18:33:15] 76561198930893538: Set UnlimitedAmmo To true [guid=QOVCOk5flZ8LlxY_vIXEUxFpj4R6rL-wr-TF8_b4xZo=]
[COT 2023-05-29 18:33:21] 76561198401795791: ESP: Clearing ESP
[COT 2023-05-29 18:33:45] 76561198040010982: ESP: Viewing ESP
[COT 2023-05-29 18:33:48] 76561198040010982: ESP: Clearing ESP
[COT 2023-05-29 18:33:49] 76561198040010982: ESP: Viewing ESP
[COT 2023-05-29 18:33:50] 76561199176957808: ESP: Viewing ESP
[COT 2023-05-29 18:33:55] 76561198930893538: ESP: Viewing ESP
[COT 2023-05-29 18:33:57] 76561198040010982: Entered the Free Camera
[COT 2023-05-29 18:34:03] 76561198930893538: ESP: Clearing ESP
[COT 2023-05-29 18:34:03] 76561198930893538: ESP: Viewing ESP
[COT 2023-05-29 18:34:10] 76561198930893538: ESP: Clearing ESP
[COT 2023-05-29 18:34:38] 76561198040010982: Left the Free Camera
[COT 2023-05-29 18:34:44] 76561198040010982: ESP: Clearing ESP
[COT 2023-05-29 18:34:44] 76561199176957808: ESP: Clearing ESP
[COT 2023-05-29 18:35:08] 76561198401795791: Set UnlimitedStamina To false [guid=QjlZXS0Ark29Vwx4GPzro34d4Mh-vfgK6BY62FOJWUg=]
[COT 2023-05-29 18:35:10] 76561198401795791: Set cannot be targeted by AI to false [guid=QjlZXS0Ark29Vwx4GPzro34d4Mh-vfgK6BY62FOJWUg=]
[COT 2023-05-29 18:35:11] 76561198401795791: Set GodMode To false [guid=QjlZXS0Ark29Vwx4GPzro34d4Mh-vfgK6BY62FOJWUg=]
[COT 2023-05-29 18:38:16] 76561198040010982: Spawned Entity 30rd Coupled Standardized Mag (Mag_STANAGCoupled_30Rnd<55e58270>, 1, 100) at <6785.807129, 14.941029, 11158.954102>
[COT 2023-05-29 18:38:16] 76561198040010982: Spawned Entity 30rd Coupled Standardized Mag (Mag_STANAGCoupled_30Rnd<55e56c50>, 1, 100) at <6785.807129, 14.941029, 11158.954102>
[COT 2023-05-29 18:38:16] 76561198040010982: Spawned Entity 30rd Coupled Standardized Mag (Mag_STANAGCoupled_30Rnd<55e54010>, 1, 100) at <6785.807129, 14.941029, 11158.954102>
[COT 2023-05-29 18:38:16] 76561198040010982: Spawned Entity 30rd Coupled Standardized Mag (Mag_STANAGCoupled_30Rnd<55e55630>, 1, 100) at <6785.807129, 14.941029, 11158.954102>
[COT 2023-05-29 18:38:16] 76561198040010982: Spawned Entity 30rd Coupled Standardized Mag (Mag_STANAGCoupled_30Rnd<55e51ee0>, 1, 100) at <6785.807129, 14.941029, 11158.954102>
