[COT 2023-05-29 18:43:21] 76561198401795791: Set GodMode To true [guid=QjlZXS0Ark29Vwx4GPzro34d4Mh-vfgK6BY62FOJWUg=]
[COT 2023-05-29 18:43:23] 76561198401795791: Set cannot be targeted by AI to true [guid=QjlZXS0Ark29Vwx4GPzro34d4Mh-vfgK6BY62FOJWUg=]
[COT 2023-05-29 18:43:23] 76561198401795791: Set UnlimitedStamina To true [guid=QjlZXS0Ark29Vwx4GPzro34d4Mh-vfgK6BY62FOJWUg=]
[COT 2023-05-29 18:43:24] 76561198401795791: Set UnlimitedAmmo To true [guid=QjlZXS0Ark29Vwx4GPzro34d4Mh-vfgK6BY62FOJWUg=]
[COT 2023-05-29 18:44:29] 76561198401795791: Set cannot be targeted by AI to true [guid=QOVCOk5flZ8LlxY_vIXEUxFpj4R6rL-wr-TF8_b4xZo=]
[COT 2023-05-29 18:44:31] 76561198401795791: Set GodMode To true [guid=QOVCOk5flZ8LlxY_vIXEUxFpj4R6rL-wr-TF8_b4xZo=]
[COT 2023-05-29 18:44:55] 76561199176957808: Set GodMode To true [guid=zhJxvJUIQcTeCgEZ3Xhlvc_WjNMgSdId2I-HV3Jo6tA=]
[COT 2023-05-29 18:44:56] 76561199176957808: Set cannot be targeted by AI to true [guid=zhJxvJUIQcTeCgEZ3Xhlvc_WjNMgSdId2I-HV3Jo6tA=]
[COT 2023-05-29 18:44:56] 76561199176957808: Set UnlimitedStamina To true [guid=zhJxvJUIQcTeCgEZ3Xhlvc_WjNMgSdId2I-HV3Jo6tA=]
[COT 2023-05-29 18:44:57] 76561199176957808: Set UnlimitedAmmo To true [guid=zhJxvJUIQcTeCgEZ3Xhlvc_WjNMgSdId2I-HV3Jo6tA=]
[COT 2023-05-29 18:45:08] 76561198930893538: Set UnlimitedAmmo To true [guid=QOVCOk5flZ8LlxY_vIXEUxFpj4R6rL-wr-TF8_b4xZo=]
[COT 2023-05-29 18:45:08] 76561198930893538: Set UnlimitedStamina To true [guid=QOVCOk5flZ8LlxY_vIXEUxFpj4R6rL-wr-TF8_b4xZo=]
[COT 2023-05-29 18:45:19] 76561199176957808: ESP: Viewing ESP
[COT 2023-05-29 18:46:10] 76561198930893538: ESP: Viewing ESP
[COT 2023-05-29 18:46:10] 76561198401795791: Spawned Entity 9V Battery (Battery9V<563cefe0>, 50, 20) at <6757.226074, 15.413864, 11149.105469>
[COT 2023-05-29 18:46:17] 76561199176957808: Entered the Free Camera
[COT 2023-05-29 18:47:11] 76561199176957808: Left the Free Camera
[COT 2023-05-29 18:47:14] 76561198930893538: Entered the Free Camera
[COT 2023-05-29 18:47:43] 76561198930893538: Left the Free Camera
[COT 2023-05-29 18:48:38] 76561198401795791: Entered the Free Camera
[COT 2023-05-29 18:48:47] 76561198401795791: Left the Free Camera
