[COT 2023-05-29 17:38:07] 76561199176957808: Set cannot be targeted by AI to true [guid=zhJxvJUIQcTeCgEZ3Xhlvc_WjNMgSdId2I-HV3Jo6tA=]
[COT 2023-05-29 17:38:07] 76561199176957808: Set UnlimitedStamina To true [guid=zhJxvJUIQcTeCgEZ3Xhlvc_WjNMgSdId2I-HV3Jo6tA=]
[COT 2023-05-29 17:38:08] 76561199176957808: Set UnlimitedAmmo To true [guid=zhJxvJUIQcTeCgEZ3Xhlvc_WjNMgSdId2I-HV3Jo6tA=]
[COT 2023-05-29 17:38:20] 76561198040010982: Spawned Entity Supply Signal (ExpansionSupplySignal<8b955e30>, -1, 20) at <8277.025391, 15.012492, 10850.278320>
[COT 2023-05-29 17:38:20] 76561198040010982: Spawned Entity Supply Signal (ExpansionSupplySignal<8b954610>, -1, 20) at <8277.025391, 15.012492, 10850.278320>
[COT 2023-05-29 17:38:21] 76561198040010982: Spawned Entity Supply Signal (ExpansionSupplySignal<8b961f30>, -1, 20) at <8277.025391, 15.012492, 10850.278320>
[COT 2023-05-29 17:38:21] 76561198040010982: Spawned Entity Supply Signal (ExpansionSupplySignal<8b956a40>, -1, 20) at <8277.025391, 15.012492, 10850.278320>
[COT 2023-05-29 17:38:21] 76561198040010982: Spawned Entity Supply Signal (ExpansionSupplySignal<8b958260>, -1, 20) at <8277.025391, 15.012492, 10850.278320>
[COT 2023-05-29 17:39:34] 76561198401795791: Spawned Entity Supply Signal (ExpansionSupplySignal<8b95eef0>, -1, 20) at <8276.434570, 15.012500, 10842.048828>
[COT 2023-05-29 17:40:23] 76561198401795791: Entered the Free Camera
[COT 2023-05-29 17:40:52] 76561198401795791: Left the Free Camera
[COT 2023-05-29 17:40:56] 76561199176957808: Spawned Entity Supply Signal (ExpansionSupplySignal<8b95a690>, -1, 20) at <8300.034180, 15.012500, 10856.999023>
[COT 2023-05-29 17:41:19] 76561198401795791: Spawned Entity Supply Signal (ExpansionSupplySignal<8b962b40>, -1, 20) at <8308.402344, 15.012477, 10850.958008>
[COT 2023-05-29 17:41:20] 76561198401795791: Spawned Entity Supply Signal (ExpansionSupplySignal<8b963750>, -1, 20) at <8308.402344, 15.012477, 10850.958008>
[COT 2023-05-29 17:41:20] 76561198401795791: Spawned Entity Supply Signal (ExpansionSupplySignal<8b964360>, -1, 20) at <8308.402344, 15.012477, 10850.958008>
[COT 2023-05-29 17:41:20] 76561198401795791: Spawned Entity Supply Signal (ExpansionSupplySignal<8b95e2e0>, -1, 20) at <8308.402344, 15.012477, 10850.958008>
[COT 2023-05-29 17:41:28] 76561198040010982: Spawned Entity Supply Signal (ExpansionSupplySignal<8b95fb00>, -1, 20) at <8304.575195, 15.012500, 10851.992188>
[COT 2023-05-29 17:41:28] 76561198040010982: Spawned Entity Supply Signal (ExpansionSupplySignal<8b96bc00>, -1, 20) at <8304.575195, 15.012500, 10851.992188>
[COT 2023-05-29 17:41:28] 76561198040010982: Spawned Entity Supply Signal (ExpansionSupplySignal<8b966790>, -1, 20) at <8304.575195, 15.012500, 10851.992188>
[COT 2023-05-29 17:41:28] 76561198040010982: Spawned Entity Supply Signal (ExpansionSupplySignal<8b96aff0>, -1, 20) at <8304.575195, 15.012500, 10851.992188>
[COT 2023-05-29 17:46:44] 76561199176957808: Spawned Entity Blood Test Kit (BloodTestKit<d63ab5a0>, -1, 15) at <8291.034180, 15.012444, 10853.760742>
[COT 2023-05-29 17:52:41] 76561198040010982: Entered the Free Camera
[COT 2023-05-29 17:52:42] 76561198930893538: Set UnlimitedAmmo To true [guid=QOVCOk5flZ8LlxY_vIXEUxFpj4R6rL-wr-TF8_b4xZo=]
[COT 2023-05-29 17:52:44] 76561198930893538: Set Broken Legs To false [guid=QOVCOk5flZ8LlxY_vIXEUxFpj4R6rL-wr-TF8_b4xZo=]
[COT 2023-05-29 17:52:55] 76561198040010982: Left the Free Camera
[COT 2023-05-29 17:54:09] 76561198040010982: Spawned Entity Denim Skirt (Skirt_Red<d4b80d70>, -1, 100) at <8284.696289, 15.012429, 10854.390625>
[COT 2023-05-29 17:54:31] 76561198040010982: Spawned Entity Old Military Boots (Kirza_Boots<d3a29d40>, -1, 200) at <8284.696289, 15.012429, 10854.390625>
[COT 2023-05-29 17:54:59] 76561198040010982: Spawned Entity Cowboy Hat (CowboyHat_black<d38442d0>, -1, 60) at <8284.696289, 15.012429, 10854.390625>
[COT 2023-05-29 17:55:59] 76561198401795791: ESP: ESP updating
[COT 2023-05-29 17:56:04] 76561198401795791: ESP target=LandMineTrap:012669 position=<8309.092773, 14.998906, 10848.563477> action=delete
[COT 2023-05-29 17:56:14] 76561198401795791: ESP target=ExpansionAirdropContainer_Medical:05704 position=<8300.755859, 15.025316, 10845.823242> action=delete
[COT 2023-05-29 17:56:17] 76561198401795791: ESP target=ExpansionAirdropContainer_Military:012589 position=<8310.397461, 15.025476, 10848.488281> action=delete
[COT 2023-05-29 17:56:19] 76561198401795791: ESP target=ExpansionAirdropContainer_Medical:012844 position=<8315.540039, 15.058303, 10854.136719> action=delete
[COT 2023-05-29 17:56:22] 76561198401795791: ESP target=ExpansionAirdropContainer_Military:012587 position=<8308.385742, 15.025587, 10852.260742> action=delete
[COT 2023-05-29 17:56:25] 76561198401795791: ESP target=ExpansionAirdropContainer_Basebuilding:012756 position=<8310.439453, 15.025476, 10859.865234> action=delete
[COT 2023-05-29 17:56:28] 76561198401795791: ESP target=ExpansionAirdropContainer_Medical:012764 position=<8305.358398, 15.025478, 10859.786133> action=delete
[COT 2023-05-29 17:56:31] 76561198401795791: ESP target=ExpansionAirdropContainer:011119 position=<8300.245117, 15.505107, 10858.252930> action=delete
[COT 2023-05-29 17:56:35] 76561198401795791: ESP target=ExpansionAirdropContainer_Medical:05479 position=<8277.553711, 15.025480, 10850.735352> action=delete
[COT 2023-05-29 17:56:42] 76561198401795791: ESP: Clearing ESP
[COT 2023-05-29 17:56:55] 76561198040010982: Spawned Entity Mime Mask (MimeMask_Male<d37e8440>, -1, 60) at <8289.769531, 15.012498, 10843.612305>
[COT 2023-05-29 17:57:11] 76561198040010982: Spawned Entity Skull Mask (Clothing<d6502b40>, -1, 100) at <8289.750977, 15.012479, 10844.609375>
[COT 2023-05-29 17:57:17] 76561198040010982: Spawned Entity Carnival Mask (EyeMask_Black<d6504160>, -1, 50) at <8289.750977, 15.012479, 10844.609375>
[COT 2023-05-29 17:58:14] 76561199176957808: Set cannot be targeted by AI to false [guid=zhJxvJUIQcTeCgEZ3Xhlvc_WjNMgSdId2I-HV3Jo6tA=]
[COT 2023-05-29 17:59:24] 76561198040010982: Spawned Entity Canvas Backpack (Canvas_Backpack_Base<d64a4210>, -1, 130) at <8245.683594, 15.296082, 10833.672852>
[COT 2023-05-29 17:59:59] 76561198040010982: Spawned Entity Taser X2 Defender (Expansion_Taser_Base<8b958e70>, -1, 100) at <8245.240234, 15.296139, 10838.539063>
[COT 2023-05-29 18:00:36] 76561198040010982: Spawned Entity X2 Twin Taser Cartridge (Mag_Expansion_Taser<781d3c40>, 1, 100) at <8245.240234, 15.296139, 10838.539063>
[COT 2023-05-29 18:00:36] 76561198040010982: Spawned Entity X2 Twin Taser Cartridge (Mag_Expansion_Taser<781d7390>, 1, 100) at <8245.240234, 15.296139, 10838.539063>
[COT 2023-05-29 18:00:36] 76561198040010982: Spawned Entity X2 Twin Taser Cartridge (Mag_Expansion_Taser<781daae0>, 1, 100) at <8245.240234, 15.296139, 10838.539063>
[COT 2023-05-29 18:02:13] 76561198930893538: Set UnlimitedAmmo To true [guid=QOVCOk5flZ8LlxY_vIXEUxFpj4R6rL-wr-TF8_b4xZo=]
[COT 2023-05-29 18:07:44] 76561198930893538: Set Reputation To 10000 [guid=QOVCOk5flZ8LlxY_vIXEUxFpj4R6rL-wr-TF8_b4xZo=]
[COT 2023-05-29 18:09:05] 76561198040010982: Spawned Entity Canteen (Canteen<d58f51d0>, 1000, 100) at <8574.617188, 14.764233, 10507.617188>
[COT 2023-05-29 18:09:05] 76561198040010982: Spawned Entity Canteen (Canteen<d58fa2c0>, 1000, 100) at <8574.617188, 14.764233, 10507.617188>
[COT 2023-05-29 18:09:08] 76561198040010982: Spawned Entity Assault Boots (MilitaryBoots_ColorBase<5793b7a0>, -1, 350) at <8574.617188, 14.764233, 10507.617188>
[COT 2023-05-29 18:09:08] 76561198040010982: Spawned Entity Assault Boots (MilitaryBoots_ColorBase<5793fa00>, -1, 350) at <8574.617188, 14.764233, 10507.617188>
[COT 2023-05-29 18:09:09] 76561198401795791: Set Reputation To 1000 [guid=QjlZXS0Ark29Vwx4GPzro34d4Mh-vfgK6BY62FOJWUg=]
[COT 2023-05-29 18:09:11] 76561198040010982: Spawned Entity Tactical Gloves (TacticalGloves_ColorBase<57939670>, -1, 100) at <8574.617188, 14.764233, 10507.617188>
[COT 2023-05-29 18:09:11] 76561198040010982: Spawned Entity Tactical Gloves (TacticalGloves_ColorBase<579468a0>, -1, 100) at <8574.617188, 14.764233, 10507.617188>
[COT 2023-05-29 18:09:15] 76561198401795791: Set Health To 100 [guid=QjlZXS0Ark29Vwx4GPzro34d4Mh-vfgK6BY62FOJWUg=]
[COT 2023-05-29 18:09:15] 76561198401795791: Set Energy To 5000 [guid=QjlZXS0Ark29Vwx4GPzro34d4Mh-vfgK6BY62FOJWUg=]
[COT 2023-05-29 18:09:15] 76561198401795791: Set Water To 5000 [guid=QjlZXS0Ark29Vwx4GPzro34d4Mh-vfgK6BY62FOJWUg=]
[COT 2023-05-29 18:09:15] 76561198040010982: Spawned Entity Field Jacket (M65Jacket_ColorBase<6aca0680>, -1, 150) at <8574.617188, 14.764233, 10507.617188>
[COT 2023-05-29 18:09:15] 76561198040010982: Spawned Entity Field Jacket (M65Jacket_ColorBase<6acb1000>, -1, 150) at <8574.617188, 14.764233, 10507.617188>
[COT 2023-05-29 18:09:24] 76561198040010982: Spawned Entity Plate Carrier (PlateCarrierVest<6acc66f0>, -1, 300) at <8574.617188, 14.764233, 10507.617188>
[COT 2023-05-29 18:09:24] 76561198040010982: Spawned Entity Plate Carrier (PlateCarrierVest<6acc9330>, -1, 300) at <8574.617188, 14.764233, 10507.617188>
[COT 2023-05-29 18:09:25] 76561198040010982: Spawned Entity Holster (PlateCarrierHolster<6acc7200>, -1, 100) at <8574.617188, 14.764233, 10507.617188>
[COT 2023-05-29 18:09:26] 76561198040010982: Spawned Entity Holster (PlateCarrierHolster<6accca80>, -1, 100) at <8574.617188, 14.764233, 10507.617188>
[COT 2023-05-29 18:09:26] 76561198040010982: Spawned Entity Holster (PlateCarrierHolster<6acce0a0>, -1, 100) at <8574.617188, 14.764233, 10507.617188>
[COT 2023-05-29 18:09:26] 76561198040010982: Spawned Entity Holster (PlateCarrierHolster<6acd01d0>, -1, 100) at <8574.617188, 14.764233, 10507.617188>
[COT 2023-05-29 18:09:29] 76561198040010982: Spawned Entity Pouches (PlateCarrierPouches<6acdc8f0>, -1, 200) at <8574.617188, 14.764233, 10507.617188>
[COT 2023-05-29 18:09:29] 76561198040010982: Spawned Entity Pouches (PlateCarrierPouches<6acdea20>, -1, 200) at <8574.617188, 14.764233, 10507.617188>
[COT 2023-05-29 18:09:29] 76561198040010982: Spawned Entity Pouches (PlateCarrierPouches<6acd9cb0>, -1, 200) at <8574.617188, 14.764233, 10507.617188>
[COT 2023-05-29 18:09:29] 76561198040010982: Spawned Entity Pouches (PlateCarrierPouches<6709d070>, -1, 200) at <8574.617188, 14.764233, 10507.617188>
[COT 2023-05-29 18:09:32] 76561198040010982: Spawned Entity Tactical Belt (HighCapacityVest_ColorBase<670a9790>, -1, 250) at <8574.617188, 14.764233, 10507.617188>
[COT 2023-05-29 18:09:32] 76561198040010982: Spawned Entity Tactical Belt (HighCapacityVest_ColorBase<670aa2a0>, -1, 250) at <8574.617188, 14.764233, 10507.617188>
[COT 2023-05-29 18:09:35] 76561198040010982: Spawned Entity Field Backpack (AliceBag_ColorBase<670a6b50>, -1, 130) at <8574.617188, 14.764233, 10507.617188>
[COT 2023-05-29 18:09:35] 76561198040010982: Spawned Entity Field Backpack (AliceBag_ColorBase<670a4a20>, -1, 130) at <8574.617188, 14.764233, 10507.617188>
[COT 2023-05-29 18:09:41] 76561198040010982: Spawned Entity Ballistic Helmet (BallisticHelmet_ColorBase<670ad9f0>, -1, 75) at <8574.617188, 14.764233, 10507.617188>
[COT 2023-05-29 18:09:42] 76561198040010982: Spawned Entity Ballistic Helmet (BallisticHelmet_ColorBase<670bd860>, -1, 75) at <8574.617188, 14.764233, 10507.617188>
[COT 2023-05-29 18:09:44] 76561198040010982: Spawned Entity Tactical Helmet (Mich2001Helmet<5fd06b90>, -1, 80) at <8574.617188, 14.764233, 10507.617188>
[COT 2023-05-29 18:09:44] 76561198040010982: Spawned Entity Tactical Helmet (Mich2001Helmet<5fd0c410>, -1, 80) at <8574.617188, 14.764233, 10507.617188>
[COT 2023-05-29 18:11:07] 76561198040010982: Spawned Entity Cargo Pants (CargoPants_ColorBase<692b6bb0>, -1, 100) at <8573.919922, 14.768167, 10507.031250>
[COT 2023-05-29 18:11:07] 76561198040010982: Spawned Entity Cargo Pants (CargoPants_ColorBase<692bda50>, -1, 100) at <8573.919922, 14.768167, 10507.031250>
[COT 2023-05-29 18:11:10] 76561198401795791: Set Reputation To 4000 [guid=QjlZXS0Ark29Vwx4GPzro34d4Mh-vfgK6BY62FOJWUg=]
[COT 2023-05-29 18:11:39] 76561198040010982: Spawned Entity Assault Boots (MilitaryBoots_ColorBase<5fb30fe0>, -1, 350) at <8573.054688, 14.775446, 10505.938477>
[COT 2023-05-29 18:11:42] 76561198040010982: Spawned Entity Canteen (Canteen<68e90000>, 1000, 100) at <8573.054688, 14.775446, 10505.938477>
[COT 2023-05-29 18:11:42] 76561198040010982: Spawned Entity Canteen (Canteen<68e9ad70>, 1000, 100) at <8573.054688, 14.775446, 10505.938477>
[COT 2023-05-29 18:11:44] 76561198040010982: Spawned Entity Tactical Gloves (TacticalGloves_ColorBase<5fb2e3a0>, -1, 100) at <8573.054688, 14.775446, 10505.938477>
[COT 2023-05-29 18:12:09] 76561198040010982: Spawned Entity GA Inferno (SportGlasses_Black<6c2597c0>, -1, 50) at <8577.174805, 14.755510, 10511.399414>
[COT 2023-05-29 18:12:18] 76561198040010982: Spawned Entity M4A1_WetGlass (M4A1_Base<675fa750>, -1, 200) at <8577.174805, 14.755510, 10511.399414>
[COT 2023-05-29 18:12:18] 76561198040010982: Spawned Entity M4A1_WetGlass (M4A1_Base<675fb360>, -1, 200) at <8577.174805, 14.755510, 10511.399414>
[COT 2023-05-29 18:12:37] 76561198040010982: Spawned Entity Ski Mask (BalaclavaMask_Blackskull<6c5f7da0>, -1, 100) at <8577.174805, 14.755510, 10511.399414>
[COT 2023-05-29 18:13:27] 76561198040010982: Spawned Entity Universal Flashlight (UniversalLight<5f39fcb0>, -1, 70) at <8577.420898, 14.802688, 10480.095703>
[COT 2023-05-29 18:13:28] 76561198040010982: Spawned Entity Universal Flashlight (UniversalLight<5f399920>, -1, 70) at <8577.420898, 14.802688, 10480.095703>
[COT 2023-05-29 18:13:33] 76561198040010982: Spawned Entity 9V Battery (Battery9V<5f398300>, 50, 20) at <8577.420898, 14.802688, 10480.095703>
[COT 2023-05-29 18:13:33] 76561198040010982: Spawned Entity 9V Battery (Battery9V<6adb1f00>, 50, 20) at <8577.420898, 14.802688, 10480.095703>
[COT 2023-05-29 18:16:45] 76561198040010982: Spawned Entity $UNT$M72 LAW Warhead (Ammo_LAW_HE<6b2632e0>, 1, 100) at <7504.106445, 15.639051, 10877.608398>
[COT 2023-05-29 18:16:45] 76561198040010982: Spawned Entity $UNT$M72 LAW Warhead (Ammo_LAW_HE<6b263df0>, 1, 100) at <7499.999512, 15.593926, 10878.984375>
[COT 2023-05-29 18:17:13] 76561198930893538: ESP: Viewing ESP
[COT 2023-05-29 18:17:19] 76561198930893538: ESP: Clearing ESP
[COT 2023-05-29 18:17:27] 76561198040010982: Spawned Entity M72 LAW (ExpansionLAW<4cb28e10>, -1, 100) at <7059.552246, 16.222952, 11004.154297>
[COT 2023-05-29 18:17:27] 76561198040010982: Spawned Entity M72 LAW (ExpansionLAW<4cb34300>, -1, 100) at <7059.552246, 16.222952, 11004.154297>
[COT 2023-05-29 18:17:29] 76561198040010982: Spawned Entity $UNT$M72 LAW Warhead (Ammo_LAW_HE<65ed85d0>, 1, 100) at <7059.552246, 16.222952, 11004.154297>
[COT 2023-05-29 18:17:29] 76561198040010982: Spawned Entity $UNT$M72 LAW Warhead (Ammo_LAW_HE<65ee36d0>, 1, 100) at <7059.552246, 16.222952, 11004.154297>
[COT 2023-05-29 18:17:29] 76561198040010982: Spawned Entity $UNT$M72 LAW Warhead (Ammo_LAW_HE<65ed4370>, 1, 100) at <7059.552246, 16.222952, 11004.154297>
[COT 2023-05-29 18:17:29] 76561198040010982: Spawned Entity $UNT$M72 LAW Warhead (Ammo_LAW_HE<65ed64a0>, 1, 100) at <7059.552246, 16.222952, 11004.154297>
[COT 2023-05-29 18:18:10] 76561198040010982: Spawned Entity RPG-7 (ExpansionRPG7<4cb3bba0>, -1, 200) at <7009.175781, 15.262146, 11018.875000>
[COT 2023-05-29 18:18:35] 76561198040010982: Spawned Entity RPG-7 Warhead (Ammunition_Base<66ee90c0>, 1, 100) at <6992.800781, 15.012490, 11037.642578>
[COT 2023-05-29 18:18:35] 76561198040010982: Spawned Entity RPG-7 Warhead (Ammunition_Base<66eeb1f0>, 1, 100) at <6992.800781, 15.012490, 11037.642578>
[COT 2023-05-29 18:18:35] 76561198040010982: Spawned Entity RPG-7 Warhead (Ammunition_Base<66eebd00>, 1, 100) at <6992.800781, 15.012490, 11037.642578>
[COT 2023-05-29 18:18:35] 76561198040010982: Spawned Entity RPG-7 Warhead (Ammunition_Base<66edead0>, 1, 100) at <6992.800781, 15.012490, 11037.642578>
[COT 2023-05-29 18:18:36] 76561198040010982: Spawned Entity RPG-7 Warhead (Ammunition_Base<66ee6f90>, 1, 100) at <6992.800781, 15.012490, 11037.642578>
[COT 2023-05-29 18:19:32] 76561199176957808: Set UnlimitedAmmo To true [guid=zhJxvJUIQcTeCgEZ3Xhlvc_WjNMgSdId2I-HV3Jo6tA=]
[COT 2023-05-29 18:20:44] 76561198930893538: ESP: Viewing ESP
[COT 2023-05-29 18:20:45] 76561198930893538: ESP: Clearing ESP
[COT 2023-05-29 18:20:59] 76561198930893538: ESP: Viewing ESP
[COT 2023-05-29 18:21:07] 76561198930893538: ESP: Clearing ESP
[COT 2023-05-29 18:21:08] 76561198930893538: ESP: Viewing ESP
[COT 2023-05-29 18:21:13] 76561198930893538: ESP: Clearing ESP
[COT 2023-05-29 18:22:13] 76561198040010982: Spawned Entity Standardized Suppressor (M4_Suppressor<68ca9be0>, -1, 4) at <7032.854492, 15.012483, 11425.640625>
[COT 2023-05-29 18:22:14] 76561198040010982: Spawned Entity Standardized Suppressor (M4_Suppressor<68ca7ab0>, -1, 4) at <7032.854492, 15.012483, 11425.640625>
[COT 2023-05-29 18:23:36] 76561198930893538: ESP: Viewing ESP
[COT 2023-05-29 18:23:48] 76561198930893538: ESP: Clearing ESP
