[COT 2023-06-02 04:04:23] 76561199176957808: Set Receive Damage Dealt To true [guid=QOVCOk5flZ8LlxY_vIXEUxFpj4R6rL-wr-TF8_b4xZo=]
[COT 2023-06-02 04:04:58] 76561199176957808: Set Receive Damage Dealt To false [guid=QOVCOk5flZ8LlxY_vIXEUxFpj4R6rL-wr-TF8_b4xZo=]
[COT 2023-06-02 04:05:54] 76561199176957808: ESP: ESP updating
[COT 2023-06-02 04:10:45] 76561198930893538: ESP: Viewing ESP
[COT 2023-06-02 04:10:52] 76561198930893538: ESP index=0 target=SNAFU_M200Green:013229 position=<3197.950684, 118.054634, 7509.757324> action=delete
[COT 2023-06-02 04:10:52] 76561198930893538: ESP action=delete_all count=1 attempted=1
[COT 2023-06-02 04:11:05] 76561198930893538: Spawned Entity Hryvnia Banknotes Stack (ExpansionBanknoteHryvnia<d20ce230>, 7500, 100) at <3196.943848, 118.148872, 7509.101563>
[COT 2023-06-02 04:11:14] 76561198930893538: ESP: Clearing ESP
[COT 2023-06-02 04:20:39] 76561198930893538: ESP: Viewing ESP
[COT 2023-06-02 04:21:00] 76561198930893538: ESP: Clearing ESP
[COT 2023-06-02 04:27:09] 76561198930893538: ESP: Viewing ESP
[COT 2023-06-02 04:27:21] 76561198930893538: ESP: Clearing ESP
[COT 2023-06-02 04:41:23] 76561199176957808: Healed [guid=zhJxvJUIQcTeCgEZ3Xhlvc_WjNMgSdId2I-HV3Jo6tA=]
[COT 2023-06-02 04:41:24] 76561199176957808: Dried [guid=zhJxvJUIQcTeCgEZ3Xhlvc_WjNMgSdId2I-HV3Jo6tA=]
[COT 2023-06-02 05:29:39] 76561198930893538: ESP: Viewing ESP
[COT 2023-06-02 05:29:46] 76561198930893538: ESP: Clearing ESP
[COT 2023-06-02 05:42:42] 76561199176957808: ESP: ESP updating
[COT 2023-06-02 05:49:41] 76561199176957808: ESP: Clearing ESP
[COT 2023-06-02 06:38:11] 76561199176957808: Set Reputation To 10000 [guid=MIR4zp5Cz79Ycsg-oQWPG7Hvmuc0hEYIOjttuyW7pnU=]
[COT 2023-06-02 06:38:22] 76561199176957808: Set Reputation To 10000 [guid=-G7h99lSZDcoLDkS_Pf_kTJ_FSRUsnlVGD6gnAZk71c=]
[COT 2023-06-02 06:39:37] 76561199176957808: Spawned Entity SA-80 (SNAFUSA80<6a88ae00>, -1, 220) at <5231.659668, 35.682617, 8589.321289>
[COT 2023-06-02 06:40:33] 76561199176957808: ESP: Viewing ESP
[COT 2023-06-02 06:40:37] 76561199176957808: ESP index=0 target=SNAFUSA80:010956 position=<5232.132813, 35.557938, 8589.091797> action=delete
[COT 2023-06-02 06:40:37] 76561199176957808: ESP action=delete_all count=1 attempted=1
[COT 2023-06-02 10:08:11] 76561198040010982: Set the date to 2011/12/4 12:0
[COT 2023-06-02 10:08:14] 76561198040010982: Entered the Free Camera
[COT 2023-06-02 10:08:23] 76561198040010982: Left the Free Camera
[COT 2023-06-02 10:08:33] 76561198040010982: Spawned Entity Supply Signal (ExpansionSupplySignal<60b96000>, -1, 20) at <7753.482422, 13.902427, 9354.420898>
[COT 2023-06-02 10:08:33] 76561198040010982: Spawned Entity Supply Signal (ExpansionSupplySignal<60b97820>, -1, 20) at <7753.482422, 13.902427, 9354.420898>
[COT 2023-06-02 10:08:34] 76561198040010982: Spawned Entity Supply Signal (ExpansionSupplySignal<60b96c10>, -1, 20) at <7753.482422, 13.902427, 9354.420898>
[COT 2023-06-02 10:08:34] 76561198040010982: Spawned Entity Supply Signal (ExpansionSupplySignal<60b90b90>, -1, 20) at <7753.482422, 13.902427, 9354.420898>
[COT 2023-06-02 10:08:34] 76561198040010982: Spawned Entity Supply Signal (ExpansionSupplySignal<60b99040>, -1, 20) at <7753.482422, 13.902427, 9354.420898>
[COT 2023-06-02 10:08:34] 76561198040010982: Spawned Entity Supply Signal (ExpansionSupplySignal<60b9cc90>, -1, 20) at <7753.482422, 13.902427, 9354.420898>
[COT 2023-06-02 10:08:34] 76561198040010982: Spawned Entity Supply Signal (ExpansionSupplySignal<60b9f0c0>, -1, 20) at <7753.482422, 13.902427, 9354.420898>
[COT 2023-06-02 10:08:34] 76561198040010982: Spawned Entity Supply Signal (ExpansionSupplySignal<60ba6960>, -1, 20) at <7753.482422, 13.902427, 9354.420898>
[COT 2023-06-02 10:08:34] 76561198040010982: Spawned Entity Supply Signal (ExpansionSupplySignal<60ba5140>, -1, 20) at <7753.482422, 13.902427, 9354.420898>
[COT 2023-06-02 10:08:35] 76561198040010982: Spawned Entity Supply Signal (ExpansionSupplySignal<60b9fcd0>, -1, 20) at <7753.482422, 13.902427, 9354.420898>
[COT 2023-06-02 10:08:35] 76561198040010982: Spawned Entity Supply Signal (ExpansionSupplySignal<60baa5b0>, -1, 20) at <7753.482422, 13.902427, 9354.420898>
[COT 2023-06-02 10:08:35] 76561198040010982: Spawned Entity Supply Signal (ExpansionSupplySignal<60ba3920>, -1, 20) at <7753.482422, 13.902427, 9354.420898>
[COT 2023-06-02 10:08:35] 76561198040010982: Spawned Entity Supply Signal (ExpansionSupplySignal<60ba8180>, -1, 20) at <7753.482422, 13.902427, 9354.420898>
[COT 2023-06-02 10:08:35] 76561198040010982: Spawned Entity Supply Signal (ExpansionSupplySignal<60bab1c0>, -1, 20) at <7753.482422, 13.902427, 9354.420898>
[COT 2023-06-02 10:08:35] 76561198040010982: Spawned Entity Supply Signal (ExpansionSupplySignal<6caf2c80>, -1, 20) at <7753.482422, 13.902427, 9354.420898>
[COT 2023-06-02 10:08:35] 76561198040010982: Spawned Entity Supply Signal (ExpansionSupplySignal<6cafd560>, -1, 20) at <7753.482422, 13.902427, 9354.420898>
[COT 2023-06-02 10:08:35] 76561198040010982: Spawned Entity Supply Signal (ExpansionSupplySignal<6caf74e0>, -1, 20) at <7753.482422, 13.902427, 9354.420898>
[COT 2023-06-02 10:08:35] 76561198040010982: Spawned Entity Supply Signal (ExpansionSupplySignal<6caf80f0>, -1, 20) at <7753.482422, 13.902427, 9354.420898>
[COT 2023-06-02 10:08:36] 76561198040010982: Spawned Entity Supply Signal (ExpansionSupplySignal<6cb04e00>, -1, 20) at <7753.482422, 13.902427, 9354.420898>
[COT 2023-06-02 10:08:36] 76561198040010982: Spawned Entity Supply Signal (ExpansionSupplySignal<6cb01dc0>, -1, 20) at <7753.482422, 13.902427, 9354.420898>
[COT 2023-06-02 10:08:36] 76561198040010982: Spawned Entity Supply Signal (ExpansionSupplySignal<6cb005a0>, -1, 20) at <7753.482422, 13.902427, 9354.420898>
[COT 2023-06-02 10:08:36] 76561198040010982: Spawned Entity Supply Signal (ExpansionSupplySignal<6cb0c6a0>, -1, 20) at <7753.482422, 13.902427, 9354.420898>
[COT 2023-06-02 10:08:36] 76561198040010982: Spawned Entity Supply Signal (ExpansionSupplySignal<6cb07e40>, -1, 20) at <7753.482422, 13.902427, 9354.420898>
[COT 2023-06-02 10:08:36] 76561198040010982: Spawned Entity Supply Signal (ExpansionSupplySignal<6cb0ae80>, -1, 20) at <7753.482422, 13.902427, 9354.420898>
[COT 2023-06-02 10:08:36] 76561198040010982: Spawned Entity Supply Signal (ExpansionSupplySignal<6cb15760>, -1, 20) at <7753.482422, 13.902427, 9354.420898>
[COT 2023-06-02 10:15:20] 76561198040010982: Entered the Free Camera
[COT 2023-06-02 10:15:34] 76561198040010982: Left the Free Camera
