[COT 2023-05-29 11:53:56] 76561198930893538: Teleported to position <6799.253906, 15.000000, 11667.167969>
[COT 2023-05-29 11:54:14] 76561198040010982: Teleported to <6797.256836, 15.012443, 11672.290039> [guid=QOVCOk5flZ8LlxY_vIXEUxFpj4R6rL-wr-TF8_b4xZo=]
[COT 2023-05-29 11:54:20] 76561198930893538: Set GodMode To true [guid=QOVCOk5flZ8LlxY_vIXEUxFpj4R6rL-wr-TF8_b4xZo=]
[COT 2023-05-29 11:54:22] 76561198930893538: Set cannot be targeted by AI to true [guid=QOVCOk5flZ8LlxY_vIXEUxFpj4R6rL-wr-TF8_b4xZo=]
[COT 2023-05-29 11:54:22] 76561198930893538: Set UnlimitedStamina To true [guid=QOVCOk5flZ8LlxY_vIXEUxFpj4R6rL-wr-TF8_b4xZo=]
[COT 2023-05-29 11:54:23] 76561198930893538: Set UnlimitedAmmo To true [guid=QOVCOk5flZ8LlxY_vIXEUxFpj4R6rL-wr-TF8_b4xZo=]
[COT 2023-05-29 11:54:23] 76561198040010982: Entered the Free Camera
[COT 2023-05-29 11:54:40] 76561198040010982: Left the Free Camera
[COT 2023-05-29 11:54:47] 76561198040010982: Teleported [guid=QOVCOk5flZ8LlxY_vIXEUxFpj4R6rL-wr-TF8_b4xZo=] to <6303.172363, 20.692453, 9520.850586>
[COT 2023-05-29 11:56:16] 76561198040010982: Spawned Entity Hryvnia Banknotes Stack (ExpansionBanknoteHryvnia<5324f4a0>, 50000, 100) at <6301.911133, 20.692390, 9522.635742>
[COT 2023-05-29 11:56:16] 76561198040010982: Spawned Entity Hryvnia Banknotes Stack (ExpansionBanknoteHryvnia<532520e0>, 50000, 100) at <6301.911133, 20.692390, 9522.635742>
[COT 2023-05-29 11:56:17] 76561198040010982: Spawned Entity Hryvnia Banknotes Stack (ExpansionBanknoteHryvnia<53252bf0>, 50000, 100) at <6301.911133, 20.692390, 9522.635742>
[COT 2023-05-29 11:56:17] 76561198040010982: Spawned Entity Hryvnia Banknotes Stack (ExpansionBanknoteHryvnia<5324e990>, 50000, 100) at <6301.911133, 20.692390, 9522.635742>
[COT 2023-05-29 11:56:17] 76561198040010982: Spawned Entity Hryvnia Banknotes Stack (ExpansionBanknoteHryvnia<53256e50>, 50000, 100) at <6301.911133, 20.692390, 9522.635742>
[COT 2023-05-29 11:56:17] 76561198040010982: Spawned Entity Hryvnia Banknotes Stack (ExpansionBanknoteHryvnia<53256340>, 50000, 100) at <6301.911133, 20.692390, 9522.635742>
[COT 2023-05-29 11:56:17] 76561198040010982: Spawned Entity Hryvnia Banknotes Stack (ExpansionBanknoteHryvnia<53253700>, 50000, 100) at <6301.911133, 20.692390, 9522.635742>
[COT 2023-05-29 11:56:17] 76561198040010982: Spawned Entity Hryvnia Banknotes Stack (ExpansionBanknoteHryvnia<53254d20>, 50000, 100) at <6301.911133, 20.692390, 9522.635742>
[COT 2023-05-29 11:56:17] 76561198040010982: Spawned Entity Hryvnia Banknotes Stack (ExpansionBanknoteHryvnia<53257960>, 50000, 100) at <6301.911133, 20.692390, 9522.635742>
[COT 2023-05-29 11:56:17] 76561198040010982: Spawned Entity Hryvnia Banknotes Stack (ExpansionBanknoteHryvnia<53255830>, 50000, 100) at <6301.911133, 20.692390, 9522.635742>
[COT 2023-05-29 11:56:17] 76561198040010982: Spawned Entity Hryvnia Banknotes Stack (ExpansionBanknoteHryvnia<532682e0>, 50000, 100) at <6301.911133, 20.692390, 9522.635742>
[COT 2023-05-29 11:56:18] 76561198040010982: Spawned Entity Hryvnia Banknotes Stack (ExpansionBanknoteHryvnia<53269900>, 50000, 100) at <6301.911133, 20.692390, 9522.635742>
[COT 2023-05-29 11:56:18] 76561198040010982: Spawned Entity Hryvnia Banknotes Stack (ExpansionBanknoteHryvnia<53263570>, 50000, 100) at <6301.911133, 20.692390, 9522.635742>
[COT 2023-05-29 11:56:18] 76561198040010982: Spawned Entity Hryvnia Banknotes Stack (ExpansionBanknoteHryvnia<ea694ca0>, 50000, 100) at <6301.911133, 20.692390, 9522.635742>
[COT 2023-05-29 11:56:18] 76561198040010982: Spawned Entity Hryvnia Banknotes Stack (ExpansionBanknoteHryvnia<ea6957b0>, 50000, 100) at <6301.911133, 20.692390, 9522.635742>
[COT 2023-05-29 11:56:18] 76561198040010982: Spawned Entity Hryvnia Banknotes Stack (ExpansionBanknoteHryvnia<ea69d160>, 50000, 100) at <6301.911133, 20.692390, 9522.635742>
[COT 2023-05-29 11:56:18] 76561198040010982: Spawned Entity Hryvnia Banknotes Stack (ExpansionBanknoteHryvnia<ea6af100>, 50000, 100) at <6301.911133, 20.692390, 9522.635742>
[COT 2023-05-29 11:56:18] 76561198040010982: Spawned Entity Hryvnia Banknotes Stack (ExpansionBanknoteHryvnia<ea6acfd0>, 50000, 100) at <6301.911133, 20.692390, 9522.635742>
[COT 2023-05-29 11:56:19] 76561198040010982: Spawned Entity Hryvnia Banknotes Stack (ExpansionBanknoteHryvnia<ea6bad10>, 50000, 100) at <6301.911133, 20.692390, 9522.635742>
[COT 2023-05-29 11:56:19] 76561198040010982: Spawned Entity Hryvnia Banknotes Stack (ExpansionBanknoteHryvnia<ea6cccb0>, 50000, 100) at <6301.911133, 20.692390, 9522.635742>
[COT 2023-05-29 11:56:19] 76561198040010982: Spawned Entity Hryvnia Banknotes Stack (ExpansionBanknoteHryvnia<ebe9a9e0>, 50000, 100) at <6301.911133, 20.692390, 9522.635742>
[COT 2023-05-29 11:56:19] 76561198040010982: Spawned Entity Hryvnia Banknotes Stack (ExpansionBanknoteHryvnia<ebea39b0>, 50000, 100) at <6301.911133, 20.692390, 9522.635742>
[COT 2023-05-29 11:56:19] 76561198040010982: Spawned Entity Hryvnia Banknotes Stack (ExpansionBanknoteHryvnia<ebeb2200>, 50000, 100) at <6301.911133, 20.692390, 9522.635742>
[COT 2023-05-29 11:56:21] 76561198930893538: Spawned Entity USD Banknotes Stack (ExpansionBanknoteUSD<ebebff40>, 50000, 100) at <6300.344238, 20.692425, 9522.356445>
[COT 2023-05-29 11:56:21] 76561198930893538: Spawned Entity USD Banknotes Stack (ExpansionBanknoteUSD<ebec0a50>, 50000, 100) at <6300.344238, 20.692425, 9522.356445>
[COT 2023-05-29 11:56:22] 76561198930893538: Spawned Entity USD Banknotes Stack (ExpansionBanknoteUSD<ec158b80>, 50000, 100) at <6300.344238, 20.692425, 9522.356445>
[COT 2023-05-29 11:56:22] 76561198930893538: Spawned Entity USD Banknotes Stack (ExpansionBanknoteUSD<ec163170>, 50000, 100) at <6300.344238, 20.692425, 9522.356445>
[COT 2023-05-29 11:56:22] 76561198930893538: Spawned Entity USD Banknotes Stack (ExpansionBanknoteUSD<ec163c80>, 50000, 100) at <6300.344238, 20.692425, 9522.356445>
[COT 2023-05-29 11:57:41] 76561198040010982: Spawned Entity Hryvnia Banknotes Stack (ExpansionBanknoteHryvnia<e6d566a0>, 50000, 100) at <6302.653809, 20.692499, 9522.308594>
[COT 2023-05-29 11:57:41] 76561198040010982: Spawned Entity Hryvnia Banknotes Stack (ExpansionBanknoteHryvnia<e4ac1ce0>, 50000, 100) at <6302.653809, 20.692499, 9522.308594>
[COT 2023-05-29 11:57:41] 76561198040010982: Spawned Entity Hryvnia Banknotes Stack (ExpansionBanknoteHryvnia<e4aad100>, 50000, 100) at <6302.653809, 20.692499, 9522.308594>
[COT 2023-05-29 11:57:41] 76561198040010982: Spawned Entity Hryvnia Banknotes Stack (ExpansionBanknoteHryvnia<e4ab9820>, 50000, 100) at <6302.653809, 20.692499, 9522.308594>
[COT 2023-05-29 11:57:41] 76561198040010982: Spawned Entity Hryvnia Banknotes Stack (ExpansionBanknoteHryvnia<e2769310>, 50000, 100) at <6302.653809, 20.692499, 9522.308594>
[COT 2023-05-29 11:57:41] 76561198040010982: Spawned Entity Hryvnia Banknotes Stack (ExpansionBanknoteHryvnia<e27666d0>, 50000, 100) at <6302.653809, 20.692499, 9522.308594>
[COT 2023-05-29 11:57:41] 76561198040010982: Spawned Entity Hryvnia Banknotes Stack (ExpansionBanknoteHryvnia<e0b4a680>, 50000, 100) at <6302.653809, 20.692499, 9522.308594>
[COT 2023-05-29 11:57:41] 76561198040010982: Spawned Entity Hryvnia Banknotes Stack (ExpansionBanknoteHryvnia<e0b6cfa0>, 50000, 100) at <6302.653809, 20.692499, 9522.308594>
[COT 2023-05-29 11:57:42] 76561198040010982: Spawned Entity Hryvnia Banknotes Stack (ExpansionBanknoteHryvnia<ec7d9dd0>, 50000, 100) at <6302.653809, 20.692499, 9522.308594>
[COT 2023-05-29 11:57:42] 76561198040010982: Spawned Entity Hryvnia Banknotes Stack (ExpansionBanknoteHryvnia<ec7e59e0>, 50000, 100) at <6302.653809, 20.692499, 9522.308594>
[COT 2023-05-29 11:57:42] 76561198040010982: Spawned Entity Hryvnia Banknotes Stack (ExpansionBanknoteHryvnia<e31d4030>, 50000, 100) at <6302.653809, 20.692499, 9522.308594>
[COT 2023-05-29 11:57:42] 76561198040010982: Spawned Entity Hryvnia Banknotes Stack (ExpansionBanknoteHryvnia<e3202560>, 50000, 100) at <6302.653809, 20.692499, 9522.308594>
[COT 2023-05-29 11:57:42] 76561198040010982: Spawned Entity Hryvnia Banknotes Stack (ExpansionBanknoteHryvnia<e67898f0>, 50000, 100) at <6302.653809, 20.692499, 9522.308594>
[COT 2023-05-29 11:57:42] 76561198040010982: Spawned Entity Hryvnia Banknotes Stack (ExpansionBanknoteHryvnia<e67882d0>, 50000, 100) at <6302.653809, 20.692499, 9522.308594>
[COT 2023-05-29 11:57:42] 76561198040010982: Spawned Entity Hryvnia Banknotes Stack (ExpansionBanknoteHryvnia<ec1703a0>, 50000, 100) at <6302.653809, 20.692499, 9522.308594>
[COT 2023-05-29 11:57:42] 76561198040010982: Spawned Entity Hryvnia Banknotes Stack (ExpansionBanknoteHryvnia<ec181830>, 50000, 100) at <6302.653809, 20.692499, 9522.308594>
[COT 2023-05-29 11:57:43] 76561198040010982: Spawned Entity Hryvnia Banknotes Stack (ExpansionBanknoteHryvnia<d945f440>, 50000, 100) at <6302.653809, 20.692499, 9522.308594>
[COT 2023-05-29 11:57:43] 76561198040010982: Spawned Entity Hryvnia Banknotes Stack (ExpansionBanknoteHryvnia<d9469a30>, 50000, 100) at <6302.653809, 20.692499, 9522.308594>
[COT 2023-05-29 11:57:43] 76561198040010982: Spawned Entity Hryvnia Banknotes Stack (ExpansionBanknoteHryvnia<e632a520>, 50000, 100) at <6302.653809, 20.692499, 9522.308594>
[COT 2023-05-29 11:57:43] 76561198040010982: Spawned Entity Hryvnia Banknotes Stack (ExpansionBanknoteHryvnia<e63257b0>, 50000, 100) at <6302.653809, 20.692499, 9522.308594>
[COT 2023-05-29 11:57:43] 76561198040010982: Spawned Entity Hryvnia Banknotes Stack (ExpansionBanknoteHryvnia<ea32f690>, 50000, 100) at <6302.653809, 20.692499, 9522.308594>
[COT 2023-05-29 11:57:43] 76561198040010982: Spawned Entity Hryvnia Banknotes Stack (ExpansionBanknoteHryvnia<e8a9f070>, 50000, 100) at <6302.653809, 20.692499, 9522.308594>
[COT 2023-05-29 11:57:43] 76561198040010982: Spawned Entity Hryvnia Banknotes Stack (ExpansionBanknoteHryvnia<e8aa0690>, 50000, 100) at <6302.653809, 20.692499, 9522.308594>
[COT 2023-05-29 11:57:43] 76561198040010982: Spawned Entity Hryvnia Banknotes Stack (ExpansionBanknoteHryvnia<ccaca9b0>, 50000, 100) at <6302.653809, 20.692499, 9522.308594>
[COT 2023-05-29 11:57:43] 76561198040010982: Spawned Entity Hryvnia Banknotes Stack (ExpansionBanknoteHryvnia<e2580da0>, 50000, 100) at <6302.653809, 20.692499, 9522.308594>
[COT 2023-05-29 11:57:44] 76561198040010982: Spawned Entity Hryvnia Banknotes Stack (ExpansionBanknoteHryvnia<e258eae0>, 50000, 100) at <6302.653809, 20.692499, 9522.308594>
[COT 2023-05-29 11:57:44] 76561198040010982: Spawned Entity Hryvnia Banknotes Stack (ExpansionBanknoteHryvnia<e2596fa0>, 50000, 100) at <6302.653809, 20.692499, 9522.308594>
[COT 2023-05-29 11:57:44] 76561198040010982: Spawned Entity Hryvnia Banknotes Stack (ExpansionBanknoteHryvnia<e25abb80>, 50000, 100) at <6302.653809, 20.692499, 9522.308594>
[COT 2023-05-29 11:57:44] 76561198040010982: Spawned Entity Hryvnia Banknotes Stack (ExpansionBanknoteHryvnia<e4c98130>, 50000, 100) at <6302.653809, 20.692499, 9522.308594>
[COT 2023-05-29 11:57:44] 76561198040010982: Spawned Entity Hryvnia Banknotes Stack (ExpansionBanknoteHryvnia<e6ffa040>, 50000, 100) at <6302.653809, 20.692499, 9522.308594>
[COT 2023-05-29 11:57:44] 76561198040010982: Spawned Entity Hryvnia Banknotes Stack (ExpansionBanknoteHryvnia<e70093a0>, 50000, 100) at <6302.653809, 20.692499, 9522.308594>
[COT 2023-05-29 11:57:44] 76561198040010982: Spawned Entity Hryvnia Banknotes Stack (ExpansionBanknoteHryvnia<e700a9c0>, 50000, 100) at <6302.653809, 20.692499, 9522.308594>
[COT 2023-05-29 11:57:44] 76561198040010982: Spawned Entity Hryvnia Banknotes Stack (ExpansionBanknoteHryvnia<e65e9b10>, 50000, 100) at <6302.653809, 20.692499, 9522.308594>
[COT 2023-05-29 11:57:45] 76561198040010982: Spawned Entity Hryvnia Banknotes Stack (ExpansionBanknoteHryvnia<eaf12b80>, 50000, 100) at <6302.653809, 20.692499, 9522.308594>
[COT 2023-05-29 11:58:16] 76561198040010982: Set Reputation To 5000 [guid=8vtfObsTQABYXpVHaEsAuZ5QTEAjCvC2a-AZwd4E5dw=]
[COT 2023-05-29 12:04:40] 76561198040010982: Teleported to <2657.838135, 3.674268, 11141.584961> [guid=QOVCOk5flZ8LlxY_vIXEUxFpj4R6rL-wr-TF8_b4xZo=]
[COT 2023-05-29 12:05:15] 76561198040010982: Spawned Entity  (Expansion_C4_Explosion<47f4ffc0>, -1, 0) at <2662.369385, 6.127630, 11137.914063>
[COT 2023-05-29 12:05:36] 76561198040010982: Teleported to <2661.026611, 6.619337, 11136.833984> [guid=QOVCOk5flZ8LlxY_vIXEUxFpj4R6rL-wr-TF8_b4xZo=]
[COT 2023-05-29 12:07:18] 76561198040010982: Spawned Entity Infected (ZmbM_PatrolNormal_Base<51687c20>, -1, 115) at <2675.206055, 2.000000, 11146.600586>
[COT 2023-05-29 12:07:32] 76561198040010982: Spawned Entity Survivor (SurvivorBase<52173020>, -1, 100) at <2675.202148, 2.000000, 11146.603516>
[COT 2023-05-29 12:07:38] 76561198040010982: Spawned Entity Survivor (eAI_SurvivorM_Mirek<515c0080>, -1, 100) at <2675.155518, 1.999995, 11146.458008>
[COT 2023-05-29 12:07:50] 76561198040010982: Spawned Entity Survivor (eAI_SurvivorF_Maria<b034f10>, -1, 100) at <2675.206787, 1.999999, 11146.600586>
[COT 2023-05-29 12:08:03] 76561198040010982: Spawned Entity Survivor (eAI_SurvivorM_Kaito<50e102a0>, -1, 100) at <2675.202148, 2.000000, 11146.598633>
[COT 2023-05-29 12:08:17] 76561198040010982: Spawned Entity Survivor (eAI_SurvivorM_Mirek<441d4010>, -1, 100) at <2659.770020, 6.872769, 11136.120117>
[COT 2023-05-29 12:08:17] 76561198040010982: Spawned Entity Survivor (eAI_SurvivorM_Mirek<5368b2a0>, -1, 100) at <2658.745605, 6.902308, 11136.679688>
[COT 2023-05-29 12:08:18] 76561198040010982: Spawned Entity Survivor (eAI_SurvivorM_Mirek<515e40d0>, -1, 100) at <2659.144775, 6.919392, 11136.277344>
[COT 2023-05-29 12:08:18] 76561198040010982: Spawned Entity Survivor (eAI_SurvivorM_Mirek<50d7e530>, -1, 100) at <2659.123535, 6.918033, 11136.301758>
[COT 2023-05-29 12:08:18] 76561198040010982: Spawned Entity Survivor (eAI_SurvivorM_Mirek<50d94f20>, -1, 100) at <2659.098877, 6.920743, 11136.296875>
[COT 2023-05-29 12:08:18] 76561198040010982: Spawned Entity Survivor (eAI_SurvivorM_Mirek<50dab910>, -1, 100) at <2659.030518, 6.920743, 11136.291992>
[COT 2023-05-29 12:08:51] 76561198930893538: Spawned Entity Survivor (eAI_SurvivorM_Cyril<519a3030>, -1, 100) at <2659.273438, 7.344777, 11132.282227>
[COT 2023-05-29 12:09:10] 76561198040010982: Healed [guid=8vtfObsTQABYXpVHaEsAuZ5QTEAjCvC2a-AZwd4E5dw=]
[COT 2023-05-29 12:09:10] 76561198040010982: Healed [guid=8vtfObsTQABYXpVHaEsAuZ5QTEAjCvC2a-AZwd4E5dw=]
[COT 2023-05-29 12:09:10] 76561198040010982: Healed [guid=8vtfObsTQABYXpVHaEsAuZ5QTEAjCvC2a-AZwd4E5dw=]
[COT 2023-05-29 12:09:28] 76561198930893538: Set GodMode To false [guid=QOVCOk5flZ8LlxY_vIXEUxFpj4R6rL-wr-TF8_b4xZo=]
[COT 2023-05-29 12:09:30] 76561198930893538: Set cannot be targeted by AI to false [guid=QOVCOk5flZ8LlxY_vIXEUxFpj4R6rL-wr-TF8_b4xZo=]
[COT 2023-05-29 12:09:36] 76561198040010982: Spawned Entity Survivor (eAI_SurvivorM_Mirek<51a8d010>, -1, 100) at <2658.542236, 7.435773, 11129.399414>
