[COT 2023-05-31 21:05:04] 76561198040010982: Spawned Entity RVN Sights (M4_T3NRDSOptic<38c63340>, -1, 50) at <1225.758789, 2.538446, 11823.507813>
[COT 2023-05-31 21:06:13] 76561198040010982: Spawned Entity Wall Kit (ExpansionWallKit<514d2950>, -1, 100) at <1170.379150, 2.012413, 11591.344727>
[COT 2023-05-31 21:06:27] 76561198040010982: Spawned Entity Flag Pole Kit (TerritoryFlagKit<514d1330>, -1, 200) at <1169.542603, 2.012434, 11584.535156>
[COT 2023-05-31 21:06:27] 76561198040010982: Spawned Entity Flag Pole Kit (TerritoryFlagKit<514d1e40>, -1, 200) at <1169.542603, 2.012434, 11584.535156>
[COT 2023-05-31 21:07:22] 76561198040010982: Spawned Entity Admin Hammer (Hammer<51ef9f00>, -1, 100) at <1169.264282, 2.012399, 11585.678711>
[COT 2023-05-31 21:07:22] 76561198040010982: Spawned Entity Admin Hammer (Hammer<51efaa10>, -1, 100) at <1169.264282, 2.012399, 11585.678711>
[COT 2023-05-31 21:07:29] 76561198930893538: Set GodMode To true [guid=QOVCOk5flZ8LlxY_vIXEUxFpj4R6rL-wr-TF8_b4xZo=]
[COT 2023-05-31 21:07:30] 76561198930893538: Set cannot be targeted by AI to true [guid=QOVCOk5flZ8LlxY_vIXEUxFpj4R6rL-wr-TF8_b4xZo=]
[COT 2023-05-31 21:07:31] 76561198930893538: Set UnlimitedStamina To true [guid=QOVCOk5flZ8LlxY_vIXEUxFpj4R6rL-wr-TF8_b4xZo=]
[COT 2023-05-31 21:07:31] 76561198930893538: Set UnlimitedAmmo To true [guid=QOVCOk5flZ8LlxY_vIXEUxFpj4R6rL-wr-TF8_b4xZo=]
[COT 2023-05-31 21:07:41] 76561198930893538: Teleported to <1169.565918, 2.012403, 11585.685547> [guid=8vtfObsTQABYXpVHaEsAuZ5QTEAjCvC2a-AZwd4E5dw=]
[COT 2023-05-31 21:08:05] 76561198040010982: Spawned Entity Wall Kit (ExpansionWallKit<51f05000>, -1, 100) at <1166.531616, 2.012464, 11585.786133>
[COT 2023-05-31 21:08:05] 76561198040010982: Spawned Entity Wall Kit (ExpansionWallKit<51f044f0>, -1, 100) at <1166.531616, 2.012464, 11585.786133>
[COT 2023-05-31 21:10:24] 76561198930893538: Healed [guid=QOVCOk5flZ8LlxY_vIXEUxFpj4R6rL-wr-TF8_b4xZo=]
[COT 2023-05-31 21:10:26] 76561198930893538: Healed [guid=QOVCOk5flZ8LlxY_vIXEUxFpj4R6rL-wr-TF8_b4xZo=]
[COT 2023-05-31 21:10:26] 76561198930893538: Healed [guid=QOVCOk5flZ8LlxY_vIXEUxFpj4R6rL-wr-TF8_b4xZo=]
[COT 2023-05-31 21:10:26] 76561198930893538: Healed [guid=QOVCOk5flZ8LlxY_vIXEUxFpj4R6rL-wr-TF8_b4xZo=]
[COT 2023-05-31 21:10:26] 76561198930893538: Healed [guid=QOVCOk5flZ8LlxY_vIXEUxFpj4R6rL-wr-TF8_b4xZo=]
[COT 2023-05-31 21:10:27] 76561198930893538: Healed [guid=QOVCOk5flZ8LlxY_vIXEUxFpj4R6rL-wr-TF8_b4xZo=]
[COT 2023-05-31 21:11:16] 76561198930893538: Spawned Entity Satchel Charge (ExpansionExplosive<51f3eb50>, -1, 100) at <1222.754761, 2.012499, 11843.717773>
[COT 2023-05-31 21:11:16] 76561198930893538: Spawned Entity Satchel Charge (ExpansionExplosive<51f3f660>, -1, 100) at <1222.754761, 2.012499, 11843.717773>
[COT 2023-05-31 21:11:16] 76561198930893538: Spawned Entity Satchel Charge (ExpansionExplosive<51f40c80>, -1, 100) at <1222.754761, 2.012499, 11843.717773>
[COT 2023-05-31 21:12:23] 76561198930893538: Teleported to <1173.148438, 2.012455, 11582.930664> [guid=8vtfObsTQABYXpVHaEsAuZ5QTEAjCvC2a-AZwd4E5dw=]
[COT 2023-05-31 21:15:25] 76561198930893538: Teleported to <5229.170410, 35.478580, 8584.416016> [guid=zhJxvJUIQcTeCgEZ3Xhlvc_WjNMgSdId2I-HV3Jo6tA=]
[COT 2023-05-31 21:15:29] 76561198930893538: Set GodMode To false [guid=QOVCOk5flZ8LlxY_vIXEUxFpj4R6rL-wr-TF8_b4xZo=]
[COT 2023-05-31 21:15:30] 76561198930893538: Set cannot be targeted by AI to false [guid=QOVCOk5flZ8LlxY_vIXEUxFpj4R6rL-wr-TF8_b4xZo=]
[COT 2023-05-31 21:15:30] 76561198930893538: Set UnlimitedStamina To false [guid=QOVCOk5flZ8LlxY_vIXEUxFpj4R6rL-wr-TF8_b4xZo=]
[COT 2023-05-31 21:15:30] 76561198930893538: Set UnlimitedAmmo To false [guid=QOVCOk5flZ8LlxY_vIXEUxFpj4R6rL-wr-TF8_b4xZo=]
[COT 2023-05-31 21:31:43] 76561198040010982: Entered the Free Camera
[COT 2023-05-31 21:32:01] 76561198040010982: Left the Free Camera
[COT 2023-05-31 21:37:24] 76561198040010982: Repaired Transport [guid=8vtfObsTQABYXpVHaEsAuZ5QTEAjCvC2a-AZwd4E5dw=]
[COT 2023-05-31 21:37:24] 76561198040010982: Repaired Transport [guid=8vtfObsTQABYXpVHaEsAuZ5QTEAjCvC2a-AZwd4E5dw=]
[COT 2023-05-31 21:38:15] 76561198040010982: Spawned Entity Gold Bar (ExpansionGoldBar<cdcc4ae0>, 100, 100) at <8568.849609, 15.939878, 10514.184570>
[COT 2023-05-31 21:38:15] 76561198040010982: Spawned Entity Gold Bar (ExpansionGoldBar<e53dc4d0>, 100, 100) at <8568.849609, 15.939878, 10514.184570>
[COT 2023-05-31 21:46:31] 76561198930893538: Spawned Entity Hryvnia Banknotes Stack (ExpansionBanknoteHryvnia<e9e1ef10>, 1000, 100) at <8587.493164, 14.732435, 10516.189453>
[COT 2023-05-31 21:55:53] 76561198040010982: Healed [guid=8vtfObsTQABYXpVHaEsAuZ5QTEAjCvC2a-AZwd4E5dw=]
[COT 2023-05-31 21:55:54] 76561198040010982: Healed [guid=8vtfObsTQABYXpVHaEsAuZ5QTEAjCvC2a-AZwd4E5dw=]
[COT 2023-05-31 22:12:38] 76561198040010982: Teleported to position <4333.779785, 4.240000, 4755.673828>
[COT 2023-05-31 22:12:49] 76561198040010982: Teleported to <1223.499146, 2.012481, 11844.812500> [guid=QOVCOk5flZ8LlxY_vIXEUxFpj4R6rL-wr-TF8_b4xZo=]
[COT 2023-05-31 22:13:19] 76561198040010982: Teleported to position <4175.215820, 390.275543, 6612.098633>
[COT 2023-05-31 22:13:26] 76561198040010982: Set GodMode To true [guid=8vtfObsTQABYXpVHaEsAuZ5QTEAjCvC2a-AZwd4E5dw=]
[COT 2023-05-31 22:13:27] 76561198040010982: Set cannot be targeted by AI to true [guid=8vtfObsTQABYXpVHaEsAuZ5QTEAjCvC2a-AZwd4E5dw=]
[COT 2023-05-31 22:14:04] 76561198040010982: Entered the Free Camera
[COT 2023-05-31 22:16:23] 76561198040010982: Left the Free Camera
[COT 2023-05-31 22:16:42] 76561198040010982: Teleported 8vtfObsTQABYXpVHaEsAuZ5QTEAjCvC2a-AZwd4E5dw= to (Local | C-130J Mohawk, <3192.687256, 116.835457, 7536.066895>)
[COT 2023-05-31 22:21:53] 76561198040010982: Spawned Entity Road Flare (Roadflare<e9c83290>, 20, 100) at <3202.329102, 118.287392, 7509.825195>
[COT 2023-05-31 22:22:19] 76561198930893538: Set GodMode To true [guid=QOVCOk5flZ8LlxY_vIXEUxFpj4R6rL-wr-TF8_b4xZo=]
[COT 2023-05-31 22:22:21] 76561198930893538: Set UnlimitedStamina To true [guid=QOVCOk5flZ8LlxY_vIXEUxFpj4R6rL-wr-TF8_b4xZo=]
[COT 2023-05-31 22:22:21] 76561198930893538: Set UnlimitedAmmo To true [guid=QOVCOk5flZ8LlxY_vIXEUxFpj4R6rL-wr-TF8_b4xZo=]
[COT 2023-05-31 22:22:22] 76561198930893538: Set cannot be targeted by AI to true [guid=QOVCOk5flZ8LlxY_vIXEUxFpj4R6rL-wr-TF8_b4xZo=]
[COT 2023-05-31 22:22:25] 76561198930893538: Teleported to <3200.809082, 118.091278, 7509.575684> [guid=8vtfObsTQABYXpVHaEsAuZ5QTEAjCvC2a-AZwd4E5dw=]
[COT 2023-05-31 22:22:38] 76561199176957808: Teleported to position <8578.640625, 14.776070, 10485.285156>
[COT 2023-05-31 22:23:20] 76561199176957808: Teleported to <3196.604736, 118.194344, 7509.298340> [guid=8vtfObsTQABYXpVHaEsAuZ5QTEAjCvC2a-AZwd4E5dw=]
[COT 2023-05-31 22:23:27] 76561198930893538: Teleported to position <1198.373901, 2.702837, 11840.586914>
[COT 2023-05-31 22:24:00] 76561199176957808: Teleported to <1222.973999, 2.012494, 11844.109375> [guid=QOVCOk5flZ8LlxY_vIXEUxFpj4R6rL-wr-TF8_b4xZo=]
[COT 2023-05-31 22:24:02] 76561198930893538: Set GodMode To false [guid=8vtfObsTQABYXpVHaEsAuZ5QTEAjCvC2a-AZwd4E5dw=]
[COT 2023-05-31 22:24:04] 76561198930893538: Set GodMode To true [guid=8vtfObsTQABYXpVHaEsAuZ5QTEAjCvC2a-AZwd4E5dw=]
[COT 2023-05-31 22:24:07] 76561198930893538: Set GodMode To false [guid=QOVCOk5flZ8LlxY_vIXEUxFpj4R6rL-wr-TF8_b4xZo=]
[COT 2023-05-31 22:24:08] 76561198930893538: Set cannot be targeted by AI to false [guid=QOVCOk5flZ8LlxY_vIXEUxFpj4R6rL-wr-TF8_b4xZo=]
[COT 2023-05-31 22:24:08] 76561198930893538: Set UnlimitedStamina To false [guid=QOVCOk5flZ8LlxY_vIXEUxFpj4R6rL-wr-TF8_b4xZo=]
[COT 2023-05-31 22:24:08] 76561198930893538: Set UnlimitedAmmo To false [guid=QOVCOk5flZ8LlxY_vIXEUxFpj4R6rL-wr-TF8_b4xZo=]
[COT 2023-05-31 22:26:44] 76561198040010982: Teleported to <1222.973999, 2.012494, 11844.109375> [guid=QOVCOk5flZ8LlxY_vIXEUxFpj4R6rL-wr-TF8_b4xZo=]
[COT 2023-05-31 22:32:39] 76561198040010982: Spawned Entity Hryvnia Banknotes Stack (ExpansionBanknoteHryvnia<ec304ac0>, 1000, 100) at <1218.401855, 2.012500, 11842.550781>
[COT 2023-05-31 22:32:40] 76561198040010982: Spawned Entity Hryvnia Banknotes Stack (ExpansionBanknoteHryvnia<ec3055d0>, 1000, 100) at <1218.401855, 2.012500, 11842.550781>
[COT 2023-05-31 22:32:40] 76561198040010982: Spawned Entity Hryvnia Banknotes Stack (ExpansionBanknoteHryvnia<ec2ffd50>, 1000, 100) at <1218.401855, 2.012500, 11842.550781>
[COT 2023-05-31 22:32:40] 76561198040010982: Spawned Entity Hryvnia Banknotes Stack (ExpansionBanknoteHryvnia<ec307700>, 1000, 100) at <1218.401855, 2.012500, 11842.550781>
[COT 2023-05-31 22:32:40] 76561198040010982: Spawned Entity Hryvnia Banknotes Stack (ExpansionBanknoteHryvnia<ec30a340>, 1000, 100) at <1218.401855, 2.012500, 11842.550781>
[COT 2023-05-31 22:32:40] 76561198040010982: Spawned Entity Hryvnia Banknotes Stack (ExpansionBanknoteHryvnia<ec308210>, 1000, 100) at <1218.401855, 2.012500, 11842.550781>
[COT 2023-05-31 22:32:40] 76561198040010982: Spawned Entity Hryvnia Banknotes Stack (ExpansionBanknoteHryvnia<ec309830>, 1000, 100) at <1218.401855, 2.012500, 11842.550781>
[COT 2023-05-31 22:42:11] 76561198040010982: ESP: Viewing ESP
[COT 2023-05-31 22:48:14] 76561198040010982: Entered the Free Camera
[COT 2023-05-31 22:48:17] 76561198040010982: Left the Free Camera
[COT 2023-05-31 22:48:28] 76561198040010982: Teleported to position <6127.846680, 8.060882, 5727.113281>
[COT 2023-05-31 22:48:58] 76561198040010982: Teleported to position <6168.018555, 9.417557, 5865.613770>
[COT 2023-05-31 22:49:16] 76561198040010982: Teleported to position <2190.062988, 4.013471, 5763.215820>
[COT 2023-05-31 22:50:02] 76561198040010982: Spawned Entity Wall Kit (ExpansionWallKit<51017a70>, -1, 100) at <2190.568115, 4.165675, 5772.015137>
[COT 2023-05-31 22:50:21] 76561198040010982: Spawned Entity Flag Pole Kit (TerritoryFlagKit<e99cef10>, -1, 200) at <2190.648926, 4.165668, 5772.146973>
[COT 2023-05-31 22:52:32] 76561198040010982: Spawned Entity Wall Kit (ExpansionWallKit<ebf99230>, -1, 100) at <2183.848877, 3.945726, 5765.165527>
[COT 2023-05-31 22:53:27] 76561198040010982: Spawned Entity Floor Kit (ExpansionFloorKit<50c60ce0>, -1, 100) at <2187.358154, 3.982093, 5764.432617>
[COT 2023-05-31 22:53:27] 76561198040010982: Spawned Entity Floor Kit (ExpansionFloorKit<50c6ea20>, -1, 100) at <2187.358154, 3.982093, 5764.432617>
[COT 2023-05-31 22:57:18] 76561198040010982: Spawned Entity Hatchet (Hatchet<dc312980>, -1, 150) at <2187.555908, 4.376337, 5765.169434>
[COT 2023-05-31 22:59:31] 76561198040010982: Spawned Entity Ramp Kit (ExpansionRampKit<de5118c0>, -1, 100) at <2200.940674, 4.160752, 5756.166016>
[COT 2023-05-31 23:06:35] 76561198930893538: Teleported to position <5220.240723, 31.258438, 8607.701172>
[COT 2023-05-31 23:13:23] 76561198040010982: Spawned Entity Matches (Matchbox<519c2a50>, 100, 80) at <2193.524170, 4.165736, 5770.063965>
[COT 2023-05-31 23:13:23] 76561198040010982: Spawned Entity Matches (Matchbox<519c4b80>, 100, 80) at <2193.524170, 4.165736, 5770.063965>
[COT 2023-05-31 23:17:56] 76561198040010982: Spawned Entity Code Lock (ExpansionCodeLock<e978e9e0>, -1, 100) at <2196.040283, 4.109039, 5760.488770>
[COT 2023-05-31 23:17:57] 76561198040010982: Spawned Entity Code Lock (ExpansionCodeLock<e978c8b0>, -1, 100) at <2196.040283, 4.109039, 5760.488770>
[COT 2023-05-31 23:17:57] 76561198040010982: Spawned Entity Code Lock (ExpansionCodeLock<e9790000>, -1, 100) at <2196.040283, 4.109039, 5760.488770>
[COT 2023-05-31 23:17:57] 76561198040010982: Spawned Entity Code Lock (ExpansionCodeLock<e9794260>, -1, 100) at <2196.040283, 4.109039, 5760.488770>
[COT 2023-05-31 23:19:21] 76561198040010982: Entered the Free Camera
[COT 2023-05-31 23:19:27] 76561198040010982: Left the Free Camera
[COT 2023-05-31 23:20:00] 76561198040010982: Entered the Free Camera
[COT 2023-05-31 23:21:04] 76561198040010982: Left the Free Camera
[COT 2023-05-31 23:21:32] 76561198040010982: Entered the Free Camera
[COT 2023-05-31 23:22:00] 76561198040010982: Left the Free Camera
[COT 2023-05-31 23:24:01] 76561198040010982: Entered the Free Camera
[COT 2023-05-31 23:24:25] 76561198040010982: Left the Free Camera
[COT 2023-05-31 23:25:08] 76561198040010982: Spawned Entity Hryvnia Banknotes Stack (ExpansionBanknoteHryvnia<510116e0>, 50000, 100) at <8592.735352, 14.734094, 10492.625000>
[COT 2023-05-31 23:25:28] 76561198040010982: Spawned Entity Hryvnia Banknotes Stack (ExpansionBanknoteHryvnia<694c62d0>, 50000, 100) at <8593.548828, 14.732780, 10492.267578>
[COT 2023-05-31 23:25:28] 76561198040010982: Spawned Entity Hryvnia Banknotes Stack (ExpansionBanknoteHryvnia<694c2070>, 50000, 100) at <8593.548828, 14.732780, 10492.267578>
[COT 2023-05-31 23:25:28] 76561198040010982: Spawned Entity Hryvnia Banknotes Stack (ExpansionBanknoteHryvnia<694c78f0>, 50000, 100) at <8593.548828, 14.732780, 10492.267578>
[COT 2023-05-31 23:25:29] 76561198040010982: Spawned Entity Hryvnia Banknotes Stack (ExpansionBanknoteHryvnia<694c3690>, 50000, 100) at <8593.548828, 14.732780, 10492.267578>
[COT 2023-05-31 23:25:29] 76561198040010982: Spawned Entity Hryvnia Banknotes Stack (ExpansionBanknoteHryvnia<694ca530>, 50000, 100) at <8593.548828, 14.732780, 10492.267578>
[COT 2023-05-31 23:25:29] 76561198040010982: Spawned Entity Hryvnia Banknotes Stack (ExpansionBanknoteHryvnia<694cb040>, 50000, 100) at <8593.548828, 14.732780, 10492.267578>
[COT 2023-05-31 23:25:29] 76561198040010982: Spawned Entity Hryvnia Banknotes Stack (ExpansionBanknoteHryvnia<694c4cb0>, 50000, 100) at <8593.548828, 14.732780, 10492.267578>
[COT 2023-05-31 23:25:29] 76561198040010982: Spawned Entity Hryvnia Banknotes Stack (ExpansionBanknoteHryvnia<694cfdb0>, 50000, 100) at <8593.548828, 14.732780, 10492.267578>
[COT 2023-05-31 23:25:29] 76561198040010982: Spawned Entity Hryvnia Banknotes Stack (ExpansionBanknoteHryvnia<694cd170>, 50000, 100) at <8593.548828, 14.732780, 10492.267578>
[COT 2023-05-31 23:25:29] 76561198040010982: Spawned Entity Hryvnia Banknotes Stack (ExpansionBanknoteHryvnia<694ce790>, 50000, 100) at <8593.548828, 14.732780, 10492.267578>
[COT 2023-05-31 23:27:49] 76561198040010982: Teleported to position <2205.282715, 4.129329, 5749.738281>
[COT 2023-05-31 23:29:10] 76561198040010982: ESP: Clearing ESP
[COT 2023-05-31 23:29:11] 76561198040010982: ESP: Viewing ESP
[COT 2023-05-31 23:31:13] 76561198040010982: Spawned Entity Parking Meter Construction-Kit (ExpansionParkingMeterKit<e7e507f0>, -1, 200) at <2186.866211, 7.380567, 5765.723633>
[COT 2023-05-31 23:31:21] 76561198040010982: Spawned Entity Car Battery (CarBattery<e7e30b10>, 50, 200) at <2186.866211, 7.380567, 5765.723633>
[COT 2023-05-31 23:32:19] 76561198040010982: Spawned Entity Circuit Board - MK2 (ExpansionCircuitBoard_MK2<ec309830>, -1, 20) at <2185.438232, 7.380529, 5767.022949>
[COT 2023-05-31 23:33:46] 76561199176957808: Teleported to <2199.632080, 5.628712, 5756.229980> [guid=8vtfObsTQABYXpVHaEsAuZ5QTEAjCvC2a-AZwd4E5dw=]
[COT 2023-05-31 23:35:03] 76561199176957808: Teleported to <5231.032715, 31.584208, 8589.210938> [guid=QOVCOk5flZ8LlxY_vIXEUxFpj4R6rL-wr-TF8_b4xZo=]
[COT 2023-05-31 23:36:32] 76561198930893538: ESP: Viewing ESP
[COT 2023-05-31 23:36:42] 76561198930893538: ESP: Clearing ESP
[COT 2023-05-31 23:36:42] 76561198930893538: ESP: Viewing ESP
[COT 2023-05-31 23:36:51] 76561198930893538: ESP: Clearing ESP
[COT 2023-05-31 23:36:52] 76561198930893538: ESP: Viewing ESP
[COT 2023-05-31 23:36:54] 76561198930893538: ESP: Clearing ESP
[COT 2023-05-31 23:38:25] 76561198040010982: Entered the Free Camera
[COT 2023-05-31 23:38:28] 76561198040010982: Left the Free Camera
[COT 2023-05-31 23:38:54] 76561198040010982: Entered the Free Camera
[COT 2023-05-31 23:39:12] 76561198040010982: Left the Free Camera
[COT 2023-05-31 23:42:03] 76561198040010982: ESP: Clearing ESP
[COT 2023-05-31 23:42:03] 76561198040010982: ESP: Viewing ESP
[COT 2023-05-31 23:42:05] 76561198040010982: ESP index=0 target=ExpansionWall6x3:012794 position=<2195.572754, 4.127631, 5757.647949> action=delete
[COT 2023-05-31 23:42:05] 76561198040010982: ESP action=delete_all count=1 attempted=1
[COT 2023-05-31 23:42:07] 76561198040010982: ESP index=0 target=ExpansionWall6x3:011802 position=<2195.572754, 4.127631, 5757.647949> action=delete
[COT 2023-05-31 23:42:07] 76561198040010982: ESP action=delete_all count=1 attempted=1
[COT 2023-05-31 23:42:09] 76561198040010982: ESP index=0 target=ExpansionWall6x3:09689 position=<2195.572754, 4.127631, 5757.647949> action=delete
[COT 2023-05-31 23:42:09] 76561198040010982: ESP action=delete_all count=1 attempted=1
[COT 2023-05-31 23:43:45] 76561198040010982: ESP: Clearing ESP
[COT 2023-05-31 23:43:54] 76561198040010982: Spawned Entity Code Lock (ExpansionCodeLock<ebec2b40>, -1, 100) at <2190.156494, 4.165689, 5771.725586>
[COT 2023-05-31 23:43:55] 76561198040010982: Spawned Entity Code Lock (ExpansionCodeLock<ebebe8e0>, -1, 100) at <2190.156494, 4.165689, 5771.725586>
