[COT 2023-5M-26 19:21:27] 76561198040010982: Entered the Free Camera
[COT 2023-5M-26 19:21:39] 76561198040010982: Left the Free Camera
[COT 2023-5M-26 19:21:46] 76561199176957808: Set GodMode To false [guid=zhJxvJUIQcTeCgEZ3Xhlvc_WjNMgSdId2I-HV3Jo6tA=]
[COT 2023-5M-26 19:21:46] 76561199176957808: Set GodMode To true [guid=zhJxvJUIQcTeCgEZ3Xhlvc_WjNMgSdId2I-HV3Jo6tA=]
[COT 2023-5M-26 19:21:48] 76561199176957808: Set cannot be targeted by AI to true [guid=zhJxvJUIQcTeCgEZ3Xhlvc_WjNMgSdId2I-HV3Jo6tA=]
[COT 2023-5M-26 19:21:49] 76561199176957808: Set UnlimitedStamina To true [guid=zhJxvJUIQcTeCgEZ3Xhlvc_WjNMgSdId2I-HV3Jo6tA=]
[COT 2023-5M-26 19:21:50] 76561199176957808: Set UnlimitedAmmo To true [guid=zhJxvJUIQcTeCgEZ3Xhlvc_WjNMgSdId2I-HV3Jo6tA=]
[COT 2023-5M-26 19:24:29] 76561199176957808: ESP: Clearing ESP
[COT 2023-5M-26 19:24:31] 76561199176957808: ESP: Viewing ESP
[COT 2023-5M-26 19:37:36] 76561198401795791: Set Energy To 5000 [guid=QjlZXS0Ark29Vwx4GPzro34d4Mh-vfgK6BY62FOJWUg=]
[COT 2023-5M-26 19:37:36] 76561198401795791: Set Stamina To 100 [guid=QjlZXS0Ark29Vwx4GPzro34d4Mh-vfgK6BY62FOJWUg=]
[COT 2023-5M-26 19:37:37] 76561198401795791: Set GodMode To true [guid=QjlZXS0Ark29Vwx4GPzro34d4Mh-vfgK6BY62FOJWUg=]
[COT 2023-5M-26 19:37:39] 76561198401795791: Set cannot be targeted by AI to true [guid=QjlZXS0Ark29Vwx4GPzro34d4Mh-vfgK6BY62FOJWUg=]
[COT 2023-5M-26 19:37:39] 76561198401795791: Set UnlimitedStamina To true [guid=QjlZXS0Ark29Vwx4GPzro34d4Mh-vfgK6BY62FOJWUg=]
[COT 2023-5M-26 19:37:40] 76561198401795791: Set UnlimitedAmmo To true [guid=QjlZXS0Ark29Vwx4GPzro34d4Mh-vfgK6BY62FOJWUg=]
[COT 2023-5M-26 19:37:55] 76561198401795791: Teleported to <5206.455566, 34.802517, 8545.384766> [guid=zhJxvJUIQcTeCgEZ3Xhlvc_WjNMgSdId2I-HV3Jo6tA=]
[COT 2023-5M-26 19:38:50] 76561199176957808: ESP: Clearing ESP
[COT 2023-5M-26 19:38:51] 76561199176957808: ESP: Viewing ESP
[COT 2023-5M-26 19:43:54] 76561198401795791: Entered the Free Camera
[COT 2023-5M-26 19:44:27] 76561198401795791: Left the Free Camera
[COT 2023-5M-26 19:48:23] 76561198401795791: Spawned Entity Ghillie Rifle Wrap (GhillieAtt_ColorBase<7844ad20>, -1, 300) at <5108.076172, 75.581497, 8936.072266>
[COT 2023-5M-26 19:51:22] 76561198401795791: Entered the Free Camera
[COT 2023-5M-26 19:51:46] 76561198401795791: Left the Free Camera
[COT 2023-5M-26 19:54:31] 76561198401795791: Spawned Entity Tactical Waist Pack (Msp_WaistPack_Base<72dec850>, -1, 100) at <3934.212891, 5.742481, 10017.798828>
[COT 2023-5M-26 20:3m:32] 76561198401795791: Spawned Entity Gun Cleaning Kit (WeaponCleaningKit<10e6b040>, 100, 100) at <3959.738770, 9.630939, 9971.816406>
[COT 2023-5M-26 20:4m:26] 76561198401795791: Spawned Entity PEQ1 Laser (SNAFU_PEQ1_Laser<10ea0ce0>, -1, 150) at <3959.738770, 9.630939, 9971.816406>
[COT 2023-5M-26 20:5m:41] 76561198401795791: Spawned Entity M4 MOE Stock. (SNAFU_MOE_Stock<f57b270>, -1, 200) at <3959.738770, 9.630939, 9971.816406>
[COT 2023-5M-26 20:7m:46] 76561198401795791: Spawned Entity AR/M4 15in Rail HG (SNAFU_MK15<11836130>, -1, 200) at <3959.613037, 9.631042, 9971.440430>
[COT 2023-5M-26 20:15:2s] 76561198401795791: Entered the Free Camera
[COT 2023-5M-26 20:15:56] 76561198401795791: Left the Free Camera
[COT 2023-5M-26 20:16:1s] 76561198401795791: Set rain to 0 0 0
[COT 2023-5M-26 20:16:1s] 76561198401795791: Set storm to 0 0.8 4000
[COT 2023-5M-26 20:16:1s] 76561198401795791: Set fog to 0 0 0
[COT 2023-5M-26 20:16:1s] 76561198401795791: Set overcast to 0 0 0
[COT 2023-5M-26 20:16:1s] 76561198401795791: Set wind to 0 0 1
[COT 2023-5M-26 20:16:6s] 76561198401795791: Entered the Free Camera
[COT 2023-5M-26 20:16:20] 76561198401795791: Left the Free Camera
[COT 2023-5M-26 20:18:43] 76561198401795791: Entered the Free Camera
[COT 2023-5M-26 20:19:6s] 76561198401795791: Left the Free Camera
