[COT 2023-05-29 12:17:25] 76561198040010982: Entered the Free Camera
[COT 2023-05-29 12:17:35] 76561198040010982: Left the Free Camera
[COT 2023-05-29 12:18:04] 76561198930893538: Spawned Entity Tactical Leg Holster (Tactical_Leg_Holster_ColorBase<c5b7e290>, -1, 125) at <2543.911377, 2.012391, 11211.171875>
[COT 2023-05-29 12:19:16] 76561198930893538: Spawned Entity War Belt System (Clothing<6b5d0530>, -1, 250) at <2559.061768, 2.012459, 11210.452148>
[COT 2023-05-29 12:20:47] 76561198930893538: Spawned Entity Ops-Core Helmet (Mich2001Helmet<6bb68a20>, -1, 250) at <2559.061768, 2.012459, 11210.452148>
[COT 2023-05-29 12:21:45] 76561198930893538: Teleported to position <8598.488281, 14.720000, 10503.509766>
[COT 2023-05-29 12:24:49] 76561198930893538: Spawned Entity MSF-C Protective Case (SmallProtectorCase<5dd6c0b0>, -1, 750) at <8555.508789, 15.932907, 10519.791992>
[COT 2023-05-29 12:26:04] 76561198930893538: Spawned Entity Tactical Shirt (TacticalShirt_Olive<691e6990>, -1, 90) at <8555.508789, 15.932907, 10519.791992>
[COT 2023-05-29 12:27:25] 76561198930893538: Spawned Entity Pouch (Container_Base<602f5100>, -1, 250) at <8554.147461, 15.932634, 10521.951172>
[COT 2023-05-29 12:27:29] 76561198930893538: Spawned Entity Pouch (Container_Base<60301820>, -1, 250) at <8554.147461, 15.932634, 10521.951172>
[COT 2023-05-29 12:27:40] 76561198930893538: Spawned Entity Empty Mags Bag (Container_Base<68d7eea0>, -1, 250) at <8554.147461, 15.932634, 10521.951172>
[COT 2023-05-29 12:28:22] 76561198930893538: Set GodMode To true [guid=QOVCOk5flZ8LlxY_vIXEUxFpj4R6rL-wr-TF8_b4xZo=]
[COT 2023-05-29 12:28:23] 76561198930893538: Set cannot be targeted by AI to true [guid=QOVCOk5flZ8LlxY_vIXEUxFpj4R6rL-wr-TF8_b4xZo=]
[COT 2023-05-29 12:28:23] 76561198930893538: Set UnlimitedStamina To true [guid=QOVCOk5flZ8LlxY_vIXEUxFpj4R6rL-wr-TF8_b4xZo=]
[COT 2023-05-29 12:28:24] 76561198930893538: Set UnlimitedAmmo To true [guid=QOVCOk5flZ8LlxY_vIXEUxFpj4R6rL-wr-TF8_b4xZo=]
[COT 2023-05-29 12:31:03] 76561198930893538: Spawned Entity Sheath (NylonKnifeSheath<62ee4b40>, -1, 100) at <2559.311768, 2.012453, 11210.509766>
[COT 2023-05-29 12:32:27] 76561198930893538: Spawned Entity Ballistic Goggles (TacticalGoggles<66eeb200>, -1, 250) at <2559.311768, 2.012453, 11210.509766>
[COT 2023-05-29 12:33:02] 76561198930893538: Spawned Entity Active Headphones (MSFC_Headset_Base<6c946bf0>, -1, 250) at <2559.311768, 2.012453, 11210.509766>
[COT 2023-05-29 12:33:21] 76561198040010982: Entered the Free Camera
[COT 2023-05-29 12:33:42] 76561198040010982: Left the Free Camera
[COT 2023-05-29 12:33:47] 76561198040010982: Entered the Free Camera
[COT 2023-05-29 12:33:50] 76561198040010982: Left the Free Camera
[COT 2023-05-29 12:34:15] 76561198930893538: Spawned Entity Active Headphones (MSFC_OPS_Core_Headset_Green<62785300>, -1, 250) at <2562.534180, 2.012500, 11212.819336>
[COT 2023-05-29 12:34:35] 76561198040010982: Teleported [guid=QOVCOk5flZ8LlxY_vIXEUxFpj4R6rL-wr-TF8_b4xZo=] to <8580.740234, 14.744062, 10509.188477>
[COT 2023-05-29 12:35:47] 76561198930893538: Set GodMode To true [guid=QOVCOk5flZ8LlxY_vIXEUxFpj4R6rL-wr-TF8_b4xZo=]
[COT 2023-05-29 12:35:48] 76561198930893538: Set cannot be targeted by AI to true [guid=QOVCOk5flZ8LlxY_vIXEUxFpj4R6rL-wr-TF8_b4xZo=]
[COT 2023-05-29 12:35:48] 76561198930893538: Set UnlimitedStamina To true [guid=QOVCOk5flZ8LlxY_vIXEUxFpj4R6rL-wr-TF8_b4xZo=]
[COT 2023-05-29 12:35:49] 76561198930893538: Set UnlimitedAmmo To true [guid=QOVCOk5flZ8LlxY_vIXEUxFpj4R6rL-wr-TF8_b4xZo=]
[COT 2023-05-29 12:36:37] 76561198930893538: ESP: Viewing ESP
[COT 2023-05-29 12:36:41] 76561198930893538: ESP index=0 target=AviatorGlasses:011320 position=<2559.311768, 2.023488, 11210.509766> action=delete
[COT 2023-05-29 12:36:41] 76561198930893538: ESP index=1 target=MSFC_TacticalBelt_Black:07810 position=<2559.061768, 2.057550, 11210.452148> action=delete
[COT 2023-05-29 12:36:41] 76561198930893538: ESP index=2 target=MSFC_Headset_Green:012138 position=<2559.061768, 2.004685, 11210.452148> action=delete
[COT 2023-05-29 12:36:41] 76561198930893538: ESP action=delete_all count=3 attempted=3
[COT 2023-05-29 12:36:50] 76561198930893538: ESP target=Tactical_Leg_Holster_Black:05345 position=<2543.911377, 2.050687, 11211.171875> action=delete
[COT 2023-05-29 12:36:53] 76561198930893538: ESP: Clearing ESP
[COT 2023-05-29 12:37:02] 76561198930893538: Teleported to <8584.362305, 14.737489, 10507.963867> [guid=8vtfObsTQABYXpVHaEsAuZ5QTEAjCvC2a-AZwd4E5dw=]
[COT 2023-05-29 12:37:16] 76561198930893538: Healed [guid=QOVCOk5flZ8LlxY_vIXEUxFpj4R6rL-wr-TF8_b4xZo=]
[COT 2023-05-29 12:37:19] 76561198930893538: Dried [guid=QOVCOk5flZ8LlxY_vIXEUxFpj4R6rL-wr-TF8_b4xZo=]
[COT 2023-05-29 12:40:05] 76561198040010982: Spawned vehicle HUMMC (Offroad_02) at <8405.013672, 14.969999, 10670.125977>
[COT 2023-05-29 12:41:02] 76561198040010982: Teleported to <8347.653320, 15.124187, 10725.997070> [guid=QOVCOk5flZ8LlxY_vIXEUxFpj4R6rL-wr-TF8_b4xZo=]
[COT 2023-05-29 12:43:40] 76561198040010982: Spawned Entity M72 LAW (ExpansionLAW<82b4b120>, -1, 100) at <8400.872070, 14.982441, 10646.391602>
[COT 2023-05-29 12:43:40] 76561198040010982: Spawned Entity M72 LAW (ExpansionLAW<82b44490>, -1, 100) at <8400.872070, 14.982441, 10646.391602>
[COT 2023-05-29 12:43:42] 76561198040010982: Spawned Entity M72 LAW Warhead (Ammunition_Base<d514a9e0>, 1, 100) at <8400.872070, 14.982441, 10646.391602>
[COT 2023-05-29 12:43:42] 76561198040010982: Spawned Entity M72 LAW Warhead (Ammunition_Base<d514cb10>, 1, 100) at <8400.872070, 14.982441, 10646.391602>
[COT 2023-05-29 12:43:42] 76561198040010982: Spawned Entity M72 LAW Warhead (Ammunition_Base<d514c000>, 1, 100) at <8400.872070, 14.982441, 10646.391602>
[COT 2023-05-29 12:45:52] 76561198930893538: Set cannot be targeted by AI to false [guid=QOVCOk5flZ8LlxY_vIXEUxFpj4R6rL-wr-TF8_b4xZo=]
[COT 2023-05-29 12:46:16] 76561198040010982: Healed [guid=8vtfObsTQABYXpVHaEsAuZ5QTEAjCvC2a-AZwd4E5dw=]
[COT 2023-05-29 12:46:16] 76561198040010982: Healed [guid=8vtfObsTQABYXpVHaEsAuZ5QTEAjCvC2a-AZwd4E5dw=]
[COT 2023-05-29 12:54:58] 76561198930893538: Teleported to position <8584.694336, 14.745291, 10489.805664>
[COT 2023-05-29 14:31:24] 76561198930893538: Set GodMode To true [guid=QOVCOk5flZ8LlxY_vIXEUxFpj4R6rL-wr-TF8_b4xZo=]
[COT 2023-05-29 14:31:25] 76561198930893538: Set UnlimitedStamina To true [guid=QOVCOk5flZ8LlxY_vIXEUxFpj4R6rL-wr-TF8_b4xZo=]
[COT 2023-05-29 14:31:26] 76561198930893538: Set UnlimitedAmmo To true [guid=QOVCOk5flZ8LlxY_vIXEUxFpj4R6rL-wr-TF8_b4xZo=]
[COT 2023-05-29 14:31:27] 76561198930893538: Set cannot be targeted by AI to true [guid=QOVCOk5flZ8LlxY_vIXEUxFpj4R6rL-wr-TF8_b4xZo=]
[COT 2023-05-29 14:32:31] 76561198930893538: Spawned Entity Camo Tent (ExpansionCamoTentKit<defbaa20>, -1, 100) at <8559.817383, 15.932133, 10515.766602>
[COT 2023-05-29 14:32:53] 76561198930893538: Teleported to position <6803.438477, 15.000000, 11665.871094>
[COT 2023-05-29 14:33:17] 76561198930893538: ESP: Viewing ESP
[COT 2023-05-29 14:33:19] 76561198930893538: ESP index=0 target=ExpansionCamoTentKit:012025 position=<6793.293457, 15.172709, 11680.343750> action=delete
[COT 2023-05-29 14:33:19] 76561198930893538: ESP action=delete_all count=1 attempted=1
[COT 2023-05-29 14:33:35] 76561198930893538: Spawned Entity Expansion Construction Kit Base (ExpansionConstructionKitBase<cfbd6270>, -1, 200) at <6793.632813, 15.012439, 11678.915039>
[COT 2023-05-29 14:33:50] 76561198930893538: Spawned Entity Wall Kit (ExpansionWallKit<cfbd83a0>, -1, 100) at <6793.598145, 15.012437, 11678.810547>
[COT 2023-05-29 14:34:32] 76561198930893538: Spawned Entity Admin Hammer (Hammer<cfbd2010>, -1, 100) at <6795.296875, 15.012481, 11675.703125>
[COT 2023-05-29 14:35:24] 76561198930893538: ESP: Clearing ESP
[COT 2023-05-29 14:35:25] 76561198930893538: ESP: Viewing ESP
[COT 2023-05-29 14:35:31] 76561198930893538: ESP index=0 target=ExpansionConstructionKitBase:012025 position=<6793.632813, 15.012439, 11678.915039> action=delete
[COT 2023-05-29 14:35:31] 76561198930893538: ESP index=1 target=ExpansionWall6x3:08667 position=<6794.028809, 15.000015, 11680.326172> action=delete
[COT 2023-05-29 14:35:31] 76561198930893538: ESP action=delete_all count=2 attempted=2
