[COT 2023-06-01 19:06:24] 76561198040010982: Set GodMode To true [guid=8vtfObsTQABYXpVHaEsAuZ5QTEAjCvC2a-AZwd4E5dw=]
[COT 2023-06-01 19:06:25] 76561198040010982: Set Invisibility To 1 [guid=8vtfObsTQABYXpVHaEsAuZ5QTEAjCvC2a-AZwd4E5dw=]
[COT 2023-06-01 19:06:25] 76561198040010982: Set cannot be targeted by AI to false [guid=8vtfObsTQABYXpVHaEsAuZ5QTEAjCvC2a-AZwd4E5dw=]
[COT 2023-06-01 19:06:26] 76561198040010982: Set cannot be targeted by AI to true [guid=8vtfObsTQABYXpVHaEsAuZ5QTEAjCvC2a-AZwd4E5dw=]
[COT 2023-06-01 19:06:27] 76561198040010982: Set Invisibility To 0 [guid=8vtfObsTQABYXpVHaEsAuZ5QTEAjCvC2a-AZwd4E5dw=]
[COT 2023-06-01 19:06:33] 76561198040010982: Teleported 8vtfObsTQABYXpVHaEsAuZ5QTEAjCvC2a-AZwd4E5dw= to (Local | C-130J Mohawk, <3192.534668, 116.705452, 7537.459473>)
[COT 2023-06-01 19:06:44] 76561198040010982: Set cannot be targeted by AI to true [guid=8vtfObsTQABYXpVHaEsAuZ5QTEAjCvC2a-AZwd4E5dw=]
[COT 2023-06-01 19:21:39] 76561198040010982: Set the date to 2011/12/1 0:0
[COT 2023-06-01 19:21:39] 76561198040010982: Set the date to 2011/12/1 0:0
[COT 2023-06-01 19:21:43] 76561198040010982: Set the date to 2011/12/1 0:0
[COT 2023-06-01 19:21:43] 76561198040010982: Set the date to 2011/12/1 0:0
[COT 2023-06-01 19:22:25] 76561198040010982: Teleported to <5228.179688, 31.479113, 8593.103516> [guid=QOVCOk5flZ8LlxY_vIXEUxFpj4R6rL-wr-TF8_b4xZo=]
[COT 2023-06-01 19:22:42] 76561198040010982: Spawned Entity Long Torch (LongTorch<55399220>, 100, 100) at <5230.096680, 31.479113, 8588.886719>
[COT 2023-06-01 19:22:42] 76561198040010982: Spawned Entity Long Torch (LongTorch<553935a0>, 100, 100) at <5230.096680, 31.479113, 8588.886719>
[COT 2023-06-01 19:22:56] 76561198040010982: Spawned Entity Bandage (BandageDressing<e81f6600>, 4, 50) at <5230.096680, 31.479113, 8588.886719>
[COT 2023-06-01 19:22:56] 76561198040010982: Spawned Entity Bandage (BandageDressing<e81f0270>, 4, 50) at <5230.096680, 31.479113, 8588.886719>
[COT 2023-06-01 19:22:56] 76561198040010982: Spawned Entity Bandage (BandageDressing<e81ff5d0>, 4, 50) at <5230.096680, 31.479113, 8588.886719>
[COT 2023-06-01 19:22:56] 76561198040010982: Spawned Entity Bandage (BandageDressing<e81fa860>, 4, 50) at <5230.096680, 31.479113, 8588.886719>
[COT 2023-06-01 19:22:56] 76561198040010982: Spawned Entity Bandage (BandageDressing<e81fb370>, 4, 50) at <5230.096680, 31.479113, 8588.886719>
[COT 2023-06-01 19:22:56] 76561198040010982: Spawned Entity Bandage (BandageDressing<e8202d20>, 4, 50) at <5230.096680, 31.479113, 8588.886719>
[COT 2023-06-01 19:22:57] 76561198040010982: Spawned Entity Bandage (BandageDressing<e81fc990>, 4, 50) at <5230.096680, 31.479113, 8588.886719>
[COT 2023-06-01 19:23:25] 76561198040010982: Spawned Entity Torch (Torch<5539a940>, 100, 100) at <5230.669434, 31.572378, 8588.495117>
[COT 2023-06-01 19:23:47] 76561198040010982: Spawned Entity Rag (MouthRag<ebce6850>, -1, 30) at <5230.669434, 31.572378, 8588.495117>
[COT 2023-06-01 19:23:47] 76561198040010982: Spawned Entity Rag (MouthRag<ebce0fd0>, -1, 30) at <5230.669434, 31.572378, 8588.495117>
[COT 2023-06-01 19:23:47] 76561198040010982: Spawned Entity Rag (MouthRag<ebce9fa0>, -1, 30) at <5230.669434, 31.572378, 8588.495117>
[COT 2023-06-01 19:23:47] 76561198040010982: Spawned Entity Rag (MouthRag<ebceaab0>, -1, 30) at <5230.669434, 31.572378, 8588.495117>
[COT 2023-06-01 19:23:47] 76561198040010982: Spawned Entity Rag (MouthRag<ebce5d40>, -1, 30) at <5230.669434, 31.572378, 8588.495117>
[COT 2023-06-01 19:23:47] 76561198040010982: Spawned Entity Rag (MouthRag<ebcf3a80>, -1, 30) at <5230.669434, 31.572378, 8588.495117>
[COT 2023-06-01 19:23:48] 76561198040010982: Spawned Entity Rag (MouthRag<ebcf71d0>, -1, 30) at <5230.669434, 31.572378, 8588.495117>
[COT 2023-06-01 19:23:48] 76561198040010982: Spawned Entity Rag (MouthRag<ebcf7ce0>, -1, 30) at <5230.669434, 31.572378, 8588.495117>
[COT 2023-06-01 19:27:59] 76561198040010982: Set the date to 2011/12/1 12:0
[COT 2023-06-01 19:28:21] 76561198040010982: Teleported [guid=QOVCOk5flZ8LlxY_vIXEUxFpj4R6rL-wr-TF8_b4xZo=] to <2208.649170, 4.241603, 5761.945313>
[COT 2023-06-01 19:29:54] 76561198040010982: Entered the Free Camera
[COT 2023-06-01 19:30:17] 76561198930893538: Teleported to position <5228.989258, 31.117899, 8577.468750>
[COT 2023-06-01 19:30:20] 76561198040010982: Left the Free Camera
[COT 2023-06-01 19:31:02] 76561198040010982: Spawned Entity Hryvnia Banknotes Stack (ExpansionBanknoteHryvnia<dfe282e0>, 50000, 100) at <8041.089844, 2.611034, 7603.808105>
[COT 2023-06-01 19:31:02] 76561198040010982: Spawned Entity Hryvnia Banknotes Stack (ExpansionBanknoteHryvnia<dfe2a410>, 50000, 100) at <8041.089844, 2.611034, 7603.808105>
[COT 2023-06-01 19:31:02] 76561198040010982: Spawned Entity Hryvnia Banknotes Stack (ExpansionBanknoteHryvnia<dfe24080>, 50000, 100) at <8041.089844, 2.611034, 7603.808105>
[COT 2023-06-01 19:31:02] 76561198040010982: Spawned Entity Hryvnia Banknotes Stack (ExpansionBanknoteHryvnia<eb78ef70>, 50000, 100) at <8041.089844, 2.611034, 7603.808105>
[COT 2023-06-01 19:31:10] 76561198930893538: Teleported to position <5216.163086, 31.068607, 8589.509766>
[COT 2023-06-01 19:33:42] 76561198040010982: Spawned Entity LHD-9 USS Khe Sanh (ExpansionLHD<4edd7340>, -1, 1e+06) at <8070.734863, -0.145615, 7609.408203>
[COT 2023-06-01 19:33:49] 76561198040010982: Entered the Free Camera
[COT 2023-06-01 19:33:54] 76561198040010982: Left the Free Camera
[COT 2023-06-01 19:34:23] 76561198040010982: ESP: Viewing ESP
[COT 2023-06-01 19:34:29] 76561198040010982: ESP index=0 target=ExpansionLHD:011479 position=<8070.604004, 2.753296, 7611.289063> action=delete
[COT 2023-06-01 19:34:29] 76561198040010982: ESP action=delete_all count=1 attempted=1
[COT 2023-06-01 19:34:40] 76561198040010982: Entered the Free Camera
[COT 2023-06-01 19:34:44] 76561198040010982: Left the Free Camera
[COT 2023-06-01 19:35:10] 76561198040010982: Set rain to 0 0 0
[COT 2023-06-01 19:35:10] 76561198040010982: Set storm to 0 0.8 4000
[COT 2023-06-01 19:35:10] 76561198040010982: Set fog to 0 0 0
[COT 2023-06-01 19:35:10] 76561198040010982: Set overcast to 0.01 0 0
[COT 2023-06-01 19:35:10] 76561198040010982: Set the date to 2011/12/1 12:17
[COT 2023-06-01 19:35:10] 76561198040010982: Set wind to 0 0 1
[COT 2023-06-01 19:35:22] 76561198040010982: Spawned Entity LHD-9 USS Khe Sanh (ExpansionLHD<4edd4930>, -1, 1e+06) at <8926.298828, -1.553033, 7316.290527>
[COT 2023-06-01 19:35:25] 76561198040010982: Entered the Free Camera
[COT 2023-06-01 19:35:37] 76561198040010982: Left the Free Camera
[COT 2023-06-01 19:35:41] 76561198040010982: Entered the Free Camera
[COT 2023-06-01 19:36:42] 76561198040010982: Left the Free Camera
[COT 2023-06-01 19:36:50] 76561198040010982: Entered the Free Camera
[COT 2023-06-01 19:37:24] 76561198040010982: Left the Free Camera
[COT 2023-06-01 19:37:30] 76561198040010982: Entered the Free Camera
[COT 2023-06-01 19:37:53] 76561198040010982: ESP: Clearing ESP
[COT 2023-06-01 19:37:54] 76561198040010982: ESP: Viewing ESP
[COT 2023-06-01 19:37:57] 76561198040010982: ESP index=0 target=ExpansionLHD:06511 position=<8926.298828, 2.745310, 7316.290527> action=delete
[COT 2023-06-01 19:37:57] 76561198040010982: ESP action=delete_all count=1 attempted=1
[COT 2023-06-01 19:56:34] 76561198040010982: ESP: Clearing ESP
[COT 2023-06-01 19:56:34] 76561198040010982: ESP: Viewing ESP
[COT 2023-06-01 19:56:37] 76561198040010982: Left the Free Camera
[COT 2023-06-01 19:56:49] 76561198040010982: Entered the Free Camera
[COT 2023-06-01 19:56:54] 76561198040010982: Left the Free Camera
[COT 2023-06-01 19:57:14] 76561198040010982: Set Invisibility To 1 [guid=8vtfObsTQABYXpVHaEsAuZ5QTEAjCvC2a-AZwd4E5dw=]
[COT 2023-06-01 19:57:28] 76561198040010982: ESP: Viewing ESP
[COT 2023-06-01 19:57:28] 76561198040010982: ESP: Clearing ESP
[COT 2023-06-01 19:57:39] 76561198040010982: Entered the Free Camera
[COT 2023-06-01 19:57:51] 76561198040010982: Left the Free Camera
[COT 2023-06-01 19:57:57] 76561198040010982: ESP: Viewing ESP
[COT 2023-06-01 19:57:58] 76561198040010982: ESP: Clearing ESP
[COT 2023-06-01 19:58:03] 76561198040010982: ESP: Viewing ESP
[COT 2023-06-01 20:01:56] 76561198040010982: Teleported to <4295.016113, 72.636971, 8079.232910> [guid=QOVCOk5flZ8LlxY_vIXEUxFpj4R6rL-wr-TF8_b4xZo=]
[COT 2023-06-01 20:02:23] 76561198040010982: ESP: Clearing ESP
[COT 2023-06-01 20:02:24] 76561198040010982: ESP: Viewing ESP
[COT 2023-06-01 20:02:59] 76561198930893538: ESP: Viewing ESP
[COT 2023-06-01 20:03:47] 76561198930893538: ESP: Clearing ESP
[COT 2023-06-01 20:04:36] 76561198930893538: ESP: Viewing ESP
[COT 2023-06-01 20:05:20] 76561198040010982: Entered the Free Camera
[COT 2023-06-01 20:05:38] 76561198040010982: Left the Free Camera
[COT 2023-06-01 20:05:59] 76561198040010982: ESP: Clearing ESP
[COT 2023-06-01 20:06:00] 76561198040010982: ESP: Viewing ESP
[COT 2023-06-01 20:10:52] 76561198040010982: Entered the Free Camera
[COT 2023-06-01 20:11:12] 76561198040010982: ESP: Clearing ESP
[COT 2023-06-01 20:11:12] 76561198040010982: ESP: Viewing ESP
[COT 2023-06-01 20:11:16] 76561198930893538: ESP: Clearing ESP
[COT 2023-06-01 20:11:16] 76561198930893538: ESP: Viewing ESP
[COT 2023-06-01 20:11:25] 76561198930893538: ESP: Clearing ESP
[COT 2023-06-01 20:14:28] 76561198040010982: Left the Free Camera
[COT 2023-06-01 20:14:42] 76561198040010982: ESP: Clearing ESP
[COT 2023-06-01 20:14:43] 76561198040010982: ESP: Viewing ESP
[COT 2023-06-01 20:17:02] 76561198040010982: Entered the Free Camera
[COT 2023-06-01 20:18:46] 76561198040010982: Left the Free Camera
[COT 2023-06-01 20:19:15] 76561198040010982: Entered the Free Camera
[COT 2023-06-01 20:19:24] 76561198040010982: Left the Free Camera
[COT 2023-06-01 20:19:31] 76561198040010982: Entered the Free Camera
[COT 2023-06-01 20:19:33] 76561198040010982: Left the Free Camera
[COT 2023-06-01 20:57:17] 76561198930893538: Set GodMode To true [guid=QOVCOk5flZ8LlxY_vIXEUxFpj4R6rL-wr-TF8_b4xZo=]
[COT 2023-06-01 20:57:18] 76561198930893538: Set cannot be targeted by AI to true [guid=QOVCOk5flZ8LlxY_vIXEUxFpj4R6rL-wr-TF8_b4xZo=]
[COT 2023-06-01 20:57:19] 76561198930893538: Set UnlimitedStamina To true [guid=QOVCOk5flZ8LlxY_vIXEUxFpj4R6rL-wr-TF8_b4xZo=]
[COT 2023-06-01 20:57:19] 76561198930893538: Set UnlimitedAmmo To true [guid=QOVCOk5flZ8LlxY_vIXEUxFpj4R6rL-wr-TF8_b4xZo=]
[COT 2023-06-01 20:57:29] 76561198930893538: Entered the Free Camera
[COT 2023-06-01 20:57:44] 76561198930893538: Left the Free Camera
[COT 2023-06-01 21:03:44] 76561198930893538: Set the date to 2011/12/1 18:0
[COT 2023-06-01 21:03:45] 76561198930893538: Set rain to 0 0 0
[COT 2023-06-01 21:03:45] 76561198930893538: Set storm to 0 0.8 4000
[COT 2023-06-01 21:03:45] 76561198930893538: Set fog to 0 0 0
[COT 2023-06-01 21:03:45] 76561198930893538: Set overcast to 0 0 0
[COT 2023-06-01 21:03:45] 76561198930893538: Set wind to 0 0 1
[COT 2023-06-01 21:03:48] 76561198930893538: Set rain to 0 0 0
[COT 2023-06-01 21:03:48] 76561198930893538: Set storm to 0 0.8 4000
[COT 2023-06-01 21:03:48] 76561198930893538: Set fog to 0 0 0
[COT 2023-06-01 21:03:48] 76561198930893538: Set overcast to 0 0 0
[COT 2023-06-01 21:03:48] 76561198930893538: Set the date to 2011/12/1 18:0
[COT 2023-06-01 21:03:48] 76561198930893538: Set wind to 0 0 1
[COT 2023-06-01 21:03:50] 76561198930893538: Set the date to 2011/12/1 18:0
[COT 2023-06-01 21:03:51] 76561198930893538: Set rain to 0 0 0
[COT 2023-06-01 21:03:51] 76561198930893538: Set storm to 0 0.8 4000
[COT 2023-06-01 21:03:51] 76561198930893538: Set fog to 0 0 0
[COT 2023-06-01 21:03:51] 76561198930893538: Set overcast to 0 0 0
[COT 2023-06-01 21:03:51] 76561198930893538: Set the date to 2011/12/1 18:0
[COT 2023-06-01 21:03:51] 76561198930893538: Set wind to 0 0 1
[COT 2023-06-01 21:12:23] 76561198930893538: Set GodMode To true [guid=QOVCOk5flZ8LlxY_vIXEUxFpj4R6rL-wr-TF8_b4xZo=]
[COT 2023-06-01 21:12:25] 76561198930893538: Set UnlimitedAmmo To true [guid=QOVCOk5flZ8LlxY_vIXEUxFpj4R6rL-wr-TF8_b4xZo=]
[COT 2023-06-01 21:12:26] 76561198930893538: Set UnlimitedStamina To true [guid=QOVCOk5flZ8LlxY_vIXEUxFpj4R6rL-wr-TF8_b4xZo=]
[COT 2023-06-01 21:12:26] 76561198930893538: Set cannot be targeted by AI to true [guid=QOVCOk5flZ8LlxY_vIXEUxFpj4R6rL-wr-TF8_b4xZo=]
[COT 2023-06-01 21:13:08] 76561198930893538: Set the date to 2011/12/1 12:0
[COT 2023-06-01 21:13:22] 76561198930893538: Set the date to 2011/12/1 18:0
[COT 2023-06-01 21:17:30] 76561198930893538: Spawned Entity Ops-Core Helmet (Mich2001Helmet<54a27790>, -1, 250) at <5230.909668, 31.569948, 8588.557617>
[COT 2023-06-01 21:18:50] 76561198930893538: Set rain to 0 0 0
[COT 2023-06-01 21:18:50] 76561198930893538: Set storm to 0 0.8 4000
[COT 2023-06-01 21:18:50] 76561198930893538: Set fog to 0 0 0
[COT 2023-06-01 21:18:50] 76561198930893538: Set overcast to 0.0431833 0 0
[COT 2023-06-01 21:18:50] 76561198930893538: Set the date to 2011/12/1 6:57
[COT 2023-06-01 21:18:50] 76561198930893538: Set wind to 0.0375 0.0375 1
[COT 2023-06-01 21:21:20] 76561198930893538: Entered the Free Camera
[COT 2023-06-01 21:21:35] 76561198930893538: ESP: Viewing ESP
[COT 2023-06-01 21:21:37] 76561198930893538: ESP: Clearing ESP
[COT 2023-06-01 21:21:37] 76561198930893538: ESP: Viewing ESP
[COT 2023-06-01 21:21:45] 76561198930893538: ESP: Clearing ESP
[COT 2023-06-01 21:21:45] 76561198930893538: ESP: Viewing ESP
[COT 2023-06-01 21:21:56] 76561198930893538: ESP: Clearing ESP
[COT 2023-06-01 21:21:56] 76561198930893538: ESP: Viewing ESP
[COT 2023-06-01 21:22:10] 76561198930893538: ESP: Clearing ESP
[COT 2023-06-01 21:22:11] 76561198930893538: ESP: Viewing ESP
[COT 2023-06-01 21:22:41] 76561198930893538: ESP: Clearing ESP
[COT 2023-06-01 21:22:42] 76561198930893538: ESP: Viewing ESP
[COT 2023-06-01 21:24:21] 76561198930893538: Left the Free Camera
[COT 2023-06-01 21:25:11] 76561198930893538: Set Invisibility To 1 [guid=QOVCOk5flZ8LlxY_vIXEUxFpj4R6rL-wr-TF8_b4xZo=]
[COT 2023-06-01 21:25:18] 76561198930893538: Entered the Free Camera
[COT 2023-06-01 21:26:06] 76561198930893538: ESP: Clearing ESP
[COT 2023-06-01 21:26:06] 76561198930893538: ESP: Viewing ESP
[COT 2023-06-01 21:26:26] 76561198930893538: ESP: Clearing ESP
[COT 2023-06-01 21:26:27] 76561198930893538: ESP: Viewing ESP
[COT 2023-06-01 21:29:01] 76561198930893538: Left the Free Camera
[COT 2023-06-01 21:29:46] 76561198930893538: Set Invisibility To 0 [guid=QOVCOk5flZ8LlxY_vIXEUxFpj4R6rL-wr-TF8_b4xZo=]
[COT 2023-06-01 21:29:47] 76561198930893538: Set GodMode To false [guid=QOVCOk5flZ8LlxY_vIXEUxFpj4R6rL-wr-TF8_b4xZo=]
[COT 2023-06-01 21:29:47] 76561198930893538: Set cannot be targeted by AI to true [guid=QOVCOk5flZ8LlxY_vIXEUxFpj4R6rL-wr-TF8_b4xZo=]
[COT 2023-06-01 21:29:48] 76561198930893538: Set UnlimitedStamina To false [guid=QOVCOk5flZ8LlxY_vIXEUxFpj4R6rL-wr-TF8_b4xZo=]
[COT 2023-06-01 21:29:48] 76561198930893538: Set UnlimitedAmmo To false [guid=QOVCOk5flZ8LlxY_vIXEUxFpj4R6rL-wr-TF8_b4xZo=]
[COT 2023-06-01 21:29:49] 76561198930893538: Set cannot be targeted by AI to false [guid=QOVCOk5flZ8LlxY_vIXEUxFpj4R6rL-wr-TF8_b4xZo=]
[COT 2023-06-01 21:32:20] 76561198930893538: Teleported to position <5217.146484, 31.018070, 8593.246094>
[COT 2023-06-01 21:32:47] 76561198930893538: Teleported to position <8565.385742, 14.835495, 10494.160156>
[COT 2023-06-01 21:39:01] 76561198930893538: Spawned Entity Hunter Pants (HunterPants_Brown<543756f0>, -1, 150) at <8550.286133, 15.932230, 10520.870117>
[COT 2023-06-01 21:41:03] 76561198930893538: Spawned Entity TacTec Vest (PlateCarrierVest<d9227b10>, -1, 450) at <8553.521484, 15.932846, 10521.517578>
[COT 2023-06-01 21:41:26] 76561198930893538: ESP: Clearing ESP
[COT 2023-06-01 21:41:26] 76561198930893538: ESP: Viewing ESP
[COT 2023-06-01 21:41:29] 76561198930893538: ESP index=0 target=MSFC_TacTec_Vest_Green:013045 position=<8553.521484, 15.935010, 10521.517578> action=delete
[COT 2023-06-01 21:41:29] 76561198930893538: ESP action=delete_all count=1 attempted=1
[COT 2023-06-01 21:43:17] 76561198930893538: Spawned Entity JPC Vest (PlateCarrierVest<50411bb0>, -1, 350) at <8552.905273, 15.932550, 10523.208008>
[COT 2023-06-01 21:50:15] 76561198930893538: ESP: Clearing ESP
[COT 2023-06-01 21:50:18] 76561198930893538: ESP: Viewing ESP
[COT 2023-06-01 21:50:24] 76561198930893538: ESP: Clearing ESP
[COT 2023-06-01 21:50:54] 76561198930893538: Teleported to position <5221.179688, 31.063372, 8605.584961>
[COT 2023-06-01 22:21:41] 76561198930893538: Set GodMode To true [guid=QOVCOk5flZ8LlxY_vIXEUxFpj4R6rL-wr-TF8_b4xZo=]
[COT 2023-06-01 22:21:44] 76561198930893538: Teleported [guid=zhJxvJUIQcTeCgEZ3Xhlvc_WjNMgSdId2I-HV3Jo6tA=] to <7749.546387, 20.156017, 10771.364258>
[COT 2023-06-01 22:21:55] 76561198930893538: Set GodMode To false [guid=QOVCOk5flZ8LlxY_vIXEUxFpj4R6rL-wr-TF8_b4xZo=]
[COT 2023-06-01 22:43:20] 76561199176957808: Set GodMode To true [guid=-G7h99lSZDcoLDkS_Pf_kTJ_FSRUsnlVGD6gnAZk71c=]
[COT 2023-06-01 22:43:21] 76561198930893538: Set GodMode To true [guid=QOVCOk5flZ8LlxY_vIXEUxFpj4R6rL-wr-TF8_b4xZo=]
[COT 2023-06-01 22:43:22] 76561198930893538: Set cannot be targeted by AI to true [guid=QOVCOk5flZ8LlxY_vIXEUxFpj4R6rL-wr-TF8_b4xZo=]
[COT 2023-06-01 22:43:22] 76561198930893538: Set UnlimitedStamina To true [guid=QOVCOk5flZ8LlxY_vIXEUxFpj4R6rL-wr-TF8_b4xZo=]
[COT 2023-06-01 22:43:23] 76561198930893538: Set UnlimitedAmmo To true [guid=QOVCOk5flZ8LlxY_vIXEUxFpj4R6rL-wr-TF8_b4xZo=]
[COT 2023-06-01 22:43:57] 76561199176957808: Set cannot be targeted by AI to true [guid=-G7h99lSZDcoLDkS_Pf_kTJ_FSRUsnlVGD6gnAZk71c=]
[COT 2023-06-01 22:43:57] 76561199176957808: Set cannot be targeted by AI to true [guid=zhJxvJUIQcTeCgEZ3Xhlvc_WjNMgSdId2I-HV3Jo6tA=]
[COT 2023-06-01 22:44:02] 76561199176957808: Set GodMode To true [guid=zhJxvJUIQcTeCgEZ3Xhlvc_WjNMgSdId2I-HV3Jo6tA=]
[COT 2023-06-01 22:44:04] 76561199176957808: Healed [guid=zhJxvJUIQcTeCgEZ3Xhlvc_WjNMgSdId2I-HV3Jo6tA=]
[COT 2023-06-01 22:44:11] 76561198930893538: Teleported [guid=-G7h99lSZDcoLDkS_Pf_kTJ_FSRUsnlVGD6gnAZk71c=] to <6689.029785, 15.012471, 11155.954102>
[COT 2023-06-01 22:44:16] 76561199176957808: Teleported [guid=QOVCOk5flZ8LlxY_vIXEUxFpj4R6rL-wr-TF8_b4xZo=] to <6715.458008, 15.012444, 11160.058594>
[COT 2023-06-01 22:44:41] 76561198930893538: Repaired Transport [guid=QOVCOk5flZ8LlxY_vIXEUxFpj4R6rL-wr-TF8_b4xZo=]
[COT 2023-06-01 22:45:28] 76561199176957808: Set GodMode To false [guid=QOVCOk5flZ8LlxY_vIXEUxFpj4R6rL-wr-TF8_b4xZo=]
[COT 2023-06-01 22:45:28] 76561199176957808: Set cannot be targeted by AI to false [guid=QOVCOk5flZ8LlxY_vIXEUxFpj4R6rL-wr-TF8_b4xZo=]
[COT 2023-06-01 22:45:30] 76561199176957808: Set UnlimitedStamina To false [guid=QOVCOk5flZ8LlxY_vIXEUxFpj4R6rL-wr-TF8_b4xZo=]
[COT 2023-06-01 22:45:30] 76561199176957808: Set UnlimitedAmmo To false [guid=QOVCOk5flZ8LlxY_vIXEUxFpj4R6rL-wr-TF8_b4xZo=]
[COT 2023-06-01 22:45:36] 76561199176957808: Set cannot be targeted by AI to false [guid=zhJxvJUIQcTeCgEZ3Xhlvc_WjNMgSdId2I-HV3Jo6tA=]
[COT 2023-06-01 22:45:37] 76561199176957808: Set GodMode To false [guid=zhJxvJUIQcTeCgEZ3Xhlvc_WjNMgSdId2I-HV3Jo6tA=]
[COT 2023-06-01 22:45:41] 76561199176957808: Set GodMode To false [guid=-G7h99lSZDcoLDkS_Pf_kTJ_FSRUsnlVGD6gnAZk71c=]
[COT 2023-06-01 22:45:42] 76561199176957808: Set cannot be targeted by AI to false [guid=-G7h99lSZDcoLDkS_Pf_kTJ_FSRUsnlVGD6gnAZk71c=]
[COT 2023-06-01 22:45:44] 76561199176957808: Healed [guid=-G7h99lSZDcoLDkS_Pf_kTJ_FSRUsnlVGD6gnAZk71c=]
[COT 2023-06-01 22:46:57] 76561199176957808: ESP: ESP updating
[COT 2023-06-01 23:23:11] 76561198930893538: Teleported to position <8604.840820, 14.720000, 10509.833008>
[COT 2023-06-01 23:23:19] 76561199176957808: Teleported to <8568.291992, 15.516787, 10508.012695> [guid=QOVCOk5flZ8LlxY_vIXEUxFpj4R6rL-wr-TF8_b4xZo=]
[COT 2023-06-01 23:33:01] 76561199176957808: ESP: Clearing ESP
[COT 2023-06-01 23:59:44] 76561198930893538: Teleported to position <8579.678711, 14.735029, 10507.399414>
[COT 2023-06-02 00:00:16] 76561198930893538: ESP: Viewing ESP
[COT 2023-06-02 00:00:32] 76561198930893538: ESP: Clearing ESP
[COT 2023-06-02 00:00:33] 76561198930893538: ESP: Viewing ESP
