[COT 2023-5M-28 21:37:14] 76561198040010982: Spawned Entity Magnum_DK (SNAFUMagnum500_Base<94d3a2f0>, -1, 200) at <5135.793945, 48.322411, 8084.555664>
[COT 2023-5M-28 21:37:14] 76561198040010982: Spawned Entity Magnum_DK (SNAFUMagnum500_Base<94d192d0>, -1, 200) at <5135.793945, 48.322411, 8084.555664>
[COT 2023-5M-28 21:37:59] 76561198401795791: Set the date to 2011/12/16 12:0
[COT 2023-5M-28 21:38:6s] 76561198040010982: Teleported to <6786.427246, 18.474747, 11693.298828> [guid=QjlZXS0Ark29Vwx4GPzro34d4Mh-vfgK6BY62FOJWUg=]
[COT 2023-5M-28 21:38:20] 76561198401795791: Spawned Entity UWU Grenade (FFY_UWUSound_Grenade<8e17b7d0>, -1, 50) at <6789.200195, 15.231333, 11687.216797>
[COT 2023-5M-28 21:39:4s] 76561198401795791: Set Health To 100 [guid=QjlZXS0Ark29Vwx4GPzro34d4Mh-vfgK6BY62FOJWUg=]
[COT 2023-5M-28 21:39:7s] 76561198401795791: Set Shock To 100 [guid=QjlZXS0Ark29Vwx4GPzro34d4Mh-vfgK6BY62FOJWUg=]
[COT 2023-5M-28 21:39:7s] 76561198401795791: Set Stamina To 100 [guid=QjlZXS0Ark29Vwx4GPzro34d4Mh-vfgK6BY62FOJWUg=]
[COT 2023-5M-28 21:39:8s] 76561198401795791: Set GodMode To true [guid=QjlZXS0Ark29Vwx4GPzro34d4Mh-vfgK6BY62FOJWUg=]
[COT 2023-5M-28 21:39:9s] 76561198401795791: Set cannot be targeted by AI to true [guid=QjlZXS0Ark29Vwx4GPzro34d4Mh-vfgK6BY62FOJWUg=]
[COT 2023-5M-28 21:39:9s] 76561198401795791: Set UnlimitedStamina To true [guid=QjlZXS0Ark29Vwx4GPzro34d4Mh-vfgK6BY62FOJWUg=]
[COT 2023-5M-28 21:39:10] 76561198401795791: Set UnlimitedStamina To true [guid=QjlZXS0Ark29Vwx4GPzro34d4Mh-vfgK6BY62FOJWUg=]
[COT 2023-5M-28 21:39:11] 76561198401795791: Set UnlimitedAmmo To true [guid=QjlZXS0Ark29Vwx4GPzro34d4Mh-vfgK6BY62FOJWUg=]
[COT 2023-5M-28 21:39:54] 76561198401795791: Set GodMode To false [guid=QjlZXS0Ark29Vwx4GPzro34d4Mh-vfgK6BY62FOJWUg=]
[COT 2023-5M-28 21:39:57] 76561198401795791: Healed [guid=QjlZXS0Ark29Vwx4GPzro34d4Mh-vfgK6BY62FOJWUg=]
[COT 2023-5M-28 21:39:59] 76561198401795791: Set GodMode To true [guid=QjlZXS0Ark29Vwx4GPzro34d4Mh-vfgK6BY62FOJWUg=]
[COT 2023-5M-28 21:40:18] 76561198401795791: ESP: ESP updating
[COT 2023-5M-28 21:40:55] 76561198401795791: Entered the Free Camera
[COT 2023-5M-28 21:41:12] 76561198401795791: Left the Free Camera
[COT 2023-5M-28 21:41:26] 76561198401795791: Spectating [guid=Y1iiR_J5TGPQiHszE4A-0yv_Qrj7ZqDLE7IrzM1uE5E=]
[COT 2023-5M-28 21:41:32] 76561198401795791: Stopped spectating
[COT 2023-5M-28 21:41:50] 76561198040010982: Spectating [guid=Y1iiR_J5TGPQiHszE4A-0yv_Qrj7ZqDLE7IrzM1uE5E=]
[COT 2023-5M-28 21:42:2s] 76561198401795791: Entered the Free Camera
[COT 2023-5M-28 21:43:6s] 76561198401795791: Left the Free Camera
[COT 2023-5M-28 21:43:18] 76561198401795791: Spawned Entity ADMIN HAMMER (BBP_Admin_Hammer<fbe39150>, -1, 100) at <6791.147461, 27.884876, 11687.922852>
[COT 2023-5M-28 21:43:46] 76561198040010982: Stopped spectating
[COT 2023-5M-28 21:44:12] 76561198401795791: Spawned Entity Firewood (Firewood<fbe40410>, 1, 500) at <6790.161133, 15.231047, 11691.659180>
[COT 2023-5M-28 21:44:12] 76561198401795791: Spawned Entity Firewood (Firewood<fbe3cab0>, 1, 500) at <6790.161133, 15.231047, 11691.659180>
[COT 2023-5M-28 21:44:12] 76561198401795791: Spawned Entity Firewood (Firewood<fbe3f0f0>, 1, 500) at <6790.161133, 15.231047, 11691.659180>
[COT 2023-5M-28 21:44:13] 76561198401795791: Spawned Entity Firewood (Firewood<fbe3a470>, 1, 500) at <6790.161133, 15.231047, 11691.659180>
[COT 2023-5M-28 21:44:13] 76561198401795791: Spawned Entity Firewood (Firewood<fbe3d440>, 1, 500) at <6790.161133, 15.231047, 11691.659180>
[COT 2023-5M-28 21:44:13] 76561198401795791: Spawned Entity Firewood (Firewood<fbe3ddd0>, 1, 500) at <6790.161133, 15.231047, 11691.659180>
[COT 2023-5M-28 21:44:35] 76561198401795791: Spawned Entity Bandage (BandageDressing<fbe3ddd0>, 4, 50) at <6789.748535, 15.230307, 11692.659180>
[COT 2023-5M-28 21:46:26] 76561198040010982: Set Invisibility To 1 [guid=8vtfObsTQABYXpVHaEsAuZ5QTEAjCvC2a-AZwd4E5dw=]
[COT 2023-5M-28 21:46:31] 76561198040010982: Teleported to <6693.097656, 15.262234, 11002.062500> [guid=Y1iiR_J5TGPQiHszE4A-0yv_Qrj7ZqDLE7IrzM1uE5E=]
[COT 2023-5M-28 21:46:32] 76561198401795791: Spawned Entity UWU Grenade (FFY_UWUSound_Grenade<8a7763b0>, -1, 50) at <6793.104492, 15.012393, 11676.541016>
[COT 2023-5M-28 21:46:32] 76561198401795791: Spawned Entity UWU Grenade (FFY_UWUSound_Grenade<72872e30>, -1, 50) at <6793.104492, 15.012393, 11676.541016>
[COT 2023-5M-28 21:46:32] 76561198401795791: Spawned Entity UWU Grenade (FFY_UWUSound_Grenade<7289c650>, -1, 50) at <6793.104492, 15.012393, 11676.541016>
[COT 2023-5M-28 21:46:32] 76561198401795791: Spawned Entity UWU Grenade (FFY_UWUSound_Grenade<edf57170>, -1, 50) at <6793.104492, 15.012393, 11676.541016>
[COT 2023-5M-28 21:46:32] 76561198401795791: Spawned Entity UWU Grenade (FFY_UWUSound_Grenade<edf827c0>, -1, 50) at <6793.104492, 15.012393, 11676.541016>
[COT 2023-5M-28 21:46:33] 76561198401795791: Spawned Entity UWU Grenade (FFY_UWUSound_Grenade<e6e65f30>, -1, 50) at <6793.104492, 15.012393, 11676.541016>
[COT 2023-5M-28 21:46:48] 76561198401795791: Entered the Free Camera
[COT 2023-5M-28 21:47:35] 76561198040010982: Entered the Free Camera
[COT 2023-5M-28 21:50:32] 76561198040010982: Spawned Entity UWU Grenade (FFY_UWUSound_Grenade<fed51510>, -1, 50) on 76561199096779516
[COT 2023-5M-28 21:52:7s] 76561198040010982: Spawned Entity UWU Grenade (FFY_UWUSound_Grenade<fed53340>, -1, 50) at <6764.059082, 14.875744, 11145.156250>
[COT 2023-5M-28 21:52:7s] 76561198040010982: Spawned Entity UWU Grenade (FFY_UWUSound_Grenade<fed53d50>, -1, 50) at <6764.059082, 14.875744, 11145.156250>
[COT 2023-5M-28 21:54:28] 76561198040010982: Left the Free Camera
[COT 2023-5M-28 21:54:35] 76561198040010982: Spectating [guid=Y1iiR_J5TGPQiHszE4A-0yv_Qrj7ZqDLE7IrzM1uE5E=]
[COT 2023-5M-28 21:54:44] 76561198401795791: Left the Free Camera
[COT 2023-5M-28 21:55:5s] 76561198401795791: Entered the Free Camera
[COT 2023-5M-28 21:55:8s] 76561198401795791: Left the Free Camera
[COT 2023-5M-28 21:55:24] 76561198401795791: Entered the Free Camera
[COT 2023-5M-28 21:56:1s] 76561198401795791: ESP: Clearing ESP
[COT 2023-5M-28 21:56:3s] 76561198401795791: ESP: ESP updating
[COT 2023-5M-28 21:56:53] 76561198040010982: Entered the Free Camera
[COT 2023-5M-28 21:56:53] 76561198401795791: Left the Free Camera
[COT 2023-5M-28 21:56:56] 76561198040010982: Left the Free Camera
[COT 2023-5M-28 21:57:0s] 76561198040010982: Entered the Free Camera
[COT 2023-5M-28 21:57:9s] 76561198401795791: Spectating [guid=Y1iiR_J5TGPQiHszE4A-0yv_Qrj7ZqDLE7IrzM1uE5E=]
[COT 2023-5M-28 21:57:13] 76561198401795791: Entered the Free Camera
[COT 2023-5M-28 21:58:29] 76561198040010982: Healed [guid=Y1iiR_J5TGPQiHszE4A-0yv_Qrj7ZqDLE7IrzM1uE5E=]
[COT 2023-5M-28 21:58:29] 76561198040010982: Healed [guid=Y1iiR_J5TGPQiHszE4A-0yv_Qrj7ZqDLE7IrzM1uE5E=]
[COT 2023-5M-28 21:59:19] 76561198040010982: Spawned Entity M4A1_WetGlass (M4A1_Base<fdb38790>, -1, 200) at <4420.230957, 15.013531, 10723.992188>
[COT 2023-5M-28 21:59:25] 76561198401795791: Left the Free Camera
[COT 2023-5M-28 21:59:26] 76561198401795791: Entered the Free Camera
[COT 2023-5M-28 21:59:38] 76561198401795791: Stopped spectating
[COT 2023-5M-28 21:59:41] 76561198401795791: Spectating [guid=Y1iiR_J5TGPQiHszE4A-0yv_Qrj7ZqDLE7IrzM1uE5E=]
[COT 2023-5M-28 21:59:42] 76561198401795791: Stopped spectating
[COT 2023-5M-28 21:59:51] 76561198401795791: Set Invisibility To 1 [guid=QjlZXS0Ark29Vwx4GPzro34d4Mh-vfgK6BY62FOJWUg=]
[COT 2023-5M-28 22:1m:59] 76561198401795791: Entered the Free Camera
[COT 2023-5M-28 22:2m:6s] 76561198401795791: Left the Free Camera
[COT 2023-5M-28 22:2m:11] 76561198401795791: Entered the Free Camera
[COT 2023-5M-28 22:2m:14] 76561198040010982: Left the Free Camera
[COT 2023-5M-28 22:2m:21] 76561198040010982: Stopped spectating
[COT 2023-5M-28 22:2m:48] 76561198040010982: Teleported to <4387.863770, 21.284758, 10746.616211> [guid=Y1iiR_J5TGPQiHszE4A-0yv_Qrj7ZqDLE7IrzM1uE5E=]
[COT 2023-5M-28 22:2m:54] 76561198401795791: Left the Free Camera
[COT 2023-5M-28 22:4m:34] 76561198401795791: Entered the Free Camera
[COT 2023-5M-28 22:4m:41] 76561198401795791: Left the Free Camera
[COT 2023-5M-28 22:4m:44] 76561198401795791: Entered the Free Camera
[COT 2023-5M-28 22:5m:8s] 76561198040010982: Teleported to position <8058.463867, 70.632751, 11206.034180>
[COT 2023-5M-28 22:5m:14] 76561198040010982: Entered the Free Camera
[COT 2023-5M-28 22:5m:30] 76561198401795791: Left the Free Camera
[COT 2023-5M-28 22:5m:30] 76561198401795791: Left the Free Camera
[COT 2023-5M-28 22:5m:30] 76561198401795791: Left the Free Camera
[COT 2023-5M-28 22:5m:40] 76561198040010982: Set GodMode To true [guid=8vtfObsTQABYXpVHaEsAuZ5QTEAjCvC2a-AZwd4E5dw=]
[COT 2023-5M-28 22:5m:43] 76561198040010982: Set remove collision to false [guid=8vtfObsTQABYXpVHaEsAuZ5QTEAjCvC2a-AZwd4E5dw=]
[COT 2023-5M-28 22:21:27] 76561198401795791: Entered the Free Camera
[COT 2023-5M-28 22:21:49] 76561198401795791: Left the Free Camera
[COT 2023-5M-28 22:22:3s] 76561198401795791: Teleported to position <8114.663086, 16.085588, 10766.195313>
[COT 2023-5M-28 22:22:12] 76561198401795791: Entered the Free Camera
[COT 2023-5M-28 22:22:16] 76561198401795791: Left the Free Camera
[COT 2023-5M-28 22:22:21] 76561198401795791: Entered the Free Camera
[COT 2023-5M-28 22:28:3s] 76561198401795791: Left the Free Camera
[COT 2023-5M-28 22:31:49] 76561198401795791: Entered the Free Camera
[COT 2023-5M-28 22:33:19] 76561198040010982: Left the Free Camera
[COT 2023-5M-28 22:33:25] 76561198401795791: Teleported to position <6797.166992, 15.000000, 11671.351563>
[COT 2023-5M-28 22:33:29] 76561198401795791: Left the Free Camera
[COT 2023-5M-28 22:33:31] 76561198401795791: Left the Free Camera
[COT 2023-5M-28 22:33:33] 76561198401795791: Left the Free Camera
[COT 2023-5M-28 22:33:41] 76561198401795791: Set Invisibility To 0 [guid=QjlZXS0Ark29Vwx4GPzro34d4Mh-vfgK6BY62FOJWUg=]
[COT 2023-5M-28 22:33:44] 76561198401795791: Set remove collision to true [guid=QjlZXS0Ark29Vwx4GPzro34d4Mh-vfgK6BY62FOJWUg=]
[COT 2023-5M-28 22:33:54] 76561198401795791: Set remove collision to false [guid=QjlZXS0Ark29Vwx4GPzro34d4Mh-vfgK6BY62FOJWUg=]
[COT 2023-5M-28 22:33:56] 76561198401795791: Set cannot be targeted by AI to true [guid=QjlZXS0Ark29Vwx4GPzro34d4Mh-vfgK6BY62FOJWUg=]
[COT 2023-5M-28 22:33:57] 76561198401795791: Set remove collision to true [guid=QjlZXS0Ark29Vwx4GPzro34d4Mh-vfgK6BY62FOJWUg=]
[COT 2023-5M-28 22:34:11] 76561198401795791: Set remove collision to false [guid=QjlZXS0Ark29Vwx4GPzro34d4Mh-vfgK6BY62FOJWUg=]
