[COT 2023-5M-26 0h:4m:9s] 76561199176957808: Set GodMode To true [guid=zhJxvJUIQcTeCgEZ3Xhlvc_WjNMgSdId2I-HV3Jo6tA=]
[COT 2023-5M-26 0h:4m:11] 76561199176957808: Set UnlimitedAmmo To true [guid=zhJxvJUIQcTeCgEZ3Xhlvc_WjNMgSdId2I-HV3Jo6tA=]
[COT 2023-5M-26 0h:4m:12] 76561199176957808: Set UnlimitedStamina To true [guid=zhJxvJUIQcTeCgEZ3Xhlvc_WjNMgSdId2I-HV3Jo6tA=]
[COT 2023-5M-26 0h:4m:14] 76561199176957808: Set cannot be targeted by AI to true [guid=zhJxvJUIQcTeCgEZ3Xhlvc_WjNMgSdId2I-HV3Jo6tA=]
[COT 2023-5M-26 0h:4m:47] 76561198040010982: Spawned Entity SCAR_DK (Snafu_ScarH_Base<ea1afdc0>, -1, 200) at <6196.281738, 4.841629, 11932.268555>
[COT 2023-5M-26 0h:5m:1s] 76561198401795791: ESP: Viewing ESP
[COT 2023-5M-26 0h:5m:11] 76561198040010982: Teleported to <5074.930176, 48.416851, 8103.508301> [guid=zhJxvJUIQcTeCgEZ3Xhlvc_WjNMgSdId2I-HV3Jo6tA=]
[COT 2023-5M-26 0h:5m:14] 76561198401795791: ESP: Clearing ESP
[COT 2023-5M-26 0h:5m:25] 76561198401795791: ESP: ESP updating
[COT 2023-5M-26 0h:5m:51] 76561198401795791: ESP: Clearing ESP
[COT 2023-5M-26 0h:5m:54] 76561198401795791: ESP: ESP updating
[COT 2023-5M-26 0h:6m:25] 76561198401795791: ESP target=SNAFUM24_GUN:05272 position=<5075.810059, 48.475491, 8101.507324> action=delete
[COT 2023-5M-26 0h:6m:52] 76561198040010982: Spawned Entity M4A1_WetGlass (M4A1_Base<ea1b47b0>, -1, 200) at <5073.688477, 48.435402, 8103.315430>
[COT 2023-5M-26 0h:7m:27] 76561198401795791: ESP target=FFY_SCAR_DK:04635 position=<5075.511230, 48.414928, 8103.891113> action=delete
[COT 2023-5M-26 0h:8m:26] 76561199176957808: Set GodMode To true [guid=zhJxvJUIQcTeCgEZ3Xhlvc_WjNMgSdId2I-HV3Jo6tA=]
[COT 2023-5M-26 0h:8m:27] 76561199176957808: Set UnlimitedAmmo To true [guid=zhJxvJUIQcTeCgEZ3Xhlvc_WjNMgSdId2I-HV3Jo6tA=]
[COT 2023-5M-26 0h:8m:28] 76561199176957808: Set UnlimitedStamina To true [guid=zhJxvJUIQcTeCgEZ3Xhlvc_WjNMgSdId2I-HV3Jo6tA=]
[COT 2023-5M-26 0h:8m:29] 76561199176957808: Set cannot be targeted by AI to true [guid=zhJxvJUIQcTeCgEZ3Xhlvc_WjNMgSdId2I-HV3Jo6tA=]
[COT 2023-5M-26 0h:8m:45] 76561199176957808: Healed [guid=zhJxvJUIQcTeCgEZ3Xhlvc_WjNMgSdId2I-HV3Jo6tA=]
[COT 2023-5M-26 0h:9m:13] 76561198401795791: Teleported to <5073.782227, 48.456768, 8101.918945> [guid=8vtfObsTQABYXpVHaEsAuZ5QTEAjCvC2a-AZwd4E5dw=]
[COT 2023-5M-26 0h:9m:46] 76561198040010982: Spawned Entity SCAR_DK (Snafu_ScarH_Base<ea1be620>, -1, 200) at <5081.097656, 48.402924, 8106.122070>
[COT 2023-5M-26 0h:9m:50] 76561198401795791: Spawned Entity Cowboy Hat (CowboyHat_black<f6c826d0>, -1, 60) at <5074.447754, 48.468803, 8101.283203>
[COT 2023-5M-26 0h:10:0s] 76561198401795791: Spawned Entity Round Glasses (Clothing<f6c80a20>, -1, 50) at <5074.447754, 48.468803, 8101.283203>
[COT 2023-5M-26 0h:10:13] 76561199176957808: Entered the Free Camera
[COT 2023-5M-26 0h:10:14] 76561198040010982: Spawned Entity M4A1_Yeti (M4A1_Base<ea1bd100>, -1, 200) at <5083.536621, 48.387375, 8105.198242>
[COT 2023-5M-26 0h:10:36] 76561198401795791: Set GodMode To true [guid=QjlZXS0Ark29Vwx4GPzro34d4Mh-vfgK6BY62FOJWUg=]
[COT 2023-5M-26 0h:10:38] 76561198401795791: Set cannot be targeted by AI to true [guid=QjlZXS0Ark29Vwx4GPzro34d4Mh-vfgK6BY62FOJWUg=]
[COT 2023-5M-26 0h:10:38] 76561198401795791: Set UnlimitedStamina To true [guid=QjlZXS0Ark29Vwx4GPzro34d4Mh-vfgK6BY62FOJWUg=]
[COT 2023-5M-26 0h:10:39] 76561198401795791: Set UnlimitedAmmo To true [guid=QjlZXS0Ark29Vwx4GPzro34d4Mh-vfgK6BY62FOJWUg=]
[COT 2023-5M-26 0h:10:39] 76561199176957808: Left the Free Camera
[COT 2023-5M-26 0h:12:4s] 76561198040010982: ESP: Viewing ESP
[COT 2023-5M-26 0h:12:8s] 76561198040010982: ESP: Clearing ESP
[COT 2023-5M-26 0h:12:8s] 76561198040010982: ESP: Viewing ESP
[COT 2023-5M-26 0h:12:32] 76561198401795791: Spawned Entity Model 500 Competitor (SNAFUMagnum500<8ca20ac0>, -1, 200) at <5078.272949, 48.364056, 8105.136230>
[COT 2023-5M-26 0h:12:50] 76561198040010982: Spawned Entity HK416 Drum Mag (GCGN_HK416_Mag<f6c46490>, 1, 200) at <5095.583496, 48.386589, 8110.066895>
[COT 2023-5M-26 0h:12:50] 76561198040010982: Spawned Entity HK416 Drum Mag (GCGN_HK416_Mag<f6c46e20>, 1, 200) at <5095.583496, 48.386589, 8110.066895>
[COT 2023-5M-26 0h:12:57] 76561198401795791: Spawned Entity Tac-21 (SNAFUTac21<8ca4d900>, -1, 200) at <5078.272949, 48.364056, 8105.136230>
[COT 2023-5M-26 0h:14:3s] 76561198040010982: Spawned Entity Barrett M82A1 (MSFC_BarrettM82<8f5b83e0>, -1, 350) at <5097.420898, 48.397633, 8109.644043>
[COT 2023-5M-26 0h:14:19] 76561198040010982: Teleported [guid=QOVCOk5flZ8LlxY_vIXEUxFpj4R6rL-wr-TF8_b4xZo=] to <5258.053223, 65.690483, 8052.812988>
[COT 2023-5M-26 0h:16:44] 76561198401795791: Spawned Entity SNAFU Kahles 9X (SNAFU_Kahles<f38520d0>, -1, 50) at <5078.272949, 48.364056, 8105.136230>
[COT 2023-5M-26 0h:17:14] 76561198401795791: Spawned Entity Old SR25 Bipod (SNAFU_Bipod<f6cde1e0>, -1, 100) at <5078.272949, 48.364056, 8105.136230>
[COT 2023-5M-26 0h:18:9s] 76561198401795791: Spawned Entity 9V Battery (Battery9V<f7305400>, 50, 20) at <5077.861328, 48.356552, 8104.540039>
[COT 2023-5M-26 0h:18:44] 76561199176957808: Set UnlimitedStamina To false [guid=zhJxvJUIQcTeCgEZ3Xhlvc_WjNMgSdId2I-HV3Jo6tA=]
[COT 2023-5M-26 0h:18:46] 76561199176957808: Set UnlimitedStamina To true [guid=zhJxvJUIQcTeCgEZ3Xhlvc_WjNMgSdId2I-HV3Jo6tA=]
[COT 2023-5M-26 0h:20:0s] 76561198401795791: Spawned Entity MSF-C Protective Case (SmallProtectorCase<eeccdde0>, -1, 750) at <5077.604492, 48.374844, 8105.444824>
[COT 2023-5M-26 0h:20:21] 76561198401795791: Spawned Entity Tac-21 5rnd Mag (SNAFUTac21_5rdMag<eecd2a60>, 1, 200) at <5077.604492, 48.374844, 8105.444824>
[COT 2023-5M-26 0h:20:22] 76561198401795791: Spawned Entity Tac-21 5rnd Mag (SNAFUTac21_5rdMag<eecd9d20>, 1, 200) at <5077.604492, 48.374844, 8105.444824>
[COT 2023-5M-26 0h:20:22] 76561198401795791: Spawned Entity Tac-21 5rnd Mag (SNAFUTac21_5rdMag<eecda6b0>, 1, 200) at <5077.604492, 48.374844, 8105.444824>
[COT 2023-5M-26 0h:20:55] 76561198401795791: Spawned Entity 338 (SNAFU_Ammo_338<f6706200>, 1, 100) at <5077.604492, 48.374844, 8105.444824>
[COT 2023-5M-26 0h:20:55] 76561198401795791: Spawned Entity 338 (SNAFU_Ammo_338<f670fb00>, 1, 100) at <5077.604492, 48.374844, 8105.444824>
[COT 2023-5M-26 0h:20:55] 76561198401795791: Spawned Entity 338 (SNAFU_Ammo_338<f670d4c0>, 1, 100) at <5077.604492, 48.374844, 8105.444824>
[COT 2023-5M-26 0h:20:55] 76561198401795791: Spawned Entity 338 (SNAFU_Ammo_338<f670f170>, 1, 100) at <5077.604492, 48.374844, 8105.444824>
[COT 2023-5M-26 0h:20:56] 76561198401795791: Spawned Entity 338 (SNAFU_Ammo_338<f670e7e0>, 1, 100) at <5077.604492, 48.374844, 8105.444824>
[COT 2023-5M-26 0h:20:56] 76561198401795791: Spawned Entity 338 (SNAFU_Ammo_338<f6710e20>, 1, 100) at <5077.604492, 48.374844, 8105.444824>
[COT 2023-5M-26 0h:21:52] 76561198401795791: Spawned Entity 500 SW Ammo (Ammunition_Base<f78bc3e0>, 1, 100) at <5077.604492, 48.374844, 8105.444824>
[COT 2023-5M-26 0h:21:52] 76561198401795791: Spawned Entity 500 SW Ammo (Ammunition_Base<f78c1060>, 1, 100) at <5077.604492, 48.374844, 8105.444824>
[COT 2023-5M-26 0h:21:53] 76561198401795791: Spawned Entity 500 SW Ammo (Ammunition_Base<f78bea20>, 1, 100) at <5077.604492, 48.374844, 8105.444824>
[COT 2023-5M-26 0h:23:3s] 76561198401795791: Spawned Entity Handheld Transceiver (PersonalRadio<f7851610>, -1, 50) at <5104.117188, 48.375622, 8087.766602>
[COT 2023-5M-26 0h:23:19] 76561198401795791: Spawned Entity 9V Battery (Battery9V<92956360>, 50, 20) at <5104.117188, 48.375622, 8087.766602>
[COT 2023-5M-26 0h:23:34] 76561198401795791: Spawned Entity Glow Stick (Chemlight_Green<f99f0cd0>, 100, 20) at <5104.117188, 48.375622, 8087.766602>
[COT 2023-5M-26 0h:24:15] 76561198401795791: Spawned Entity 5.56 60RND C-Mag BK (SNAFU_CMAG60556_Black<f99d71a0>, 1, 100) at <5104.117188, 48.375622, 8087.766602>
[COT 2023-5M-26 0h:24:25] 76561198401795791: Spawned Entity 5.56x45mm Rounds (Ammo_556x45<f99d6810>, 1, 100) at <5104.117188, 48.375622, 8087.766602>
[COT 2023-5M-26 0h:24:25] 76561198401795791: Spawned Entity 5.56x45mm Rounds (Ammo_556x45<f99d2eb0>, 1, 100) at <5104.117188, 48.375622, 8087.766602>
[COT 2023-5M-26 0h:24:26] 76561198401795791: Spawned Entity 5.56x45mm Rounds (Ammo_556x45<f99d1200>, 1, 100) at <5104.117188, 48.375622, 8087.766602>
[COT 2023-5M-26 0h:24:38] 76561198401795791: Spawned Entity Standardized Suppressor (M4_Suppressor<f99ec9e0>, -1, 4) at <5104.117188, 48.375622, 8087.766602>
[COT 2023-5M-26 0h:25:27] 76561198401795791: ESP target=M4_Suppressor:010789 position=<5104.117188, 48.394924, 8087.766602> action=delete
[COT 2023-5M-26 0h:25:30] 76561198401795791: ESP target=SNAFU_CMAG60556_Black:011539 position=<5104.117188, 48.388634, 8087.766602> action=delete
[COT 2023-5M-26 0h:25:35] 76561198401795791: ESP: Clearing ESP
[COT 2023-5M-26 0h:25:53] 76561198401795791: Spawned Entity Standardized Suppressor (MSFC_DHG_M4_Suppressor<f9faadb0>, -1, 15) at <5103.013184, 48.380699, 8087.742188>
[COT 2023-5M-26 0h:25:54] 76561199176957808: Spawned Entity Tactical Gloves (TacticalGloves_ColorBase<f9fb2070>, -1, 100) at <4945.142090, 49.806320, 8024.807129>
[COT 2023-5M-26 0h:26:13] 76561199176957808: Spawned Entity Patrol Jacket (GorkaEJacket_ColorBase<f9fb2a00>, -1, 130) at <4945.142090, 49.806320, 8024.807129>
[COT 2023-5M-26 0h:26:31] 76561198401795791: ESP: Viewing ESP
[COT 2023-5M-26 0h:26:40] 76561198401795791: ESP target=FFY_M4A1_WetGlass:04506 position=<5103.013184, 48.396347, 8087.742188> action=delete
[COT 2023-5M-26 0h:26:48] 76561199176957808: Spawned Entity Plate Carrier (PlateCarrierVest<8eefb010>, -1, 300) at <4945.142090, 49.806320, 8024.807129>
[COT 2023-5M-26 0h:27:35] 76561199176957808: Spawned Entity Ops-Core Helmet (Mich2001Helmet<91a78a10>, -1, 250) at <4945.142090, 49.806320, 8024.807129>
[COT 2023-5M-26 0h:28:0s] 76561199176957808: Spawned Entity War Belt System (Clothing<85c13770>, -1, 250) at <4945.142090, 49.806320, 8024.807129>
[COT 2023-5M-26 0h:28:4s] 76561198401795791: Spawned Entity AAC Honey Badger (SNAFUHoneyBadger_Black<88720eb0>, -1, 200) at <5101.350586, 48.385986, 8087.391113>
[COT 2023-5M-26 0h:28:32] 76561199176957808: Spawned Entity Tactical Belt (HighCapacityVest_ColorBase<910af190>, -1, 250) at <4944.482910, 49.806320, 8023.695313>
[COT 2023-5M-26 0h:29:0s] 76561199176957808: Spawned Entity Hiking Boots (HikingBoots_ColorBase<8d2a3d00>, -1, 200) at <4944.482910, 49.806320, 8023.695313>
[COT 2023-5M-26 0h:29:1s] 76561198401795791: Spawned Entity 300AC 60RND C-Mag BK (SNAFU_CMAG60300_Black<8d2a03a0>, 1, 100) at <5101.350586, 48.385986, 8087.391113>
[COT 2023-5M-26 0h:29:8s] 76561198401795791: Spawned Entity 300AC 60RND C-Mag BK (SNAFU_CMAG60300_Black<8d2a16c0>, 1, 100) at <5101.350586, 48.385986, 8087.391113>
[COT 2023-5M-26 0h:29:55] 76561198401795791: Spawned Entity PEQ1 Laser (SNAFU_PEQ1_Laser<8ed73f80>, -1, 150) at <5101.350586, 48.385986, 8087.391113>
[COT 2023-5M-26 0h:29:57] 76561199176957808: Spawned Entity NBC Pants (NBCPantsBase<8ed75c30>, -1, 80) at <4944.482910, 49.806320, 8023.695313>
[COT 2023-5M-26 0h:30:15] 76561198401795791: Spawned Entity Elcan 4X (SNAFU_Elcan<85d9ed30>, -1, 100) at <5101.350586, 48.385986, 8087.391113>
[COT 2023-5M-26 0h:30:27] 76561199176957808: Spawned Entity Pouches (PlateCarrierPouches<8d698d50>, -1, 200) at <4942.441895, 49.806332, 8024.193848>
[COT 2023-5M-26 0h:30:35] 76561198401795791: Spawned Entity Old SR25 Bipod (SNAFU_Bipod<8d6a0010>, -1, 100) at <5101.350586, 48.385986, 8087.391113>
[COT 2023-5M-26 0h:30:36] 76561199176957808: Spawned Entity Holster (PlateCarrierHolster<8d69d040>, -1, 100) at <4942.441895, 49.806332, 8024.193848>
[COT 2023-5M-26 0h:30:44] 76561198401795791: Spawned Entity AFG Grip OD (SNAFU_AFG_02_OD<90c093e0>, -1, 100) at <5101.350586, 48.385986, 8087.391113>
[COT 2023-5M-26 0h:30:50] 76561199176957808: ESP: Viewing ESP
[COT 2023-5M-26 0h:30:56] 76561199176957808: ESP index=0 target=MSFC_Mich2001_MulticamSnow:09960 position=<4945.142090, 49.811028, 8024.807129> action=delete
[COT 2023-5M-26 0h:30:56] 76561199176957808: ESP index=1 target=HunterPants_Winter:06783 position=<4944.482910, 49.813782, 8023.695313> action=delete
[COT 2023-5M-26 0h:30:56] 76561199176957808: ESP index=2 target=MSFC_TacticalBelt_MulticamSnow:011339 position=<4944.482910, 49.863892, 8023.695313> action=delete
[COT 2023-5M-26 0h:30:56] 76561199176957808: ESP index=3 target=MSFC_WarBelt_Multicam_Black:011024 position=<4945.142090, 49.869778, 8024.807129> action=delete
[COT 2023-5M-26 0h:30:56] 76561199176957808: ESP action=delete_all count=4 attempted=4
[COT 2023-5M-26 0h:30:58] 76561198401795791: Spawned Entity Pictiney Light (SNAFUUniversalLight<90bf0bd0>, -1, 200) at <5101.350586, 48.385986, 8087.391113>
[COT 2023-5M-26 0h:31:1s] 76561199176957808: ESP index=0 target=MSFC_Boots_MulticamSnow:05798 position=<4944.482910, 49.811466, 8023.695313> action=delete
[COT 2023-5M-26 0h:31:1s] 76561199176957808: ESP index=1 target=MSFC_Gloves_MulticamSnow:04421 position=<4945.142090, 49.883629, 8024.807129> action=delete
[COT 2023-5M-26 0h:31:1s] 76561199176957808: ESP index=2 target=MSFC_PlateCarrier_Vest_MulticamSnow:07321 position=<4945.142090, 49.808506, 8024.807129> action=delete
[COT 2023-5M-26 0h:31:1s] 76561199176957808: ESP action=delete_all count=3 attempted=3
[COT 2023-5M-26 0h:31:3s] 76561199176957808: ESP index=0 target=MSFC_Gorka_Jacket_MulticamSnow:07363 position=<4945.142090, 49.808506, 8024.807129> action=delete
[COT 2023-5M-26 0h:31:3s] 76561199176957808: ESP action=delete_all count=1 attempted=1
[COT 2023-5M-26 0h:31:12] 76561199176957808: ESP: Clearing ESP
[COT 2023-5M-26 0h:31:13] 76561199176957808: ESP: Viewing ESP
[COT 2023-5M-26 0h:31:14] 76561198401795791: Spawned Entity M4 UBR Stock. (SNAFU_UBR_Stock<914c29f0>, -1, 200) at <5101.350586, 48.385986, 8087.391113>
[COT 2023-5M-26 0h:31:18] 76561199176957808: ESP index=0 target=MSFC_PlateCarrier_Holster_MulticamSnow:010361 position=<4942.691895, 49.808506, 8024.195801> action=delete
[COT 2023-5M-26 0h:31:18] 76561199176957808: ESP action=delete_all count=1 attempted=1
[COT 2023-5M-26 0h:31:31] 76561199176957808: ESP: Clearing ESP
[COT 2023-5M-26 0h:31:37] 76561199176957808: ESP: Viewing ESP
[COT 2023-5M-26 0h:31:41] 76561199176957808: ESP: Clearing ESP
[COT 2023-5M-26 0h:31:42] 76561199176957808: ESP: Viewing ESP
[COT 2023-5M-26 0h:31:42] 76561198401795791: ESP target=SNAFU_Bipod:04932 position=<5101.350586, 48.530899, 8087.391113> action=delete
[COT 2023-5M-26 0h:31:45] 76561198401795791: ESP target=SNAFUUniversalLight:011753 position=<5101.350586, 48.430721, 8087.391113> action=delete
[COT 2023-5M-26 0h:31:48] 76561198401795791: ESP target=SNAFU_UBR_Stock:08332 position=<5101.350586, 48.409142, 8087.391113> action=delete
[COT 2023-5M-26 0h:31:51] 76561198401795791: ESP target=SNAFU_PEQ1_Laser:012230 position=<5101.350586, 48.391056, 8087.391113> action=delete
[COT 2023-5M-26 0h:31:54] 76561199176957808: ESP: Clearing ESP
[COT 2023-5M-26 0h:31:55] 76561199176957808: ESP: Viewing ESP
[COT 2023-5M-26 0h:32:7s] 76561199176957808: ESP: Clearing ESP
[COT 2023-5M-26 0h:32:7s] 76561199176957808: ESP: Viewing ESP
[COT 2023-5M-26 0h:32:14] 76561198401795791: Spawned Entity Universal Flashlight (UniversalLight<911c0b10>, -1, 70) at <5099.741699, 48.393742, 8087.241699>
[COT 2023-5M-26 0h:32:14] 76561199176957808: ESP: Clearing ESP
[COT 2023-5M-26 0h:32:15] 76561199176957808: ESP: Viewing ESP
[COT 2023-5M-26 0h:32:19] 76561199176957808: ESP index=0 target=MSFC_PlateCarrier_Pouches_MulticamSnow:08537 position=<4940.129883, 49.808506, 8022.623047> action=delete
[COT 2023-5M-26 0h:32:19] 76561199176957808: ESP action=delete_all count=1 attempted=1
[COT 2023-5M-26 0h:32:22] 76561199176957808: ESP: Clearing ESP
[COT 2023-5M-26 0h:32:23] 76561198401795791: Spawned Entity 9V Battery (Battery9V<911bf7f0>, 50, 20) at <5099.741699, 48.393742, 8087.241699>
[COT 2023-5M-26 0h:32:23] 76561198401795791: Spawned Entity 9V Battery (Battery9V<911c1e30>, 50, 20) at <5099.741699, 48.393742, 8087.241699>
[COT 2023-5M-26 0h:32:51] 76561198401795791: Teleported to <4989.104492, 49.767807, 8040.099121> [guid=zhJxvJUIQcTeCgEZ3Xhlvc_WjNMgSdId2I-HV3Jo6tA=]
[COT 2023-5M-26 0h:33:7s] 76561198401795791: Set Energy To 5000 [guid=QjlZXS0Ark29Vwx4GPzro34d4Mh-vfgK6BY62FOJWUg=]
[COT 2023-5M-26 0h:33:7s] 76561198401795791: Set Water To 5000 [guid=QjlZXS0Ark29Vwx4GPzro34d4Mh-vfgK6BY62FOJWUg=]
[COT 2023-5M-26 0h:33:50] 76561199176957808: ESP: Viewing ESP
[COT 2023-5M-26 0h:33:53] 76561199176957808: ESP index=0 target=AliceBag_Black:06345 position=<4986.648926, 49.729317, 8043.303711> action=delete
[COT 2023-5M-26 0h:33:53] 76561199176957808: ESP action=delete_all count=1 attempted=1
[COT 2023-5M-26 0h:34:6s] 76561199176957808: ESP: Clearing ESP
[COT 2023-5M-26 0h:34:25] 76561199176957808: Spawned Entity Pegasus Tactical Backpack (AssaultBag_ColorBase<8f56ee00>, -1, 250) at <4985.818848, 49.509182, 8043.300781>
[COT 2023-5M-26 0h:34:38] 76561198401795791: Spawned Entity Velcro Patch (MSFC_Velcro_Patch_MSFC<8f57b6d0>, -1, 250) at <4990.127930, 49.654858, 8041.982910>
[COT 2023-5M-26 0h:34:53] 76561198401795791: ESP: Clearing ESP
[COT 2023-5M-26 0h:38:48] 76561198401795791: Entered the Free Camera
[COT 2023-5M-26 0h:38:52] 76561198401795791: Left the Free Camera
[COT 2023-5M-26 0h:39:20] 76561199176957808: ESP: Viewing ESP
[COT 2023-5M-26 0h:39:54] 76561199176957808: ESP: Clearing ESP
[COT 2023-5M-26 0h:39:55] 76561199176957808: ESP: Viewing ESP
[COT 2023-5M-26 0h:40:24] 76561199176957808: ESP: Clearing ESP
[COT 2023-5M-26 0h:40:26] 76561199176957808: ESP: Viewing ESP
[COT 2023-5M-26 0h:41:56] 76561199176957808: Set GodMode To true [guid=zhJxvJUIQcTeCgEZ3Xhlvc_WjNMgSdId2I-HV3Jo6tA=]
[COT 2023-5M-26 0h:41:57] 76561199176957808: Set cannot be targeted by AI to true [guid=zhJxvJUIQcTeCgEZ3Xhlvc_WjNMgSdId2I-HV3Jo6tA=]
[COT 2023-5M-26 0h:41:57] 76561199176957808: Set UnlimitedStamina To true [guid=zhJxvJUIQcTeCgEZ3Xhlvc_WjNMgSdId2I-HV3Jo6tA=]
[COT 2023-5M-26 0h:41:58] 76561199176957808: Set UnlimitedAmmo To true [guid=zhJxvJUIQcTeCgEZ3Xhlvc_WjNMgSdId2I-HV3Jo6tA=]
[COT 2023-5M-26 0h:42:0s] 76561199176957808: Set cannot be targeted by AI to false [guid=zhJxvJUIQcTeCgEZ3Xhlvc_WjNMgSdId2I-HV3Jo6tA=]
[COT 2023-5M-26 0h:42:12] 76561199176957808: ESP: Viewing ESP
[COT 2023-5M-26 0h:42:26] 76561198401795791: Set GodMode To true [guid=QjlZXS0Ark29Vwx4GPzro34d4Mh-vfgK6BY62FOJWUg=]
[COT 2023-5M-26 0h:42:29] 76561198401795791: Set cannot be targeted by AI to true [guid=QjlZXS0Ark29Vwx4GPzro34d4Mh-vfgK6BY62FOJWUg=]
[COT 2023-5M-26 0h:42:29] 76561198401795791: Set UnlimitedStamina To true [guid=QjlZXS0Ark29Vwx4GPzro34d4Mh-vfgK6BY62FOJWUg=]
[COT 2023-5M-26 0h:42:31] 76561198401795791: Set UnlimitedAmmo To true [guid=QjlZXS0Ark29Vwx4GPzro34d4Mh-vfgK6BY62FOJWUg=]
[COT 2023-5M-26 0h:43:13] 76561199176957808: ESP: Clearing ESP
[COT 2023-5M-26 0h:43:14] 76561199176957808: ESP: Viewing ESP
[COT 2023-5M-26 0h:43:50] 76561199176957808: ESP: Clearing ESP
[COT 2023-5M-26 0h:43:51] 76561199176957808: ESP: Viewing ESP
[COT 2023-5M-26 0h:44:6s] 76561198401795791: Set the date to 2011/12/5 12:0
[COT 2023-5M-26 0h:44:7s] 76561198401795791: Set rain to 0 0 0
[COT 2023-5M-26 0h:44:7s] 76561198401795791: Set storm to 0 0.8 4000
[COT 2023-5M-26 0h:44:7s] 76561198401795791: Set fog to 0 0 0
[COT 2023-5M-26 0h:44:7s] 76561198401795791: Set overcast to 0 0 0
[COT 2023-5M-26 0h:44:7s] 76561198401795791: Set the date to 2011/12/5 12:0
[COT 2023-5M-26 0h:44:7s] 76561198401795791: Set wind to 15.1245 15.1245 1
[COT 2023-5M-26 0h:44:33] 76561198401795791: Entered the Free Camera
[COT 2023-5M-26 0h:44:45] 76561198401795791: Left the Free Camera
[COT 2023-5M-26 0h:45:36] 76561198401795791: Entered the Free Camera
[COT 2023-5M-26 0h:45:59] 76561198401795791: Left the Free Camera
[COT 2023-5M-26 0h:47:34] 76561199176957808: Spawned Entity Repeater Carbine (Repeater<f9805e10>, -1, 250) at <5352.880859, 87.511810, 7982.517578>
[COT 2023-5M-26 0h:48:40] 76561199176957808: ESP: Clearing ESP
[COT 2023-5M-26 0h:48:40] 76561199176957808: ESP: Viewing ESP
[COT 2023-5M-26 0h:48:58] 76561198401795791: Set UnlimitedStamina To true [guid=QOVCOk5flZ8LlxY_vIXEUxFpj4R6rL-wr-TF8_b4xZo=]
[COT 2023-5M-26 0h:49:48] 76561198401795791: Spawned Entity Sawed-off Mosin 91/30 (SawedoffMosin9130_Base<f9803e60>, -1, 250) at <5492.709473, 116.480606, 8143.600098>
[COT 2023-5M-26 0h:51:13] 76561199176957808: Healed [guid=zhJxvJUIQcTeCgEZ3Xhlvc_WjNMgSdId2I-HV3Jo6tA=]
[COT 2023-5M-26 1h:7m:45] 76561199176957808: Spawned Entity Aviator Sunglasses (AviatorGlasses<93c0adb0>, -1, 50) at <6321.598145, 20.724287, 9474.716797>
[COT 2023-5M-26 1h:16:36] 76561199176957808: Spawned Entity Orienteering Compass (OrienteeringCompass<8f3b9970>, -1, 70) at <6317.136230, 20.747103, 9472.489258>
[COT 2023-5M-26 1h:18:19] 76561199176957808: Set GodMode To false [guid=zhJxvJUIQcTeCgEZ3Xhlvc_WjNMgSdId2I-HV3Jo6tA=]
[COT 2023-5M-26 1h:18:20] 76561199176957808: Set GodMode To false [guid=zhJxvJUIQcTeCgEZ3Xhlvc_WjNMgSdId2I-HV3Jo6tA=]
[COT 2023-5M-26 1h:18:48] 76561199176957808: Healed [guid=zhJxvJUIQcTeCgEZ3Xhlvc_WjNMgSdId2I-HV3Jo6tA=]
[COT 2023-5M-26 1h:18:51] 76561199176957808: Healed [guid=zhJxvJUIQcTeCgEZ3Xhlvc_WjNMgSdId2I-HV3Jo6tA=]
[COT 2023-5M-26 1h:18:54] 76561199176957808: Set GodMode To true [guid=zhJxvJUIQcTeCgEZ3Xhlvc_WjNMgSdId2I-HV3Jo6tA=]
[COT 2023-5M-26 1h:19:21] 76561198401795791: Set GodMode To false [guid=QjlZXS0Ark29Vwx4GPzro34d4Mh-vfgK6BY62FOJWUg=]
[COT 2023-5M-26 1h:19:36] 76561198401795791: Set Energy To 5000 [guid=QjlZXS0Ark29Vwx4GPzro34d4Mh-vfgK6BY62FOJWUg=]
[COT 2023-5M-26 1h:19:36] 76561198401795791: Set Water To 5000 [guid=QjlZXS0Ark29Vwx4GPzro34d4Mh-vfgK6BY62FOJWUg=]
[COT 2023-5M-26 1h:20:1s] 76561198401795791: Set GodMode To true [guid=QjlZXS0Ark29Vwx4GPzro34d4Mh-vfgK6BY62FOJWUg=]
[COT 2023-5M-26 1h:20:6s] 76561198401795791: Set GodMode To true [guid=zhJxvJUIQcTeCgEZ3Xhlvc_WjNMgSdId2I-HV3Jo6tA=]
[COT 2023-5M-26 1h:20:6s] 76561199176957808: Set GodMode To true [guid=zhJxvJUIQcTeCgEZ3Xhlvc_WjNMgSdId2I-HV3Jo6tA=]
[COT 2023-5M-26 1h:20:9s] 76561199176957808: Set cannot be targeted by AI to true [guid=zhJxvJUIQcTeCgEZ3Xhlvc_WjNMgSdId2I-HV3Jo6tA=]
[COT 2023-5M-26 1h:20:10] 76561199176957808: Healed [guid=zhJxvJUIQcTeCgEZ3Xhlvc_WjNMgSdId2I-HV3Jo6tA=]
[COT 2023-5M-26 1h:20:21] 76561198401795791: Set Energy To 5000 [guid=QOVCOk5flZ8LlxY_vIXEUxFpj4R6rL-wr-TF8_b4xZo=]
[COT 2023-5M-26 1h:20:21] 76561198401795791: Set Water To 5000 [guid=QOVCOk5flZ8LlxY_vIXEUxFpj4R6rL-wr-TF8_b4xZo=]
[COT 2023-5M-26 1h:20:39] 76561198401795791: Healed [guid=QOVCOk5flZ8LlxY_vIXEUxFpj4R6rL-wr-TF8_b4xZo=]
[COT 2023-5M-26 1h:20:57] 76561199176957808: Healed [guid=QOVCOk5flZ8LlxY_vIXEUxFpj4R6rL-wr-TF8_b4xZo=]
[COT 2023-5M-26 1h:20:58] 76561199176957808: Healed [guid=QOVCOk5flZ8LlxY_vIXEUxFpj4R6rL-wr-TF8_b4xZo=]
[COT 2023-5M-26 1h:21:3s] 76561198401795791: Set GodMode To false [guid=QjlZXS0Ark29Vwx4GPzro34d4Mh-vfgK6BY62FOJWUg=]
[COT 2023-5M-26 1h:21:48] 76561199176957808: Healed [guid=QjlZXS0Ark29Vwx4GPzro34d4Mh-vfgK6BY62FOJWUg=]
[COT 2023-5M-26 1h:21:52] 76561198401795791: Healed [guid=QjlZXS0Ark29Vwx4GPzro34d4Mh-vfgK6BY62FOJWUg=]
[COT 2023-5M-26 1h:22:3s] 76561198401795791: Entered the Free Camera
[COT 2023-5M-26 1h:22:31] 76561198401795791: Set Health To 0 [guid=QjlZXS0Ark29Vwx4GPzro34d4Mh-vfgK6BY62FOJWUg=]
[COT 2023-5M-26 1h:22:34] 76561198401795791: Set Health To 0 [guid=QjlZXS0Ark29Vwx4GPzro34d4Mh-vfgK6BY62FOJWUg=]
[COT 2023-5M-26 1h:23:5s] 76561198401795791: Teleported to <6318.678223, 20.732468, 9475.031250> [guid=zhJxvJUIQcTeCgEZ3Xhlvc_WjNMgSdId2I-HV3Jo6tA=]
[COT 2023-5M-26 1h:23:54] 76561198401795791: Set Energy To 5000 [guid=QjlZXS0Ark29Vwx4GPzro34d4Mh-vfgK6BY62FOJWUg=]
[COT 2023-5M-26 1h:23:54] 76561198401795791: Set Water To 5000 [guid=QjlZXS0Ark29Vwx4GPzro34d4Mh-vfgK6BY62FOJWUg=]
[COT 2023-5M-26 1h:23:54] 76561198401795791: Set Stamina To 100 [guid=QjlZXS0Ark29Vwx4GPzro34d4Mh-vfgK6BY62FOJWUg=]
[COT 2023-5M-26 1h:23:56] 76561198401795791: Set cannot be targeted by AI to true [guid=QjlZXS0Ark29Vwx4GPzro34d4Mh-vfgK6BY62FOJWUg=]
[COT 2023-5M-26 1h:23:57] 76561198401795791: Set UnlimitedStamina To true [guid=QjlZXS0Ark29Vwx4GPzro34d4Mh-vfgK6BY62FOJWUg=]
[COT 2023-5M-26 1h:23:57] 76561198401795791: Set UnlimitedAmmo To true [guid=QjlZXS0Ark29Vwx4GPzro34d4Mh-vfgK6BY62FOJWUg=]
[COT 2023-5M-26 1h:24:4s] 76561198401795791: Set GodMode To false [guid=QOVCOk5flZ8LlxY_vIXEUxFpj4R6rL-wr-TF8_b4xZo=]
[COT 2023-5M-26 1h:24:54] 76561199176957808: Set GodMode To false [guid=QjlZXS0Ark29Vwx4GPzro34d4Mh-vfgK6BY62FOJWUg=]
[COT 2023-5M-26 1h:25:9s] 76561198401795791: Set cannot be targeted by AI to true [guid=QOVCOk5flZ8LlxY_vIXEUxFpj4R6rL-wr-TF8_b4xZo=]
[COT 2023-5M-26 1h:25:50] 76561199176957808: Set GodMode To false [guid=zhJxvJUIQcTeCgEZ3Xhlvc_WjNMgSdId2I-HV3Jo6tA=]
[COT 2023-5M-26 1h:25:51] 76561199176957808: Healed [guid=zhJxvJUIQcTeCgEZ3Xhlvc_WjNMgSdId2I-HV3Jo6tA=]
[COT 2023-5M-26 1h:26:3s] 76561199176957808: Healed [guid=zhJxvJUIQcTeCgEZ3Xhlvc_WjNMgSdId2I-HV3Jo6tA=]
[COT 2023-5M-26 1h:26:8s] 76561199176957808: Healed [guid=zhJxvJUIQcTeCgEZ3Xhlvc_WjNMgSdId2I-HV3Jo6tA=]
[COT 2023-5M-26 1h:26:14] 76561199176957808: Set GodMode To true [guid=zhJxvJUIQcTeCgEZ3Xhlvc_WjNMgSdId2I-HV3Jo6tA=]
[COT 2023-5M-26 1h:26:35] 76561199176957808: ESP: Clearing ESP
[COT 2023-5M-26 1h:26:36] 76561199176957808: ESP: Viewing ESP
[COT 2023-5M-26 1h:26:53] 76561199176957808: Set GodMode To false [guid=zhJxvJUIQcTeCgEZ3Xhlvc_WjNMgSdId2I-HV3Jo6tA=]
[COT 2023-5M-26 1h:27:33] 76561199176957808: Healed [guid=zhJxvJUIQcTeCgEZ3Xhlvc_WjNMgSdId2I-HV3Jo6tA=]
[COT 2023-5M-26 1h:27:36] 76561199176957808: Set GodMode To true [guid=zhJxvJUIQcTeCgEZ3Xhlvc_WjNMgSdId2I-HV3Jo6tA=]
[COT 2023-5M-26 1h:28:12] 76561198401795791: Spawned Entity M79 (M79<8ca58200>, -1, 200) at <6294.349121, 20.927965, 9390.559570>
[COT 2023-5M-26 1h:29:5s] 76561198401795791: Spawned Entity 40mm Explosive Grenade (Ammo_40mm_Explosive<93bfdb50>, 1, 50) at <6294.349121, 20.927965, 9390.559570>
[COT 2023-5M-26 1h:29:48] 76561199176957808: Set GodMode To false [guid=zhJxvJUIQcTeCgEZ3Xhlvc_WjNMgSdId2I-HV3Jo6tA=]
[COT 2023-5M-26 1h:30:50] 76561199176957808: Teleported to <6294.539551, 20.892498, 9425.027344> [guid=QjlZXS0Ark29Vwx4GPzro34d4Mh-vfgK6BY62FOJWUg=]
[COT 2023-5M-26 1h:30:55] 76561199176957808: Teleported to <6294.000488, 20.892498, 9425.307617> [guid=QjlZXS0Ark29Vwx4GPzro34d4Mh-vfgK6BY62FOJWUg=]
[COT 2023-5M-26 1h:31:5s] 76561198401795791: ESP: ESP updating
[COT 2023-5M-26 1h:31:24] 76561198401795791: ESP: Clearing ESP
[COT 2023-5M-26 1h:31:25] 76561198401795791: ESP: ESP updating
[COT 2023-5M-26 1h:31:38] 76561198401795791: ESP: Viewing ESP
[COT 2023-5M-26 1h:32:35] 76561198401795791: ESP: Clearing ESP
[COT 2023-5M-26 1h:33:59] 76561198401795791: Spawned Entity Patrol Jacket (GorkaEJacket_ColorBase<91a85c70>, -1, 130) at <6295.001953, 20.892447, 9433.562500>
[COT 2023-5M-26 1h:34:49] 76561199176957808: Spawned Entity Jungle Boots (JungleBoots_Black<931f5680>, -1, 150) at <6294.814453, 20.892487, 9430.460938>
[COT 2023-5M-26 1h:36:56] 76561199176957808: Set UnlimitedAmmo To true [guid=zhJxvJUIQcTeCgEZ3Xhlvc_WjNMgSdId2I-HV3Jo6tA=]
[COT 2023-5M-26 1h:36:57] 76561199176957808: Set UnlimitedStamina To true [guid=zhJxvJUIQcTeCgEZ3Xhlvc_WjNMgSdId2I-HV3Jo6tA=]
[COT 2023-5M-26 1h:36:58] 76561198401795791: Spawned Entity Medium Gift Box (GiftBox_Medium<9282e310>, -1, 35) at <6295.557617, 20.892450, 9427.414063>
[COT 2023-5M-26 1h:37:5s] 76561199176957808: Healed [guid=zhJxvJUIQcTeCgEZ3Xhlvc_WjNMgSdId2I-HV3Jo6tA=]
[COT 2023-5M-26 1h:38:3s] 76561199176957808: Spawned Entity Legion AK Platform Suppressor Black (SNAFU_LNormalized_Suppressor_Black<8ba0c9d0>, -1, 20) at <6298.413086, 20.892452, 9429.181641>
[COT 2023-5M-26 1h:38:57] 76561198401795791: Spawned Entity $UNT$Makarov PB6P9 Suppressor (MakarovPBSuppressor<8ba2fe00>, -1, 5) at <6297.747070, 20.892498, 9427.416016>
[COT 2023-5M-26 1h:39:19] 76561198401795791: ESP: Viewing ESP
[COT 2023-5M-26 1h:39:36] 76561198401795791: ESP: Clearing ESP
[COT 2023-5M-26 1h:40:0s] 76561198401795791: ESP: ESP updating
[COT 2023-5M-26 1h:40:18] 76561199176957808: ESP: Clearing ESP
[COT 2023-5M-26 1h:40:20] 76561199176957808: ESP: Viewing ESP
[COT 2023-5M-26 1h:40:31] 76561198401795791: ESP: Viewing ESP
[COT 2023-5M-26 1h:40:35] 76561199176957808: ESP: Clearing ESP
[COT 2023-5M-26 1h:40:36] 76561199176957808: ESP: Viewing ESP
[COT 2023-5M-26 1h:40:40] 76561198401795791: ESP: Clearing ESP
[COT 2023-5M-26 1h:40:42] 76561198401795791: ESP: ESP updating
[COT 2023-5M-26 1h:40:45] 76561199176957808: ESP index=0 target=MakarovPBSuppressor:07756 position=<6297.747070, 20.937239, 9427.416016> action=delete
[COT 2023-5M-26 1h:40:45] 76561199176957808: ESP action=delete_all count=1 attempted=1
[COT 2023-5M-26 1h:40:52] 76561199176957808: ESP index=0 target=GiftWrapPaper:05682 position=<6297.829590, 20.873220, 9425.714844> action=delete
[COT 2023-5M-26 1h:40:52] 76561199176957808: ESP action=delete_all count=1 attempted=1
[COT 2023-5M-26 1h:40:54] 76561198401795791: Left the Free Camera
[COT 2023-5M-26 1h:41:31] 76561199176957808: Spawned Entity Orienteering Compass (OrienteeringCompass<9197a0d0>, -1, 70) at <6290.776367, 20.892496, 9400.049805>
[COT 2023-5M-26 1h:42:1s] 76561199176957808: ESP: Clearing ESP
[COT 2023-5M-26 1h:42:2s] 76561199176957808: ESP: Viewing ESP
[COT 2023-5M-26 1h:42:5s] 76561199176957808: ESP: Clearing ESP
[COT 2023-5M-26 1h:42:6s] 76561199176957808: ESP: Viewing ESP
[COT 2023-5M-26 1h:42:11] 76561199176957808: ESP: Clearing ESP
[COT 2023-5M-26 1h:42:11] 76561199176957808: ESP: Viewing ESP
[COT 2023-5M-26 1h:43:33] 76561198401795791: Set Stamina To 100 [guid=QjlZXS0Ark29Vwx4GPzro34d4Mh-vfgK6BY62FOJWUg=]
[COT 2023-5M-26 1h:43:35] 76561198401795791: Set cannot be targeted by AI to true [guid=QjlZXS0Ark29Vwx4GPzro34d4Mh-vfgK6BY62FOJWUg=]
[COT 2023-5M-26 1h:43:35] 76561198401795791: Set UnlimitedStamina To true [guid=QjlZXS0Ark29Vwx4GPzro34d4Mh-vfgK6BY62FOJWUg=]
[COT 2023-5M-26 1h:43:36] 76561198401795791: Set UnlimitedAmmo To true [guid=QjlZXS0Ark29Vwx4GPzro34d4Mh-vfgK6BY62FOJWUg=]
[COT 2023-5M-26 1h:43:50] 76561199176957808: ESP: Clearing ESP
[COT 2023-5M-26 1h:43:50] 76561199176957808: ESP: Viewing ESP
[COT 2023-5M-26 1h:45:21] 76561198401795791: Spawned Entity Velcro Patch (MSFC_Velcro_Patch_DANGER<eecd76e0>, -1, 250) at <6320.374512, 20.849857, 9412.957031>
[COT 2023-5M-26 1h:47:3s] 76561199176957808: Spawned Entity Velcro Patch (MSFC_Velcro_Patch_US<91a9a190>, -1, 250) at <6322.718750, 20.731947, 9471.204102>
[COT 2023-5M-26 1h:49:18] 76561199176957808: ESP: Clearing ESP
[COT 2023-5M-26 1h:49:19] 76561199176957808: ESP: Viewing ESP
[COT 2023-5M-26 1h:49:26] 76561199176957808: ESP index=0 target=MSFC_PlateCarrier_Vest_MulticamBlack:08719 position=<6345.359863, 20.857515, 9474.218750> action=delete
[COT 2023-5M-26 1h:49:26] 76561199176957808: ESP action=delete_all count=1 attempted=1
[COT 2023-5M-26 1h:49:33] 76561198401795791: Spawned Entity JPC Vest (PlateCarrierVest<8d2a9310>, -1, 350) at <6322.485352, 20.749949, 9467.625000>
[COT 2023-5M-26 1h:49:37] 76561199176957808: ESP: Clearing ESP
[COT 2023-5M-26 1h:49:38] 76561199176957808: ESP: Viewing ESP
[COT 2023-5M-26 1h:51:31] 76561198401795791: Spawned Entity JPC Vest (PlateCarrierVest<90d6f280>, -1, 350) at <6323.374512, 20.754480, 9465.778320>
[COT 2023-5M-26 1h:52:19] 76561198401795791: Spawned Entity Fast Pouch (Container_Base<90d84ac0>, -1, 250) at <6323.321777, 20.763359, 9463.904297>
[COT 2023-5M-26 1h:52:20] 76561198401795791: Spawned Entity Fast Pouch (Container_Base<90d82e10>, -1, 250) at <6323.321777, 20.763359, 9463.904297>
[COT 2023-5M-26 1h:53:9s] 76561198401795791: Spawned Entity Pouches (PlateCarrierPouches<88e37c60>, -1, 200) at <6323.321777, 20.763359, 9463.904297>
[COT 2023-5M-26 1h:53:9s] 76561198401795791: Spawned Entity Pouches (PlateCarrierPouches<88e3dc00>, -1, 200) at <6323.321777, 20.763359, 9463.904297>
[COT 2023-5M-26 1h:53:39] 76561198401795791: ESP: ESP updating
[COT 2023-5M-26 1h:53:43] 76561198401795791: ESP target=MSFC_PlateCarrier_Vest_MulticamBlack_Logo:011184 position=<6322.818848, 20.746624, 9465.849609> action=delete
[COT 2023-5M-26 1h:53:44] 76561199176957808: ESP: Clearing ESP
[COT 2023-5M-26 1h:53:45] 76561199176957808: ESP: Viewing ESP
[COT 2023-5M-26 1h:53:47] 76561199176957808: ESP: Clearing ESP
[COT 2023-5M-26 1h:53:48] 76561198401795791: ESP target=PlateCarrierPouches_Black:010872 position=<6322.818848, 20.746845, 9465.849609> action=delete
[COT 2023-5M-26 1h:53:48] 76561199176957808: ESP: Viewing ESP
[COT 2023-5M-26 1h:53:53] 76561198401795791: ESP target=MSFC_PlateCarrier_Pouches_MulticamBlack:011279 position=<6322.316895, 20.736927, 9468.417969> action=delete
[COT 2023-5M-26 1h:53:57] 76561198401795791: ESP target=SNAFU_AK12_Mag:09077 position=<6310.541992, 20.764458, 9500.046875> action=delete
[COT 2023-5M-26 1h:53:59] 76561198401795791: ESP target=SNAFU_AK12_Mag:09970 position=<6306.368164, 20.798025, 9500.058594> action=delete
[COT 2023-5M-26 1h:54:7s] 76561198401795791: ESP target=SNAFU_AK12_Mag:08138 position=<6316.162598, 20.831388, 9466.657227> action=delete
[COT 2023-5M-26 1h:54:12] 76561198401795791: ESP target=FFY_M4A1_Yeti:04291 position=<6294.944824, 20.905657, 9458.901367> action=delete
[COT 2023-5M-26 1h:54:17] 76561198401795791: ESP target=MSFC_PlateCarrier_Pouches_Black:010331 position=<6323.321777, 20.765522, 9463.904297> action=delete
[COT 2023-5M-26 1h:54:20] 76561198401795791: ESP target=MSFC_PlateCarrier_Pouches_Black:08510 position=<6323.321777, 20.765522, 9463.904297> action=delete
[COT 2023-5M-26 1h:54:25] 76561198401795791: ESP target=SewingKit:08236 position=<6286.965820, 20.800371, 9488.125000> action=delete
[COT 2023-5M-26 1h:54:28] 76561198401795791: ESP target=JoggingShoes_Blue:010316 position=<6286.204102, 21.284531, 9487.243164> action=delete
[COT 2023-5M-26 1h:54:34] 76561198401795791: ESP target=CamoNet:07771 position=<6289.463379, 20.911329, 9428.359375> action=delete
[COT 2023-5M-26 1h:54:37] 76561198401795791: ESP target=MSFC_M65_Jacket_MulticamBlack:05855 position=<6294.474609, 20.882162, 9431.407227> action=delete
[COT 2023-5M-26 1h:54:40] 76561198401795791: ESP target=Heatpack:07579 position=<6291.177734, 20.885628, 9430.340820> action=delete
[COT 2023-5M-26 1h:54:44] 76561198401795791: ESP target=dzn_GorkaHelmet_White:06072 position=<6290.353027, 21.997305, 9427.266602> action=delete
[COT 2023-5M-26 1h:54:49] 76561198401795791: ESP target=M79:012368 position=<6360.225586, 22.767332, 9421.942383> action=delete
[COT 2023-5M-26 1h:54:56] 76561199176957808: Spawned Entity Velcro Patch (MSFC_Velcro_Patch_BENDER<859603d0>, -1, 250) at <6322.224121, 20.754604, 9466.906250>
[COT 2023-5M-26 1h:54:57] 76561198401795791: ESP: Clearing ESP
[COT 2023-5M-26 1h:55:20] 76561198401795791: Spawned Entity Pouch (Container_Base<f99fb8f0>, -1, 250) at <6323.321777, 20.763359, 9463.904297>
[COT 2023-5M-26 1h:55:21] 76561198401795791: Spawned Entity Pouch (Container_Base<f9a02bb0>, -1, 250) at <6323.321777, 20.763359, 9463.904297>
[COT 2023-5M-26 1h:55:52] 76561198401795791: Spawned Entity Pouch (Container_Base<8b425730>, -1, 250) at <6323.321777, 20.763359, 9463.904297>
[COT 2023-5M-26 1h:55:52] 76561198401795791: Spawned Entity Pouch (Container_Base<8b422760>, -1, 250) at <6323.321777, 20.763359, 9463.904297>
[COT 2023-5M-26 1h:56:7s] 76561198401795791: Spawned Entity Velcro Patch (MSFC_Velcro_Patch_US<f7facd20>, -1, 250) at <6323.321777, 20.763359, 9463.904297>
[COT 2023-5M-26 1h:57:48] 76561198401795791: Spawned Entity Fast Pouch (Container_Base<916a7a90>, -1, 250) at <6323.376465, 20.760130, 9464.593750>
[COT 2023-5M-26 1h:57:49] 76561198401795791: Spawned Entity Fast Pouch (Container_Base<916a8420>, -1, 250) at <6323.376465, 20.760130, 9464.593750>
[COT 2023-5M-26 1h:58:46] 76561198401795791: Spawned Entity 300AC 60RND C-Mag BK (SNAFU_CMAG60300_Black<90c0a700>, 1, 100) at <6324.245605, 20.763350, 9462.989258>
[COT 2023-5M-26 1h:58:47] 76561198401795791: Spawned Entity 300AC 60RND C-Mag BK (SNAFU_CMAG60300_Black<90c04760>, 1, 100) at <6324.245605, 20.763350, 9462.989258>
[COT 2023-5M-26 1h:58:47] 76561198401795791: Spawned Entity 300AC 60RND C-Mag BK (SNAFU_CMAG60300_Black<90c119c0>, 1, 100) at <6324.245605, 20.763350, 9462.989258>
[COT 2023-5M-26 1h:58:48] 76561198401795791: Spawned Entity 300AC 60RND C-Mag BK (SNAFU_CMAG60300_Black<90c0e060>, 1, 100) at <6324.245605, 20.763350, 9462.989258>
[COT 2023-5M-26 1h:59:8s] 76561199176957808: Spawned Entity Boxed .357 Rounds (AmmoBox_357_20Rnd<8b292190>, -1, 100) at <6318.726563, 20.786875, 9461.157227>
[COT 2023-5M-26 1h:59:8s] 76561199176957808: Spawned Entity Boxed .357 Rounds (AmmoBox_357_20Rnd<8b292b20>, -1, 100) at <6318.726563, 20.786875, 9461.157227>
[COT 2023-5M-26 1h:59:9s] 76561199176957808: Spawned Entity Boxed .357 Rounds (AmmoBox_357_20Rnd<8b2a2d50>, -1, 100) at <6318.726563, 20.786875, 9461.157227>
[COT 2023-5M-26 1h:59:12] 76561198401795791: ESP: Viewing ESP
[COT 2023-5M-26 1h:59:15] 76561198401795791: ESP target=MSFC_Pouches_Magazine_Black:011592 position=<6323.247559, 20.894724, 9464.887695> action=delete
[COT 2023-5M-26 1h:59:23] 76561198401795791: ESP target=MSFC_Pouches_Magazine_Black:011384 position=<6323.247559, 20.894724, 9464.887695> action=delete
[COT 2023-5M-26 1h:59:28] 76561198401795791: ESP target=SNAFU_CMAG60300_Black:08026 position=<6324.245605, 20.777426, 9462.989258> action=delete
[COT 2023-5M-26 1h:59:31] 76561198401795791: ESP target=SNAFU_CMAG60300_Black:09971 position=<6324.245605, 20.777426, 9462.989258> action=delete
[COT 2023-5M-26 2h:0m:14] 76561198401795791: ESP target=Mag_CMAG_40Rnd_Black:04293 position=<6251.851074, 21.044842, 9372.662109> action=delete
[COT 2023-5M-26 2h:1m:50] 76561199176957808: ESP: Clearing ESP
[COT 2023-5M-26 2h:1m:51] 76561199176957808: ESP: Viewing ESP
[COT 2023-5M-26 2h:2m:32] 76561199176957808: ESP: Clearing ESP
[COT 2023-5M-26 2h:2m:35] 76561198401795791: ESP: Clearing ESP
[COT 2023-5M-26 2h:2m:42] 76561199176957808: ESP: Viewing ESP
[COT 2023-5M-26 2h:2m:43] 76561199176957808: ESP: Clearing ESP
[COT 2023-5M-26 2h:2m:44] 76561199176957808: ESP: Viewing ESP
[COT 2023-5M-26 2h:2m:57] 76561198401795791: ESP: Viewing ESP
[COT 2023-5M-26 2h:3m:26] 76561199176957808: Healed [guid=zhJxvJUIQcTeCgEZ3Xhlvc_WjNMgSdId2I-HV3Jo6tA=]
[COT 2023-5M-26 2h:5m:11] 76561199176957808: Spawned Entity Snipex Alligator (SNAFUAlligator<92d2c890>, -1, 300) at <6320.123047, 20.539301, 9493.763672>
[COT 2023-5M-26 2h:5m:36] 76561198401795791: ESP: Clearing ESP
[COT 2023-5M-26 2h:5m:44] 76561199176957808: Set cannot be targeted by AI to true [guid=zhJxvJUIQcTeCgEZ3Xhlvc_WjNMgSdId2I-HV3Jo6tA=]
[COT 2023-5M-26 2h:5m:58] 76561198401795791: Set cannot be targeted by AI to false [guid=QjlZXS0Ark29Vwx4GPzro34d4Mh-vfgK6BY62FOJWUg=]
[COT 2023-5M-26 2h:5m:59] 76561198401795791: Set cannot be targeted by AI to true [guid=QjlZXS0Ark29Vwx4GPzro34d4Mh-vfgK6BY62FOJWUg=]
[COT 2023-5M-26 2h:6m:1s] 76561198401795791: Set GodMode To false [guid=QjlZXS0Ark29Vwx4GPzro34d4Mh-vfgK6BY62FOJWUg=]
[COT 2023-5M-26 2h:6m:3s] 76561198401795791: Set cannot be targeted by AI to false [guid=QjlZXS0Ark29Vwx4GPzro34d4Mh-vfgK6BY62FOJWUg=]
[COT 2023-5M-26 2h:6m:4s] 76561198401795791: Set GodMode To true [guid=QjlZXS0Ark29Vwx4GPzro34d4Mh-vfgK6BY62FOJWUg=]
[COT 2023-5M-26 2h:6m:21] 76561198401795791: Set GodMode To true [guid=QjlZXS0Ark29Vwx4GPzro34d4Mh-vfgK6BY62FOJWUg=]
[COT 2023-5M-26 2h:6m:36] 76561198401795791: Set Health To 100 [guid=QjlZXS0Ark29Vwx4GPzro34d4Mh-vfgK6BY62FOJWUg=]
[COT 2023-5M-26 2h:6m:36] 76561198401795791: Set Energy To 5000 [guid=QjlZXS0Ark29Vwx4GPzro34d4Mh-vfgK6BY62FOJWUg=]
[COT 2023-5M-26 2h:6m:36] 76561198401795791: Set Water To 5000 [guid=QjlZXS0Ark29Vwx4GPzro34d4Mh-vfgK6BY62FOJWUg=]
[COT 2023-5M-26 2h:6m:36] 76561198401795791: Set Shock To 100 [guid=QjlZXS0Ark29Vwx4GPzro34d4Mh-vfgK6BY62FOJWUg=]
[COT 2023-5M-26 2h:6m:50] 76561198401795791: Set GodMode To false [guid=QjlZXS0Ark29Vwx4GPzro34d4Mh-vfgK6BY62FOJWUg=]
[COT 2023-5M-26 2h:6m:54] 76561198401795791: Set Health To 100 [guid=QjlZXS0Ark29Vwx4GPzro34d4Mh-vfgK6BY62FOJWUg=]
[COT 2023-5M-26 2h:6m:54] 76561198401795791: Set Shock To 100 [guid=QjlZXS0Ark29Vwx4GPzro34d4Mh-vfgK6BY62FOJWUg=]
[COT 2023-5M-26 2h:6m:58] 76561198401795791: Set GodMode To true [guid=QjlZXS0Ark29Vwx4GPzro34d4Mh-vfgK6BY62FOJWUg=]
[COT 2023-5M-26 2h:7m:2s] 76561198401795791: Set cannot be targeted by AI to true [guid=QjlZXS0Ark29Vwx4GPzro34d4Mh-vfgK6BY62FOJWUg=]
[COT 2023-5M-26 2h:8m:36] 76561199176957808: ESP: Clearing ESP
[COT 2023-5M-26 2h:8m:37] 76561199176957808: ESP: Viewing ESP
[COT 2023-5M-26 2h:8m:42] 76561199176957808: ESP index=0 target=SNAFUAlligator:08515 position=<6276.167480, 21.115440, 9392.066406> action=delete
[COT 2023-5M-26 2h:8m:42] 76561199176957808: ESP action=delete_all count=1 attempted=1
[COT 2023-5M-26 2h:9m:31] 76561199176957808: ESP: Clearing ESP
[COT 2023-5M-26 2h:9m:31] 76561199176957808: ESP: Viewing ESP
[COT 2023-5M-26 2h:10:43] 76561198401795791: ESP: Viewing ESP
[COT 2023-5M-26 2h:10:46] 76561198401795791: ESP target=SNAFUHoneyBadger_30rdMag_Tan:011794 position=<6284.766113, 20.899126, 9402.002930> action=delete
[COT 2023-5M-26 2h:10:54] 76561198401795791: ESP: Clearing ESP
[COT 2023-5M-26 2h:11:44] 76561199176957808: Spawned Entity Pouch (Container_Base<f75e3980>, -1, 250) at <6283.692871, 20.892464, 9407.968750>
[COT 2023-5M-26 2h:11:44] 76561199176957808: Spawned Entity Pouch (Container_Base<f75ebf60>, -1, 250) at <6283.692871, 20.892464, 9407.968750>
[COT 2023-5M-26 2h:12:20] 76561198401795791: Spawned Entity Pegasus Tactical Backpack (AssaultBag_ColorBase<92f2d650>, -1, 250) at <6293.799316, 20.892368, 9410.522461>
[COT 2023-5M-26 2h:12:36] 76561198401795791: Spawned Entity Pouch (Container_Base<92f59060>, -1, 250) at <6292.744141, 20.892435, 9409.393555>
[COT 2023-5M-26 2h:12:44] 76561198401795791: Spawned Entity Pouch (Container_Base<92f530c0>, -1, 250) at <6292.744141, 20.892435, 9409.393555>
[COT 2023-5M-26 2h:13:1s] 76561198401795791: Spawned Entity Velcro Patch (MSFC_Velcro_Patch_MEDIC_EN<92f5d350>, -1, 250) at <6292.744141, 20.892435, 9409.393555>
[COT 2023-5M-26 2h:14:34] 76561198401795791: Spawned Entity Compass (Compass<8f39c4e0>, -1, 70) at <6293.041992, 20.921808, 9391.334961>
[COT 2023-5M-26 2h:15:4s] 76561199176957808: ESP: Clearing ESP
[COT 2023-5M-26 2h:15:4s] 76561199176957808: ESP: Viewing ESP
[COT 2023-5M-26 2h:15:6s] 76561198401795791: Set GodMode To false [guid=QjlZXS0Ark29Vwx4GPzro34d4Mh-vfgK6BY62FOJWUg=]
[COT 2023-5M-26 2h:15:8s] 76561198401795791: Set cannot be targeted by AI to false [guid=QjlZXS0Ark29Vwx4GPzro34d4Mh-vfgK6BY62FOJWUg=]
[COT 2023-5M-26 2h:15:9s] 76561198401795791: Set UnlimitedAmmo To false [guid=QjlZXS0Ark29Vwx4GPzro34d4Mh-vfgK6BY62FOJWUg=]
[COT 2023-5M-26 2h:17:3s] 76561199176957808: Set cannot be targeted by AI to false [guid=zhJxvJUIQcTeCgEZ3Xhlvc_WjNMgSdId2I-HV3Jo6tA=]
[COT 2023-5M-26 2h:17:4s] 76561199176957808: Set cannot be targeted by AI to false [guid=zhJxvJUIQcTeCgEZ3Xhlvc_WjNMgSdId2I-HV3Jo6tA=]
[COT 2023-5M-26 2h:17:21] 76561199176957808: Set GodMode To false [guid=zhJxvJUIQcTeCgEZ3Xhlvc_WjNMgSdId2I-HV3Jo6tA=]
[COT 2023-5M-26 2h:17:22] 76561198401795791: ESP: Viewing ESP
[COT 2023-5M-26 2h:32:9s] 76561199176957808: Spawned Entity Combat Knife (CombatKnife<93f58a00>, -1, 250) at <6515.878906, 16.080030, 9300.837891>
[COT 2023-5M-26 2h:34:22] 76561198401795791: Spawned Entity Matches (Matchbox<8af964e0>, 100, 80) at <6522.073242, 16.080011, 9300.508789>
[COT 2023-5M-26 2h:39:16] 76561199176957808: Spawned Entity Quilted Jacket (QuiltedJacket_Black<92f4a150>, -1, 90) at <6519.488770, 16.080036, 9301.745117>
[COT 2023-5M-26 2h:41:11] 76561199176957808: Spawned Entity G3 pants (USMCPants_ColorBase<8e8f3a30>, -1, 250) at <6519.884766, 16.080036, 9301.540039>
[COT 2023-5M-26 2h:43:16] 76561198401795791: Spawned Entity EOTech EXPS3 (SNAFU_EOTech_EXPS3<6177ed0>, -1, 50) at <6521.429688, 16.080038, 9302.657227>
[COT 2023-5M-26 2h:44:43] 76561198401795791: ESP: Clearing ESP
[COT 2023-5M-26 2h:44:48] 76561198401795791: ESP: Viewing ESP
[COT 2023-5M-26 2h:44:52] 76561198401795791: ESP target=Ammo_556x45:06642 position=<6521.602051, 16.047310, 9302.914063> action=delete
[COT 2023-5M-26 2h:44:54] 76561198401795791: ESP target=Ammo_556x45:09038 position=<6521.602051, 16.047310, 9302.914063> action=delete
[COT 2023-5M-26 2h:44:57] 76561198401795791: ESP target=Ammo_556x45:011280 position=<6521.602051, 16.047310, 9302.914063> action=delete
[COT 2023-5M-26 2h:45:30] 76561198401795791: Spawned Entity 300ACC (SNAFU_Ammo_300ACC<f72fe140>, 1, 100) at <6521.893066, 16.080042, 9303.487305>
[COT 2023-5M-26 2h:45:30] 76561198401795791: Spawned Entity 300ACC (SNAFU_Ammo_300ACC<f72fce20>, 1, 100) at <6521.893066, 16.080042, 9303.487305>
[COT 2023-5M-26 2h:45:30] 76561198401795791: Spawned Entity 300ACC (SNAFU_Ammo_300ACC<f72fd7b0>, 1, 100) at <6521.893066, 16.080042, 9303.487305>
[COT 2023-5M-26 2h:45:30] 76561198401795791: Spawned Entity 300ACC (SNAFU_Ammo_300ACC<f72ff460>, 1, 100) at <6521.893066, 16.080042, 9303.487305>
[COT 2023-5M-26 2h:45:30] 76561198401795791: Spawned Entity 300ACC (SNAFU_Ammo_300ACC<f72f9e50>, 1, 100) at <6521.893066, 16.080042, 9303.487305>
[COT 2023-5M-26 2h:45:31] 76561198401795791: Spawned Entity 300ACC (SNAFU_Ammo_300ACC<f72fbb00>, 1, 100) at <6521.893066, 16.080042, 9303.487305>
[COT 2023-5M-26 2h:45:31] 76561198401795791: Spawned Entity 300ACC (SNAFU_Ammo_300ACC<f730d9e0>, 1, 100) at <6521.893066, 16.080042, 9303.487305>
[COT 2023-5M-26 2h:45:31] 76561198401795791: Spawned Entity 300ACC (SNAFU_Ammo_300ACC<f730e370>, 1, 100) at <6521.893066, 16.080042, 9303.487305>
[COT 2023-5M-26 2h:45:31] 76561198401795791: Spawned Entity 300ACC (SNAFU_Ammo_300ACC<f730f690>, 1, 100) at <6521.893066, 16.080042, 9303.487305>
[COT 2023-5M-26 2h:45:31] 76561198401795791: Spawned Entity 300ACC (SNAFU_Ammo_300ACC<f730b3a0>, 1, 100) at <6521.893066, 16.080042, 9303.487305>
[COT 2023-5M-26 2h:45:32] 76561198401795791: Spawned Entity 300ACC (SNAFU_Ammo_300ACC<f730c6c0>, 1, 100) at <6521.893066, 16.080042, 9303.487305>
[COT 2023-5M-26 2h:45:32] 76561198401795791: Spawned Entity 300ACC (SNAFU_Ammo_300ACC<f72f0ee0>, 1, 100) at <6521.893066, 16.080042, 9303.487305>
[COT 2023-5M-26 2h:45:32] 76561198401795791: Spawned Entity 300ACC (SNAFU_Ammo_300ACC<f730ed00>, 1, 100) at <6521.893066, 16.080042, 9303.487305>
[COT 2023-5M-26 2h:45:32] 76561198401795791: Spawned Entity 300ACC (SNAFU_Ammo_300ACC<8cdeea10>, 1, 100) at <6521.893066, 16.080042, 9303.487305>
[COT 2023-5M-26 2h:45:32] 76561198401795791: Spawned Entity 300ACC (SNAFU_Ammo_300ACC<8cdefd30>, 1, 100) at <6521.893066, 16.080042, 9303.487305>
[COT 2023-5M-26 2h:45:33] 76561198401795791: Spawned Entity 300ACC (SNAFU_Ammo_300ACC<8cdee080>, 1, 100) at <6521.893066, 16.080042, 9303.487305>
[COT 2023-5M-26 2h:45:33] 76561198401795791: Spawned Entity 300ACC (SNAFU_Ammo_300ACC<8cdf1050>, 1, 100) at <6521.893066, 16.080042, 9303.487305>
[COT 2023-5M-26 2h:45:33] 76561198401795791: Spawned Entity 300ACC (SNAFU_Ammo_300ACC<8cdf8310>, 1, 100) at <6521.893066, 16.080042, 9303.487305>
[COT 2023-5M-26 2h:45:33] 76561198401795791: Spawned Entity 300ACC (SNAFU_Ammo_300ACC<8cdf2370>, 1, 100) at <6521.893066, 16.080042, 9303.487305>
[COT 2023-5M-26 2h:45:33] 76561198401795791: Spawned Entity 300ACC (SNAFU_Ammo_300ACC<8cdf2d00>, 1, 100) at <6521.893066, 16.080042, 9303.487305>
[COT 2023-5M-26 2h:45:34] 76561198401795791: Spawned Entity 300ACC (SNAFU_Ammo_300ACC<8cdf9fc0>, 1, 100) at <6521.893066, 16.080042, 9303.487305>
[COT 2023-5M-26 2h:45:34] 76561198401795791: Spawned Entity 300ACC (SNAFU_Ammo_300ACC<8cdf5340>, 1, 100) at <6521.893066, 16.080042, 9303.487305>
[COT 2023-5M-26 2h:45:34] 76561198401795791: Spawned Entity 300ACC (SNAFU_Ammo_300ACC<8cdfc600>, 1, 100) at <6521.893066, 16.080042, 9303.487305>
[COT 2023-5M-26 2h:45:34] 76561198401795791: Spawned Entity 300ACC (SNAFU_Ammo_300ACC<8cdff5d0>, 1, 100) at <6521.893066, 16.080042, 9303.487305>
[COT 2023-5M-26 2h:45:34] 76561198401795791: Spawned Entity 300ACC (SNAFU_Ammo_300ACC<8ce06890>, 1, 100) at <6521.893066, 16.080042, 9303.487305>
[COT 2023-5M-26 2h:45:34] 76561198401795791: Spawned Entity 300ACC (SNAFU_Ammo_300ACC<8ce01c10>, 1, 100) at <6521.893066, 16.080042, 9303.487305>
[COT 2023-5M-26 2h:45:35] 76561198401795791: Spawned Entity 300ACC (SNAFU_Ammo_300ACC<8ce008f0>, 1, 100) at <6521.893066, 16.080042, 9303.487305>
[COT 2023-5M-26 2h:45:35] 76561198401795791: Spawned Entity 300ACC (SNAFU_Ammo_300ACC<8ce08ed0>, 1, 100) at <6521.893066, 16.080042, 9303.487305>
[COT 2023-5M-26 2h:45:35] 76561198401795791: Spawned Entity 300ACC (SNAFU_Ammo_300ACC<8ce0b510>, 1, 100) at <6521.893066, 16.080042, 9303.487305>
[COT 2023-5M-26 2h:45:35] 76561198401795791: Spawned Entity 300ACC (SNAFU_Ammo_300ACC<8ce114b0>, 1, 100) at <6521.893066, 16.080042, 9303.487305>
[COT 2023-5M-26 2h:45:35] 76561198401795791: Spawned Entity 300ACC (SNAFU_Ammo_300ACC<8ce0ab80>, 1, 100) at <6521.893066, 16.080042, 9303.487305>
[COT 2023-5M-26 2h:45:36] 76561198401795791: Spawned Entity 300ACC (SNAFU_Ammo_300ACC<8ce0db50>, 1, 100) at <6521.893066, 16.080042, 9303.487305>
[COT 2023-5M-26 2h:45:36] 76561198401795791: Spawned Entity 300ACC (SNAFU_Ammo_300ACC<8ce17de0>, 1, 100) at <6521.893066, 16.080042, 9303.487305>
[COT 2023-5M-26 2h:45:36] 76561198401795791: Spawned Entity 300ACC (SNAFU_Ammo_300ACC<8ce25040>, 1, 100) at <6521.893066, 16.080042, 9303.487305>
[COT 2023-5M-26 2h:45:36] 76561198401795791: Spawned Entity 300ACC (SNAFU_Ammo_300ACC<8ce22a00>, 1, 100) at <6521.893066, 16.080042, 9303.487305>
[COT 2023-5M-26 2h:45:36] 76561198401795791: Spawned Entity 300ACC (SNAFU_Ammo_300ACC<8ce203c0>, 1, 100) at <6521.893066, 16.080042, 9303.487305>
[COT 2023-5M-26 2h:45:36] 76561198401795791: Spawned Entity 300ACC (SNAFU_Ammo_300ACC<8ce28010>, 1, 100) at <6521.893066, 16.080042, 9303.487305>
[COT 2023-5M-26 2h:45:37] 76561198401795791: Spawned Entity 300ACC (SNAFU_Ammo_300ACC<8ce216e0>, 1, 100) at <6521.893066, 16.080042, 9303.487305>
[COT 2023-5M-26 2h:45:37] 76561198401795791: Spawned Entity 300ACC (SNAFU_Ammo_300ACC<8ce289a0>, 1, 100) at <6521.893066, 16.080042, 9303.487305>
[COT 2023-5M-26 2h:45:37] 76561198401795791: Spawned Entity 300ACC (SNAFU_Ammo_300ACC<8ce23390>, 1, 100) at <6521.893066, 16.080042, 9303.487305>
[COT 2023-5M-26 2h:45:37] 76561198401795791: Spawned Entity 300ACC (SNAFU_Ammo_300ACC<8ce2a650>, 1, 100) at <6521.893066, 16.080042, 9303.487305>
[COT 2023-5M-26 2h:45:37] 76561198401795791: Spawned Entity 300ACC (SNAFU_Ammo_300ACC<8ce23d20>, 1, 100) at <6521.893066, 16.080042, 9303.487305>
[COT 2023-5M-26 2h:45:38] 76561198401795791: Spawned Entity 300ACC (SNAFU_Ammo_300ACC<8ce246b0>, 1, 100) at <6521.893066, 16.080042, 9303.487305>
[COT 2023-5M-26 2h:45:38] 76561198401795791: Spawned Entity 300ACC (SNAFU_Ammo_300ACC<8ce2b970>, 1, 100) at <6521.893066, 16.080042, 9303.487305>
[COT 2023-5M-26 2h:45:38] 76561198401795791: Spawned Entity 300ACC (SNAFU_Ammo_300ACC<8ce0bea0>, 1, 100) at <6521.893066, 16.080042, 9303.487305>
[COT 2023-5M-26 2h:45:38] 76561198401795791: Spawned Entity 300ACC (SNAFU_Ammo_300ACC<f6cebdd0>, 1, 100) at <6521.893066, 16.080042, 9303.487305>
[COT 2023-5M-26 2h:45:38] 76561198401795791: Spawned Entity 300ACC (SNAFU_Ammo_300ACC<f6ce9790>, 1, 100) at <6521.893066, 16.080042, 9303.487305>
[COT 2023-5M-26 2h:45:38] 76561198401795791: Spawned Entity 300ACC (SNAFU_Ammo_300ACC<f6ced0f0>, 1, 100) at <6521.893066, 16.080042, 9303.487305>
[COT 2023-5M-26 2h:45:39] 76561198401795791: Spawned Entity 300ACC (SNAFU_Ammo_300ACC<f6ceda80>, 1, 100) at <6521.893066, 16.080042, 9303.487305>
[COT 2023-5M-26 2h:45:39] 76561198401795791: Spawned Entity 300ACC (SNAFU_Ammo_300ACC<f6ce8470>, 1, 100) at <6521.893066, 16.080042, 9303.487305>
[COT 2023-5M-26 2h:45:39] 76561198401795791: Spawned Entity 300ACC (SNAFU_Ammo_300ACC<f6cf2700>, 1, 100) at <6521.893066, 16.080042, 9303.487305>
[COT 2023-5M-26 2h:45:39] 76561198401795791: Spawned Entity 300ACC (SNAFU_Ammo_300ACC<f6cf3a20>, 1, 100) at <6521.893066, 16.080042, 9303.487305>
[COT 2023-5M-26 2h:45:39] 76561198401795791: Spawned Entity 300ACC (SNAFU_Ammo_300ACC<f6cef730>, 1, 100) at <6521.893066, 16.080042, 9303.487305>
[COT 2023-5M-26 2h:45:40] 76561198401795791: Spawned Entity 300ACC (SNAFU_Ammo_300ACC<f6cf69f0>, 1, 100) at <6521.893066, 16.080042, 9303.487305>
[COT 2023-5M-26 2h:45:40] 76561198401795791: Spawned Entity 300ACC (SNAFU_Ammo_300ACC<f6cf00c0>, 1, 100) at <6521.893066, 16.080042, 9303.487305>
[COT 2023-5M-26 2h:45:40] 76561198401795791: Spawned Entity 300ACC (SNAFU_Ammo_300ACC<f6cf13e0>, 1, 100) at <6521.893066, 16.080042, 9303.487305>
[COT 2023-5M-26 2h:45:40] 76561198401795791: Spawned Entity 300ACC (SNAFU_Ammo_300ACC<f6cf1d70>, 1, 100) at <6521.893066, 16.080042, 9303.487305>
[COT 2023-5M-26 2h:45:40] 76561198401795791: Spawned Entity 300ACC (SNAFU_Ammo_300ACC<f6cfc000>, 1, 100) at <6521.893066, 16.080042, 9303.487305>
[COT 2023-5M-26 2h:45:40] 76561198401795791: Spawned Entity 300ACC (SNAFU_Ammo_300ACC<f6cfe640>, 1, 100) at <6521.893066, 16.080042, 9303.487305>
[COT 2023-5M-26 2h:45:41] 76561198401795791: Spawned Entity 300ACC (SNAFU_Ammo_300ACC<f6cfefd0>, 1, 100) at <6521.893066, 16.080042, 9303.487305>
[COT 2023-5M-26 2h:45:41] 76561198401795791: Spawned Entity 300ACC (SNAFU_Ammo_300ACC<f6d002f0>, 1, 100) at <6521.893066, 16.080042, 9303.487305>
[COT 2023-5M-26 2h:45:41] 76561198401795791: Spawned Entity 300ACC (SNAFU_Ammo_300ACC<f6cf99c0>, 1, 100) at <6521.893066, 16.080042, 9303.487305>
[COT 2023-5M-26 2h:45:41] 76561198401795791: Spawned Entity 300ACC (SNAFU_Ammo_300ACC<f6cdeb70>, 1, 100) at <6521.893066, 16.080042, 9303.487305>
[COT 2023-5M-26 2h:45:42] 76561198401795791: Spawned Entity 300ACC (SNAFU_Ammo_300ACC<f6cdfe90>, 1, 100) at <6521.893066, 16.080042, 9303.487305>
[COT 2023-5M-26 2h:45:42] 76561198401795791: Spawned Entity 300ACC (SNAFU_Ammo_300ACC<f6ce0820>, 1, 100) at <6521.893066, 16.080042, 9303.487305>
[COT 2023-5M-26 2h:45:42] 76561198401795791: Spawned Entity 300ACC (SNAFU_Ammo_300ACC<f6ce11b0>, 1, 100) at <6521.893066, 16.080042, 9303.487305>
[COT 2023-5M-26 2h:45:42] 76561198401795791: Spawned Entity 300ACC (SNAFU_Ammo_300ACC<f6ce1b40>, 1, 100) at <6521.893066, 16.080042, 9303.487305>
[COT 2023-5M-26 2h:45:42] 76561198401795791: Spawned Entity 300ACC (SNAFU_Ammo_300ACC<f6cdbba0>, 1, 100) at <6521.893066, 16.080042, 9303.487305>
[COT 2023-5M-26 2h:45:42] 76561198401795791: Spawned Entity 300ACC (SNAFU_Ammo_300ACC<f6ce7ae0>, 1, 100) at <6521.893066, 16.080042, 9303.487305>
[COT 2023-5M-26 2h:45:43] 76561198401795791: Spawned Entity 300ACC (SNAFU_Ammo_300ACC<f6ce4180>, 1, 100) at <6521.893066, 16.080042, 9303.487305>
[COT 2023-5M-26 2h:45:43] 76561198401795791: Spawned Entity 300ACC (SNAFU_Ammo_300ACC<f3f67da0>, 1, 100) at <6521.893066, 16.080042, 9303.487305>
[COT 2023-5M-26 2h:45:43] 76561198401795791: Spawned Entity 300ACC (SNAFU_Ammo_300ACC<f3f65760>, 1, 100) at <6521.893066, 16.080042, 9303.487305>
[COT 2023-5M-26 2h:45:43] 76561198401795791: Spawned Entity 300ACC (SNAFU_Ammo_300ACC<f3f66a80>, 1, 100) at <6521.893066, 16.080042, 9303.487305>
[COT 2023-5M-26 2h:45:43] 76561198401795791: Spawned Entity 300ACC (SNAFU_Ammo_300ACC<f3f63ab0>, 1, 100) at <6521.893066, 16.080042, 9303.487305>
[COT 2023-5M-26 2h:45:44] 76561198401795791: Spawned Entity 300ACC (SNAFU_Ammo_300ACC<f3f67410>, 1, 100) at <6521.893066, 16.080042, 9303.487305>
[COT 2023-5M-26 2h:45:44] 76561198401795791: Spawned Entity 300ACC (SNAFU_Ammo_300ACC<f3f64440>, 1, 100) at <6521.893066, 16.080042, 9303.487305>
[COT 2023-5M-26 2h:45:44] 76561198401795791: Spawned Entity 300ACC (SNAFU_Ammo_300ACC<f3f660f0>, 1, 100) at <6521.893066, 16.080042, 9303.487305>
[COT 2023-5M-26 2h:45:44] 76561198401795791: Spawned Entity 300ACC (SNAFU_Ammo_300ACC<f3f68730>, 1, 100) at <6521.893066, 16.080042, 9303.487305>
[COT 2023-5M-26 2h:45:44] 76561198401795791: Spawned Entity 300ACC (SNAFU_Ammo_300ACC<f3f61e00>, 1, 100) at <6521.893066, 16.080042, 9303.487305>
[COT 2023-5M-26 2h:45:45] 76561198401795791: Spawned Entity 300ACC (SNAFU_Ammo_300ACC<f3f64dd0>, 1, 100) at <6521.893066, 16.080042, 9303.487305>
[COT 2023-5M-26 2h:45:45] 76561198401795791: Spawned Entity 300ACC (SNAFU_Ammo_300ACC<f3f6ca20>, 1, 100) at <6521.893066, 16.080042, 9303.487305>
[COT 2023-5M-26 2h:45:45] 76561198401795791: Spawned Entity 300ACC (SNAFU_Ammo_300ACC<f3f69a50>, 1, 100) at <6521.893066, 16.080042, 9303.487305>
[COT 2023-5M-26 2h:45:45] 76561198401795791: Spawned Entity 300ACC (SNAFU_Ammo_300ACC<f3f6a3e0>, 1, 100) at <6521.893066, 16.080042, 9303.487305>
[COT 2023-5M-26 2h:45:45] 76561198401795791: Spawned Entity 300ACC (SNAFU_Ammo_300ACC<f3f690c0>, 1, 100) at <6521.893066, 16.080042, 9303.487305>
[COT 2023-5M-26 2h:46:18] 76561198401795791: ESP target=SNAFU_Ammo_300ACC:09243 position=<6521.893066, 16.078726, 9303.487305> action=delete
[COT 2023-5M-26 2h:46:24] 76561198401795791: ESP target=SNAFU_Ammo_300ACC:09240 position=<6521.893066, 16.078726, 9303.487305> action=delete
[COT 2023-5M-26 2h:46:28] 76561198401795791: ESP target=SNAFU_Ammo_300ACC:08204 position=<6521.893066, 16.078726, 9303.487305> action=delete
[COT 2023-5M-26 2h:46:30] 76561198401795791: ESP target=SNAFU_Ammo_300ACC:07721 position=<6521.893066, 16.078726, 9303.487305> action=delete
[COT 2023-5M-26 2h:46:33] 76561198401795791: ESP target=SNAFU_Ammo_300ACC:012234 position=<6521.893066, 16.078726, 9303.487305> action=delete
[COT 2023-5M-26 2h:46:35] 76561198401795791: ESP target=SNAFU_Ammo_300ACC:09858 position=<6521.893066, 16.078726, 9303.487305> action=delete
[COT 2023-5M-26 2h:46:37] 76561198401795791: ESP target=SNAFU_Ammo_300ACC:011401 position=<6521.893066, 16.078726, 9303.487305> action=delete
[COT 2023-5M-26 2h:46:39] 76561198401795791: ESP target=SNAFU_Ammo_300ACC:011280 position=<6521.893066, 16.078726, 9303.487305> action=delete
[COT 2023-5M-26 2h:46:42] 76561198401795791: ESP target=SNAFU_Ammo_300ACC:09273 position=<6521.893066, 16.078726, 9303.487305> action=delete
[COT 2023-5M-26 2h:46:44] 76561198401795791: ESP target=SNAFU_Ammo_300ACC:05485 position=<6521.893066, 16.078726, 9303.487305> action=delete
[COT 2023-5M-26 2h:46:46] 76561198401795791: ESP target=SNAFU_Ammo_300ACC:011574 position=<6521.893066, 16.078726, 9303.487305> action=delete
[COT 2023-5M-26 2h:46:48] 76561198401795791: ESP target=SNAFU_Ammo_300ACC:010945 position=<6521.893066, 16.078726, 9303.487305> action=delete
[COT 2023-5M-26 2h:46:50] 76561198401795791: ESP target=SNAFU_Ammo_300ACC:09166 position=<6521.893066, 16.078726, 9303.487305> action=delete
[COT 2023-5M-26 2h:46:54] 76561198401795791: ESP target=SNAFU_Ammo_300ACC:011415 position=<6521.893066, 16.078726, 9303.487305> action=delete
[COT 2023-5M-26 2h:46:56] 76561198401795791: ESP target=SNAFU_Ammo_300ACC:011416 position=<6521.893066, 16.078726, 9303.487305> action=delete
[COT 2023-5M-26 2h:47:0s] 76561198401795791: ESP target=SNAFU_Ammo_300ACC:012321 position=<6521.893066, 16.078726, 9303.487305> action=delete
[COT 2023-5M-26 2h:47:3s] 76561198401795791: ESP target=SNAFU_Ammo_300ACC:06766 position=<6521.893066, 16.078726, 9303.487305> action=delete
[COT 2023-5M-26 2h:47:5s] 76561198401795791: ESP target=SNAFU_Ammo_300ACC:08235 position=<6521.893066, 16.078726, 9303.487305> action=delete
[COT 2023-5M-26 2h:47:7s] 76561198401795791: ESP target=SNAFU_Ammo_300ACC:010624 position=<6521.893066, 16.078726, 9303.487305> action=delete
[COT 2023-5M-26 2h:47:10] 76561198401795791: ESP target=SNAFU_Ammo_300ACC:07895 position=<6521.893066, 16.078726, 9303.487305> action=delete
[COT 2023-5M-26 2h:47:13] 76561198401795791: ESP target=SNAFU_Ammo_300ACC:010520 position=<6521.893066, 16.078726, 9303.487305> action=delete
[COT 2023-5M-26 2h:47:15] 76561198401795791: ESP target=SNAFU_Ammo_300ACC:09973 position=<6521.893066, 16.078726, 9303.487305> action=delete
[COT 2023-5M-26 2h:47:17] 76561198401795791: ESP target=SNAFU_Ammo_300ACC:07640 position=<6521.893066, 16.078726, 9303.487305> action=delete
[COT 2023-5M-26 2h:47:19] 76561198401795791: ESP target=SNAFU_Ammo_300ACC:011781 position=<6521.893066, 16.078726, 9303.487305> action=delete
[COT 2023-5M-26 2h:47:21] 76561198401795791: ESP target=SNAFU_Ammo_300ACC:05235 position=<6521.893066, 16.078726, 9303.487305> action=delete
[COT 2023-5M-26 2h:47:23] 76561198401795791: ESP target=SNAFU_Ammo_300ACC:012231 position=<6521.893066, 16.078726, 9303.487305> action=delete
[COT 2023-5M-26 2h:47:25] 76561198401795791: ESP target=SNAFU_Ammo_300ACC:09898 position=<6521.893066, 16.078726, 9303.487305> action=delete
[COT 2023-5M-26 2h:47:27] 76561198401795791: ESP target=SNAFU_Ammo_300ACC:09968 position=<6521.893066, 16.078726, 9303.487305> action=delete
[COT 2023-5M-26 2h:47:29] 76561198401795791: ESP target=SNAFU_Ammo_300ACC:06188 position=<6521.893066, 16.078726, 9303.487305> action=delete
[COT 2023-5M-26 2h:47:31] 76561198401795791: ESP target=SNAFU_Ammo_300ACC:09966 position=<6521.893066, 16.078726, 9303.487305> action=delete
[COT 2023-5M-26 2h:47:33] 76561198401795791: ESP target=SNAFU_Ammo_300ACC:08200 position=<6521.893066, 16.078726, 9303.487305> action=delete
[COT 2023-5M-26 2h:47:37] 76561198401795791: ESP target=SNAFU_Ammo_300ACC:011677 position=<6521.893066, 16.078726, 9303.487305> action=delete
[COT 2023-5M-26 2h:47:39] 76561198401795791: ESP target=SNAFU_Ammo_300ACC:07899 position=<6521.893066, 16.078726, 9303.487305> action=delete
[COT 2023-5M-26 2h:47:41] 76561198401795791: ESP target=SNAFU_Ammo_300ACC:04348 position=<6521.893066, 16.078726, 9303.487305> action=delete
[COT 2023-5M-26 2h:47:43] 76561198401795791: ESP target=SNAFU_Ammo_300ACC:011181 position=<6521.893066, 16.078726, 9303.487305> action=delete
[COT 2023-5M-26 2h:47:45] 76561198401795791: ESP target=SNAFU_Ammo_300ACC:09511 position=<6521.893066, 16.078726, 9303.487305> action=delete
[COT 2023-5M-26 2h:47:49] 76561198401795791: ESP target=SNAFU_Ammo_300ACC:04291 position=<6521.893066, 16.078726, 9303.487305> action=delete
[COT 2023-5M-26 2h:47:53] 76561198401795791: ESP target=SNAFU_Ammo_300ACC:07208 position=<6521.893066, 16.078726, 9303.487305> action=delete
[COT 2023-5M-26 2h:47:55] 76561198401795791: ESP target=SNAFU_Ammo_300ACC:09766 position=<6521.893066, 16.078726, 9303.487305> action=delete
[COT 2023-5M-26 2h:47:57] 76561198401795791: ESP target=SNAFU_Ammo_300ACC:07395 position=<6521.893066, 16.078726, 9303.487305> action=delete
[COT 2023-5M-26 2h:47:59] 76561198401795791: ESP target=SNAFU_Ammo_300ACC:011650 position=<6521.893066, 16.078726, 9303.487305> action=delete
[COT 2023-5M-26 2h:48:1s] 76561198401795791: ESP target=SNAFU_Ammo_300ACC:09038 position=<6521.893066, 16.078726, 9303.487305> action=delete
[COT 2023-5M-26 2h:48:3s] 76561198401795791: ESP target=SNAFU_Ammo_300ACC:04360 position=<6521.893066, 16.078726, 9303.487305> action=delete
[COT 2023-5M-26 2h:48:5s] 76561198401795791: ESP target=SNAFU_Ammo_300ACC:05314 position=<6521.893066, 16.078726, 9303.487305> action=delete
[COT 2023-5M-26 2h:48:7s] 76561198401795791: ESP target=SNAFU_Ammo_300ACC:06642 position=<6521.893066, 16.078726, 9303.487305> action=delete
[COT 2023-5M-26 2h:48:9s] 76561198401795791: ESP target=SNAFU_Ammo_300ACC:07900 position=<6521.893066, 16.078726, 9303.487305> action=delete
[COT 2023-5M-26 2h:48:11] 76561198401795791: ESP target=SNAFU_Ammo_300ACC:011001 position=<6521.893066, 16.078726, 9303.487305> action=delete
[COT 2023-5M-26 2h:48:14] 76561198401795791: ESP target=SNAFU_Ammo_300ACC:010231 position=<6521.893066, 16.078726, 9303.487305> action=delete
[COT 2023-5M-26 2h:48:40] 76561198401795791: ESP target=SNAFU_Ammo_300ACC:08199 position=<6521.893066, 16.078726, 9303.487305> action=delete
[COT 2023-5M-26 2h:48:43] 76561198401795791: ESP target=SNAFU_Ammo_300ACC:06646 position=<6521.893066, 16.078726, 9303.487305> action=delete
[COT 2023-5M-26 2h:48:46] 76561198401795791: ESP target=SNAFU_Ammo_300ACC:08465 position=<6521.893066, 16.078726, 9303.487305> action=delete
[COT 2023-5M-26 2h:48:48] 76561198401795791: ESP target=SNAFU_Ammo_300ACC:08445 position=<6521.893066, 16.078726, 9303.487305> action=delete
[COT 2023-5M-26 2h:48:51] 76561198401795791: ESP target=SNAFU_Ammo_300ACC:010132 position=<6521.893066, 16.078726, 9303.487305> action=delete
[COT 2023-5M-26 2h:48:53] 76561198401795791: ESP target=SNAFU_Ammo_300ACC:08466 position=<6521.893066, 16.078726, 9303.487305> action=delete
[COT 2023-5M-26 2h:48:56] 76561198401795791: ESP target=SNAFU_Ammo_300ACC:08443 position=<6521.893066, 16.078726, 9303.487305> action=delete
[COT 2023-5M-26 2h:48:59] 76561198401795791: ESP target=SNAFU_Ammo_300ACC:08298 position=<6521.893066, 16.078726, 9303.487305> action=delete
[COT 2023-5M-26 2h:49:1s] 76561198401795791: ESP target=SNAFU_Ammo_300ACC:011867 position=<6521.893066, 16.078726, 9303.487305> action=delete
[COT 2023-5M-26 2h:49:3s] 76561198401795791: ESP target=SNAFU_Ammo_300ACC:04474 position=<6521.893066, 16.078726, 9303.487305> action=delete
[COT 2023-5M-26 2h:49:7s] 76561198401795791: ESP target=SNAFU_Ammo_300ACC:010317 position=<6521.893066, 16.078726, 9303.487305> action=delete
[COT 2023-5M-26 2h:49:10] 76561198401795791: ESP target=SNAFU_Ammo_300ACC:09771 position=<6521.893066, 16.078726, 9303.487305> action=delete
[COT 2023-5M-26 2h:49:12] 76561198401795791: ESP target=SNAFU_Ammo_300ACC:04856 position=<6521.893066, 16.078726, 9303.487305> action=delete
[COT 2023-5M-26 2h:49:15] 76561198401795791: ESP target=SNAFU_Ammo_300ACC:08421 position=<6521.893066, 16.078726, 9303.487305> action=delete
[COT 2023-5M-26 2h:49:18] 76561198401795791: ESP target=SNAFU_Ammo_300ACC:06641 position=<6521.893066, 16.078726, 9303.487305> action=delete
[COT 2023-5M-26 2h:49:21] 76561198401795791: ESP target=SNAFU_Ammo_300ACC:06489 position=<6521.893066, 16.078726, 9303.487305> action=delete
[COT 2023-5M-26 2h:49:24] 76561198401795791: ESP target=SNAFU_Ammo_300ACC:04491 position=<6521.893066, 16.078726, 9303.487305> action=delete
[COT 2023-5M-26 2h:49:26] 76561198401795791: ESP target=SNAFU_Ammo_300ACC:010455 position=<6521.893066, 16.078726, 9303.487305> action=delete
[COT 2023-5M-26 2h:49:29] 76561198401795791: ESP target=SNAFU_Ammo_300ACC:05562 position=<6521.893066, 16.078726, 9303.487305> action=delete
[COT 2023-5M-26 2h:49:31] 76561198401795791: ESP target=SNAFU_Ammo_300ACC:08658 position=<6521.893066, 16.078726, 9303.487305> action=delete
[COT 2023-5M-26 2h:49:34] 76561198401795791: ESP target=SNAFU_Ammo_300ACC:04249 position=<6521.893066, 16.078726, 9303.487305> action=delete
[COT 2023-5M-26 2h:49:37] 76561198401795791: ESP target=SNAFU_Ammo_300ACC:06759 position=<6521.893066, 16.078726, 9303.487305> action=delete
[COT 2023-5M-26 2h:49:39] 76561198401795791: ESP target=SNAFU_Ammo_300ACC:06546 position=<6521.893066, 16.078726, 9303.487305> action=delete
[COT 2023-5M-26 2h:49:41] 76561198401795791: ESP target=SNAFU_Ammo_300ACC:05198 position=<6521.893066, 16.078726, 9303.487305> action=delete
[COT 2023-5M-26 2h:49:43] 76561198401795791: ESP target=SNAFU_Ammo_300ACC:08937 position=<6521.893066, 16.078726, 9303.487305> action=delete
[COT 2023-5M-26 2h:49:45] 76561198401795791: ESP target=SNAFU_Ammo_300ACC:06992 position=<6521.893066, 16.078726, 9303.487305> action=delete
[COT 2023-5M-26 2h:49:48] 76561198401795791: ESP target=SNAFU_Ammo_300ACC:07393 position=<6521.893066, 16.078726, 9303.487305> action=delete
[COT 2023-5M-26 2h:49:50] 76561198401795791: ESP target=SNAFU_Ammo_300ACC:010995 position=<6521.893066, 16.078726, 9303.487305> action=delete
[COT 2023-5M-26 2h:49:52] 76561198401795791: ESP target=SNAFU_Ammo_300ACC:05173 position=<6521.893066, 16.078726, 9303.487305> action=delete
[COT 2023-5M-26 2h:49:55] 76561198401795791: ESP target=SNAFU_Ammo_300ACC:05348 position=<6521.893066, 16.078726, 9303.487305> action=delete
[COT 2023-5M-26 2h:53:28] 76561198401795791: Spawned Entity Snipex Alligator (SNAFUAlligator<489c710>, -1, 300) at <6522.151367, 16.080044, 9303.873047>
[COT 2023-5M-26 2h:54:54] 76561198401795791: Teleported to <6521.753906, 16.080015, 9300.742188> [guid=zhJxvJUIQcTeCgEZ3Xhlvc_WjNMgSdId2I-HV3Jo6tA=]
[COT 2023-5M-26 2h:55:49] 76561198401795791: Set Energy To 5000 [guid=QjlZXS0Ark29Vwx4GPzro34d4Mh-vfgK6BY62FOJWUg=]
[COT 2023-5M-26 2h:55:49] 76561198401795791: Set Water To 5000 [guid=QjlZXS0Ark29Vwx4GPzro34d4Mh-vfgK6BY62FOJWUg=]
[COT 2023-5M-26 2h:55:49] 76561198401795791: Set Stamina To 100 [guid=QjlZXS0Ark29Vwx4GPzro34d4Mh-vfgK6BY62FOJWUg=]
[COT 2023-5M-26 2h:55:51] 76561198401795791: Set GodMode To true [guid=QjlZXS0Ark29Vwx4GPzro34d4Mh-vfgK6BY62FOJWUg=]
[COT 2023-5M-26 2h:55:52] 76561198401795791: Set cannot be targeted by AI to true [guid=QjlZXS0Ark29Vwx4GPzro34d4Mh-vfgK6BY62FOJWUg=]
[COT 2023-5M-26 2h:55:52] 76561198401795791: Set UnlimitedStamina To true [guid=QjlZXS0Ark29Vwx4GPzro34d4Mh-vfgK6BY62FOJWUg=]
[COT 2023-5M-26 2h:55:53] 76561198401795791: Set UnlimitedAmmo To true [guid=QjlZXS0Ark29Vwx4GPzro34d4Mh-vfgK6BY62FOJWUg=]
[COT 2023-5M-26 2h:56:1s] 76561198401795791: ESP: Clearing ESP
[COT 2023-5M-26 2h:57:52] 76561198401795791: ESP: ESP updating
[COT 2023-5M-26 2h:57:56] 76561198401795791: ESP target=SNAFUAlligator:010358 position=<6518.020508, 16.182262, 9299.692383> action=delete
[COT 2023-5M-26 2h:58:2s] 76561199176957808: Teleported to <6522.333008, 16.080025, 9302.019531> [guid=QjlZXS0Ark29Vwx4GPzro34d4Mh-vfgK6BY62FOJWUg=]
[COT 2023-5M-26 2h:58:7s] 76561198401795791: ESP: Clearing ESP
[COT 2023-5M-26 2h:58:8s] 76561199176957808: Teleported to <6522.748535, 16.080025, 9302.144531> [guid=QjlZXS0Ark29Vwx4GPzro34d4Mh-vfgK6BY62FOJWUg=]
[COT 2023-5M-26 2h:58:17] 76561198401795791: Spawned Entity Cowboy Hat (CowboyHat_black<8b41a180>, -1, 60) at <6522.187500, 16.080030, 9302.451172>
[COT 2023-5M-26 2h:58:18] 76561198401795791: Spawned Entity Cowboy Hat (CowboyHat_black<8b41ab10>, -1, 60) at <6522.187500, 16.080030, 9302.451172>
[COT 2023-5M-26 2h:59:28] 76561199176957808: ESP: Clearing ESP
[COT 2023-5M-26 2h:59:28] 76561199176957808: ESP: Viewing ESP
[COT 2023-5M-26 3h:0m:49] 76561199176957808: Healed [guid=zhJxvJUIQcTeCgEZ3Xhlvc_WjNMgSdId2I-HV3Jo6tA=]
[COT 2023-5M-26 3h:1m:49] 76561198401795791: Entered the Free Camera
[COT 2023-5M-26 3h:2m:51] 76561198401795791: Left the Free Camera
