[COT 2023-06-02 00:06:04] 76561199176957808: Spawned Entity Keys (ExpansionCarKey<d2b63910>, -1, 100) at <5222.229004, 31.113474, 8588.757813>
[COT 2023-06-02 00:06:27] 76561198930893538: Teleported to <5227.055176, 31.479418, 8586.834961> [guid=zhJxvJUIQcTeCgEZ3Xhlvc_WjNMgSdId2I-HV3Jo6tA=]
[COT 2023-06-02 00:08:51] 76561199176957808: Teleported to position <8586.928711, 14.720916, 10509.890625>
[COT 2023-06-02 00:09:55] 76561198930893538: ESP: Viewing ESP
[COT 2023-06-02 00:10:00] 76561198930893538: ESP index=0 target=FirstAidKit:07495 position=<5229.152344, 35.505341, 8585.214844> action=delete
[COT 2023-06-02 00:10:00] 76561198930893538: ESP action=delete_all count=1 attempted=1
[COT 2023-06-02 00:10:01] 76561198930893538: ESP index=0 target=FirstAidKit:07705 position=<5229.152344, 35.495934, 8585.214844> action=delete
[COT 2023-06-02 00:10:01] 76561198930893538: ESP action=delete_all count=1 attempted=1
[COT 2023-06-02 00:10:03] 76561198930893538: ESP index=0 target=FirstAidKit:06950 position=<5229.152344, 35.505341, 8585.214844> action=delete
[COT 2023-06-02 00:10:03] 76561198930893538: ESP action=delete_all count=1 attempted=1
[COT 2023-06-02 00:10:05] 76561198930893538: ESP index=0 target=FirstAidKit:06648 position=<5229.152344, 35.505341, 8585.214844> action=delete
[COT 2023-06-02 00:10:05] 76561198930893538: ESP action=delete_all count=1 attempted=1
[COT 2023-06-02 00:10:06] 76561198930893538: ESP index=0 target=FirstAidKit:06515 position=<5229.152344, 35.495934, 8585.214844> action=delete
[COT 2023-06-02 00:10:06] 76561198930893538: ESP action=delete_all count=1 attempted=1
[COT 2023-06-02 00:10:07] 76561198930893538: ESP index=0 target=FirstAidKit:06483 position=<5229.152344, 35.495934, 8585.214844> action=delete
[COT 2023-06-02 00:10:07] 76561198930893538: ESP action=delete_all count=1 attempted=1
[COT 2023-06-02 00:10:12] 76561198930893538: ESP: Clearing ESP
[COT 2023-06-02 00:11:14] 76561199176957808: Spawned Entity Power Generator (PowerGenerator<d4248f10>, -1, 200) at <8556.749023, 15.932093, 10516.703125>
[COT 2023-06-02 00:11:33] 76561199176957808: Teleported to <5229.897461, 35.480957, 8585.415039> [guid=QOVCOk5flZ8LlxY_vIXEUxFpj4R6rL-wr-TF8_b4xZo=]
[COT 2023-06-02 00:12:13] 76561199176957808: Teleported to <5206.100586, 31.361525, 8541.535156> [guid=QOVCOk5flZ8LlxY_vIXEUxFpj4R6rL-wr-TF8_b4xZo=]
[COT 2023-06-02 00:14:10] 76561199176957808: Spawned Entity Spark Plug (SparkPlug<d2577620>, -1, 20) at <5209.012695, 31.683271, 8540.606445>
