[COT 2023-5M-24 20:26:28] 76561198040010982: Spawned Entity Gun metal M4 (M4A1_Base<4c10bf40>, -1, 200) at <8538.548828, 8.168756, 10045.549805>
[COT 2023-5M-24 20:27:4s] 76561198040010982: Spawned Entity Yeetus Maximus (ItemBase<65d93560>, -1, 300) at <8559.386719, 7.975847, 10049.784180>
[COT 2023-5M-24 20:27:15] 76561198040010982: Spawned Entity DK Shirt (TShirt_Black<65d94880>, -1, 50) at <8559.386719, 7.975847, 10049.784180>
[COT 2023-5M-24 20:27:56] 76561198040010982: Spawned Entity BBP Crafting Book (BBP_Blueprint<65d95210>, -1, 100) at <8676.227539, 14.979706, 10079.965820>
[COT 2023-5M-24 20:28:44] 76561198040010982: Teleported 8vtfObsTQABYXpVHaEsAuZ5QTEAjCvC2a-AZwd4E5dw= to (Local | Athena-2, <5070.185547, 60.850178, 6684.593262>)
[COT 2023-5M-24 20:28:44] 76561198040010982: Teleported QOVCOk5flZ8LlxY_vIXEUxFpj4R6rL-wr-TF8_b4xZo= to (Local | Athena-2, <5072.642578, 61.204403, 6684.877441>)
[COT 2023-5M-24 20:28:51] 76561198040010982: Set GodMode To true [guid=8vtfObsTQABYXpVHaEsAuZ5QTEAjCvC2a-AZwd4E5dw=]
[COT 2023-5M-24 20:28:51] 76561198040010982: Set GodMode To true [guid=QOVCOk5flZ8LlxY_vIXEUxFpj4R6rL-wr-TF8_b4xZo=]
[COT 2023-5M-24 20:28:52] 76561198040010982: Set cannot be targeted by AI to true [guid=8vtfObsTQABYXpVHaEsAuZ5QTEAjCvC2a-AZwd4E5dw=]
[COT 2023-5M-24 20:28:52] 76561198040010982: Set cannot be targeted by AI to true [guid=QOVCOk5flZ8LlxY_vIXEUxFpj4R6rL-wr-TF8_b4xZo=]
[COT 2023-5M-24 20:29:21] 76561198040010982: Spawned Entity Hoodie (Hoodie_Grey<65d9f4a0>, -1, 100) at <5055.824707, 54.062077, 6668.652832>
[COT 2023-5M-24 20:29:21] 76561198040010982: Spawned Entity Hoodie (Hoodie_Grey<65d9fe30>, -1, 100) at <5055.824707, 54.062077, 6668.652832>
[COT 2023-5M-24 20:29:39] 76561198040010982: Spawned Entity Hunter Pants (HunterPants_Winter<65da2e00>, -1, 150) at <5056.211914, 54.472252, 6669.815430>
[COT 2023-5M-24 20:29:41] 76561198040010982: Spawned Entity Hunter Jacket (HuntingJacket_Winter<65da70f0>, -1, 150) at <5056.211914, 54.472252, 6669.815430>
[COT 2023-5M-24 20:29:41] 76561198040010982: Spawned Entity Hunter Jacket (HuntingJacket_Winter<65da8da0>, -1, 150) at <5056.211914, 54.472252, 6669.815430>
[COT 2023-5M-24 20:29:42] 76561198040010982: Spawned Entity Hunter Pants (HunterPants_Winter<65da6760>, -1, 150) at <5056.211914, 54.472252, 6669.815430>
[COT 2023-5M-24 20:30:43] 76561198040010982: Teleported [guid=QOVCOk5flZ8LlxY_vIXEUxFpj4R6rL-wr-TF8_b4xZo=] to <4980.062988, 47.085636, 6642.504395>
[COT 2023-5M-24 20:30:50] 76561198040010982: Spawned Entity Heat Pack (Heatpack<65da7a80>, -1, 30) at <4978.778809, 47.085640, 6642.497070>
[COT 2023-5M-24 20:30:51] 76561198040010982: Spawned Entity Heat Pack (Heatpack<65da8410>, -1, 30) at <4978.778809, 47.085640, 6642.497070>
[COT 2023-5M-24 20:31:13] 76561198040010982: Spawned Entity Assault Boots (MilitaryBoots_ColorBase<65da2470>, -1, 350) at <4978.778809, 47.085640, 6642.497070>
[COT 2023-5M-24 20:31:13] 76561198040010982: Spawned Entity Assault Boots (MilitaryBoots_ColorBase<65da9730>, -1, 350) at <4978.778809, 47.085640, 6642.497070>
[COT 2023-5M-24 20:31:17] 76561198040010982: Spawned Entity Canteen (Canteen<59c377a0>, 1000, 100) at <4978.778809, 47.085640, 6642.497070>
[COT 2023-5M-24 20:31:17] 76561198040010982: Spawned Entity Canteen (Canteen<59c39fe0>, 1000, 100) at <4978.778809, 47.085640, 6642.497070>
[COT 2023-5M-24 20:31:19] 76561198040010982: Spawned Entity Tactical Gloves (TacticalGloves_ColorBase<65daa0c0>, -1, 100) at <4978.778809, 47.085640, 6642.497070>
[COT 2023-5M-24 20:31:19] 76561198040010982: Spawned Entity Tactical Gloves (TacticalGloves_ColorBase<65da3790>, -1, 100) at <4978.778809, 47.085640, 6642.497070>
[COT 2023-5M-24 20:31:22] 76561198040010982: Spawned Entity Patrol Jacket (GorkaEJacket_ColorBase<65dab3e0>, -1, 130) at <4978.778809, 47.085640, 6642.497070>
[COT 2023-5M-24 20:31:23] 76561198040010982: Spawned Entity Patrol Jacket (GorkaEJacket_ColorBase<65daaa50>, -1, 130) at <4978.778809, 47.085640, 6642.497070>
[COT 2023-5M-24 20:31:25] 76561198040010982: Spawned Entity Field Jacket (M65Jacket_ColorBase<65da4120>, -1, 150) at <4978.778809, 47.085640, 6642.497070>
[COT 2023-5M-24 20:31:25] 76561198040010982: Spawned Entity Field Jacket (M65Jacket_ColorBase<65daf6d0>, -1, 150) at <4978.778809, 47.085640, 6642.497070>
[COT 2023-5M-24 20:31:30] 76561198040010982: Spawned Entity Sweater (Sweater_ColorBase<65db26a0>, -1, 90) at <4978.778809, 47.085640, 6642.497070>
[COT 2023-5M-24 20:31:30] 76561198040010982: Spawned Entity Sweater (Sweater_ColorBase<65dae3b0>, -1, 90) at <4978.778809, 47.085640, 6642.497070>
[COT 2023-5M-24 20:31:34] 76561198040010982: Spawned Entity T-Shirt (TShirt_ColorBase<65dabd70>, -1, 50) at <4978.778809, 47.085640, 6642.497070>
[COT 2023-5M-24 20:31:34] 76561198040010982: Spawned Entity T-Shirt (TShirt_ColorBase<65da5440>, -1, 50) at <4978.778809, 47.085640, 6642.497070>
[COT 2023-5M-24 20:31:35] 76561198040010982: Spawned Entity Cargo Pants (CargoPants_ColorBase<65db0060>, -1, 100) at <4978.778809, 47.085640, 6642.497070>
[COT 2023-5M-24 20:31:36] 76561198040010982: Spawned Entity Cargo Pants (CargoPants_ColorBase<65dada20>, -1, 100) at <4978.778809, 47.085640, 6642.497070>
[COT 2023-5M-24 20:31:38] 76561198040010982: Spawned Entity Patrol Pants (GorkaPants_ColorBase<65da4ab0>, -1, 130) at <4978.778809, 47.085640, 6642.497070>
[COT 2023-5M-24 20:31:38] 76561198040010982: Spawned Entity Patrol Pants (GorkaPants_ColorBase<65db1380>, -1, 130) at <4978.778809, 47.085640, 6642.497070>
[COT 2023-5M-24 20:31:39] 76561198040010982: Spawned Entity NBC Pants (NBCPantsBase<65db09f0>, -1, 80) at <4978.778809, 47.085640, 6642.497070>
[COT 2023-5M-24 20:31:40] 76561198040010982: Spawned Entity NBC Pants (NBCPantsBase<65dac700>, -1, 80) at <4978.778809, 47.085640, 6642.497070>
[COT 2023-5M-24 20:31:44] 76561198040010982: Spawned Entity Tactical Vest (HighCapacityVest_ColorBase<65d89c60>, -1, 120) at <4978.778809, 47.085640, 6642.497070>
[COT 2023-5M-24 20:31:44] 76561198040010982: Spawned Entity Tactical Vest (HighCapacityVest_ColorBase<65da07c0>, -1, 120) at <4978.778809, 47.085640, 6642.497070>
[COT 2023-5M-24 20:31:48] 76561198040010982: Spawned Entity Plate Carrier (PlateCarrierVest<65dba2f0>, -1, 300) at <4978.778809, 47.085640, 6642.497070>
[COT 2023-5M-24 20:31:49] 76561198040010982: Spawned Entity Plate Carrier (PlateCarrierVest<65dbac80>, -1, 300) at <4978.778809, 47.085640, 6642.497070>
[COT 2023-5M-24 20:31:51] 76561198040010982: Spawned Entity Holster (PlateCarrierHolster<65dbb610>, -1, 100) at <4978.778809, 47.085640, 6642.497070>
[COT 2023-5M-24 20:31:51] 76561198040010982: Spawned Entity Holster (PlateCarrierHolster<65db4ce0>, -1, 100) at <4978.778809, 47.085640, 6642.497070>
[COT 2023-5M-24 20:31:52] 76561198040010982: Spawned Entity Pouches (PlateCarrierPouches<65db5670>, -1, 200) at <4978.778809, 47.085640, 6642.497070>
[COT 2023-5M-24 20:31:52] 76561198040010982: Spawned Entity Pouches (PlateCarrierPouches<65db6000>, -1, 200) at <4978.778809, 47.085640, 6642.497070>
[COT 2023-5M-24 20:31:55] 76561198040010982: Spawned Entity Tactical Belt (HighCapacityVest_ColorBase<6a0e7a80>, -1, 250) at <4978.778809, 47.085640, 6642.497070>
[COT 2023-5M-24 20:31:55] 76561198040010982: Spawned Entity Tactical Belt (HighCapacityVest_ColorBase<6a0e2470>, -1, 250) at <4978.778809, 47.085640, 6642.497070>
[COT 2023-5M-24 20:32:1s] 76561198040010982: Spawned Entity Field Backpack (AliceBag_ColorBase<6a0e2e00>, -1, 130) at <4978.778809, 47.085640, 6642.497070>
[COT 2023-5M-24 20:32:1s] 76561198040010982: Spawned Entity Field Backpack (AliceBag_ColorBase<6a0e9730>, -1, 130) at <4978.778809, 47.085640, 6642.497070>
[COT 2023-5M-24 20:32:4s] 76561198040010982: Spawned Entity Ballistic Helmet (BallisticHelmet_ColorBase<6a0e5440>, -1, 75) at <4978.778809, 47.085640, 6642.497070>
[COT 2023-5M-24 20:32:5s] 76561198040010982: Spawned Entity Ballistic Helmet (BallisticHelmet_ColorBase<6a0e4120>, -1, 75) at <4978.778809, 47.085640, 6642.497070>
[COT 2023-5M-24 20:32:7s] 76561198040010982: Spawned Entity Tactical Helmet (Mich2001Helmet<6a0e5dd0>, -1, 80) at <4978.778809, 47.085640, 6642.497070>
[COT 2023-5M-24 20:32:7s] 76561198040010982: Spawned Entity Tactical Helmet (Mich2001Helmet<6a0e3790>, -1, 80) at <4978.778809, 47.085640, 6642.497070>
[COT 2023-5M-24 20:32:10] 76561198040010982: Spawned Entity NBC Hood (NBCHoodBase<6a0e70f0>, -1, 25) at <4978.778809, 47.085640, 6642.497070>
[COT 2023-5M-24 20:32:10] 76561198040010982: Spawned Entity NBC Hood (NBCHoodBase<6a0e4ab0>, -1, 25) at <4978.778809, 47.085640, 6642.497070>
[COT 2023-5M-24 20:33:18] 76561198040010982: Spawned Entity Ski Mask (BalaclavaMask_White<6a0e8da0>, -1, 100) at <4977.190430, 47.085644, 6642.680176>
[COT 2023-5M-24 20:33:18] 76561198040010982: Spawned Entity Ski Mask (BalaclavaMask_White<6a0ec700>, -1, 100) at <4977.190430, 47.085644, 6642.680176>
[COT 2023-5M-24 20:33:50] 76561198040010982: Spawned Entity Road Flare (Roadflare<6a0ee3b0>, 20, 100) at <4978.804199, 47.085644, 6635.045410>
[COT 2023-5M-24 20:33:50] 76561198040010982: Spawned Entity Road Flare (Roadflare<6a0f09f0>, 20, 100) at <4978.804199, 47.085644, 6635.045410>
[COT 2023-5M-24 20:33:50] 76561198040010982: Spawned Entity Road Flare (Roadflare<6a0ebd70>, 20, 100) at <4978.804199, 47.085644, 6635.045410>
[COT 2023-5M-24 20:33:50] 76561198040010982: Spawned Entity Road Flare (Roadflare<6a0ed090>, 20, 100) at <4978.804199, 47.085644, 6635.045410>
[COT 2023-5M-24 20:35:29] 76561198040010982: Teleported QOVCOk5flZ8LlxY_vIXEUxFpj4R6rL-wr-TF8_b4xZo= to (Local | Athena-1, <3800.219727, 155.874542, 8231.082031>)
[COT 2023-5M-24 20:35:29] 76561198040010982: Teleported 8vtfObsTQABYXpVHaEsAuZ5QTEAjCvC2a-AZwd4E5dw= to (Local | Athena-1, <3799.505615, 155.341843, 8232.967773>)
[COT 2023-5M-24 20:43:22] 76561198040010982: Entered the Free Camera
[COT 2023-5M-24 20:43:29] 76561198040010982: Left the Free Camera
[COT 2023-5M-24 20:43:40] 76561198040010982: Spawned Entity NAC access card (dzn_module_card<65d8b910>, -1, 100) at <3593.785889, 145.111908, 6679.622559>
[COT 2023-5M-24 20:43:54] 76561198040010982: Spawned Entity Lantia pulsar locator (dzn_module_lantia<65d95ba0>, -1, 100) at <3593.785889, 145.111908, 6679.622559>
[COT 2023-5M-24 20:44:2s] 76561198040010982: Teleported [guid=QOVCOk5flZ8LlxY_vIXEUxFpj4R6rL-wr-TF8_b4xZo=] to <3593.785889, 145.111908, 6679.622559>
[COT 2023-5M-24 20:44:35] 76561198040010982: Entered the Free Camera
[COT 2023-5M-24 20:44:41] 76561198040010982: Left the Free Camera
[COT 2023-5M-24 20:44:46] 76561198040010982: Teleported [guid=QOVCOk5flZ8LlxY_vIXEUxFpj4R6rL-wr-TF8_b4xZo=] to <3597.975098, 170.501984, 6679.327637>
[COT 2023-5M-24 20:45:1s] 76561198040010982: Healed [guid=QOVCOk5flZ8LlxY_vIXEUxFpj4R6rL-wr-TF8_b4xZo=]
[COT 2023-5M-24 20:45:1s] 76561198040010982: Healed [guid=QOVCOk5flZ8LlxY_vIXEUxFpj4R6rL-wr-TF8_b4xZo=]
[COT 2023-5M-24 20:45:6s] 76561198040010982: Dried [guid=QOVCOk5flZ8LlxY_vIXEUxFpj4R6rL-wr-TF8_b4xZo=]
[COT 2023-5M-24 20:45:6s] 76561198040010982: Dried [guid=QOVCOk5flZ8LlxY_vIXEUxFpj4R6rL-wr-TF8_b4xZo=]
[COT 2023-5M-24 20:46:38] 76561198040010982: Spawned Entity Gun metal M4 (M4A1_Base<4c110930>, -1, 200) at <3596.247070, 170.600632, 6677.923828>
[COT 2023-5M-24 20:48:15] 76561198040010982: Entered the Free Camera
[COT 2023-5M-24 20:48:16] 76561198040010982: Left the Free Camera
[COT 2023-5M-24 20:49:44] 76561198040010982: Teleported to position <11016.488281, 1010.402100, 1594.010132>
[COT 2023-5M-24 20:49:49] 76561198040010982: Entered the Free Camera
[COT 2023-5M-24 20:49:58] 76561198040010982: Left the Free Camera
[COT 2023-5M-24 20:50:2s] 76561198040010982: Teleported [guid=QOVCOk5flZ8LlxY_vIXEUxFpj4R6rL-wr-TF8_b4xZo=] to <11080.364258, 1003.732056, 1622.639404>
[COT 2023-5M-24 20:50:56] 76561198040010982: Set GodMode To true [guid=QOVCOk5flZ8LlxY_vIXEUxFpj4R6rL-wr-TF8_b4xZo=]
[COT 2023-5M-24 20:50:59] 76561198040010982: Teleported [guid=QOVCOk5flZ8LlxY_vIXEUxFpj4R6rL-wr-TF8_b4xZo=] to <11062.412109, 1003.742737, 1609.784424>
[COT 2023-5M-24 20:51:16] 76561198040010982: Teleported QOVCOk5flZ8LlxY_vIXEUxFpj4R6rL-wr-TF8_b4xZo= to (Local | Athena Research Institute, <4175.027344, 64.875000, 7940.927734>)
[COT 2023-5M-24 20:51:18] 76561198040010982: Teleported QOVCOk5flZ8LlxY_vIXEUxFpj4R6rL-wr-TF8_b4xZo= to (Local | Athena Research Institute, <4172.029297, 65.064850, 7940.358887>)
[COT 2023-5M-24 20:51:25] 76561198040010982: Teleported [guid=QOVCOk5flZ8LlxY_vIXEUxFpj4R6rL-wr-TF8_b4xZo=] to <11058.723633, 1003.750977, 1608.610474>
[COT 2023-5M-24 20:51:33] 76561198040010982: Teleported 8vtfObsTQABYXpVHaEsAuZ5QTEAjCvC2a-AZwd4E5dw= to (Local | Athena Research Institute, <4172.384766, 65.780952, 7943.070313>)
[COT 2023-5M-24 20:51:38] 76561198040010982: Teleported 8vtfObsTQABYXpVHaEsAuZ5QTEAjCvC2a-AZwd4E5dw= to (Local | Athena Research Institute, <4174.690918, 64.710968, 7940.197754>)
[COT 2023-5M-24 20:51:38] 76561198040010982: Teleported 8vtfObsTQABYXpVHaEsAuZ5QTEAjCvC2a-AZwd4E5dw= to (Local | Athena Research Institute, <4173.630371, 65.620590, 7943.009766>)
[COT 2023-5M-24 20:51:42] 76561198040010982: Entered the Free Camera
[COT 2023-5M-24 20:52:3s] 76561198040010982: Left the Free Camera
[COT 2023-5M-24 20:52:33] 76561198040010982: Teleported [guid=QOVCOk5flZ8LlxY_vIXEUxFpj4R6rL-wr-TF8_b4xZo=] to <3779.798340, 146.073563, 8248.197266>
[COT 2023-5M-24 20:54:39] 76561198040010982: Teleported to position <1215.752686, 2.000000, 11842.703125>
[COT 2023-5M-24 20:54:44] 76561198040010982: Teleported [guid=QOVCOk5flZ8LlxY_vIXEUxFpj4R6rL-wr-TF8_b4xZo=] to <1216.468872, 2.012443, 11844.398438>
[COT 2023-5M-24 20:55:18] 76561198040010982: Teleported to <8178.271973, 15.694275, 10885.613281> [guid=QjlZXS0Ark29Vwx4GPzro34d4Mh-vfgK6BY62FOJWUg=]
[COT 2023-5M-24 20:55:20] 76561198040010982: Teleported to <8177.673340, 15.694279, 10885.388672> [guid=QjlZXS0Ark29Vwx4GPzro34d4Mh-vfgK6BY62FOJWUg=]
[COT 2023-5M-24 20:55:20] 76561198040010982: Teleported to <8177.310547, 15.694279, 10885.189453> [guid=QjlZXS0Ark29Vwx4GPzro34d4Mh-vfgK6BY62FOJWUg=]
[COT 2023-5M-24 21:0m:40] 76561198040010982: Healed [guid=QjlZXS0Ark29Vwx4GPzro34d4Mh-vfgK6BY62FOJWUg=]
[COT 2023-5M-24 21:0m:40] 76561198040010982: Healed [guid=QjlZXS0Ark29Vwx4GPzro34d4Mh-vfgK6BY62FOJWUg=]
[COT 2023-5M-24 21:0m:55] 76561198040010982: Teleported [guid=QOVCOk5flZ8LlxY_vIXEUxFpj4R6rL-wr-TF8_b4xZo=] to <8228.138672, 15.002477, 10855.009766>
[COT 2023-5M-24 21:1m:25] 76561198040010982: Healed [guid=8vtfObsTQABYXpVHaEsAuZ5QTEAjCvC2a-AZwd4E5dw=]
[COT 2023-5M-24 21:1m:26] 76561198040010982: Healed [guid=8vtfObsTQABYXpVHaEsAuZ5QTEAjCvC2a-AZwd4E5dw=]
[COT 2023-5M-24 21:1m:46] 76561198040010982: Healed [guid=QjlZXS0Ark29Vwx4GPzro34d4Mh-vfgK6BY62FOJWUg=]
[COT 2023-5M-24 21:1m:46] 76561198040010982: Healed [guid=QjlZXS0Ark29Vwx4GPzro34d4Mh-vfgK6BY62FOJWUg=]
