[COT 2023-05-31 12:55:33] 76561198040010982: Spawned Entity Flag Pole Kit (TerritoryFlagKit<565dd2d0>, -1, 200) at <164.859131, 2.012500, 12585.115234>
[COT 2023-05-31 12:56:55] 76561198040010982: Entered the Free Camera
[COT 2023-05-31 12:57:12] 76561198040010982: Left the Free Camera
[COT 2023-05-31 13:01:20] 76561198040010982: Set GodMode To true [guid=8vtfObsTQABYXpVHaEsAuZ5QTEAjCvC2a-AZwd4E5dw=]
[COT 2023-05-31 13:01:21] 76561198040010982: Set cannot be targeted by AI to true [guid=8vtfObsTQABYXpVHaEsAuZ5QTEAjCvC2a-AZwd4E5dw=]
[COT 2023-05-31 13:01:21] 76561198040010982: Set Invisibility To 1 [guid=8vtfObsTQABYXpVHaEsAuZ5QTEAjCvC2a-AZwd4E5dw=]
[COT 2023-05-31 13:01:24] 76561198040010982: Teleported [guid=8vtfObsTQABYXpVHaEsAuZ5QTEAjCvC2a-AZwd4E5dw=] to <1239.137085, 2.111351, 11836.375977>
[COT 2023-05-31 13:16:46] 76561198040010982: Set Invisibility To 0 [guid=8vtfObsTQABYXpVHaEsAuZ5QTEAjCvC2a-AZwd4E5dw=]
[COT 2023-05-31 13:38:27] 76561198040010982: Teleported to <5225.569336, 31.479647, 8586.736328> [guid=QOVCOk5flZ8LlxY_vIXEUxFpj4R6rL-wr-TF8_b4xZo=]
[COT 2023-05-31 13:38:29] 76561198040010982: Teleported to <5226.487305, 31.479574, 8586.614258> [guid=QOVCOk5flZ8LlxY_vIXEUxFpj4R6rL-wr-TF8_b4xZo=]
[COT 2023-05-31 13:43:55] 76561198040010982: Entered the Free Camera
[COT 2023-05-31 13:44:40] 76561198040010982: Left the Free Camera
[COT 2023-05-31 13:58:21] 76561198930893538: Set the date to 2011/12/25 12:0
[COT 2023-05-31 13:58:44] 76561198930893538: Spawned Entity Storage (ExpansionPersonalStorageHub<53b412f0>, -1, 0) at <5229.551270, 31.164164, 8567.668945>
[COT 2023-05-31 13:59:04] 76561198930893538: ESP: Viewing ESP
[COT 2023-05-31 13:59:06] 76561198930893538: ESP index=0 target=ExpansionPersonalStorageContainer_Level1:09786 position=<5229.551270, 31.177259, 8567.668945> action=delete
[COT 2023-05-31 13:59:06] 76561198930893538: ESP action=delete_all count=1 attempted=1
[COT 2023-05-31 13:59:10] 76561198930893538: ESP: Clearing ESP
[COT 2023-05-31 13:59:10] 76561198930893538: ESP: Viewing ESP
[COT 2023-05-31 13:59:11] 76561198930893538: ESP: Clearing ESP
[COT 2023-05-31 13:59:12] 76561198930893538: ESP: Viewing ESP
[COT 2023-05-31 13:59:20] 76561198930893538: ESP: Clearing ESP
[COT 2023-05-31 13:59:21] 76561198930893538: ESP: Viewing ESP
[COT 2023-05-31 13:59:24] 76561198930893538: ESP target=ExpansionPersonalStorageContainer_Level1:09786 position=<5229.551270, 31.177259, 8567.668945> action=delete
[COT 2023-05-31 13:59:33] 76561198930893538: ESP: Clearing ESP
[COT 2023-05-31 13:59:33] 76561198930893538: ESP: Viewing ESP
[COT 2023-05-31 13:59:36] 76561198930893538: ESP: Clearing ESP
[COT 2023-05-31 13:59:37] 76561198930893538: ESP: Viewing ESP
[COT 2023-05-31 13:59:43] 76561198930893538: ESP: Clearing ESP
[COT 2023-05-31 13:59:48] 76561198040010982: Teleported to <5228.910156, 31.395071, 8566.331055> [guid=QOVCOk5flZ8LlxY_vIXEUxFpj4R6rL-wr-TF8_b4xZo=]
[COT 2023-05-31 13:59:50] 76561198930893538: ESP: Viewing ESP
[COT 2023-05-31 13:59:51] 76561198930893538: ESP: Clearing ESP
[COT 2023-05-31 13:59:55] 76561198930893538: ESP: Viewing ESP
[COT 2023-05-31 13:59:55] 76561198930893538: ESP: Clearing ESP
[COT 2023-05-31 13:59:55] 76561198930893538: ESP: Viewing ESP
[COT 2023-05-31 14:00:13] 76561198930893538: ESP: Clearing ESP
[COT 2023-05-31 14:00:16] 76561198930893538: ESP: Viewing ESP
[COT 2023-05-31 14:00:24] 76561198930893538: ESP target=ExpansionPersonalStorageContainer_Level1:09859 position=<5229.551270, 31.177259, 8567.668945> action=delete
[COT 2023-05-31 14:00:47] 76561198930893538: ESP: Clearing ESP
[COT 2023-05-31 14:02:28] 76561198930893538: Spawned Entity Short Stick (WoodenStick<e6f2e820>, 5, 50) at <5229.009766, 31.479113, 8589.590820>
[COT 2023-05-31 14:10:24] 76561198930893538: ESP: Viewing ESP
[COT 2023-05-31 14:10:25] 76561198930893538: ESP: Clearing ESP
[COT 2023-05-31 14:10:26] 76561198930893538: ESP: Viewing ESP
[COT 2023-05-31 14:10:41] 76561198930893538: ESP: Clearing ESP
[COT 2023-05-31 14:10:43] 76561198930893538: ESP: Viewing ESP
[COT 2023-05-31 14:10:44] 76561198930893538: ESP: Clearing ESP
[COT 2023-05-31 14:15:08] 76561198930893538: ESP: Viewing ESP
[COT 2023-05-31 14:15:13] 76561198930893538: ESP target=ExpansionWall6x3:06237 position=<5226.478516, 32.119495, 8576.820313> action=delete
[COT 2023-05-31 14:15:14] 76561198930893538: ESP target=CanisterGasoline:06237 position=<3821.276611, 53.291054, 7455.078125> action=delete
[COT 2023-05-31 14:15:14] 76561198930893538: ESP target=SmallStone:06237 position=<5224.240234, 40.428551, 8653.194336> action=delete
[COT 2023-05-31 14:15:17] 76561198930893538: ESP: Clearing ESP
[COT 2023-05-31 14:15:18] 76561198930893538: ESP: Viewing ESP
[COT 2023-05-31 14:15:19] 76561198930893538: ESP: Clearing ESP
[COT 2023-05-31 14:15:34] 76561198040010982: Entered the Free Camera
[COT 2023-05-31 14:15:42] 76561198930893538: Spawned Entity Short Stick (WoodenStick<562306d0>, 5, 50) at <5225.793457, 31.822321, 8575.824219>
[COT 2023-05-31 14:15:57] 76561198930893538: Spawned Entity Rope (Rope<56238b90>, -1, 200) at <5225.727539, 31.762297, 8575.761719>
[COT 2023-05-31 14:16:10] 76561198040010982: Left the Free Camera
[COT 2023-05-31 14:47:30] 76561198040010982: Spawned Entity M300 Mag (SNAFU_M300Mag<f066b680>, 1, 100) at <1222.587280, 2.012487, 11844.480469>
[COT 2023-05-31 14:47:30] 76561198040010982: Spawned Entity M300 Mag (SNAFU_M300Mag<f0675160>, 1, 100) at <1222.587280, 2.012487, 11844.480469>
[COT 2023-05-31 15:01:58] 76561198930893538: Spawned Entity Fire Barrel (BarrelHoles_Green<1ef29b40>, -1, 900) at <5232.535156, 31.479130, 8587.013672>
[COT 2023-05-31 15:02:30] 76561198930893538: ESP: Viewing ESP
[COT 2023-05-31 15:02:36] 76561198930893538: ESP index=0 target=BarrelHoles_Green:010766 position=<5232.535156, 31.481857, 8587.013672> action=delete
[COT 2023-05-31 15:02:36] 76561198930893538: ESP action=delete_all count=1 attempted=1
[COT 2023-05-31 15:13:27] 76561198930893538: ESP: Clearing ESP
