[COT 2023-5M-27 20:49:53] 76561199176957808: Spawned Entity Lighter (PetrolLighter<7d70ea50>, 20, 20) at <6790.555664, 15.230396, 11693.660156>
[COT 2023-5M-27 20:49:53] 76561199176957808: Spawned Entity Lighter (PetrolLighter<7d70e0c0>, 20, 20) at <6790.555664, 15.230396, 11693.660156>
[COT 2023-5M-27 20:49:53] 76561199176957808: Spawned Entity Lighter (PetrolLighter<7d70f3e0>, 20, 20) at <6790.555664, 15.230396, 11693.660156>
[COT 2023-5M-27 20:49:53] 76561199176957808: Spawned Entity Lighter (PetrolLighter<7d70fd70>, 20, 20) at <6790.555664, 15.230396, 11693.660156>
[COT 2023-5M-27 20:53:15] 76561199176957808: Set GodMode To true [guid=zhJxvJUIQcTeCgEZ3Xhlvc_WjNMgSdId2I-HV3Jo6tA=]
[COT 2023-5M-27 20:53:16] 76561199176957808: Set cannot be targeted by AI to true [guid=zhJxvJUIQcTeCgEZ3Xhlvc_WjNMgSdId2I-HV3Jo6tA=]
[COT 2023-5M-27 20:53:17] 76561199176957808: Set UnlimitedStamina To true [guid=zhJxvJUIQcTeCgEZ3Xhlvc_WjNMgSdId2I-HV3Jo6tA=]
[COT 2023-5M-27 20:53:17] 76561199176957808: Set UnlimitedAmmo To true [guid=zhJxvJUIQcTeCgEZ3Xhlvc_WjNMgSdId2I-HV3Jo6tA=]
[COT 2023-5M-27 20:55:24] 76561198040010982: Spawned Entity UWU Grenade (M67Grenade<8002b1c0>, -1, 50) at <6807.931152, 15.012397, 11646.403320>
[COT 2023-5M-27 20:55:24] 76561198040010982: Spawned Entity UWU Grenade (M67Grenade<8002a7b0>, -1, 50) at <6807.931152, 15.012397, 11646.403320>
[COT 2023-5M-27 20:55:24] 76561198040010982: Spawned Entity UWU Grenade (M67Grenade<8002cff0>, -1, 50) at <6807.931152, 15.012397, 11646.403320>
[COT 2023-5M-27 20:55:41] 76561198040010982: Entered the Free Camera
[COT 2023-5M-27 20:55:45] 76561198040010982: Left the Free Camera
[COT 2023-5M-27 20:56:9s] 76561198040010982: Spawned Entity M24A3 .338 (CZ527_Base<7d1992f0>, -1, 200) at <6791.986328, 15.223915, 11686.819336>
[COT 2023-5M-27 20:56:29] 76561198040010982: Spawned Entity Standardized Suppressor (M4_Suppressor<80630c80>, -1, 4) at <6791.986328, 15.223915, 11686.819336>
[COT 2023-5M-27 20:56:42] 76561198040010982: Spawned Entity 5.56 Suppressor (MassScoutSuppressor<80634f70>, -1, 4) at <6791.986328, 15.223915, 11686.819336>
[COT 2023-5M-27 20:57:31] 76561198040010982: Spawned Entity M417 Suppressor (ItemSuppressor<80636c20>, -1, 200) at <6791.478027, 15.222580, 11686.019531>
[COT 2023-5M-27 20:57:34] 76561198040010982: Spawned Entity Armsan Suppressor (Shotgun_Suppressor<80639260>, -1, 200) at <6791.478027, 15.222580, 11686.019531>
[COT 2023-5M-27 20:57:36] 76561198040010982: Spawned Entity 5.56 Suppressor (MassScoutSuppressor<7c52d760>, -1, 4) at <6791.478027, 15.222580, 11686.019531>
[COT 2023-5M-27 20:57:47] 76561198040010982: Spawned Entity Suspicious Blue Candy (MassMeth<7c530730>, -1, 100) at <6791.478027, 15.222580, 11686.019531>
[COT 2023-5M-27 20:58:3s] 76561198040010982: Spawned Entity M1-9 (MassM19<7d188ae0>, -1, 100) at <6791.478027, 15.222626, 11686.019531>
[COT 2023-5M-27 20:58:51] 76561198040010982: Spawned Entity Standardized Suppressor (M4_Suppressor<7c513c30>, -1, 4) at <6791.478027, 15.222592, 11686.019531>
[COT 2023-5M-27 20:59:15] 76561198040010982: Spawned Entity 338 Muzzle Brake (ItemSuppressor<7c52a790>, -1, 200) at <6791.478027, 15.222580, 11686.019531>
[COT 2023-5M-27 20:59:16] 76561198040010982: Spawned Entity 338 Suppressor (SNAFUKivaari_338_Supp<7c52b120>, -1, 100) at <6791.478027, 15.222580, 11686.019531>
[COT 2023-5M-27 20:59:26] 76561199176957808: Spawned Entity Blood Test Kit (BloodTestKit<808fe680>, -1, 15) at <6789.588379, 15.230284, 11692.433594>
[COT 2023-5M-27 21:0m:6s] 76561198040010982: Spawned Entity M1-9 (MassM19<21344830>, -1, 100) at <6791.592773, 15.222822, 11686.227539>
[COT 2023-5M-27 21:2m:2s] 76561198040010982: Spawned Entity M1-9 (MassM19<18f48b00>, -1, 100) at <6791.592773, 15.222822, 11686.227539>
[COT 2023-5M-27 21:2m:6s] 76561198040010982: Spawned Entity M24A3 .338 (CZ527_Base<18f626f0>, -1, 200) at <6791.592773, 15.222822, 11686.227539>
[COT 2023-5M-27 21:2m:28] 76561198040010982: Spawned Entity Pioneer (Scout_Base<1d30e4a0>, -1, 250) at <6791.592773, 15.222822, 11686.227539>
[COT 2023-5M-27 21:2m:46] 76561198040010982: Spawned Entity 308 STANAG Magazine (Mass_Mag_M417_20Rnd<7b0ba320>, 1, 100) at <6791.592773, 15.222822, 11686.227539>
[COT 2023-5M-27 21:2m:57] 76561198040010982: Spawned Entity M417 Suppressor (ItemSuppressor<7b0b4380>, -1, 200) at <6791.592773, 15.222822, 11686.227539>
[COT 2023-5M-27 21:3m:35] 76561198040010982: Spawned Entity 308 STANAG Magazine (Mass_Mag_M417_20Rnd<7b0bf930>, 1, 100) at <6791.592773, 15.222822, 11686.227539>
[COT 2023-5M-27 21:3m:35] 76561198040010982: Spawned Entity 308 STANAG Magazine (Mass_Mag_M417_20Rnd<7b0bdc80>, 1, 100) at <6791.592773, 15.222822, 11686.227539>
[COT 2023-5M-27 21:4m:19] 76561198040010982: Spawned Entity M417 (MassM417_Base<80d4bcb0>, -1, 250) at <6791.592773, 15.222822, 11686.227539>
[COT 2023-5M-27 21:5m:9s] 76561198040010982: Spawned Entity 5.56 Suppressor (MassScoutSuppressor<80d98fe0>, -1, 4) at <6791.644043, 15.224859, 11686.895508>
[COT 2023-5M-27 21:5m:10] 76561198040010982: Spawned Entity Scout Scope (LongrangeOptic<1333f070>, -1, 100) at <6791.644043, 15.224859, 11686.895508>
[COT 2023-5M-27 21:5m:54] 76561198040010982: Spawned Entity 5.56 Suppressor (MassScoutSuppressor<80dce2f0>, -1, 4) at <6795.485840, 15.012452, 11677.410156>
[COT 2023-5M-27 21:6m:39] 76561198040010982: Spawned Entity Pioneer (Scout_Base<80d45da0>, -1, 250) at <6795.485840, 15.012452, 11677.410156>
[COT 2023-5M-27 21:6m:39] 76561198040010982: Spawned Entity Pioneer (Scout_Base<80d487e0>, -1, 250) at <6795.485840, 15.012452, 11677.410156>
[COT 2023-5M-27 21:7m:22] 76561198040010982: Spawned Entity M1-9 (MassM19<80d52650>, -1, 100) at <6795.673340, 15.012429, 11678.236328>
[COT 2023-5M-27 21:7m:23] 76561198040010982: Spawned Entity M1-9 (MassM19<80d506a0>, -1, 100) at <6795.673340, 15.012429, 11678.236328>
[COT 2023-5M-27 21:7m:23] 76561198040010982: Spawned Entity M1-9 (MassM19<80d54600>, -1, 100) at <6795.673340, 15.012429, 11678.236328>
[COT 2023-5M-27 21:8m:0s] 76561198040010982: Spawned Entity M24A3 .338 (CZ527_Base<80d4bcb0>, -1, 200) at <6795.673340, 15.012429, 11678.236328>
[COT 2023-5M-27 21:8m:0s] 76561198040010982: Spawned Entity M24A3 .338 (CZ527_Base<80d55090>, -1, 200) at <6795.673340, 15.012429, 11678.236328>
[COT 2023-5M-27 21:8m:8s] 76561198040010982: Spawned Entity SNAFU M24A3 (SNAFUM24_GUN<80d4fc10>, -1, 300) at <6795.673340, 15.012429, 11678.236328>
[COT 2023-5M-27 21:8m:9s] 76561198040010982: Spawned Entity SNAFU M24A3 (SNAFUM24_GUN<80d53b70>, -1, 300) at <6795.673340, 15.012429, 11678.236328>
[COT 2023-5M-27 21:9m:12] 76561198040010982: Spawned Entity AK Platform Suppressor Black (SNAFU_Normalized_Suppressor_Black<80740a40>, -1, 20) at <6797.001953, 15.012456, 11677.034180>
[COT 2023-5M-27 21:9m:15] 76561198040010982: Spawned Entity Universal Cordura BK SUP (SNAFU_Standardized_Suppressor_Black<80759250>, -1, 20) at <6797.001953, 15.012456, 11677.034180>
[COT 2023-5M-27 21:9m:17] 76561198040010982: Spawned Entity Legion AK Platform Suppressor Black (SNAFU_LNormalized_Suppressor_Black<8075af00>, -1, 20) at <6797.001953, 15.012456, 11677.034180>
[COT 2023-5M-27 21:9m:18] 76561198040010982: Spawned Entity Universal Legion BK SUP (SNAFU_LStandardized_Suppressor_Black<807634e0>, -1, 20) at <6797.001953, 15.012456, 11677.034180>
[COT 2023-5M-27 21:9m:30] 76561199176957808: ESP: Viewing ESP
[COT 2023-5M-27 21:9m:33] 76561199176957808: ESP index=0 target=Scout:05093 position=<6795.673340, 15.020626, 11678.236328> action=delete
[COT 2023-5M-27 21:9m:33] 76561199176957808: ESP index=1 target=MassScout556:05472 position=<6795.485840, 15.020708, 11677.410156> action=delete
[COT 2023-5M-27 21:9m:33] 76561199176957808: ESP action=delete_all count=2 attempted=2
[COT 2023-5M-27 21:9m:35] 76561199176957808: ESP index=0 target=MassM24:07734 position=<6795.673340, 15.037723, 11678.236328> action=delete
[COT 2023-5M-27 21:9m:35] 76561199176957808: ESP action=delete_all count=1 attempted=1
[COT 2023-5M-27 21:9m:35] 76561198040010982: Spawned Entity 50Bmg & 408 Suppressor Black (SNAFU_50bmg_Suppressor_B<80765b20>, -1, 20) at <6797.001953, 15.012456, 11677.034180>
[COT 2023-5M-27 21:9m:37] 76561199176957808: ESP index=0 target=SNAFUM24_GUN:07929 position=<6795.673340, 15.043546, 11678.236328> action=delete
[COT 2023-5M-27 21:9m:37] 76561199176957808: ESP action=delete_all count=1 attempted=1
[COT 2023-5M-27 21:9m:39] 76561199176957808: ESP index=0 target=MassM24:06547 position=<6795.673340, 15.037721, 11678.236328> action=delete
[COT 2023-5M-27 21:9m:39] 76561199176957808: ESP action=delete_all count=1 attempted=1
[COT 2023-5M-27 21:9m:41] 76561198040010982: Spawned Entity 50Bmg & 408 Suppressor Tan (SNAFU_408_Suppressor_T<8019c860>, -1, 20) at <6797.001953, 15.012456, 11677.034180>
[COT 2023-5M-27 21:9m:43] 76561199176957808: ESP: Clearing ESP
[COT 2023-5M-27 21:9m:43] 76561198040010982: Spawned Entity Universal SR25 Suppressor (SNAFU_SR25_Supp<801ab770>, -1, 100) at <6797.001953, 15.012456, 11677.034180>
[COT 2023-5M-27 21:9m:44] 76561199176957808: ESP: Viewing ESP
[COT 2023-5M-27 21:9m:46] 76561198040010982: Spawned Entity Universal 300AC SUP (SNAFUAR15_SPR_SIL<801a6160>, -1, 100) at <6797.001953, 15.012456, 11677.034180>
[COT 2023-5M-27 21:9m:46] 76561199176957808: ESP index=0 target=MassM19:04805 position=<6795.673340, 15.033487, 11678.236328> action=delete
[COT 2023-5M-27 21:9m:46] 76561199176957808: ESP action=delete_all count=1 attempted=1
[COT 2023-5M-27 21:9m:47] 76561198040010982: Spawned Entity Universal 300AC SQ SUP (SNAFUAR15_SPR_SQSIL<801ac100>, -1, 100) at <6797.001953, 15.012456, 11677.034180>
[COT 2023-5M-27 21:9m:48] 76561199176957808: ESP index=0 target=MassM19:04472 position=<6795.673340, 15.045917, 11678.236328> action=delete
[COT 2023-5M-27 21:9m:48] 76561199176957808: ESP action=delete_all count=1 attempted=1
[COT 2023-5M-27 21:9m:48] 76561198040010982: Spawned Entity Universal MPX SUP BK (SNAFU_MPX_Suppressor_Black<801a57d0>, -1, 20) at <6797.001953, 15.012456, 11677.034180>
[COT 2023-5M-27 21:9m:50] 76561199176957808: ESP index=0 target=MassM19:09966 position=<6795.673340, 15.044581, 11678.236328> action=delete
[COT 2023-5M-27 21:9m:50] 76561199176957808: ESP action=delete_all count=1 attempted=1
[COT 2023-5M-27 21:9m:51] 76561198040010982: Spawned Entity Universal Agram SUP BK (ItemSuppressor<801ad420>, -1, 20) at <6797.001953, 15.012456, 11677.034180>
[COT 2023-5M-27 21:9m:52] 76561198040010982: Spawned Entity 338 Suppressor (SNAFUKivaari_338_Supp<801af0d0>, -1, 100) at <6797.001953, 15.012456, 11677.034180>
[COT 2023-5M-27 21:9m:53] 76561198040010982: Spawned Entity Universal Tan ScarH SUP (Snafu_ScarH_SIL_Tan<801b20a0>, -1, 100) at <6797.001953, 15.012456, 11677.034180>
[COT 2023-5M-27 21:9m:54] 76561198040010982: Spawned Entity Universal BK ScarH SUP (Snafu_ScarH_SIL_Black<801addb0>, -1, 100) at <6797.001953, 15.012456, 11677.034180>
[COT 2023-5M-27 21:9m:56] 76561198040010982: Spawned Entity SR3 Suppressor (SNAFU_SR3Vikhr_Supp<801b03f0>, -1, 100) at <6797.001953, 15.012456, 11677.034180>
[COT 2023-5M-27 21:9m:58] 76561198040010982: Spawned Entity Universal Mk3 BK SUP (SNAFUGevar_Suppressor_Black<801ae740>, -1, 200) at <6797.001953, 15.012456, 11677.034180>
[COT 2023-5M-27 21:10:1s] 76561198040010982: Spawned Entity Universal Standard SUP (SNAFU_SPMOD<801b2a30>, -1, 200) at <6797.001953, 15.012456, 11677.034180>
[COT 2023-5M-27 21:10:2s] 76561198040010982: Spawned Entity SNAFU VSSK Bipod (SNAFU_VSSKbipod<801b1710>, -1, 100) at <6797.001953, 15.012456, 11677.034180>
[COT 2023-5M-27 21:10:55] 76561199176957808: ESP: Clearing ESP
[COT 2023-5M-27 21:10:55] 76561199176957808: ESP: Viewing ESP
[COT 2023-5M-27 21:10:58] 76561199176957808: ESP index=0 target=SNAFUM24_GUN:09090 position=<6804.485840, 15.078452, 11645.235352> action=delete
[COT 2023-5M-27 21:10:58] 76561199176957808: ESP action=delete_all count=1 attempted=1
[COT 2023-5M-27 21:11:20] 76561198040010982: Spawned Entity .408 Praetorian Composite M300 (MassM300<80d4bcb0>, -1, 200) at <6797.757324, 15.012435, 11672.102539>
[COT 2023-5M-27 21:11:25] 76561198040010982: Spawned Entity M300 Magazine (Massm300mag<870b8040>, 1, 100) at <6797.757324, 15.012435, 11672.102539>
[COT 2023-5M-27 21:11:43] 76561199176957808: ESP: Clearing ESP
[COT 2023-5M-27 21:11:43] 76561199176957808: ESP: Viewing ESP
[COT 2023-5M-27 21:11:46] 76561199176957808: ESP: Clearing ESP
[COT 2023-5M-27 21:11:47] 76561199176957808: ESP: Viewing ESP
[COT 2023-5M-27 21:11:50] 76561199176957808: ESP index=0 target=SNAFU_Normalized_Suppressor_Black:011691 position=<6797.001953, 15.040522, 11677.034180> action=delete
[COT 2023-5M-27 21:11:50] 76561199176957808: ESP index=1 target=SNAFU_VSSKbipod:07361 position=<6797.001953, 15.147583, 11677.034180> action=delete
[COT 2023-5M-27 21:11:50] 76561199176957808: ESP action=delete_all count=2 attempted=2
[COT 2023-5M-27 21:11:52] 76561199176957808: ESP index=0 target=SNAFU_SPMOD:04675 position=<6797.001953, 15.033708, 11677.034180> action=delete
[COT 2023-5M-27 21:11:52] 76561199176957808: ESP index=1 target=SNAFU_SR3Vikhr_Supp:012002 position=<6797.001953, 15.170459, 11677.034180> action=delete
[COT 2023-5M-27 21:11:52] 76561199176957808: ESP action=delete_all count=2 attempted=2
[COT 2023-5M-27 21:11:54] 76561199176957808: ESP index=0 target=SNAFUGevar_Suppressor_Black:04437 position=<6797.001953, 15.036920, 11677.034180> action=delete
[COT 2023-5M-27 21:11:54] 76561199176957808: ESP index=1 target=Snafu_ScarH_SIL_Black:012001 position=<6797.001953, 15.175010, 11677.034180> action=delete
[COT 2023-5M-27 21:11:54] 76561199176957808: ESP action=delete_all count=2 attempted=2
[COT 2023-5M-27 21:11:56] 76561199176957808: ESP index=0 target=SNAFU_LNormalized_Suppressor_Black:09905 position=<6797.001953, 15.039751, 11677.034180> action=delete
[COT 2023-5M-27 21:11:56] 76561199176957808: ESP index=1 target=Snafu_ScarH_SIL_Tan:04607 position=<6797.001953, 15.175010, 11677.034180> action=delete
[COT 2023-5M-27 21:11:56] 76561199176957808: ESP action=delete_all count=2 attempted=2
[COT 2023-5M-27 21:11:59] 76561199176957808: ESP index=0 target=SNAFU_Standardized_Suppressor_Black:09013 position=<6797.001953, 15.040522, 11677.034180> action=delete
[COT 2023-5M-27 21:11:59] 76561199176957808: ESP index=1 target=SNAFU_SR25_Supp:09676 position=<6797.001953, 15.197757, 11677.034180> action=delete
[COT 2023-5M-27 21:11:59] 76561199176957808: ESP action=delete_all count=2 attempted=2
[COT 2023-5M-27 21:12:1s] 76561199176957808: ESP index=0 target=SNAFU_Agram_Suppressor_Black:04472 position=<6797.001953, 15.033337, 11677.034180> action=delete
[COT 2023-5M-27 21:12:1s] 76561199176957808: ESP index=1 target=SNAFUAR15_SPR_SIL:09882 position=<6797.001953, 15.139460, 11677.034180> action=delete
[COT 2023-5M-27 21:12:1s] 76561199176957808: ESP action=delete_all count=2 attempted=2
[COT 2023-5M-27 21:12:2s] 76561199176957808: ESP index=0 target=SNAFU_MPX_Suppressor_Black:04805 position=<6797.001953, 15.033878, 11677.034180> action=delete
[COT 2023-5M-27 21:12:2s] 76561199176957808: ESP action=delete_all count=1 attempted=1
[COT 2023-5M-27 21:12:4s] 76561199176957808: ESP index=0 target=SNAFU_50bmg_Suppressor_B:08568 position=<6797.001953, 15.039751, 11677.034180> action=delete
[COT 2023-5M-27 21:12:4s] 76561199176957808: ESP action=delete_all count=1 attempted=1
[COT 2023-5M-27 21:12:5s] 76561199176957808: ESP index=0 target=SNAFUAR15_SPR_SQSIL:08574 position=<6797.001953, 15.071618, 11677.034180> action=delete
[COT 2023-5M-27 21:12:5s] 76561199176957808: ESP action=delete_all count=1 attempted=1
[COT 2023-5M-27 21:12:7s] 76561199176957808: ESP index=0 target=SNAFU_LStandardized_Suppressor_Black:09735 position=<6797.001953, 15.040522, 11677.034180> action=delete
[COT 2023-5M-27 21:12:7s] 76561199176957808: ESP action=delete_all count=1 attempted=1
[COT 2023-5M-27 21:12:9s] 76561199176957808: ESP index=0 target=SNAFU_408_Suppressor_T:09631 position=<6797.001953, 15.039751, 11677.034180> action=delete
[COT 2023-5M-27 21:12:9s] 76561199176957808: ESP action=delete_all count=1 attempted=1
[COT 2023-5M-27 21:12:56] 76561198040010982: Spawned Entity 50Bmg & 408 Suppressor BMC (SNAFU_50bmg_Suppressor_M<7b1e4db0>, -1, 20) at <6797.910156, 15.012429, 11672.162109>
[COT 2023-5M-27 21:13:8s] 76561198040010982: Spawned Entity M417 Suppressor (ItemSuppressor<7b1de480>, -1, 200) at <6797.910156, 15.012429, 11672.162109>
[COT 2023-5M-27 21:13:10] 76561198040010982: Spawned Entity M417 Suppressor (ItemSuppressor<7b1e9a30>, -1, 200) at <6797.910156, 15.012429, 11672.162109>
[COT 2023-5M-27 21:13:10] 76561198040010982: Spawned Entity M417 Suppressor (ItemSuppressor<7b1e73f0>, -1, 200) at <6797.910156, 15.012429, 11672.162109>
[COT 2023-5M-27 21:13:12] 76561198040010982: Spawned Entity 5.56 Suppressor (MassScoutSuppressor<7b1ea3c0>, -1, 4) at <6797.910156, 15.012429, 11672.162109>
[COT 2023-5M-27 21:13:12] 76561198040010982: Spawned Entity 5.56 Suppressor (MassScoutSuppressor<7b1e5740>, -1, 4) at <6797.910156, 15.012429, 11672.162109>
[COT 2023-5M-27 21:13:49] 76561199176957808: ESP: Clearing ESP
[COT 2023-5M-27 21:13:58] 76561198040010982: Spawned Entity .408 Praetorian Composite M300 (MassM300<80d57ad0>, -1, 200) at <6797.910156, 15.012429, 11672.162109>
[COT 2023-5M-27 21:13:58] 76561198040010982: Spawned Entity .408 Praetorian Composite M300 (MassM300<80d53b70>, -1, 200) at <6797.910156, 15.012429, 11672.162109>
[COT 2023-5M-27 21:13:59] 76561198040010982: Spawned Entity .408 Praetorian Composite M300 (MassM300<80d55090>, -1, 200) at <6797.910156, 15.012429, 11672.162109>
[COT 2023-5M-27 21:13:59] 76561198040010982: Spawned Entity .408 Praetorian Composite M300 (MassM300<80d5ba30>, -1, 200) at <6797.910156, 15.012429, 11672.162109>
[COT 2023-5M-27 21:14:3s] 76561198040010982: Spawned Entity .408 Praetorian Composite M300 (MassM300_Camo<80d565b0>, -1, 200) at <6797.910156, 15.012429, 11672.162109>
[COT 2023-5M-27 21:14:3s] 76561198040010982: Spawned Entity .408 Praetorian Composite M300 (MassM300_Camo<80d58ff0>, -1, 200) at <6797.910156, 15.012429, 11672.162109>
[COT 2023-5M-27 21:15:3s] 76561198040010982: Spawned Entity 6B45 Ratnik Level 3 (Clothing<86eb70c0>, -1, 200) at <6797.910156, 15.012429, 11672.162109>
[COT 2023-5M-27 21:15:4s] 76561198040010982: Spawned Entity 6B45 Ratnik Level 3 (Clothing<86eb9700>, -1, 200) at <6797.910156, 15.012429, 11672.162109>
[COT 2023-5M-27 21:15:11] 76561199176957808: ESP: Viewing ESP
[COT 2023-5M-27 21:15:18] 76561199176957808: ESP index=0 target=MassM300_Camo:07917 position=<6797.957031, 15.023659, 11671.512695> action=delete
[COT 2023-5M-27 21:15:18] 76561199176957808: ESP index=1 target=MassScoutSuppressor:06825 position=<6797.910156, 15.031730, 11672.162109> action=delete
[COT 2023-5M-27 21:15:18] 76561199176957808: ESP action=delete_all count=2 attempted=2
[COT 2023-5M-27 21:15:21] 76561199176957808: ESP index=0 target=MassLightRatnik_Black:09085 position=<6797.910156, 15.003032, 11672.162109> action=delete
[COT 2023-5M-27 21:15:21] 76561199176957808: ESP index=1 target=MassScoutSuppressor:06960 position=<6797.910156, 15.031730, 11672.162109> action=delete
[COT 2023-5M-27 21:15:21] 76561199176957808: ESP action=delete_all count=2 attempted=2
[COT 2023-5M-27 21:15:25] 76561199176957808: ESP index=0 target=MassLightRatnik_Black:06716 position=<6797.910156, 15.003032, 11672.162109> action=delete
[COT 2023-5M-27 21:15:25] 76561199176957808: ESP index=1 target=MassM417Suppressor:05378 position=<6797.910156, 15.033089, 11672.162109> action=delete
[COT 2023-5M-27 21:15:25] 76561199176957808: ESP action=delete_all count=2 attempted=2
[COT 2023-5M-27 21:15:28] 76561199176957808: ESP index=0 target=MassM417Suppressor:06032 position=<6797.910156, 15.033152, 11672.162109> action=delete
[COT 2023-5M-27 21:15:28] 76561199176957808: ESP action=delete_all count=1 attempted=1
[COT 2023-5M-27 21:15:30] 76561199176957808: ESP index=0 target=MassM417Suppressor:09191 position=<6797.910156, 15.033152, 11672.162109> action=delete
[COT 2023-5M-27 21:15:30] 76561199176957808: ESP action=delete_all count=1 attempted=1
[COT 2023-5M-27 21:15:33] 76561199176957808: ESP index=0 target=SNAFU_50bmg_Suppressor_M:09858 position=<6797.910156, 15.039724, 11672.162109> action=delete
[COT 2023-5M-27 21:15:33] 76561199176957808: ESP action=delete_all count=1 attempted=1
[COT 2023-5M-27 21:15:35] 76561199176957808: ESP index=0 target=MassM300_Camo:06078 position=<6797.910156, 15.036088, 11672.162109> action=delete
[COT 2023-5M-27 21:15:35] 76561199176957808: ESP action=delete_all count=1 attempted=1
[COT 2023-5M-27 21:15:38] 76561199176957808: ESP index=0 target=MassM300:06874 position=<6797.910156, 15.038839, 11672.162109> action=delete
[COT 2023-5M-27 21:15:38] 76561199176957808: ESP action=delete_all count=1 attempted=1
[COT 2023-5M-27 21:15:40] 76561199176957808: ESP index=0 target=MassM300:08527 position=<6797.910156, 15.038839, 11672.162109> action=delete
[COT 2023-5M-27 21:15:40] 76561199176957808: ESP action=delete_all count=1 attempted=1
[COT 2023-5M-27 21:15:42] 76561199176957808: ESP index=0 target=MassM300:06634 position=<6797.910156, 15.036088, 11672.162109> action=delete
[COT 2023-5M-27 21:15:42] 76561199176957808: ESP action=delete_all count=1 attempted=1
[COT 2023-5M-27 21:16:14] 76561199176957808: ESP: Clearing ESP
[COT 2023-5M-27 21:16:15] 76561199176957808: ESP: Viewing ESP
[COT 2023-5M-27 21:16:18] 76561199176957808: ESP index=0 target=MassM300:04745 position=<6797.506836, 15.076521, 11670.916992> action=delete
[COT 2023-5M-27 21:16:18] 76561199176957808: ESP index=1 target=MassM300:08076 position=<6798.293457, 14.889146, 11670.714844> action=delete
[COT 2023-5M-27 21:16:18] 76561199176957808: ESP action=delete_all count=2 attempted=2
[COT 2023-5M-27 21:17:27] 76561199176957808: ESP: Clearing ESP
[COT 2023-5M-27 21:17:52] 76561199176957808: ESP: ESP updating
[COT 2023-5M-27 21:18:31] 76561199176957808: Spawned Entity Blood Test Kit (BloodTestKit<12eca4b0>, -1, 15) at <6788.625488, 15.231329, 11688.204102>
[COT 2023-5M-27 21:20:33] 76561198401795791: Set GodMode To true [guid=QjlZXS0Ark29Vwx4GPzro34d4Mh-vfgK6BY62FOJWUg=]
[COT 2023-5M-27 21:20:34] 76561198401795791: Set cannot be targeted by AI to true [guid=QjlZXS0Ark29Vwx4GPzro34d4Mh-vfgK6BY62FOJWUg=]
[COT 2023-5M-27 21:20:36] 76561198401795791: Set UnlimitedStamina To true [guid=QjlZXS0Ark29Vwx4GPzro34d4Mh-vfgK6BY62FOJWUg=]
[COT 2023-5M-27 21:20:36] 76561198401795791: Set UnlimitedAmmo To true [guid=QjlZXS0Ark29Vwx4GPzro34d4Mh-vfgK6BY62FOJWUg=]
