[COT 2023-05-29 14:39:38] 76561198930893538: Entered the Free Camera
[COT 2023-05-29 14:40:37] 76561198930893538: ESP: Viewing ESP
[COT 2023-05-29 14:40:38] 76561198930893538: ESP: Clearing ESP
[COT 2023-05-29 14:40:39] 76561198930893538: ESP: Viewing ESP
[COT 2023-05-29 14:40:50] 76561198930893538: ESP: Clearing ESP
[COT 2023-05-29 14:40:50] 76561198930893538: ESP: Viewing ESP
[COT 2023-05-29 14:41:01] 76561198930893538: ESP: Clearing ESP
[COT 2023-05-29 14:41:01] 76561198930893538: ESP: Viewing ESP
[COT 2023-05-29 14:41:18] 76561198930893538: ESP: Clearing ESP
[COT 2023-05-29 14:41:18] 76561198930893538: ESP: Viewing ESP
[COT 2023-05-29 14:41:33] 76561198930893538: ESP: Clearing ESP
[COT 2023-05-29 14:41:34] 76561198930893538: ESP: Viewing ESP
[COT 2023-05-29 14:42:08] 76561198930893538: Left the Free Camera
[COT 2023-05-29 14:42:09] 76561198930893538: Left the Free Camera
[COT 2023-05-29 14:42:28] 76561198930893538: Set UnlimitedStamina To true [guid=QOVCOk5flZ8LlxY_vIXEUxFpj4R6rL-wr-TF8_b4xZo=]
[COT 2023-05-29 14:42:28] 76561198930893538: Set UnlimitedAmmo To true [guid=QOVCOk5flZ8LlxY_vIXEUxFpj4R6rL-wr-TF8_b4xZo=]
[COT 2023-05-29 14:44:17] 76561198930893538: ESP: Clearing ESP
[COT 2023-05-29 14:44:18] 76561198930893538: ESP: Viewing ESP
[COT 2023-05-29 14:47:57] 76561198930893538: Set GodMode To true [guid=QOVCOk5flZ8LlxY_vIXEUxFpj4R6rL-wr-TF8_b4xZo=]
[COT 2023-05-29 14:48:00] 76561198930893538: Healed [guid=QOVCOk5flZ8LlxY_vIXEUxFpj4R6rL-wr-TF8_b4xZo=]
[COT 2023-05-29 14:48:13] 76561198930893538: Dried [guid=QOVCOk5flZ8LlxY_vIXEUxFpj4R6rL-wr-TF8_b4xZo=]
[COT 2023-05-29 14:48:14] 76561198930893538: Healed [guid=QOVCOk5flZ8LlxY_vIXEUxFpj4R6rL-wr-TF8_b4xZo=]
[COT 2023-05-29 14:48:36] 76561198930893538: ESP: Clearing ESP
[COT 2023-05-29 14:48:47] 76561198930893538: ESP: Viewing ESP
[COT 2023-05-29 14:48:56] 76561198930893538: ESP: Clearing ESP
[COT 2023-05-29 14:48:56] 76561198930893538: ESP: Viewing ESP
[COT 2023-05-29 14:49:17] 76561198930893538: ESP: Clearing ESP
[COT 2023-05-29 14:49:17] 76561198930893538: ESP: Viewing ESP
[COT 2023-05-29 14:49:48] 76561198930893538: Dried [guid=QOVCOk5flZ8LlxY_vIXEUxFpj4R6rL-wr-TF8_b4xZo=]
[COT 2023-05-29 14:50:03] 76561198930893538: ESP: Clearing ESP
[COT 2023-05-29 14:50:03] 76561198930893538: ESP: Viewing ESP
[COT 2023-05-29 14:51:56] 76561198930893538: Teleported to <6785.130859, 15.230396, 11687.932617> [guid=QjlZXS0Ark29Vwx4GPzro34d4Mh-vfgK6BY62FOJWUg=]
[COT 2023-05-29 14:52:28] 76561198401795791: Set GodMode To true [guid=QjlZXS0Ark29Vwx4GPzro34d4Mh-vfgK6BY62FOJWUg=]
[COT 2023-05-29 14:52:29] 76561198401795791: Set cannot be targeted by AI to true [guid=QjlZXS0Ark29Vwx4GPzro34d4Mh-vfgK6BY62FOJWUg=]
[COT 2023-05-29 14:52:29] 76561198401795791: Set UnlimitedStamina To true [guid=QjlZXS0Ark29Vwx4GPzro34d4Mh-vfgK6BY62FOJWUg=]
[COT 2023-05-29 14:52:30] 76561198401795791: Set UnlimitedAmmo To true [guid=QjlZXS0Ark29Vwx4GPzro34d4Mh-vfgK6BY62FOJWUg=]
[COT 2023-05-29 14:53:23] 76561198930893538: ESP: Clearing ESP
[COT 2023-05-29 14:53:23] 76561198930893538: ESP: Viewing ESP
[COT 2023-05-29 14:55:51] 76561198930893538: Set cannot be targeted by AI to true [guid=QOVCOk5flZ8LlxY_vIXEUxFpj4R6rL-wr-TF8_b4xZo=]
[COT 2023-05-29 14:59:27] 76561198930893538: Teleported to position <8606.781250, 14.720000, 10496.150391>
[COT 2023-05-29 14:59:50] 76561198401795791: Teleported to <8574.034180, 14.768258, 10506.518555> [guid=QOVCOk5flZ8LlxY_vIXEUxFpj4R6rL-wr-TF8_b4xZo=]
[COT 2023-05-29 15:01:22] 76561198930893538: Teleported to <8572.770508, 14.813166, 10489.483398> [guid=QjlZXS0Ark29Vwx4GPzro34d4Mh-vfgK6BY62FOJWUg=]
[COT 2023-05-29 15:02:03] 76561198401795791: Entered the Free Camera
[COT 2023-05-29 15:02:21] 76561198401795791: Left the Free Camera
[COT 2023-05-29 15:02:32] 76561198930893538: Teleported to <1233.801514, 2.536335, 11850.903320> [guid=QjlZXS0Ark29Vwx4GPzro34d4Mh-vfgK6BY62FOJWUg=]
[COT 2023-05-29 15:03:19] 76561198401795791: ESP: ESP updating
[COT 2023-05-29 15:05:05] 76561198401795791: Entered the Free Camera
[COT 2023-05-29 15:05:14] 76561198930893538: Entered the Free Camera
[COT 2023-05-29 15:05:28] 76561198930893538: Left the Free Camera
[COT 2023-05-29 15:05:34] 76561198930893538: ESP: Clearing ESP
[COT 2023-05-29 15:05:34] 76561198930893538: ESP: Viewing ESP
[COT 2023-05-29 15:05:45] 76561198401795791: Left the Free Camera
[COT 2023-05-29 15:06:13] 76561198930893538: Teleported to <6299.694336, 20.692930, 9522.762695> [guid=QjlZXS0Ark29Vwx4GPzro34d4Mh-vfgK6BY62FOJWUg=]
[COT 2023-05-29 15:06:27] 76561198930893538: ESP: Clearing ESP
[COT 2023-05-29 15:06:28] 76561198930893538: ESP: Viewing ESP
[COT 2023-05-29 15:06:39] 76561198401795791: Entered the Free Camera
[COT 2023-05-29 15:06:46] 76561198401795791: Left the Free Camera
[COT 2023-05-29 15:06:47] 76561198930893538: ESP: Clearing ESP
[COT 2023-05-29 15:06:47] 76561198930893538: ESP: Viewing ESP
[COT 2023-05-29 15:07:16] 76561198930893538: ESP: Clearing ESP
[COT 2023-05-29 15:07:17] 76561198401795791: Entered the Free Camera
[COT 2023-05-29 15:07:23] 76561198930893538: ESP: Viewing ESP
[COT 2023-05-29 15:07:26] 76561198930893538: ESP: Clearing ESP
[COT 2023-05-29 15:07:26] 76561198930893538: ESP: Viewing ESP
[COT 2023-05-29 15:07:27] 76561198930893538: Entered the Free Camera
[COT 2023-05-29 15:07:36] 76561198401795791: Left the Free Camera
[COT 2023-05-29 15:07:38] 76561198930893538: Left the Free Camera
[COT 2023-05-29 15:07:42] 76561198930893538: Set GodMode To false [guid=QOVCOk5flZ8LlxY_vIXEUxFpj4R6rL-wr-TF8_b4xZo=]
[COT 2023-05-29 15:07:45] 76561198930893538: Teleported to <5689.699707, 21.699787, 10016.605469> [guid=QjlZXS0Ark29Vwx4GPzro34d4Mh-vfgK6BY62FOJWUg=]
[COT 2023-05-29 15:07:56] 76561198401795791: Set GodMode To false [guid=QjlZXS0Ark29Vwx4GPzro34d4Mh-vfgK6BY62FOJWUg=]
[COT 2023-05-29 15:09:23] 76561198401795791: Set GodMode To true [guid=QjlZXS0Ark29Vwx4GPzro34d4Mh-vfgK6BY62FOJWUg=]
[COT 2023-05-29 15:09:26] 76561198401795791: Set cannot be targeted by AI to true [guid=QjlZXS0Ark29Vwx4GPzro34d4Mh-vfgK6BY62FOJWUg=]
[COT 2023-05-29 15:09:27] 76561198401795791: Set UnlimitedStamina To true [guid=QjlZXS0Ark29Vwx4GPzro34d4Mh-vfgK6BY62FOJWUg=]
[COT 2023-05-29 15:09:28] 76561198401795791: Set UnlimitedAmmo To true [guid=QjlZXS0Ark29Vwx4GPzro34d4Mh-vfgK6BY62FOJWUg=]
[COT 2023-05-29 15:09:34] 76561198401795791: Entered the Free Camera
[COT 2023-05-29 15:10:08] 76561198401795791: Left the Free Camera
[COT 2023-05-29 15:11:08] 76561198930893538: Set GodMode To true [guid=QOVCOk5flZ8LlxY_vIXEUxFpj4R6rL-wr-TF8_b4xZo=]
[COT 2023-05-29 15:11:09] 76561198930893538: Set cannot be targeted by AI to true [guid=QOVCOk5flZ8LlxY_vIXEUxFpj4R6rL-wr-TF8_b4xZo=]
[COT 2023-05-29 15:11:10] 76561198930893538: Set UnlimitedStamina To true [guid=QOVCOk5flZ8LlxY_vIXEUxFpj4R6rL-wr-TF8_b4xZo=]
[COT 2023-05-29 15:11:10] 76561198930893538: Set UnlimitedAmmo To true [guid=QOVCOk5flZ8LlxY_vIXEUxFpj4R6rL-wr-TF8_b4xZo=]
[COT 2023-05-29 15:11:11] 76561198930893538: Set UnlimitedAmmo To true [guid=QOVCOk5flZ8LlxY_vIXEUxFpj4R6rL-wr-TF8_b4xZo=]
[COT 2023-05-29 15:13:12] 76561198401795791: Spawned Entity Sewing Kit (SewingKit<54a74430>, 100, 50) at <5628.881836, 17.929123, 10036.065430>
[COT 2023-05-29 15:13:12] 76561198401795791: Spawned Entity Sewing Kit (SewingKit<54a7b2d0>, 100, 50) at <5628.881836, 17.929123, 10036.065430>
[COT 2023-05-29 15:13:13] 76561198401795791: Spawned Entity Sewing Kit (SewingKit<54a7bde0>, 100, 50) at <5628.881836, 17.929123, 10036.065430>
[COT 2023-05-29 15:15:09] 76561198401795791: Spawned Entity Combat Gloves (OMNOGloves_Gray<267e54f0>, -1, 180) at <5634.186523, 18.585455, 10032.686523>
[COT 2023-05-29 15:15:22] 76561198930893538: ESP: Clearing ESP
[COT 2023-05-29 15:15:22] 76561198930893538: ESP: Viewing ESP
[COT 2023-05-29 15:15:25] 76561198930893538: ESP: Clearing ESP
[COT 2023-05-29 15:15:25] 76561198930893538: ESP: Viewing ESP
[COT 2023-05-29 15:15:32] 76561198401795791: Spawned Entity Tactical Waist Pack (Msp_WaistPack_Base<e8b08d80>, -1, 100) at <5634.186523, 18.585455, 10032.686523>
[COT 2023-05-29 15:16:22] 76561198930893538: Spawned Entity Tactical Shirt (TacticalShirt_Olive<ecc50ca0>, -1, 90) at <5632.007324, 18.585484, 10034.823242>
[COT 2023-05-29 15:16:38] 76561198930893538: Spawned Entity Sewing Kit (SewingKit<ecc8b8f0>, 100, 50) at <5632.007324, 18.585484, 10034.823242>
[COT 2023-05-29 15:17:31] 76561198930893538: ESP: Clearing ESP
[COT 2023-05-29 15:17:31] 76561198930893538: ESP: Viewing ESP
[COT 2023-05-29 15:20:06] 76561198930893538: Spawned Entity EGD-5 Frag Grenade (RGD5Grenade<32202b00>, -1, 50) at <5752.913574, 16.288404, 9396.175781>
[COT 2023-05-29 15:20:34] 76561198930893538: Spawned Entity EGD-5 Frag Grenade (RGD5Grenade<32202b00>, -1, 50) at <5751.704102, 15.939018, 9396.277344>
[COT 2023-05-29 15:20:35] 76561198930893538: Spawned Entity EGD-5 Frag Grenade (RGD5Grenade<32212960>, -1, 50) at <5751.704102, 15.939018, 9396.277344>
[COT 2023-05-29 15:20:35] 76561198930893538: Spawned Entity EGD-5 Frag Grenade (RGD5Grenade<3220fb20>, -1, 50) at <5751.704102, 15.939018, 9396.277344>
[COT 2023-05-29 15:39:25] 76561198401795791: Set GodMode To true [guid=QjlZXS0Ark29Vwx4GPzro34d4Mh-vfgK6BY62FOJWUg=]
[COT 2023-05-29 15:39:26] 76561198401795791: Set cannot be targeted by AI to true [guid=QjlZXS0Ark29Vwx4GPzro34d4Mh-vfgK6BY62FOJWUg=]
[COT 2023-05-29 15:39:27] 76561198401795791: Set UnlimitedStamina To true [guid=QjlZXS0Ark29Vwx4GPzro34d4Mh-vfgK6BY62FOJWUg=]
[COT 2023-05-29 15:39:27] 76561198401795791: Set UnlimitedAmmo To true [guid=QjlZXS0Ark29Vwx4GPzro34d4Mh-vfgK6BY62FOJWUg=]
[COT 2023-05-29 15:39:32] 76561198401795791: Set Energy To 5000 [guid=QjlZXS0Ark29Vwx4GPzro34d4Mh-vfgK6BY62FOJWUg=]
[COT 2023-05-29 15:39:32] 76561198401795791: Set Water To 5000 [guid=QjlZXS0Ark29Vwx4GPzro34d4Mh-vfgK6BY62FOJWUg=]
[COT 2023-05-29 15:41:10] 76561198401795791: Spawned Entity Land Rover Defender (Expansion_Landrover<4de76e80>, -1, 3000) at <5687.844727, 21.901119, 10011.712891>
[COT 2023-05-29 15:43:38] 76561198401795791: ESP target=Expansion_Landrover_Orange:04696 position=<6692.548828, 13.555539, 10249.760742> action=delete
[COT 2023-05-29 15:44:17] 76561198401795791: Spawned Entity Mh-6 Little Bird (ExpansionMh6<517a47f0>, -1, 5000) at <6692.210938, 13.569777, 10253.116211>
[COT 2023-05-29 15:44:25] 76561198401795791: Entered the Free Camera
[COT 2023-05-29 15:44:28] 76561198401795791: Left the Free Camera
[COT 2023-05-29 15:46:50] 76561198401795791: ESP target=ExpansionMh6_Shadow:012495 position=<7401.967285, 30.627092, 10607.474609> action=delete
[COT 2023-05-29 15:49:00] 76561198401795791: Entered the Free Camera
[COT 2023-05-29 15:49:14] 76561198401795791: Left the Free Camera
[COT 2023-05-29 15:49:56] 76561198401795791: Spawned Entity Holster (PlateCarrierHolster<e7841490>, -1, 100) at <6866.729492, 22.175600, 9932.620117>
