[COT 2023-05-29 09:34:44] 76561198040010982: ESP: Viewing ESP
[COT 2023-05-29 09:35:17] 76561198040010982: ESP: Clearing ESP
[COT 2023-05-29 09:35:17] 76561198040010982: ESP: Viewing ESP
[COT 2023-05-29 09:35:23] 76561198040010982: ESP: Clearing ESP
[COT 2023-05-29 09:35:23] 76561198040010982: ESP: Viewing ESP
[COT 2023-05-29 09:35:29] 76561198040010982: ESP index=0 target=BarrelHoles_Red:08966 position=<6789.584961, 15.233853, 11693.984375> action=delete
[COT 2023-05-29 09:35:29] 76561198040010982: ESP action=delete_all count=1 attempted=1
[COT 2023-05-29 09:35:42] 76561198040010982: ESP: Clearing ESP
[COT 2023-05-29 09:35:46] 76561198040010982: Entered the Free Camera
[COT 2023-05-29 09:36:04] 76561198040010982: Left the Free Camera
[COT 2023-05-29 09:36:57] 76561198040010982: Entered the Free Camera
[COT 2023-05-29 09:37:17] 76561198040010982: Left the Free Camera
[COT 2023-05-29 09:38:08] 76561198040010982: ESP: Viewing ESP
[COT 2023-05-29 09:38:10] 76561198040010982: ESP index=0 target=BarrelHoles_Red:08449 position=<6324.229980, 20.677700, 9482.990234> action=delete
[COT 2023-05-29 09:38:10] 76561198040010982: ESP action=delete_all count=1 attempted=1
[COT 2023-05-29 09:38:13] 76561198040010982: ESP index=0 target=BarrelHoles_Red:08188 position=<6324.229980, 20.677700, 9482.990234> action=delete
[COT 2023-05-29 09:38:13] 76561198040010982: ESP action=delete_all count=1 attempted=1
[COT 2023-05-29 09:38:15] 76561198040010982: ESP index=0 target=BarrelHoles_Red:08250 position=<6324.229980, 20.677700, 9482.990234> action=delete
[COT 2023-05-29 09:38:15] 76561198040010982: ESP action=delete_all count=1 attempted=1
[COT 2023-05-29 09:38:16] 76561198040010982: ESP index=0 target=BarrelHoles_Red:08007 position=<6324.229980, 20.677700, 9482.990234> action=delete
[COT 2023-05-29 09:38:16] 76561198040010982: ESP action=delete_all count=1 attempted=1
[COT 2023-05-29 09:38:18] 76561198040010982: ESP index=0 target=BarrelHoles_Red:08372 position=<6324.229980, 20.677700, 9482.990234> action=delete
[COT 2023-05-29 09:38:18] 76561198040010982: ESP action=delete_all count=1 attempted=1
[COT 2023-05-29 09:38:19] 76561198040010982: ESP index=0 target=BarrelHoles_Red:08091 position=<6324.229980, 20.677700, 9482.990234> action=delete
[COT 2023-05-29 09:38:19] 76561198040010982: ESP action=delete_all count=1 attempted=1
[COT 2023-05-29 09:38:22] 76561198040010982: ESP index=0 target=BarrelHoles_Red:08373 position=<6323.390137, 20.688999, 9475.419922> action=delete
[COT 2023-05-29 09:38:22] 76561198040010982: ESP action=delete_all count=1 attempted=1
[COT 2023-05-29 09:38:23] 76561198040010982: ESP index=0 target=BarrelHoles_Red:08262 position=<6323.390137, 20.688999, 9475.419922> action=delete
[COT 2023-05-29 09:38:23] 76561198040010982: ESP action=delete_all count=1 attempted=1
[COT 2023-05-29 09:38:25] 76561198040010982: ESP index=0 target=BarrelHoles_Red:07963 position=<6323.390137, 20.688999, 9475.419922> action=delete
[COT 2023-05-29 09:38:25] 76561198040010982: ESP action=delete_all count=1 attempted=1
[COT 2023-05-29 09:38:26] 76561198040010982: ESP index=0 target=BarrelHoles_Red:07897 position=<6323.390137, 20.688999, 9475.419922> action=delete
[COT 2023-05-29 09:38:26] 76561198040010982: ESP action=delete_all count=1 attempted=1
[COT 2023-05-29 09:38:27] 76561198040010982: ESP index=0 target=BarrelHoles_Red:07981 position=<6323.390137, 20.688999, 9475.419922> action=delete
[COT 2023-05-29 09:38:27] 76561198040010982: ESP action=delete_all count=1 attempted=1
[COT 2023-05-29 09:38:28] 76561198040010982: ESP index=0 target=BarrelHoles_Red:08474 position=<6323.390137, 20.688999, 9475.419922> action=delete
[COT 2023-05-29 09:38:28] 76561198040010982: ESP action=delete_all count=1 attempted=1
[COT 2023-05-29 09:38:30] 76561198040010982: ESP index=0 target=BarrelHoles_Red:07953 position=<6323.390137, 20.688999, 9475.419922> action=delete
[COT 2023-05-29 09:38:30] 76561198040010982: ESP action=delete_all count=1 attempted=1
[COT 2023-05-29 09:38:31] 76561198040010982: ESP index=0 target=BarrelHoles_Red:08494 position=<6323.390137, 20.688999, 9475.419922> action=delete
[COT 2023-05-29 09:38:31] 76561198040010982: ESP action=delete_all count=1 attempted=1
[COT 2023-05-29 09:38:32] 76561198040010982: ESP index=0 target=BarrelHoles_Red:08210 position=<6323.390137, 20.688999, 9475.419922> action=delete
[COT 2023-05-29 09:38:32] 76561198040010982: ESP action=delete_all count=1 attempted=1
[COT 2023-05-29 09:38:33] 76561198040010982: ESP index=0 target=BarrelHoles_Red:07996 position=<6323.390137, 20.688999, 9475.419922> action=delete
[COT 2023-05-29 09:38:33] 76561198040010982: ESP action=delete_all count=1 attempted=1
[COT 2023-05-29 09:38:35] 76561198040010982: ESP index=0 target=BarrelHoles_Red:07852 position=<6323.390137, 20.688999, 9475.419922> action=delete
[COT 2023-05-29 09:38:35] 76561198040010982: ESP action=delete_all count=1 attempted=1
[COT 2023-05-29 09:38:39] 76561198040010982: ESP index=0 target=BarrelHoles_Red:08453 position=<6324.229980, 20.677700, 9482.990234> action=delete
[COT 2023-05-29 09:38:39] 76561198040010982: ESP index=1 target=BarrelHoles_Red:08637 position=<6323.390137, 20.688999, 9475.419922> action=delete
[COT 2023-05-29 09:38:39] 76561198040010982: ESP action=delete_all count=2 attempted=2
[COT 2023-05-29 09:38:41] 76561198040010982: ESP index=0 target=BarrelHoles_Red:08208 position=<6324.229980, 20.677700, 9482.990234> action=delete
[COT 2023-05-29 09:38:41] 76561198040010982: ESP index=1 target=BarrelHoles_Red:08172 position=<6323.390137, 20.688999, 9475.419922> action=delete
[COT 2023-05-29 09:38:41] 76561198040010982: ESP action=delete_all count=2 attempted=2
[COT 2023-05-29 09:38:44] 76561198040010982: ESP index=0 target=BarrelHoles_Red:08032 position=<6324.229980, 20.677700, 9482.990234> action=delete
[COT 2023-05-29 09:38:44] 76561198040010982: ESP action=delete_all count=1 attempted=1
[COT 2023-05-29 09:38:46] 76561198040010982: ESP index=0 target=BarrelHoles_Red:07899 position=<6323.390137, 20.688999, 9475.419922> action=delete
[COT 2023-05-29 09:38:46] 76561198040010982: ESP index=1 target=BarrelHoles_Red:07870 position=<6324.229980, 20.677700, 9482.990234> action=delete
[COT 2023-05-29 09:38:46] 76561198040010982: ESP action=delete_all count=2 attempted=2
[COT 2023-05-29 09:38:48] 76561198040010982: ESP index=0 target=BarrelHoles_Red:08647 position=<6323.390137, 20.688999, 9475.419922> action=delete
[COT 2023-05-29 09:38:48] 76561198040010982: ESP index=1 target=BarrelHoles_Red:08173 position=<6324.229980, 20.677700, 9482.990234> action=delete
[COT 2023-05-29 09:38:48] 76561198040010982: ESP action=delete_all count=2 attempted=2
[COT 2023-05-29 09:38:50] 76561198040010982: ESP index=0 target=BarrelHoles_Red:08043 position=<6324.229980, 20.677700, 9482.990234> action=delete
[COT 2023-05-29 09:38:50] 76561198040010982: ESP action=delete_all count=1 attempted=1
[COT 2023-05-29 09:38:53] 76561198040010982: ESP index=0 target=BarrelHoles_Red:07986 position=<6324.229980, 20.677700, 9482.990234> action=delete
[COT 2023-05-29 09:38:53] 76561198040010982: ESP action=delete_all count=1 attempted=1
[COT 2023-05-29 09:38:55] 76561198040010982: ESP index=0 target=BarrelHoles_Red:08013 position=<6324.229980, 20.677700, 9482.990234> action=delete
[COT 2023-05-29 09:38:55] 76561198040010982: ESP action=delete_all count=1 attempted=1
[COT 2023-05-29 09:38:56] 76561198040010982: ESP index=0 target=BarrelHoles_Red:07928 position=<6324.229980, 20.677700, 9482.990234> action=delete
[COT 2023-05-29 09:38:56] 76561198040010982: ESP action=delete_all count=1 attempted=1
[COT 2023-05-29 09:39:14] 76561198040010982: ESP index=0 target=ExpansionUh1h_Uber:012262 position=<6317.467285, 20.724596, 9492.208008> action=delete
[COT 2023-05-29 09:39:14] 76561198040010982: ESP action=delete_all count=1 attempted=1
[COT 2023-05-29 09:46:49] 76561198040010982: Teleported to position <1220.153931, 2.000000, 11844.161133>
[COT 2023-05-29 09:48:42] 76561198040010982: Entered the Free Camera
[COT 2023-05-29 09:48:53] 76561198040010982: Left the Free Camera
[COT 2023-05-29 09:56:37] 76561198040010982: Entered the Free Camera
[COT 2023-05-29 09:57:52] 76561198040010982: Left the Free Camera
[COT 2023-05-29 09:58:03] 76561198040010982: Teleported to position <5222.877930, 32.237118, 8613.408203>
[COT 2023-05-29 09:58:12] 76561198040010982: Teleported to position <4165.771973, 390.260254, 6631.321777>
[COT 2023-05-29 09:58:16] 76561198040010982: Teleported to position <4510.718262, 129.901047, 7153.428711>
[COT 2023-05-29 09:58:31] 76561198040010982: Teleported to position <6711.319824, 15.000000, 11221.298828>
[COT 2023-05-29 09:58:33] 76561198040010982: Entered the Free Camera
[COT 2023-05-29 09:58:35] 76561198040010982: Left the Free Camera
[COT 2023-05-29 09:58:39] 76561198040010982: Entered the Free Camera
[COT 2023-05-29 09:58:48] 76561198040010982: Left the Free Camera
[COT 2023-05-29 10:00:00] 76561198040010982: Set GodMode To true [guid=8vtfObsTQABYXpVHaEsAuZ5QTEAjCvC2a-AZwd4E5dw=]
[COT 2023-05-29 10:00:08] 76561198040010982: Set Reputation To 100 [guid=8vtfObsTQABYXpVHaEsAuZ5QTEAjCvC2a-AZwd4E5dw=]
[COT 2023-05-29 10:03:10] 76561198040010982: ESP: Clearing ESP
[COT 2023-05-29 10:07:28] 76561198040010982: Spawned Entity Infected (ZmbF_Runner_Base<6155f8e0>, -1, 50) at <6633.104492, 15.039999, 11289.619141>
[COT 2023-05-29 10:07:54] 76561198040010982: Entered the Free Camera
[COT 2023-05-29 10:08:04] 76561198040010982: Left the Free Camera
[COT 2023-05-29 10:08:18] 76561198040010982: Set the date to 2011/12/12 12:0
[COT 2023-05-29 10:08:19] 76561198040010982: Set rain to 0 0 0
[COT 2023-05-29 10:08:19] 76561198040010982: Set storm to 0 0.8 4000
[COT 2023-05-29 10:08:19] 76561198040010982: Set fog to 0 0 0
[COT 2023-05-29 10:08:19] 76561198040010982: Set overcast to 0 0 0
[COT 2023-05-29 10:08:19] 76561198040010982: Set wind to 0 0 1
[COT 2023-05-29 10:08:21] 76561198040010982: Set rain to 0 0 0
[COT 2023-05-29 10:08:21] 76561198040010982: Set storm to 0 0.8 4000
[COT 2023-05-29 10:08:21] 76561198040010982: Set fog to 0 0 0
[COT 2023-05-29 10:08:21] 76561198040010982: Set overcast to 0 0 0
[COT 2023-05-29 10:08:21] 76561198040010982: Set the date to 2011/12/12 12:0
[COT 2023-05-29 10:08:21] 76561198040010982: Set wind to 0 0 1
[COT 2023-05-29 10:16:19] 76561198040010982: Entered the Free Camera
