[COT 2023-06-02 20:20:28] 76561198040010982: Set the date to 2011/12/6 12:0
[COT 2023-06-02 20:20:38] 76561198040010982: Spawned Entity Velcro Patch (FFY_Velcro_Patch_FFY<4f893780>, -1, 250) at <8560.874023, 15.932184, 10515.370117>
[COT 2023-06-02 20:20:38] 76561198040010982: Spawned Entity Velcro Patch (FFY_Velcro_Patch_FFY<4f88d3f0>, -1, 250) at <8560.874023, 15.932184, 10515.370117>
[COT 2023-06-02 20:20:40] 76561198040010982: Spawned Entity Velcro Patch (FFY_Velcro_Patch_VT<4f894290>, -1, 250) at <8560.874023, 15.932184, 10515.370117>
[COT 2023-06-02 20:20:40] 76561198040010982: Spawned Entity Velcro Patch (FFY_Velcro_Patch_VT<4f8958b0>, -1, 250) at <8560.874023, 15.932184, 10515.370117>
[COT 2023-06-02 20:20:41] 76561198040010982: Spawned Entity Velcro Patch (FFY_Velcro_Patch_DK<4f8963c0>, -1, 250) at <8560.874023, 15.932184, 10515.370117>
[COT 2023-06-02 20:20:41] 76561198040010982: Spawned Entity Velcro Patch (FFY_Velcro_Patch_DK<4f896ed0>, -1, 250) at <8560.874023, 15.932184, 10515.370117>
[COT 2023-06-02 21:44:08] 76561198040010982: Teleported to position <6803.671387, 15.000000, 11661.271484>
[COT 2023-06-02 21:44:16] 76561198040010982: Set GodMode To true [guid=8vtfObsTQABYXpVHaEsAuZ5QTEAjCvC2a-AZwd4E5dw=]
[COT 2023-06-02 21:44:17] 76561198040010982: Set Invisibility To 1 [guid=8vtfObsTQABYXpVHaEsAuZ5QTEAjCvC2a-AZwd4E5dw=]
[COT 2023-06-02 21:44:17] 76561198040010982: Set cannot be targeted by AI to true [guid=8vtfObsTQABYXpVHaEsAuZ5QTEAjCvC2a-AZwd4E5dw=]
[COT 2023-06-02 21:51:05] 76561198040010982: Healed [guid=UZN5tGltNt75yakvnHMBRC6DCs3uZE5B00cvrHgEpog=]
[COT 2023-06-02 21:51:06] 76561198040010982: Healed [guid=UZN5tGltNt75yakvnHMBRC6DCs3uZE5B00cvrHgEpog=]
[COT 2023-06-02 21:51:42] 76561198040010982: Set the date to 2011/12/6 12:0
[COT 2023-06-02 21:51:46] 76561198040010982: Set rain to 0 0 0
[COT 2023-06-02 21:51:46] 76561198040010982: Set storm to 0 0.8 4000
[COT 2023-06-02 21:51:46] 76561198040010982: Set fog to 0 0 0
[COT 2023-06-02 21:51:46] 76561198040010982: Set overcast to 0 0 0
[COT 2023-06-02 21:51:46] 76561198040010982: Set wind to 0 0 1
[COT 2023-06-02 21:51:46] 76561198040010982: Set rain to 0 0 0
[COT 2023-06-02 21:51:46] 76561198040010982: Set storm to 0 0.8 4000
[COT 2023-06-02 21:51:46] 76561198040010982: Set fog to 0 0 0
[COT 2023-06-02 21:51:46] 76561198040010982: Set overcast to 0 0 0
[COT 2023-06-02 21:51:46] 76561198040010982: Set wind to 0 0 1
[COT 2023-06-02 21:51:47] 76561198040010982: Set rain to 0 0 0
[COT 2023-06-02 21:51:47] 76561198040010982: Set storm to 0 0.8 4000
[COT 2023-06-02 21:51:47] 76561198040010982: Set fog to 0 0 0
[COT 2023-06-02 21:51:47] 76561198040010982: Set overcast to 0 0 0
[COT 2023-06-02 21:51:47] 76561198040010982: Set the date to 2011/12/6 12:0
[COT 2023-06-02 21:51:47] 76561198040010982: Set wind to 0 0 1
[COT 2023-06-02 21:51:57] 76561198040010982: Teleported to position <7276.047363, 45.480000, 10554.727539>
[COT 2023-06-02 21:53:11] 76561198040010982: Spawned Entity UWU Grenade (FFY_UWUSound_Grenade<5052cb80>, -1, 50) at <7298.720703, 45.493435, 10551.875977>
[COT 2023-06-02 21:53:39] 76561198040010982: Spawned Entity Magnum_DK (SNAFUMagnum500_Base<4edd8590>, -1, 200) at <7299.913574, 45.495907, 10552.216797>
[COT 2023-06-02 21:54:11] 76561198040010982: Spawned Entity Alligator Dino (SNAFUAlligator_Base<4edd5550>, -1, 300) at <7301.660156, 45.497173, 10551.282227>
[COT 2023-06-02 21:56:29] 76561198040010982: Healed [guid=UZN5tGltNt75yakvnHMBRC6DCs3uZE5B00cvrHgEpog=]
[COT 2023-06-02 21:56:29] 76561198040010982: Healed [guid=UZN5tGltNt75yakvnHMBRC6DCs3uZE5B00cvrHgEpog=]
[COT 2023-06-02 21:58:54] 76561198040010982: Teleported to position <4866.353027, 13.104698, 10897.392578>
[COT 2023-06-02 22:01:54] 76561198040010982: Teleported to position <7655.106445, 71.863174, 8778.125000>
[COT 2023-06-02 22:15:21] 76561198040010982: Teleported to <6833.604492, 15.890699, 11242.640625> [guid=UZN5tGltNt75yakvnHMBRC6DCs3uZE5B00cvrHgEpog=]
[COT 2023-06-02 22:15:21] 76561198040010982: Teleported to <6833.290039, 15.891106, 11242.597656> [guid=UZN5tGltNt75yakvnHMBRC6DCs3uZE5B00cvrHgEpog=]
[COT 2023-06-02 22:15:26] 76561198040010982: Healed [guid=8vtfObsTQABYXpVHaEsAuZ5QTEAjCvC2a-AZwd4E5dw=]
[COT 2023-06-02 22:15:26] 76561198040010982: Healed [guid=8vtfObsTQABYXpVHaEsAuZ5QTEAjCvC2a-AZwd4E5dw=]
[COT 2023-06-02 22:15:34] 76561198040010982: Entered the Free Camera
[COT 2023-06-02 22:15:51] 76561198040010982: Teleported [guid=UZN5tGltNt75yakvnHMBRC6DCs3uZE5B00cvrHgEpog=] to <8584.094727, 20.004559, 10502.958008>
[COT 2023-06-02 22:15:51] 76561198040010982: Teleported [guid=UZN5tGltNt75yakvnHMBRC6DCs3uZE5B00cvrHgEpog=] to <8584.094727, 20.004559, 10502.958008>
[COT 2023-06-02 22:15:55] 76561198040010982: Left the Free Camera
[COT 2023-06-02 22:16:06] 76561198040010982: Set GodMode To false [guid=8vtfObsTQABYXpVHaEsAuZ5QTEAjCvC2a-AZwd4E5dw=]
[COT 2023-06-02 22:16:06] 76561198040010982: Set remove collision to false [guid=8vtfObsTQABYXpVHaEsAuZ5QTEAjCvC2a-AZwd4E5dw=]
[COT 2023-06-02 22:16:08] 76561198040010982: Set Invisibility To 0 [guid=8vtfObsTQABYXpVHaEsAuZ5QTEAjCvC2a-AZwd4E5dw=]
[COT 2023-06-02 22:16:10] 76561198040010982: Set GodMode To true [guid=8vtfObsTQABYXpVHaEsAuZ5QTEAjCvC2a-AZwd4E5dw=]
[COT 2023-06-02 22:17:27] 76561198040010982: Entered the Free Camera
[COT 2023-06-02 22:17:59] 76561198040010982: Left the Free Camera
[COT 2023-06-02 22:18:05] 76561198040010982: Teleported 8vtfObsTQABYXpVHaEsAuZ5QTEAjCvC2a-AZwd4E5dw= to (Local | C-130J Mohawk, <3191.643066, 116.695717, 7536.226074>)
[COT 2023-06-02 22:18:16] 76561198040010982: Teleported [guid=UZN5tGltNt75yakvnHMBRC6DCs3uZE5B00cvrHgEpog=] to <3214.170654, 121.481728, 7534.689453>
[COT 2023-06-02 22:18:22] 76561198040010982: Set GodMode To true [guid=UZN5tGltNt75yakvnHMBRC6DCs3uZE5B00cvrHgEpog=]
[COT 2023-06-02 22:18:27] 76561198040010982: Set cannot be targeted by AI to true [guid=UZN5tGltNt75yakvnHMBRC6DCs3uZE5B00cvrHgEpog=]
[COT 2023-06-02 22:18:30] 76561198040010982: Set cannot be targeted by AI to true [guid=8vtfObsTQABYXpVHaEsAuZ5QTEAjCvC2a-AZwd4E5dw=]
[COT 2023-06-02 22:20:16] 76561198040010982: Spawned Entity .408 CheyTac (GCGN_Ammo_408Chey<e6f5c240>, 1, 100) at <3188.977539, 118.246498, 7509.529297>
[COT 2023-06-02 22:20:16] 76561198040010982: Spawned Entity .408 CheyTac (GCGN_Ammo_408Chey<e6f630e0>, 1, 100) at <3188.977539, 118.246498, 7509.529297>
[COT 2023-06-02 22:20:16] 76561198040010982: Spawned Entity .408 CheyTac (GCGN_Ammo_408Chey<e6f65210>, 1, 100) at <3188.977539, 118.246498, 7509.529297>
[COT 2023-06-02 22:20:16] 76561198040010982: Spawned Entity .408 CheyTac (GCGN_Ammo_408Chey<e6f5ee80>, 1, 100) at <3188.977539, 118.246498, 7509.529297>
[COT 2023-06-02 22:20:16] 76561198040010982: Spawned Entity .408 CheyTac (GCGN_Ammo_408Chey<e6f67e50>, 1, 100) at <3188.977539, 118.246498, 7509.529297>
[COT 2023-06-02 22:20:16] 76561198040010982: Spawned Entity .408 CheyTac (GCGN_Ammo_408Chey<e6f68960>, 1, 100) at <3188.977539, 118.246498, 7509.529297>
[COT 2023-06-02 22:21:32] 76561198040010982: Spawned Entity M300 Mag (SNAFU_M300Mag<ec35ceb0>, 1, 100) at <3190.078613, 118.249054, 7509.110840>
[COT 2023-06-02 22:22:54] 76561198040010982: Entered the Free Camera
[COT 2023-06-02 22:23:23] 76561198040010982: Left the Free Camera
[COT 2023-06-02 22:23:52] 76561198040010982: Teleported to position <8594.195313, 14.720000, 10520.661133>
[COT 2023-06-02 22:23:58] 76561198040010982: Teleported [guid=UZN5tGltNt75yakvnHMBRC6DCs3uZE5B00cvrHgEpog=] to <8595.551758, 14.732427, 10515.845703>
[COT 2023-06-03 02:06:06] 76561199176957808: Spawned Entity Hryvnia Banknotes Stack (ExpansionBanknoteHryvnia<51939070>, 50000, 100) at <5229.804688, 35.683628, 8589.439453>
[COT 2023-06-03 02:06:06] 76561199176957808: Spawned Entity Hryvnia Banknotes Stack (ExpansionBanknoteHryvnia<51939b80>, 50000, 100) at <5229.804688, 35.683628, 8589.439453>
[COT 2023-06-03 02:06:06] 76561199176957808: Spawned Entity Hryvnia Banknotes Stack (ExpansionBanknoteHryvnia<51934e10>, 50000, 100) at <5229.804688, 35.683628, 8589.439453>
[COT 2023-06-03 02:06:06] 76561199176957808: Spawned Entity Hryvnia Banknotes Stack (ExpansionBanknoteHryvnia<51935920>, 50000, 100) at <5229.804688, 35.683628, 8589.439453>
[COT 2023-06-03 02:06:07] 76561199176957808: Spawned Entity Hryvnia Banknotes Stack (ExpansionBanknoteHryvnia<5193b1a0>, 50000, 100) at <5229.804688, 35.683628, 8589.439453>
[COT 2023-06-03 02:06:07] 76561199176957808: Spawned Entity Hryvnia Banknotes Stack (ExpansionBanknoteHryvnia<5193c7c0>, 50000, 100) at <5229.804688, 35.683628, 8589.439453>
[COT 2023-06-03 02:06:07] 76561199176957808: Spawned Entity Hryvnia Banknotes Stack (ExpansionBanknoteHryvnia<51936430>, 50000, 100) at <5229.804688, 35.683628, 8589.439453>
[COT 2023-06-03 02:06:07] 76561199176957808: Spawned Entity Hryvnia Banknotes Stack (ExpansionBanknoteHryvnia<5193ff10>, 50000, 100) at <5229.804688, 35.683628, 8589.439453>
[COT 2023-06-03 02:06:08] 76561199176957808: Spawned Entity Hryvnia Banknotes Stack (ExpansionBanknoteHryvnia<e77b6b70>, 50000, 100) at <5229.804688, 35.683628, 8589.439453>
[COT 2023-06-03 02:06:08] 76561199176957808: Spawned Entity Hryvnia Banknotes Stack (ExpansionBanknoteHryvnia<e77be520>, 50000, 100) at <5229.804688, 35.683628, 8589.439453>
[COT 2023-06-03 02:06:08] 76561199176957808: Spawned Entity Hryvnia Banknotes Stack (ExpansionBanknoteHryvnia<e77b8190>, 50000, 100) at <5229.804688, 35.683628, 8589.439453>
[COT 2023-06-03 02:06:08] 76561199176957808: Spawned Entity Hryvnia Banknotes Stack (ExpansionBanknoteHryvnia<e77c8000>, 50000, 100) at <5229.804688, 35.683628, 8589.439453>
[COT 2023-06-03 02:06:08] 76561199176957808: Spawned Entity Hryvnia Banknotes Stack (ExpansionBanknoteHryvnia<e77c8b10>, 50000, 100) at <5229.804688, 35.683628, 8589.439453>
[COT 2023-06-03 02:06:09] 76561199176957808: Spawned Entity Hryvnia Banknotes Stack (ExpansionBanknoteHryvnia<e77c3da0>, 50000, 100) at <5229.804688, 35.683628, 8589.439453>
[COT 2023-06-03 02:06:09] 76561199176957808: Spawned Entity Hryvnia Banknotes Stack (ExpansionBanknoteHryvnia<e77c9620>, 50000, 100) at <5229.804688, 35.683628, 8589.439453>
[COT 2023-06-03 02:06:09] 76561199176957808: Spawned Entity Hryvnia Banknotes Stack (ExpansionBanknoteHryvnia<e77c3290>, 50000, 100) at <5229.804688, 35.683628, 8589.439453>
[COT 2023-06-03 02:06:09] 76561199176957808: Spawned Entity Hryvnia Banknotes Stack (ExpansionBanknoteHryvnia<e77d1ae0>, 50000, 100) at <5229.804688, 35.683628, 8589.439453>
[COT 2023-06-03 02:06:09] 76561199176957808: Spawned Entity Hryvnia Banknotes Stack (ExpansionBanknoteHryvnia<e77cb750>, 50000, 100) at <5229.804688, 35.683628, 8589.439453>
[COT 2023-06-03 02:06:10] 76561199176957808: Spawned Entity Hryvnia Banknotes Stack (ExpansionBanknoteHryvnia<e77ce390>, 50000, 100) at <5229.804688, 35.683628, 8589.439453>
[COT 2023-06-03 02:06:10] 76561199176957808: Spawned Entity Hryvnia Banknotes Stack (ExpansionBanknoteHryvnia<e77d5230>, 50000, 100) at <5229.804688, 35.683628, 8589.439453>
[COT 2023-06-03 02:06:10] 76561199176957808: Spawned Entity Hryvnia Banknotes Stack (ExpansionBanknoteHryvnia<e77d5d40>, 50000, 100) at <5229.804688, 35.683628, 8589.439453>
[COT 2023-06-03 02:06:11] 76561199176957808: Spawned Entity Hryvnia Banknotes Stack (ExpansionBanknoteHryvnia<e77d25f0>, 50000, 100) at <5229.804688, 35.683628, 8589.439453>
[COT 2023-06-03 02:06:11] 76561199176957808: Spawned Entity Hryvnia Banknotes Stack (ExpansionBanknoteHryvnia<e77cf9b0>, 50000, 100) at <5229.804688, 35.683628, 8589.439453>
[COT 2023-06-03 02:06:11] 76561199176957808: Spawned Entity Hryvnia Banknotes Stack (ExpansionBanknoteHryvnia<e77d6850>, 50000, 100) at <5229.804688, 35.683628, 8589.439453>
[COT 2023-06-03 02:06:11] 76561199176957808: Spawned Entity Hryvnia Banknotes Stack (ExpansionBanknoteHryvnia<e77d04c0>, 50000, 100) at <5229.804688, 35.683628, 8589.439453>
[COT 2023-06-03 02:06:12] 76561199176957808: Spawned Entity Hryvnia Banknotes Stack (ExpansionBanknoteHryvnia<e77d7e70>, 50000, 100) at <5229.804688, 35.683628, 8589.439453>
[COT 2023-06-03 02:06:12] 76561199176957808: Spawned Entity Hryvnia Banknotes Stack (ExpansionBanknoteHryvnia<e77d9490>, 50000, 100) at <5229.804688, 35.683628, 8589.439453>
[COT 2023-06-03 02:06:12] 76561199176957808: Spawned Entity Hryvnia Banknotes Stack (ExpansionBanknoteHryvnia<e77e7ce0>, 50000, 100) at <5229.804688, 35.683628, 8589.439453>
[COT 2023-06-03 02:08:50] 76561199176957808: Teleported to position <8575.434570, 14.784672, 10489.528320>
[COT 2023-06-03 02:10:31] 76561199176957808: Teleported to position <5221.801270, 35.946518, 8633.753906>
[COT 2023-06-03 02:11:40] 76561199176957808: ESP: Viewing ESP
[COT 2023-06-03 02:11:43] 76561199176957808: ESP: Clearing ESP
[COT 2023-06-03 02:11:47] 76561199176957808: ESP: ESP updating
[COT 2023-06-03 02:20:43] 76561199176957808: Set UnlimitedAmmo To true [guid=zhJxvJUIQcTeCgEZ3Xhlvc_WjNMgSdId2I-HV3Jo6tA=]
[COT 2023-06-03 02:20:46] 76561199176957808: Set GodMode To true [guid=zhJxvJUIQcTeCgEZ3Xhlvc_WjNMgSdId2I-HV3Jo6tA=]
[COT 2023-06-03 02:31:03] 76561199176957808: Set UnlimitedAmmo To false [guid=zhJxvJUIQcTeCgEZ3Xhlvc_WjNMgSdId2I-HV3Jo6tA=]
[COT 2023-06-03 02:31:03] 76561199176957808: Set GodMode To false [guid=zhJxvJUIQcTeCgEZ3Xhlvc_WjNMgSdId2I-HV3Jo6tA=]
[COT 2023-06-03 02:31:30] 76561199176957808: Entered the Free Camera
[COT 2023-06-03 02:32:15] 76561199176957808: Left the Free Camera
[COT 2023-06-03 02:34:48] 76561199176957808: ESP: ESP updating
[COT 2023-06-03 02:35:26] 76561198930893538: ESP: Viewing ESP
[COT 2023-06-03 02:36:34] 76561198930893538: Set GodMode To true [guid=QOVCOk5flZ8LlxY_vIXEUxFpj4R6rL-wr-TF8_b4xZo=]
[COT 2023-06-03 02:36:35] 76561198930893538: Set UnlimitedStamina To true [guid=QOVCOk5flZ8LlxY_vIXEUxFpj4R6rL-wr-TF8_b4xZo=]
[COT 2023-06-03 02:36:36] 76561198930893538: Set UnlimitedAmmo To true [guid=QOVCOk5flZ8LlxY_vIXEUxFpj4R6rL-wr-TF8_b4xZo=]
[COT 2023-06-03 02:36:39] 76561198930893538: Teleported to <5556.651855, 40.583996, 9590.113281> [guid=zhJxvJUIQcTeCgEZ3Xhlvc_WjNMgSdId2I-HV3Jo6tA=]
[COT 2023-06-03 02:36:44] 76561198930893538: ESP: Clearing ESP
[COT 2023-06-03 02:36:45] 76561198930893538: ESP: Viewing ESP
[COT 2023-06-03 02:37:34] 76561198930893538: Spawned Entity Velcro Patch (FFY_Velcro_Patch_VT<4d23e0c0>, -1, 250) at <5486.680176, 39.773018, 9680.871094>
[COT 2023-06-03 02:38:14] 76561199176957808: Spawned Entity Velcro Patch (FFY_Velcro_Patch_DK<eac46dd0>, -1, 250) at <5487.075195, 39.304138, 9682.712891>
[COT 2023-06-03 02:38:23] 76561198930893538: ESP: Clearing ESP
[COT 2023-06-03 02:38:23] 76561198930893538: ESP: Viewing ESP
[COT 2023-06-03 02:39:33] 76561198930893538: Entered the Free Camera
[COT 2023-06-03 02:40:36] 76561198930893538: Left the Free Camera
[COT 2023-06-03 02:40:40] 76561198930893538: ESP: Clearing ESP
[COT 2023-06-03 02:40:40] 76561198930893538: ESP: Viewing ESP
[COT 2023-06-03 02:40:40] 76561199176957808: Teleported to <6734.460938, 58.116787, 11380.297852> [guid=QOVCOk5flZ8LlxY_vIXEUxFpj4R6rL-wr-TF8_b4xZo=]
[COT 2023-06-03 02:41:16] 76561198930893538: Teleported to position <4519.749023, 54.099354, 8019.558594>
[COT 2023-06-03 02:41:22] 76561198930893538: ESP: Clearing ESP
[COT 2023-06-03 02:41:22] 76561198930893538: ESP: Viewing ESP
[COT 2023-06-03 02:41:53] 76561199176957808: Teleported to position <7588.720703, 76.204109, 8694.707031>
[COT 2023-06-03 02:41:56] 76561198930893538: Teleported to position <7800.496094, 51.930996, 8803.234375>
[COT 2023-06-03 02:42:00] 76561198930893538: ESP: Clearing ESP
[COT 2023-06-03 02:42:00] 76561198930893538: ESP: Viewing ESP
[COT 2023-06-03 02:42:16] 76561199176957808: Teleported to position <4951.541504, 39.885303, 6379.926270>
[COT 2023-06-03 02:42:16] 76561198930893538: Teleported to position <7360.392090, 220.845581, 7022.200684>
[COT 2023-06-03 02:42:19] 76561198930893538: ESP: Clearing ESP
[COT 2023-06-03 02:42:20] 76561198930893538: ESP: Viewing ESP
[COT 2023-06-03 02:42:32] 76561199176957808: ESP: Clearing ESP
[COT 2023-06-03 02:42:34] 76561199176957808: ESP: ESP updating
[COT 2023-06-03 02:43:04] 76561198930893538: Teleported to position <4161.206543, 330.980469, 6427.320313>
[COT 2023-06-03 02:43:07] 76561198930893538: ESP: Clearing ESP
[COT 2023-06-03 02:43:07] 76561198930893538: ESP: Viewing ESP
[COT 2023-06-03 02:43:08] 76561199176957808: Teleported to position <3632.434570, 53.000000, 7280.141602>
[COT 2023-06-03 02:43:15] 76561198930893538: ESP: Clearing ESP
[COT 2023-06-03 02:43:25] 76561198930893538: Teleported to position <7188.752930, 113.033562, 6423.300293>
[COT 2023-06-03 02:43:28] 76561198930893538: ESP: Viewing ESP
[COT 2023-06-03 02:43:28] 76561198930893538: ESP: Clearing ESP
[COT 2023-06-03 02:43:32] 76561198930893538: ESP: Viewing ESP
[COT 2023-06-03 02:43:36] 76561199176957808: Teleported to position <6650.884766, 9.341619, 9954.656250>
[COT 2023-06-03 02:43:58] 76561198930893538: Teleported to position <5351.737793, 45.259327, 10889.114258>
[COT 2023-06-03 02:44:01] 76561198930893538: ESP: Clearing ESP
[COT 2023-06-03 02:44:01] 76561198930893538: ESP: Viewing ESP
[COT 2023-06-03 02:44:18] 76561199176957808: Teleported to position <7062.419922, 7.189165, 11804.518555>
[COT 2023-06-03 02:44:36] 76561198930893538: Teleported to position <4420.044922, 81.145065, 9271.611328>
[COT 2023-06-03 02:44:39] 76561198930893538: ESP: Clearing ESP
[COT 2023-06-03 02:44:39] 76561198930893538: ESP: Viewing ESP
[COT 2023-06-03 02:45:03] 76561199176957808: Teleported to position <5753.283203, 36.481747, 7525.444824>
[COT 2023-06-03 02:45:06] 76561198930893538: Teleported to position <5225.480469, 32.188423, 8613.060547>
[COT 2023-06-03 02:45:25] 76561199176957808: Teleported to position <5088.162598, 67.151962, 8983.481445>
[COT 2023-06-03 02:45:45] 76561198930893538: Teleported to position <5221.629395, 35.298054, 8629.796875>
[COT 2023-06-03 03:07:51] 76561198930893538: ESP: Viewing ESP
[COT 2023-06-03 03:07:59] 76561198930893538: ESP: Clearing ESP
