[COT 2023-06-01 11:06:46] 76561198040010982: Spawned Entity Gold Bar (ExpansionGoldBar<d8769fd0>, 1, 100) at <8568.961914, 15.939291, 10514.291016>
[COT 2023-06-01 11:07:05] 76561198040010982: ESP: Viewing ESP
[COT 2023-06-01 11:07:10] 76561198040010982: ESP: Clearing ESP
[COT 2023-06-01 11:07:10] 76561198040010982: ESP: Viewing ESP
[COT 2023-06-01 11:07:22] 76561198040010982: Entered the Free Camera
[COT 2023-06-01 11:07:34] 76561198040010982: Left the Free Camera
[COT 2023-06-01 11:07:50] 76561198040010982: ESP: Clearing ESP
[COT 2023-06-01 11:07:51] 76561198040010982: ESP: Viewing ESP
[COT 2023-06-01 11:08:06] 76561198040010982: ESP: Clearing ESP
[COT 2023-06-01 11:08:07] 76561198040010982: ESP: Viewing ESP
[COT 2023-06-01 11:08:29] 76561198040010982: Entered the Free Camera
[COT 2023-06-01 11:08:42] 76561198040010982: Left the Free Camera
[COT 2023-06-01 11:10:01] 76561198040010982: Set GodMode To true [guid=8vtfObsTQABYXpVHaEsAuZ5QTEAjCvC2a-AZwd4E5dw=]
[COT 2023-06-01 11:10:02] 76561198040010982: Set cannot be targeted by AI to true [guid=8vtfObsTQABYXpVHaEsAuZ5QTEAjCvC2a-AZwd4E5dw=]
[COT 2023-06-01 11:10:04] 76561198040010982: Healed [guid=8vtfObsTQABYXpVHaEsAuZ5QTEAjCvC2a-AZwd4E5dw=]
[COT 2023-06-01 11:10:04] 76561198040010982: Healed [guid=8vtfObsTQABYXpVHaEsAuZ5QTEAjCvC2a-AZwd4E5dw=]
[COT 2023-06-01 11:10:19] 76561198040010982: Entered the Free Camera
[COT 2023-06-01 11:10:28] 76561198040010982: Left the Free Camera
[COT 2023-06-01 11:10:37] 76561198040010982: Entered the Free Camera
[COT 2023-06-01 11:10:50] 76561198040010982: Left the Free Camera
[COT 2023-06-01 11:11:10] 76561198040010982: Entered the Free Camera
[COT 2023-06-01 11:11:19] 76561198040010982: Left the Free Camera
[COT 2023-06-01 11:13:52] 76561198040010982: Teleported to position <5200.955078, 8.283711, 5677.932617>
[COT 2023-06-01 11:14:01] 76561198040010982: Teleported to position <5720.334473, 5.231386, 5413.536621>
[COT 2023-06-01 11:14:12] 76561198040010982: Teleported to position <2180.647705, 3.896145, 5766.004395>
[COT 2023-06-01 11:14:40] 76561198040010982: Spawned Entity Firefighter Axe (FirefighterAxe<d6dcdaf0>, -1, 250) at <2264.104004, 10.632511, 5776.615723>
[COT 2023-06-01 11:14:50] 76561198040010982: Teleported 8vtfObsTQABYXpVHaEsAuZ5QTEAjCvC2a-AZwd4E5dw= to (Local | C-130J Mohawk, <3193.100830, 116.993164, 7534.724121>)
[COT 2023-06-01 11:31:20] 76561198040010982: Set GodMode To true [guid=8vtfObsTQABYXpVHaEsAuZ5QTEAjCvC2a-AZwd4E5dw=]
[COT 2023-06-01 11:31:22] 76561198040010982: Entered the Free Camera
[COT 2023-06-01 11:31:32] 76561198040010982: Left the Free Camera
[COT 2023-06-01 11:31:45] 76561198040010982: Entered the Free Camera
[COT 2023-06-01 11:31:51] 76561198040010982: Left the Free Camera
[COT 2023-06-01 11:38:50] 76561198040010982: Entered the Free Camera
[COT 2023-06-01 11:38:54] 76561198040010982: Left the Free Camera
[COT 2023-06-01 11:41:23] 76561198040010982: ESP: Viewing ESP
[COT 2023-06-01 11:41:36] 76561198040010982: ESP: Clearing ESP
[COT 2023-06-01 11:41:36] 76561198040010982: ESP: Viewing ESP
