[COT 2023-05-30 17:26:53] 76561199176957808: Set the date to 2011/12/19 12:0
[COT 2023-05-30 17:26:54] 76561199176957808: Set rain to 0 0 0
[COT 2023-05-30 17:26:54] 76561199176957808: Set storm to 0 0.8 4000
[COT 2023-05-30 17:26:54] 76561199176957808: Set fog to 0 0 0
[COT 2023-05-30 17:26:54] 76561199176957808: Set overcast to 0 0 0
[COT 2023-05-30 17:26:54] 76561199176957808: Set wind to 0 0 1
[COT 2023-05-30 17:31:09] 76561198930893538: Teleported to position <5549.008789, 116.295631, 8165.933105>
[COT 2023-05-30 17:33:14] 76561199176957808: Teleported to <5522.838379, 117.685097, 8192.750977> [guid=QOVCOk5flZ8LlxY_vIXEUxFpj4R6rL-wr-TF8_b4xZo=]
[COT 2023-05-30 17:34:15] 76561199176957808: Spawned Entity Military Locker (Msp_Item<d441ccb0>, -1, 100) at <5532.172363, 117.685059, 8176.538574>
[COT 2023-05-30 17:34:51] 76561198930893538: ESP: Viewing ESP
[COT 2023-05-30 17:34:53] 76561198930893538: ESP: Clearing ESP
[COT 2023-05-30 17:34:53] 76561199176957808: Spawned Entity Screwdriver (Screwdriver<d442cb20>, -1, 100) at <5532.303711, 117.685081, 8178.398438>
[COT 2023-05-30 17:34:56] 76561198930893538: ESP: Viewing ESP
[COT 2023-05-30 17:35:05] 76561198930893538: ESP target=Msp_MilitaryLocker:08611 position=<5541.261230, 117.684662, 8183.004883> action=delete
[COT 2023-05-30 17:35:16] 76561198930893538: ESP: Clearing ESP
[COT 2023-05-30 17:38:27] 76561199176957808: Set cannot be targeted by AI to true [guid=QOVCOk5flZ8LlxY_vIXEUxFpj4R6rL-wr-TF8_b4xZo=]
[COT 2023-05-30 17:38:31] 76561199176957808: Set cannot be targeted by AI to true [guid=zhJxvJUIQcTeCgEZ3Xhlvc_WjNMgSdId2I-HV3Jo6tA=]
[COT 2023-05-30 17:38:58] 76561199176957808: Set cannot be targeted by AI to false [guid=zhJxvJUIQcTeCgEZ3Xhlvc_WjNMgSdId2I-HV3Jo6tA=]
[COT 2023-05-30 17:38:58] 76561199176957808: Set cannot be targeted by AI to true [guid=zhJxvJUIQcTeCgEZ3Xhlvc_WjNMgSdId2I-HV3Jo6tA=]
[COT 2023-05-30 17:39:00] 76561199176957808: Set cannot be targeted by AI to false [guid=QOVCOk5flZ8LlxY_vIXEUxFpj4R6rL-wr-TF8_b4xZo=]
[COT 2023-05-30 17:39:50] 76561199176957808: Set Health To 0 [guid=QOVCOk5flZ8LlxY_vIXEUxFpj4R6rL-wr-TF8_b4xZo=]
[COT 2023-05-30 17:40:29] 76561198930893538: Teleported to <5529.195313, 117.684196, 8191.224609> [guid=zhJxvJUIQcTeCgEZ3Xhlvc_WjNMgSdId2I-HV3Jo6tA=]
[COT 2023-05-30 17:40:45] 76561199176957808: Set cannot be targeted by AI to false [guid=zhJxvJUIQcTeCgEZ3Xhlvc_WjNMgSdId2I-HV3Jo6tA=]
[COT 2023-05-30 17:40:47] 76561199176957808: Set Health To 0 [guid=zhJxvJUIQcTeCgEZ3Xhlvc_WjNMgSdId2I-HV3Jo6tA=]
[COT 2023-05-30 17:41:41] 76561198930893538: Teleported to <9108.666016, 6.969197, 10219.222656> [guid=zhJxvJUIQcTeCgEZ3Xhlvc_WjNMgSdId2I-HV3Jo6tA=]
[COT 2023-05-30 17:59:00] 76561198040010982: Spawned Entity Magnum_DK (SNAFUMagnum500_Base<c93784a0>, -1, 200) at <6861.266602, 15.012452, 11510.500977>
[COT 2023-05-30 17:59:36] 76561198040010982: Spawned Entity Magnum_DK (SNAFUMagnum500_Base<c937a8d0>, -1, 200) at <6764.882813, 18.800861, 11486.368164>
[COT 2023-05-30 18:19:35] 76561198401795791: Spawned Entity Code Lock (ExpansionCodeLock<63d4fa90>, -1, 100) at <5530.578125, 117.684052, 8196.285156>
[COT 2023-05-30 18:20:24] 76561198401795791: Spawned Entity Firewood (Firewood<6ee9b400>, 1, 500) at <5531.268066, 117.684669, 8181.620117>
[COT 2023-05-30 18:20:25] 76561198401795791: Spawned Entity Firewood (Firewood<6ee99de0>, 1, 500) at <5531.268066, 117.684669, 8181.620117>
[COT 2023-05-30 18:20:25] 76561198401795791: Spawned Entity Firewood (Firewood<6ee97cb0>, 1, 500) at <5531.268066, 117.684669, 8181.620117>
[COT 2023-05-30 18:20:25] 76561198401795791: Spawned Entity Firewood (Firewood<6ee95b80>, 1, 500) at <5531.268066, 117.684669, 8181.620117>
[COT 2023-05-30 18:20:25] 76561198401795791: Spawned Entity Firewood (Firewood<6ee96690>, 1, 500) at <5531.268066, 117.684669, 8181.620117>
[COT 2023-05-30 18:20:25] 76561198401795791: Spawned Entity Firewood (Firewood<6ee633f0>, 1, 500) at <5531.268066, 117.684669, 8181.620117>
[COT 2023-05-30 18:20:52] 76561198401795791: Spawned Entity Bandage (BandageDressing<6b8a0080>, 4, 50) at <5531.310547, 117.684669, 8182.126465>
[COT 2023-05-30 18:20:52] 76561198401795791: Spawned Entity Bandage (BandageDressing<6b8a4df0>, 4, 50) at <5531.310547, 117.684669, 8182.126465>
[COT 2023-05-30 18:20:53] 76561198401795791: Spawned Entity Bandage (BandageDressing<6b8a7a30>, 4, 50) at <5531.310547, 117.684669, 8182.126465>
[COT 2023-05-30 19:01:54] 76561199176957808: Set Reputation To 12000 [guid=zhJxvJUIQcTeCgEZ3Xhlvc_WjNMgSdId2I-HV3Jo6tA=]
[COT 2023-05-30 19:02:01] 76561199176957808: Healed [guid=zhJxvJUIQcTeCgEZ3Xhlvc_WjNMgSdId2I-HV3Jo6tA=]
[COT 2023-05-30 19:02:03] 76561199176957808: Dried [guid=zhJxvJUIQcTeCgEZ3Xhlvc_WjNMgSdId2I-HV3Jo6tA=]
[COT 2023-05-30 19:02:48] 76561199176957808: Set Reputation To 0 [guid=zhJxvJUIQcTeCgEZ3Xhlvc_WjNMgSdId2I-HV3Jo6tA=]
