[COT 2023-5M-28 15:20:2s] 76561198040010982: Set GodMode To true [guid=8vtfObsTQABYXpVHaEsAuZ5QTEAjCvC2a-AZwd4E5dw=]
[COT 2023-5M-28 15:20:3s] 76561198040010982: Set cannot be targeted by AI to true [guid=8vtfObsTQABYXpVHaEsAuZ5QTEAjCvC2a-AZwd4E5dw=]
[COT 2023-5M-28 15:28:10] 76561199176957808: Set cannot be targeted by AI to true [guid=zhJxvJUIQcTeCgEZ3Xhlvc_WjNMgSdId2I-HV3Jo6tA=]
[COT 2023-5M-28 15:28:11] 76561199176957808: Set UnlimitedStamina To true [guid=zhJxvJUIQcTeCgEZ3Xhlvc_WjNMgSdId2I-HV3Jo6tA=]
[COT 2023-5M-28 15:28:11] 76561199176957808: Set UnlimitedAmmo To true [guid=zhJxvJUIQcTeCgEZ3Xhlvc_WjNMgSdId2I-HV3Jo6tA=]
[COT 2023-5M-28 15:28:25] 76561199176957808: Healed [guid=zhJxvJUIQcTeCgEZ3Xhlvc_WjNMgSdId2I-HV3Jo6tA=]
[COT 2023-5M-28 15:28:43] 76561199176957808: Teleported to <5222.636719, 73.027412, 8970.920898> [guid=8vtfObsTQABYXpVHaEsAuZ5QTEAjCvC2a-AZwd4E5dw=]
[COT 2023-5M-28 15:30:40] 76561199176957808: Spawned Entity Magnum_DK (SNAFUMagnum500_Base<75669ea0>, -1, 200) at <5221.925781, 72.967422, 8968.293945>
[COT 2023-5M-28 15:31:6s] 76561199176957808: ESP: Viewing ESP
[COT 2023-5M-28 15:31:12] 76561199176957808: ESP index=0 target=CZ75:011313 position=<5221.903809, 73.004944, 8967.559570> action=delete
[COT 2023-5M-28 15:31:12] 76561199176957808: ESP action=delete_all count=1 attempted=1
[COT 2023-5M-28 15:31:17] 76561199176957808: ESP: Clearing ESP
[COT 2023-5M-28 15:31:17] 76561199176957808: ESP: Viewing ESP
[COT 2023-5M-28 15:31:19] 76561199176957808: ESP: Clearing ESP
[COT 2023-5M-28 15:31:35] 76561199176957808: ESP: Viewing ESP
[COT 2023-5M-28 15:31:37] 76561199176957808: ESP: Clearing ESP
[COT 2023-5M-28 15:31:43] 76561199176957808: ESP: Viewing ESP
[COT 2023-5M-28 15:31:47] 76561199176957808: ESP: Clearing ESP
[COT 2023-5M-28 15:32:22] 76561198040010982: Spawned Entity KA-M (AKM_Base<75671d60>, -1, 250) at <5220.980469, 72.746689, 8959.007813>
[COT 2023-5M-28 15:34:6s] 76561199176957808: Set GodMode To true [guid=zhJxvJUIQcTeCgEZ3Xhlvc_WjNMgSdId2I-HV3Jo6tA=]
[COT 2023-5M-28 15:34:13] 76561199176957808: Healed [guid=zhJxvJUIQcTeCgEZ3Xhlvc_WjNMgSdId2I-HV3Jo6tA=]
[COT 2023-5M-28 15:35:36] 76561198040010982: Spawned Entity 15rd CR-75 Mag (Mag_CZ75_15Rnd<76fb8cc0>, 1, 100) at <5222.102539, 72.770950, 8959.884766>
[COT 2023-5M-28 15:35:36] 76561198040010982: Spawned Entity 15rd CR-75 Mag (Mag_CZ75_15Rnd<76fb9650>, 1, 100) at <5222.102539, 72.770950, 8959.884766>
[COT 2023-5M-28 15:35:43] 76561198040010982: Spawned Entity CR-75 (CZ75_Base<75670840>, -1, 170) at <5222.102539, 72.770950, 8959.884766>
[COT 2023-5M-28 15:41:24] 76561199176957808: Teleported to position <5224.087891, 36.225098, 8635.270508>
[COT 2023-5M-28 15:43:1s] 76561199176957808: Teleported to <5220.635254, 72.843781, 8962.867188> [guid=8vtfObsTQABYXpVHaEsAuZ5QTEAjCvC2a-AZwd4E5dw=]
[COT 2023-5M-28 15:43:3s] 76561199176957808: Teleported to <5220.635254, 72.843781, 8962.867188> [guid=8vtfObsTQABYXpVHaEsAuZ5QTEAjCvC2a-AZwd4E5dw=]
[COT 2023-5M-28 15:54:49] 76561199176957808: Set GodMode To true [guid=zhJxvJUIQcTeCgEZ3Xhlvc_WjNMgSdId2I-HV3Jo6tA=]
[COT 2023-5M-28 15:54:54] 76561199176957808: Healed [guid=zhJxvJUIQcTeCgEZ3Xhlvc_WjNMgSdId2I-HV3Jo6tA=]
[COT 2023-5M-28 15:54:57] 76561199176957808: Dried [guid=zhJxvJUIQcTeCgEZ3Xhlvc_WjNMgSdId2I-HV3Jo6tA=]
[COT 2023-5M-28 15:54:59] 76561199176957808: Dried [guid=zhJxvJUIQcTeCgEZ3Xhlvc_WjNMgSdId2I-HV3Jo6tA=]
