[COT 2023-5M-26 18:15:6s] 76561199176957808: Set GodMode To true [guid=zhJxvJUIQcTeCgEZ3Xhlvc_WjNMgSdId2I-HV3Jo6tA=]
[COT 2023-5M-26 18:15:7s] 76561199176957808: Set UnlimitedAmmo To true [guid=zhJxvJUIQcTeCgEZ3Xhlvc_WjNMgSdId2I-HV3Jo6tA=]
[COT 2023-5M-26 18:15:8s] 76561199176957808: Set UnlimitedStamina To true [guid=zhJxvJUIQcTeCgEZ3Xhlvc_WjNMgSdId2I-HV3Jo6tA=]
[COT 2023-5M-26 18:15:21] 76561198040010982: Spawned Entity GA Inferno (SportGlasses_Black<edd9ca30>, -1, 50) at <5253.375488, 64.847534, 8055.537109>
[COT 2023-5M-26 18:15:53] 76561199176957808: Teleported to <5253.375488, 64.847534, 8055.537109> [guid=8vtfObsTQABYXpVHaEsAuZ5QTEAjCvC2a-AZwd4E5dw=]
[COT 2023-5M-26 18:17:21] 76561199176957808: Teleported to position <6291.351563, 20.767897, 9498.686523>
[COT 2023-5M-26 18:17:28] 76561198040010982: Teleported to <6289.397949, 20.780937, 9499.038086> [guid=zhJxvJUIQcTeCgEZ3Xhlvc_WjNMgSdId2I-HV3Jo6tA=]
[COT 2023-5M-26 18:20:37] 76561199176957808: Teleported [guid=zhJxvJUIQcTeCgEZ3Xhlvc_WjNMgSdId2I-HV3Jo6tA=] to <6318.279785, 20.730200, 9475.719727>
[COT 2023-5M-26 18:21:44] 76561199176957808: Teleported [guid=zhJxvJUIQcTeCgEZ3Xhlvc_WjNMgSdId2I-HV3Jo6tA=] to <6519.520020, 16.080000, 9301.370117>
[COT 2023-5M-26 18:22:1s] 76561199176957808: Teleported to <6320.659180, 20.711405, 9480.011719> [guid=8vtfObsTQABYXpVHaEsAuZ5QTEAjCvC2a-AZwd4E5dw=]
[COT 2023-5M-26 18:22:58] 76561199176957808: Spawned Entity Drybag Backpack (DryBag_Black<ee97eb40>, -1, 140) at <6320.333984, 20.721409, 9476.873047>
[COT 2023-5M-26 18:25:18] 76561199176957808: ESP: Viewing ESP
[COT 2023-5M-26 18:25:21] 76561199176957808: ESP index=0 target=DryBag_Black:04284 position=<6320.333984, 20.856251, 9476.873047> action=delete
[COT 2023-5M-26 18:25:21] 76561199176957808: ESP action=delete_all count=1 attempted=1
[COT 2023-5M-26 18:25:24] 76561198040010982: Entered the Free Camera
[COT 2023-5M-26 18:25:46] 76561199176957808: ESP: Clearing ESP
[COT 2023-5M-26 18:26:43] 76561199176957808: ESP: Viewing ESP
[COT 2023-5M-26 18:27:9s] 76561199176957808: Teleported to position <5751.311035, 21.900000, 9864.578125>
[COT 2023-5M-26 18:27:12] 76561198040010982: Left the Free Camera
[COT 2023-5M-26 18:27:21] 76561199176957808: Set cannot be targeted by AI to true [guid=8vtfObsTQABYXpVHaEsAuZ5QTEAjCvC2a-AZwd4E5dw=]
[COT 2023-5M-26 18:27:28] 76561198040010982: Teleported to <5761.094238, 21.978527, 9867.246094> [guid=zhJxvJUIQcTeCgEZ3Xhlvc_WjNMgSdId2I-HV3Jo6tA=]
[COT 2023-5M-26 18:28:16] 76561198040010982: Set GodMode To true [guid=8vtfObsTQABYXpVHaEsAuZ5QTEAjCvC2a-AZwd4E5dw=]
[COT 2023-5M-26 18:30:46] 76561198040010982: Teleported [guid=8vtfObsTQABYXpVHaEsAuZ5QTEAjCvC2a-AZwd4E5dw=] to <5740.310059, 22.037901, 9858.209961>
[COT 2023-5M-26 18:30:53] 76561198040010982: Teleported [guid=8vtfObsTQABYXpVHaEsAuZ5QTEAjCvC2a-AZwd4E5dw=] to <5740.310059, 22.037901, 9858.209961>
[COT 2023-5M-26 18:30:54] 76561198040010982: Teleported [guid=8vtfObsTQABYXpVHaEsAuZ5QTEAjCvC2a-AZwd4E5dw=] to <5740.310059, 22.037901, 9858.209961>
[COT 2023-5M-26 18:30:55] 76561198040010982: Teleported [guid=8vtfObsTQABYXpVHaEsAuZ5QTEAjCvC2a-AZwd4E5dw=] to <5740.310059, 22.037901, 9858.209961>
[COT 2023-5M-26 18:30:55] 76561198040010982: Teleported [guid=8vtfObsTQABYXpVHaEsAuZ5QTEAjCvC2a-AZwd4E5dw=] to <5740.310059, 22.037901, 9858.209961>
[COT 2023-5M-26 18:31:20] 76561198040010982: Teleported [guid=8vtfObsTQABYXpVHaEsAuZ5QTEAjCvC2a-AZwd4E5dw=] to <8354.000000, 293.000000, 5995.000000>
[COT 2023-5M-26 18:31:41] 76561198040010982: Teleported [guid=8vtfObsTQABYXpVHaEsAuZ5QTEAjCvC2a-AZwd4E5dw=] to <8354.000000, 5995.000000, 293.000000>
[COT 2023-5M-26 18:32:47] 76561198040010982: Teleported [guid=8vtfObsTQABYXpVHaEsAuZ5QTEAjCvC2a-AZwd4E5dw=] to <8354.000000, 100.000000, 5995.000000>
[COT 2023-5M-26 18:33:3s] 76561198040010982: Teleported [guid=8vtfObsTQABYXpVHaEsAuZ5QTEAjCvC2a-AZwd4E5dw=] to <8354.000000, 1.000000, 5995.000000>
[COT 2023-5M-26 18:34:23] 76561198040010982: Teleported [guid=8vtfObsTQABYXpVHaEsAuZ5QTEAjCvC2a-AZwd4E5dw=] to <6331.000000, 20.000000, 9485.000000>
[COT 2023-5M-26 18:34:25] 76561198040010982: Teleported [guid=8vtfObsTQABYXpVHaEsAuZ5QTEAjCvC2a-AZwd4E5dw=] to <6331.000000, 20.000000, 9485.000000>
[COT 2023-5M-26 18:34:26] 76561198040010982: Teleported [guid=8vtfObsTQABYXpVHaEsAuZ5QTEAjCvC2a-AZwd4E5dw=] to <6331.000000, 20.000000, 9485.000000>
[COT 2023-5M-26 18:34:28] 76561198040010982: Teleported [guid=8vtfObsTQABYXpVHaEsAuZ5QTEAjCvC2a-AZwd4E5dw=] to <6331.000000, 20.000000, 9485.000000>
[COT 2023-5M-26 18:34:29] 76561198040010982: Teleported [guid=8vtfObsTQABYXpVHaEsAuZ5QTEAjCvC2a-AZwd4E5dw=] to <6331.000000, 20.000000, 9485.000000>
[COT 2023-5M-26 18:34:29] 76561198040010982: Teleported [guid=8vtfObsTQABYXpVHaEsAuZ5QTEAjCvC2a-AZwd4E5dw=] to <6331.000000, 20.000000, 9485.000000>
[COT 2023-5M-26 18:34:29] 76561198040010982: Teleported [guid=8vtfObsTQABYXpVHaEsAuZ5QTEAjCvC2a-AZwd4E5dw=] to <6331.000000, 20.000000, 9485.000000>
[COT 2023-5M-26 18:35:27] 76561198040010982: Teleported to <5729.433105, 21.833925, 9897.374023> [guid=zhJxvJUIQcTeCgEZ3Xhlvc_WjNMgSdId2I-HV3Jo6tA=]
[COT 2023-5M-26 18:36:33] 76561198040010982: Entered the Free Camera
[COT 2023-5M-26 18:37:13] 76561199176957808: ESP: Clearing ESP
[COT 2023-5M-26 18:37:13] 76561199176957808: ESP: Viewing ESP
[COT 2023-5M-26 18:37:48] 76561198040010982: Set rain to 0 0 0
[COT 2023-5M-26 18:37:48] 76561198040010982: Set storm to 0 0.8 4000
[COT 2023-5M-26 18:37:48] 76561198040010982: Set fog to 0 0 0
[COT 2023-5M-26 18:37:48] 76561198040010982: Set overcast to 0 0 0
[COT 2023-5M-26 18:37:48] 76561198040010982: Set wind to 0 0 1
[COT 2023-5M-26 18:38:9s] 76561198040010982: Left the Free Camera
[COT 2023-5M-26 18:38:27] 76561199176957808: Teleported to position <5221.774902, 31.970440, 8612.209961>
[COT 2023-5M-26 18:38:27] 76561198040010982: Teleported to <5221.774902, 31.987406, 8612.209961> [guid=zhJxvJUIQcTeCgEZ3Xhlvc_WjNMgSdId2I-HV3Jo6tA=]
[COT 2023-5M-26 18:39:47] 76561198040010982: ESP: Viewing ESP
[COT 2023-5M-26 18:43:15] 76561199176957808: Set cannot be targeted by AI to true [guid=zhJxvJUIQcTeCgEZ3Xhlvc_WjNMgSdId2I-HV3Jo6tA=]
[COT 2023-5M-26 18:43:18] 76561199176957808: Set GodMode To true [guid=8vtfObsTQABYXpVHaEsAuZ5QTEAjCvC2a-AZwd4E5dw=]
[COT 2023-5M-26 18:43:53] 76561199176957808: ESP: Clearing ESP
[COT 2023-5M-26 18:43:53] 76561199176957808: ESP: Viewing ESP
[COT 2023-5M-26 18:54:12] 76561199176957808: Set rain to 0 0 0
[COT 2023-5M-26 18:54:12] 76561199176957808: Set storm to 0 0.8 4000
[COT 2023-5M-26 18:54:12] 76561199176957808: Set fog to 0 0 0
[COT 2023-5M-26 18:54:12] 76561199176957808: Set overcast to 0 0 0
[COT 2023-5M-26 18:54:12] 76561199176957808: Set wind to 0 0 1
[COT 2023-5M-26 18:54:13] 76561199176957808: Set the date to 2011/12/9 12:0
[COT 2023-5M-26 18:55:29] 76561199176957808: Set rain to 0 0 0
[COT 2023-5M-26 18:55:29] 76561199176957808: Set storm to 0 0.8 4000
[COT 2023-5M-26 18:55:29] 76561199176957808: Set fog to 0 0 0
[COT 2023-5M-26 18:55:29] 76561199176957808: Set overcast to 0 0 0
[COT 2023-5M-26 18:55:29] 76561199176957808: Set wind to 0 0 1
[COT 2023-5M-26 18:55:32] 76561199176957808: Set rain to 0 0 0
[COT 2023-5M-26 18:55:32] 76561199176957808: Set storm to 0 0.8 4000
[COT 2023-5M-26 18:55:32] 76561199176957808: Set fog to 0 0 0
[COT 2023-5M-26 18:55:32] 76561199176957808: Set overcast to 0 0 0
[COT 2023-5M-26 18:55:32] 76561199176957808: Set the date to 2011/12/9 12:3
[COT 2023-5M-26 18:55:32] 76561199176957808: Set wind to 0 0 1
[COT 2023-5M-26 18:55:44] 76561199176957808: Set the date to 2011/12/9 6:0
[COT 2023-5M-26 18:55:48] 76561199176957808: Set rain to 0.8 0 0
[COT 2023-5M-26 18:55:48] 76561199176957808: Set storm to 0.64 0.8 4000
[COT 2023-5M-26 18:55:48] 76561199176957808: Set fog to 0.3 0 0
[COT 2023-5M-26 18:55:48] 76561199176957808: Set overcast to 1 0 0
[COT 2023-5M-26 18:55:48] 76561199176957808: Set wind to 0.56 0.7 1
[COT 2023-5M-26 18:55:53] 76561199176957808: Set rain to 0 0 0
[COT 2023-5M-26 18:55:53] 76561199176957808: Set storm to 0 0.8 4000
[COT 2023-5M-26 18:55:53] 76561199176957808: Set fog to 0 0 0
[COT 2023-5M-26 18:55:53] 76561199176957808: Set overcast to 0 0 0
[COT 2023-5M-26 18:55:53] 76561199176957808: Set wind to 0 0 1
[COT 2023-5M-26 18:56:10] 76561199176957808: Set the date to 2011/12/9 12:0
[COT 2023-5M-26 18:57:21] 76561199176957808: Set GodMode To true [guid=zhJxvJUIQcTeCgEZ3Xhlvc_WjNMgSdId2I-HV3Jo6tA=]
[COT 2023-5M-26 18:57:29] 76561199176957808: Healed [guid=zhJxvJUIQcTeCgEZ3Xhlvc_WjNMgSdId2I-HV3Jo6tA=]
[COT 2023-5M-26 18:57:32] 76561199176957808: Healed [guid=zhJxvJUIQcTeCgEZ3Xhlvc_WjNMgSdId2I-HV3Jo6tA=]
[COT 2023-5M-26 19:10:43] 76561199176957808: Spawned Entity Protective Case (SmallProtectorCase<9443f070>, -1, 750) at <5200.211914, 36.009193, 8518.481445>
[COT 2023-5M-26 19:10:49] 76561199176957808: Spawned Entity Ops-Core Ear Protectors (MSFC_OPS_Core_EarProtection_Black<915a3ba0>, -1, 250) at <5200.211914, 36.009193, 8518.481445>
[COT 2023-5M-26 19:12:47] 76561198040010982: Teleported [guid=8vtfObsTQABYXpVHaEsAuZ5QTEAjCvC2a-AZwd4E5dw=] to <6331.000000, 20.000000, 9488.000000>
[COT 2023-5M-26 19:13:26] 76561198040010982: Teleported to <5199.272949, 36.263737, 8511.747070> [guid=zhJxvJUIQcTeCgEZ3Xhlvc_WjNMgSdId2I-HV3Jo6tA=]
[COT 2023-5M-26 19:13:34] 76561198040010982: Entered the Free Camera
[COT 2023-5M-26 19:13:57] 76561198040010982: Left the Free Camera
