[COT 2023-5M-26 20:46:17] 76561198040010982: Entered the Free Camera
[COT 2023-5M-26 20:57:51] 76561198040010982: Left the Free Camera
[COT 2023-5M-26 21:35:10] 76561198401795791: Set GodMode To false [guid=QjlZXS0Ark29Vwx4GPzro34d4Mh-vfgK6BY62FOJWUg=]
[COT 2023-5M-26 21:35:11] 76561198401795791: Set Stamina To 100 [guid=QjlZXS0Ark29Vwx4GPzro34d4Mh-vfgK6BY62FOJWUg=]
[COT 2023-5M-26 21:35:11] 76561198401795791: Set GodMode To true [guid=QjlZXS0Ark29Vwx4GPzro34d4Mh-vfgK6BY62FOJWUg=]
[COT 2023-5M-26 21:35:12] 76561198401795791: Set cannot be targeted by AI to true [guid=QjlZXS0Ark29Vwx4GPzro34d4Mh-vfgK6BY62FOJWUg=]
[COT 2023-5M-26 21:35:13] 76561198401795791: Set UnlimitedStamina To true [guid=QjlZXS0Ark29Vwx4GPzro34d4Mh-vfgK6BY62FOJWUg=]
[COT 2023-5M-26 21:35:13] 76561198401795791: Set UnlimitedAmmo To true [guid=QjlZXS0Ark29Vwx4GPzro34d4Mh-vfgK6BY62FOJWUg=]
[COT 2023-5M-26 21:35:31] 76561198401795791: Entered the Free Camera
[COT 2023-5M-26 21:35:40] 76561198401795791: Left the Free Camera
[COT 2023-5M-26 21:36:41] 76561198401795791: Spawned Entity Universal Flashlight (UniversalLight<137dacf0>, -1, 70) at <5248.757324, 65.753700, 8350.645508>
[COT 2023-5M-26 21:36:45] 76561198401795791: Spawned Entity Pictiney Light (SNAFUUniversalLight<14869eb0>, -1, 200) at <5248.757324, 65.753700, 8350.645508>
[COT 2023-5M-26 21:37:31] 76561198401795791: Spawned Entity AFG Grip Black (SNAFU_AFG_02_Black<fc93fa80>, -1, 100) at <5248.757324, 65.753700, 8350.645508>
[COT 2023-5M-26 21:38:4s] 76561198401795791: Spawned Entity SNAFU Rail Bipod (SNAFU_ModBipod<131a3680>, -1, 100) at <5248.757324, 65.753700, 8350.645508>
[COT 2023-5M-26 21:38:37] 76561198401795791: Spawned Entity 9V Battery (Battery9V<11b607d0>, 50, 20) at <5248.757324, 65.753700, 8350.645508>
[COT 2023-5M-26 21:41:43] 76561198401795791: Spawned Entity 300ACC (SNAFU_Ammo_300ACC<7629b3c0>, 1, 100) at <5250.000977, 65.587578, 8352.830078>
[COT 2023-5M-26 21:41:43] 76561198401795791: Spawned Entity 300ACC (SNAFU_Ammo_300ACC<76299710>, 1, 100) at <5250.000977, 65.587578, 8352.830078>
[COT 2023-5M-26 21:41:43] 76561198401795791: Spawned Entity 300ACC (SNAFU_Ammo_300ACC<76298d80>, 1, 100) at <5250.000977, 65.587578, 8352.830078>
[COT 2023-5M-26 21:45:50] 76561198401795791: ESP: ESP updating
[COT 2023-5M-26 21:46:3s] 76561198401795791: ESP target=SNAFUHoneyBadger_Black:011314 position=<5250.781250, 65.508293, 8354.722656> action=delete
[COT 2023-5M-26 21:47:38] 76561198401795791: Healed [guid=QjlZXS0Ark29Vwx4GPzro34d4Mh-vfgK6BY62FOJWUg=]
[COT 2023-5M-26 21:47:40] 76561198401795791: Set GodMode To true [guid=QjlZXS0Ark29Vwx4GPzro34d4Mh-vfgK6BY62FOJWUg=]
[COT 2023-5M-26 21:48:53] 76561198401795791: Entered the Free Camera
[COT 2023-5M-26 21:49:17] 76561198401795791: Left the Free Camera
[COT 2023-5M-26 22:38:15] 76561198401795791: Set GodMode To true [guid=QjlZXS0Ark29Vwx4GPzro34d4Mh-vfgK6BY62FOJWUg=]
[COT 2023-5M-26 22:38:16] 76561198401795791: Set cannot be targeted by AI to true [guid=QjlZXS0Ark29Vwx4GPzro34d4Mh-vfgK6BY62FOJWUg=]
[COT 2023-5M-26 22:38:17] 76561198401795791: Set UnlimitedStamina To true [guid=QjlZXS0Ark29Vwx4GPzro34d4Mh-vfgK6BY62FOJWUg=]
[COT 2023-5M-26 22:38:18] 76561198401795791: Set UnlimitedAmmo To true [guid=QjlZXS0Ark29Vwx4GPzro34d4Mh-vfgK6BY62FOJWUg=]
[COT 2023-5M-26 22:38:39] 76561198401795791: ESP: Clearing ESP
[COT 2023-5M-26 22:38:48] 76561198401795791: Entered the Free Camera
[COT 2023-5M-26 22:39:6s] 76561198401795791: Left the Free Camera
[COT 2023-5M-26 22:40:20] 76561198401795791: ESP: Viewing ESP
[COT 2023-5M-26 22:43:36] 76561198401795791: Entered the Free Camera
[COT 2023-5M-26 22:45:12] 76561198401795791: Left the Free Camera
[COT 2023-5M-26 22:46:45] 76561198401795791: Entered the Free Camera
[COT 2023-5M-26 22:47:1s] 76561198401795791: Left the Free Camera
[COT 2023-5M-26 22:52:56] 76561198401795791: ESP: Clearing ESP
