[COT 2023-05-31 16:03:23] 76561198040010982: Set GodMode To true [guid=8vtfObsTQABYXpVHaEsAuZ5QTEAjCvC2a-AZwd4E5dw=]
[COT 2023-05-31 16:03:24] 76561198040010982: Set cannot be targeted by AI to true [guid=8vtfObsTQABYXpVHaEsAuZ5QTEAjCvC2a-AZwd4E5dw=]
[COT 2023-05-31 16:04:08] 76561198040010982: Teleported to position <4828.781738, 13.513793, 10834.574219>
[COT 2023-05-31 16:04:15] 76561198040010982: Set the date to 2011/12/26 12:0
[COT 2023-05-31 16:06:27] 76561198040010982: Entered the Free Camera
[COT 2023-05-31 16:06:36] 76561198040010982: Left the Free Camera
[COT 2023-05-31 16:06:45] 76561198040010982: Spawned Entity Bear Trap (BearTrap<c721db60>, -1, 200) at <8593.056641, 14.732433, 10509.218750>
[COT 2023-05-31 16:07:09] 76561198040010982: Spawned Entity Flag Pole Kit (TerritoryFlagKit<d7461500>, -1, 200) at <8576.854492, 14.758409, 10505.085938>
[COT 2023-05-31 16:07:28] 76561198040010982: Entered the Free Camera
[COT 2023-05-31 16:07:39] 76561198040010982: Left the Free Camera
[COT 2023-05-31 16:12:16] 76561198040010982: Spawned Entity 5.56 Carbine M4-16in (SNAFU_M4556_Modular16_GUN<d60d8a40>, -1, 200) at <1223.103516, 2.012499, 11843.809570>
[COT 2023-05-31 16:12:16] 76561198040010982: Spawned Entity 5.56 Carbine M4-16in (SNAFU_M4556_Modular16_GUN<d60d5a00>, -1, 200) at <1223.103516, 2.012499, 11843.809570>
[COT 2023-05-31 16:12:41] 76561198040010982: Spawned Entity AR-15 IPSC (MSFC_Tactical_AR15<d60d29c0>, -1, 250) at <1223.103516, 2.012499, 11843.809570>
[COT 2023-05-31 16:12:46] 76561198040010982: Spawned Entity 5.56 AR15 16in (SNAFU_AR15_Modular_Base<d60d6610>, -1, 200) at <1223.103516, 2.012499, 11843.809570>
[COT 2023-05-31 16:13:43] 76561198040010982: Spawned Entity AR-15 7.62x39 (M4A1_Base<d60e02e0>, -1, 250) at <1223.103516, 2.012499, 11843.809570>
[COT 2023-05-31 16:13:44] 76561198040010982: Spawned Entity 5.56 AR15 16in (SNAFU_AR15_Modular_Base<d60ddeb0>, -1, 200) at <1223.103516, 2.012499, 11843.809570>
[COT 2023-05-31 16:14:10] 76561198040010982: Spawned Entity AR-15 IPSC (MSFC_Tactical_AR15<d60dd2a0>, -1, 250) at <1222.216064, 2.012442, 11841.020508>
[COT 2023-05-31 16:14:17] 76561198040010982: Spawned Entity 5.56 AR15 16in (SNAFU_AR15_Modular_Base<d60da260>, -1, 200) at <1222.216064, 2.012442, 11841.020508>
[COT 2023-05-31 16:14:22] 76561198040010982: Spawned Entity 300AC AR15 BK (SNAFU_AR15SPRBK<d60dba80>, -1, 200) at <1222.216064, 2.012442, 11841.020508>
[COT 2023-05-31 16:14:25] 76561198040010982: Spawned Entity 300AC AR15 Black (SNAFUAR15_SPR_Black_GUN<d60e2710>, -1, 200) at <1222.216064, 2.012442, 11841.020508>
[COT 2023-05-31 16:15:15] 76561198040010982: Spawned Entity 5.56 ADAR 16in (SNAFU_ADAR_Modular16_GUN<d60e6360>, -1, 200) at <1222.216064, 2.012442, 11841.020508>
[COT 2023-05-31 16:18:51] 76561198040010982: Set Reputation To 20000 [guid=8vtfObsTQABYXpVHaEsAuZ5QTEAjCvC2a-AZwd4E5dw=]
