[COT 2023-05-30 13:44:00] 76561199176957808: Set GodMode To true [guid=zhJxvJUIQcTeCgEZ3Xhlvc_WjNMgSdId2I-HV3Jo6tA=]
[COT 2023-05-30 13:44:00] 76561199176957808: Set cannot be targeted by AI to true [guid=zhJxvJUIQcTeCgEZ3Xhlvc_WjNMgSdId2I-HV3Jo6tA=]
[COT 2023-05-30 13:44:01] 76561199176957808: Set UnlimitedStamina To true [guid=zhJxvJUIQcTeCgEZ3Xhlvc_WjNMgSdId2I-HV3Jo6tA=]
[COT 2023-05-30 13:44:02] 76561199176957808: Set UnlimitedAmmo To true [guid=zhJxvJUIQcTeCgEZ3Xhlvc_WjNMgSdId2I-HV3Jo6tA=]
[COT 2023-05-30 13:44:12] 76561199176957808: Teleported to position <3041.684082, 2.000000, 12529.786133>
[COT 2023-05-30 13:44:36] 76561199176957808: Teleported to position <2455.586670, 2.000000, 12734.222656>
[COT 2023-05-30 13:50:52] 76561199176957808: Teleported to position <8547.232422, 14.879818, 10506.136719>
[COT 2023-05-30 13:51:00] 76561199176957808: Set the date to 2011/12/18 12:0
[COT 2023-05-30 13:51:01] 76561199176957808: Set rain to 0 0 0
[COT 2023-05-30 13:51:01] 76561199176957808: Set storm to 0 0.8 4000
[COT 2023-05-30 13:51:01] 76561199176957808: Set fog to 0 0 0
[COT 2023-05-30 13:51:01] 76561199176957808: Set overcast to 0 0 0
[COT 2023-05-30 13:51:01] 76561199176957808: Set wind to 0 0 1
[COT 2023-05-30 13:56:52] 76561199176957808: Teleported to position <8113.136230, 50.223095, 11153.517578>
[COT 2023-05-30 13:57:44] 76561199176957808: Set cannot be targeted by AI to false [guid=zhJxvJUIQcTeCgEZ3Xhlvc_WjNMgSdId2I-HV3Jo6tA=]
[COT 2023-05-30 13:58:25] 76561199176957808: Set cannot be targeted by AI to true [guid=zhJxvJUIQcTeCgEZ3Xhlvc_WjNMgSdId2I-HV3Jo6tA=]
[COT 2023-05-30 14:06:42] 76561199176957808: Set GodMode To false [guid=zhJxvJUIQcTeCgEZ3Xhlvc_WjNMgSdId2I-HV3Jo6tA=]
[COT 2023-05-30 14:09:41] 76561199176957808: Set UnlimitedAmmo To true [guid=zhJxvJUIQcTeCgEZ3Xhlvc_WjNMgSdId2I-HV3Jo6tA=]
[COT 2023-05-30 14:09:41] 76561199176957808: Set Receive Damage Dealt To true [guid=zhJxvJUIQcTeCgEZ3Xhlvc_WjNMgSdId2I-HV3Jo6tA=]
[COT 2023-05-30 14:09:44] 76561199176957808: Set Receive Damage Dealt To false [guid=zhJxvJUIQcTeCgEZ3Xhlvc_WjNMgSdId2I-HV3Jo6tA=]
[COT 2023-05-30 14:09:45] 76561199176957808: Set UnlimitedStamina To true [guid=zhJxvJUIQcTeCgEZ3Xhlvc_WjNMgSdId2I-HV3Jo6tA=]
[COT 2023-05-30 14:09:48] 76561199176957808: Set GodMode To true [guid=zhJxvJUIQcTeCgEZ3Xhlvc_WjNMgSdId2I-HV3Jo6tA=]
[COT 2023-05-30 14:09:54] 76561199176957808: Healed [guid=zhJxvJUIQcTeCgEZ3Xhlvc_WjNMgSdId2I-HV3Jo6tA=]
[COT 2023-05-30 14:09:56] 76561199176957808: Teleported to position <8331.989258, 16.437855, 10918.481445>
[COT 2023-05-30 14:12:53] 76561199176957808: Spawned Entity Sewing Kit (SewingKit<53615fb0>, 100, 50) at <8099.047363, 15.622087, 10862.748047>
[COT 2023-05-30 14:12:54] 76561199176957808: Spawned Entity Sewing Kit (SewingKit<53619700>, 100, 50) at <8099.047363, 15.622086, 10862.748047>
[COT 2023-05-30 14:13:33] 76561199176957808: Spawned Entity Leather Sewing Kit (LeatherSewingKit<da6255f0>, 100, 100) at <8098.867676, 15.622217, 10863.116211>
[COT 2023-05-30 14:15:42] 76561199176957808: ESP: Viewing ESP
[COT 2023-05-30 14:15:47] 76561199176957808: ESP index=0 target=CanvasPants_Grey:012568 position=<8101.346680, 15.617376, 10861.928711> action=delete
[COT 2023-05-30 14:15:47] 76561199176957808: ESP action=delete_all count=1 attempted=1
[COT 2023-05-30 14:15:49] 76561199176957808: ESP index=0 target=TShirt_Grey:011627 position=<8101.346680, 15.636560, 10861.928711> action=delete
[COT 2023-05-30 14:15:49] 76561199176957808: ESP action=delete_all count=1 attempted=1
[COT 2023-05-30 14:15:51] 76561199176957808: ESP index=0 target=QuiltedJacket_Black:09836 position=<8101.346680, 15.805742, 10861.928711> action=delete
[COT 2023-05-30 14:15:51] 76561199176957808: ESP action=delete_all count=1 attempted=1
[COT 2023-05-30 14:16:01] 76561199176957808: ESP index=0 target=QuiltedJacket_Violet:012150 position=<8097.003418, 15.669108, 10862.360352> action=delete
[COT 2023-05-30 14:16:01] 76561199176957808: ESP index=1 target=FlatCap_Blue:012054 position=<8096.691406, 15.689764, 10864.541016> action=delete
[COT 2023-05-30 14:16:01] 76561199176957808: ESP index=2 target=WoolCoat_RedCheck:012063 position=<8100.103027, 15.658102, 10864.756836> action=delete
[COT 2023-05-30 14:16:01] 76561199176957808: ESP index=3 target=Sneakers_Red:011663 position=<8096.194824, 15.659126, 10861.484375> action=delete
[COT 2023-05-30 14:16:01] 76561199176957808: ESP action=delete_all count=4 attempted=4
[COT 2023-05-30 14:16:29] 76561199176957808: Spawned Entity Quilted Jacket (QuiltedJacket_Black<ee61cc50>, -1, 90) at <8105.120117, 15.232409, 10858.780273>
[COT 2023-05-30 14:16:43] 76561199176957808: ESP: Clearing ESP
[COT 2023-05-30 14:17:29] 76561199176957808: Spawned Entity Tactical Waist Pack (Msp_WaistPack_Base<f01dab80>, -1, 100) at <8103.951660, 15.232462, 10860.553711>
[COT 2023-05-30 14:17:39] 76561199176957808: ESP: Viewing ESP
[COT 2023-05-30 14:17:41] 76561199176957808: ESP index=0 target=Msp_WaistPack_Black:012929 position=<8102.040527, 15.675719, 10861.427734> action=delete
[COT 2023-05-30 14:17:41] 76561199176957808: ESP action=delete_all count=1 attempted=1
[COT 2023-05-30 14:18:01] 76561199176957808: Spawned Entity Pegasus Tactical Backpack (AssaultBag_ColorBase<f01bdae0>, -1, 250) at <8105.785156, 15.232435, 10859.833008>
[COT 2023-05-30 14:19:08] 76561199176957808: Set the date to 2011/12/18 12:0
[COT 2023-05-30 14:19:08] 76561199176957808: Set rain to 0 0 0
[COT 2023-05-30 14:19:08] 76561199176957808: Set storm to 0 0.8 4000
[COT 2023-05-30 14:19:08] 76561199176957808: Set fog to 0 0 0
[COT 2023-05-30 14:19:08] 76561199176957808: Set overcast to 0 0 0
[COT 2023-05-30 14:19:08] 76561199176957808: Set wind to 0 0 1
[COT 2023-05-30 14:19:13] 76561199176957808: ESP: Clearing ESP
[COT 2023-05-30 14:19:19] 76561199176957808: ESP: Viewing ESP
[COT 2023-05-30 14:19:39] 76561199176957808: ESP: Clearing ESP
[COT 2023-05-30 14:19:40] 76561199176957808: ESP: Viewing ESP
[COT 2023-05-30 14:25:42] 76561199176957808: ESP: Clearing ESP
[COT 2023-05-30 14:27:29] 76561199176957808: ESP: Viewing ESP
[COT 2023-05-30 14:32:04] 76561199176957808: ESP: Clearing ESP
[COT 2023-05-30 14:32:08] 76561199176957808: ESP: ESP updating
