[COT 2023-5M-25 23:1m:50] 76561199176957808: Set GodMode To true [guid=zhJxvJUIQcTeCgEZ3Xhlvc_WjNMgSdId2I-HV3Jo6tA=]
[COT 2023-5M-25 23:1m:51] 76561199176957808: Set UnlimitedStamina To true [guid=zhJxvJUIQcTeCgEZ3Xhlvc_WjNMgSdId2I-HV3Jo6tA=]
[COT 2023-5M-25 23:1m:51] 76561199176957808: Set UnlimitedAmmo To true [guid=zhJxvJUIQcTeCgEZ3Xhlvc_WjNMgSdId2I-HV3Jo6tA=]
[COT 2023-5M-25 23:1m:53] 76561199176957808: Set cannot be targeted by AI to true [guid=zhJxvJUIQcTeCgEZ3Xhlvc_WjNMgSdId2I-HV3Jo6tA=]
[COT 2023-5M-25 23:2m:28] 76561199176957808: ESP: Viewing ESP
[COT 2023-5M-25 23:2m:34] 76561199176957808: ESP index=0 target=GCGN_HK416_Mag:011819 position=<6196.137207, 4.589165, 11934.761719> action=delete
[COT 2023-5M-25 23:2m:34] 76561199176957808: ESP index=1 target=SNAFU_ScarH_100RND_Mag_Tan:011809 position=<6196.137207, 4.647070, 11934.761719> action=delete
[COT 2023-5M-25 23:2m:34] 76561199176957808: ESP action=delete_all count=2 attempted=2
[COT 2023-5M-25 23:2m:37] 76561199176957808: ESP index=0 target=GCGN_HK416_Mag:011806 position=<6196.137207, 4.589165, 11934.761719> action=delete
[COT 2023-5M-25 23:2m:37] 76561199176957808: ESP action=delete_all count=1 attempted=1
[COT 2023-5M-25 23:3m:19] 76561199176957808: ESP: Clearing ESP
[COT 2023-5M-25 23:3m:40] 76561199176957808: Spawned Entity HK416 Drum Mag (GCGN_HK416_Mag<ebcbdbc0>, 1, 200) at <6196.438477, 4.685654, 11933.454102>
[COT 2023-5M-25 23:3m:40] 76561199176957808: Spawned Entity HK416 Drum Mag (GCGN_HK416_Mag<ebcb7c20>, 1, 200) at <6196.438477, 4.685654, 11933.454102>
[COT 2023-5M-25 23:3m:41] 76561199176957808: Spawned Entity HK416 Drum Mag (GCGN_HK416_Mag<ebcb85b0>, 1, 200) at <6196.438477, 4.685654, 11933.454102>
[COT 2023-5M-25 23:3m:41] 76561199176957808: Spawned Entity HK416 Drum Mag (GCGN_HK416_Mag<ebcbe550>, 1, 200) at <6196.438477, 4.685654, 11933.454102>
[COT 2023-5M-25 23:3m:41] 76561199176957808: Spawned Entity HK416 Drum Mag (GCGN_HK416_Mag<ebcbeee0>, 1, 200) at <6196.438477, 4.685654, 11933.454102>
[COT 2023-5M-25 23:4m:44] 76561199176957808: Spawned Entity Model 500 Competitor (SNAFUMagnum500<ec4edc30>, -1, 200) at <6196.438477, 4.685654, 11933.454102>
[COT 2023-5M-25 23:5m:14] 76561199176957808: Spawned Entity 500 SW Ammo (Ammunition_Base<ebcc1520>, 1, 100) at <6196.438477, 4.685654, 11933.454102>
[COT 2023-5M-25 23:5m:15] 76561199176957808: Spawned Entity 500 SW Ammo (Ammunition_Base<ebcbabf0>, 1, 100) at <6196.438477, 4.685654, 11933.454102>
[COT 2023-5M-25 23:5m:15] 76561199176957808: Spawned Entity 500 SW Ammo (Ammunition_Base<ebcc31d0>, 1, 100) at <6196.438477, 4.685654, 11933.454102>
[COT 2023-5M-25 23:5m:15] 76561199176957808: Spawned Entity 500 SW Ammo (Ammunition_Base<ebcc3b60>, 1, 100) at <6196.438477, 4.685654, 11933.454102>
[COT 2023-5M-25 23:6m:1s] 76561199176957808: Healed [guid=zhJxvJUIQcTeCgEZ3Xhlvc_WjNMgSdId2I-HV3Jo6tA=]
[COT 2023-5M-25 23:6m:25] 76561199176957808: Teleported to position <5348.998047, 86.631279, 7970.133301>
[COT 2023-5M-25 23:7m:3s] 76561199176957808: ESP: Viewing ESP
[COT 2023-5M-25 23:8m:37] 76561198401795791: Spawned Entity Large Tent (LargeTent<e33fdf60>, -1, 2000) at <5352.566895, 87.441498, 7979.739258>
[COT 2023-5M-25 23:9m:7s] 76561198401795791: Spawned Entity CodeLock (CodeLock<eed3cae0>, -1, 1500) at <5351.047852, 87.007927, 7981.183105>
[COT 2023-5M-25 23:11:16] 76561198401795791: Set GodMode To true [guid=QjlZXS0Ark29Vwx4GPzro34d4Mh-vfgK6BY62FOJWUg=]
[COT 2023-5M-25 23:11:18] 76561198401795791: Set cannot be targeted by AI to true [guid=QjlZXS0Ark29Vwx4GPzro34d4Mh-vfgK6BY62FOJWUg=]
[COT 2023-5M-25 23:11:19] 76561198401795791: Set UnlimitedStamina To true [guid=QjlZXS0Ark29Vwx4GPzro34d4Mh-vfgK6BY62FOJWUg=]
[COT 2023-5M-25 23:11:19] 76561198401795791: Set UnlimitedAmmo To true [guid=QjlZXS0Ark29Vwx4GPzro34d4Mh-vfgK6BY62FOJWUg=]
[COT 2023-5M-25 23:11:28] 76561198401795791: Set Health To 100 [guid=QjlZXS0Ark29Vwx4GPzro34d4Mh-vfgK6BY62FOJWUg=]
[COT 2023-5M-25 23:11:28] 76561198401795791: Set Blood To 5000 [guid=QjlZXS0Ark29Vwx4GPzro34d4Mh-vfgK6BY62FOJWUg=]
[COT 2023-5M-25 23:11:28] 76561198401795791: Set Energy To 5000 [guid=QjlZXS0Ark29Vwx4GPzro34d4Mh-vfgK6BY62FOJWUg=]
[COT 2023-5M-25 23:11:28] 76561198401795791: Set Water To 5000 [guid=QjlZXS0Ark29Vwx4GPzro34d4Mh-vfgK6BY62FOJWUg=]
[COT 2023-5M-25 23:11:32] 76561198401795791: Set Health To 100 [guid=QjlZXS0Ark29Vwx4GPzro34d4Mh-vfgK6BY62FOJWUg=]
[COT 2023-5M-25 23:11:39] 76561198401795791: Set GodMode To false [guid=QjlZXS0Ark29Vwx4GPzro34d4Mh-vfgK6BY62FOJWUg=]
[COT 2023-5M-25 23:11:44] 76561198401795791: Set Health To 100 [guid=QjlZXS0Ark29Vwx4GPzro34d4Mh-vfgK6BY62FOJWUg=]
[COT 2023-5M-25 23:11:44] 76561198401795791: Set Blood To 5000 [guid=QjlZXS0Ark29Vwx4GPzro34d4Mh-vfgK6BY62FOJWUg=]
[COT 2023-5M-25 23:11:47] 76561198401795791: Set GodMode To true [guid=QjlZXS0Ark29Vwx4GPzro34d4Mh-vfgK6BY62FOJWUg=]
[COT 2023-5M-25 23:12:3s] 76561198401795791: Teleported to <5070.560059, 48.396908, 8102.455078> [guid=zhJxvJUIQcTeCgEZ3Xhlvc_WjNMgSdId2I-HV3Jo6tA=]
[COT 2023-5M-25 23:12:56] 76561198401795791: Spawned Entity Tactical Gloves (TacticalGloves_ColorBase<f5eb5880>, -1, 100) at <5071.376953, 48.382389, 8101.308594>
[COT 2023-5M-25 23:13:33] 76561198401795791: Spawned Entity Hunter Jacket (HuntingJacket_Brown<f5ec9410>, -1, 150) at <5071.376953, 48.382389, 8101.308594>
[COT 2023-5M-25 23:13:43] 76561199176957808: ESP: Clearing ESP
[COT 2023-5M-25 23:13:46] 76561199176957808: ESP: Viewing ESP
[COT 2023-5M-25 23:13:53] 76561199176957808: ESP index=0 target=SNAFUAlligator_5rdMag:011816 position=<5074.970703, 48.470276, 8102.725586> action=delete
[COT 2023-5M-25 23:13:53] 76561199176957808: ESP index=1 target=SNAFUAlligator:011796 position=<5074.970703, 48.600170, 8102.725586> action=delete
[COT 2023-5M-25 23:13:53] 76561199176957808: ESP action=delete_all count=2 attempted=2
[COT 2023-5M-25 23:13:55] 76561199176957808: ESP index=0 target=SNAFUAlligator_5rdMag:011817 position=<5074.970703, 48.467922, 8102.725586> action=delete
[COT 2023-5M-25 23:13:55] 76561199176957808: ESP action=delete_all count=1 attempted=1
[COT 2023-5M-25 23:13:57] 76561199176957808: ESP index=0 target=SNAFUAlligator_5rdMag:011814 position=<5074.970703, 48.470276, 8102.725586> action=delete
[COT 2023-5M-25 23:13:57] 76561199176957808: ESP action=delete_all count=1 attempted=1
[COT 2023-5M-25 23:13:59] 76561199176957808: ESP index=0 target=SNAFUAlligator_5rdMag:011815 position=<5074.970703, 48.467922, 8102.725586> action=delete
[COT 2023-5M-25 23:13:59] 76561199176957808: ESP action=delete_all count=1 attempted=1
[COT 2023-5M-25 23:14:6s] 76561198401795791: Spawned Entity G3 pants (USMCPants_ColorBase<f5ed7990>, -1, 250) at <5071.376953, 48.382389, 8101.308594>
[COT 2023-5M-25 23:14:35] 76561198401795791: Spawned Entity Hunter Boots (CombatBoots_Black<f3105d20>, -1, 160) at <5071.376953, 48.382389, 8101.308594>
[COT 2023-5M-25 23:15:12] 76561198401795791: Spawned Entity Cowboy Hat (CowboyHat_black<f3109680>, -1, 60) at <5071.376953, 48.382389, 8101.308594>
[COT 2023-5M-25 23:15:38] 76561198401795791: Spawned Entity Round Glasses (Clothing<f310b330>, -1, 50) at <5071.376953, 48.382389, 8101.308594>
[COT 2023-5M-25 23:15:58] 76561199176957808: Spawned Entity CheyTac M300 Desert (SNAFU_M300TAN<ec50acf0>, -1, 300) at <5078.151855, 48.343784, 8103.958496>
[COT 2023-5M-25 23:16:17] 76561198401795791: Spawned Entity Ski Mask (MSFC_Facemask_Base<f3111c60>, -1, 250) at <5071.376953, 48.382389, 8101.308594>
[COT 2023-5M-25 23:17:16] 76561199176957808: Spawned Entity Old SR25 Bipod (SNAFU_Bipod<f3126180>, -1, 100) at <5078.151855, 48.343784, 8103.958496>
[COT 2023-5M-25 23:17:18] 76561198401795791: Spawned Entity Tactical Backpack (CoyoteBag_Brown<f3126b10>, -1, 190) at <5071.376953, 48.382389, 8101.308594>
[COT 2023-5M-25 23:18:46] 76561199176957808: Spawned Entity 50Bmg & 408 Suppressor Black (SNAFU_50bmg_Suppressor_B<f32c6270>, -1, 20) at <5078.151855, 48.343784, 8103.958496>
[COT 2023-5M-25 23:18:55] 76561198040010982: Spawned Entity SNAFU Scar-H BK (Snafu_ScarH_Black_GUN<ec512bb0>, -1, 200) at <6194.778809, 4.546275, 11935.626953>
[COT 2023-5M-25 23:19:8s] 76561198401795791: Spawned Entity Plate Carrier (PlateCarrierVest<f32ada60>, -1, 300) at <5075.747559, 48.422131, 8102.482422>
[COT 2023-5M-25 23:19:40] 76561198401795791: Spawned Entity Pouch (Container_Base<eeaca310>, -1, 250) at <5075.747559, 48.422131, 8102.482422>
[COT 2023-5M-25 23:19:48] 76561198401795791: Spawned Entity Pouch (Container_Base<eead02b0>, -1, 250) at <5075.747559, 48.422131, 8102.482422>
[COT 2023-5M-25 23:19:56] 76561198401795791: Spawned Entity Fast Pouch (Container_Base<eeaf1a30>, -1, 250) at <5075.747559, 48.422131, 8102.482422>
[COT 2023-5M-25 23:19:56] 76561198401795791: Spawned Entity Fast Pouch (Container_Base<eeaef3f0>, -1, 250) at <5075.747559, 48.422131, 8102.482422>
[COT 2023-5M-25 23:20:11] 76561199176957808: Spawned Entity M300 Mag (SNAFU_M300Mag<eeaf10a0>, 1, 100) at <5078.116699, 48.333435, 8103.366211>
[COT 2023-5M-25 23:20:11] 76561199176957808: Spawned Entity M300 Mag (SNAFU_M300Mag<eeaf23c0>, 1, 100) at <5078.116699, 48.333435, 8103.366211>
[COT 2023-5M-25 23:20:11] 76561199176957808: Spawned Entity M300 Mag (SNAFU_M300Mag<eeaf0710>, 1, 100) at <5078.116699, 48.333435, 8103.366211>
[COT 2023-5M-25 23:20:12] 76561199176957808: Spawned Entity M300 Mag (SNAFU_M300Mag<eeaf2d50>, 1, 100) at <5078.116699, 48.333435, 8103.366211>
[COT 2023-5M-25 23:20:12] 76561199176957808: Spawned Entity M300 Mag (SNAFU_M300Mag<eeaf36e0>, 1, 100) at <5078.116699, 48.333435, 8103.366211>
[COT 2023-5M-25 23:21:7s] 76561198401795791: ESP: ESP updating
[COT 2023-5M-25 23:21:8s] 76561199176957808: Spawned Entity .408 CheyTac (GCGN_Ammo_408Chey<f728c440>, 1, 100) at <5078.116699, 48.333435, 8103.366211>
[COT 2023-5M-25 23:21:9s] 76561199176957808: Spawned Entity .408 CheyTac (GCGN_Ammo_408Chey<f728d760>, 1, 100) at <5078.116699, 48.333435, 8103.366211>
[COT 2023-5M-25 23:21:9s] 76561199176957808: Spawned Entity .408 CheyTac (GCGN_Ammo_408Chey<f7290730>, 1, 100) at <5078.116699, 48.333435, 8103.366211>
[COT 2023-5M-25 23:21:9s] 76561199176957808: Spawned Entity .408 CheyTac (GCGN_Ammo_408Chey<f72953b0>, 1, 100) at <5078.116699, 48.333435, 8103.366211>
[COT 2023-5M-25 23:21:10] 76561199176957808: Spawned Entity .408 CheyTac (GCGN_Ammo_408Chey<f72923e0>, 1, 100) at <5078.116699, 48.333435, 8103.366211>
[COT 2023-5M-25 23:21:17] 76561198401795791: ESP target=MSFC_Pouches_Magazine_Black:09146 position=<5075.747559, 48.561367, 8102.747070> action=delete
[COT 2023-5M-25 23:21:21] 76561198401795791: ESP target=MSFC_Pouches_IFAK_Multicam_Black:04269 position=<5075.747559, 48.466793, 8102.482422> action=delete
[COT 2023-5M-25 23:21:25] 76561198401795791: ESP target=MSFC_Pouches_Two_Black:05540 position=<5075.747559, 48.466793, 8102.482422> action=delete
[COT 2023-5M-25 23:21:28] 76561198401795791: ESP target=MSFC_Pouches_Magazine_Black:010249 position=<5075.747559, 48.569534, 8102.482422> action=delete
[COT 2023-5M-25 23:21:34] 76561198401795791: ESP: Clearing ESP
[COT 2023-5M-25 23:21:49] 76561198401795791: Spawned Entity Pouches (PlateCarrierPouches<f7027a40>, -1, 200) at <5075.211426, 48.448833, 8102.148438>
[COT 2023-5M-25 23:22:3s] 76561198401795791: Spawned Entity Holster (PlateCarrierHolster<f7021110>, -1, 100) at <5075.211426, 48.448833, 8102.148438>
[COT 2023-5M-25 23:22:25] 76561198401795791: ESP: Viewing ESP
[COT 2023-5M-25 23:22:29] 76561198401795791: ESP target=CoyoteBag_Brown:06936 position=<5075.211426, 48.553673, 8102.498047> action=delete
[COT 2023-5M-25 23:22:31] 76561199176957808: Spawned Entity Boxed 5.56x45mm Rounds (AmmoBox_556x45_20Rnd<f6f7eec0>, -1, 100) at <5082.414551, 48.427158, 8103.373535>
[COT 2023-5M-25 23:22:31] 76561199176957808: Spawned Entity Boxed 5.56x45mm Rounds (AmmoBox_556x45_20Rnd<f6f7f850>, -1, 100) at <5082.414551, 48.427158, 8103.373535>
[COT 2023-5M-25 23:22:31] 76561199176957808: Spawned Entity Boxed 5.56x45mm Rounds (AmmoBox_556x45_20Rnd<f6f798b0>, -1, 100) at <5082.414551, 48.427158, 8103.373535>
[COT 2023-5M-25 23:22:31] 76561199176957808: Spawned Entity Boxed 5.56x45mm Rounds (AmmoBox_556x45_20Rnd<f6f84e60>, -1, 100) at <5082.414551, 48.427158, 8103.373535>
[COT 2023-5M-25 23:22:32] 76561199176957808: Spawned Entity Boxed 5.56x45mm Rounds (AmmoBox_556x45_20Rnd<f6f10480>, -1, 100) at <5082.414551, 48.427158, 8103.373535>
[COT 2023-5M-25 23:22:33] 76561198401795791: ESP: Clearing ESP
[COT 2023-5M-25 23:23:0s] 76561198401795791: Spawned Entity Pegasus Tactical Backpack (AssaultBag_ColorBase<f6eed050>, -1, 250) at <5074.854492, 48.465508, 8101.735352>
[COT 2023-5M-25 23:23:21] 76561199176957808: Spawned Entity Tactical Gloves (TacticalGloves_ColorBase<f6f00250>, -1, 100) at <5078.372070, 48.338345, 8103.751465>
[COT 2023-5M-25 23:24:9s] 76561198401795791: Spawned Entity Pouch (Container_Base<f641b880>, -1, 250) at <5075.744141, 48.417526, 8102.639648>
[COT 2023-5M-25 23:24:13] 76561198401795791: Spawned Entity Pouch (Container_Base<f641a560>, -1, 250) at <5075.744141, 48.417526, 8102.639648>
[COT 2023-5M-25 23:24:21] 76561198401795791: Spawned Entity Pouch (Container_Base<f6600830>, -1, 250) at <5075.744141, 48.417526, 8102.639648>
[COT 2023-5M-25 23:25:10] 76561198401795791: Spawned Entity SNAFU M24A3 (SNAFUM24_GUN<ec5140d0>, -1, 300) at <5075.592285, 48.434036, 8102.246582>
[COT 2023-5M-25 23:25:27] 76561198401795791: ESP: Viewing ESP
[COT 2023-5M-25 23:25:36] 76561198401795791: ESP target=MSFC_Pouches_One_Black:04860 position=<5075.744141, 48.455242, 8102.863281> action=delete
[COT 2023-5M-25 23:25:41] 76561198401795791: ESP target=SNAFUM24_GUN:010959 position=<5075.592285, 48.464886, 8102.246582> action=delete
[COT 2023-5M-25 23:25:45] 76561198401795791: ESP: Clearing ESP
[COT 2023-5M-25 23:26:9s] 76561198401795791: Spawned Entity SNAFU M24A3 (SNAFUM24_GUN<ec5155f0>, -1, 300) at <5075.245117, 48.475739, 8101.198242>
[COT 2023-5M-25 23:26:51] 76561198401795791: Spawned Entity AK Platform Suppressor Black (SNAFU_Normalized_Suppressor_Black<f68489f0>, -1, 20) at <5075.347168, 48.477383, 8101.054199>
[COT 2023-5M-25 23:27:20] 76561198401795791: Spawned Entity 338 Suppressor (SNAFUKivaari_338_Supp<f684f320>, -1, 100) at <5075.347168, 48.477383, 8101.054199>
[COT 2023-5M-25 23:27:53] 76561199176957808: ESP: Clearing ESP
[COT 2023-5M-25 23:28:0s] 76561198401795791: ESP: Viewing ESP
[COT 2023-5M-25 23:28:3s] 76561198401795791: ESP target=SNAFUM24_GUN:012050 position=<5075.782227, 48.483353, 8101.432617> action=delete
[COT 2023-5M-25 23:28:9s] 76561198401795791: ESP target=SNAFU_Normalized_Suppressor_Black:010577 position=<5075.347168, 48.504677, 8101.054199> action=delete
[COT 2023-5M-25 23:28:18] 76561198401795791: ESP: Clearing ESP
