[COT 2023-5M-25 22:7m:54] 76561198040010982: Spawned Entity SCAR_DK (SCAR_Base<612d4760>, -1, 200) at <6093.835938, 16.484829, 9692.833984>
[COT 2023-5M-25 22:13:19] 76561198040010982: Set Health To 0 [guid=zhJxvJUIQcTeCgEZ3Xhlvc_WjNMgSdId2I-HV3Jo6tA=]
[COT 2023-5M-25 22:13:20] 76561198040010982: Set Health To 0 [guid=zhJxvJUIQcTeCgEZ3Xhlvc_WjNMgSdId2I-HV3Jo6tA=]
[COT 2023-5M-25 22:13:20] 76561198040010982: Set Health To 0 [guid=zhJxvJUIQcTeCgEZ3Xhlvc_WjNMgSdId2I-HV3Jo6tA=]
[COT 2023-5M-25 22:13:25] 76561198040010982: Spectating [guid=ek6NLhaTV62KGmhG8vYEl_WgT4_1pb46N4smv27sdww=]
[COT 2023-5M-25 22:13:41] 76561198040010982: Healed [guid=ek6NLhaTV62KGmhG8vYEl_WgT4_1pb46N4smv27sdww=]
[COT 2023-5M-25 22:13:41] 76561198040010982: Healed [guid=ek6NLhaTV62KGmhG8vYEl_WgT4_1pb46N4smv27sdww=]
[COT 2023-5M-25 22:13:56] 76561198040010982: Entered the Free Camera
[COT 2023-5M-25 22:14:2s] 76561198040010982: Left the Free Camera
[COT 2023-5M-25 22:14:10] 76561198040010982: Set Health To 0 [guid=ek6NLhaTV62KGmhG8vYEl_WgT4_1pb46N4smv27sdww=]
[COT 2023-5M-25 22:14:10] 76561198040010982: Set Health To 0 [guid=ek6NLhaTV62KGmhG8vYEl_WgT4_1pb46N4smv27sdww=]
[COT 2023-5M-25 22:14:43] 76561198040010982: Entered the Free Camera
[COT 2023-5M-25 22:15:4s] 76561198040010982: Kicked [guid=8vtfObsTQABYXpVHaEsAuZ5QTEAjCvC2a-AZwd4E5dw=]
[COT 2023-5M-25 22:15:5s] 76561199176957808: Spawned Entity SNAFU Scar-H DKMC (Snafu_ScarH_DKMC_GUN<7328f740>, -1, 200) at <6202.911133, 9.503160, 11881.904297>
[COT 2023-5M-25 22:17:27] 76561198040010982: ESP: Viewing ESP
[COT 2023-5M-25 22:21:41] 76561198040010982: ESP: Clearing ESP
[COT 2023-5M-25 22:21:43] 76561198040010982: ESP: Viewing ESP
[COT 2023-5M-25 22:21:52] 76561198040010982: Teleported to <6203.598145, 9.574426, 11882.493164> [guid=zhJxvJUIQcTeCgEZ3Xhlvc_WjNMgSdId2I-HV3Jo6tA=]
[COT 2023-5M-25 22:22:8s] 76561198040010982: Spawned Entity SCAR_DK (SCAR_Base<7328e220>, -1, 200) at <6202.586426, 9.496104, 11881.323242>
[COT 2023-5M-25 22:22:9s] 76561198040010982: Spawned Entity SCAR_DK (SCAR_Base<7329f4c0>, -1, 200) at <6202.586426, 9.496104, 11881.323242>
[COT 2023-5M-25 22:22:9s] 76561198040010982: Spawned Entity SCAR_DK (SCAR_Base<732a09e0>, -1, 200) at <6202.586426, 9.496104, 11881.323242>
[COT 2023-5M-25 22:26:27] 76561199176957808: Set GodMode To true [guid=zhJxvJUIQcTeCgEZ3Xhlvc_WjNMgSdId2I-HV3Jo6tA=]
[COT 2023-5M-25 22:26:28] 76561199176957808: Set cannot be targeted by AI to true [guid=zhJxvJUIQcTeCgEZ3Xhlvc_WjNMgSdId2I-HV3Jo6tA=]
[COT 2023-5M-25 22:27:14] 76561198040010982: Set rain to 0 0 0
[COT 2023-5M-25 22:27:14] 76561198040010982: Set storm to 0 0.8 4000
[COT 2023-5M-25 22:27:14] 76561198040010982: Set fog to 0 0 0
[COT 2023-5M-25 22:27:14] 76561198040010982: Set overcast to 0 0 0
[COT 2023-5M-25 22:27:14] 76561198040010982: Set wind to 0 0 1
[COT 2023-5M-25 22:27:28] 76561198040010982: Set the date to 2011/12/5 0:0
[COT 2023-5M-25 22:30:28] 76561198040010982: Healed [guid=8vtfObsTQABYXpVHaEsAuZ5QTEAjCvC2a-AZwd4E5dw=]
[COT 2023-5M-25 22:30:28] 76561198040010982: Healed [guid=8vtfObsTQABYXpVHaEsAuZ5QTEAjCvC2a-AZwd4E5dw=]
[COT 2023-5M-25 22:30:33] 76561198040010982: Healed [guid=zhJxvJUIQcTeCgEZ3Xhlvc_WjNMgSdId2I-HV3Jo6tA=]
[COT 2023-5M-25 22:30:33] 76561198040010982: Healed [guid=zhJxvJUIQcTeCgEZ3Xhlvc_WjNMgSdId2I-HV3Jo6tA=]
[COT 2023-5M-25 22:30:44] 76561198040010982: Spawned Entity Fireworks Launcher (FireworksLauncher<75d67300>, -1, 30) at <6209.691895, 10.253036, 11882.679688>
[COT 2023-5M-25 22:30:44] 76561198040010982: Spawned Entity Fireworks Launcher (FireworksLauncher<75d68fb0>, -1, 30) at <6209.691895, 10.253036, 11882.679688>
[COT 2023-5M-25 22:30:44] 76561198040010982: Spawned Entity Fireworks Launcher (FireworksLauncher<75d6a2d0>, -1, 30) at <6209.691895, 10.253036, 11882.679688>
[COT 2023-5M-25 22:30:44] 76561198040010982: Spawned Entity Fireworks Launcher (FireworksLauncher<75d68620>, -1, 30) at <6209.691895, 10.253036, 11882.679688>
[COT 2023-5M-25 22:30:44] 76561198040010982: Spawned Entity Fireworks Launcher (FireworksLauncher<75d67c90>, -1, 30) at <6209.691895, 10.253036, 11882.679688>
[COT 2023-5M-25 22:30:44] 76561198040010982: Spawned Entity Fireworks Launcher (FireworksLauncher<75d6d2a0>, -1, 30) at <6209.691895, 10.253036, 11882.679688>
[COT 2023-5M-25 22:30:44] 76561198040010982: Spawned Entity Fireworks Launcher (FireworksLauncher<75d6ac60>, -1, 30) at <6209.691895, 10.253036, 11882.679688>
[COT 2023-5M-25 22:30:45] 76561198040010982: Spawned Entity Fireworks Launcher (FireworksLauncher<75d6e5c0>, -1, 30) at <6209.691895, 10.253036, 11882.679688>
[COT 2023-5M-25 22:30:45] 76561198040010982: Spawned Entity Fireworks Launcher (FireworksLauncher<75d6bf80>, -1, 30) at <6209.691895, 10.253036, 11882.679688>
[COT 2023-5M-25 22:30:52] 76561198040010982: Spawned Entity Lighter (PetrolLighter<6f6fa360>, 20, 20) at <6209.691895, 10.253036, 11882.679688>
[COT 2023-5M-25 22:30:52] 76561198040010982: Spawned Entity Lighter (PetrolLighter<6f6f7d20>, 20, 20) at <6209.691895, 10.253036, 11882.679688>
[COT 2023-5M-25 22:31:39] 76561198040010982: Set the date to 2011/12/5 6:0
[COT 2023-5M-25 22:31:41] 76561198040010982: Set the date to 2011/12/5 18:0
[COT 2023-5M-25 22:31:43] 76561198040010982: Set the date to 2011/12/5 18:0
[COT 2023-5M-25 22:31:44] 76561198040010982: Set the date to 2011/12/5 12:0
[COT 2023-5M-25 22:34:1s] 76561198040010982: Healed [guid=8vtfObsTQABYXpVHaEsAuZ5QTEAjCvC2a-AZwd4E5dw=]
[COT 2023-5M-25 22:34:1s] 76561198040010982: Healed [guid=8vtfObsTQABYXpVHaEsAuZ5QTEAjCvC2a-AZwd4E5dw=]
[COT 2023-5M-25 22:34:16] 76561198040010982: ESP: Clearing ESP
[COT 2023-5M-25 22:34:16] 76561198040010982: ESP: Viewing ESP
[COT 2023-5M-25 22:34:24] 76561198040010982: ESP index=0 target=FFY_SCAR_DK:05158 position=<6210.143066, 9.762236, 11886.363281> action=delete
[COT 2023-5M-25 22:34:24] 76561198040010982: ESP index=1 target=FFY_SCAR_DK:06051 position=<6209.729004, 10.354060, 11882.062500> action=delete
[COT 2023-5M-25 22:34:24] 76561198040010982: ESP index=2 target=FFY_M4A1_GunMetal:011814 position=<6209.691895, 10.263926, 11882.679688> action=delete
[COT 2023-5M-25 22:34:24] 76561198040010982: ESP index=3 target=M4A1:011833 position=<6210.564941, 10.107734, 11884.263672> action=delete
[COT 2023-5M-25 22:34:24] 76561198040010982: ESP action=delete_all count=4 attempted=4
[COT 2023-5M-25 22:34:27] 76561198040010982: ESP index=0 target=FFY_SCAR_DK:011830 position=<6209.729004, 10.354060, 11882.062500> action=delete
[COT 2023-5M-25 22:34:27] 76561198040010982: ESP action=delete_all count=1 attempted=1
[COT 2023-5M-25 22:34:29] 76561198040010982: ESP index=0 target=SN_Auto_Shotgun:08048 position=<6245.826660, 20.028673, 11797.800781> action=delete
[COT 2023-5M-25 22:34:29] 76561198040010982: ESP action=delete_all count=1 attempted=1
[COT 2023-5M-25 22:34:41] 76561198040010982: Set GodMode To true [guid=8vtfObsTQABYXpVHaEsAuZ5QTEAjCvC2a-AZwd4E5dw=]
[COT 2023-5M-25 22:35:27] 76561199176957808: ESP: Viewing ESP
[COT 2023-5M-25 22:36:4s] 76561199176957808: ESP index=0 target=Snafu_ScarH_DKMC_GUN:08685 position=<6191.573242, -4.708832, 11991.024414> action=delete
[COT 2023-5M-25 22:36:4s] 76561199176957808: ESP action=delete_all count=1 attempted=1
[COT 2023-5M-25 22:36:39] 76561198040010982: Entered the Free Camera
[COT 2023-5M-25 22:36:42] 76561198040010982: Left the Free Camera
[COT 2023-5M-25 22:41:39] 76561199176957808: Spawned Entity Tactical Vest (HighCapacityVest_ColorBase<11a1cc80>, -1, 120) at <6194.022461, 4.745418, 11934.457031>
[COT 2023-5M-25 22:41:54] 76561199176957808: Spawned Entity Holster (dzn_platecarrierholster_nac<113b0ff0>, -1, 100) at <6194.022461, 4.745418, 11934.457031>
[COT 2023-5M-25 22:42:18] 76561199176957808: Spawned Entity Hunter Boots (CombatBoots_Black<113bf570>, -1, 160) at <6194.022461, 4.745418, 11934.457031>
[COT 2023-5M-25 22:42:27] 76561198040010982: Spawned Entity Fireworks Launcher (FireworksLauncher<113c0890>, -1, 30) at <6196.596191, 4.373555, 11936.555664>
[COT 2023-5M-25 22:42:35] 76561198040010982: Spawned Entity Road Flare (Roadflare<113d3a90>, 20, 100) at <6196.596191, 4.373555, 11936.555664>
[COT 2023-5M-25 22:42:35] 76561198040010982: Spawned Entity Road Flare (Roadflare<113cee10>, 20, 100) at <6196.596191, 4.373555, 11936.555664>
[COT 2023-5M-25 22:43:29] 76561198040010982: Spawned Entity Signal Pistol (Flaregun<732b7100>, -1, 150) at <6199.640137, 4.206076, 11937.372070>
[COT 2023-5M-25 22:43:33] 76561198040010982: Spawned Entity Flare (Ammo_Flare<13433cd0>, 1, 100) at <6199.640137, 4.206076, 11937.372070>
[COT 2023-5M-25 22:43:38] 76561199176957808: Spawned Entity Pouches (PlateCarrierPouches<1343df60>, -1, 200) at <6191.783691, 4.449637, 11935.357422>
[COT 2023-5M-25 22:43:48] 76561198040010982: Spawned Entity Flare (Ammo_Flare<13445220>, 1, 100) at <6199.640137, 4.206076, 11937.372070>
[COT 2023-5M-25 22:44:8s] 76561198040010982: Spawned Entity Road Flare (Roadflare<6f7210f0>, 20, 100) at <6199.640137, 4.206076, 11937.372070>
[COT 2023-5M-25 22:44:16] 76561199176957808: Spawned Entity Plate Carrier (PlateCarrierVest<6f722da0>, -1, 300) at <6191.783691, 4.449637, 11935.357422>
[COT 2023-5M-25 22:45:1s] 76561199176957808: Spawned Entity SCAR_DK (SCAR_Base<732b6670>, -1, 200) at <6191.783691, 4.449637, 11935.357422>
[COT 2023-5M-25 22:46:19] 76561199176957808: ESP: Clearing ESP
[COT 2023-5M-25 22:46:30] 76561199176957808: ESP: Viewing ESP
[COT 2023-5M-25 22:46:35] 76561199176957808: ESP index=0 target=MSFC_HighCapacity_Vest_MulticamBlack:04959 position=<6191.783691, 4.455621, 11935.357422> action=delete
[COT 2023-5M-25 22:46:35] 76561199176957808: ESP action=delete_all count=1 attempted=1
[COT 2023-5M-25 22:47:8s] 76561199176957808: ESP: Clearing ESP
[COT 2023-5M-25 22:47:34] 76561199176957808: Spawned Entity Cowboy Hat (CowboyHat_black<d630ab0>, -1, 60) at <6194.027344, 4.570963, 11935.888672>
[COT 2023-5M-25 22:48:30] 76561199176957808: Spawned Entity Field Jacket (M65Jacket_ColorBase<d6297f0>, -1, 150) at <6194.027344, 4.570963, 11935.888672>
[COT 2023-5M-25 22:49:8s] 76561199176957808: Spawned Entity Patrol Pants (GorkaPants_ColorBase<11090c90>, -1, 130) at <6194.027344, 4.570963, 11935.888672>
[COT 2023-5M-25 22:49:50] 76561199176957808: ESP: Viewing ESP
[COT 2023-5M-25 22:50:0s] 76561199176957808: ESP index=0 target=AthleticShoes_Green:010028 position=<6194.022461, 4.733020, 11934.457031> action=delete
[COT 2023-5M-25 22:50:0s] 76561199176957808: ESP index=1 target=Ammo_Flare:06054 position=<6199.640137, 4.217064, 11937.372070> action=delete
[COT 2023-5M-25 22:50:0s] 76561199176957808: ESP index=2 target=FireworksLauncher:09586 position=<6196.596191, 4.385011, 11936.555664> action=delete
[COT 2023-5M-25 22:50:0s] 76561199176957808: ESP action=delete_all count=3 attempted=3
[COT 2023-5M-25 22:50:2s] 76561199176957808: ESP index=0 target=Roadflare:08232 position=<6199.640137, 4.225147, 11937.372070> action=delete
[COT 2023-5M-25 22:50:2s] 76561199176957808: ESP action=delete_all count=1 attempted=1
[COT 2023-5M-25 22:50:17] 76561199176957808: ESP index=0 target=CanvasPants_Blue:09005 position=<6194.027344, 4.547601, 11935.888672> action=delete
[COT 2023-5M-25 22:50:17] 76561199176957808: ESP index=1 target=Roadflare:09932 position=<6189.028809, 5.623078, 11914.621094> action=delete
[COT 2023-5M-25 22:50:17] 76561199176957808: ESP action=delete_all count=2 attempted=2
[COT 2023-5M-25 22:50:27] 76561199176957808: ESP index=0 target=Shirt_PlaneBlack:05645 position=<6194.027344, 4.566662, 11935.888672> action=delete
[COT 2023-5M-25 22:50:27] 76561199176957808: ESP action=delete_all count=1 attempted=1
[COT 2023-5M-25 22:50:57] 76561199176957808: ESP: Clearing ESP
[COT 2023-5M-25 22:50:58] 76561199176957808: ESP: Viewing ESP
[COT 2023-5M-25 22:51:4s] 76561199176957808: ESP index=0 target=FFY_SCAR_DK:04576 position=<6194.927246, 4.982499, 11932.064453> action=delete
[COT 2023-5M-25 22:51:4s] 76561199176957808: ESP action=delete_all count=1 attempted=1
[COT 2023-5M-25 22:51:36] 76561199176957808: Spawned Entity Snipex Alligator (SNAFUAlligator<732901d0>, -1, 300) at <6197.480469, 4.623337, 11933.322266>
[COT 2023-5M-25 22:51:39] 76561199176957808: Spawned Entity Alligator 5rnd Mag (SNAFUAlligator_5rdMag<110bd030>, 1, 200) at <6197.480469, 4.623337, 11933.322266>
[COT 2023-5M-25 22:51:39] 76561199176957808: Spawned Entity Alligator 5rnd Mag (SNAFUAlligator_5rdMag<110bd9c0>, 1, 200) at <6197.480469, 4.623337, 11933.322266>
[COT 2023-5M-25 22:51:40] 76561199176957808: Spawned Entity Alligator 5rnd Mag (SNAFUAlligator_5rdMag<110b96d0>, 1, 200) at <6197.480469, 4.623337, 11933.322266>
[COT 2023-5M-25 22:51:40] 76561199176957808: Spawned Entity Alligator 5rnd Mag (SNAFUAlligator_5rdMag<110ba060>, 1, 200) at <6197.480469, 4.623337, 11933.322266>
[COT 2023-5M-25 22:52:13] 76561199176957808: ESP: Clearing ESP
[COT 2023-5M-25 22:53:21] 76561199176957808: Spawned Entity Field Backpack (AliceBag_Black<95edcf0>, -1, 130) at <6197.480469, 4.623337, 11933.322266>
[COT 2023-5M-25 22:55:18] 76561199176957808: Spawned Entity CQR Forefrip. (SNAFU_FGCR_Grip<1469f8c0>, -1, 200) at <6197.480469, 4.623337, 11933.322266>
[COT 2023-5M-25 22:55:31] 76561199176957808: Spawned Entity ATOG 6x48 Scope (ACOGOptic_6x<91dbe30>, -1, 50) at <6197.480469, 4.623337, 11933.322266>
[COT 2023-5M-25 22:56:7s] 76561199176957808: Spawned Entity Universal Cordura BK SUP (SNAFU_Standardized_Suppressor_Black<bb60290>, -1, 20) at <6197.480469, 4.623337, 11933.322266>
[COT 2023-5M-25 22:56:57] 76561199176957808: Spawned Entity Universal Flashlight (UniversalLight<12bf62a0>, -1, 70) at <6197.480469, 4.623337, 11933.322266>
[COT 2023-5M-25 22:57:5s] 76561199176957808: Spawned Entity 9V Battery (Battery9V<12bf75c0>, 50, 20) at <6197.480469, 4.623337, 11933.322266>
[COT 2023-5M-25 22:58:12] 76561198401795791: Entered the Free Camera
[COT 2023-5M-25 22:58:28] 76561199176957808: Spawned Entity SNAFU AR DMR Optic 12X (SNAFU_HuntingOptic<1f99e110>, -1, 50) at <6196.527344, 4.504025, 11934.955078>
[COT 2023-5M-25 22:58:58] 76561198401795791: Left the Free Camera
[COT 2023-5M-25 22:59:53] 76561199176957808: Spawned Entity Model 500 Competitor (SNAFUMagnum500<b9c8040>, -1, 200) at <6196.527344, 4.504025, 11934.955078>
