[COT 2023-5M-24 22:43:46] 76561198040010982: Teleported to position <9021.777344, 8.915361, 10131.314453>
[COT 2023-5M-24 22:43:57] 76561198040010982: Teleported to position <6801.373047, 15.000000, 11661.072266>
[COT 2023-5M-24 22:44:10] 76561198040010982: Teleported to position <4454.055664, 3.992864, 11184.532227>
[COT 2023-5M-24 22:44:28] 76561198040010982: Set GodMode To true [guid=8vtfObsTQABYXpVHaEsAuZ5QTEAjCvC2a-AZwd4E5dw=]
[COT 2023-5M-24 22:44:29] 76561198040010982: Set Invisibility To 1 [guid=8vtfObsTQABYXpVHaEsAuZ5QTEAjCvC2a-AZwd4E5dw=]
[COT 2023-5M-24 22:44:30] 76561198040010982: Set cannot be targeted by AI to true [guid=8vtfObsTQABYXpVHaEsAuZ5QTEAjCvC2a-AZwd4E5dw=]
[COT 2023-5M-24 22:45:23] 76561198040010982: Teleported to position <6350.339355, 20.910086, 9368.554688>
[COT 2023-5M-24 22:46:30] 76561198040010982: Teleported [guid=QOVCOk5flZ8LlxY_vIXEUxFpj4R6rL-wr-TF8_b4xZo=] to <6317.270020, 20.743626, 9487.367188>
[COT 2023-5M-24 22:46:49] 76561198040010982: Spawned Entity 100 Ruble Note (ItemBase<662f4b10>, 500, 100) at <6319.282715, 20.718773, 9485.724609>
[COT 2023-5M-24 22:46:50] 76561198040010982: Spawned Entity 100 Ruble Note (ItemBase<662f24d0>, 500, 100) at <6319.282715, 20.718773, 9485.724609>
[COT 2023-5M-24 22:46:50] 76561198040010982: Spawned Entity 100 Ruble Note (ItemBase<662f67c0>, 500, 100) at <6319.282715, 20.718773, 9485.724609>
[COT 2023-5M-24 22:46:50] 76561198040010982: Spawned Entity 100 Ruble Note (ItemBase<662f54a0>, 500, 100) at <6319.282715, 20.718773, 9485.724609>
[COT 2023-5M-24 22:46:50] 76561198040010982: Spawned Entity 100 Ruble Note (ItemBase<662f2e60>, 500, 100) at <6319.282715, 20.718773, 9485.724609>
[COT 2023-5M-24 22:46:50] 76561198040010982: Spawned Entity 100 Ruble Note (ItemBase<662f5e30>, 500, 100) at <6319.282715, 20.718773, 9485.724609>
[COT 2023-5M-24 22:46:59] 76561198040010982: Set Invisibility To 0 [guid=8vtfObsTQABYXpVHaEsAuZ5QTEAjCvC2a-AZwd4E5dw=]
[COT 2023-5M-24 22:47:3s] 76561198040010982: Set cannot be targeted by AI to true [guid=8vtfObsTQABYXpVHaEsAuZ5QTEAjCvC2a-AZwd4E5dw=]
[COT 2023-5M-24 22:47:38] 76561198040010982: Spawned Entity GINNEH (M4A1_Base<66259400>, -1, 200) at <6316.617676, 20.731096, 9490.331055>
[COT 2023-5M-24 22:48:9s] 76561198401795791: Teleported to <6329.780762, 20.714659, 9486.333984> [guid=QOVCOk5flZ8LlxY_vIXEUxFpj4R6rL-wr-TF8_b4xZo=]
[COT 2023-5M-24 22:52:40] 76561198040010982: Spawned Entity GINNEH (M4A1_Base<6625be40>, -1, 200) at <6302.550781, 20.766102, 9503.652344>
[COT 2023-5M-24 22:54:6s] 76561198401795791: ESP: Viewing ESP
[COT 2023-5M-24 22:54:15] 76561198401795791: ESP: Clearing ESP
[COT 2023-5M-24 22:54:18] 76561198040010982: Spawned Entity ThatGuy4040 (TShirt_Black<6bcf7220>, -1, 50) at <6206.995117, 20.982492, 9461.977539>
[COT 2023-5M-24 22:54:18] 76561198401795791: ESP: ESP updating
[COT 2023-5M-24 22:54:42] 76561198401795791: Deleted Entity FFY_M4A4_GunMetal:010840 at <6313.513184, 20.769159, 9497.207031>
[COT 2023-5M-24 22:54:46] 76561198401795791: ESP target=FFY_M4A4_GunMetal:010816 position=<6312.273438, 20.789009, 9495.493164> action=delete
[COT 2023-5M-24 22:54:55] 76561198040010982: Spawned Entity GINNEH (M4A1_Base<66260830>, -1, 200) at <6212.494629, 20.979664, 9464.216797>
[COT 2023-5M-24 22:54:55] 76561198040010982: Spawned Entity GINNEH (M4A1_Base<66259400>, -1, 200) at <6212.494629, 20.979664, 9464.216797>
[COT 2023-5M-24 22:54:56] 76561198040010982: Spawned Entity GINNEH (M4A1_Base<6625be40>, -1, 200) at <6212.494629, 20.979664, 9464.216797>
[COT 2023-5M-24 22:54:57] 76561198401795791: ESP: Clearing ESP
[COT 2023-5M-24 22:56:13] 76561198040010982: Spawned Entity M4-A1 (M4A1_Base<662705b0>, -1, 200) at <6301.097656, 20.773657, 9493.047852>
