[COT 2023-05-29 16:35:18] 76561198040010982: Entered the Free Camera
[COT 2023-05-29 16:35:31] 76561198040010982: Left the Free Camera
[COT 2023-05-29 16:37:48] 76561198040010982: Healed [guid=8vtfObsTQABYXpVHaEsAuZ5QTEAjCvC2a-AZwd4E5dw=]
[COT 2023-05-29 16:37:49] 76561198040010982: Healed [guid=8vtfObsTQABYXpVHaEsAuZ5QTEAjCvC2a-AZwd4E5dw=]
[COT 2023-05-29 16:39:27] 76561198040010982: ESP: Viewing ESP
[COT 2023-05-29 16:39:30] 76561198040010982: ESP: Clearing ESP
[COT 2023-05-29 16:39:30] 76561198040010982: ESP: Viewing ESP
[COT 2023-05-29 16:40:48] 76561198040010982: Spawned Entity SCAR_DK (Snafu_ScarH_Base<a326d030>, -1, 200) at <2833.558594, 6.284908, 11101.813477>
[COT 2023-05-29 16:40:48] 76561198040010982: Spawned Entity SCAR_DK (Snafu_ScarH_Base<a326e850>, -1, 200) at <2833.558594, 6.284908, 11101.813477>
[COT 2023-05-29 16:41:00] 76561198040010982: Healed [guid=8vtfObsTQABYXpVHaEsAuZ5QTEAjCvC2a-AZwd4E5dw=]
[COT 2023-05-29 16:41:01] 76561198040010982: Healed [guid=8vtfObsTQABYXpVHaEsAuZ5QTEAjCvC2a-AZwd4E5dw=]
[COT 2023-05-29 16:41:21] 76561198040010982: Entered the Free Camera
[COT 2023-05-29 16:41:30] 76561198040010982: Left the Free Camera
[COT 2023-05-29 16:46:20] 76561198930893538: Set UnlimitedAmmo To true [guid=QOVCOk5flZ8LlxY_vIXEUxFpj4R6rL-wr-TF8_b4xZo=]
[COT 2023-05-29 16:46:35] 76561198930893538: ESP: Viewing ESP
[COT 2023-05-29 16:48:53] 76561198930893538: Spawned Entity Blood Test Kit (BloodTestKit<d4b3b8c0>, -1, 15) at <6868.220703, 4.200984, 9937.710938>
[COT 2023-05-29 16:50:20] 76561198040010982: ESP: Clearing ESP
[COT 2023-05-29 16:53:49] 76561199176957808: Set UnlimitedStamina To true [guid=zhJxvJUIQcTeCgEZ3Xhlvc_WjNMgSdId2I-HV3Jo6tA=]
[COT 2023-05-29 16:53:50] 76561199176957808: Set UnlimitedAmmo To true [guid=zhJxvJUIQcTeCgEZ3Xhlvc_WjNMgSdId2I-HV3Jo6tA=]
[COT 2023-05-29 16:53:51] 76561199176957808: Set cannot be targeted by AI to true [guid=zhJxvJUIQcTeCgEZ3Xhlvc_WjNMgSdId2I-HV3Jo6tA=]
[COT 2023-05-29 16:53:51] 76561199176957808: Set cannot be targeted by AI to false [guid=zhJxvJUIQcTeCgEZ3Xhlvc_WjNMgSdId2I-HV3Jo6tA=]
[COT 2023-05-29 16:54:02] 76561198930893538: Spawned Entity 1-M8 Smoke Grenade (M18SmokeGrenade_Green<c712beb0>, -1, 20) at <6652.187500, 11.132503, 10180.633789>
[COT 2023-05-29 16:54:22] 76561199176957808: Teleported to <6653.718750, 11.674014, 10181.605469> [guid=QOVCOk5flZ8LlxY_vIXEUxFpj4R6rL-wr-TF8_b4xZo=]
[COT 2023-05-29 16:55:02] 76561198930893538: Repaired Transport [guid=8vtfObsTQABYXpVHaEsAuZ5QTEAjCvC2a-AZwd4E5dw=]
[COT 2023-05-29 16:55:05] 76561198930893538: Repaired Transport [guid=8vtfObsTQABYXpVHaEsAuZ5QTEAjCvC2a-AZwd4E5dw=]
[COT 2023-05-29 16:55:05] 76561198930893538: Repaired Transport [guid=8vtfObsTQABYXpVHaEsAuZ5QTEAjCvC2a-AZwd4E5dw=]
[COT 2023-05-29 16:55:05] 76561198930893538: Repaired Transport [guid=8vtfObsTQABYXpVHaEsAuZ5QTEAjCvC2a-AZwd4E5dw=]
[COT 2023-05-29 16:55:05] 76561198930893538: Repaired Transport [guid=8vtfObsTQABYXpVHaEsAuZ5QTEAjCvC2a-AZwd4E5dw=]
[COT 2023-05-29 16:55:05] 76561198930893538: Repaired Transport [guid=8vtfObsTQABYXpVHaEsAuZ5QTEAjCvC2a-AZwd4E5dw=]
[COT 2023-05-29 16:55:06] 76561198930893538: Repaired Transport [guid=8vtfObsTQABYXpVHaEsAuZ5QTEAjCvC2a-AZwd4E5dw=]
[COT 2023-05-29 16:55:06] 76561198930893538: Repaired Transport [guid=8vtfObsTQABYXpVHaEsAuZ5QTEAjCvC2a-AZwd4E5dw=]
[COT 2023-05-29 16:55:06] 76561198930893538: Repaired Transport [guid=8vtfObsTQABYXpVHaEsAuZ5QTEAjCvC2a-AZwd4E5dw=]
[COT 2023-05-29 16:55:47] 76561198930893538: ESP: Clearing ESP
[COT 2023-05-29 16:55:47] 76561198930893538: ESP: Viewing ESP
[COT 2023-05-29 16:57:59] 76561198930893538: ESP: Clearing ESP
[COT 2023-05-29 16:59:06] 76561198040010982: Set rain to 0.8 0 0
[COT 2023-05-29 16:59:06] 76561198040010982: Set storm to 0.64 0.8 4000
[COT 2023-05-29 16:59:06] 76561198040010982: Set fog to 0.3 0 0
[COT 2023-05-29 16:59:06] 76561198040010982: Set overcast to 1 0 0
[COT 2023-05-29 16:59:06] 76561198040010982: Set wind to 0.56 0.7 1
[COT 2023-05-29 16:59:07] 76561198040010982: Set rain to 0.8 0 0
[COT 2023-05-29 16:59:07] 76561198040010982: Set storm to 0.64 0.8 4000
[COT 2023-05-29 16:59:07] 76561198040010982: Set fog to 0.3 0 0
[COT 2023-05-29 16:59:07] 76561198040010982: Set overcast to 1 0 0
[COT 2023-05-29 16:59:07] 76561198040010982: Set the date to 2011/12/13 15:2
[COT 2023-05-29 16:59:07] 76561198040010982: Set wind to 0.7 0.7 1
[COT 2023-05-29 17:07:07] 76561198040010982: Spawned Entity Universal Flashlight (UniversalLight<d36cb0d0>, -1, 70) at <8596.406250, 14.732444, 10498.874023>
[COT 2023-05-29 17:07:07] 76561198040010982: Spawned Entity Universal Flashlight (UniversalLight<d36cbbe0>, -1, 70) at <8596.406250, 14.732444, 10498.874023>
[COT 2023-05-29 17:07:12] 76561198040010982: Spawned Entity 9V Battery (Battery9V<d36cd200>, 50, 20) at <8596.406250, 14.732444, 10498.874023>
[COT 2023-05-29 17:07:12] 76561198040010982: Spawned Entity 9V Battery (Battery9V<d36d8300>, 50, 20) at <8596.406250, 14.732444, 10498.874023>
[COT 2023-05-29 17:13:29] 76561198040010982: Spawned Entity 50Rnd MPX Magazine (Mag_Expansion_MPX_50Rnd<689b16f0>, 1, 100) at <8395.090820, 14.980632, 10697.542969>
[COT 2023-05-29 17:13:30] 76561198040010982: Spawned Entity 50Rnd MPX Magazine (Mag_Expansion_MPX_50Rnd<689b2d10>, 1, 100) at <8395.090820, 14.980632, 10697.542969>
[COT 2023-05-29 17:14:04] 76561199176957808: Healed [guid=zhJxvJUIQcTeCgEZ3Xhlvc_WjNMgSdId2I-HV3Jo6tA=]
[COT 2023-05-29 17:14:32] 76561198040010982: Spawned Entity Canned Baked Beans (BakedBeansCan_Opened<68482b20>, 400, 100) at <8352.754883, 15.046727, 10773.364258>
[COT 2023-05-29 17:14:32] 76561198040010982: Spawned Entity Canned Baked Beans (BakedBeansCan_Opened<6847ddb0>, 400, 100) at <8352.754883, 15.046727, 10773.364258>
[COT 2023-05-29 17:14:32] 76561198040010982: Spawned Entity Canned Baked Beans (BakedBeansCan_Opened<68488eb0>, 400, 100) at <8352.754883, 15.046727, 10773.364258>
[COT 2023-05-29 17:15:26] 76561198040010982: Spawned Entity Supply Signal (Expansion_Ammo_FlareSupplyBase<684a2800>, 1, 100) at <8352.781250, 15.046716, 10773.144531>
[COT 2023-05-29 17:15:26] 76561198040010982: Spawned Entity Supply Signal (Expansion_Ammo_FlareSupplyBase<6849c470>, 1, 100) at <8352.781250, 15.046716, 10773.144531>
[COT 2023-05-29 17:15:51] 76561198040010982: Set the date to 2011/12/13 12:0
[COT 2023-05-29 17:17:24] 76561198401795791: Spawned Entity Signal Pistol (Flaregun<c71373a0>, -1, 150) at <8277.137695, 15.012500, 10847.627930>
[COT 2023-05-29 17:17:40] 76561199176957808: Set GodMode To true [guid=zhJxvJUIQcTeCgEZ3Xhlvc_WjNMgSdId2I-HV3Jo6tA=]
[COT 2023-05-29 17:17:41] 76561199176957808: Set cannot be targeted by AI to true [guid=zhJxvJUIQcTeCgEZ3Xhlvc_WjNMgSdId2I-HV3Jo6tA=]
[COT 2023-05-29 17:18:27] 76561198040010982: Spawned Entity Supply Signal (Expansion_Ammo_FlareSupplyBase<6767b980>, 1, 100) at <8275.467773, 15.012500, 10849.147461>
[COT 2023-05-29 17:18:30] 76561198040010982: Spawned Entity Signal Pistol (Flaregun<c713ec40>, -1, 150) at <8275.467773, 15.012500, 10849.147461>
[COT 2023-05-29 17:18:30] 76561199176957808: ESP: Viewing ESP
[COT 2023-05-29 17:18:33] 76561199176957808: ESP index=0 target=FFY_SCAR_DK:012946 position=<8272.687500, 15.071625, 10853.370117> action=delete
[COT 2023-05-29 17:18:33] 76561199176957808: ESP action=delete_all count=1 attempted=1
[COT 2023-05-29 17:18:46] 76561199176957808: Spawned Entity SCAR_DK (Snafu_ScarH_Base<643decb0>, -1, 200) at <8267.688477, 15.007154, 10853.977539>
[COT 2023-05-29 17:18:50] 76561198930893538: Spawned Entity Signal Pistol (Flaregun<643dbc70>, -1, 150) at <8276.250000, 15.012416, 10847.633789>
[COT 2023-05-29 17:18:53] 76561198930893538: Spawned Entity Flare (Expansion_Ammo_FlareSupplyRed<66c091a0>, 1, 100) at <8276.250000, 15.012416, 10847.633789>
[COT 2023-05-29 17:19:14] 76561198040010982: Spawned Entity Supply Signal (ExpansionSupplySignal<643e04d0>, -1, 20) at <8277.205078, 15.012473, 10851.184570>
[COT 2023-05-29 17:19:15] 76561198040010982: Spawned Entity Supply Signal (ExpansionSupplySignal<643dc880>, -1, 20) at <8277.205078, 15.012473, 10851.184570>
[COT 2023-05-29 17:19:29] 76561199176957808: ESP index=0 target=FFY_SCAR_DK:08365 position=<8271.166016, 15.069853, 10852.703125> action=delete
[COT 2023-05-29 17:19:29] 76561199176957808: ESP action=delete_all count=1 attempted=1
[COT 2023-05-29 17:20:04] 76561199176957808: Spawned Entity SNAFU Scar-H BK (Snafu_ScarH_Black_GUN<643decb0>, -1, 200) at <8267.421875, 15.007615, 10854.538086>
[COT 2023-05-29 17:22:45] 76561199176957808: Set GodMode To true [guid=zhJxvJUIQcTeCgEZ3Xhlvc_WjNMgSdId2I-HV3Jo6tA=]
[COT 2023-05-29 17:22:49] 76561199176957808: Set UnlimitedStamina To true [guid=zhJxvJUIQcTeCgEZ3Xhlvc_WjNMgSdId2I-HV3Jo6tA=]
[COT 2023-05-29 17:22:50] 76561199176957808: Set UnlimitedAmmo To true [guid=zhJxvJUIQcTeCgEZ3Xhlvc_WjNMgSdId2I-HV3Jo6tA=]
[COT 2023-05-29 17:22:51] 76561199176957808: Set cannot be targeted by AI to true [guid=zhJxvJUIQcTeCgEZ3Xhlvc_WjNMgSdId2I-HV3Jo6tA=]
[COT 2023-05-29 17:23:11] 76561198930893538: Spawned Entity Tango6T Black 6X (SNAFU_Tango6T_Base<d2211fa0>, -1, 150) at <8268.641602, 15.004275, 10851.217773>
