19:00:34.031 [Party] Player "FluffFaceYeti" (id=8vtfObsTQABYXpVHaEsAuZ5QTEAjCvC2a-AZwd4E5dw=) joinded the party "Admins" (id=0 ownerUID=8vtfObsTQABYXpVHaEsAuZ5QTEAjCvC2a-AZwd4E5dw= ownerName=FluffFaceYeti)
19:00:34.039 [Expansion Quests] - InitQuestSystemClient - Loaded existing player quest data for player with UID: 8vtfObsTQABYXpVHaEsAuZ5QTEAjCvC2a-AZwd4E5dw=
19:00:34.039 [Expansion Quests] - InitClientQuests_NormalQuests - Create new quest instance for quest: 9 - Creator UID: 8vtfObsTQABYXpVHaEsAuZ5QTEAjCvC2a-AZwd4E5dw=
19:00:34.039 [Expansion Quests] - InitClientQuests_NormalQuests - Create new quest instance for quest: 11 - Creator UID: 8vtfObsTQABYXpVHaEsAuZ5QTEAjCvC2a-AZwd4E5dw=
19:00:38.359 [Party] Player "thatguy404" (id=QjlZXS0Ark29Vwx4GPzro34d4Mh-vfgK6BY62FOJWUg=) joinded the party "Boogaloo Boiz" (id=2 ownerUID=QOVCOk5flZ8LlxY_vIXEUxFpj4R6rL-wr-TF8_b4xZo= ownerName=Vitellius)
19:00:38.367 [Expansion Quests] - InitQuestSystemClient - Loaded existing player quest data for player with UID: QjlZXS0Ark29Vwx4GPzro34d4Mh-vfgK6BY62FOJWUg=
19:00:38.367 [Expansion Quests] - InitClientQuests_NormalQuests - Create new quest instance for quest: 9 - Creator UID: QjlZXS0Ark29Vwx4GPzro34d4Mh-vfgK6BY62FOJWUg=
19:00:38.367 [Expansion Quests] - InitClientQuests_NormalQuests - Create new quest instance for quest: 11 - Creator UID: QjlZXS0Ark29Vwx4GPzro34d4Mh-vfgK6BY62FOJWUg=
19:00:41.718 [AI Patrol] Spawning 4 Shamans bots at <6743.054199, 15.211398, 11272.536133>
19:00:41.796 [AI Patrol] Spawning 3 Shamans bots at <7042.525391, 1.207969, 9952.264648>
19:01:24.609 [Party] Player "Vitellius" (id=QOVCOk5flZ8LlxY_vIXEUxFpj4R6rL-wr-TF8_b4xZo=) joinded the party "Boogaloo Boiz" (id=2 ownerUID=QOVCOk5flZ8LlxY_vIXEUxFpj4R6rL-wr-TF8_b4xZo= ownerName=Vitellius)
19:01:24.617 [Expansion Quests] - InitQuestSystemClient - Loaded existing player quest data for player with UID: QOVCOk5flZ8LlxY_vIXEUxFpj4R6rL-wr-TF8_b4xZo=
19:01:24.617 [Expansion Quests] - InitClientQuests_NormalQuests - Create new quest instance for quest: 11 - Creator UID: QOVCOk5flZ8LlxY_vIXEUxFpj4R6rL-wr-TF8_b4xZo=
19:01:35.828 [VehicleEnter] Player thatguy404 [uid=QjlZXS0Ark29Vwx4GPzro34d4Mh-vfgK6BY62FOJWUg=] entered vehicle UAZ 469 Cargo Roofless (id=B2F7B6A13C4D73B6BFA6BFA935F2CF43 pos=<7409.970215, 15.055076, 10779.275391>) as driver
19:01:47.804 [VehicleEngine] Player thatguy404 [uid=QjlZXS0Ark29Vwx4GPzro34d4Mh-vfgK6BY62FOJWUg=] started vehicle UAZ 469 Cargo Roofless (id=B2F7B6A13C4D73B6BFA6BFA935F2CF43 pos=<7409.969727, 15.055074, 10779.275391>)
19:01:49.132 [VehicleEnter] Player Vitellius [uid=QOVCOk5flZ8LlxY_vIXEUxFpj4R6rL-wr-TF8_b4xZo=] entered vehicle UAZ 469 Cargo Roofless (id=B2F7B6A13C4D73B6BFA6BFA935F2CF43 pos=<7409.970215, 15.055076, 10779.275391>) as passenger
19:02:36.726 [AI Patrol] Spawning 4 Shamans bots at <6983.222168, 1.784783, 11934.023438>
19:04:02.578 [AI Patrol] Spawning 2 Shamans bots at <5550.018555, 37.312035, 9631.368164>
19:04:12.328 [AI Patrol] Spawning 2 Shamans bots at <5625.649414, 57.219940, 11102.520508>
19:04:56.726 [AI Patrol] Spawning 4 Shamans bots at <4959.942871, 7.412415, 9668.135742>
19:05:44.328 [VehicleLeave] Player Vitellius [uid=QOVCOk5flZ8LlxY_vIXEUxFpj4R6rL-wr-TF8_b4xZo=] left vehicle UAZ 469 Cargo Roofless (id=B2F7B6A13C4D73B6BFA6BFA935F2CF43 pos=<5583.102539, 34.782978, 10277.633789>)
19:05:44.351 [VehicleEngine] Player thatguy404 [uid=QjlZXS0Ark29Vwx4GPzro34d4Mh-vfgK6BY62FOJWUg=] stopped vehicle UAZ 469 Cargo Roofless (id=B2F7B6A13C4D73B6BFA6BFA935F2CF43 pos=<5583.102539, 34.782997, 10277.633789>)
19:05:48.437 [VehicleLeave] Player thatguy404 [uid=QjlZXS0Ark29Vwx4GPzro34d4Mh-vfgK6BY62FOJWUg=] left vehicle UAZ 469 Cargo Roofless (id=B2F7B6A13C4D73B6BFA6BFA935F2CF43 pos=<5583.102539, 34.782955, 10277.633789>)
19:08:17.507 [Market] Player "FluffFaceYeti" (id=8vtfObsTQABYXpVHaEsAuZ5QTEAjCvC2a-AZwd4E5dw=) has send a requested to purchase snafu_ar15_modular16_gun x1 from the trader "BlackMarket (Gabi [Black Market])" in market zone "Black Market Trading Zone" (pos=<1222.410034, 2.012460, 11845.200195>).
19:08:17.656 [Market] Player "FluffFaceYeti" (id=8vtfObsTQABYXpVHaEsAuZ5QTEAjCvC2a-AZwd4E5dw=) has bought snafu_ar15_modular16_gun x1 from the trader "BlackMarket (Gabi [Black Market])" in market zone "Black Market Trading Zone" (pos=<1222.410034, 2.012460, 11845.200195>) for a price of 18320.
19:10:35.976 [VehicleEnter] Player thatguy404 [uid=QjlZXS0Ark29Vwx4GPzro34d4Mh-vfgK6BY62FOJWUg=] entered vehicle UAZ 469 Cargo Roofless (id=B2F7B6A13C4D73B6BFA6BFA935F2CF43 pos=<5583.102539, 34.782974, 10277.633789>) as driver
19:10:37.843 [VehicleEnter] Player Vitellius [uid=QOVCOk5flZ8LlxY_vIXEUxFpj4R6rL-wr-TF8_b4xZo=] entered vehicle UAZ 469 Cargo Roofless (id=B2F7B6A13C4D73B6BFA6BFA935F2CF43 pos=<5583.102539, 34.782982, 10277.633789>) as passenger
19:10:41.585 [VehicleEngine] Player thatguy404 [uid=QjlZXS0Ark29Vwx4GPzro34d4Mh-vfgK6BY62FOJWUg=] started vehicle UAZ 469 Cargo Roofless (id=B2F7B6A13C4D73B6BFA6BFA935F2CF43 pos=<5583.102539, 34.783009, 10277.633789>)
19:12:31.867 [VehicleEngine] Player thatguy404 [uid=QjlZXS0Ark29Vwx4GPzro34d4Mh-vfgK6BY62FOJWUg=] stopped vehicle UAZ 469 Cargo Roofless (id=B2F7B6A13C4D73B6BFA6BFA935F2CF43 pos=<5676.123535, 19.640692, 10025.750000>)
19:12:37.296 [VehicleLeave] Player Vitellius [uid=QOVCOk5flZ8LlxY_vIXEUxFpj4R6rL-wr-TF8_b4xZo=] left vehicle UAZ 469 Cargo Roofless (id=B2F7B6A13C4D73B6BFA6BFA935F2CF43 pos=<5676.123535, 19.640833, 10025.750000>)
19:12:39.265 [VehicleLeave] Player thatguy404 [uid=QjlZXS0Ark29Vwx4GPzro34d4Mh-vfgK6BY62FOJWUg=] left vehicle UAZ 469 Cargo Roofless (id=B2F7B6A13C4D73B6BFA6BFA935F2CF43 pos=<5676.123535, 19.640785, 10025.750000>)
19:13:36.875 [Market] Player "FluffFaceYeti" (id=8vtfObsTQABYXpVHaEsAuZ5QTEAjCvC2a-AZwd4E5dw=) has send a requested to purchase snafu_afg_02_black x1 from the trader "BlackMarket (Gabi [Black Market])" in market zone "Black Market Trading Zone" (pos=<1222.410034, 2.012460, 11845.200195>).
19:13:37.015 [Market] Player "FluffFaceYeti" (id=8vtfObsTQABYXpVHaEsAuZ5QTEAjCvC2a-AZwd4E5dw=) has bought snafu_afg_02_black x1 from the trader "BlackMarket (Gabi [Black Market])" in market zone "Black Market Trading Zone" (pos=<1222.410034, 2.012460, 11845.200195>) for a price of 400.
19:13:56.429 [Market] Player "FluffFaceYeti" (id=8vtfObsTQABYXpVHaEsAuZ5QTEAjCvC2a-AZwd4E5dw=) has send a requested to purchase snafu_hhuntingoptic x1 from the trader "BlackMarket (Gabi [Black Market])" in market zone "Black Market Trading Zone" (pos=<1222.410034, 2.012460, 11845.200195>).
19:13:56.578 [Market] Player "FluffFaceYeti" (id=8vtfObsTQABYXpVHaEsAuZ5QTEAjCvC2a-AZwd4E5dw=) has bought snafu_hhuntingoptic x1 from the trader "BlackMarket (Gabi [Black Market])" in market zone "Black Market Trading Zone" (pos=<1222.410034, 2.012460, 11845.200195>) for a price of 400.
19:13:58.968 [Market] Player "FluffFaceYeti" (id=8vtfObsTQABYXpVHaEsAuZ5QTEAjCvC2a-AZwd4E5dw=) has send a requested to purchase snafu_nightforce x1 from the trader "BlackMarket (Gabi [Black Market])" in market zone "Black Market Trading Zone" (pos=<1222.410034, 2.012460, 11845.200195>).
19:13:59.117 [Market] Player "FluffFaceYeti" (id=8vtfObsTQABYXpVHaEsAuZ5QTEAjCvC2a-AZwd4E5dw=) has bought snafu_nightforce x1 from the trader "BlackMarket (Gabi [Black Market])" in market zone "Black Market Trading Zone" (pos=<1222.410034, 2.012460, 11845.200195>) for a price of 400.
19:14:13.953 [Market] Player "FluffFaceYeti" (id=8vtfObsTQABYXpVHaEsAuZ5QTEAjCvC2a-AZwd4E5dw=) has send a requested to purchase snafu_408_suppressor_t x1 from the trader "BlackMarket (Gabi [Black Market])" in market zone "Black Market Trading Zone" (pos=<1222.410034, 2.012460, 11845.200195>).
19:14:14.101 [Market] Player "FluffFaceYeti" (id=8vtfObsTQABYXpVHaEsAuZ5QTEAjCvC2a-AZwd4E5dw=) has bought snafu_408_suppressor_t x1 from the trader "BlackMarket (Gabi [Black Market])" in market zone "Black Market Trading Zone" (pos=<1222.410034, 2.012460, 11845.200195>) for a price of 400.
19:16:52.335 [AI Patrol] Spawning 2 Shamans bots at <1116.065796, 2.296612, 11869.489258>
19:16:57.039 [AI Patrol] Spawning 2 Shamans bots at <2000.727661, 2.000000, 10800.348633>
19:21:12.718 [VehicleEnter] Player Vitellius [uid=QOVCOk5flZ8LlxY_vIXEUxFpj4R6rL-wr-TF8_b4xZo=] entered vehicle UAZ 469 Cargo Roofless (id=B2F7B6A13C4D73B6BFA6BFA935F2CF43 pos=<5676.123535, 19.640886, 10025.750000>) as driver
19:21:18.039 [VehicleEngine] Player Vitellius [uid=QOVCOk5flZ8LlxY_vIXEUxFpj4R6rL-wr-TF8_b4xZo=] started vehicle UAZ 469 Cargo Roofless (id=B2F7B6A13C4D73B6BFA6BFA935F2CF43 pos=<5676.123535, 19.640903, 10025.750000>)
19:22:10.421 [VehicleEngine] Player Vitellius [uid=QOVCOk5flZ8LlxY_vIXEUxFpj4R6rL-wr-TF8_b4xZo=] stopped vehicle UAZ 469 Cargo Roofless (id=B2F7B6A13C4D73B6BFA6BFA935F2CF43 pos=<5642.831543, 19.427069, 9692.508789>)
19:22:14.125 [VehicleLeave] Player Vitellius [uid=QOVCOk5flZ8LlxY_vIXEUxFpj4R6rL-wr-TF8_b4xZo=] left vehicle UAZ 469 Cargo Roofless (id=B2F7B6A13C4D73B6BFA6BFA935F2CF43 pos=<5642.831543, 19.427044, 9692.508789>)
19:31:47.679 [Safezone] Player "DKGreear12" (id=zhJxvJUIQcTeCgEZ3Xhlvc_WjNMgSdId2I-HV3Jo6tA= pos=<8569.828125, 14.787832, 10511.102539>) Entered the safezone
19:31:47.679 [Party] Player "DKGreear12" (id=zhJxvJUIQcTeCgEZ3Xhlvc_WjNMgSdId2I-HV3Jo6tA=) joinded the party "Nighteriders" (id=1 ownerUID=zhJxvJUIQcTeCgEZ3Xhlvc_WjNMgSdId2I-HV3Jo6tA= ownerName=DKGreear12)
19:31:47.687 [Expansion Quests] - InitQuestSystemClient - Loaded existing player quest data for player with UID: zhJxvJUIQcTeCgEZ3Xhlvc_WjNMgSdId2I-HV3Jo6tA=
19:31:47.687 [Expansion Quests] - InitClientQuests_NormalQuests - Create new quest instance for quest: 9 - Creator UID: zhJxvJUIQcTeCgEZ3Xhlvc_WjNMgSdId2I-HV3Jo6tA=
19:31:47.687 [Expansion Quests] - InitClientQuests_NormalQuests - Create new quest instance for quest: 11 - Creator UID: zhJxvJUIQcTeCgEZ3Xhlvc_WjNMgSdId2I-HV3Jo6tA=
19:33:57.476 [Market] Player "DKGreear12" (id=zhJxvJUIQcTeCgEZ3Xhlvc_WjNMgSdId2I-HV3Jo6tA=) has send a requested to sell repeater x1 at the trader "Weapons (Gabi [#STR_EXPANSION_MARKET_TRADER_WEAPONS])" in market zone "Jalovisko Trading Zone" (pos=<8583.669922, 24.549999, 10515.000000>).
19:33:57.593 [Market] Player "DKGreear12" (id=zhJxvJUIQcTeCgEZ3Xhlvc_WjNMgSdId2I-HV3Jo6tA=) has sold repeater x1 at the trader "Weapons (Gabi [#STR_EXPANSION_MARKET_TRADER_WEAPONS])" in market zone "Jalovisko Trading Zone" (pos=<8583.669922, 24.549999, 10515.000000>) and got 262.
19:34:06.593 [Market] Player "DKGreear12" (id=zhJxvJUIQcTeCgEZ3Xhlvc_WjNMgSdId2I-HV3Jo6tA=) has send a requested to sell ammo_357 x1 at the trader "Weapons (Gabi [#STR_EXPANSION_MARKET_TRADER_WEAPONS])" in market zone "Jalovisko Trading Zone" (pos=<8583.669922, 24.549999, 10515.000000>).
19:34:06.679 [Market] Player "DKGreear12" (id=zhJxvJUIQcTeCgEZ3Xhlvc_WjNMgSdId2I-HV3Jo6tA=) has sold ammo_357 x1 at the trader "Weapons (Gabi [#STR_EXPANSION_MARKET_TRADER_WEAPONS])" in market zone "Jalovisko Trading Zone" (pos=<8583.669922, 24.549999, 10515.000000>) and got 1.
19:34:07.304 [Market] Player "DKGreear12" (id=zhJxvJUIQcTeCgEZ3Xhlvc_WjNMgSdId2I-HV3Jo6tA=) has send a requested to sell ammo_357 x1 at the trader "Weapons (Gabi [#STR_EXPANSION_MARKET_TRADER_WEAPONS])" in market zone "Jalovisko Trading Zone" (pos=<8583.669922, 24.549999, 10515.000000>).
19:34:07.398 [Market] Player "DKGreear12" (id=zhJxvJUIQcTeCgEZ3Xhlvc_WjNMgSdId2I-HV3Jo6tA=) has sold ammo_357 x1 at the trader "Weapons (Gabi [#STR_EXPANSION_MARKET_TRADER_WEAPONS])" in market zone "Jalovisko Trading Zone" (pos=<8583.669922, 24.549999, 10515.000000>) and got 1.
19:34:08.203 [Market] Player "DKGreear12" (id=zhJxvJUIQcTeCgEZ3Xhlvc_WjNMgSdId2I-HV3Jo6tA=) has send a requested to sell ammo_357 x1 at the trader "Weapons (Gabi [#STR_EXPANSION_MARKET_TRADER_WEAPONS])" in market zone "Jalovisko Trading Zone" (pos=<8583.669922, 24.549999, 10515.000000>).
19:34:08.304 [Market] Player "DKGreear12" (id=zhJxvJUIQcTeCgEZ3Xhlvc_WjNMgSdId2I-HV3Jo6tA=) has sold ammo_357 x1 at the trader "Weapons (Gabi [#STR_EXPANSION_MARKET_TRADER_WEAPONS])" in market zone "Jalovisko Trading Zone" (pos=<8583.669922, 24.549999, 10515.000000>) and got 1.
19:34:09.523 [Market] Player "DKGreear12" (id=zhJxvJUIQcTeCgEZ3Xhlvc_WjNMgSdId2I-HV3Jo6tA=) has send a requested to sell ammo_357 x1 at the trader "Weapons (Gabi [#STR_EXPANSION_MARKET_TRADER_WEAPONS])" in market zone "Jalovisko Trading Zone" (pos=<8583.669922, 24.549999, 10515.000000>).
19:34:09.601 [Market] Player "DKGreear12" (id=zhJxvJUIQcTeCgEZ3Xhlvc_WjNMgSdId2I-HV3Jo6tA=) has sold ammo_357 x1 at the trader "Weapons (Gabi [#STR_EXPANSION_MARKET_TRADER_WEAPONS])" in market zone "Jalovisko Trading Zone" (pos=<8583.669922, 24.549999, 10515.000000>) and got 1.
19:34:10.156 [Market] Player "DKGreear12" (id=zhJxvJUIQcTeCgEZ3Xhlvc_WjNMgSdId2I-HV3Jo6tA=) has send a requested to sell ammo_357 x1 at the trader "Weapons (Gabi [#STR_EXPANSION_MARKET_TRADER_WEAPONS])" in market zone "Jalovisko Trading Zone" (pos=<8583.669922, 24.549999, 10515.000000>).
19:34:10.250 [Market] Player "DKGreear12" (id=zhJxvJUIQcTeCgEZ3Xhlvc_WjNMgSdId2I-HV3Jo6tA=) has sold ammo_357 x1 at the trader "Weapons (Gabi [#STR_EXPANSION_MARKET_TRADER_WEAPONS])" in market zone "Jalovisko Trading Zone" (pos=<8583.669922, 24.549999, 10515.000000>) and got 1.
19:34:10.617 [Market] Player "DKGreear12" (id=zhJxvJUIQcTeCgEZ3Xhlvc_WjNMgSdId2I-HV3Jo6tA=) has send a requested to sell ammo_357 x1 at the trader "Weapons (Gabi [#STR_EXPANSION_MARKET_TRADER_WEAPONS])" in market zone "Jalovisko Trading Zone" (pos=<8583.669922, 24.549999, 10515.000000>).
19:34:10.710 [Market] Player "DKGreear12" (id=zhJxvJUIQcTeCgEZ3Xhlvc_WjNMgSdId2I-HV3Jo6tA=) has sold ammo_357 x1 at the trader "Weapons (Gabi [#STR_EXPANSION_MARKET_TRADER_WEAPONS])" in market zone "Jalovisko Trading Zone" (pos=<8583.669922, 24.549999, 10515.000000>) and got 1.
19:34:10.804 [Market] Player "DKGreear12" (id=zhJxvJUIQcTeCgEZ3Xhlvc_WjNMgSdId2I-HV3Jo6tA=) has send a requested to sell ammo_357 x1 at the trader "Weapons (Gabi [#STR_EXPANSION_MARKET_TRADER_WEAPONS])" in market zone "Jalovisko Trading Zone" (pos=<8583.669922, 24.549999, 10515.000000>).
19:34:10.906 [Market] Player "DKGreear12" (id=zhJxvJUIQcTeCgEZ3Xhlvc_WjNMgSdId2I-HV3Jo6tA=) has sold ammo_357 x1 at the trader "Weapons (Gabi [#STR_EXPANSION_MARKET_TRADER_WEAPONS])" in market zone "Jalovisko Trading Zone" (pos=<8583.669922, 24.549999, 10515.000000>) and got 1.
19:34:10.953 [Market] Player "DKGreear12" (id=zhJxvJUIQcTeCgEZ3Xhlvc_WjNMgSdId2I-HV3Jo6tA=) has send a requested to sell ammo_357 x1 at the trader "Weapons (Gabi [#STR_EXPANSION_MARKET_TRADER_WEAPONS])" in market zone "Jalovisko Trading Zone" (pos=<8583.669922, 24.549999, 10515.000000>).
19:34:11.054 [Market] Player "DKGreear12" (id=zhJxvJUIQcTeCgEZ3Xhlvc_WjNMgSdId2I-HV3Jo6tA=) has sold ammo_357 x1 at the trader "Weapons (Gabi [#STR_EXPANSION_MARKET_TRADER_WEAPONS])" in market zone "Jalovisko Trading Zone" (pos=<8583.669922, 24.549999, 10515.000000>) and got 1.
19:34:11.156 [Market] Player "DKGreear12" (id=zhJxvJUIQcTeCgEZ3Xhlvc_WjNMgSdId2I-HV3Jo6tA=) has send a requested to sell ammo_357 x1 at the trader "Weapons (Gabi [#STR_EXPANSION_MARKET_TRADER_WEAPONS])" in market zone "Jalovisko Trading Zone" (pos=<8583.669922, 24.549999, 10515.000000>).
19:34:11.250 [Market] Player "DKGreear12" (id=zhJxvJUIQcTeCgEZ3Xhlvc_WjNMgSdId2I-HV3Jo6tA=) has sold ammo_357 x1 at the trader "Weapons (Gabi [#STR_EXPANSION_MARKET_TRADER_WEAPONS])" in market zone "Jalovisko Trading Zone" (pos=<8583.669922, 24.549999, 10515.000000>) and got 1.
19:34:11.304 [Market] Player "DKGreear12" (id=zhJxvJUIQcTeCgEZ3Xhlvc_WjNMgSdId2I-HV3Jo6tA=) has send a requested to sell ammo_357 x1 at the trader "Weapons (Gabi [#STR_EXPANSION_MARKET_TRADER_WEAPONS])" in market zone "Jalovisko Trading Zone" (pos=<8583.669922, 24.549999, 10515.000000>).
19:34:11.367 [Market] Player "DKGreear12" (id=zhJxvJUIQcTeCgEZ3Xhlvc_WjNMgSdId2I-HV3Jo6tA=) has sold ammo_357 x1 at the trader "Weapons (Gabi [#STR_EXPANSION_MARKET_TRADER_WEAPONS])" in market zone "Jalovisko Trading Zone" (pos=<8583.669922, 24.549999, 10515.000000>) and got 1.
19:34:11.468 [Market] Player "DKGreear12" (id=zhJxvJUIQcTeCgEZ3Xhlvc_WjNMgSdId2I-HV3Jo6tA=) has send a requested to sell ammo_357 x1 at the trader "Weapons (Gabi [#STR_EXPANSION_MARKET_TRADER_WEAPONS])" in market zone "Jalovisko Trading Zone" (pos=<8583.669922, 24.549999, 10515.000000>).
19:34:11.570 [Market] Player "DKGreear12" (id=zhJxvJUIQcTeCgEZ3Xhlvc_WjNMgSdId2I-HV3Jo6tA=) has sold ammo_357 x1 at the trader "Weapons (Gabi [#STR_EXPANSION_MARKET_TRADER_WEAPONS])" in market zone "Jalovisko Trading Zone" (pos=<8583.669922, 24.549999, 10515.000000>) and got 1.
19:36:25.695 [VehicleEnter] Player Vitellius [uid=QOVCOk5flZ8LlxY_vIXEUxFpj4R6rL-wr-TF8_b4xZo=] entered vehicle UAZ 469 Cargo Roofless (id=B2F7B6A13C4D73B6BFA6BFA935F2CF43 pos=<5642.831055, 19.427074, 9692.508789>) as passenger
19:36:33.523 [Safezone] Player "FluffFaceYeti" (id=8vtfObsTQABYXpVHaEsAuZ5QTEAjCvC2a-AZwd4E5dw= pos=<8586.071289, 14.821815, 10532.739258>) Entered the safezone
19:36:39.250 [VehicleEnter] Player thatguy404 [uid=QjlZXS0Ark29Vwx4GPzro34d4Mh-vfgK6BY62FOJWUg=] entered vehicle UAZ 469 Cargo Roofless (id=B2F7B6A13C4D73B6BFA6BFA935F2CF43 pos=<5642.831543, 19.427029, 9692.508789>) as driver
19:36:48.070 [VehicleEngine] Player thatguy404 [uid=QjlZXS0Ark29Vwx4GPzro34d4Mh-vfgK6BY62FOJWUg=] started vehicle UAZ 469 Cargo Roofless (id=B2F7B6A13C4D73B6BFA6BFA935F2CF43 pos=<5642.831543, 19.427088, 9692.508789>)
19:37:51.140 [Market] Player "DKGreear12" (id=zhJxvJUIQcTeCgEZ3Xhlvc_WjNMgSdId2I-HV3Jo6tA=) has send a requested to purchase glock19 x1 from the trader "Weapons (Gabi [#STR_EXPANSION_MARKET_TRADER_WEAPONS])" in market zone "Jalovisko Trading Zone" (pos=<8583.669922, 24.549999, 10515.000000>).
19:37:51.234 [Market] Player "DKGreear12" (id=zhJxvJUIQcTeCgEZ3Xhlvc_WjNMgSdId2I-HV3Jo6tA=) has bought glock19 x1 from the trader "Weapons (Gabi [#STR_EXPANSION_MARKET_TRADER_WEAPONS])" in market zone "Jalovisko Trading Zone" (pos=<8583.669922, 24.549999, 10515.000000>) for a price of 765.
19:40:52.703 [VehicleEngine] Player thatguy404 [uid=QjlZXS0Ark29Vwx4GPzro34d4Mh-vfgK6BY62FOJWUg=] stopped vehicle UAZ 469 Cargo Roofless (id=B2F7B6A13C4D73B6BFA6BFA935F2CF43 pos=<7195.180664, 42.407589, 10556.275391>)
19:40:54.234 [VehicleLeave] Player Vitellius [uid=QOVCOk5flZ8LlxY_vIXEUxFpj4R6rL-wr-TF8_b4xZo=] left vehicle UAZ 469 Cargo Roofless (id=B2F7B6A13C4D73B6BFA6BFA935F2CF43 pos=<7195.180664, 42.407597, 10556.275391>)
19:40:56.601 [VehicleLeave] Player thatguy404 [uid=QjlZXS0Ark29Vwx4GPzro34d4Mh-vfgK6BY62FOJWUg=] left vehicle UAZ 469 Cargo Roofless (id=B2F7B6A13C4D73B6BFA6BFA935F2CF43 pos=<7195.180664, 42.407597, 10556.275391>)
19:43:12.882 [Safezone] Player "DKGreear12" (id=zhJxvJUIQcTeCgEZ3Xhlvc_WjNMgSdId2I-HV3Jo6tA= pos=<8150.996582, 15.540880, 10486.256836>) Left the safezone
19:43:13.109 [Safezone] Player "FluffFaceYeti" (id=8vtfObsTQABYXpVHaEsAuZ5QTEAjCvC2a-AZwd4E5dw= pos=<8155.430664, 15.214817, 10490.136719>) Left the safezone
19:51:14.476 [VehicleEnter] Player Vitellius [uid=QOVCOk5flZ8LlxY_vIXEUxFpj4R6rL-wr-TF8_b4xZo=] entered vehicle UAZ 469 Cargo Roofless (id=B2F7B6A13C4D73B6BFA6BFA935F2CF43 pos=<7195.180664, 42.407597, 10556.275391>) as driver
19:51:18.390 [VehicleLeave] Player Vitellius [uid=QOVCOk5flZ8LlxY_vIXEUxFpj4R6rL-wr-TF8_b4xZo=] left vehicle UAZ 469 Cargo Roofless (id=B2F7B6A13C4D73B6BFA6BFA935F2CF43 pos=<7195.180664, 42.407589, 10556.275391>)
19:51:53.820 [Expansion Quests] - CompleteQuest - Player with UID zhJxvJUIQcTeCgEZ3Xhlvc_WjNMgSdId2I-HV3Jo6tA= has completed quest 9
19:53:13.523 [VehicleEnter] Player thatguy404 [uid=QjlZXS0Ark29Vwx4GPzro34d4Mh-vfgK6BY62FOJWUg=] entered vehicle UAZ 469 Cargo Roofless (id=B2F7B6A13C4D73B6BFA6BFA935F2CF43 pos=<7195.180664, 42.407604, 10556.275391>) as driver
19:53:17.882 [VehicleEngine] Player thatguy404 [uid=QjlZXS0Ark29Vwx4GPzro34d4Mh-vfgK6BY62FOJWUg=] started vehicle UAZ 469 Cargo Roofless (id=B2F7B6A13C4D73B6BFA6BFA935F2CF43 pos=<7195.180664, 42.407608, 10556.275391>)
19:53:18.062 [VehicleEnter] Player Vitellius [uid=QOVCOk5flZ8LlxY_vIXEUxFpj4R6rL-wr-TF8_b4xZo=] entered vehicle UAZ 469 Cargo Roofless (id=B2F7B6A13C4D73B6BFA6BFA935F2CF43 pos=<7195.180664, 42.407597, 10556.275391>) as passenger
19:53:58.921 [VehicleLeave] Player Vitellius [uid=QOVCOk5flZ8LlxY_vIXEUxFpj4R6rL-wr-TF8_b4xZo=] left vehicle UAZ 469 Cargo Roofless (id=B2F7B6A13C4D73B6BFA6BFA935F2CF43 pos=<7096.357422, 16.893438, 10698.538086>)
19:54:28.609 [VehicleEngine] Player thatguy404 [uid=QjlZXS0Ark29Vwx4GPzro34d4Mh-vfgK6BY62FOJWUg=] stopped vehicle UAZ 469 Cargo Roofless (id=B2F7B6A13C4D73B6BFA6BFA935F2CF43 pos=<7101.100098, 16.812151, 10709.013672>)
19:54:38.062 [VehicleLeave] Player thatguy404 [uid=QjlZXS0Ark29Vwx4GPzro34d4Mh-vfgK6BY62FOJWUg=] left vehicle UAZ 469 Cargo Roofless (id=B2F7B6A13C4D73B6BFA6BFA935F2CF43 pos=<7101.100098, 16.812178, 10709.013672>)
20:03:12.218 [Party] Player "Vitellius" (id=QOVCOk5flZ8LlxY_vIXEUxFpj4R6rL-wr-TF8_b4xZo=) left the party "Boogaloo Boiz" (id=2 ownerUID=QOVCOk5flZ8LlxY_vIXEUxFpj4R6rL-wr-TF8_b4xZo= ownerName=Vitellius)
20:05:05.289 [VehicleEnter] Player thatguy404 [uid=QjlZXS0Ark29Vwx4GPzro34d4Mh-vfgK6BY62FOJWUg=] entered vehicle UAZ 469 Cargo Roofless (id=B2F7B6A13C4D73B6BFA6BFA935F2CF43 pos=<7101.100098, 16.812128, 10709.013672>) as driver
20:05:09.804 [VehicleEngine] Player thatguy404 [uid=QjlZXS0Ark29Vwx4GPzro34d4Mh-vfgK6BY62FOJWUg=] started vehicle UAZ 469 Cargo Roofless (id=B2F7B6A13C4D73B6BFA6BFA935F2CF43 pos=<7101.100098, 16.812166, 10709.013672>)
20:07:00.375 [Party] Player "FluffFaceYeti" (id=8vtfObsTQABYXpVHaEsAuZ5QTEAjCvC2a-AZwd4E5dw=) left the party "Admins" (id=0 ownerUID=8vtfObsTQABYXpVHaEsAuZ5QTEAjCvC2a-AZwd4E5dw= ownerName=FluffFaceYeti)
20:09:52.140 [AI Patrol] Spawning 4 Shamans bots at <4737.541504, 157.583740, 7494.541992>
20:11:45.671 [VehicleLeave] Player thatguy404 [uid=QjlZXS0Ark29Vwx4GPzro34d4Mh-vfgK6BY62FOJWUg=] left vehicle UAZ 469 Cargo Roofless (id=B2F7B6A13C4D73B6BFA6BFA935F2CF43 pos=<5518.729980, 117.184616, 8177.976074>)
20:11:57.281 [VehicleEnter] Player thatguy404 [uid=QjlZXS0Ark29Vwx4GPzro34d4Mh-vfgK6BY62FOJWUg=] entered vehicle UAZ 469 Cargo Roofless (id=B2F7B6A13C4D73B6BFA6BFA935F2CF43 pos=<5518.729980, 117.184608, 8177.976074>) as driver
20:12:01.710 [VehicleEngine] Player thatguy404 [uid=QjlZXS0Ark29Vwx4GPzro34d4Mh-vfgK6BY62FOJWUg=] started vehicle UAZ 469 Cargo Roofless (id=B2F7B6A13C4D73B6BFA6BFA935F2CF43 pos=<5518.729980, 117.184608, 8177.976074>)
20:12:14.664 [VehicleEngine] Player thatguy404 [uid=QjlZXS0Ark29Vwx4GPzro34d4Mh-vfgK6BY62FOJWUg=] stopped vehicle UAZ 469 Cargo Roofless (id=B2F7B6A13C4D73B6BFA6BFA935F2CF43 pos=<5521.675781, 117.689865, 8193.198242>)
20:12:23.617 [VehicleLeave] Player thatguy404 [uid=QjlZXS0Ark29Vwx4GPzro34d4Mh-vfgK6BY62FOJWUg=] left vehicle UAZ 469 Cargo Roofless (id=B2F7B6A13C4D73B6BFA6BFA935F2CF43 pos=<5521.675781, 117.689865, 8193.198242>)
20:12:47.085 [BaseRaiding] ExpansionWall6x3 (<5521.238770, 117.434959, 8187.638672>) Code set by player "thatguy404" (ID = "QjlZXS0Ark29Vwx4GPzro34d4Mh-vfgK6BY62FOJWUg=" at <5519.361328, 117.373383, 8186.188477>) and the code is 168125
20:14:27.453 [AI Patrol] Spawning 3 Shamans bots at <4740.937988, 14.990000, 11048.084961>
20:15:46.968 [VehicleEnter] Player thatguy404 [uid=QjlZXS0Ark29Vwx4GPzro34d4Mh-vfgK6BY62FOJWUg=] entered vehicle Mh-6 Little Bird (id=04C0E3514949BC7EAAAF41BFA621CC00 pos=<5741.669434, 21.977659, 9883.499023>) as pilot
20:16:03.507 [VehicleEngine] Player thatguy404 [uid=QjlZXS0Ark29Vwx4GPzro34d4Mh-vfgK6BY62FOJWUg=] started vehicle Mh-6 Little Bird (id=04C0E3514949BC7EAAAF41BFA621CC00 pos=<5741.669434, 21.977575, 9883.499023>)
20:19:13.960 [VehicleEngine] Player thatguy404 [uid=QjlZXS0Ark29Vwx4GPzro34d4Mh-vfgK6BY62FOJWUg=] stopped vehicle Mh-6 Little Bird (id=04C0E3514949BC7EAAAF41BFA621CC00 pos=<5526.236328, 117.480888, 8204.742188>)
20:19:31.742 [VehicleLeave] Player thatguy404 [uid=QjlZXS0Ark29Vwx4GPzro34d4Mh-vfgK6BY62FOJWUg=] left vehicle Mh-6 Little Bird (id=04C0E3514949BC7EAAAF41BFA621CC00 pos=<5526.236816, 117.480896, 8204.742188>)
20:19:57.210 [VehicleCarKey] Player "thatguy404" (id=QjlZXS0Ark29Vwx4GPzro34d4Mh-vfgK6BY62FOJWUg= pos=<5528.502930, 117.458664, 8203.629883>) paired a  ExpansionCarKey to ExpansionMh6_Elliptical (id=04C0E3514949BC7EAAAF41BFA621CC00 pos=<5526.237793, 117.480911, 8204.742188>)
20:21:23.773 [VehicleCarKey] Player "thatguy404" (id=QjlZXS0Ark29Vwx4GPzro34d4Mh-vfgK6BY62FOJWUg= pos=<5527.990723, 117.453339, 8203.709961>) used the  ExpansionCarKey to lock ExpansionMh6_Elliptical (id=04C0E3514949BC7EAAAF41BFA621CC00 pos=<5526.240723, 117.480980, 8204.741211>)
20:21:43.726 [BaseRaiding] ExpansionWall6x3 (<5519.319336, 117.434486, 8196.929688>) Code set by player "thatguy404" (ID = "QjlZXS0Ark29Vwx4GPzro34d4Mh-vfgK6BY62FOJWUg=" at <5518.738281, 117.512146, 8196.666992>) and the code is 168125
20:22:09.007 [Party] Player "thatguy404" (id=QjlZXS0Ark29Vwx4GPzro34d4Mh-vfgK6BY62FOJWUg=) left the party "Boogaloo Boiz" (id=2 ownerUID=QOVCOk5flZ8LlxY_vIXEUxFpj4R6rL-wr-TF8_b4xZo= ownerName=Vitellius)
20:25:28.171 [Party] Player "Vitellius" (id=QOVCOk5flZ8LlxY_vIXEUxFpj4R6rL-wr-TF8_b4xZo=) joinded the party "Boogaloo Boiz" (id=2 ownerUID=QOVCOk5flZ8LlxY_vIXEUxFpj4R6rL-wr-TF8_b4xZo= ownerName=Vitellius)
20:25:28.179 [Expansion Quests] - InitQuestSystemClient - Loaded existing player quest data for player with UID: QOVCOk5flZ8LlxY_vIXEUxFpj4R6rL-wr-TF8_b4xZo=
20:25:28.179 [Expansion Quests] - InitClientQuests_NormalQuests - Create new quest instance for quest: 11 - Creator UID: QOVCOk5flZ8LlxY_vIXEUxFpj4R6rL-wr-TF8_b4xZo=
20:26:19.281 [Party] Player "Vitellius" (id=QOVCOk5flZ8LlxY_vIXEUxFpj4R6rL-wr-TF8_b4xZo=) left the party "Boogaloo Boiz" (id=2 ownerUID=QOVCOk5flZ8LlxY_vIXEUxFpj4R6rL-wr-TF8_b4xZo= ownerName=Vitellius)
20:30:45.523 [Market] Player "DKGreear12" (id=zhJxvJUIQcTeCgEZ3Xhlvc_WjNMgSdId2I-HV3Jo6tA=) has send a requested to sell expansionlaw x1 at the trader "BlackMarket (Gabi [Black Market])" in market zone "Black Market Trading Zone" (pos=<1222.410034, 2.012460, 11845.200195>).
20:30:45.593 [Market] Player "DKGreear12" (id=zhJxvJUIQcTeCgEZ3Xhlvc_WjNMgSdId2I-HV3Jo6tA=) has sold expansionlaw x1 at the trader "BlackMarket (Gabi [Black Market])" in market zone "Black Market Trading Zone" (pos=<1222.410034, 2.012460, 11845.200195>) and got 1875.
20:30:59.000 [Market] Player "DKGreear12" (id=zhJxvJUIQcTeCgEZ3Xhlvc_WjNMgSdId2I-HV3Jo6tA=) has send a requested to sell expansionlaw x1 at the trader "BlackMarket (Gabi [Black Market])" in market zone "Black Market Trading Zone" (pos=<1222.410034, 2.012460, 11845.200195>).
20:30:59.070 [Market] Player "DKGreear12" (id=zhJxvJUIQcTeCgEZ3Xhlvc_WjNMgSdId2I-HV3Jo6tA=) has sold expansionlaw x1 at the trader "BlackMarket (Gabi [Black Market])" in market zone "Black Market Trading Zone" (pos=<1222.410034, 2.012460, 11845.200195>) and got 1875.
20:37:21.703 [Market] Player "DKGreear12" (id=zhJxvJUIQcTeCgEZ3Xhlvc_WjNMgSdId2I-HV3Jo6tA=) has send a requested to sell snafumagnum500 x1 at the trader "BlackMarket (Gabi [Black Market])" in market zone "Black Market Trading Zone" (pos=<1222.410034, 2.012460, 11845.200195>).
20:37:21.789 [Market] Player "DKGreear12" (id=zhJxvJUIQcTeCgEZ3Xhlvc_WjNMgSdId2I-HV3Jo6tA=) has sold snafumagnum500 x1 at the trader "BlackMarket (Gabi [Black Market])" in market zone "Black Market Trading Zone" (pos=<1222.410034, 2.012460, 11845.200195>) and got 11250.
20:44:25.101 [Safezone] Player "DKGreear12" (id=zhJxvJUIQcTeCgEZ3Xhlvc_WjNMgSdId2I-HV3Jo6tA= pos=<8575.353516, 14.786338, 10488.729492>) Entered the safezone
20:45:16.343 [Party] Player "DKGreear12" (id=zhJxvJUIQcTeCgEZ3Xhlvc_WjNMgSdId2I-HV3Jo6tA=) left the party "Nighteriders" (id=1 ownerUID=zhJxvJUIQcTeCgEZ3Xhlvc_WjNMgSdId2I-HV3Jo6tA= ownerName=DKGreear12)
