00:16:28.062 [Party] Player "DKGreear12" (id=zhJxvJUIQcTeCgEZ3Xhlvc_WjNMgSdId2I-HV3Jo6tA=) joinded the party "Nighteriders" (id=1 ownerUID=zhJxvJUIQcTeCgEZ3Xhlvc_WjNMgSdId2I-HV3Jo6tA= ownerName=DKGreear12)
00:16:28.072 [Expansion Quests] - InitQuestSystemClient - Loaded existing player quest data for player with UID: zhJxvJUIQcTeCgEZ3Xhlvc_WjNMgSdId2I-HV3Jo6tA=
00:16:28.072 [Expansion Quests] - InitClientQuests_NormalQuests - Create new quest instance for quest: 7 - Creator UID: zhJxvJUIQcTeCgEZ3Xhlvc_WjNMgSdId2I-HV3Jo6tA=
00:16:28.072 [Expansion Quests] - InitClientQuests_NormalQuests - Create new quest instance for quest: 11 - Creator UID: zhJxvJUIQcTeCgEZ3Xhlvc_WjNMgSdId2I-HV3Jo6tA=
00:16:31.601 [AI Patrol] Spawning 3 Shamans bots at <6934.869141, -1.724542, 9776.648438>
00:16:32.276 [AI Patrol] Spawning 2 Shamans bots at <5627.884277, 43.180000, 9587.003906>
00:16:53.294 [Party] Player "Vitellius" (id=QOVCOk5flZ8LlxY_vIXEUxFpj4R6rL-wr-TF8_b4xZo=) joinded the party "Nighteriders" (id=1 ownerUID=zhJxvJUIQcTeCgEZ3Xhlvc_WjNMgSdId2I-HV3Jo6tA= ownerName=DKGreear12)
00:16:53.302 [Expansion Quests] - InitQuestSystemClient - Loaded existing player quest data for player with UID: QOVCOk5flZ8LlxY_vIXEUxFpj4R6rL-wr-TF8_b4xZo=
00:16:53.302 [Expansion Quests] - InitClientQuests_NormalQuests - Create new quest instance for quest: 11 - Creator UID: QOVCOk5flZ8LlxY_vIXEUxFpj4R6rL-wr-TF8_b4xZo=
00:21:01.603 [MissionAirdrop] An airdrop is heading towards "Airstrip" (pos=<6140.000000, 0.000000, 9189.000000> type=Random_Airstrip) with a ExpansionAirdropContainer_Basebuilding
00:26:57.397 [VehicleEnter] Player DKGreear12 [uid=zhJxvJUIQcTeCgEZ3Xhlvc_WjNMgSdId2I-HV3Jo6tA=] entered vehicle SARKA 1.6i (id=D9664D08E54932FCC960B3BD41AE3E2E pos=<6330.062012, 20.954750, 9404.621094>) as passenger
00:26:59.514 [VehicleEnter] Player Vitellius [uid=QOVCOk5flZ8LlxY_vIXEUxFpj4R6rL-wr-TF8_b4xZo=] entered vehicle SARKA 1.6i (id=D9664D08E54932FCC960B3BD41AE3E2E pos=<6330.062500, 20.954777, 9404.621094>) as driver
00:27:04.767 [VehicleEngine] Player Vitellius [uid=QOVCOk5flZ8LlxY_vIXEUxFpj4R6rL-wr-TF8_b4xZo=] started vehicle SARKA 1.6i (id=D9664D08E54932FCC960B3BD41AE3E2E pos=<6330.062500, 20.954760, 9404.621094>)
00:29:48.172 [VehicleLeave] Player DKGreear12 [uid=zhJxvJUIQcTeCgEZ3Xhlvc_WjNMgSdId2I-HV3Jo6tA=] left vehicle SARKA 1.6i (id=D9664D08E54932FCC960B3BD41AE3E2E pos=<6064.477051, 17.442924, 9284.335938>)
00:29:51.890 [VehicleEngine] Player Vitellius [uid=QOVCOk5flZ8LlxY_vIXEUxFpj4R6rL-wr-TF8_b4xZo=] stopped vehicle SARKA 1.6i (id=D9664D08E54932FCC960B3BD41AE3E2E pos=<6064.411621, 17.438204, 9284.333984>)
00:29:53.875 [VehicleLeave] Player Vitellius [uid=QOVCOk5flZ8LlxY_vIXEUxFpj4R6rL-wr-TF8_b4xZo=] left vehicle SARKA 1.6i (id=D9664D08E54932FCC960B3BD41AE3E2E pos=<6064.374023, 17.435495, 9284.333008>)
00:40:28.524 [VehicleEnter] Player Vitellius [uid=QOVCOk5flZ8LlxY_vIXEUxFpj4R6rL-wr-TF8_b4xZo=] entered vehicle SARKA 1.6i (id=D9664D08E54932FCC960B3BD41AE3E2E pos=<6064.359375, 17.434282, 9284.332031>) as driver
00:40:30.887 [VehicleEnter] Player DKGreear12 [uid=zhJxvJUIQcTeCgEZ3Xhlvc_WjNMgSdId2I-HV3Jo6tA=] entered vehicle SARKA 1.6i (id=D9664D08E54932FCC960B3BD41AE3E2E pos=<6064.357910, 17.434181, 9284.332031>) as passenger
00:40:37.659 [VehicleEngine] Player Vitellius [uid=QOVCOk5flZ8LlxY_vIXEUxFpj4R6rL-wr-TF8_b4xZo=] started vehicle SARKA 1.6i (id=D9664D08E54932FCC960B3BD41AE3E2E pos=<6064.350098, 17.433624, 9284.332031>)
00:41:24.583 [VehicleEngine] Player Vitellius [uid=QOVCOk5flZ8LlxY_vIXEUxFpj4R6rL-wr-TF8_b4xZo=] stopped vehicle SARKA 1.6i (id=D9664D08E54932FCC960B3BD41AE3E2E pos=<5991.738281, 20.880335, 9165.467773>)
00:41:51.481 [VehicleEngine] Player Vitellius [uid=QOVCOk5flZ8LlxY_vIXEUxFpj4R6rL-wr-TF8_b4xZo=] started vehicle SARKA 1.6i (id=D9664D08E54932FCC960B3BD41AE3E2E pos=<5991.732422, 20.879845, 9165.470703>)
00:44:31.344 [VehicleEngine] Player Vitellius [uid=QOVCOk5flZ8LlxY_vIXEUxFpj4R6rL-wr-TF8_b4xZo=] stopped vehicle SARKA 1.6i (id=D9664D08E54932FCC960B3BD41AE3E2E pos=<5265.808105, 37.336365, 8639.429688>)
00:44:33.707 [VehicleLeave] Player DKGreear12 [uid=zhJxvJUIQcTeCgEZ3Xhlvc_WjNMgSdId2I-HV3Jo6tA=] left vehicle SARKA 1.6i (id=D9664D08E54932FCC960B3BD41AE3E2E pos=<5265.807617, 37.336349, 8639.430664>)
00:44:35.057 [VehicleLeave] Player Vitellius [uid=QOVCOk5flZ8LlxY_vIXEUxFpj4R6rL-wr-TF8_b4xZo=] left vehicle SARKA 1.6i (id=D9664D08E54932FCC960B3BD41AE3E2E pos=<5265.807617, 37.336349, 8639.430664>)
00:49:25.845 [VehicleEnter] Player Vitellius [uid=QOVCOk5flZ8LlxY_vIXEUxFpj4R6rL-wr-TF8_b4xZo=] entered vehicle SARKA 1.6i (id=D9664D08E54932FCC960B3BD41AE3E2E pos=<5265.807129, 37.336342, 8639.429688>) as driver
00:49:30.077 [VehicleEngine] Player Vitellius [uid=QOVCOk5flZ8LlxY_vIXEUxFpj4R6rL-wr-TF8_b4xZo=] started vehicle SARKA 1.6i (id=D9664D08E54932FCC960B3BD41AE3E2E pos=<5265.805664, 37.336323, 8639.430664>)
00:49:44.170 [Party] Player "RC" (id=-G7h99lSZDcoLDkS_Pf_kTJ_FSRUsnlVGD6gnAZk71c=) joinded the party "Nighteriders" (id=1 ownerUID=zhJxvJUIQcTeCgEZ3Xhlvc_WjNMgSdId2I-HV3Jo6tA= ownerName=DKGreear12)
00:49:44.179 [Expansion Quests] - InitQuestSystemClient - Loaded existing player quest data for player with UID: -G7h99lSZDcoLDkS_Pf_kTJ_FSRUsnlVGD6gnAZk71c=
00:49:44.180 [Expansion Quests] - InitClientQuests_NormalQuests - Create new quest instance for quest: 9 - Creator UID: -G7h99lSZDcoLDkS_Pf_kTJ_FSRUsnlVGD6gnAZk71c=
00:49:44.180 [Expansion Quests] - InitClientQuests_NormalQuests - Create new quest instance for quest: 11 - Creator UID: -G7h99lSZDcoLDkS_Pf_kTJ_FSRUsnlVGD6gnAZk71c=
00:49:48.479 [VehicleEngine] Player Vitellius [uid=QOVCOk5flZ8LlxY_vIXEUxFpj4R6rL-wr-TF8_b4xZo=] stopped vehicle SARKA 1.6i (id=D9664D08E54932FCC960B3BD41AE3E2E pos=<5221.886230, 31.069605, 8589.471680>)
00:49:51.936 [VehicleLeave] Player Vitellius [uid=QOVCOk5flZ8LlxY_vIXEUxFpj4R6rL-wr-TF8_b4xZo=] left vehicle SARKA 1.6i (id=D9664D08E54932FCC960B3BD41AE3E2E pos=<5221.886230, 31.069588, 8589.471680>)
00:55:17.491 [Territory] Player "Vitellius" (id=QOVCOk5flZ8LlxY_vIXEUxFpj4R6rL-wr-TF8_b4xZo=) created territory Nightrider Central at <5228.500977, 35.449577, 8591.215820>
00:55:42.564 [Territory] Player "DKGreear12" (id=zhJxvJUIQcTeCgEZ3Xhlvc_WjNMgSdId2I-HV3Jo6tA= pos=<5234.923340, 35.494553, 8590.064453>) was invited to join the territory Nightrider Central at <5228.500977, 35.449577, 8591.215820> by the player "Vitellius" (id=QOVCOk5flZ8LlxY_vIXEUxFpj4R6rL-wr-TF8_b4xZo=)
00:55:43.842 [Territory] Player "RC" (id=-G7h99lSZDcoLDkS_Pf_kTJ_FSRUsnlVGD6gnAZk71c= pos=<5234.120117, 35.676178, 8587.665039>) was invited to join the territory Nightrider Central at <5228.500977, 35.449577, 8591.215820> by the player "Vitellius" (id=QOVCOk5flZ8LlxY_vIXEUxFpj4R6rL-wr-TF8_b4xZo=)
01:04:54.134 [VehicleEnter] Player RC [uid=-G7h99lSZDcoLDkS_Pf_kTJ_FSRUsnlVGD6gnAZk71c=] entered vehicle SARKA 1.6i (id=D9664D08E54932FCC960B3BD41AE3E2E pos=<5221.886230, 31.069588, 8589.471680>) as passenger
01:04:56.863 [VehicleLeave] Player RC [uid=-G7h99lSZDcoLDkS_Pf_kTJ_FSRUsnlVGD6gnAZk71c=] left vehicle SARKA 1.6i (id=D9664D08E54932FCC960B3BD41AE3E2E pos=<5221.886230, 31.069588, 8589.471680>)
01:10:18.242 [BaseRaiding] ExpansionWall6x3 (<5234.056152, 31.502630, 8583.523438>) Code set by player "Vitellius" (ID = "QOVCOk5flZ8LlxY_vIXEUxFpj4R6rL-wr-TF8_b4xZo=" at <5233.039063, 31.479818, 8583.861328>) and the code is 011795
01:11:24.551 [VehicleEnter] Player Vitellius [uid=QOVCOk5flZ8LlxY_vIXEUxFpj4R6rL-wr-TF8_b4xZo=] entered vehicle SARKA 1.6i (id=D9664D08E54932FCC960B3BD41AE3E2E pos=<5221.886230, 31.069578, 8589.471680>) as driver
01:11:27.491 [VehicleEngine] Player Vitellius [uid=QOVCOk5flZ8LlxY_vIXEUxFpj4R6rL-wr-TF8_b4xZo=] started vehicle SARKA 1.6i (id=D9664D08E54932FCC960B3BD41AE3E2E pos=<5221.886719, 31.069582, 8589.471680>)
01:11:36.778 [VehicleEngine] Player Vitellius [uid=QOVCOk5flZ8LlxY_vIXEUxFpj4R6rL-wr-TF8_b4xZo=] stopped vehicle SARKA 1.6i (id=D9664D08E54932FCC960B3BD41AE3E2E pos=<5222.037598, 31.077635, 8598.511719>)
01:11:39.111 [VehicleLeave] Player Vitellius [uid=QOVCOk5flZ8LlxY_vIXEUxFpj4R6rL-wr-TF8_b4xZo=] left vehicle SARKA 1.6i (id=D9664D08E54932FCC960B3BD41AE3E2E pos=<5222.037598, 31.077627, 8598.511719>)
01:12:45.896 [VehicleEnter] Player RC [uid=-G7h99lSZDcoLDkS_Pf_kTJ_FSRUsnlVGD6gnAZk71c=] entered vehicle SARKA 1.6i (id=D9664D08E54932FCC960B3BD41AE3E2E pos=<5222.037598, 31.077641, 8598.511719>) as passenger
01:12:56.201 [VehicleLeave] Player RC [uid=-G7h99lSZDcoLDkS_Pf_kTJ_FSRUsnlVGD6gnAZk71c=] left vehicle SARKA 1.6i (id=D9664D08E54932FCC960B3BD41AE3E2E pos=<5222.037598, 31.077641, 8598.511719>)
01:13:56.024 [VehicleEnter] Player RC [uid=-G7h99lSZDcoLDkS_Pf_kTJ_FSRUsnlVGD6gnAZk71c=] entered vehicle SARKA 1.6i (id=D9664D08E54932FCC960B3BD41AE3E2E pos=<5222.037598, 31.077633, 8598.511719>) as driver
01:14:03.952 [VehicleLeave] Player RC [uid=-G7h99lSZDcoLDkS_Pf_kTJ_FSRUsnlVGD6gnAZk71c=] left vehicle SARKA 1.6i (id=D9664D08E54932FCC960B3BD41AE3E2E pos=<5222.037598, 31.077621, 8598.511719>)
01:14:14.120 [VehicleEnter] Player RC [uid=-G7h99lSZDcoLDkS_Pf_kTJ_FSRUsnlVGD6gnAZk71c=] entered vehicle SARKA 1.6i (id=D9664D08E54932FCC960B3BD41AE3E2E pos=<5222.037598, 31.077614, 8598.511719>) as driver
01:14:17.194 [VehicleEngine] Player RC [uid=-G7h99lSZDcoLDkS_Pf_kTJ_FSRUsnlVGD6gnAZk71c=] started vehicle SARKA 1.6i (id=D9664D08E54932FCC960B3BD41AE3E2E pos=<5222.038086, 31.077642, 8598.511719>)
01:17:12.027 [AI Patrol] Spawning 2 Shamans bots at <5595.598633, 50.837990, 10962.722656>
01:17:52.027 [AI Patrol] Spawning 4 Shamans bots at <6633.840820, 15.043986, 11071.222656>
01:18:47.029 [AI Patrol] Spawning 4 Shamans bots at <6595.191895, 9.780317, 11965.326172>
01:21:46.902 [Safezone] Player "RC" (id=-G7h99lSZDcoLDkS_Pf_kTJ_FSRUsnlVGD6gnAZk71c= pos=<8215.005859, 15.558170, 10611.637695>) Entered the safezone
01:22:41.849 [VehicleLeave] Player RC [uid=-G7h99lSZDcoLDkS_Pf_kTJ_FSRUsnlVGD6gnAZk71c=] left vehicle SARKA 1.6i (id=D9664D08E54932FCC960B3BD41AE3E2E pos=<8576.453125, 14.754601, 10490.198242>)
01:22:48.328 [VehicleEnter] Player RC [uid=-G7h99lSZDcoLDkS_Pf_kTJ_FSRUsnlVGD6gnAZk71c=] entered vehicle SARKA 1.6i (id=D9664D08E54932FCC960B3BD41AE3E2E pos=<8576.453125, 14.754602, 10490.198242>) as driver
01:22:54.535 [VehicleEngine] Player RC [uid=-G7h99lSZDcoLDkS_Pf_kTJ_FSRUsnlVGD6gnAZk71c=] started vehicle SARKA 1.6i (id=D9664D08E54932FCC960B3BD41AE3E2E pos=<8576.453125, 14.754633, 10490.198242>)
01:23:01.587 [VehicleLeave] Player RC [uid=-G7h99lSZDcoLDkS_Pf_kTJ_FSRUsnlVGD6gnAZk71c=] left vehicle SARKA 1.6i (id=D9664D08E54932FCC960B3BD41AE3E2E pos=<8584.354492, 14.712457, 10495.929688>)
01:23:04.952 [VehicleAttachments] Player RC (uid=-G7h99lSZDcoLDkS_Pf_kTJ_FSRUsnlVGD6gnAZk71c=) detached Sarka 120 Front Left Door (type=Sedan_02_Door_1_1) from vehicle SARKA 1.6i(id=D9664D08E54932FCC960B3BD41AE3E2E pos=<8584.354492, 14.712467, 10495.929688>)
01:24:13.969 [Market] Player "RC" (id=-G7h99lSZDcoLDkS_Pf_kTJ_FSRUsnlVGD6gnAZk71c=) has send a requested to purchase handsaw x6 from the trader "BuildingSupplies (Lewis [#STR_EXPANSION_MARKET_TRADER_BUILDING_SUPPLIES])" in market zone "Jalovisko Trading Zone" (pos=<8583.669922, 24.549999, 10515.000000>).
01:24:14.104 [Market] Player "RC" (id=-G7h99lSZDcoLDkS_Pf_kTJ_FSRUsnlVGD6gnAZk71c=) has bought handsaw x6 from the trader "BuildingSupplies (Lewis [#STR_EXPANSION_MARKET_TRADER_BUILDING_SUPPLIES])" in market zone "Jalovisko Trading Zone" (pos=<8583.669922, 24.549999, 10515.000000>) for a price of 42.
01:26:02.429 [ATM] Player "RC" (id=-G7h99lSZDcoLDkS_Pf_kTJ_FSRUsnlVGD6gnAZk71c=) has withdrawn 5000 from his ATM account.
01:26:11.233 [Market] Player "RC" (id=-G7h99lSZDcoLDkS_Pf_kTJ_FSRUsnlVGD6gnAZk71c=) has send a requested to purchase nailbox x10 from the trader "BuildingSupplies (Lewis [#STR_EXPANSION_MARKET_TRADER_BUILDING_SUPPLIES])" in market zone "Jalovisko Trading Zone" (pos=<8583.669922, 24.549999, 10515.000000>).
01:26:11.368 [Market] Player "RC" (id=-G7h99lSZDcoLDkS_Pf_kTJ_FSRUsnlVGD6gnAZk71c=) has bought nailbox x10 from the trader "BuildingSupplies (Lewis [#STR_EXPANSION_MARKET_TRADER_BUILDING_SUPPLIES])" in market zone "Jalovisko Trading Zone" (pos=<8583.669922, 24.549999, 10515.000000>) for a price of 3000.
01:26:14.568 [ATM] Player "RC" (id=-G7h99lSZDcoLDkS_Pf_kTJ_FSRUsnlVGD6gnAZk71c=) has deposited 3023 on his ATM account.
01:26:44.598 [VehicleEnter] Player RC [uid=-G7h99lSZDcoLDkS_Pf_kTJ_FSRUsnlVGD6gnAZk71c=] entered vehicle SARKA 1.6i (id=D9664D08E54932FCC960B3BD41AE3E2E pos=<8584.354492, 14.712464, 10495.929688>) as driver
01:26:48.225 [VehicleEngine] Player RC [uid=-G7h99lSZDcoLDkS_Pf_kTJ_FSRUsnlVGD6gnAZk71c=] started vehicle SARKA 1.6i (id=D9664D08E54932FCC960B3BD41AE3E2E pos=<8584.354492, 14.712471, 10495.929688>)
01:27:49.532 [Safezone] Player "RC" (id=-G7h99lSZDcoLDkS_Pf_kTJ_FSRUsnlVGD6gnAZk71c= pos=<8091.803711, 15.205450, 10567.584961>) Left the safezone
01:29:43.107 [VehicleLeave] Player RC [uid=-G7h99lSZDcoLDkS_Pf_kTJ_FSRUsnlVGD6gnAZk71c=] left vehicle SARKA 1.6i (id=D9664D08E54932FCC960B3BD41AE3E2E pos=<6866.138672, 15.205892, 11084.484375>)
01:29:55.739 [VehicleEnter] Player RC [uid=-G7h99lSZDcoLDkS_Pf_kTJ_FSRUsnlVGD6gnAZk71c=] entered vehicle SARKA 1.6i (id=D9664D08E54932FCC960B3BD41AE3E2E pos=<6866.139160, 15.205896, 11084.484375>) as driver
01:30:00.444 [VehicleEngine] Player RC [uid=-G7h99lSZDcoLDkS_Pf_kTJ_FSRUsnlVGD6gnAZk71c=] started vehicle SARKA 1.6i (id=D9664D08E54932FCC960B3BD41AE3E2E pos=<6866.139160, 15.205878, 11084.484375>)
01:36:24.323 [VehicleEngine] Player RC [uid=-G7h99lSZDcoLDkS_Pf_kTJ_FSRUsnlVGD6gnAZk71c=] stopped vehicle SARKA 1.6i (id=D9664D08E54932FCC960B3BD41AE3E2E pos=<5220.325195, 31.037210, 8592.164063>)
01:36:27.356 [VehicleLeave] Player RC [uid=-G7h99lSZDcoLDkS_Pf_kTJ_FSRUsnlVGD6gnAZk71c=] left vehicle SARKA 1.6i (id=D9664D08E54932FCC960B3BD41AE3E2E pos=<5220.325684, 31.037210, 8592.164063>)
01:37:23.673 [VehicleEnter] Player RC [uid=-G7h99lSZDcoLDkS_Pf_kTJ_FSRUsnlVGD6gnAZk71c=] entered vehicle SARKA 1.6i (id=D9664D08E54932FCC960B3BD41AE3E2E pos=<5220.325684, 31.037243, 8592.164063>) as driver
01:37:30.952 [BaseRaiding] ExpansionWall6x3 (<5225.189453, 31.478619, 8586.631836>) Code set by player "Vitellius" (ID = "QOVCOk5flZ8LlxY_vIXEUxFpj4R6rL-wr-TF8_b4xZo=" at <5225.843750, 31.480013, 8585.640625>) and the code is 011795
01:37:39.259 [VehicleLeave] Player RC [uid=-G7h99lSZDcoLDkS_Pf_kTJ_FSRUsnlVGD6gnAZk71c=] left vehicle SARKA 1.6i (id=D9664D08E54932FCC960B3BD41AE3E2E pos=<5220.325684, 31.037226, 8592.164063>)
01:38:26.791 [Party] Player "Vitellius" (id=QOVCOk5flZ8LlxY_vIXEUxFpj4R6rL-wr-TF8_b4xZo=) left the party "Nighteriders" (id=1 ownerUID=zhJxvJUIQcTeCgEZ3Xhlvc_WjNMgSdId2I-HV3Jo6tA= ownerName=DKGreear12)
01:38:26.886 [Party] Player "RC" (id=-G7h99lSZDcoLDkS_Pf_kTJ_FSRUsnlVGD6gnAZk71c=) left the party "Nighteriders" (id=1 ownerUID=zhJxvJUIQcTeCgEZ3Xhlvc_WjNMgSdId2I-HV3Jo6tA= ownerName=DKGreear12)
01:38:35.712 [Party] Player "DKGreear12" (id=zhJxvJUIQcTeCgEZ3Xhlvc_WjNMgSdId2I-HV3Jo6tA=) left the party "Nighteriders" (id=1 ownerUID=zhJxvJUIQcTeCgEZ3Xhlvc_WjNMgSdId2I-HV3Jo6tA= ownerName=DKGreear12)
