11:02:08.109 [Party] Player "DKGreear12" (id=zhJxvJUIQcTeCgEZ3Xhlvc_WjNMgSdId2I-HV3Jo6tA=) joinded the party "Nighteriders" (id=1 ownerUID=zhJxvJUIQcTeCgEZ3Xhlvc_WjNMgSdId2I-HV3Jo6tA= ownerName=DKGreear12)
11:02:08.121 [Expansion Quests] - InitQuestSystemClient - Loaded existing player quest data for player with UID: zhJxvJUIQcTeCgEZ3Xhlvc_WjNMgSdId2I-HV3Jo6tA=
11:02:08.121 [Expansion Quests] - InitClientQuests_NormalQuests - Create new quest instance for quest: 5 - Creator UID: zhJxvJUIQcTeCgEZ3Xhlvc_WjNMgSdId2I-HV3Jo6tA=
11:02:08.121 [Expansion Quests] - InitClientQuests_NormalQuests - Create new quest instance for quest: 7 - Creator UID: zhJxvJUIQcTeCgEZ3Xhlvc_WjNMgSdId2I-HV3Jo6tA=
11:02:08.121 [Expansion Quests] - InitClientQuests_NormalQuests - Create new quest instance for quest: 11 - Creator UID: zhJxvJUIQcTeCgEZ3Xhlvc_WjNMgSdId2I-HV3Jo6tA=
11:02:12.851 [AI Patrol] Spawning 4 Shamans bots at <6793.978027, 15.111825, 11388.309570>
11:09:47.097 [AI Patrol] Spawning 4 Shamans bots at <7225.655273, 3.898416, 11868.924805>
11:13:59.593 [AI Patrol] Spawning 4 West bots at <6307.700195, 14.441044, 11810.599609>
11:14:52.777 [AI Patrol] Spawning 2 Shamans bots at <5690.421387, 58.999725, 11092.667969>
11:16:18.367 [Safezone] Player "DKGreear12" (id=zhJxvJUIQcTeCgEZ3Xhlvc_WjNMgSdId2I-HV3Jo6tA= pos=<8549.920898, 14.877070, 10504.418945>) Entered the safezone
11:16:45.042 [Market] Player "DKGreear12" (id=zhJxvJUIQcTeCgEZ3Xhlvc_WjNMgSdId2I-HV3Jo6tA=) has send a requested to sell aug x1 at the trader "Weapons (Gabi [#STR_EXPANSION_MARKET_TRADER_WEAPONS])" in market zone "Jalovisko Trading Zone" (pos=<8583.669922, 24.549999, 10515.000000>).
11:16:45.136 [Market] Player "DKGreear12" (id=zhJxvJUIQcTeCgEZ3Xhlvc_WjNMgSdId2I-HV3Jo6tA=) has sold aug x1 at the trader "Weapons (Gabi [#STR_EXPANSION_MARKET_TRADER_WEAPONS])" in market zone "Jalovisko Trading Zone" (pos=<8583.669922, 24.549999, 10515.000000>) and got 1392.
11:16:47.792 [Market] Player "DKGreear12" (id=zhJxvJUIQcTeCgEZ3Xhlvc_WjNMgSdId2I-HV3Jo6tA=) has send a requested to sell aug x1 at the trader "Weapons (Gabi [#STR_EXPANSION_MARKET_TRADER_WEAPONS])" in market zone "Jalovisko Trading Zone" (pos=<8583.669922, 24.549999, 10515.000000>).
11:16:47.871 [Market] Player "DKGreear12" (id=zhJxvJUIQcTeCgEZ3Xhlvc_WjNMgSdId2I-HV3Jo6tA=) has sold aug x1 at the trader "Weapons (Gabi [#STR_EXPANSION_MARKET_TRADER_WEAPONS])" in market zone "Jalovisko Trading Zone" (pos=<8583.669922, 24.549999, 10515.000000>) and got 1394.
11:16:49.480 [Market] Player "DKGreear12" (id=zhJxvJUIQcTeCgEZ3Xhlvc_WjNMgSdId2I-HV3Jo6tA=) has send a requested to sell augshort x1 at the trader "Weapons (Gabi [#STR_EXPANSION_MARKET_TRADER_WEAPONS])" in market zone "Jalovisko Trading Zone" (pos=<8583.669922, 24.549999, 10515.000000>).
11:16:49.566 [Market] Player "DKGreear12" (id=zhJxvJUIQcTeCgEZ3Xhlvc_WjNMgSdId2I-HV3Jo6tA=) has sold augshort x1 at the trader "Weapons (Gabi [#STR_EXPANSION_MARKET_TRADER_WEAPONS])" in market zone "Jalovisko Trading Zone" (pos=<8583.669922, 24.549999, 10515.000000>) and got 1314.
11:16:52.214 [Market] Player "DKGreear12" (id=zhJxvJUIQcTeCgEZ3Xhlvc_WjNMgSdId2I-HV3Jo6tA=) has send a requested to sell m16a2 x1 at the trader "Weapons (Gabi [#STR_EXPANSION_MARKET_TRADER_WEAPONS])" in market zone "Jalovisko Trading Zone" (pos=<8583.669922, 24.549999, 10515.000000>).
11:16:52.300 [Market] Player "DKGreear12" (id=zhJxvJUIQcTeCgEZ3Xhlvc_WjNMgSdId2I-HV3Jo6tA=) has sold m16a2 x1 at the trader "Weapons (Gabi [#STR_EXPANSION_MARKET_TRADER_WEAPONS])" in market zone "Jalovisko Trading Zone" (pos=<8583.669922, 24.549999, 10515.000000>) and got 1304.
11:16:57.941 [Market] Player "DKGreear12" (id=zhJxvJUIQcTeCgEZ3Xhlvc_WjNMgSdId2I-HV3Jo6tA=) has send a requested to sell ammo_762x54 x1 at the trader "Weapons (Gabi [#STR_EXPANSION_MARKET_TRADER_WEAPONS])" in market zone "Jalovisko Trading Zone" (pos=<8583.669922, 24.549999, 10515.000000>).
11:16:58.019 [Market] Player "DKGreear12" (id=zhJxvJUIQcTeCgEZ3Xhlvc_WjNMgSdId2I-HV3Jo6tA=) has sold ammo_762x54 x1 at the trader "Weapons (Gabi [#STR_EXPANSION_MARKET_TRADER_WEAPONS])" in market zone "Jalovisko Trading Zone" (pos=<8583.669922, 24.549999, 10515.000000>) and got 1.
11:16:58.265 [Market] Player "DKGreear12" (id=zhJxvJUIQcTeCgEZ3Xhlvc_WjNMgSdId2I-HV3Jo6tA=) has send a requested to sell ammo_762x54 x1 at the trader "Weapons (Gabi [#STR_EXPANSION_MARKET_TRADER_WEAPONS])" in market zone "Jalovisko Trading Zone" (pos=<8583.669922, 24.549999, 10515.000000>).
11:16:58.347 [Market] Player "DKGreear12" (id=zhJxvJUIQcTeCgEZ3Xhlvc_WjNMgSdId2I-HV3Jo6tA=) has sold ammo_762x54 x1 at the trader "Weapons (Gabi [#STR_EXPANSION_MARKET_TRADER_WEAPONS])" in market zone "Jalovisko Trading Zone" (pos=<8583.669922, 24.549999, 10515.000000>) and got 1.
11:16:58.468 [Market] Player "DKGreear12" (id=zhJxvJUIQcTeCgEZ3Xhlvc_WjNMgSdId2I-HV3Jo6tA=) has send a requested to sell ammo_762x54 x1 at the trader "Weapons (Gabi [#STR_EXPANSION_MARKET_TRADER_WEAPONS])" in market zone "Jalovisko Trading Zone" (pos=<8583.669922, 24.549999, 10515.000000>).
11:16:58.582 [Market] Player "DKGreear12" (id=zhJxvJUIQcTeCgEZ3Xhlvc_WjNMgSdId2I-HV3Jo6tA=) has sold ammo_762x54 x1 at the trader "Weapons (Gabi [#STR_EXPANSION_MARKET_TRADER_WEAPONS])" in market zone "Jalovisko Trading Zone" (pos=<8583.669922, 24.549999, 10515.000000>) and got 1.
11:16:58.625 [Market] Player "DKGreear12" (id=zhJxvJUIQcTeCgEZ3Xhlvc_WjNMgSdId2I-HV3Jo6tA=) has send a requested to sell ammo_762x54 x1 at the trader "Weapons (Gabi [#STR_EXPANSION_MARKET_TRADER_WEAPONS])" in market zone "Jalovisko Trading Zone" (pos=<8583.669922, 24.549999, 10515.000000>).
11:16:58.707 [Market] Player "DKGreear12" (id=zhJxvJUIQcTeCgEZ3Xhlvc_WjNMgSdId2I-HV3Jo6tA=) has sold ammo_762x54 x1 at the trader "Weapons (Gabi [#STR_EXPANSION_MARKET_TRADER_WEAPONS])" in market zone "Jalovisko Trading Zone" (pos=<8583.669922, 24.549999, 10515.000000>) and got 1.
11:16:58.800 [Market] Player "DKGreear12" (id=zhJxvJUIQcTeCgEZ3Xhlvc_WjNMgSdId2I-HV3Jo6tA=) has send a requested to sell ammo_762x54 x1 at the trader "Weapons (Gabi [#STR_EXPANSION_MARKET_TRADER_WEAPONS])" in market zone "Jalovisko Trading Zone" (pos=<8583.669922, 24.549999, 10515.000000>).
11:16:58.906 [Market] Player "DKGreear12" (id=zhJxvJUIQcTeCgEZ3Xhlvc_WjNMgSdId2I-HV3Jo6tA=) has sold ammo_762x54 x1 at the trader "Weapons (Gabi [#STR_EXPANSION_MARKET_TRADER_WEAPONS])" in market zone "Jalovisko Trading Zone" (pos=<8583.669922, 24.549999, 10515.000000>) and got 1.
11:16:58.933 [Market] Player "DKGreear12" (id=zhJxvJUIQcTeCgEZ3Xhlvc_WjNMgSdId2I-HV3Jo6tA=) has send a requested to sell ammo_762x54 x1 at the trader "Weapons (Gabi [#STR_EXPANSION_MARKET_TRADER_WEAPONS])" in market zone "Jalovisko Trading Zone" (pos=<8583.669922, 24.549999, 10515.000000>).
11:16:59.031 [Market] Player "DKGreear12" (id=zhJxvJUIQcTeCgEZ3Xhlvc_WjNMgSdId2I-HV3Jo6tA=) has sold ammo_762x54 x1 at the trader "Weapons (Gabi [#STR_EXPANSION_MARKET_TRADER_WEAPONS])" in market zone "Jalovisko Trading Zone" (pos=<8583.669922, 24.549999, 10515.000000>) and got 1.
11:16:59.132 [Market] Player "DKGreear12" (id=zhJxvJUIQcTeCgEZ3Xhlvc_WjNMgSdId2I-HV3Jo6tA=) has send a requested to sell ammo_762x54 x1 at the trader "Weapons (Gabi [#STR_EXPANSION_MARKET_TRADER_WEAPONS])" in market zone "Jalovisko Trading Zone" (pos=<8583.669922, 24.549999, 10515.000000>).
11:16:59.210 [Market] Player "DKGreear12" (id=zhJxvJUIQcTeCgEZ3Xhlvc_WjNMgSdId2I-HV3Jo6tA=) has sold ammo_762x54 x1 at the trader "Weapons (Gabi [#STR_EXPANSION_MARKET_TRADER_WEAPONS])" in market zone "Jalovisko Trading Zone" (pos=<8583.669922, 24.549999, 10515.000000>) and got 1.
11:16:59.304 [Market] Player "DKGreear12" (id=zhJxvJUIQcTeCgEZ3Xhlvc_WjNMgSdId2I-HV3Jo6tA=) has send a requested to sell ammo_762x54 x1 at the trader "Weapons (Gabi [#STR_EXPANSION_MARKET_TRADER_WEAPONS])" in market zone "Jalovisko Trading Zone" (pos=<8583.669922, 24.549999, 10515.000000>).
11:16:59.398 [Market] Player "DKGreear12" (id=zhJxvJUIQcTeCgEZ3Xhlvc_WjNMgSdId2I-HV3Jo6tA=) has sold ammo_762x54 x1 at the trader "Weapons (Gabi [#STR_EXPANSION_MARKET_TRADER_WEAPONS])" in market zone "Jalovisko Trading Zone" (pos=<8583.669922, 24.549999, 10515.000000>) and got 1.
11:16:59.652 [Market] Player "DKGreear12" (id=zhJxvJUIQcTeCgEZ3Xhlvc_WjNMgSdId2I-HV3Jo6tA=) has send a requested to sell ammo_762x54 x1 at the trader "Weapons (Gabi [#STR_EXPANSION_MARKET_TRADER_WEAPONS])" in market zone "Jalovisko Trading Zone" (pos=<8583.669922, 24.549999, 10515.000000>).
11:16:59.734 [Market] Player "DKGreear12" (id=zhJxvJUIQcTeCgEZ3Xhlvc_WjNMgSdId2I-HV3Jo6tA=) has sold ammo_762x54 x1 at the trader "Weapons (Gabi [#STR_EXPANSION_MARKET_TRADER_WEAPONS])" in market zone "Jalovisko Trading Zone" (pos=<8583.669922, 24.549999, 10515.000000>) and got 1.
11:16:59.835 [Market] Player "DKGreear12" (id=zhJxvJUIQcTeCgEZ3Xhlvc_WjNMgSdId2I-HV3Jo6tA=) has send a requested to sell ammo_762x54 x1 at the trader "Weapons (Gabi [#STR_EXPANSION_MARKET_TRADER_WEAPONS])" in market zone "Jalovisko Trading Zone" (pos=<8583.669922, 24.549999, 10515.000000>).
11:16:59.917 [Market] Player "DKGreear12" (id=zhJxvJUIQcTeCgEZ3Xhlvc_WjNMgSdId2I-HV3Jo6tA=) has sold ammo_762x54 x1 at the trader "Weapons (Gabi [#STR_EXPANSION_MARKET_TRADER_WEAPONS])" in market zone "Jalovisko Trading Zone" (pos=<8583.669922, 24.549999, 10515.000000>) and got 1.
11:17:00.000 [Market] Player "DKGreear12" (id=zhJxvJUIQcTeCgEZ3Xhlvc_WjNMgSdId2I-HV3Jo6tA=) has send a requested to sell ammo_762x54 x1 at the trader "Weapons (Gabi [#STR_EXPANSION_MARKET_TRADER_WEAPONS])" in market zone "Jalovisko Trading Zone" (pos=<8583.669922, 24.549999, 10515.000000>).
11:17:00.089 [Market] Player "DKGreear12" (id=zhJxvJUIQcTeCgEZ3Xhlvc_WjNMgSdId2I-HV3Jo6tA=) has sold ammo_762x54 x1 at the trader "Weapons (Gabi [#STR_EXPANSION_MARKET_TRADER_WEAPONS])" in market zone "Jalovisko Trading Zone" (pos=<8583.669922, 24.549999, 10515.000000>) and got 1.
11:17:00.175 [Market] Player "DKGreear12" (id=zhJxvJUIQcTeCgEZ3Xhlvc_WjNMgSdId2I-HV3Jo6tA=) has send a requested to sell ammo_762x54 x1 at the trader "Weapons (Gabi [#STR_EXPANSION_MARKET_TRADER_WEAPONS])" in market zone "Jalovisko Trading Zone" (pos=<8583.669922, 24.549999, 10515.000000>).
11:17:00.265 [Market] Player "DKGreear12" (id=zhJxvJUIQcTeCgEZ3Xhlvc_WjNMgSdId2I-HV3Jo6tA=) has sold ammo_762x54 x1 at the trader "Weapons (Gabi [#STR_EXPANSION_MARKET_TRADER_WEAPONS])" in market zone "Jalovisko Trading Zone" (pos=<8583.669922, 24.549999, 10515.000000>) and got 1.
11:17:00.359 [Market] Player "DKGreear12" (id=zhJxvJUIQcTeCgEZ3Xhlvc_WjNMgSdId2I-HV3Jo6tA=) has send a requested to sell ammo_762x54 x1 at the trader "Weapons (Gabi [#STR_EXPANSION_MARKET_TRADER_WEAPONS])" in market zone "Jalovisko Trading Zone" (pos=<8583.669922, 24.549999, 10515.000000>).
11:17:00.457 [Market] Player "DKGreear12" (id=zhJxvJUIQcTeCgEZ3Xhlvc_WjNMgSdId2I-HV3Jo6tA=) has sold ammo_762x54 x1 at the trader "Weapons (Gabi [#STR_EXPANSION_MARKET_TRADER_WEAPONS])" in market zone "Jalovisko Trading Zone" (pos=<8583.669922, 24.549999, 10515.000000>) and got 1.
11:17:00.500 [Market] Player "DKGreear12" (id=zhJxvJUIQcTeCgEZ3Xhlvc_WjNMgSdId2I-HV3Jo6tA=) has send a requested to sell ammo_762x54 x1 at the trader "Weapons (Gabi [#STR_EXPANSION_MARKET_TRADER_WEAPONS])" in market zone "Jalovisko Trading Zone" (pos=<8583.669922, 24.549999, 10515.000000>).
11:17:00.585 [Market] Player "DKGreear12" (id=zhJxvJUIQcTeCgEZ3Xhlvc_WjNMgSdId2I-HV3Jo6tA=) has sold ammo_762x54 x1 at the trader "Weapons (Gabi [#STR_EXPANSION_MARKET_TRADER_WEAPONS])" in market zone "Jalovisko Trading Zone" (pos=<8583.669922, 24.549999, 10515.000000>) and got 1.
11:17:00.675 [Market] Player "DKGreear12" (id=zhJxvJUIQcTeCgEZ3Xhlvc_WjNMgSdId2I-HV3Jo6tA=) has send a requested to sell ammo_762x54 x1 at the trader "Weapons (Gabi [#STR_EXPANSION_MARKET_TRADER_WEAPONS])" in market zone "Jalovisko Trading Zone" (pos=<8583.669922, 24.549999, 10515.000000>).
11:17:00.769 [Market] Player "DKGreear12" (id=zhJxvJUIQcTeCgEZ3Xhlvc_WjNMgSdId2I-HV3Jo6tA=) has sold ammo_762x54 x1 at the trader "Weapons (Gabi [#STR_EXPANSION_MARKET_TRADER_WEAPONS])" in market zone "Jalovisko Trading Zone" (pos=<8583.669922, 24.549999, 10515.000000>) and got 1.
11:17:00.863 [Market] Player "DKGreear12" (id=zhJxvJUIQcTeCgEZ3Xhlvc_WjNMgSdId2I-HV3Jo6tA=) has send a requested to sell ammo_762x54 x1 at the trader "Weapons (Gabi [#STR_EXPANSION_MARKET_TRADER_WEAPONS])" in market zone "Jalovisko Trading Zone" (pos=<8583.669922, 24.549999, 10515.000000>).
11:17:00.953 [Market] Player "DKGreear12" (id=zhJxvJUIQcTeCgEZ3Xhlvc_WjNMgSdId2I-HV3Jo6tA=) has sold ammo_762x54 x1 at the trader "Weapons (Gabi [#STR_EXPANSION_MARKET_TRADER_WEAPONS])" in market zone "Jalovisko Trading Zone" (pos=<8583.669922, 24.549999, 10515.000000>) and got 1.
11:17:01.031 [Market] Player "DKGreear12" (id=zhJxvJUIQcTeCgEZ3Xhlvc_WjNMgSdId2I-HV3Jo6tA=) has send a requested to sell ammo_762x54 x1 at the trader "Weapons (Gabi [#STR_EXPANSION_MARKET_TRADER_WEAPONS])" in market zone "Jalovisko Trading Zone" (pos=<8583.669922, 24.549999, 10515.000000>).
11:17:01.125 [Market] Player "DKGreear12" (id=zhJxvJUIQcTeCgEZ3Xhlvc_WjNMgSdId2I-HV3Jo6tA=) has sold ammo_762x54 x1 at the trader "Weapons (Gabi [#STR_EXPANSION_MARKET_TRADER_WEAPONS])" in market zone "Jalovisko Trading Zone" (pos=<8583.669922, 24.549999, 10515.000000>) and got 1.
11:17:01.304 [Market] Player "DKGreear12" (id=zhJxvJUIQcTeCgEZ3Xhlvc_WjNMgSdId2I-HV3Jo6tA=) has send a requested to sell ammo_762x54 x1 at the trader "Weapons (Gabi [#STR_EXPANSION_MARKET_TRADER_WEAPONS])" in market zone "Jalovisko Trading Zone" (pos=<8583.669922, 24.549999, 10515.000000>).
11:17:01.390 [Market] Player "DKGreear12" (id=zhJxvJUIQcTeCgEZ3Xhlvc_WjNMgSdId2I-HV3Jo6tA=) has sold ammo_762x54 x1 at the trader "Weapons (Gabi [#STR_EXPANSION_MARKET_TRADER_WEAPONS])" in market zone "Jalovisko Trading Zone" (pos=<8583.669922, 24.549999, 10515.000000>) and got 1.
11:17:01.566 [Market] Player "DKGreear12" (id=zhJxvJUIQcTeCgEZ3Xhlvc_WjNMgSdId2I-HV3Jo6tA=) has send a requested to sell ammo_762x54 x1 at the trader "Weapons (Gabi [#STR_EXPANSION_MARKET_TRADER_WEAPONS])" in market zone "Jalovisko Trading Zone" (pos=<8583.669922, 24.549999, 10515.000000>).
11:17:01.640 [Market] Player "DKGreear12" (id=zhJxvJUIQcTeCgEZ3Xhlvc_WjNMgSdId2I-HV3Jo6tA=) has sold ammo_762x54 x1 at the trader "Weapons (Gabi [#STR_EXPANSION_MARKET_TRADER_WEAPONS])" in market zone "Jalovisko Trading Zone" (pos=<8583.669922, 24.549999, 10515.000000>) and got 1.
11:17:01.906 [Market] Player "DKGreear12" (id=zhJxvJUIQcTeCgEZ3Xhlvc_WjNMgSdId2I-HV3Jo6tA=) has send a requested to sell ammo_762x54 x1 at the trader "Weapons (Gabi [#STR_EXPANSION_MARKET_TRADER_WEAPONS])" in market zone "Jalovisko Trading Zone" (pos=<8583.669922, 24.549999, 10515.000000>).
11:17:01.988 [Market] Player "DKGreear12" (id=zhJxvJUIQcTeCgEZ3Xhlvc_WjNMgSdId2I-HV3Jo6tA=) has sold ammo_762x54 x1 at the trader "Weapons (Gabi [#STR_EXPANSION_MARKET_TRADER_WEAPONS])" in market zone "Jalovisko Trading Zone" (pos=<8583.669922, 24.549999, 10515.000000>) and got 1.
11:17:19.902 [Market] Player "DKGreear12" (id=zhJxvJUIQcTeCgEZ3Xhlvc_WjNMgSdId2I-HV3Jo6tA=) has send a requested to sell makarovij70 x1 at the trader "Weapons (Gabi [#STR_EXPANSION_MARKET_TRADER_WEAPONS])" in market zone "Jalovisko Trading Zone" (pos=<8583.669922, 24.549999, 10515.000000>).
11:17:19.992 [Market] Player "DKGreear12" (id=zhJxvJUIQcTeCgEZ3Xhlvc_WjNMgSdId2I-HV3Jo6tA=) has sold makarovij70 x1 at the trader "Weapons (Gabi [#STR_EXPANSION_MARKET_TRADER_WEAPONS])" in market zone "Jalovisko Trading Zone" (pos=<8583.669922, 24.549999, 10515.000000>) and got 100.
11:17:47.289 [Market] Player "DKGreear12" (id=zhJxvJUIQcTeCgEZ3Xhlvc_WjNMgSdId2I-HV3Jo6tA=) has send a requested to sell mag_aug_30rnd x1 at the trader "Attachments (Irena [#STR_EXPANSION_MARKET_TRADER_ATTACHMENTS])" in market zone "Jalovisko Trading Zone" (pos=<8583.669922, 24.549999, 10515.000000>).
11:17:47.359 [Market] Player "DKGreear12" (id=zhJxvJUIQcTeCgEZ3Xhlvc_WjNMgSdId2I-HV3Jo6tA=) has sold mag_aug_30rnd x1 at the trader "Attachments (Irena [#STR_EXPANSION_MARKET_TRADER_ATTACHMENTS])" in market zone "Jalovisko Trading Zone" (pos=<8583.669922, 24.549999, 10515.000000>) and got 195.
11:17:47.441 [Market] Player "DKGreear12" (id=zhJxvJUIQcTeCgEZ3Xhlvc_WjNMgSdId2I-HV3Jo6tA=) has send a requested to sell mag_aug_30rnd x1 at the trader "Attachments (Irena [#STR_EXPANSION_MARKET_TRADER_ATTACHMENTS])" in market zone "Jalovisko Trading Zone" (pos=<8583.669922, 24.549999, 10515.000000>).
11:17:47.558 [Market] Player "DKGreear12" (id=zhJxvJUIQcTeCgEZ3Xhlvc_WjNMgSdId2I-HV3Jo6tA=) has sold mag_aug_30rnd x1 at the trader "Attachments (Irena [#STR_EXPANSION_MARKET_TRADER_ATTACHMENTS])" in market zone "Jalovisko Trading Zone" (pos=<8583.669922, 24.549999, 10515.000000>) and got 195.
11:17:50.078 [Market] Player "DKGreear12" (id=zhJxvJUIQcTeCgEZ3Xhlvc_WjNMgSdId2I-HV3Jo6tA=) has send a requested to sell mag_mp5_30rnd x1 at the trader "Attachments (Irena [#STR_EXPANSION_MARKET_TRADER_ATTACHMENTS])" in market zone "Jalovisko Trading Zone" (pos=<8583.669922, 24.549999, 10515.000000>).
11:17:50.164 [Market] Player "DKGreear12" (id=zhJxvJUIQcTeCgEZ3Xhlvc_WjNMgSdId2I-HV3Jo6tA=) has sold mag_mp5_30rnd x1 at the trader "Attachments (Irena [#STR_EXPANSION_MARKET_TRADER_ATTACHMENTS])" in market zone "Jalovisko Trading Zone" (pos=<8583.669922, 24.549999, 10515.000000>) and got 180.
11:17:51.031 [Market] Player "DKGreear12" (id=zhJxvJUIQcTeCgEZ3Xhlvc_WjNMgSdId2I-HV3Jo6tA=) has send a requested to sell mag_stanag_30rnd x1 at the trader "Attachments (Irena [#STR_EXPANSION_MARKET_TRADER_ATTACHMENTS])" in market zone "Jalovisko Trading Zone" (pos=<8583.669922, 24.549999, 10515.000000>).
11:17:51.109 [Market] Player "DKGreear12" (id=zhJxvJUIQcTeCgEZ3Xhlvc_WjNMgSdId2I-HV3Jo6tA=) has sold mag_stanag_30rnd x1 at the trader "Attachments (Irena [#STR_EXPANSION_MARKET_TRADER_ATTACHMENTS])" in market zone "Jalovisko Trading Zone" (pos=<8583.669922, 24.549999, 10515.000000>) and got 195.
11:18:07.625 [Expansion Quests] - CompleteQuest - Player with UID zhJxvJUIQcTeCgEZ3Xhlvc_WjNMgSdId2I-HV3Jo6tA= has completed quest 5
11:20:25.984 [ATM] Player "DKGreear12" (id=zhJxvJUIQcTeCgEZ3Xhlvc_WjNMgSdId2I-HV3Jo6tA=) has deposited 33692 on his ATM account.
11:22:50.359 [Party] Player "DKGreear12" (id=zhJxvJUIQcTeCgEZ3Xhlvc_WjNMgSdId2I-HV3Jo6tA=) left the party "Nighteriders" (id=1 ownerUID=zhJxvJUIQcTeCgEZ3Xhlvc_WjNMgSdId2I-HV3Jo6tA= ownerName=DKGreear12)
