13:37:29.621 [Party] Player "DKGreear12" (id=zhJxvJUIQcTeCgEZ3Xhlvc_WjNMgSdId2I-HV3Jo6tA=) joinded the party "Admins" (id=0 ownerUID=8vtfObsTQABYXpVHaEsAuZ5QTEAjCvC2a-AZwd4E5dw= ownerName=FluffFaceYeti)
13:37:29.628 [Expansion Quests] - InitQuestSystemClient - Loaded existing player quest data for player with UID: zhJxvJUIQcTeCgEZ3Xhlvc_WjNMgSdId2I-HV3Jo6tA=
13:37:29.628 [Expansion Quests] - InitClientQuests_NormalQuests - Create new quest instance for quest: 8 - Creator UID: zhJxvJUIQcTeCgEZ3Xhlvc_WjNMgSdId2I-HV3Jo6tA=
13:37:29.632 [Expansion Quests] - InitClientQuests_NormalQuests - Create new quest instance for quest: 9 - Creator UID: zhJxvJUIQcTeCgEZ3Xhlvc_WjNMgSdId2I-HV3Jo6tA=
13:37:29.632 [Expansion Quests] - InitClientQuests_NormalQuests - Create new quest instance for quest: 11 - Creator UID: zhJxvJUIQcTeCgEZ3Xhlvc_WjNMgSdId2I-HV3Jo6tA=
13:38:06.539 [Party] Player "FluffFaceYeti" (id=8vtfObsTQABYXpVHaEsAuZ5QTEAjCvC2a-AZwd4E5dw=) joinded the party "Admins" (id=0 ownerUID=8vtfObsTQABYXpVHaEsAuZ5QTEAjCvC2a-AZwd4E5dw= ownerName=FluffFaceYeti)
13:38:06.546 [Expansion Quests] - InitQuestSystemClient - Loaded existing player quest data for player with UID: 8vtfObsTQABYXpVHaEsAuZ5QTEAjCvC2a-AZwd4E5dw=
13:38:06.546 [Expansion Quests] - InitClientQuests_NormalQuests - Create new quest instance for quest: 8 - Creator UID: 8vtfObsTQABYXpVHaEsAuZ5QTEAjCvC2a-AZwd4E5dw=
13:38:06.546 [Expansion Quests] - InitClientQuests_NormalQuests - Create new quest instance for quest: 9 - Creator UID: 8vtfObsTQABYXpVHaEsAuZ5QTEAjCvC2a-AZwd4E5dw=
13:38:06.550 [Expansion Quests] - InitClientQuests_NormalQuests - Create new quest instance for quest: 11 - Creator UID: 8vtfObsTQABYXpVHaEsAuZ5QTEAjCvC2a-AZwd4E5dw=
13:38:23.816 [Party] Player "thatguy404" (id=QjlZXS0Ark29Vwx4GPzro34d4Mh-vfgK6BY62FOJWUg=) joinded the party "Admins" (id=0 ownerUID=8vtfObsTQABYXpVHaEsAuZ5QTEAjCvC2a-AZwd4E5dw= ownerName=FluffFaceYeti)
13:38:23.824 [Expansion Quests] - InitQuestSystemClient - Loaded existing player quest data for player with UID: QjlZXS0Ark29Vwx4GPzro34d4Mh-vfgK6BY62FOJWUg=
13:38:23.824 [Expansion Quests] - InitClientQuests_NormalQuests - Create new quest instance for quest: 9 - Creator UID: QjlZXS0Ark29Vwx4GPzro34d4Mh-vfgK6BY62FOJWUg=
13:38:23.824 [Expansion Quests] - InitClientQuests_NormalQuests - Create new quest instance for quest: 11 - Creator UID: QjlZXS0Ark29Vwx4GPzro34d4Mh-vfgK6BY62FOJWUg=
13:38:32.656 [Airdrop] A player called airdrop is heading toward <8277.559570, 0.000000, 10851.112305> with a ExpansionAirdropContainer_Medical
13:39:56.339 [Airdrop] A player called airdrop is heading toward <8300.580078, 0.000000, 10845.337891> with a ExpansionAirdropContainer_Medical
13:41:23.820 [Airdrop] A player called airdrop is heading toward <8299.698242, 0.000000, 10857.581055> with a ExpansionAirdropContainer
13:41:38.640 [Party] Player "Vitellius" (id=QOVCOk5flZ8LlxY_vIXEUxFpj4R6rL-wr-TF8_b4xZo=) joinded the party "Admins" (id=0 ownerUID=8vtfObsTQABYXpVHaEsAuZ5QTEAjCvC2a-AZwd4E5dw= ownerName=FluffFaceYeti)
13:41:38.648 [Expansion Quests] - InitQuestSystemClient - Loaded existing player quest data for player with UID: QOVCOk5flZ8LlxY_vIXEUxFpj4R6rL-wr-TF8_b4xZo=
13:41:38.648 [Expansion Quests] - InitClientQuests_NormalQuests - Create new quest instance for quest: 9 - Creator UID: QOVCOk5flZ8LlxY_vIXEUxFpj4R6rL-wr-TF8_b4xZo=
13:41:38.652 [Expansion Quests] - InitClientQuests_NormalQuests - Create new quest instance for quest: 11 - Creator UID: QOVCOk5flZ8LlxY_vIXEUxFpj4R6rL-wr-TF8_b4xZo=
13:41:39.191 [Airdrop] A player called airdrop is heading toward <8310.802734, 0.000000, 10848.079102> with a ExpansionAirdropContainer_Military
13:41:42.691 [Airdrop] A player called airdrop is heading toward <8308.175781, 0.000000, 10852.869141> with a ExpansionAirdropContainer_Military
13:41:52.007 [Airdrop] A player called airdrop is heading toward <8304.996094, 0.000000, 10859.971680> with a ExpansionAirdropContainer_Medical
13:42:02.339 [Airdrop] A player called airdrop is heading toward <8310.301758, 0.000000, 10859.091797> with a ExpansionAirdropContainer_Basebuilding
13:42:12.921 [Airdrop] A player called airdrop is heading toward <8316.325195, 0.000000, 10854.590820> with a ExpansionAirdropContainer_Medical
13:52:22.632 [Killfeed] FluffFaceYeti bled out.
13:52:33.171 [Party] Player "FluffFaceYeti" (id=8vtfObsTQABYXpVHaEsAuZ5QTEAjCvC2a-AZwd4E5dw=) joinded the party "Admins" (id=0 ownerUID=8vtfObsTQABYXpVHaEsAuZ5QTEAjCvC2a-AZwd4E5dw= ownerName=FluffFaceYeti)
13:52:33.171 [Expansion Quests] - InitQuestSystemClient - Got cached player quest data for player with UID: 8vtfObsTQABYXpVHaEsAuZ5QTEAjCvC2a-AZwd4E5dw=
13:52:36.968 [SpawnSelection] Player "FluffFaceYeti" (id=8vtfObsTQABYXpVHaEsAuZ5QTEAjCvC2a-AZwd4E5dw=) spawned at <7823.861328, 6.436656, 7876.534180>
13:52:40.945 [AI Patrol] Spawning 4 West bots at <7477.027832, 72.247704, 7557.293945>
13:59:24.109 [Party] Player "Vitellius" (id=QOVCOk5flZ8LlxY_vIXEUxFpj4R6rL-wr-TF8_b4xZo=) left the party "Admins" (id=0 ownerUID=8vtfObsTQABYXpVHaEsAuZ5QTEAjCvC2a-AZwd4E5dw= ownerName=FluffFaceYeti)
13:59:55.726 [Party] Player "thatguy404" (id=QjlZXS0Ark29Vwx4GPzro34d4Mh-vfgK6BY62FOJWUg=) left the party "Admins" (id=0 ownerUID=8vtfObsTQABYXpVHaEsAuZ5QTEAjCvC2a-AZwd4E5dw= ownerName=FluffFaceYeti)
14:00:45.589 [Party] Player "Vitellius" (id=QOVCOk5flZ8LlxY_vIXEUxFpj4R6rL-wr-TF8_b4xZo=) joinded the party "Admins" (id=0 ownerUID=8vtfObsTQABYXpVHaEsAuZ5QTEAjCvC2a-AZwd4E5dw= ownerName=FluffFaceYeti)
14:00:45.597 [Expansion Quests] - InitQuestSystemClient - Loaded existing player quest data for player with UID: QOVCOk5flZ8LlxY_vIXEUxFpj4R6rL-wr-TF8_b4xZo=
14:00:45.597 [Expansion Quests] - InitClientQuests_NormalQuests - Create new quest instance for quest: 9 - Creator UID: QOVCOk5flZ8LlxY_vIXEUxFpj4R6rL-wr-TF8_b4xZo=
14:00:45.597 [Expansion Quests] - InitClientQuests_NormalQuests - Create new quest instance for quest: 11 - Creator UID: QOVCOk5flZ8LlxY_vIXEUxFpj4R6rL-wr-TF8_b4xZo=
14:02:32.136 [Safezone] Player "Vitellius" (id=QOVCOk5flZ8LlxY_vIXEUxFpj4R6rL-wr-TF8_b4xZo= pos=<8291.796875, 15.012231, 10787.485352>) Entered the safezone
14:02:37.109 [Safezone] Player "FluffFaceYeti" (id=8vtfObsTQABYXpVHaEsAuZ5QTEAjCvC2a-AZwd4E5dw= pos=<8292.085938, 15.012456, 10787.606445>) Entered the safezone
14:02:56.941 [Safezone] Player "DKGreear12" (id=zhJxvJUIQcTeCgEZ3Xhlvc_WjNMgSdId2I-HV3Jo6tA= pos=<8299.391602, 14.682310, 10784.615234>) Entered the safezone
14:03:19.902 [Party] Player "thatguy404" (id=QjlZXS0Ark29Vwx4GPzro34d4Mh-vfgK6BY62FOJWUg=) joinded the party "Admins" (id=0 ownerUID=8vtfObsTQABYXpVHaEsAuZ5QTEAjCvC2a-AZwd4E5dw= ownerName=FluffFaceYeti)
14:03:19.906 [Expansion Quests] - InitQuestSystemClient - Loaded existing player quest data for player with UID: QjlZXS0Ark29Vwx4GPzro34d4Mh-vfgK6BY62FOJWUg=
14:03:19.906 [Expansion Quests] - InitClientQuests_NormalQuests - Create new quest instance for quest: 9 - Creator UID: QjlZXS0Ark29Vwx4GPzro34d4Mh-vfgK6BY62FOJWUg=
14:03:19.910 [Expansion Quests] - InitClientQuests_NormalQuests - Create new quest instance for quest: 11 - Creator UID: QjlZXS0Ark29Vwx4GPzro34d4Mh-vfgK6BY62FOJWUg=
14:04:22.050 [Safezone] Player "thatguy404" (id=QjlZXS0Ark29Vwx4GPzro34d4Mh-vfgK6BY62FOJWUg= pos=<8296.771484, 14.841049, 10785.993164>) Entered the safezone
14:04:54.359 [VehicleDeleted] ExpansionUh1h (id=D979BC637B44C02F0CBBC1815FB17D56 pos=<8590.968750, 14.814497, 10505.560547>)
14:05:24.363 [Party] Player "DKGreear12" (id=zhJxvJUIQcTeCgEZ3Xhlvc_WjNMgSdId2I-HV3Jo6tA=) left the party "Admins" (id=0 ownerUID=8vtfObsTQABYXpVHaEsAuZ5QTEAjCvC2a-AZwd4E5dw= ownerName=FluffFaceYeti)
14:05:39.691 [Expansion Quests] - CreateQuestInstance - Created new quest instance for player with UID QjlZXS0Ark29Vwx4GPzro34d4Mh-vfgK6BY62FOJWUg= for quest 20
14:06:27.917 [Market] Player "Vitellius" (id=QOVCOk5flZ8LlxY_vIXEUxFpj4R6rL-wr-TF8_b4xZo=) has send a requested to purchase tacticalbaconcan x1 from the trader "Consumables (Linda [#STR_EXPANSION_MARKET_TRADER_CONSUMABLES])" in market zone "Jalovisko Trading Zone" (pos=<8583.669922, 24.549999, 10515.000000>).
14:06:27.949 [Market] Player "Vitellius" (id=QOVCOk5flZ8LlxY_vIXEUxFpj4R6rL-wr-TF8_b4xZo=) has bought tacticalbaconcan x1 from the trader "Consumables (Linda [#STR_EXPANSION_MARKET_TRADER_CONSUMABLES])" in market zone "Jalovisko Trading Zone" (pos=<8583.669922, 24.549999, 10515.000000>) for a price of 20.
14:06:28.449 [Market] Player "Vitellius" (id=QOVCOk5flZ8LlxY_vIXEUxFpj4R6rL-wr-TF8_b4xZo=) has send a requested to purchase tacticalbaconcan x1 from the trader "Consumables (Linda [#STR_EXPANSION_MARKET_TRADER_CONSUMABLES])" in market zone "Jalovisko Trading Zone" (pos=<8583.669922, 24.549999, 10515.000000>).
14:06:28.519 [Market] Player "Vitellius" (id=QOVCOk5flZ8LlxY_vIXEUxFpj4R6rL-wr-TF8_b4xZo=) has bought tacticalbaconcan x1 from the trader "Consumables (Linda [#STR_EXPANSION_MARKET_TRADER_CONSUMABLES])" in market zone "Jalovisko Trading Zone" (pos=<8583.669922, 24.549999, 10515.000000>) for a price of 20.
14:07:03.246 [ATM] Player "FluffFaceYeti" (id=8vtfObsTQABYXpVHaEsAuZ5QTEAjCvC2a-AZwd4E5dw=) has withdrawn 50000 from his ATM account.
14:07:22.023 [ATM] Player "thatguy404" (id=QjlZXS0Ark29Vwx4GPzro34d4Mh-vfgK6BY62FOJWUg=) has withdrawn 69900 from his ATM account.
14:07:31.222 [ATM] Player "thatguy404" (id=QjlZXS0Ark29Vwx4GPzro34d4Mh-vfgK6BY62FOJWUg=) has deposited 100000 on his ATM account.
14:07:42.359 [Market] Player "FluffFaceYeti" (id=8vtfObsTQABYXpVHaEsAuZ5QTEAjCvC2a-AZwd4E5dw=) has send a requested to purchase alicebag_black x1 from the trader "Clothing_Accessories (Helga [#STR_EXPANSION_MARKET_TRADER_CLOTHING_ACCESSORIES])" in market zone "Jalovisko Trading Zone" (pos=<8583.669922, 24.549999, 10515.000000>).
14:07:42.515 [Market] Player "FluffFaceYeti" (id=8vtfObsTQABYXpVHaEsAuZ5QTEAjCvC2a-AZwd4E5dw=) has bought alicebag_black x1 from the trader "Clothing_Accessories (Helga [#STR_EXPANSION_MARKET_TRADER_CLOTHING_ACCESSORIES])" in market zone "Jalovisko Trading Zone" (pos=<8583.669922, 24.549999, 10515.000000>) for a price of 400.
14:07:52.000 [Market] Player "Vitellius" (id=QOVCOk5flZ8LlxY_vIXEUxFpj4R6rL-wr-TF8_b4xZo=) has send a requested to sell mich2001helmet x1 at the trader "Clothing_Accessories (Helga [#STR_EXPANSION_MARKET_TRADER_CLOTHING_ACCESSORIES])" in market zone "Jalovisko Trading Zone" (pos=<8583.669922, 24.549999, 10515.000000>).
14:07:52.066 [Market] Player "Vitellius" (id=QOVCOk5flZ8LlxY_vIXEUxFpj4R6rL-wr-TF8_b4xZo=) has sold mich2001helmet x1 at the trader "Clothing_Accessories (Helga [#STR_EXPANSION_MARKET_TRADER_CLOTHING_ACCESSORIES])" in market zone "Jalovisko Trading Zone" (pos=<8583.669922, 24.549999, 10515.000000>) and got 112.
14:08:14.562 [Safezone] Player "DKGreear12" (id=zhJxvJUIQcTeCgEZ3Xhlvc_WjNMgSdId2I-HV3Jo6tA= pos=<8577.666016, 14.784996, 10490.402344>) Entered the safezone
14:08:14.562 [Party] Player "DKGreear12" (id=zhJxvJUIQcTeCgEZ3Xhlvc_WjNMgSdId2I-HV3Jo6tA=) joinded the party "Admins" (id=0 ownerUID=8vtfObsTQABYXpVHaEsAuZ5QTEAjCvC2a-AZwd4E5dw= ownerName=FluffFaceYeti)
14:08:14.570 [Expansion Quests] - InitQuestSystemClient - Loaded existing player quest data for player with UID: zhJxvJUIQcTeCgEZ3Xhlvc_WjNMgSdId2I-HV3Jo6tA=
14:08:14.570 [Expansion Quests] - InitClientQuests_NormalQuests - Create new quest instance for quest: 8 - Creator UID: zhJxvJUIQcTeCgEZ3Xhlvc_WjNMgSdId2I-HV3Jo6tA=
14:08:14.570 [Expansion Quests] - InitClientQuests_NormalQuests - Create new quest instance for quest: 9 - Creator UID: zhJxvJUIQcTeCgEZ3Xhlvc_WjNMgSdId2I-HV3Jo6tA=
14:08:14.574 [Expansion Quests] - InitClientQuests_NormalQuests - Create new quest instance for quest: 11 - Creator UID: zhJxvJUIQcTeCgEZ3Xhlvc_WjNMgSdId2I-HV3Jo6tA=
14:08:27.871 [Market] Player "FluffFaceYeti" (id=8vtfObsTQABYXpVHaEsAuZ5QTEAjCvC2a-AZwd4E5dw=) has send a requested to purchase mich2001helmet x1 from the trader "Clothing_Accessories (Helga [#STR_EXPANSION_MARKET_TRADER_CLOTHING_ACCESSORIES])" in market zone "Jalovisko Trading Zone" (pos=<8583.669922, 24.549999, 10515.000000>).
14:08:28.054 [Market] Player "FluffFaceYeti" (id=8vtfObsTQABYXpVHaEsAuZ5QTEAjCvC2a-AZwd4E5dw=) has bought mich2001helmet x1 from the trader "Clothing_Accessories (Helga [#STR_EXPANSION_MARKET_TRADER_CLOTHING_ACCESSORIES])" in market zone "Jalovisko Trading Zone" (pos=<8583.669922, 24.549999, 10515.000000>) for a price of 150.
14:11:16.597 [ATM] Player "DKGreear12" (id=zhJxvJUIQcTeCgEZ3Xhlvc_WjNMgSdId2I-HV3Jo6tA=) has withdrawn 2000 from his ATM account.
14:11:35.343 [Market] Player "Vitellius" (id=QOVCOk5flZ8LlxY_vIXEUxFpj4R6rL-wr-TF8_b4xZo=) has send a requested to purchase salinebag x1 from the trader "Medicals (Indar [#STR_EXPANSION_MARKET_TRADER_MEDICALS])" in market zone "Jalovisko Trading Zone" (pos=<8583.669922, 24.549999, 10515.000000>).
14:11:35.394 [Market] Player "Vitellius" (id=QOVCOk5flZ8LlxY_vIXEUxFpj4R6rL-wr-TF8_b4xZo=) has bought salinebag x1 from the trader "Medicals (Indar [#STR_EXPANSION_MARKET_TRADER_MEDICALS])" in market zone "Jalovisko Trading Zone" (pos=<8583.669922, 24.549999, 10515.000000>) for a price of 15.
14:11:36.363 [Market] Player "Vitellius" (id=QOVCOk5flZ8LlxY_vIXEUxFpj4R6rL-wr-TF8_b4xZo=) has send a requested to purchase salinebag x1 from the trader "Medicals (Indar [#STR_EXPANSION_MARKET_TRADER_MEDICALS])" in market zone "Jalovisko Trading Zone" (pos=<8583.669922, 24.549999, 10515.000000>).
14:11:36.410 [Market] Player "Vitellius" (id=QOVCOk5flZ8LlxY_vIXEUxFpj4R6rL-wr-TF8_b4xZo=) has bought salinebag x1 from the trader "Medicals (Indar [#STR_EXPANSION_MARKET_TRADER_MEDICALS])" in market zone "Jalovisko Trading Zone" (pos=<8583.669922, 24.549999, 10515.000000>) for a price of 15.
14:11:53.449 [Market] Player "DKGreear12" (id=zhJxvJUIQcTeCgEZ3Xhlvc_WjNMgSdId2I-HV3Jo6tA=) has send a requested to purchase canteen x1 from the trader "Consumables (Linda [#STR_EXPANSION_MARKET_TRADER_CONSUMABLES])" in market zone "Jalovisko Trading Zone" (pos=<8583.669922, 24.549999, 10515.000000>).
14:11:53.546 [Market] Player "DKGreear12" (id=zhJxvJUIQcTeCgEZ3Xhlvc_WjNMgSdId2I-HV3Jo6tA=) has bought canteen x1 from the trader "Consumables (Linda [#STR_EXPANSION_MARKET_TRADER_CONSUMABLES])" in market zone "Jalovisko Trading Zone" (pos=<8583.669922, 24.549999, 10515.000000>) for a price of 18.
14:11:59.839 [Market] Player "thatguy404" (id=QjlZXS0Ark29Vwx4GPzro34d4Mh-vfgK6BY62FOJWUg=) has send a requested to purchase expansion_landrover x1 from the trader "Vehicles (Hassan [#STR_EXPANSION_MARKET_TRADER_VEHICLES])" in market zone "Jalovisko Trading Zone" (pos=<8583.669922, 24.549999, 10515.000000>).
14:11:59.921 [VehicleDeleted] Expansion_Landrover (id=31715CCACC45D985DE8D2EAC55523677 pos=<-0.004283, 0.705366, 0.335421>)
14:11:59.937 [Market] Player "thatguy404" (id=QjlZXS0Ark29Vwx4GPzro34d4Mh-vfgK6BY62FOJWUg=) has bought expansion_landrover x1 from the trader "Vehicles (Hassan [#STR_EXPANSION_MARKET_TRADER_VEHICLES])" in market zone "Jalovisko Trading Zone" (pos=<8583.669922, 24.549999, 10515.000000>) for a price of 86243.
14:12:14.046 [Market] Player "DKGreear12" (id=zhJxvJUIQcTeCgEZ3Xhlvc_WjNMgSdId2I-HV3Jo6tA=) has send a requested to purchase expansionbread2 x1 from the trader "Consumables (Linda [#STR_EXPANSION_MARKET_TRADER_CONSUMABLES])" in market zone "Jalovisko Trading Zone" (pos=<8583.669922, 24.549999, 10515.000000>).
14:12:14.117 [Market] Player "DKGreear12" (id=zhJxvJUIQcTeCgEZ3Xhlvc_WjNMgSdId2I-HV3Jo6tA=) has bought expansionbread2 x1 from the trader "Consumables (Linda [#STR_EXPANSION_MARKET_TRADER_CONSUMABLES])" in market zone "Jalovisko Trading Zone" (pos=<8583.669922, 24.549999, 10515.000000>) for a price of 15.
14:12:14.722 [Market] Player "DKGreear12" (id=zhJxvJUIQcTeCgEZ3Xhlvc_WjNMgSdId2I-HV3Jo6tA=) has send a requested to purchase expansionbread2 x1 from the trader "Consumables (Linda [#STR_EXPANSION_MARKET_TRADER_CONSUMABLES])" in market zone "Jalovisko Trading Zone" (pos=<8583.669922, 24.549999, 10515.000000>).
14:12:14.789 [Market] Player "DKGreear12" (id=zhJxvJUIQcTeCgEZ3Xhlvc_WjNMgSdId2I-HV3Jo6tA=) has bought expansionbread2 x1 from the trader "Consumables (Linda [#STR_EXPANSION_MARKET_TRADER_CONSUMABLES])" in market zone "Jalovisko Trading Zone" (pos=<8583.669922, 24.549999, 10515.000000>) for a price of 15.
14:12:15.617 [Market] Player "DKGreear12" (id=zhJxvJUIQcTeCgEZ3Xhlvc_WjNMgSdId2I-HV3Jo6tA=) has send a requested to purchase expansionbread2 x1 from the trader "Consumables (Linda [#STR_EXPANSION_MARKET_TRADER_CONSUMABLES])" in market zone "Jalovisko Trading Zone" (pos=<8583.669922, 24.549999, 10515.000000>).
14:12:15.699 [Market] Player "DKGreear12" (id=zhJxvJUIQcTeCgEZ3Xhlvc_WjNMgSdId2I-HV3Jo6tA=) has bought expansionbread2 x1 from the trader "Consumables (Linda [#STR_EXPANSION_MARKET_TRADER_CONSUMABLES])" in market zone "Jalovisko Trading Zone" (pos=<8583.669922, 24.549999, 10515.000000>) for a price of 15.
14:12:16.375 [Market] Player "DKGreear12" (id=zhJxvJUIQcTeCgEZ3Xhlvc_WjNMgSdId2I-HV3Jo6tA=) has send a requested to purchase expansionbread2 x1 from the trader "Consumables (Linda [#STR_EXPANSION_MARKET_TRADER_CONSUMABLES])" in market zone "Jalovisko Trading Zone" (pos=<8583.669922, 24.549999, 10515.000000>).
14:12:16.460 [Market] Player "DKGreear12" (id=zhJxvJUIQcTeCgEZ3Xhlvc_WjNMgSdId2I-HV3Jo6tA=) has bought expansionbread2 x1 from the trader "Consumables (Linda [#STR_EXPANSION_MARKET_TRADER_CONSUMABLES])" in market zone "Jalovisko Trading Zone" (pos=<8583.669922, 24.549999, 10515.000000>) for a price of 15.
14:12:17.292 [Market] Player "DKGreear12" (id=zhJxvJUIQcTeCgEZ3Xhlvc_WjNMgSdId2I-HV3Jo6tA=) has send a requested to purchase expansionbread2 x1 from the trader "Consumables (Linda [#STR_EXPANSION_MARKET_TRADER_CONSUMABLES])" in market zone "Jalovisko Trading Zone" (pos=<8583.669922, 24.549999, 10515.000000>).
14:12:17.371 [Market] Player "DKGreear12" (id=zhJxvJUIQcTeCgEZ3Xhlvc_WjNMgSdId2I-HV3Jo6tA=) has bought expansionbread2 x1 from the trader "Consumables (Linda [#STR_EXPANSION_MARKET_TRADER_CONSUMABLES])" in market zone "Jalovisko Trading Zone" (pos=<8583.669922, 24.549999, 10515.000000>) for a price of 15.
14:13:27.132 [Market] Player "thatguy404" (id=QjlZXS0Ark29Vwx4GPzro34d4Mh-vfgK6BY62FOJWUg=) has send a requested to purchase expansioncarkey x1 from the trader "Vehicle_Parts (Guo [#STR_EXPANSION_MARKET_TRADER_VEHICLE_PARTS])" in market zone "Jalovisko Trading Zone" (pos=<8583.669922, 24.549999, 10515.000000>).
14:13:27.234 [Market] Player "thatguy404" (id=QjlZXS0Ark29Vwx4GPzro34d4Mh-vfgK6BY62FOJWUg=) has bought expansioncarkey x1 from the trader "Vehicle_Parts (Guo [#STR_EXPANSION_MARKET_TRADER_VEHICLE_PARTS])" in market zone "Jalovisko Trading Zone" (pos=<8583.669922, 24.549999, 10515.000000>) for a price of 250.
14:13:30.433 [Market] Player "thatguy404" (id=QjlZXS0Ark29Vwx4GPzro34d4Mh-vfgK6BY62FOJWUg=) has send a requested to purchase expansionkeychain_red x1 from the trader "Vehicle_Parts (Guo [#STR_EXPANSION_MARKET_TRADER_VEHICLE_PARTS])" in market zone "Jalovisko Trading Zone" (pos=<8583.669922, 24.549999, 10515.000000>).
14:13:30.535 [Market] Player "thatguy404" (id=QjlZXS0Ark29Vwx4GPzro34d4Mh-vfgK6BY62FOJWUg=) has bought expansionkeychain_red x1 from the trader "Vehicle_Parts (Guo [#STR_EXPANSION_MARKET_TRADER_VEHICLE_PARTS])" in market zone "Jalovisko Trading Zone" (pos=<8583.669922, 24.549999, 10515.000000>) for a price of 100.
14:13:56.328 [VehicleCarKey] Player "thatguy404" (id=QjlZXS0Ark29Vwx4GPzro34d4Mh-vfgK6BY62FOJWUg= pos=<8584.178711, 14.772674, 10481.535156>) used the  ExpansionCarKey to unlock Expansion_Landrover (id=7FB22952E24662EED711F9B7F8973400 pos=<8585.000977, 14.727181, 10482.689453>)
14:14:05.468 [VehicleEnter] Player FluffFaceYeti [uid=8vtfObsTQABYXpVHaEsAuZ5QTEAjCvC2a-AZwd4E5dw=] entered vehicle Land Rover Defender (id=7FB22952E24662EED711F9B7F8973400 pos=<8585.000977, 14.727181, 10482.689453>) as passenger
14:14:16.796 [VehicleEnter] Player thatguy404 [uid=QjlZXS0Ark29Vwx4GPzro34d4Mh-vfgK6BY62FOJWUg=] entered vehicle Land Rover Defender (id=7FB22952E24662EED711F9B7F8973400 pos=<8585.000977, 14.727181, 10482.689453>) as driver
14:14:22.246 [VehicleEngine] Player thatguy404 [uid=QjlZXS0Ark29Vwx4GPzro34d4Mh-vfgK6BY62FOJWUg=] started vehicle Land Rover Defender (id=7FB22952E24662EED711F9B7F8973400 pos=<8585.000977, 14.727181, 10482.689453>)
14:14:29.726 [VehicleEnter] Player Vitellius [uid=QOVCOk5flZ8LlxY_vIXEUxFpj4R6rL-wr-TF8_b4xZo=] entered vehicle Land Rover Defender (id=7FB22952E24662EED711F9B7F8973400 pos=<8585.000977, 14.727181, 10482.689453>) as passenger
14:14:55.257 [VehicleEnter] Player DKGreear12 [uid=zhJxvJUIQcTeCgEZ3Xhlvc_WjNMgSdId2I-HV3Jo6tA=] entered vehicle Land Rover Defender (id=7FB22952E24662EED711F9B7F8973400 pos=<8585.000977, 14.727181, 10482.689453>) as passenger
14:16:06.792 [Safezone] Player "DKGreear12" (id=zhJxvJUIQcTeCgEZ3Xhlvc_WjNMgSdId2I-HV3Jo6tA= pos=<8016.744141, 17.942083, 10506.303711>) Left the safezone
14:16:06.792 [Safezone] Player "thatguy404" (id=QjlZXS0Ark29Vwx4GPzro34d4Mh-vfgK6BY62FOJWUg= pos=<8016.300781, 18.024885, 10505.715820>) Left the safezone
14:16:06.796 [Safezone] Player "Vitellius" (id=QOVCOk5flZ8LlxY_vIXEUxFpj4R6rL-wr-TF8_b4xZo= pos=<8016.071777, 17.950878, 10506.807617>) Left the safezone
14:16:06.820 [Safezone] Player "FluffFaceYeti" (id=8vtfObsTQABYXpVHaEsAuZ5QTEAjCvC2a-AZwd4E5dw= pos=<8015.323242, 18.052807, 10505.813477>) Left the safezone
14:16:40.394 [AI Patrol] Spawning 4 West bots at <7377.795410, 23.180000, 11738.050781>
14:16:45.707 [AI Patrol] Spawning 4 West bots at <6570.117676, 20.737078, 10794.670898>
14:17:19.921 [VehicleLeave] Player FluffFaceYeti [uid=8vtfObsTQABYXpVHaEsAuZ5QTEAjCvC2a-AZwd4E5dw=] left vehicle Land Rover Defender (id=7FB22952E24662EED711F9B7F8973400 pos=<7056.863770, 16.053814, 10996.721680>)
14:17:22.988 [VehicleLeave] Player DKGreear12 [uid=zhJxvJUIQcTeCgEZ3Xhlvc_WjNMgSdId2I-HV3Jo6tA=] left vehicle Land Rover Defender (id=7FB22952E24662EED711F9B7F8973400 pos=<7056.863770, 16.053820, 10996.721680>)
14:17:24.242 [VehicleEngine] Player thatguy404 [uid=QjlZXS0Ark29Vwx4GPzro34d4Mh-vfgK6BY62FOJWUg=] stopped vehicle Land Rover Defender (id=7FB22952E24662EED711F9B7F8973400 pos=<7056.863770, 16.053820, 10996.721680>)
14:17:27.585 [VehicleLeave] Player Vitellius [uid=QOVCOk5flZ8LlxY_vIXEUxFpj4R6rL-wr-TF8_b4xZo=] left vehicle Land Rover Defender (id=7FB22952E24662EED711F9B7F8973400 pos=<7056.863770, 16.053822, 10996.721680>)
14:17:30.976 [VehicleLeave] Player thatguy404 [uid=QjlZXS0Ark29Vwx4GPzro34d4Mh-vfgK6BY62FOJWUg=] left vehicle Land Rover Defender (id=7FB22952E24662EED711F9B7F8973400 pos=<7056.863770, 16.053822, 10996.721680>)
14:17:41.503 [ExplosionDamageSystem] About to explode ExpansionRocket_Ammo from Expansion_LAW_Explosion<c9a59f90> at <6969.39, 15.71, 11042.3> EXPLOSION range 12 dropoff 3
14:17:51.019 [VehicleEnter] Player thatguy404 [uid=QjlZXS0Ark29Vwx4GPzro34d4Mh-vfgK6BY62FOJWUg=] entered vehicle Land Rover Defender (id=7FB22952E24662EED711F9B7F8973400 pos=<7056.863770, 16.053818, 10996.721680>) as driver
14:17:58.945 [VehicleLeave] Player thatguy404 [uid=QjlZXS0Ark29Vwx4GPzro34d4Mh-vfgK6BY62FOJWUg=] left vehicle Land Rover Defender (id=7FB22952E24662EED711F9B7F8973400 pos=<7056.863770, 16.053814, 10996.721680>)
14:18:16.511 [ExplosionDamageSystem] About to explode ExpansionRocket_Ammo from Expansion_RPG_Explosion<c9a57240> at <6925.2, 18.88, 11059.3> EXPLOSION range 12 dropoff 3
14:19:46.046 [ExplosionDamageSystem] About to explode ExpansionRocket_Ammo from Expansion_RPG_Explosion<63316a90> at <6934.89, 15.79, 11173.4> EXPLOSION range 12 dropoff 3
14:21:35.992 [VehicleCarKey] Player "thatguy404" (id=QjlZXS0Ark29Vwx4GPzro34d4Mh-vfgK6BY62FOJWUg= pos=<7055.509277, 16.091827, 10995.494141>) used the  ExpansionCarKey to unlock Expansion_Landrover (id=7FB22952E24662EED711F9B7F8973400 pos=<7056.863770, 16.053822, 10996.721680>)
14:21:42.492 [VehicleEnter] Player thatguy404 [uid=QjlZXS0Ark29Vwx4GPzro34d4Mh-vfgK6BY62FOJWUg=] entered vehicle Land Rover Defender (id=7FB22952E24662EED711F9B7F8973400 pos=<7056.863770, 16.053818, 10996.721680>) as driver
14:21:46.343 [VehicleEngine] Player thatguy404 [uid=QjlZXS0Ark29Vwx4GPzro34d4Mh-vfgK6BY62FOJWUg=] started vehicle Land Rover Defender (id=7FB22952E24662EED711F9B7F8973400 pos=<7056.863770, 16.053820, 10996.721680>)
14:24:57.507 [VehicleEngine] Player thatguy404 [uid=QjlZXS0Ark29Vwx4GPzro34d4Mh-vfgK6BY62FOJWUg=] stopped vehicle Land Rover Defender (id=7FB22952E24662EED711F9B7F8973400 pos=<6857.008301, 15.342706, 11428.356445>)
14:25:01.796 [VehicleLeave] Player thatguy404 [uid=QjlZXS0Ark29Vwx4GPzro34d4Mh-vfgK6BY62FOJWUg=] left vehicle Land Rover Defender (id=7FB22952E24662EED711F9B7F8973400 pos=<6857.008301, 15.342713, 11428.356445>)
14:25:09.589 [VehicleCarKey] Player "thatguy404" (id=QjlZXS0Ark29Vwx4GPzro34d4Mh-vfgK6BY62FOJWUg= pos=<6856.271973, 15.308434, 11427.007813>) used the  ExpansionCarKey to lock Expansion_Landrover (id=7FB22952E24662EED711F9B7F8973400 pos=<6857.008301, 15.342738, 11428.356445>)
14:25:52.527 [Expansion Quests] - CompleteQuest - Player with UID zhJxvJUIQcTeCgEZ3Xhlvc_WjNMgSdId2I-HV3Jo6tA= has completed quest 8
14:26:04.429 [Expansion Quests] - CompleteQuest - Player with UID 8vtfObsTQABYXpVHaEsAuZ5QTEAjCvC2a-AZwd4E5dw= has completed quest 8
