06:43:15.488 [Party] Player "FluffFaceYeti" (id=8vtfObsTQABYXpVHaEsAuZ5QTEAjCvC2a-AZwd4E5dw=) joinded the party "Admins" (id=0 ownerUID=8vtfObsTQABYXpVHaEsAuZ5QTEAjCvC2a-AZwd4E5dw= ownerName=FluffFaceYeti)
06:43:15.496 [Expansion Quests] - InitQuestSystemClient - Loaded existing player quest data for player with UID: 8vtfObsTQABYXpVHaEsAuZ5QTEAjCvC2a-AZwd4E5dw=
06:43:15.496 [Expansion Quests] - InitClientQuests_NormalQuests - Create new quest instance for quest: 9 - Creator UID: 8vtfObsTQABYXpVHaEsAuZ5QTEAjCvC2a-AZwd4E5dw=
06:43:15.498 [Expansion Quests] - InitClientQuests_NormalQuests - Create new quest instance for quest: 11 - Creator UID: 8vtfObsTQABYXpVHaEsAuZ5QTEAjCvC2a-AZwd4E5dw=
06:47:51.619 [MissionAirdrop] An airdrop is heading towards "Brensk" (pos=<4327.000000, 0.000000, 5230.000000> type=Random_Brensk) with a ExpansionAirdropContainer_Military
06:57:19.181 [Safezone] Player "FluffFaceYeti" (id=8vtfObsTQABYXpVHaEsAuZ5QTEAjCvC2a-AZwd4E5dw= pos=<8582.324219, 26.700022, 10513.506836>) Entered the safezone
06:57:50.203 [Market] Player "FluffFaceYeti" (id=8vtfObsTQABYXpVHaEsAuZ5QTEAjCvC2a-AZwd4E5dw=) has send a requested to sell ammo_308win x1 at the trader "Weapons (Gabi [#STR_EXPANSION_MARKET_TRADER_WEAPONS])" in market zone "Jalovisko Trading Zone" (pos=<8583.669922, 24.549999, 10515.000000>).
06:57:50.363 [Market] Player "FluffFaceYeti" (id=8vtfObsTQABYXpVHaEsAuZ5QTEAjCvC2a-AZwd4E5dw=) has sold ammo_308win x1 at the trader "Weapons (Gabi [#STR_EXPANSION_MARKET_TRADER_WEAPONS])" in market zone "Jalovisko Trading Zone" (pos=<8583.669922, 24.549999, 10515.000000>) and got 0.
06:57:58.294 [Market] Player "FluffFaceYeti" (id=8vtfObsTQABYXpVHaEsAuZ5QTEAjCvC2a-AZwd4E5dw=) has send a requested to sell m4_t3nrdsoptic x1 at the trader "Attachments (Irena [#STR_EXPANSION_MARKET_TRADER_ATTACHMENTS])" in market zone "Jalovisko Trading Zone" (pos=<8583.669922, 24.549999, 10515.000000>).
06:57:58.443 [Market] Player "FluffFaceYeti" (id=8vtfObsTQABYXpVHaEsAuZ5QTEAjCvC2a-AZwd4E5dw=) has sold m4_t3nrdsoptic x1 at the trader "Attachments (Irena [#STR_EXPANSION_MARKET_TRADER_ATTACHMENTS])" in market zone "Jalovisko Trading Zone" (pos=<8583.669922, 24.549999, 10515.000000>) and got 375.
06:58:01.484 [Market] Player "FluffFaceYeti" (id=8vtfObsTQABYXpVHaEsAuZ5QTEAjCvC2a-AZwd4E5dw=) has send a requested to sell mag_stanag_60rnd x1 at the trader "Attachments (Irena [#STR_EXPANSION_MARKET_TRADER_ATTACHMENTS])" in market zone "Jalovisko Trading Zone" (pos=<8583.669922, 24.549999, 10515.000000>).
06:58:01.626 [Market] Player "FluffFaceYeti" (id=8vtfObsTQABYXpVHaEsAuZ5QTEAjCvC2a-AZwd4E5dw=) has sold mag_stanag_60rnd x1 at the trader "Attachments (Irena [#STR_EXPANSION_MARKET_TRADER_ATTACHMENTS])" in market zone "Jalovisko Trading Zone" (pos=<8583.669922, 24.549999, 10515.000000>) and got 420.
06:58:10.824 [Market] Player "FluffFaceYeti" (id=8vtfObsTQABYXpVHaEsAuZ5QTEAjCvC2a-AZwd4E5dw=) has send a requested to sell mag_stanag_60rnd x3 at the trader "Attachments (Irena [#STR_EXPANSION_MARKET_TRADER_ATTACHMENTS])" in market zone "Jalovisko Trading Zone" (pos=<8583.669922, 24.549999, 10515.000000>).
06:58:10.992 [Market] Player "FluffFaceYeti" (id=8vtfObsTQABYXpVHaEsAuZ5QTEAjCvC2a-AZwd4E5dw=) has sold mag_stanag_60rnd x3 at the trader "Attachments (Irena [#STR_EXPANSION_MARKET_TRADER_ATTACHMENTS])" in market zone "Jalovisko Trading Zone" (pos=<8583.669922, 24.549999, 10515.000000>) and got 1260.
06:58:14.716 [Market] Player "FluffFaceYeti" (id=8vtfObsTQABYXpVHaEsAuZ5QTEAjCvC2a-AZwd4E5dw=) has send a requested to sell universallight x1 at the trader "Attachments (Irena [#STR_EXPANSION_MARKET_TRADER_ATTACHMENTS])" in market zone "Jalovisko Trading Zone" (pos=<8583.669922, 24.549999, 10515.000000>).
06:58:14.867 [Market] Player "FluffFaceYeti" (id=8vtfObsTQABYXpVHaEsAuZ5QTEAjCvC2a-AZwd4E5dw=) has sold universallight x1 at the trader "Attachments (Irena [#STR_EXPANSION_MARKET_TRADER_ATTACHMENTS])" in market zone "Jalovisko Trading Zone" (pos=<8583.669922, 24.549999, 10515.000000>) and got 90.
06:59:05.470 [Market] Player "FluffFaceYeti" (id=8vtfObsTQABYXpVHaEsAuZ5QTEAjCvC2a-AZwd4E5dw=) has send a requested to sell expansiongoldbar x1 at the trader "Exchange (Kaito [#STR_EXPANSION_MARKET_TRADER_EXCHANGE])" in market zone "Jalovisko Trading Zone" (pos=<8583.669922, 24.549999, 10515.000000>).
06:59:05.617 [Market] Player "FluffFaceYeti" (id=8vtfObsTQABYXpVHaEsAuZ5QTEAjCvC2a-AZwd4E5dw=) has sold expansiongoldbar x1 at the trader "Exchange (Kaito [#STR_EXPANSION_MARKET_TRADER_EXCHANGE])" in market zone "Jalovisko Trading Zone" (pos=<8583.669922, 24.549999, 10515.000000>) and got 1.
06:59:11.859 [Market] Player "FluffFaceYeti" (id=8vtfObsTQABYXpVHaEsAuZ5QTEAjCvC2a-AZwd4E5dw=) has send a requested to sell expansiongoldbar x98 at the trader "Exchange (Kaito [#STR_EXPANSION_MARKET_TRADER_EXCHANGE])" in market zone "Jalovisko Trading Zone" (pos=<8583.669922, 24.549999, 10515.000000>).
06:59:12.021 [Market] Player "FluffFaceYeti" (id=8vtfObsTQABYXpVHaEsAuZ5QTEAjCvC2a-AZwd4E5dw=) has sold expansiongoldbar x98 at the trader "Exchange (Kaito [#STR_EXPANSION_MARKET_TRADER_EXCHANGE])" in market zone "Jalovisko Trading Zone" (pos=<8583.669922, 24.549999, 10515.000000>) and got 98.
