12:02:44.613 [Party] Player "FluffFaceYeti" (id=8vtfObsTQABYXpVHaEsAuZ5QTEAjCvC2a-AZwd4E5dw=) joinded the party "Admins" (id=0 ownerUID=8vtfObsTQABYXpVHaEsAuZ5QTEAjCvC2a-AZwd4E5dw= ownerName=FluffFaceYeti)
12:02:44.621 [Expansion Quests] - InitQuestSystemClient - Loaded existing player quest data for player with UID: 8vtfObsTQABYXpVHaEsAuZ5QTEAjCvC2a-AZwd4E5dw=
12:02:44.621 [Expansion Quests] - InitClientQuests_NormalQuests - Create new quest instance for quest: 9 - Creator UID: 8vtfObsTQABYXpVHaEsAuZ5QTEAjCvC2a-AZwd4E5dw=
12:02:44.621 [Expansion Quests] - InitClientQuests_NormalQuests - Create new quest instance for quest: 11 - Creator UID: 8vtfObsTQABYXpVHaEsAuZ5QTEAjCvC2a-AZwd4E5dw=
12:04:10.613 [AI Patrol] Spawning 2 Shamans bots at <5565.694336, 47.323570, 10917.790039>
12:04:10.914 [AI Patrol] Spawning 4 Shamans bots at <4665.286621, 6.151474, 10114.089844>
12:04:11.480 [AI Patrol] Spawning 3 Shamans bots at <4979.696777, -2.037163, 11393.383789>
12:06:20.613 [MissionAirdrop] An airdrop is heading towards "Airstrip" (pos=<6140.000000, 0.000000, 9189.000000> type=Random_Airstrip) with a ExpansionAirdropContainer_Medical
12:06:36.445 [Safezone] Player "FluffFaceYeti" (id=8vtfObsTQABYXpVHaEsAuZ5QTEAjCvC2a-AZwd4E5dw= pos=<8601.063477, 14.720000, 10515.186523>) Entered the safezone
12:07:49.437 [Safezone] Player "FluffFaceYeti" (id=8vtfObsTQABYXpVHaEsAuZ5QTEAjCvC2a-AZwd4E5dw= pos=<1223.208252, 2.012500, 11843.618164>) Left the safezone
12:09:45.355 [Market] Player "FluffFaceYeti" (id=8vtfObsTQABYXpVHaEsAuZ5QTEAjCvC2a-AZwd4E5dw=) has send a requested to sell snafu_m300bk x1 at the trader "BlackMarket (Gabi [Black Market])" in market zone "Black Market Trading Zone" (pos=<1222.410034, 2.012460, 11845.200195>).
12:09:45.535 [Market] Player "FluffFaceYeti" (id=8vtfObsTQABYXpVHaEsAuZ5QTEAjCvC2a-AZwd4E5dw=) has sold snafu_m300bk x1 at the trader "BlackMarket (Gabi [Black Market])" in market zone "Black Market Trading Zone" (pos=<1222.410034, 2.012460, 11845.200195>) and got 16788.
12:16:44.812 [Party] Player "FluffFaceYeti" (id=8vtfObsTQABYXpVHaEsAuZ5QTEAjCvC2a-AZwd4E5dw=) left the party "Admins" (id=0 ownerUID=8vtfObsTQABYXpVHaEsAuZ5QTEAjCvC2a-AZwd4E5dw= ownerName=FluffFaceYeti)
12:17:32.078 [Party] Player "FluffFaceYeti" (id=8vtfObsTQABYXpVHaEsAuZ5QTEAjCvC2a-AZwd4E5dw=) joinded the party "Admins" (id=0 ownerUID=8vtfObsTQABYXpVHaEsAuZ5QTEAjCvC2a-AZwd4E5dw= ownerName=FluffFaceYeti)
12:17:32.089 [Expansion Quests] - InitQuestSystemClient - Loaded existing player quest data for player with UID: 8vtfObsTQABYXpVHaEsAuZ5QTEAjCvC2a-AZwd4E5dw=
12:17:32.089 [Expansion Quests] - InitClientQuests_NormalQuests - Create new quest instance for quest: 9 - Creator UID: 8vtfObsTQABYXpVHaEsAuZ5QTEAjCvC2a-AZwd4E5dw=
12:17:32.089 [Expansion Quests] - InitClientQuests_NormalQuests - Create new quest instance for quest: 11 - Creator UID: 8vtfObsTQABYXpVHaEsAuZ5QTEAjCvC2a-AZwd4E5dw=
12:18:29.496 [Market] Player "FluffFaceYeti" (id=8vtfObsTQABYXpVHaEsAuZ5QTEAjCvC2a-AZwd4E5dw=) has send a requested to sell snafu_ar15_modular16_gun x1 at the trader "BlackMarket (Gabi [Black Market])" in market zone "Black Market Trading Zone" (pos=<1222.410034, 2.012460, 11845.200195>).
12:18:29.644 [Market] Player "FluffFaceYeti" (id=8vtfObsTQABYXpVHaEsAuZ5QTEAjCvC2a-AZwd4E5dw=) has sold snafu_ar15_modular16_gun x1 at the trader "BlackMarket (Gabi [Black Market])" in market zone "Black Market Trading Zone" (pos=<1222.410034, 2.012460, 11845.200195>) and got 21413.
12:21:12.183 [Market] Player "FluffFaceYeti" (id=8vtfObsTQABYXpVHaEsAuZ5QTEAjCvC2a-AZwd4E5dw=) has send a requested to sell snafuar15_spr_black_gun x1 at the trader "BlackMarket (Gabi [Black Market])" in market zone "Black Market Trading Zone" (pos=<1222.410034, 2.012460, 11845.200195>).
12:21:12.328 [Market] Player "FluffFaceYeti" (id=8vtfObsTQABYXpVHaEsAuZ5QTEAjCvC2a-AZwd4E5dw=) has sold snafuar15_spr_black_gun x1 at the trader "BlackMarket (Gabi [Black Market])" in market zone "Black Market Trading Zone" (pos=<1222.410034, 2.012460, 11845.200195>) and got 28913.
12:21:15.531 [Market] Player "FluffFaceYeti" (id=8vtfObsTQABYXpVHaEsAuZ5QTEAjCvC2a-AZwd4E5dw=) has send a requested to sell snafu_ar15sprbk x1 at the trader "BlackMarket (Gabi [Black Market])" in market zone "Black Market Trading Zone" (pos=<1222.410034, 2.012460, 11845.200195>).
12:21:15.664 [Market] Player "FluffFaceYeti" (id=8vtfObsTQABYXpVHaEsAuZ5QTEAjCvC2a-AZwd4E5dw=) has sold snafu_ar15sprbk x1 at the trader "BlackMarket (Gabi [Black Market])" in market zone "Black Market Trading Zone" (pos=<1222.410034, 2.012460, 11845.200195>) and got 28913.
12:21:21.101 [Market] Player "FluffFaceYeti" (id=8vtfObsTQABYXpVHaEsAuZ5QTEAjCvC2a-AZwd4E5dw=) has send a requested to sell snafu_adar_modular16_gun x1 at the trader "BlackMarket (Gabi [Black Market])" in market zone "Black Market Trading Zone" (pos=<1222.410034, 2.012460, 11845.200195>).
12:21:21.242 [Market] Player "FluffFaceYeti" (id=8vtfObsTQABYXpVHaEsAuZ5QTEAjCvC2a-AZwd4E5dw=) has sold snafu_adar_modular16_gun x1 at the trader "BlackMarket (Gabi [Black Market])" in market zone "Black Market Trading Zone" (pos=<1222.410034, 2.012460, 11845.200195>) and got 19973.
12:21:43.769 [Market] Player "FluffFaceYeti" (id=8vtfObsTQABYXpVHaEsAuZ5QTEAjCvC2a-AZwd4E5dw=) has send a requested to purchase snafu_adar_modular16_gun x1 from the trader "BlackMarket (Gabi [Black Market])" in market zone "Black Market Trading Zone" (pos=<1222.410034, 2.012460, 11845.200195>).
12:21:43.917 [Market] Player "FluffFaceYeti" (id=8vtfObsTQABYXpVHaEsAuZ5QTEAjCvC2a-AZwd4E5dw=) has bought snafu_adar_modular16_gun x1 from the trader "BlackMarket (Gabi [Black Market])" in market zone "Black Market Trading Zone" (pos=<1222.410034, 2.012460, 11845.200195>) for a price of 22533.
12:22:13.644 [Market] Player "FluffFaceYeti" (id=8vtfObsTQABYXpVHaEsAuZ5QTEAjCvC2a-AZwd4E5dw=) has send a requested to sell snafu_ar15_modular16_gun x1 at the trader "BlackMarket (Gabi [Black Market])" in market zone "Black Market Trading Zone" (pos=<1222.410034, 2.012460, 11845.200195>).
12:22:13.781 [Market] Player "FluffFaceYeti" (id=8vtfObsTQABYXpVHaEsAuZ5QTEAjCvC2a-AZwd4E5dw=) has sold snafu_ar15_modular16_gun x1 at the trader "BlackMarket (Gabi [Black Market])" in market zone "Black Market Trading Zone" (pos=<1222.410034, 2.012460, 11845.200195>) and got 19611.
