11:37:24.675 [Party] Player "FluffFaceYeti" (id=8vtfObsTQABYXpVHaEsAuZ5QTEAjCvC2a-AZwd4E5dw=) joinded the party "Admins" (id=0 ownerUID=8vtfObsTQABYXpVHaEsAuZ5QTEAjCvC2a-AZwd4E5dw= ownerName=FluffFaceYeti)
11:37:24.683 [Expansion Quests] - InitQuestSystemClient - Loaded existing player quest data for player with UID: 8vtfObsTQABYXpVHaEsAuZ5QTEAjCvC2a-AZwd4E5dw=
11:37:24.683 [Expansion Quests] - InitClientQuests_NormalQuests - Create new quest instance for quest: 9 - Creator UID: 8vtfObsTQABYXpVHaEsAuZ5QTEAjCvC2a-AZwd4E5dw=
11:37:24.687 [Expansion Quests] - InitClientQuests_NormalQuests - Create new quest instance for quest: 11 - Creator UID: 8vtfObsTQABYXpVHaEsAuZ5QTEAjCvC2a-AZwd4E5dw=
11:40:02.585 [MissionAirdrop] An airdrop is heading towards "Lubjansk" (pos=<4680.000000, 0.000000, 10872.000000> type=Random_Lubjansk) with a ExpansionAirdropContainer_Basebuilding
11:43:57.312 [Territory] Player "FluffFaceYeti" (id=8vtfObsTQABYXpVHaEsAuZ5QTEAjCvC2a-AZwd4E5dw=) created territory q23q23 at <1172.311401, 2.000000, 11564.941406>
11:44:42.976 [AdminTools] Player "FluffFaceYeti" (id=8vtfObsTQABYXpVHaEsAuZ5QTEAjCvC2a-AZwd4E5dw= pos=<1169.636963, 2.012500, 11561.562500>) used the  ExpansionCarAdminKey to lock Hatchback_02_Blue (id=46B6A0AE6546FC2FEA4A10AA80D82814 pos=<1171.527222, 2.043413, 11561.354492>)
11:44:51.277 [AdminTools] Player "FluffFaceYeti" (id=8vtfObsTQABYXpVHaEsAuZ5QTEAjCvC2a-AZwd4E5dw= pos=<1169.787720, 2.012493, 11561.932617>) used the Admin CarKey to unpair Hatchback_02_Blue (id=46B6A0AE6546FC2FEA4A10AA80D82814 pos=<1171.527222, 2.043413, 11561.354492>)
11:44:53.773 [AdminTools] Player "FluffFaceYeti" (id=8vtfObsTQABYXpVHaEsAuZ5QTEAjCvC2a-AZwd4E5dw= pos=<1169.697388, 2.012460, 11561.546875>) used the  ExpansionCarAdminKey to lock Hatchback_02_Blue (id=46B6A0AE6546FC2FEA4A10AA80D82814 pos=<1171.527222, 2.043413, 11561.354492>)
11:44:56.585 [AdminTools] Player "FluffFaceYeti" (id=8vtfObsTQABYXpVHaEsAuZ5QTEAjCvC2a-AZwd4E5dw= pos=<1169.717163, 2.012500, 11561.237305>) used the  ExpansionCarAdminKey to unlock Hatchback_02_Blue (id=46B6A0AE6546FC2FEA4A10AA80D82814 pos=<1171.527222, 2.043413, 11561.354492>)
11:45:01.843 [VehicleEnter] Player FluffFaceYeti [uid=8vtfObsTQABYXpVHaEsAuZ5QTEAjCvC2a-AZwd4E5dw=] entered vehicle GOLF GTi (id=46B6A0AE6546FC2FEA4A10AA80D82814 pos=<1171.527344, 2.043421, 11561.354492>) as driver
11:45:42.285 [VehicleLeave] Player FluffFaceYeti [uid=8vtfObsTQABYXpVHaEsAuZ5QTEAjCvC2a-AZwd4E5dw=] left vehicle GOLF GTi (id=46B6A0AE6546FC2FEA4A10AA80D82814 pos=<1171.527100, 2.043427, 11561.354492>)
11:45:55.378 [VehicleDeleted] Hatchback_02_Blue (id=46B6A0AE6546FC2FEA4A10AA80D82814 pos=<1171.527466, 2.043417, 11561.354492>)
11:46:22.535 [Safezone] Player "FluffFaceYeti" (id=8vtfObsTQABYXpVHaEsAuZ5QTEAjCvC2a-AZwd4E5dw= pos=<8580.935547, 14.721008, 10522.568359>) Entered the safezone
11:46:58.449 [Market] Player "FluffFaceYeti" (id=8vtfObsTQABYXpVHaEsAuZ5QTEAjCvC2a-AZwd4E5dw=) has send a requested to purchase expansion_landrover x1 from the trader "Vehicles (Hassan [#STR_EXPANSION_MARKET_TRADER_VEHICLES])" in market zone "Jalovisko Trading Zone" (pos=<8583.669922, 24.549999, 10515.000000>).
11:46:58.609 [VehicleDeleted] Expansion_Landrover (id=2486BFCF60450D9F68DC58B1B539FF41 pos=<-0.004283, 0.705366, 0.335421>)
11:46:58.628 [Market] Player "FluffFaceYeti" (id=8vtfObsTQABYXpVHaEsAuZ5QTEAjCvC2a-AZwd4E5dw=) has bought expansion_landrover x1 from the trader "Vehicles (Hassan [#STR_EXPANSION_MARKET_TRADER_VEHICLES])" in market zone "Jalovisko Trading Zone" (pos=<8583.669922, 24.549999, 10515.000000>) for a price of 194529.
11:47:09.394 [AdminTools] Player "FluffFaceYeti" (id=8vtfObsTQABYXpVHaEsAuZ5QTEAjCvC2a-AZwd4E5dw= pos=<8583.240234, 14.775789, 10481.433594>) used the Admin CarKey to unpair Expansion_Landrover (id=B0F72A2D1C485DAE8CB63D9F52837D96 pos=<8585.000977, 14.727181, 10482.689453>)
11:47:12.390 [AdminTools] Player "FluffFaceYeti" (id=8vtfObsTQABYXpVHaEsAuZ5QTEAjCvC2a-AZwd4E5dw= pos=<8583.334961, 14.775245, 10481.581055>) used the  ExpansionCarAdminKey to lock Expansion_Landrover (id=B0F72A2D1C485DAE8CB63D9F52837D96 pos=<8585.000977, 14.727181, 10482.689453>)
11:47:45.089 [AdminTools] Player "FluffFaceYeti" (id=8vtfObsTQABYXpVHaEsAuZ5QTEAjCvC2a-AZwd4E5dw= pos=<8583.867188, 14.773712, 10481.462891>) used the Admin CarKey to unpair Expansion_Landrover (id=B0F72A2D1C485DAE8CB63D9F52837D96 pos=<8585.000977, 14.727181, 10482.689453>)
11:47:53.050 [VehicleCarKey] Player "FluffFaceYeti" (id=8vtfObsTQABYXpVHaEsAuZ5QTEAjCvC2a-AZwd4E5dw= pos=<8583.928711, 14.773616, 10481.446289>) paired a  ExpansionCarKey to Expansion_Landrover (id=B0F72A2D1C485DAE8CB63D9F52837D96 pos=<8585.000977, 14.727181, 10482.689453>)
11:47:58.386 [VehicleEnter] Player FluffFaceYeti [uid=8vtfObsTQABYXpVHaEsAuZ5QTEAjCvC2a-AZwd4E5dw=] entered vehicle Land Rover Defender (id=B0F72A2D1C485DAE8CB63D9F52837D96 pos=<8585.000977, 14.727181, 10482.689453>) as driver
11:48:02.382 [VehicleEngine] Player FluffFaceYeti [uid=8vtfObsTQABYXpVHaEsAuZ5QTEAjCvC2a-AZwd4E5dw=] started vehicle Land Rover Defender (id=B0F72A2D1C485DAE8CB63D9F52837D96 pos=<8585.000977, 14.727182, 10482.689453>)
11:48:28.246 [Safezone] Player "FluffFaceYeti" (id=8vtfObsTQABYXpVHaEsAuZ5QTEAjCvC2a-AZwd4E5dw= pos=<1031.461670, 2.967344, 11665.608398>) Left the safezone
11:49:00.863 [VehicleEngine] Player FluffFaceYeti [uid=8vtfObsTQABYXpVHaEsAuZ5QTEAjCvC2a-AZwd4E5dw=] stopped vehicle Land Rover Defender (Locked) (id=B0F72A2D1C485DAE8CB63D9F52837D96 pos=<1175.778198, 1.971495, 11573.240234>)
11:49:09.644 [VehicleLeave] Player FluffFaceYeti [uid=8vtfObsTQABYXpVHaEsAuZ5QTEAjCvC2a-AZwd4E5dw=] left vehicle Land Rover Defender (id=B0F72A2D1C485DAE8CB63D9F52837D96 pos=<1175.778076, 1.971496, 11573.240234>)
11:53:38.355 [VehicleDeleted] Expansion_Landrover (id=82C74D72F541A6944DF476B02AC331F3 pos=<-0.004283, 0.705366, 0.335421>)
11:53:38.382 [VehicleDeleted] Expansion_Landrover (id=B0F72A2D1C485DAE8CB63D9F52837D96 pos=<1175.778442, 1.971495, 11573.240234>)
11:53:38.382 [VirtualGarage] Player "FluffFaceYeti" (id=8vtfObsTQABYXpVHaEsAuZ5QTEAjCvC2a-AZwd4E5dw= pos=<1174.713989, 2.012500, 11562.364258>) stored a vehicle "Expansion_Landrover" (GlobalID=80000000800000008000000080000460 pos=<1175.778442, 1.971495, 11573.240234>)
