13:26:19.855 [Safezone] Player "DKGreear12" (id=zhJxvJUIQcTeCgEZ3Xhlvc_WjNMgSdId2I-HV3Jo6tA= pos=<8570.662109, 14.783275, 10510.726563>) Entered the safezone
13:26:19.855 [Party] Player "DKGreear12" (id=zhJxvJUIQcTeCgEZ3Xhlvc_WjNMgSdId2I-HV3Jo6tA=) joinded the party "Nighteriders" (id=1 ownerUID=zhJxvJUIQcTeCgEZ3Xhlvc_WjNMgSdId2I-HV3Jo6tA= ownerName=DKGreear12)
13:26:19.863 [Expansion Quests] - InitQuestSystemClient - Loaded existing player quest data for player with UID: zhJxvJUIQcTeCgEZ3Xhlvc_WjNMgSdId2I-HV3Jo6tA=
13:26:19.863 [Expansion Quests] - InitClientQuests_NormalQuests - Create new quest instance for quest: 7 - Creator UID: zhJxvJUIQcTeCgEZ3Xhlvc_WjNMgSdId2I-HV3Jo6tA=
13:26:19.863 [Expansion Quests] - InitClientQuests_NormalQuests - Create new quest instance for quest: 11 - Creator UID: zhJxvJUIQcTeCgEZ3Xhlvc_WjNMgSdId2I-HV3Jo6tA=
13:30:37.953 [Party] Player "Vitellius" (id=QOVCOk5flZ8LlxY_vIXEUxFpj4R6rL-wr-TF8_b4xZo=) joinded the party "Boogaloo Boiz" (id=2 ownerUID=QOVCOk5flZ8LlxY_vIXEUxFpj4R6rL-wr-TF8_b4xZo= ownerName=Vitellius)
13:30:37.960 [Expansion Quests] - InitQuestSystemClient - Loaded existing player quest data for player with UID: QOVCOk5flZ8LlxY_vIXEUxFpj4R6rL-wr-TF8_b4xZo=
13:30:37.960 [Expansion Quests] - InitClientQuests_NormalQuests - Create new quest instance for quest: 11 - Creator UID: QOVCOk5flZ8LlxY_vIXEUxFpj4R6rL-wr-TF8_b4xZo=
13:30:39.359 [AI Patrol] Spawning 4 Shamans bots at <6588.231445, 19.073938, 10911.846680>
13:30:39.960 [AI Patrol] Spawning 3 Shamans bots at <6973.955078, 3.053164, 9864.542969>
13:31:14.359 [AI Patrol] Spawning 4 Shamans bots at <5218.963867, 215.807251, 7385.295898>
13:32:36.136 [BaseRaiding] ExpansionWall6x3 (<5521.238770, 117.434959, 8187.638672>) player "Vitellius" (ID = "QOVCOk5flZ8LlxY_vIXEUxFpj4R6rL-wr-TF8_b4xZo=" at <5520.961914, 117.333061, 8185.516602>) failed to enter the correct code.
13:32:36.136 [BaseRaiding] ExpansionWall6x3 (<5521.238770, 117.434959, 8187.638672>) The correct code was 168125 and the player tried 69420
13:33:24.464 [Safezone] Player "DKGreear12" (id=zhJxvJUIQcTeCgEZ3Xhlvc_WjNMgSdId2I-HV3Jo6tA= pos=<5524.731445, 117.684517, 8195.281250>) Left the safezone
13:40:13.816 [Party] Player "Vitellius" (id=QOVCOk5flZ8LlxY_vIXEUxFpj4R6rL-wr-TF8_b4xZo=) joinded the party "Boogaloo Boiz" (id=2 ownerUID=QOVCOk5flZ8LlxY_vIXEUxFpj4R6rL-wr-TF8_b4xZo= ownerName=Vitellius)
13:40:13.816 [Expansion Quests] - InitQuestSystemClient - Got cached player quest data for player with UID: QOVCOk5flZ8LlxY_vIXEUxFpj4R6rL-wr-TF8_b4xZo=
13:40:14.375 [AI Patrol] Spawning 4 Shamans bots at <7149.899902, 5.266991, 11826.235352>
13:40:20.792 [SpawnSelection] Player "Vitellius" (id=QOVCOk5flZ8LlxY_vIXEUxFpj4R6rL-wr-TF8_b4xZo=) spawned at <8928.280273, 4.379394, 9872.879883>
13:41:01.289 [Party] Player "DKGreear12" (id=zhJxvJUIQcTeCgEZ3Xhlvc_WjNMgSdId2I-HV3Jo6tA=) joinded the party "Nighteriders" (id=1 ownerUID=zhJxvJUIQcTeCgEZ3Xhlvc_WjNMgSdId2I-HV3Jo6tA= ownerName=DKGreear12)
13:41:01.289 [Expansion Quests] - InitQuestSystemClient - Got cached player quest data for player with UID: zhJxvJUIQcTeCgEZ3Xhlvc_WjNMgSdId2I-HV3Jo6tA=
13:41:04.078 [AI Patrol] Spawning 2 Shamans bots at <5620.768555, 56.557098, 11124.530273>
13:41:04.976 [AI Patrol] Spawning 3 Shamans bots at <4472.927246, 15.190000, 10733.234375>
13:41:16.078 [SpawnSelection] Player "DKGreear12" (id=zhJxvJUIQcTeCgEZ3Xhlvc_WjNMgSdId2I-HV3Jo6tA=) spawned at <9140.910156, 3.197809, 10249.210938>
13:58:07.679 [Party] Player "FluffFaceYeti" (id=8vtfObsTQABYXpVHaEsAuZ5QTEAjCvC2a-AZwd4E5dw=) joinded the party "Admins" (id=0 ownerUID=8vtfObsTQABYXpVHaEsAuZ5QTEAjCvC2a-AZwd4E5dw= ownerName=FluffFaceYeti)
13:58:07.687 [Expansion Quests] - InitQuestSystemClient - Loaded existing player quest data for player with UID: 8vtfObsTQABYXpVHaEsAuZ5QTEAjCvC2a-AZwd4E5dw=
13:58:07.687 [Expansion Quests] - InitClientQuests_NormalQuests - Create new quest instance for quest: 9 - Creator UID: 8vtfObsTQABYXpVHaEsAuZ5QTEAjCvC2a-AZwd4E5dw=
13:58:07.687 [Expansion Quests] - InitClientQuests_NormalQuests - Create new quest instance for quest: 11 - Creator UID: 8vtfObsTQABYXpVHaEsAuZ5QTEAjCvC2a-AZwd4E5dw=
13:58:34.511 [ExplosionDamageSystem] About to explode FFY_UWUSound_Grenade_Ammo from FFY_UWUSound_Grenade<69715b20> at <6900.4, 16.85, 11530.3> EXPLOSION range 20 dropoff 5
13:58:47.218 [ExplosionDamageSystem] About to explode FFY_UWUSound_Grenade_Ammo from FFY_UWUSound_Grenade<ce3fae50> at <6883.94, 15.26, 11538.1> EXPLOSION range 20 dropoff 5
14:00:14.125 [Party] Player "FluffFaceYeti" (id=8vtfObsTQABYXpVHaEsAuZ5QTEAjCvC2a-AZwd4E5dw=) left the party "Admins" (id=0 ownerUID=8vtfObsTQABYXpVHaEsAuZ5QTEAjCvC2a-AZwd4E5dw= ownerName=FluffFaceYeti)
14:00:35.570 [Safezone] Player "Vitellius" (id=QOVCOk5flZ8LlxY_vIXEUxFpj4R6rL-wr-TF8_b4xZo= pos=<8656.250000, 15.000834, 10126.041992>) Entered the safezone
14:00:39.156 [Safezone] Player "DKGreear12" (id=zhJxvJUIQcTeCgEZ3Xhlvc_WjNMgSdId2I-HV3Jo6tA= pos=<8655.503906, 14.994140, 10127.978516>) Entered the safezone
14:08:16.597 [Market] Player "DKGreear12" (id=zhJxvJUIQcTeCgEZ3Xhlvc_WjNMgSdId2I-HV3Jo6tA=) has send a requested to sell makarovij70 x1 at the trader "Weapons (Gabi [#STR_EXPANSION_MARKET_TRADER_WEAPONS])" in market zone "Jalovisko Trading Zone" (pos=<8583.669922, 24.549999, 10515.000000>).
14:08:16.660 [Market] Player "DKGreear12" (id=zhJxvJUIQcTeCgEZ3Xhlvc_WjNMgSdId2I-HV3Jo6tA=) has sold makarovij70 x1 at the trader "Weapons (Gabi [#STR_EXPANSION_MARKET_TRADER_WEAPONS])" in market zone "Jalovisko Trading Zone" (pos=<8583.669922, 24.549999, 10515.000000>) and got 59.
14:08:23.804 [Market] Player "Vitellius" (id=QOVCOk5flZ8LlxY_vIXEUxFpj4R6rL-wr-TF8_b4xZo=) has send a requested to sell makarovij70 x1 at the trader "Weapons (Gabi [#STR_EXPANSION_MARKET_TRADER_WEAPONS])" in market zone "Jalovisko Trading Zone" (pos=<8583.669922, 24.549999, 10515.000000>).
14:08:23.878 [Market] Player "Vitellius" (id=QOVCOk5flZ8LlxY_vIXEUxFpj4R6rL-wr-TF8_b4xZo=) has sold makarovij70 x1 at the trader "Weapons (Gabi [#STR_EXPANSION_MARKET_TRADER_WEAPONS])" in market zone "Jalovisko Trading Zone" (pos=<8583.669922, 24.549999, 10515.000000>) and got 109.
14:08:24.871 [Market] Player "Vitellius" (id=QOVCOk5flZ8LlxY_vIXEUxFpj4R6rL-wr-TF8_b4xZo=) has send a requested to sell p1 x1 at the trader "Weapons (Gabi [#STR_EXPANSION_MARKET_TRADER_WEAPONS])" in market zone "Jalovisko Trading Zone" (pos=<8583.669922, 24.549999, 10515.000000>).
14:08:24.906 [Market] Player "Vitellius" (id=QOVCOk5flZ8LlxY_vIXEUxFpj4R6rL-wr-TF8_b4xZo=) has sold p1 x1 at the trader "Weapons (Gabi [#STR_EXPANSION_MARKET_TRADER_WEAPONS])" in market zone "Jalovisko Trading Zone" (pos=<8583.669922, 24.549999, 10515.000000>) and got 131.
14:08:30.929 [Market] Player "DKGreear12" (id=zhJxvJUIQcTeCgEZ3Xhlvc_WjNMgSdId2I-HV3Jo6tA=) has send a requested to sell cleaver x1 at the trader "Weapons (Gabi [#STR_EXPANSION_MARKET_TRADER_WEAPONS])" in market zone "Jalovisko Trading Zone" (pos=<8583.669922, 24.549999, 10515.000000>).
14:08:31.011 [Market] Player "DKGreear12" (id=zhJxvJUIQcTeCgEZ3Xhlvc_WjNMgSdId2I-HV3Jo6tA=) has sold cleaver x1 at the trader "Weapons (Gabi [#STR_EXPANSION_MARKET_TRADER_WEAPONS])" in market zone "Jalovisko Trading Zone" (pos=<8583.669922, 24.549999, 10515.000000>) and got 5.
14:08:33.957 [Market] Player "Vitellius" (id=QOVCOk5flZ8LlxY_vIXEUxFpj4R6rL-wr-TF8_b4xZo=) has send a requested to sell ammo_45acp x1 at the trader "Weapons (Gabi [#STR_EXPANSION_MARKET_TRADER_WEAPONS])" in market zone "Jalovisko Trading Zone" (pos=<8583.669922, 24.549999, 10515.000000>).
14:08:34.035 [Market] Player "Vitellius" (id=QOVCOk5flZ8LlxY_vIXEUxFpj4R6rL-wr-TF8_b4xZo=) has sold ammo_45acp x1 at the trader "Weapons (Gabi [#STR_EXPANSION_MARKET_TRADER_WEAPONS])" in market zone "Jalovisko Trading Zone" (pos=<8583.669922, 24.549999, 10515.000000>) and got 1.
14:08:34.257 [Market] Player "Vitellius" (id=QOVCOk5flZ8LlxY_vIXEUxFpj4R6rL-wr-TF8_b4xZo=) has send a requested to sell ammo_45acp x1 at the trader "Weapons (Gabi [#STR_EXPANSION_MARKET_TRADER_WEAPONS])" in market zone "Jalovisko Trading Zone" (pos=<8583.669922, 24.549999, 10515.000000>).
14:08:34.292 [Market] Player "Vitellius" (id=QOVCOk5flZ8LlxY_vIXEUxFpj4R6rL-wr-TF8_b4xZo=) has sold ammo_45acp x1 at the trader "Weapons (Gabi [#STR_EXPANSION_MARKET_TRADER_WEAPONS])" in market zone "Jalovisko Trading Zone" (pos=<8583.669922, 24.549999, 10515.000000>) and got 1.
14:08:34.562 [Market] Player "Vitellius" (id=QOVCOk5flZ8LlxY_vIXEUxFpj4R6rL-wr-TF8_b4xZo=) has send a requested to sell ammo_45acp x1 at the trader "Weapons (Gabi [#STR_EXPANSION_MARKET_TRADER_WEAPONS])" in market zone "Jalovisko Trading Zone" (pos=<8583.669922, 24.549999, 10515.000000>).
14:08:34.597 [Market] Player "Vitellius" (id=QOVCOk5flZ8LlxY_vIXEUxFpj4R6rL-wr-TF8_b4xZo=) has sold ammo_45acp x1 at the trader "Weapons (Gabi [#STR_EXPANSION_MARKET_TRADER_WEAPONS])" in market zone "Jalovisko Trading Zone" (pos=<8583.669922, 24.549999, 10515.000000>) and got 1.
14:08:34.820 [Market] Player "Vitellius" (id=QOVCOk5flZ8LlxY_vIXEUxFpj4R6rL-wr-TF8_b4xZo=) has send a requested to sell ammo_45acp x1 at the trader "Weapons (Gabi [#STR_EXPANSION_MARKET_TRADER_WEAPONS])" in market zone "Jalovisko Trading Zone" (pos=<8583.669922, 24.549999, 10515.000000>).
14:08:34.898 [Market] Player "Vitellius" (id=QOVCOk5flZ8LlxY_vIXEUxFpj4R6rL-wr-TF8_b4xZo=) has sold ammo_45acp x1 at the trader "Weapons (Gabi [#STR_EXPANSION_MARKET_TRADER_WEAPONS])" in market zone "Jalovisko Trading Zone" (pos=<8583.669922, 24.549999, 10515.000000>) and got 1.
14:08:35.046 [Market] Player "Vitellius" (id=QOVCOk5flZ8LlxY_vIXEUxFpj4R6rL-wr-TF8_b4xZo=) has send a requested to sell ammo_45acp x1 at the trader "Weapons (Gabi [#STR_EXPANSION_MARKET_TRADER_WEAPONS])" in market zone "Jalovisko Trading Zone" (pos=<8583.669922, 24.549999, 10515.000000>).
14:08:35.121 [Market] Player "Vitellius" (id=QOVCOk5flZ8LlxY_vIXEUxFpj4R6rL-wr-TF8_b4xZo=) has sold ammo_45acp x1 at the trader "Weapons (Gabi [#STR_EXPANSION_MARKET_TRADER_WEAPONS])" in market zone "Jalovisko Trading Zone" (pos=<8583.669922, 24.549999, 10515.000000>) and got 1.
14:08:35.273 [Market] Player "Vitellius" (id=QOVCOk5flZ8LlxY_vIXEUxFpj4R6rL-wr-TF8_b4xZo=) has send a requested to sell ammo_45acp x1 at the trader "Weapons (Gabi [#STR_EXPANSION_MARKET_TRADER_WEAPONS])" in market zone "Jalovisko Trading Zone" (pos=<8583.669922, 24.549999, 10515.000000>).
14:08:35.312 [Market] Player "Vitellius" (id=QOVCOk5flZ8LlxY_vIXEUxFpj4R6rL-wr-TF8_b4xZo=) has sold ammo_45acp x1 at the trader "Weapons (Gabi [#STR_EXPANSION_MARKET_TRADER_WEAPONS])" in market zone "Jalovisko Trading Zone" (pos=<8583.669922, 24.549999, 10515.000000>) and got 1.
14:08:35.476 [Market] Player "Vitellius" (id=QOVCOk5flZ8LlxY_vIXEUxFpj4R6rL-wr-TF8_b4xZo=) has send a requested to sell ammo_45acp x1 at the trader "Weapons (Gabi [#STR_EXPANSION_MARKET_TRADER_WEAPONS])" in market zone "Jalovisko Trading Zone" (pos=<8583.669922, 24.549999, 10515.000000>).
14:08:35.546 [Market] Player "Vitellius" (id=QOVCOk5flZ8LlxY_vIXEUxFpj4R6rL-wr-TF8_b4xZo=) has sold ammo_45acp x1 at the trader "Weapons (Gabi [#STR_EXPANSION_MARKET_TRADER_WEAPONS])" in market zone "Jalovisko Trading Zone" (pos=<8583.669922, 24.549999, 10515.000000>) and got 1.
14:08:39.140 [Market] Player "Vitellius" (id=QOVCOk5flZ8LlxY_vIXEUxFpj4R6rL-wr-TF8_b4xZo=) has send a requested to sell ammo_762x39 x1 at the trader "Weapons (Gabi [#STR_EXPANSION_MARKET_TRADER_WEAPONS])" in market zone "Jalovisko Trading Zone" (pos=<8583.669922, 24.549999, 10515.000000>).
14:08:39.218 [Market] Player "Vitellius" (id=QOVCOk5flZ8LlxY_vIXEUxFpj4R6rL-wr-TF8_b4xZo=) has sold ammo_762x39 x1 at the trader "Weapons (Gabi [#STR_EXPANSION_MARKET_TRADER_WEAPONS])" in market zone "Jalovisko Trading Zone" (pos=<8583.669922, 24.549999, 10515.000000>) and got 1.
14:08:39.375 [Market] Player "Vitellius" (id=QOVCOk5flZ8LlxY_vIXEUxFpj4R6rL-wr-TF8_b4xZo=) has send a requested to sell ammo_762x39 x1 at the trader "Weapons (Gabi [#STR_EXPANSION_MARKET_TRADER_WEAPONS])" in market zone "Jalovisko Trading Zone" (pos=<8583.669922, 24.549999, 10515.000000>).
14:08:39.421 [Market] Player "Vitellius" (id=QOVCOk5flZ8LlxY_vIXEUxFpj4R6rL-wr-TF8_b4xZo=) has sold ammo_762x39 x1 at the trader "Weapons (Gabi [#STR_EXPANSION_MARKET_TRADER_WEAPONS])" in market zone "Jalovisko Trading Zone" (pos=<8583.669922, 24.549999, 10515.000000>) and got 1.
14:08:39.570 [Market] Player "Vitellius" (id=QOVCOk5flZ8LlxY_vIXEUxFpj4R6rL-wr-TF8_b4xZo=) has send a requested to sell ammo_762x39 x1 at the trader "Weapons (Gabi [#STR_EXPANSION_MARKET_TRADER_WEAPONS])" in market zone "Jalovisko Trading Zone" (pos=<8583.669922, 24.549999, 10515.000000>).
14:08:39.648 [Market] Player "Vitellius" (id=QOVCOk5flZ8LlxY_vIXEUxFpj4R6rL-wr-TF8_b4xZo=) has sold ammo_762x39 x1 at the trader "Weapons (Gabi [#STR_EXPANSION_MARKET_TRADER_WEAPONS])" in market zone "Jalovisko Trading Zone" (pos=<8583.669922, 24.549999, 10515.000000>) and got 1.
14:08:39.742 [Market] Player "Vitellius" (id=QOVCOk5flZ8LlxY_vIXEUxFpj4R6rL-wr-TF8_b4xZo=) has send a requested to sell ammo_762x39 x1 at the trader "Weapons (Gabi [#STR_EXPANSION_MARKET_TRADER_WEAPONS])" in market zone "Jalovisko Trading Zone" (pos=<8583.669922, 24.549999, 10515.000000>).
14:08:39.816 [Market] Player "Vitellius" (id=QOVCOk5flZ8LlxY_vIXEUxFpj4R6rL-wr-TF8_b4xZo=) has sold ammo_762x39 x1 at the trader "Weapons (Gabi [#STR_EXPANSION_MARKET_TRADER_WEAPONS])" in market zone "Jalovisko Trading Zone" (pos=<8583.669922, 24.549999, 10515.000000>) and got 1.
14:08:39.890 [Market] Player "Vitellius" (id=QOVCOk5flZ8LlxY_vIXEUxFpj4R6rL-wr-TF8_b4xZo=) has send a requested to sell ammo_762x39 x1 at the trader "Weapons (Gabi [#STR_EXPANSION_MARKET_TRADER_WEAPONS])" in market zone "Jalovisko Trading Zone" (pos=<8583.669922, 24.549999, 10515.000000>).
14:08:39.968 [Market] Player "Vitellius" (id=QOVCOk5flZ8LlxY_vIXEUxFpj4R6rL-wr-TF8_b4xZo=) has sold ammo_762x39 x1 at the trader "Weapons (Gabi [#STR_EXPANSION_MARKET_TRADER_WEAPONS])" in market zone "Jalovisko Trading Zone" (pos=<8583.669922, 24.549999, 10515.000000>) and got 1.
14:08:40.117 [Market] Player "Vitellius" (id=QOVCOk5flZ8LlxY_vIXEUxFpj4R6rL-wr-TF8_b4xZo=) has send a requested to sell ammo_762x39 x1 at the trader "Weapons (Gabi [#STR_EXPANSION_MARKET_TRADER_WEAPONS])" in market zone "Jalovisko Trading Zone" (pos=<8583.669922, 24.549999, 10515.000000>).
14:08:40.152 [Market] Player "Vitellius" (id=QOVCOk5flZ8LlxY_vIXEUxFpj4R6rL-wr-TF8_b4xZo=) has sold ammo_762x39 x1 at the trader "Weapons (Gabi [#STR_EXPANSION_MARKET_TRADER_WEAPONS])" in market zone "Jalovisko Trading Zone" (pos=<8583.669922, 24.549999, 10515.000000>) and got 1.
14:08:40.230 [Market] Player "Vitellius" (id=QOVCOk5flZ8LlxY_vIXEUxFpj4R6rL-wr-TF8_b4xZo=) has send a requested to sell ammo_762x39 x1 at the trader "Weapons (Gabi [#STR_EXPANSION_MARKET_TRADER_WEAPONS])" in market zone "Jalovisko Trading Zone" (pos=<8583.669922, 24.549999, 10515.000000>).
14:08:40.312 [Market] Player "Vitellius" (id=QOVCOk5flZ8LlxY_vIXEUxFpj4R6rL-wr-TF8_b4xZo=) has sold ammo_762x39 x1 at the trader "Weapons (Gabi [#STR_EXPANSION_MARKET_TRADER_WEAPONS])" in market zone "Jalovisko Trading Zone" (pos=<8583.669922, 24.549999, 10515.000000>) and got 1.
14:08:40.402 [Market] Player "Vitellius" (id=QOVCOk5flZ8LlxY_vIXEUxFpj4R6rL-wr-TF8_b4xZo=) has send a requested to sell ammo_762x39 x1 at the trader "Weapons (Gabi [#STR_EXPANSION_MARKET_TRADER_WEAPONS])" in market zone "Jalovisko Trading Zone" (pos=<8583.669922, 24.549999, 10515.000000>).
14:08:40.476 [Market] Player "Vitellius" (id=QOVCOk5flZ8LlxY_vIXEUxFpj4R6rL-wr-TF8_b4xZo=) has sold ammo_762x39 x1 at the trader "Weapons (Gabi [#STR_EXPANSION_MARKET_TRADER_WEAPONS])" in market zone "Jalovisko Trading Zone" (pos=<8583.669922, 24.549999, 10515.000000>) and got 1.
14:08:40.546 [Market] Player "Vitellius" (id=QOVCOk5flZ8LlxY_vIXEUxFpj4R6rL-wr-TF8_b4xZo=) has send a requested to sell ammo_762x39 x1 at the trader "Weapons (Gabi [#STR_EXPANSION_MARKET_TRADER_WEAPONS])" in market zone "Jalovisko Trading Zone" (pos=<8583.669922, 24.549999, 10515.000000>).
14:08:40.632 [Market] Player "Vitellius" (id=QOVCOk5flZ8LlxY_vIXEUxFpj4R6rL-wr-TF8_b4xZo=) has sold ammo_762x39 x1 at the trader "Weapons (Gabi [#STR_EXPANSION_MARKET_TRADER_WEAPONS])" in market zone "Jalovisko Trading Zone" (pos=<8583.669922, 24.549999, 10515.000000>) and got 1.
14:08:40.703 [Market] Player "Vitellius" (id=QOVCOk5flZ8LlxY_vIXEUxFpj4R6rL-wr-TF8_b4xZo=) has send a requested to sell ammo_762x39 x1 at the trader "Weapons (Gabi [#STR_EXPANSION_MARKET_TRADER_WEAPONS])" in market zone "Jalovisko Trading Zone" (pos=<8583.669922, 24.549999, 10515.000000>).
14:08:40.746 [Market] Player "Vitellius" (id=QOVCOk5flZ8LlxY_vIXEUxFpj4R6rL-wr-TF8_b4xZo=) has sold ammo_762x39 x1 at the trader "Weapons (Gabi [#STR_EXPANSION_MARKET_TRADER_WEAPONS])" in market zone "Jalovisko Trading Zone" (pos=<8583.669922, 24.549999, 10515.000000>) and got 1.
14:08:40.789 [Market] Player "DKGreear12" (id=zhJxvJUIQcTeCgEZ3Xhlvc_WjNMgSdId2I-HV3Jo6tA=) has send a requested to purchase huntingknife x1 from the trader "Weapons (Gabi [#STR_EXPANSION_MARKET_TRADER_WEAPONS])" in market zone "Jalovisko Trading Zone" (pos=<8583.669922, 24.549999, 10515.000000>).
14:08:40.855 [Market] Player "Vitellius" (id=QOVCOk5flZ8LlxY_vIXEUxFpj4R6rL-wr-TF8_b4xZo=) has send a requested to sell ammo_762x39 x1 at the trader "Weapons (Gabi [#STR_EXPANSION_MARKET_TRADER_WEAPONS])" in market zone "Jalovisko Trading Zone" (pos=<8583.669922, 24.549999, 10515.000000>).
14:08:40.871 [Market] Player "DKGreear12" (id=zhJxvJUIQcTeCgEZ3Xhlvc_WjNMgSdId2I-HV3Jo6tA=) has bought huntingknife x1 from the trader "Weapons (Gabi [#STR_EXPANSION_MARKET_TRADER_WEAPONS])" in market zone "Jalovisko Trading Zone" (pos=<8583.669922, 24.549999, 10515.000000>) for a price of 9.
14:08:40.929 [Market] Player "Vitellius" (id=QOVCOk5flZ8LlxY_vIXEUxFpj4R6rL-wr-TF8_b4xZo=) has sold ammo_762x39 x1 at the trader "Weapons (Gabi [#STR_EXPANSION_MARKET_TRADER_WEAPONS])" in market zone "Jalovisko Trading Zone" (pos=<8583.669922, 24.549999, 10515.000000>) and got 1.
14:08:41.003 [Market] Player "Vitellius" (id=QOVCOk5flZ8LlxY_vIXEUxFpj4R6rL-wr-TF8_b4xZo=) has send a requested to sell ammo_762x39 x1 at the trader "Weapons (Gabi [#STR_EXPANSION_MARKET_TRADER_WEAPONS])" in market zone "Jalovisko Trading Zone" (pos=<8583.669922, 24.549999, 10515.000000>).
14:08:41.046 [Market] Player "Vitellius" (id=QOVCOk5flZ8LlxY_vIXEUxFpj4R6rL-wr-TF8_b4xZo=) has sold ammo_762x39 x1 at the trader "Weapons (Gabi [#STR_EXPANSION_MARKET_TRADER_WEAPONS])" in market zone "Jalovisko Trading Zone" (pos=<8583.669922, 24.549999, 10515.000000>) and got 1.
14:08:47.332 [Market] Player "DKGreear12" (id=zhJxvJUIQcTeCgEZ3Xhlvc_WjNMgSdId2I-HV3Jo6tA=) has send a requested to sell expansion_kar98 x1 at the trader "Weapons (Gabi [#STR_EXPANSION_MARKET_TRADER_WEAPONS])" in market zone "Jalovisko Trading Zone" (pos=<8583.669922, 24.549999, 10515.000000>).
14:08:47.417 [Market] Player "DKGreear12" (id=zhJxvJUIQcTeCgEZ3Xhlvc_WjNMgSdId2I-HV3Jo6tA=) has sold expansion_kar98 x1 at the trader "Weapons (Gabi [#STR_EXPANSION_MARKET_TRADER_WEAPONS])" in market zone "Jalovisko Trading Zone" (pos=<8583.669922, 24.549999, 10515.000000>) and got 187.
14:09:12.898 [Market] Player "Vitellius" (id=QOVCOk5flZ8LlxY_vIXEUxFpj4R6rL-wr-TF8_b4xZo=) has send a requested to sell kitchenknife x1 at the trader "Weapons (Gabi [#STR_EXPANSION_MARKET_TRADER_WEAPONS])" in market zone "Jalovisko Trading Zone" (pos=<8583.669922, 24.549999, 10515.000000>).
14:09:12.953 [Market] Player "Vitellius" (id=QOVCOk5flZ8LlxY_vIXEUxFpj4R6rL-wr-TF8_b4xZo=) has sold kitchenknife x1 at the trader "Weapons (Gabi [#STR_EXPANSION_MARKET_TRADER_WEAPONS])" in market zone "Jalovisko Trading Zone" (pos=<8583.669922, 24.549999, 10515.000000>) and got 3.
14:09:26.789 [Market] Player "Vitellius" (id=QOVCOk5flZ8LlxY_vIXEUxFpj4R6rL-wr-TF8_b4xZo=) has send a requested to purchase kukriknife x1 from the trader "Weapons (Gabi [#STR_EXPANSION_MARKET_TRADER_WEAPONS])" in market zone "Jalovisko Trading Zone" (pos=<8583.669922, 24.549999, 10515.000000>).
14:09:26.824 [Market] Player "Vitellius" (id=QOVCOk5flZ8LlxY_vIXEUxFpj4R6rL-wr-TF8_b4xZo=) has bought kukriknife x1 from the trader "Weapons (Gabi [#STR_EXPANSION_MARKET_TRADER_WEAPONS])" in market zone "Jalovisko Trading Zone" (pos=<8583.669922, 24.549999, 10515.000000>) for a price of 10.
14:09:28.117 [ATM] Player "DKGreear12" (id=zhJxvJUIQcTeCgEZ3Xhlvc_WjNMgSdId2I-HV3Jo6tA=) has withdrawn 4000 from his ATM account.
14:09:40.429 [Market] Player "DKGreear12" (id=zhJxvJUIQcTeCgEZ3Xhlvc_WjNMgSdId2I-HV3Jo6tA=) has send a requested to purchase aug x1 from the trader "Weapons (Gabi [#STR_EXPANSION_MARKET_TRADER_WEAPONS])" in market zone "Jalovisko Trading Zone" (pos=<8583.669922, 24.549999, 10515.000000>).
14:09:40.519 [Market] Player "DKGreear12" (id=zhJxvJUIQcTeCgEZ3Xhlvc_WjNMgSdId2I-HV3Jo6tA=) has bought aug x1 from the trader "Weapons (Gabi [#STR_EXPANSION_MARKET_TRADER_WEAPONS])" in market zone "Jalovisko Trading Zone" (pos=<8583.669922, 24.549999, 10515.000000>) for a price of 2905.
14:10:15.035 [Market] Player "DKGreear12" (id=zhJxvJUIQcTeCgEZ3Xhlvc_WjNMgSdId2I-HV3Jo6tA=) has send a requested to purchase ammobox_556x45_20rnd x1 from the trader "Weapons (Gabi [#STR_EXPANSION_MARKET_TRADER_WEAPONS])" in market zone "Jalovisko Trading Zone" (pos=<8583.669922, 24.549999, 10515.000000>).
14:10:15.113 [Market] Player "DKGreear12" (id=zhJxvJUIQcTeCgEZ3Xhlvc_WjNMgSdId2I-HV3Jo6tA=) has bought ammobox_556x45_20rnd x1 from the trader "Weapons (Gabi [#STR_EXPANSION_MARKET_TRADER_WEAPONS])" in market zone "Jalovisko Trading Zone" (pos=<8583.669922, 24.549999, 10515.000000>) for a price of 32.
14:10:15.468 [Market] Player "DKGreear12" (id=zhJxvJUIQcTeCgEZ3Xhlvc_WjNMgSdId2I-HV3Jo6tA=) has send a requested to purchase ammobox_556x45_20rnd x1 from the trader "Weapons (Gabi [#STR_EXPANSION_MARKET_TRADER_WEAPONS])" in market zone "Jalovisko Trading Zone" (pos=<8583.669922, 24.549999, 10515.000000>).
14:10:15.550 [Market] Player "DKGreear12" (id=zhJxvJUIQcTeCgEZ3Xhlvc_WjNMgSdId2I-HV3Jo6tA=) has bought ammobox_556x45_20rnd x1 from the trader "Weapons (Gabi [#STR_EXPANSION_MARKET_TRADER_WEAPONS])" in market zone "Jalovisko Trading Zone" (pos=<8583.669922, 24.549999, 10515.000000>) for a price of 32.
14:10:15.835 [Market] Player "Vitellius" (id=QOVCOk5flZ8LlxY_vIXEUxFpj4R6rL-wr-TF8_b4xZo=) has send a requested to sell mag_fnx45_15rnd x1 at the trader "Attachments (Irena [#STR_EXPANSION_MARKET_TRADER_ATTACHMENTS])" in market zone "Jalovisko Trading Zone" (pos=<8583.669922, 24.549999, 10515.000000>).
14:10:15.933 [Market] Player "Vitellius" (id=QOVCOk5flZ8LlxY_vIXEUxFpj4R6rL-wr-TF8_b4xZo=) has sold mag_fnx45_15rnd x1 at the trader "Attachments (Irena [#STR_EXPANSION_MARKET_TRADER_ATTACHMENTS])" in market zone "Jalovisko Trading Zone" (pos=<8583.669922, 24.549999, 10515.000000>) and got 15.
14:10:27.082 [Market] Player "DKGreear12" (id=zhJxvJUIQcTeCgEZ3Xhlvc_WjNMgSdId2I-HV3Jo6tA=) has send a requested to purchase ammobox_00buck_10rnd x1 from the trader "Weapons (Gabi [#STR_EXPANSION_MARKET_TRADER_WEAPONS])" in market zone "Jalovisko Trading Zone" (pos=<8583.669922, 24.549999, 10515.000000>).
14:10:27.160 [Market] Player "DKGreear12" (id=zhJxvJUIQcTeCgEZ3Xhlvc_WjNMgSdId2I-HV3Jo6tA=) has bought ammobox_00buck_10rnd x1 from the trader "Weapons (Gabi [#STR_EXPANSION_MARKET_TRADER_WEAPONS])" in market zone "Jalovisko Trading Zone" (pos=<8583.669922, 24.549999, 10515.000000>) for a price of 40.
14:10:27.722 [Market] Player "DKGreear12" (id=zhJxvJUIQcTeCgEZ3Xhlvc_WjNMgSdId2I-HV3Jo6tA=) has send a requested to purchase ammobox_00buck_10rnd x1 from the trader "Weapons (Gabi [#STR_EXPANSION_MARKET_TRADER_WEAPONS])" in market zone "Jalovisko Trading Zone" (pos=<8583.669922, 24.549999, 10515.000000>).
14:10:27.800 [Market] Player "DKGreear12" (id=zhJxvJUIQcTeCgEZ3Xhlvc_WjNMgSdId2I-HV3Jo6tA=) has bought ammobox_00buck_10rnd x1 from the trader "Weapons (Gabi [#STR_EXPANSION_MARKET_TRADER_WEAPONS])" in market zone "Jalovisko Trading Zone" (pos=<8583.669922, 24.549999, 10515.000000>) for a price of 40.
14:10:49.906 [Market] Player "DKGreear12" (id=zhJxvJUIQcTeCgEZ3Xhlvc_WjNMgSdId2I-HV3Jo6tA=) has send a requested to sell huntingoptic x1 at the trader "Attachments (Irena [#STR_EXPANSION_MARKET_TRADER_ATTACHMENTS])" in market zone "Jalovisko Trading Zone" (pos=<8583.669922, 24.549999, 10515.000000>).
14:10:49.988 [Market] Player "DKGreear12" (id=zhJxvJUIQcTeCgEZ3Xhlvc_WjNMgSdId2I-HV3Jo6tA=) has sold huntingoptic x1 at the trader "Attachments (Irena [#STR_EXPANSION_MARKET_TRADER_ATTACHMENTS])" in market zone "Jalovisko Trading Zone" (pos=<8583.669922, 24.549999, 10515.000000>) and got 375.
14:11:04.421 [Market] Player "DKGreear12" (id=zhJxvJUIQcTeCgEZ3Xhlvc_WjNMgSdId2I-HV3Jo6tA=) has send a requested to purchase mag_stanag_60rnd x1 from the trader "Attachments (Irena [#STR_EXPANSION_MARKET_TRADER_ATTACHMENTS])" in market zone "Jalovisko Trading Zone" (pos=<8583.669922, 24.549999, 10515.000000>).
14:11:04.535 [Market] Player "DKGreear12" (id=zhJxvJUIQcTeCgEZ3Xhlvc_WjNMgSdId2I-HV3Jo6tA=) has bought mag_stanag_60rnd x1 from the trader "Attachments (Irena [#STR_EXPANSION_MARKET_TRADER_ATTACHMENTS])" in market zone "Jalovisko Trading Zone" (pos=<8583.669922, 24.549999, 10515.000000>) for a price of 600.
14:11:05.843 [Market] Player "DKGreear12" (id=zhJxvJUIQcTeCgEZ3Xhlvc_WjNMgSdId2I-HV3Jo6tA=) has send a requested to purchase mag_stanag_60rnd x1 from the trader "Attachments (Irena [#STR_EXPANSION_MARKET_TRADER_ATTACHMENTS])" in market zone "Jalovisko Trading Zone" (pos=<8583.669922, 24.549999, 10515.000000>).
14:11:05.929 [Market] Player "DKGreear12" (id=zhJxvJUIQcTeCgEZ3Xhlvc_WjNMgSdId2I-HV3Jo6tA=) has bought mag_stanag_60rnd x1 from the trader "Attachments (Irena [#STR_EXPANSION_MARKET_TRADER_ATTACHMENTS])" in market zone "Jalovisko Trading Zone" (pos=<8583.669922, 24.549999, 10515.000000>) for a price of 600.
14:11:08.128 [Market] Player "Vitellius" (id=QOVCOk5flZ8LlxY_vIXEUxFpj4R6rL-wr-TF8_b4xZo=) has send a requested to sell mag_famas_25rnd x1 at the trader "Attachments (Irena [#STR_EXPANSION_MARKET_TRADER_ATTACHMENTS])" in market zone "Jalovisko Trading Zone" (pos=<8583.669922, 24.549999, 10515.000000>).
14:11:08.242 [Market] Player "Vitellius" (id=QOVCOk5flZ8LlxY_vIXEUxFpj4R6rL-wr-TF8_b4xZo=) has sold mag_famas_25rnd x1 at the trader "Attachments (Irena [#STR_EXPANSION_MARKET_TRADER_ATTACHMENTS])" in market zone "Jalovisko Trading Zone" (pos=<8583.669922, 24.549999, 10515.000000>) and got 165.
14:11:22.191 [Market] Player "Vitellius" (id=QOVCOk5flZ8LlxY_vIXEUxFpj4R6rL-wr-TF8_b4xZo=) has send a requested to sell ammo_45acp x1 at the trader "Weapons (Gabi [#STR_EXPANSION_MARKET_TRADER_WEAPONS])" in market zone "Jalovisko Trading Zone" (pos=<8583.669922, 24.549999, 10515.000000>).
14:11:22.277 [Market] Player "Vitellius" (id=QOVCOk5flZ8LlxY_vIXEUxFpj4R6rL-wr-TF8_b4xZo=) has sold ammo_45acp x1 at the trader "Weapons (Gabi [#STR_EXPANSION_MARKET_TRADER_WEAPONS])" in market zone "Jalovisko Trading Zone" (pos=<8583.669922, 24.549999, 10515.000000>) and got 0.
14:11:22.492 [Market] Player "Vitellius" (id=QOVCOk5flZ8LlxY_vIXEUxFpj4R6rL-wr-TF8_b4xZo=) has send a requested to sell ammo_45acp x1 at the trader "Weapons (Gabi [#STR_EXPANSION_MARKET_TRADER_WEAPONS])" in market zone "Jalovisko Trading Zone" (pos=<8583.669922, 24.549999, 10515.000000>).
14:11:22.550 [Market] Player "Vitellius" (id=QOVCOk5flZ8LlxY_vIXEUxFpj4R6rL-wr-TF8_b4xZo=) has sold ammo_45acp x1 at the trader "Weapons (Gabi [#STR_EXPANSION_MARKET_TRADER_WEAPONS])" in market zone "Jalovisko Trading Zone" (pos=<8583.669922, 24.549999, 10515.000000>) and got 0.
14:11:22.675 [Market] Player "Vitellius" (id=QOVCOk5flZ8LlxY_vIXEUxFpj4R6rL-wr-TF8_b4xZo=) has send a requested to sell ammo_45acp x1 at the trader "Weapons (Gabi [#STR_EXPANSION_MARKET_TRADER_WEAPONS])" in market zone "Jalovisko Trading Zone" (pos=<8583.669922, 24.549999, 10515.000000>).
14:11:22.750 [Market] Player "Vitellius" (id=QOVCOk5flZ8LlxY_vIXEUxFpj4R6rL-wr-TF8_b4xZo=) has sold ammo_45acp x1 at the trader "Weapons (Gabi [#STR_EXPANSION_MARKET_TRADER_WEAPONS])" in market zone "Jalovisko Trading Zone" (pos=<8583.669922, 24.549999, 10515.000000>) and got 0.
14:11:22.898 [Market] Player "Vitellius" (id=QOVCOk5flZ8LlxY_vIXEUxFpj4R6rL-wr-TF8_b4xZo=) has send a requested to sell ammo_45acp x1 at the trader "Weapons (Gabi [#STR_EXPANSION_MARKET_TRADER_WEAPONS])" in market zone "Jalovisko Trading Zone" (pos=<8583.669922, 24.549999, 10515.000000>).
14:11:22.964 [Market] Player "Vitellius" (id=QOVCOk5flZ8LlxY_vIXEUxFpj4R6rL-wr-TF8_b4xZo=) has sold ammo_45acp x1 at the trader "Weapons (Gabi [#STR_EXPANSION_MARKET_TRADER_WEAPONS])" in market zone "Jalovisko Trading Zone" (pos=<8583.669922, 24.549999, 10515.000000>) and got 0.
14:11:23.121 [Market] Player "Vitellius" (id=QOVCOk5flZ8LlxY_vIXEUxFpj4R6rL-wr-TF8_b4xZo=) has send a requested to sell ammo_45acp x1 at the trader "Weapons (Gabi [#STR_EXPANSION_MARKET_TRADER_WEAPONS])" in market zone "Jalovisko Trading Zone" (pos=<8583.669922, 24.549999, 10515.000000>).
14:11:23.187 [Market] Player "Vitellius" (id=QOVCOk5flZ8LlxY_vIXEUxFpj4R6rL-wr-TF8_b4xZo=) has sold ammo_45acp x1 at the trader "Weapons (Gabi [#STR_EXPANSION_MARKET_TRADER_WEAPONS])" in market zone "Jalovisko Trading Zone" (pos=<8583.669922, 24.549999, 10515.000000>) and got 0.
14:11:23.300 [Market] Player "Vitellius" (id=QOVCOk5flZ8LlxY_vIXEUxFpj4R6rL-wr-TF8_b4xZo=) has send a requested to sell ammo_45acp x1 at the trader "Weapons (Gabi [#STR_EXPANSION_MARKET_TRADER_WEAPONS])" in market zone "Jalovisko Trading Zone" (pos=<8583.669922, 24.549999, 10515.000000>).
14:11:23.371 [Market] Player "Vitellius" (id=QOVCOk5flZ8LlxY_vIXEUxFpj4R6rL-wr-TF8_b4xZo=) has sold ammo_45acp x1 at the trader "Weapons (Gabi [#STR_EXPANSION_MARKET_TRADER_WEAPONS])" in market zone "Jalovisko Trading Zone" (pos=<8583.669922, 24.549999, 10515.000000>) and got 0.
14:11:23.617 [Market] Player "Vitellius" (id=QOVCOk5flZ8LlxY_vIXEUxFpj4R6rL-wr-TF8_b4xZo=) has send a requested to sell ammo_45acp x1 at the trader "Weapons (Gabi [#STR_EXPANSION_MARKET_TRADER_WEAPONS])" in market zone "Jalovisko Trading Zone" (pos=<8583.669922, 24.549999, 10515.000000>).
14:11:23.664 [Market] Player "Vitellius" (id=QOVCOk5flZ8LlxY_vIXEUxFpj4R6rL-wr-TF8_b4xZo=) has sold ammo_45acp x1 at the trader "Weapons (Gabi [#STR_EXPANSION_MARKET_TRADER_WEAPONS])" in market zone "Jalovisko Trading Zone" (pos=<8583.669922, 24.549999, 10515.000000>) and got 0.
14:11:23.789 [Market] Player "Vitellius" (id=QOVCOk5flZ8LlxY_vIXEUxFpj4R6rL-wr-TF8_b4xZo=) has send a requested to sell ammo_45acp x1 at the trader "Weapons (Gabi [#STR_EXPANSION_MARKET_TRADER_WEAPONS])" in market zone "Jalovisko Trading Zone" (pos=<8583.669922, 24.549999, 10515.000000>).
14:11:23.832 [Market] Player "Vitellius" (id=QOVCOk5flZ8LlxY_vIXEUxFpj4R6rL-wr-TF8_b4xZo=) has sold ammo_45acp x1 at the trader "Weapons (Gabi [#STR_EXPANSION_MARKET_TRADER_WEAPONS])" in market zone "Jalovisko Trading Zone" (pos=<8583.669922, 24.549999, 10515.000000>) and got 0.
14:11:24.214 [Market] Player "Vitellius" (id=QOVCOk5flZ8LlxY_vIXEUxFpj4R6rL-wr-TF8_b4xZo=) has send a requested to sell ammo_45acp x1 at the trader "Weapons (Gabi [#STR_EXPANSION_MARKET_TRADER_WEAPONS])" in market zone "Jalovisko Trading Zone" (pos=<8583.669922, 24.549999, 10515.000000>).
14:11:24.304 [Market] Player "Vitellius" (id=QOVCOk5flZ8LlxY_vIXEUxFpj4R6rL-wr-TF8_b4xZo=) has sold ammo_45acp x1 at the trader "Weapons (Gabi [#STR_EXPANSION_MARKET_TRADER_WEAPONS])" in market zone "Jalovisko Trading Zone" (pos=<8583.669922, 24.549999, 10515.000000>) and got 0.
14:11:24.703 [Market] Player "Vitellius" (id=QOVCOk5flZ8LlxY_vIXEUxFpj4R6rL-wr-TF8_b4xZo=) has send a requested to sell ammo_45acp x1 at the trader "Weapons (Gabi [#STR_EXPANSION_MARKET_TRADER_WEAPONS])" in market zone "Jalovisko Trading Zone" (pos=<8583.669922, 24.549999, 10515.000000>).
14:11:24.781 [Market] Player "Vitellius" (id=QOVCOk5flZ8LlxY_vIXEUxFpj4R6rL-wr-TF8_b4xZo=) has sold ammo_45acp x1 at the trader "Weapons (Gabi [#STR_EXPANSION_MARKET_TRADER_WEAPONS])" in market zone "Jalovisko Trading Zone" (pos=<8583.669922, 24.549999, 10515.000000>) and got 0.
14:11:25.281 [Market] Player "Vitellius" (id=QOVCOk5flZ8LlxY_vIXEUxFpj4R6rL-wr-TF8_b4xZo=) has send a requested to sell ammo_45acp x1 at the trader "Weapons (Gabi [#STR_EXPANSION_MARKET_TRADER_WEAPONS])" in market zone "Jalovisko Trading Zone" (pos=<8583.669922, 24.549999, 10515.000000>).
14:11:25.347 [Market] Player "Vitellius" (id=QOVCOk5flZ8LlxY_vIXEUxFpj4R6rL-wr-TF8_b4xZo=) has sold ammo_45acp x1 at the trader "Weapons (Gabi [#STR_EXPANSION_MARKET_TRADER_WEAPONS])" in market zone "Jalovisko Trading Zone" (pos=<8583.669922, 24.549999, 10515.000000>) and got 0.
14:11:25.585 [Market] Player "Vitellius" (id=QOVCOk5flZ8LlxY_vIXEUxFpj4R6rL-wr-TF8_b4xZo=) has send a requested to sell ammo_45acp x1 at the trader "Weapons (Gabi [#STR_EXPANSION_MARKET_TRADER_WEAPONS])" in market zone "Jalovisko Trading Zone" (pos=<8583.669922, 24.549999, 10515.000000>).
14:11:25.675 [Market] Player "Vitellius" (id=QOVCOk5flZ8LlxY_vIXEUxFpj4R6rL-wr-TF8_b4xZo=) has sold ammo_45acp x1 at the trader "Weapons (Gabi [#STR_EXPANSION_MARKET_TRADER_WEAPONS])" in market zone "Jalovisko Trading Zone" (pos=<8583.669922, 24.549999, 10515.000000>) and got 0.
14:11:25.863 [Market] Player "Vitellius" (id=QOVCOk5flZ8LlxY_vIXEUxFpj4R6rL-wr-TF8_b4xZo=) has send a requested to sell ammo_45acp x1 at the trader "Weapons (Gabi [#STR_EXPANSION_MARKET_TRADER_WEAPONS])" in market zone "Jalovisko Trading Zone" (pos=<8583.669922, 24.549999, 10515.000000>).
14:11:25.937 [Market] Player "Vitellius" (id=QOVCOk5flZ8LlxY_vIXEUxFpj4R6rL-wr-TF8_b4xZo=) has sold ammo_45acp x1 at the trader "Weapons (Gabi [#STR_EXPANSION_MARKET_TRADER_WEAPONS])" in market zone "Jalovisko Trading Zone" (pos=<8583.669922, 24.549999, 10515.000000>) and got 0.
14:11:31.109 [Market] Player "Vitellius" (id=QOVCOk5flZ8LlxY_vIXEUxFpj4R6rL-wr-TF8_b4xZo=) has send a requested to sell ammo_556x45 x1 at the trader "Weapons (Gabi [#STR_EXPANSION_MARKET_TRADER_WEAPONS])" in market zone "Jalovisko Trading Zone" (pos=<8583.669922, 24.549999, 10515.000000>).
14:11:31.195 [Market] Player "Vitellius" (id=QOVCOk5flZ8LlxY_vIXEUxFpj4R6rL-wr-TF8_b4xZo=) has sold ammo_556x45 x1 at the trader "Weapons (Gabi [#STR_EXPANSION_MARKET_TRADER_WEAPONS])" in market zone "Jalovisko Trading Zone" (pos=<8583.669922, 24.549999, 10515.000000>) and got 1.
14:11:31.496 [Market] Player "Vitellius" (id=QOVCOk5flZ8LlxY_vIXEUxFpj4R6rL-wr-TF8_b4xZo=) has send a requested to sell ammo_556x45 x1 at the trader "Weapons (Gabi [#STR_EXPANSION_MARKET_TRADER_WEAPONS])" in market zone "Jalovisko Trading Zone" (pos=<8583.669922, 24.549999, 10515.000000>).
14:11:31.531 [Market] Player "Vitellius" (id=QOVCOk5flZ8LlxY_vIXEUxFpj4R6rL-wr-TF8_b4xZo=) has sold ammo_556x45 x1 at the trader "Weapons (Gabi [#STR_EXPANSION_MARKET_TRADER_WEAPONS])" in market zone "Jalovisko Trading Zone" (pos=<8583.669922, 24.549999, 10515.000000>) and got 1.
14:11:31.968 [Market] Player "Vitellius" (id=QOVCOk5flZ8LlxY_vIXEUxFpj4R6rL-wr-TF8_b4xZo=) has send a requested to sell ammo_556x45 x1 at the trader "Weapons (Gabi [#STR_EXPANSION_MARKET_TRADER_WEAPONS])" in market zone "Jalovisko Trading Zone" (pos=<8583.669922, 24.549999, 10515.000000>).
14:11:32.039 [Market] Player "Vitellius" (id=QOVCOk5flZ8LlxY_vIXEUxFpj4R6rL-wr-TF8_b4xZo=) has sold ammo_556x45 x1 at the trader "Weapons (Gabi [#STR_EXPANSION_MARKET_TRADER_WEAPONS])" in market zone "Jalovisko Trading Zone" (pos=<8583.669922, 24.549999, 10515.000000>) and got 1.
14:11:32.355 [Market] Player "Vitellius" (id=QOVCOk5flZ8LlxY_vIXEUxFpj4R6rL-wr-TF8_b4xZo=) has send a requested to sell ammo_556x45 x1 at the trader "Weapons (Gabi [#STR_EXPANSION_MARKET_TRADER_WEAPONS])" in market zone "Jalovisko Trading Zone" (pos=<8583.669922, 24.549999, 10515.000000>).
14:11:32.390 [Market] Player "Vitellius" (id=QOVCOk5flZ8LlxY_vIXEUxFpj4R6rL-wr-TF8_b4xZo=) has sold ammo_556x45 x1 at the trader "Weapons (Gabi [#STR_EXPANSION_MARKET_TRADER_WEAPONS])" in market zone "Jalovisko Trading Zone" (pos=<8583.669922, 24.549999, 10515.000000>) and got 1.
14:11:32.714 [Market] Player "Vitellius" (id=QOVCOk5flZ8LlxY_vIXEUxFpj4R6rL-wr-TF8_b4xZo=) has send a requested to sell ammo_556x45 x1 at the trader "Weapons (Gabi [#STR_EXPANSION_MARKET_TRADER_WEAPONS])" in market zone "Jalovisko Trading Zone" (pos=<8583.669922, 24.549999, 10515.000000>).
14:11:32.789 [Market] Player "Vitellius" (id=QOVCOk5flZ8LlxY_vIXEUxFpj4R6rL-wr-TF8_b4xZo=) has sold ammo_556x45 x1 at the trader "Weapons (Gabi [#STR_EXPANSION_MARKET_TRADER_WEAPONS])" in market zone "Jalovisko Trading Zone" (pos=<8583.669922, 24.549999, 10515.000000>) and got 1.
14:11:33.042 [Market] Player "Vitellius" (id=QOVCOk5flZ8LlxY_vIXEUxFpj4R6rL-wr-TF8_b4xZo=) has send a requested to sell ammo_556x45 x1 at the trader "Weapons (Gabi [#STR_EXPANSION_MARKET_TRADER_WEAPONS])" in market zone "Jalovisko Trading Zone" (pos=<8583.669922, 24.549999, 10515.000000>).
14:11:33.078 [Market] Player "Vitellius" (id=QOVCOk5flZ8LlxY_vIXEUxFpj4R6rL-wr-TF8_b4xZo=) has sold ammo_556x45 x1 at the trader "Weapons (Gabi [#STR_EXPANSION_MARKET_TRADER_WEAPONS])" in market zone "Jalovisko Trading Zone" (pos=<8583.669922, 24.549999, 10515.000000>) and got 1.
14:11:33.476 [Market] Player "Vitellius" (id=QOVCOk5flZ8LlxY_vIXEUxFpj4R6rL-wr-TF8_b4xZo=) has send a requested to sell ammo_556x45 x1 at the trader "Weapons (Gabi [#STR_EXPANSION_MARKET_TRADER_WEAPONS])" in market zone "Jalovisko Trading Zone" (pos=<8583.669922, 24.549999, 10515.000000>).
14:11:33.550 [Market] Player "Vitellius" (id=QOVCOk5flZ8LlxY_vIXEUxFpj4R6rL-wr-TF8_b4xZo=) has sold ammo_556x45 x1 at the trader "Weapons (Gabi [#STR_EXPANSION_MARKET_TRADER_WEAPONS])" in market zone "Jalovisko Trading Zone" (pos=<8583.669922, 24.549999, 10515.000000>) and got 1.
14:11:33.867 [Market] Player "Vitellius" (id=QOVCOk5flZ8LlxY_vIXEUxFpj4R6rL-wr-TF8_b4xZo=) has send a requested to sell ammo_556x45 x1 at the trader "Weapons (Gabi [#STR_EXPANSION_MARKET_TRADER_WEAPONS])" in market zone "Jalovisko Trading Zone" (pos=<8583.669922, 24.549999, 10515.000000>).
14:11:33.937 [Market] Player "Vitellius" (id=QOVCOk5flZ8LlxY_vIXEUxFpj4R6rL-wr-TF8_b4xZo=) has sold ammo_556x45 x1 at the trader "Weapons (Gabi [#STR_EXPANSION_MARKET_TRADER_WEAPONS])" in market zone "Jalovisko Trading Zone" (pos=<8583.669922, 24.549999, 10515.000000>) and got 1.
14:11:34.210 [Market] Player "Vitellius" (id=QOVCOk5flZ8LlxY_vIXEUxFpj4R6rL-wr-TF8_b4xZo=) has send a requested to sell ammo_556x45 x1 at the trader "Weapons (Gabi [#STR_EXPANSION_MARKET_TRADER_WEAPONS])" in market zone "Jalovisko Trading Zone" (pos=<8583.669922, 24.549999, 10515.000000>).
14:11:34.281 [Market] Player "Vitellius" (id=QOVCOk5flZ8LlxY_vIXEUxFpj4R6rL-wr-TF8_b4xZo=) has sold ammo_556x45 x1 at the trader "Weapons (Gabi [#STR_EXPANSION_MARKET_TRADER_WEAPONS])" in market zone "Jalovisko Trading Zone" (pos=<8583.669922, 24.549999, 10515.000000>) and got 1.
14:11:34.550 [Market] Player "Vitellius" (id=QOVCOk5flZ8LlxY_vIXEUxFpj4R6rL-wr-TF8_b4xZo=) has send a requested to sell ammo_556x45 x1 at the trader "Weapons (Gabi [#STR_EXPANSION_MARKET_TRADER_WEAPONS])" in market zone "Jalovisko Trading Zone" (pos=<8583.669922, 24.549999, 10515.000000>).
14:11:34.617 [Market] Player "Vitellius" (id=QOVCOk5flZ8LlxY_vIXEUxFpj4R6rL-wr-TF8_b4xZo=) has sold ammo_556x45 x1 at the trader "Weapons (Gabi [#STR_EXPANSION_MARKET_TRADER_WEAPONS])" in market zone "Jalovisko Trading Zone" (pos=<8583.669922, 24.549999, 10515.000000>) and got 1.
14:11:34.910 [Market] Player "Vitellius" (id=QOVCOk5flZ8LlxY_vIXEUxFpj4R6rL-wr-TF8_b4xZo=) has send a requested to sell ammo_556x45 x1 at the trader "Weapons (Gabi [#STR_EXPANSION_MARKET_TRADER_WEAPONS])" in market zone "Jalovisko Trading Zone" (pos=<8583.669922, 24.549999, 10515.000000>).
14:11:34.945 [Market] Player "Vitellius" (id=QOVCOk5flZ8LlxY_vIXEUxFpj4R6rL-wr-TF8_b4xZo=) has sold ammo_556x45 x1 at the trader "Weapons (Gabi [#STR_EXPANSION_MARKET_TRADER_WEAPONS])" in market zone "Jalovisko Trading Zone" (pos=<8583.669922, 24.549999, 10515.000000>) and got 1.
14:11:35.203 [Market] Player "Vitellius" (id=QOVCOk5flZ8LlxY_vIXEUxFpj4R6rL-wr-TF8_b4xZo=) has send a requested to sell ammo_556x45 x1 at the trader "Weapons (Gabi [#STR_EXPANSION_MARKET_TRADER_WEAPONS])" in market zone "Jalovisko Trading Zone" (pos=<8583.669922, 24.549999, 10515.000000>).
14:11:35.273 [Market] Player "Vitellius" (id=QOVCOk5flZ8LlxY_vIXEUxFpj4R6rL-wr-TF8_b4xZo=) has sold ammo_556x45 x1 at the trader "Weapons (Gabi [#STR_EXPANSION_MARKET_TRADER_WEAPONS])" in market zone "Jalovisko Trading Zone" (pos=<8583.669922, 24.549999, 10515.000000>) and got 1.
14:11:35.531 [Market] Player "Vitellius" (id=QOVCOk5flZ8LlxY_vIXEUxFpj4R6rL-wr-TF8_b4xZo=) has send a requested to sell ammo_556x45 x1 at the trader "Weapons (Gabi [#STR_EXPANSION_MARKET_TRADER_WEAPONS])" in market zone "Jalovisko Trading Zone" (pos=<8583.669922, 24.549999, 10515.000000>).
14:11:35.562 [Market] Player "Vitellius" (id=QOVCOk5flZ8LlxY_vIXEUxFpj4R6rL-wr-TF8_b4xZo=) has sold ammo_556x45 x1 at the trader "Weapons (Gabi [#STR_EXPANSION_MARKET_TRADER_WEAPONS])" in market zone "Jalovisko Trading Zone" (pos=<8583.669922, 24.549999, 10515.000000>) and got 1.
14:11:35.835 [Market] Player "Vitellius" (id=QOVCOk5flZ8LlxY_vIXEUxFpj4R6rL-wr-TF8_b4xZo=) has send a requested to sell ammo_556x45 x1 at the trader "Weapons (Gabi [#STR_EXPANSION_MARKET_TRADER_WEAPONS])" in market zone "Jalovisko Trading Zone" (pos=<8583.669922, 24.549999, 10515.000000>).
14:11:35.871 [Market] Player "Vitellius" (id=QOVCOk5flZ8LlxY_vIXEUxFpj4R6rL-wr-TF8_b4xZo=) has sold ammo_556x45 x1 at the trader "Weapons (Gabi [#STR_EXPANSION_MARKET_TRADER_WEAPONS])" in market zone "Jalovisko Trading Zone" (pos=<8583.669922, 24.549999, 10515.000000>) and got 1.
14:11:36.164 [Market] Player "Vitellius" (id=QOVCOk5flZ8LlxY_vIXEUxFpj4R6rL-wr-TF8_b4xZo=) has send a requested to sell ammo_556x45 x1 at the trader "Weapons (Gabi [#STR_EXPANSION_MARKET_TRADER_WEAPONS])" in market zone "Jalovisko Trading Zone" (pos=<8583.669922, 24.549999, 10515.000000>).
14:11:36.238 [Market] Player "Vitellius" (id=QOVCOk5flZ8LlxY_vIXEUxFpj4R6rL-wr-TF8_b4xZo=) has sold ammo_556x45 x1 at the trader "Weapons (Gabi [#STR_EXPANSION_MARKET_TRADER_WEAPONS])" in market zone "Jalovisko Trading Zone" (pos=<8583.669922, 24.549999, 10515.000000>) and got 1.
14:11:36.582 [Market] Player "Vitellius" (id=QOVCOk5flZ8LlxY_vIXEUxFpj4R6rL-wr-TF8_b4xZo=) has send a requested to sell ammo_556x45 x1 at the trader "Weapons (Gabi [#STR_EXPANSION_MARKET_TRADER_WEAPONS])" in market zone "Jalovisko Trading Zone" (pos=<8583.669922, 24.549999, 10515.000000>).
14:11:36.675 [Market] Player "Vitellius" (id=QOVCOk5flZ8LlxY_vIXEUxFpj4R6rL-wr-TF8_b4xZo=) has sold ammo_556x45 x1 at the trader "Weapons (Gabi [#STR_EXPANSION_MARKET_TRADER_WEAPONS])" in market zone "Jalovisko Trading Zone" (pos=<8583.669922, 24.549999, 10515.000000>) and got 1.
14:11:36.929 [Market] Player "Vitellius" (id=QOVCOk5flZ8LlxY_vIXEUxFpj4R6rL-wr-TF8_b4xZo=) has send a requested to sell ammo_556x45 x1 at the trader "Weapons (Gabi [#STR_EXPANSION_MARKET_TRADER_WEAPONS])" in market zone "Jalovisko Trading Zone" (pos=<8583.669922, 24.549999, 10515.000000>).
14:11:36.972 [Market] Player "Vitellius" (id=QOVCOk5flZ8LlxY_vIXEUxFpj4R6rL-wr-TF8_b4xZo=) has sold ammo_556x45 x1 at the trader "Weapons (Gabi [#STR_EXPANSION_MARKET_TRADER_WEAPONS])" in market zone "Jalovisko Trading Zone" (pos=<8583.669922, 24.549999, 10515.000000>) and got 1.
14:11:37.328 [Market] Player "Vitellius" (id=QOVCOk5flZ8LlxY_vIXEUxFpj4R6rL-wr-TF8_b4xZo=) has send a requested to sell ammo_556x45 x1 at the trader "Weapons (Gabi [#STR_EXPANSION_MARKET_TRADER_WEAPONS])" in market zone "Jalovisko Trading Zone" (pos=<8583.669922, 24.549999, 10515.000000>).
14:11:37.410 [Market] Player "Vitellius" (id=QOVCOk5flZ8LlxY_vIXEUxFpj4R6rL-wr-TF8_b4xZo=) has sold ammo_556x45 x1 at the trader "Weapons (Gabi [#STR_EXPANSION_MARKET_TRADER_WEAPONS])" in market zone "Jalovisko Trading Zone" (pos=<8583.669922, 24.549999, 10515.000000>) and got 1.
14:11:37.750 [Market] Player "Vitellius" (id=QOVCOk5flZ8LlxY_vIXEUxFpj4R6rL-wr-TF8_b4xZo=) has send a requested to sell ammo_556x45 x1 at the trader "Weapons (Gabi [#STR_EXPANSION_MARKET_TRADER_WEAPONS])" in market zone "Jalovisko Trading Zone" (pos=<8583.669922, 24.549999, 10515.000000>).
14:11:37.820 [Market] Player "Vitellius" (id=QOVCOk5flZ8LlxY_vIXEUxFpj4R6rL-wr-TF8_b4xZo=) has sold ammo_556x45 x1 at the trader "Weapons (Gabi [#STR_EXPANSION_MARKET_TRADER_WEAPONS])" in market zone "Jalovisko Trading Zone" (pos=<8583.669922, 24.549999, 10515.000000>) and got 1.
14:11:38.042 [Market] Player "Vitellius" (id=QOVCOk5flZ8LlxY_vIXEUxFpj4R6rL-wr-TF8_b4xZo=) has send a requested to sell ammo_556x45 x1 at the trader "Weapons (Gabi [#STR_EXPANSION_MARKET_TRADER_WEAPONS])" in market zone "Jalovisko Trading Zone" (pos=<8583.669922, 24.549999, 10515.000000>).
14:11:38.117 [Market] Player "Vitellius" (id=QOVCOk5flZ8LlxY_vIXEUxFpj4R6rL-wr-TF8_b4xZo=) has sold ammo_556x45 x1 at the trader "Weapons (Gabi [#STR_EXPANSION_MARKET_TRADER_WEAPONS])" in market zone "Jalovisko Trading Zone" (pos=<8583.669922, 24.549999, 10515.000000>) and got 1.
14:11:38.363 [Market] Player "Vitellius" (id=QOVCOk5flZ8LlxY_vIXEUxFpj4R6rL-wr-TF8_b4xZo=) has send a requested to sell ammo_556x45 x1 at the trader "Weapons (Gabi [#STR_EXPANSION_MARKET_TRADER_WEAPONS])" in market zone "Jalovisko Trading Zone" (pos=<8583.669922, 24.549999, 10515.000000>).
14:11:38.453 [Market] Player "Vitellius" (id=QOVCOk5flZ8LlxY_vIXEUxFpj4R6rL-wr-TF8_b4xZo=) has sold ammo_556x45 x1 at the trader "Weapons (Gabi [#STR_EXPANSION_MARKET_TRADER_WEAPONS])" in market zone "Jalovisko Trading Zone" (pos=<8583.669922, 24.549999, 10515.000000>) and got 1.
14:11:38.652 [Market] Player "Vitellius" (id=QOVCOk5flZ8LlxY_vIXEUxFpj4R6rL-wr-TF8_b4xZo=) has send a requested to sell ammo_556x45 x1 at the trader "Weapons (Gabi [#STR_EXPANSION_MARKET_TRADER_WEAPONS])" in market zone "Jalovisko Trading Zone" (pos=<8583.669922, 24.549999, 10515.000000>).
14:11:38.722 [Market] Player "Vitellius" (id=QOVCOk5flZ8LlxY_vIXEUxFpj4R6rL-wr-TF8_b4xZo=) has sold ammo_556x45 x1 at the trader "Weapons (Gabi [#STR_EXPANSION_MARKET_TRADER_WEAPONS])" in market zone "Jalovisko Trading Zone" (pos=<8583.669922, 24.549999, 10515.000000>) and got 1.
14:11:38.976 [Market] Player "Vitellius" (id=QOVCOk5flZ8LlxY_vIXEUxFpj4R6rL-wr-TF8_b4xZo=) has send a requested to sell ammo_556x45 x1 at the trader "Weapons (Gabi [#STR_EXPANSION_MARKET_TRADER_WEAPONS])" in market zone "Jalovisko Trading Zone" (pos=<8583.669922, 24.549999, 10515.000000>).
14:11:39.015 [Market] Player "Vitellius" (id=QOVCOk5flZ8LlxY_vIXEUxFpj4R6rL-wr-TF8_b4xZo=) has sold ammo_556x45 x1 at the trader "Weapons (Gabi [#STR_EXPANSION_MARKET_TRADER_WEAPONS])" in market zone "Jalovisko Trading Zone" (pos=<8583.669922, 24.549999, 10515.000000>) and got 1.
14:11:39.238 [Market] Player "Vitellius" (id=QOVCOk5flZ8LlxY_vIXEUxFpj4R6rL-wr-TF8_b4xZo=) has send a requested to sell ammo_556x45 x1 at the trader "Weapons (Gabi [#STR_EXPANSION_MARKET_TRADER_WEAPONS])" in market zone "Jalovisko Trading Zone" (pos=<8583.669922, 24.549999, 10515.000000>).
14:11:39.312 [Market] Player "Vitellius" (id=QOVCOk5flZ8LlxY_vIXEUxFpj4R6rL-wr-TF8_b4xZo=) has sold ammo_556x45 x1 at the trader "Weapons (Gabi [#STR_EXPANSION_MARKET_TRADER_WEAPONS])" in market zone "Jalovisko Trading Zone" (pos=<8583.669922, 24.549999, 10515.000000>) and got 1.
14:11:39.531 [Market] Player "Vitellius" (id=QOVCOk5flZ8LlxY_vIXEUxFpj4R6rL-wr-TF8_b4xZo=) has send a requested to sell ammo_556x45 x1 at the trader "Weapons (Gabi [#STR_EXPANSION_MARKET_TRADER_WEAPONS])" in market zone "Jalovisko Trading Zone" (pos=<8583.669922, 24.549999, 10515.000000>).
14:11:39.597 [Market] Player "Vitellius" (id=QOVCOk5flZ8LlxY_vIXEUxFpj4R6rL-wr-TF8_b4xZo=) has sold ammo_556x45 x1 at the trader "Weapons (Gabi [#STR_EXPANSION_MARKET_TRADER_WEAPONS])" in market zone "Jalovisko Trading Zone" (pos=<8583.669922, 24.549999, 10515.000000>) and got 1.
14:12:00.906 [Market] Player "Vitellius" (id=QOVCOk5flZ8LlxY_vIXEUxFpj4R6rL-wr-TF8_b4xZo=) has send a requested to sell ammobox_380_35rnd x1 at the trader "Weapons (Gabi [#STR_EXPANSION_MARKET_TRADER_WEAPONS])" in market zone "Jalovisko Trading Zone" (pos=<8583.669922, 24.549999, 10515.000000>).
14:12:00.972 [Market] Player "Vitellius" (id=QOVCOk5flZ8LlxY_vIXEUxFpj4R6rL-wr-TF8_b4xZo=) has sold ammobox_380_35rnd x1 at the trader "Weapons (Gabi [#STR_EXPANSION_MARKET_TRADER_WEAPONS])" in market zone "Jalovisko Trading Zone" (pos=<8583.669922, 24.549999, 10515.000000>) and got 31.
14:12:17.175 [Market] Player "DKGreear12" (id=zhJxvJUIQcTeCgEZ3Xhlvc_WjNMgSdId2I-HV3Jo6tA=) has send a requested to sell ammo_380 x1 at the trader "Weapons (Gabi [#STR_EXPANSION_MARKET_TRADER_WEAPONS])" in market zone "Jalovisko Trading Zone" (pos=<8583.669922, 24.549999, 10515.000000>).
14:12:17.265 [Market] Player "DKGreear12" (id=zhJxvJUIQcTeCgEZ3Xhlvc_WjNMgSdId2I-HV3Jo6tA=) has sold ammo_380 x1 at the trader "Weapons (Gabi [#STR_EXPANSION_MARKET_TRADER_WEAPONS])" in market zone "Jalovisko Trading Zone" (pos=<8583.669922, 24.549999, 10515.000000>) and got 1.
14:12:17.339 [Market] Player "DKGreear12" (id=zhJxvJUIQcTeCgEZ3Xhlvc_WjNMgSdId2I-HV3Jo6tA=) has send a requested to sell ammo_380 x1 at the trader "Weapons (Gabi [#STR_EXPANSION_MARKET_TRADER_WEAPONS])" in market zone "Jalovisko Trading Zone" (pos=<8583.669922, 24.549999, 10515.000000>).
14:12:17.437 [Market] Player "DKGreear12" (id=zhJxvJUIQcTeCgEZ3Xhlvc_WjNMgSdId2I-HV3Jo6tA=) has sold ammo_380 x1 at the trader "Weapons (Gabi [#STR_EXPANSION_MARKET_TRADER_WEAPONS])" in market zone "Jalovisko Trading Zone" (pos=<8583.669922, 24.549999, 10515.000000>) and got 1.
14:12:17.523 [Market] Player "DKGreear12" (id=zhJxvJUIQcTeCgEZ3Xhlvc_WjNMgSdId2I-HV3Jo6tA=) has send a requested to sell ammo_380 x1 at the trader "Weapons (Gabi [#STR_EXPANSION_MARKET_TRADER_WEAPONS])" in market zone "Jalovisko Trading Zone" (pos=<8583.669922, 24.549999, 10515.000000>).
14:12:17.609 [Market] Player "DKGreear12" (id=zhJxvJUIQcTeCgEZ3Xhlvc_WjNMgSdId2I-HV3Jo6tA=) has sold ammo_380 x1 at the trader "Weapons (Gabi [#STR_EXPANSION_MARKET_TRADER_WEAPONS])" in market zone "Jalovisko Trading Zone" (pos=<8583.669922, 24.549999, 10515.000000>) and got 1.
14:12:17.652 [Market] Player "DKGreear12" (id=zhJxvJUIQcTeCgEZ3Xhlvc_WjNMgSdId2I-HV3Jo6tA=) has send a requested to sell ammo_380 x1 at the trader "Weapons (Gabi [#STR_EXPANSION_MARKET_TRADER_WEAPONS])" in market zone "Jalovisko Trading Zone" (pos=<8583.669922, 24.549999, 10515.000000>).
14:12:17.734 [Market] Player "DKGreear12" (id=zhJxvJUIQcTeCgEZ3Xhlvc_WjNMgSdId2I-HV3Jo6tA=) has sold ammo_380 x1 at the trader "Weapons (Gabi [#STR_EXPANSION_MARKET_TRADER_WEAPONS])" in market zone "Jalovisko Trading Zone" (pos=<8583.669922, 24.549999, 10515.000000>) and got 1.
14:12:17.933 [Market] Player "DKGreear12" (id=zhJxvJUIQcTeCgEZ3Xhlvc_WjNMgSdId2I-HV3Jo6tA=) has send a requested to sell ammo_380 x1 at the trader "Weapons (Gabi [#STR_EXPANSION_MARKET_TRADER_WEAPONS])" in market zone "Jalovisko Trading Zone" (pos=<8583.669922, 24.549999, 10515.000000>).
14:12:18.011 [Market] Player "DKGreear12" (id=zhJxvJUIQcTeCgEZ3Xhlvc_WjNMgSdId2I-HV3Jo6tA=) has sold ammo_380 x1 at the trader "Weapons (Gabi [#STR_EXPANSION_MARKET_TRADER_WEAPONS])" in market zone "Jalovisko Trading Zone" (pos=<8583.669922, 24.549999, 10515.000000>) and got 1.
14:12:18.140 [Market] Player "DKGreear12" (id=zhJxvJUIQcTeCgEZ3Xhlvc_WjNMgSdId2I-HV3Jo6tA=) has send a requested to sell ammo_380 x1 at the trader "Weapons (Gabi [#STR_EXPANSION_MARKET_TRADER_WEAPONS])" in market zone "Jalovisko Trading Zone" (pos=<8583.669922, 24.549999, 10515.000000>).
14:12:18.195 [Market] Player "DKGreear12" (id=zhJxvJUIQcTeCgEZ3Xhlvc_WjNMgSdId2I-HV3Jo6tA=) has sold ammo_380 x1 at the trader "Weapons (Gabi [#STR_EXPANSION_MARKET_TRADER_WEAPONS])" in market zone "Jalovisko Trading Zone" (pos=<8583.669922, 24.549999, 10515.000000>) and got 1.
14:12:18.277 [Market] Player "DKGreear12" (id=zhJxvJUIQcTeCgEZ3Xhlvc_WjNMgSdId2I-HV3Jo6tA=) has send a requested to sell ammo_380 x1 at the trader "Weapons (Gabi [#STR_EXPANSION_MARKET_TRADER_WEAPONS])" in market zone "Jalovisko Trading Zone" (pos=<8583.669922, 24.549999, 10515.000000>).
14:12:18.367 [Market] Player "DKGreear12" (id=zhJxvJUIQcTeCgEZ3Xhlvc_WjNMgSdId2I-HV3Jo6tA=) has sold ammo_380 x1 at the trader "Weapons (Gabi [#STR_EXPANSION_MARKET_TRADER_WEAPONS])" in market zone "Jalovisko Trading Zone" (pos=<8583.669922, 24.549999, 10515.000000>) and got 1.
14:12:18.453 [Market] Player "DKGreear12" (id=zhJxvJUIQcTeCgEZ3Xhlvc_WjNMgSdId2I-HV3Jo6tA=) has send a requested to sell ammo_380 x1 at the trader "Weapons (Gabi [#STR_EXPANSION_MARKET_TRADER_WEAPONS])" in market zone "Jalovisko Trading Zone" (pos=<8583.669922, 24.549999, 10515.000000>).
14:12:18.546 [Market] Player "DKGreear12" (id=zhJxvJUIQcTeCgEZ3Xhlvc_WjNMgSdId2I-HV3Jo6tA=) has sold ammo_380 x1 at the trader "Weapons (Gabi [#STR_EXPANSION_MARKET_TRADER_WEAPONS])" in market zone "Jalovisko Trading Zone" (pos=<8583.669922, 24.549999, 10515.000000>) and got 1.
14:12:18.632 [Market] Player "DKGreear12" (id=zhJxvJUIQcTeCgEZ3Xhlvc_WjNMgSdId2I-HV3Jo6tA=) has send a requested to sell ammo_380 x1 at the trader "Weapons (Gabi [#STR_EXPANSION_MARKET_TRADER_WEAPONS])" in market zone "Jalovisko Trading Zone" (pos=<8583.669922, 24.549999, 10515.000000>).
14:12:18.718 [Market] Player "DKGreear12" (id=zhJxvJUIQcTeCgEZ3Xhlvc_WjNMgSdId2I-HV3Jo6tA=) has sold ammo_380 x1 at the trader "Weapons (Gabi [#STR_EXPANSION_MARKET_TRADER_WEAPONS])" in market zone "Jalovisko Trading Zone" (pos=<8583.669922, 24.549999, 10515.000000>) and got 1.
14:12:18.765 [Market] Player "DKGreear12" (id=zhJxvJUIQcTeCgEZ3Xhlvc_WjNMgSdId2I-HV3Jo6tA=) has send a requested to sell ammo_380 x1 at the trader "Weapons (Gabi [#STR_EXPANSION_MARKET_TRADER_WEAPONS])" in market zone "Jalovisko Trading Zone" (pos=<8583.669922, 24.549999, 10515.000000>).
14:12:18.843 [Market] Player "DKGreear12" (id=zhJxvJUIQcTeCgEZ3Xhlvc_WjNMgSdId2I-HV3Jo6tA=) has sold ammo_380 x1 at the trader "Weapons (Gabi [#STR_EXPANSION_MARKET_TRADER_WEAPONS])" in market zone "Jalovisko Trading Zone" (pos=<8583.669922, 24.549999, 10515.000000>) and got 1.
14:12:19.078 [Market] Player "DKGreear12" (id=zhJxvJUIQcTeCgEZ3Xhlvc_WjNMgSdId2I-HV3Jo6tA=) has send a requested to sell ammo_380 x1 at the trader "Weapons (Gabi [#STR_EXPANSION_MARKET_TRADER_WEAPONS])" in market zone "Jalovisko Trading Zone" (pos=<8583.669922, 24.549999, 10515.000000>).
14:12:19.160 [Market] Player "DKGreear12" (id=zhJxvJUIQcTeCgEZ3Xhlvc_WjNMgSdId2I-HV3Jo6tA=) has sold ammo_380 x1 at the trader "Weapons (Gabi [#STR_EXPANSION_MARKET_TRADER_WEAPONS])" in market zone "Jalovisko Trading Zone" (pos=<8583.669922, 24.549999, 10515.000000>) and got 1.
14:12:19.289 [Market] Player "DKGreear12" (id=zhJxvJUIQcTeCgEZ3Xhlvc_WjNMgSdId2I-HV3Jo6tA=) has send a requested to sell ammo_380 x1 at the trader "Weapons (Gabi [#STR_EXPANSION_MARKET_TRADER_WEAPONS])" in market zone "Jalovisko Trading Zone" (pos=<8583.669922, 24.549999, 10515.000000>).
14:12:19.371 [Market] Player "DKGreear12" (id=zhJxvJUIQcTeCgEZ3Xhlvc_WjNMgSdId2I-HV3Jo6tA=) has sold ammo_380 x1 at the trader "Weapons (Gabi [#STR_EXPANSION_MARKET_TRADER_WEAPONS])" in market zone "Jalovisko Trading Zone" (pos=<8583.669922, 24.549999, 10515.000000>) and got 1.
14:12:19.460 [Market] Player "DKGreear12" (id=zhJxvJUIQcTeCgEZ3Xhlvc_WjNMgSdId2I-HV3Jo6tA=) has send a requested to sell ammo_380 x1 at the trader "Weapons (Gabi [#STR_EXPANSION_MARKET_TRADER_WEAPONS])" in market zone "Jalovisko Trading Zone" (pos=<8583.669922, 24.549999, 10515.000000>).
14:12:19.550 [Market] Player "DKGreear12" (id=zhJxvJUIQcTeCgEZ3Xhlvc_WjNMgSdId2I-HV3Jo6tA=) has sold ammo_380 x1 at the trader "Weapons (Gabi [#STR_EXPANSION_MARKET_TRADER_WEAPONS])" in market zone "Jalovisko Trading Zone" (pos=<8583.669922, 24.549999, 10515.000000>) and got 1.
14:12:30.742 [Market] Player "Vitellius" (id=QOVCOk5flZ8LlxY_vIXEUxFpj4R6rL-wr-TF8_b4xZo=) has send a requested to sell ammo_9x39 x1 at the trader "Weapons (Gabi [#STR_EXPANSION_MARKET_TRADER_WEAPONS])" in market zone "Jalovisko Trading Zone" (pos=<8583.669922, 24.549999, 10515.000000>).
14:12:30.816 [Market] Player "Vitellius" (id=QOVCOk5flZ8LlxY_vIXEUxFpj4R6rL-wr-TF8_b4xZo=) has sold ammo_9x39 x1 at the trader "Weapons (Gabi [#STR_EXPANSION_MARKET_TRADER_WEAPONS])" in market zone "Jalovisko Trading Zone" (pos=<8583.669922, 24.549999, 10515.000000>) and got 1.
14:12:31.046 [Market] Player "Vitellius" (id=QOVCOk5flZ8LlxY_vIXEUxFpj4R6rL-wr-TF8_b4xZo=) has send a requested to sell ammo_9x39 x1 at the trader "Weapons (Gabi [#STR_EXPANSION_MARKET_TRADER_WEAPONS])" in market zone "Jalovisko Trading Zone" (pos=<8583.669922, 24.549999, 10515.000000>).
14:12:31.125 [Market] Player "Vitellius" (id=QOVCOk5flZ8LlxY_vIXEUxFpj4R6rL-wr-TF8_b4xZo=) has sold ammo_9x39 x1 at the trader "Weapons (Gabi [#STR_EXPANSION_MARKET_TRADER_WEAPONS])" in market zone "Jalovisko Trading Zone" (pos=<8583.669922, 24.549999, 10515.000000>) and got 1.
14:12:31.273 [Market] Player "Vitellius" (id=QOVCOk5flZ8LlxY_vIXEUxFpj4R6rL-wr-TF8_b4xZo=) has send a requested to sell ammo_9x39 x1 at the trader "Weapons (Gabi [#STR_EXPANSION_MARKET_TRADER_WEAPONS])" in market zone "Jalovisko Trading Zone" (pos=<8583.669922, 24.549999, 10515.000000>).
14:12:31.312 [Market] Player "Vitellius" (id=QOVCOk5flZ8LlxY_vIXEUxFpj4R6rL-wr-TF8_b4xZo=) has sold ammo_9x39 x1 at the trader "Weapons (Gabi [#STR_EXPANSION_MARKET_TRADER_WEAPONS])" in market zone "Jalovisko Trading Zone" (pos=<8583.669922, 24.549999, 10515.000000>) and got 1.
14:12:31.460 [Market] Player "Vitellius" (id=QOVCOk5flZ8LlxY_vIXEUxFpj4R6rL-wr-TF8_b4xZo=) has send a requested to sell ammo_9x39 x1 at the trader "Weapons (Gabi [#STR_EXPANSION_MARKET_TRADER_WEAPONS])" in market zone "Jalovisko Trading Zone" (pos=<8583.669922, 24.549999, 10515.000000>).
14:12:31.527 [Market] Player "Vitellius" (id=QOVCOk5flZ8LlxY_vIXEUxFpj4R6rL-wr-TF8_b4xZo=) has sold ammo_9x39 x1 at the trader "Weapons (Gabi [#STR_EXPANSION_MARKET_TRADER_WEAPONS])" in market zone "Jalovisko Trading Zone" (pos=<8583.669922, 24.549999, 10515.000000>) and got 1.
14:12:31.652 [Market] Player "Vitellius" (id=QOVCOk5flZ8LlxY_vIXEUxFpj4R6rL-wr-TF8_b4xZo=) has send a requested to sell ammo_9x39 x1 at the trader "Weapons (Gabi [#STR_EXPANSION_MARKET_TRADER_WEAPONS])" in market zone "Jalovisko Trading Zone" (pos=<8583.669922, 24.549999, 10515.000000>).
14:12:31.726 [Market] Player "Vitellius" (id=QOVCOk5flZ8LlxY_vIXEUxFpj4R6rL-wr-TF8_b4xZo=) has sold ammo_9x39 x1 at the trader "Weapons (Gabi [#STR_EXPANSION_MARKET_TRADER_WEAPONS])" in market zone "Jalovisko Trading Zone" (pos=<8583.669922, 24.549999, 10515.000000>) and got 1.
14:12:31.804 [Market] Player "Vitellius" (id=QOVCOk5flZ8LlxY_vIXEUxFpj4R6rL-wr-TF8_b4xZo=) has send a requested to sell ammo_9x39 x1 at the trader "Weapons (Gabi [#STR_EXPANSION_MARKET_TRADER_WEAPONS])" in market zone "Jalovisko Trading Zone" (pos=<8583.669922, 24.549999, 10515.000000>).
14:12:31.886 [Market] Player "Vitellius" (id=QOVCOk5flZ8LlxY_vIXEUxFpj4R6rL-wr-TF8_b4xZo=) has sold ammo_9x39 x1 at the trader "Weapons (Gabi [#STR_EXPANSION_MARKET_TRADER_WEAPONS])" in market zone "Jalovisko Trading Zone" (pos=<8583.669922, 24.549999, 10515.000000>) and got 1.
14:12:31.976 [Market] Player "Vitellius" (id=QOVCOk5flZ8LlxY_vIXEUxFpj4R6rL-wr-TF8_b4xZo=) has send a requested to sell ammo_9x39 x1 at the trader "Weapons (Gabi [#STR_EXPANSION_MARKET_TRADER_WEAPONS])" in market zone "Jalovisko Trading Zone" (pos=<8583.669922, 24.549999, 10515.000000>).
14:12:32.054 [Market] Player "Vitellius" (id=QOVCOk5flZ8LlxY_vIXEUxFpj4R6rL-wr-TF8_b4xZo=) has sold ammo_9x39 x1 at the trader "Weapons (Gabi [#STR_EXPANSION_MARKET_TRADER_WEAPONS])" in market zone "Jalovisko Trading Zone" (pos=<8583.669922, 24.549999, 10515.000000>) and got 1.
14:12:32.160 [Market] Player "Vitellius" (id=QOVCOk5flZ8LlxY_vIXEUxFpj4R6rL-wr-TF8_b4xZo=) has send a requested to sell ammo_9x39 x1 at the trader "Weapons (Gabi [#STR_EXPANSION_MARKET_TRADER_WEAPONS])" in market zone "Jalovisko Trading Zone" (pos=<8583.669922, 24.549999, 10515.000000>).
14:12:32.199 [Market] Player "Vitellius" (id=QOVCOk5flZ8LlxY_vIXEUxFpj4R6rL-wr-TF8_b4xZo=) has sold ammo_9x39 x1 at the trader "Weapons (Gabi [#STR_EXPANSION_MARKET_TRADER_WEAPONS])" in market zone "Jalovisko Trading Zone" (pos=<8583.669922, 24.549999, 10515.000000>) and got 1.
14:12:32.312 [Market] Player "Vitellius" (id=QOVCOk5flZ8LlxY_vIXEUxFpj4R6rL-wr-TF8_b4xZo=) has send a requested to sell ammo_9x39 x1 at the trader "Weapons (Gabi [#STR_EXPANSION_MARKET_TRADER_WEAPONS])" in market zone "Jalovisko Trading Zone" (pos=<8583.669922, 24.549999, 10515.000000>).
14:12:32.355 [Market] Player "Vitellius" (id=QOVCOk5flZ8LlxY_vIXEUxFpj4R6rL-wr-TF8_b4xZo=) has sold ammo_9x39 x1 at the trader "Weapons (Gabi [#STR_EXPANSION_MARKET_TRADER_WEAPONS])" in market zone "Jalovisko Trading Zone" (pos=<8583.669922, 24.549999, 10515.000000>) and got 1.
14:12:32.480 [Market] Player "Vitellius" (id=QOVCOk5flZ8LlxY_vIXEUxFpj4R6rL-wr-TF8_b4xZo=) has send a requested to sell ammo_9x39 x1 at the trader "Weapons (Gabi [#STR_EXPANSION_MARKET_TRADER_WEAPONS])" in market zone "Jalovisko Trading Zone" (pos=<8583.669922, 24.549999, 10515.000000>).
14:12:32.554 [Market] Player "Vitellius" (id=QOVCOk5flZ8LlxY_vIXEUxFpj4R6rL-wr-TF8_b4xZo=) has sold ammo_9x39 x1 at the trader "Weapons (Gabi [#STR_EXPANSION_MARKET_TRADER_WEAPONS])" in market zone "Jalovisko Trading Zone" (pos=<8583.669922, 24.549999, 10515.000000>) and got 1.
14:12:32.675 [Market] Player "Vitellius" (id=QOVCOk5flZ8LlxY_vIXEUxFpj4R6rL-wr-TF8_b4xZo=) has send a requested to sell ammo_9x39 x1 at the trader "Weapons (Gabi [#STR_EXPANSION_MARKET_TRADER_WEAPONS])" in market zone "Jalovisko Trading Zone" (pos=<8583.669922, 24.549999, 10515.000000>).
14:12:32.753 [Market] Player "Vitellius" (id=QOVCOk5flZ8LlxY_vIXEUxFpj4R6rL-wr-TF8_b4xZo=) has sold ammo_9x39 x1 at the trader "Weapons (Gabi [#STR_EXPANSION_MARKET_TRADER_WEAPONS])" in market zone "Jalovisko Trading Zone" (pos=<8583.669922, 24.549999, 10515.000000>) and got 1.
14:12:32.824 [Market] Player "Vitellius" (id=QOVCOk5flZ8LlxY_vIXEUxFpj4R6rL-wr-TF8_b4xZo=) has send a requested to sell ammo_9x39 x1 at the trader "Weapons (Gabi [#STR_EXPANSION_MARKET_TRADER_WEAPONS])" in market zone "Jalovisko Trading Zone" (pos=<8583.669922, 24.549999, 10515.000000>).
14:12:32.906 [Market] Player "Vitellius" (id=QOVCOk5flZ8LlxY_vIXEUxFpj4R6rL-wr-TF8_b4xZo=) has sold ammo_9x39 x1 at the trader "Weapons (Gabi [#STR_EXPANSION_MARKET_TRADER_WEAPONS])" in market zone "Jalovisko Trading Zone" (pos=<8583.669922, 24.549999, 10515.000000>) and got 1.
14:12:32.988 [Market] Player "Vitellius" (id=QOVCOk5flZ8LlxY_vIXEUxFpj4R6rL-wr-TF8_b4xZo=) has send a requested to sell ammo_9x39 x1 at the trader "Weapons (Gabi [#STR_EXPANSION_MARKET_TRADER_WEAPONS])" in market zone "Jalovisko Trading Zone" (pos=<8583.669922, 24.549999, 10515.000000>).
14:12:33.066 [Market] Player "Vitellius" (id=QOVCOk5flZ8LlxY_vIXEUxFpj4R6rL-wr-TF8_b4xZo=) has sold ammo_9x39 x1 at the trader "Weapons (Gabi [#STR_EXPANSION_MARKET_TRADER_WEAPONS])" in market zone "Jalovisko Trading Zone" (pos=<8583.669922, 24.549999, 10515.000000>) and got 1.
14:12:33.179 [Market] Player "Vitellius" (id=QOVCOk5flZ8LlxY_vIXEUxFpj4R6rL-wr-TF8_b4xZo=) has send a requested to sell ammo_9x39 x1 at the trader "Weapons (Gabi [#STR_EXPANSION_MARKET_TRADER_WEAPONS])" in market zone "Jalovisko Trading Zone" (pos=<8583.669922, 24.549999, 10515.000000>).
14:12:33.218 [Market] Player "Vitellius" (id=QOVCOk5flZ8LlxY_vIXEUxFpj4R6rL-wr-TF8_b4xZo=) has sold ammo_9x39 x1 at the trader "Weapons (Gabi [#STR_EXPANSION_MARKET_TRADER_WEAPONS])" in market zone "Jalovisko Trading Zone" (pos=<8583.669922, 24.549999, 10515.000000>) and got 1.
14:12:33.335 [Market] Player "Vitellius" (id=QOVCOk5flZ8LlxY_vIXEUxFpj4R6rL-wr-TF8_b4xZo=) has send a requested to sell ammo_9x39 x1 at the trader "Weapons (Gabi [#STR_EXPANSION_MARKET_TRADER_WEAPONS])" in market zone "Jalovisko Trading Zone" (pos=<8583.669922, 24.549999, 10515.000000>).
14:12:33.410 [Market] Player "Vitellius" (id=QOVCOk5flZ8LlxY_vIXEUxFpj4R6rL-wr-TF8_b4xZo=) has sold ammo_9x39 x1 at the trader "Weapons (Gabi [#STR_EXPANSION_MARKET_TRADER_WEAPONS])" in market zone "Jalovisko Trading Zone" (pos=<8583.669922, 24.549999, 10515.000000>) and got 1.
14:12:33.503 [Market] Player "Vitellius" (id=QOVCOk5flZ8LlxY_vIXEUxFpj4R6rL-wr-TF8_b4xZo=) has send a requested to sell ammo_9x39 x1 at the trader "Weapons (Gabi [#STR_EXPANSION_MARKET_TRADER_WEAPONS])" in market zone "Jalovisko Trading Zone" (pos=<8583.669922, 24.549999, 10515.000000>).
14:12:33.585 [Market] Player "Vitellius" (id=QOVCOk5flZ8LlxY_vIXEUxFpj4R6rL-wr-TF8_b4xZo=) has sold ammo_9x39 x1 at the trader "Weapons (Gabi [#STR_EXPANSION_MARKET_TRADER_WEAPONS])" in market zone "Jalovisko Trading Zone" (pos=<8583.669922, 24.549999, 10515.000000>) and got 1.
14:12:33.710 [Market] Player "Vitellius" (id=QOVCOk5flZ8LlxY_vIXEUxFpj4R6rL-wr-TF8_b4xZo=) has send a requested to sell ammo_9x39 x1 at the trader "Weapons (Gabi [#STR_EXPANSION_MARKET_TRADER_WEAPONS])" in market zone "Jalovisko Trading Zone" (pos=<8583.669922, 24.549999, 10515.000000>).
14:12:33.777 [Market] Player "Vitellius" (id=QOVCOk5flZ8LlxY_vIXEUxFpj4R6rL-wr-TF8_b4xZo=) has sold ammo_9x39 x1 at the trader "Weapons (Gabi [#STR_EXPANSION_MARKET_TRADER_WEAPONS])" in market zone "Jalovisko Trading Zone" (pos=<8583.669922, 24.549999, 10515.000000>) and got 1.
14:12:33.855 [Market] Player "Vitellius" (id=QOVCOk5flZ8LlxY_vIXEUxFpj4R6rL-wr-TF8_b4xZo=) has send a requested to sell ammo_9x39 x1 at the trader "Weapons (Gabi [#STR_EXPANSION_MARKET_TRADER_WEAPONS])" in market zone "Jalovisko Trading Zone" (pos=<8583.669922, 24.549999, 10515.000000>).
14:12:33.902 [Market] Player "Vitellius" (id=QOVCOk5flZ8LlxY_vIXEUxFpj4R6rL-wr-TF8_b4xZo=) has sold ammo_9x39 x1 at the trader "Weapons (Gabi [#STR_EXPANSION_MARKET_TRADER_WEAPONS])" in market zone "Jalovisko Trading Zone" (pos=<8583.669922, 24.549999, 10515.000000>) and got 1.
14:12:34.019 [Market] Player "Vitellius" (id=QOVCOk5flZ8LlxY_vIXEUxFpj4R6rL-wr-TF8_b4xZo=) has send a requested to sell ammo_9x39 x1 at the trader "Weapons (Gabi [#STR_EXPANSION_MARKET_TRADER_WEAPONS])" in market zone "Jalovisko Trading Zone" (pos=<8583.669922, 24.549999, 10515.000000>).
14:12:34.062 [Market] Player "Vitellius" (id=QOVCOk5flZ8LlxY_vIXEUxFpj4R6rL-wr-TF8_b4xZo=) has sold ammo_9x39 x1 at the trader "Weapons (Gabi [#STR_EXPANSION_MARKET_TRADER_WEAPONS])" in market zone "Jalovisko Trading Zone" (pos=<8583.669922, 24.549999, 10515.000000>) and got 1.
14:12:34.179 [Market] Player "Vitellius" (id=QOVCOk5flZ8LlxY_vIXEUxFpj4R6rL-wr-TF8_b4xZo=) has send a requested to sell ammo_9x39 x1 at the trader "Weapons (Gabi [#STR_EXPANSION_MARKET_TRADER_WEAPONS])" in market zone "Jalovisko Trading Zone" (pos=<8583.669922, 24.549999, 10515.000000>).
14:12:34.253 [Market] Player "Vitellius" (id=QOVCOk5flZ8LlxY_vIXEUxFpj4R6rL-wr-TF8_b4xZo=) has sold ammo_9x39 x1 at the trader "Weapons (Gabi [#STR_EXPANSION_MARKET_TRADER_WEAPONS])" in market zone "Jalovisko Trading Zone" (pos=<8583.669922, 24.549999, 10515.000000>) and got 1.
14:12:49.488 [Market] Player "Vitellius" (id=QOVCOk5flZ8LlxY_vIXEUxFpj4R6rL-wr-TF8_b4xZo=) has send a requested to purchase mag_glock_15rnd x1 from the trader "Attachments (Irena [#STR_EXPANSION_MARKET_TRADER_ATTACHMENTS])" in market zone "Jalovisko Trading Zone" (pos=<8583.669922, 24.549999, 10515.000000>).
14:12:49.539 [Market] Player "Vitellius" (id=QOVCOk5flZ8LlxY_vIXEUxFpj4R6rL-wr-TF8_b4xZo=) has bought mag_glock_15rnd x1 from the trader "Attachments (Irena [#STR_EXPANSION_MARKET_TRADER_ATTACHMENTS])" in market zone "Jalovisko Trading Zone" (pos=<8583.669922, 24.549999, 10515.000000>) for a price of 70.
14:12:49.898 [Market] Player "Vitellius" (id=QOVCOk5flZ8LlxY_vIXEUxFpj4R6rL-wr-TF8_b4xZo=) has send a requested to purchase mag_glock_15rnd x1 from the trader "Attachments (Irena [#STR_EXPANSION_MARKET_TRADER_ATTACHMENTS])" in market zone "Jalovisko Trading Zone" (pos=<8583.669922, 24.549999, 10515.000000>).
14:12:49.984 [Market] Player "Vitellius" (id=QOVCOk5flZ8LlxY_vIXEUxFpj4R6rL-wr-TF8_b4xZo=) has bought mag_glock_15rnd x1 from the trader "Attachments (Irena [#STR_EXPANSION_MARKET_TRADER_ATTACHMENTS])" in market zone "Jalovisko Trading Zone" (pos=<8583.669922, 24.549999, 10515.000000>) for a price of 70.
14:12:51.195 [Market] Player "Vitellius" (id=QOVCOk5flZ8LlxY_vIXEUxFpj4R6rL-wr-TF8_b4xZo=) has send a requested to purchase mag_glock_15rnd x1 from the trader "Attachments (Irena [#STR_EXPANSION_MARKET_TRADER_ATTACHMENTS])" in market zone "Jalovisko Trading Zone" (pos=<8583.669922, 24.549999, 10515.000000>).
14:12:51.246 [Market] Player "Vitellius" (id=QOVCOk5flZ8LlxY_vIXEUxFpj4R6rL-wr-TF8_b4xZo=) has bought mag_glock_15rnd x1 from the trader "Attachments (Irena [#STR_EXPANSION_MARKET_TRADER_ATTACHMENTS])" in market zone "Jalovisko Trading Zone" (pos=<8583.669922, 24.549999, 10515.000000>) for a price of 70.
14:12:56.097 [Market] Player "DKGreear12" (id=zhJxvJUIQcTeCgEZ3Xhlvc_WjNMgSdId2I-HV3Jo6tA=) has send a requested to sell ammobox_9x19_25rnd x1 at the trader "Weapons (Gabi [#STR_EXPANSION_MARKET_TRADER_WEAPONS])" in market zone "Jalovisko Trading Zone" (pos=<8583.669922, 24.549999, 10515.000000>).
14:12:56.183 [Market] Player "DKGreear12" (id=zhJxvJUIQcTeCgEZ3Xhlvc_WjNMgSdId2I-HV3Jo6tA=) has sold ammobox_9x19_25rnd x1 at the trader "Weapons (Gabi [#STR_EXPANSION_MARKET_TRADER_WEAPONS])" in market zone "Jalovisko Trading Zone" (pos=<8583.669922, 24.549999, 10515.000000>) and got 22.
14:13:01.527 [Market] Player "Vitellius" (id=QOVCOk5flZ8LlxY_vIXEUxFpj4R6rL-wr-TF8_b4xZo=) has send a requested to purchase ammobox_9x19_25rnd x1 from the trader "Weapons (Gabi [#STR_EXPANSION_MARKET_TRADER_WEAPONS])" in market zone "Jalovisko Trading Zone" (pos=<8583.669922, 24.549999, 10515.000000>).
14:13:01.597 [Market] Player "Vitellius" (id=QOVCOk5flZ8LlxY_vIXEUxFpj4R6rL-wr-TF8_b4xZo=) has bought ammobox_9x19_25rnd x1 from the trader "Weapons (Gabi [#STR_EXPANSION_MARKET_TRADER_WEAPONS])" in market zone "Jalovisko Trading Zone" (pos=<8583.669922, 24.549999, 10515.000000>) for a price of 40.
14:13:01.996 [Market] Player "Vitellius" (id=QOVCOk5flZ8LlxY_vIXEUxFpj4R6rL-wr-TF8_b4xZo=) has send a requested to purchase ammobox_9x19_25rnd x1 from the trader "Weapons (Gabi [#STR_EXPANSION_MARKET_TRADER_WEAPONS])" in market zone "Jalovisko Trading Zone" (pos=<8583.669922, 24.549999, 10515.000000>).
14:13:02.062 [Market] Player "Vitellius" (id=QOVCOk5flZ8LlxY_vIXEUxFpj4R6rL-wr-TF8_b4xZo=) has bought ammobox_9x19_25rnd x1 from the trader "Weapons (Gabi [#STR_EXPANSION_MARKET_TRADER_WEAPONS])" in market zone "Jalovisko Trading Zone" (pos=<8583.669922, 24.549999, 10515.000000>) for a price of 40.
14:13:02.898 [Market] Player "Vitellius" (id=QOVCOk5flZ8LlxY_vIXEUxFpj4R6rL-wr-TF8_b4xZo=) has send a requested to purchase ammobox_9x19_25rnd x1 from the trader "Weapons (Gabi [#STR_EXPANSION_MARKET_TRADER_WEAPONS])" in market zone "Jalovisko Trading Zone" (pos=<8583.669922, 24.549999, 10515.000000>).
14:13:02.937 [Market] Player "Vitellius" (id=QOVCOk5flZ8LlxY_vIXEUxFpj4R6rL-wr-TF8_b4xZo=) has bought ammobox_9x19_25rnd x1 from the trader "Weapons (Gabi [#STR_EXPANSION_MARKET_TRADER_WEAPONS])" in market zone "Jalovisko Trading Zone" (pos=<8583.669922, 24.549999, 10515.000000>) for a price of 40.
14:13:54.597 [Market] Player "DKGreear12" (id=zhJxvJUIQcTeCgEZ3Xhlvc_WjNMgSdId2I-HV3Jo6tA=) has send a requested to purchase nailedbaseballbat x1 from the trader "Weapons (Gabi [#STR_EXPANSION_MARKET_TRADER_WEAPONS])" in market zone "Jalovisko Trading Zone" (pos=<8583.669922, 24.549999, 10515.000000>).
14:13:54.671 [Market] Player "DKGreear12" (id=zhJxvJUIQcTeCgEZ3Xhlvc_WjNMgSdId2I-HV3Jo6tA=) has bought nailedbaseballbat x1 from the trader "Weapons (Gabi [#STR_EXPANSION_MARKET_TRADER_WEAPONS])" in market zone "Jalovisko Trading Zone" (pos=<8583.669922, 24.549999, 10515.000000>) for a price of 45.
14:15:46.937 [Party] Player "thatguy404" (id=QjlZXS0Ark29Vwx4GPzro34d4Mh-vfgK6BY62FOJWUg=) joinded the party "Boogaloo Boiz" (id=2 ownerUID=QOVCOk5flZ8LlxY_vIXEUxFpj4R6rL-wr-TF8_b4xZo= ownerName=Vitellius)
14:15:46.945 [Expansion Quests] - InitQuestSystemClient - Loaded existing player quest data for player with UID: QjlZXS0Ark29Vwx4GPzro34d4Mh-vfgK6BY62FOJWUg=
14:15:46.945 [Expansion Quests] - InitClientQuests_NormalQuests - Create new quest instance for quest: 9 - Creator UID: QjlZXS0Ark29Vwx4GPzro34d4Mh-vfgK6BY62FOJWUg=
14:15:46.945 [Expansion Quests] - InitClientQuests_NormalQuests - Create new quest instance for quest: 11 - Creator UID: QjlZXS0Ark29Vwx4GPzro34d4Mh-vfgK6BY62FOJWUg=
14:16:40.035 [Market] Player "Vitellius" (id=QOVCOk5flZ8LlxY_vIXEUxFpj4R6rL-wr-TF8_b4xZo=) has send a requested to sell leathersewingkit x1 at the trader "Components (Quinn [#STR_EXPANSION_MARKET_TRADER_COMPONENTS])" in market zone "Jalovisko Trading Zone" (pos=<8583.669922, 24.549999, 10515.000000>).
14:16:40.085 [Market] Player "Vitellius" (id=QOVCOk5flZ8LlxY_vIXEUxFpj4R6rL-wr-TF8_b4xZo=) has sold leathersewingkit x1 at the trader "Components (Quinn [#STR_EXPANSION_MARKET_TRADER_COMPONENTS])" in market zone "Jalovisko Trading Zone" (pos=<8583.669922, 24.549999, 10515.000000>) and got 1.
14:17:40.023 [VehicleCarKey] Player "thatguy404" (id=QjlZXS0Ark29Vwx4GPzro34d4Mh-vfgK6BY62FOJWUg= pos=<5527.979004, 117.454384, 8203.485352>) used the  ExpansionCarKey to unlock ExpansionMh6_Elliptical (id=04C0E3514949BC7EAAAF41BFA621CC00 pos=<5526.314453, 117.482101, 8204.719727>)
14:17:41.628 [VehicleCarKey] Player "thatguy404" (id=QjlZXS0Ark29Vwx4GPzro34d4Mh-vfgK6BY62FOJWUg= pos=<5527.979004, 117.454384, 8203.485352>) used the  ExpansionCarKey to lock ExpansionMh6_Elliptical (id=04C0E3514949BC7EAAAF41BFA621CC00 pos=<5526.314453, 117.482101, 8204.719727>)
14:17:43.093 [VehicleCarKey] Player "thatguy404" (id=QjlZXS0Ark29Vwx4GPzro34d4Mh-vfgK6BY62FOJWUg= pos=<5527.979004, 117.454384, 8203.485352>) used the  ExpansionCarKey to unlock ExpansionMh6_Elliptical (id=04C0E3514949BC7EAAAF41BFA621CC00 pos=<5526.314453, 117.482101, 8204.719727>)
14:17:51.960 [VehicleEnter] Player thatguy404 [uid=QjlZXS0Ark29Vwx4GPzro34d4Mh-vfgK6BY62FOJWUg=] entered vehicle Mh-6 Little Bird (id=04C0E3514949BC7EAAAF41BFA621CC00 pos=<5526.314453, 117.481331, 8204.718750>) as pilot
14:17:56.082 [VehicleLeave] Player thatguy404 [uid=QjlZXS0Ark29Vwx4GPzro34d4Mh-vfgK6BY62FOJWUg=] left vehicle Mh-6 Little Bird (id=04C0E3514949BC7EAAAF41BFA621CC00 pos=<5526.314453, 117.480942, 8204.718750>)
14:18:06.375 [VehicleCarKey] Player "thatguy404" (id=QjlZXS0Ark29Vwx4GPzro34d4Mh-vfgK6BY62FOJWUg= pos=<5527.718750, 117.452965, 8203.369141>) used the  ExpansionCarKey to lock ExpansionMh6_Elliptical (id=04C0E3514949BC7EAAAF41BFA621CC00 pos=<5526.314941, 117.482109, 8204.719727>)
14:19:22.519 [Expansion Quests] - CreateQuestInstance - Created new quest instance for player with UID QOVCOk5flZ8LlxY_vIXEUxFpj4R6rL-wr-TF8_b4xZo= for quest 5
14:19:44.734 [Market] Player "Vitellius" (id=QOVCOk5flZ8LlxY_vIXEUxFpj4R6rL-wr-TF8_b4xZo=) has send a requested to purchase m4_suppressor x1 from the trader "Attachments (Irena [#STR_EXPANSION_MARKET_TRADER_ATTACHMENTS])" in market zone "Jalovisko Trading Zone" (pos=<8583.669922, 24.549999, 10515.000000>).
14:19:44.835 [Market] Player "Vitellius" (id=QOVCOk5flZ8LlxY_vIXEUxFpj4R6rL-wr-TF8_b4xZo=) has bought m4_suppressor x1 from the trader "Attachments (Irena [#STR_EXPANSION_MARKET_TRADER_ATTACHMENTS])" in market zone "Jalovisko Trading Zone" (pos=<8583.669922, 24.549999, 10515.000000>) for a price of 25.
14:19:57.726 [BaseRaiding] ExpansionSafeLarge (<5531.030762, 117.684189, 8198.164063>) Code set by player "thatguy404" (ID = "QjlZXS0Ark29Vwx4GPzro34d4Mh-vfgK6BY62FOJWUg=" at <5530.618164, 117.684189, 8197.095703>) and the code is 168125
14:19:58.828 [Market] Player "Vitellius" (id=QOVCOk5flZ8LlxY_vIXEUxFpj4R6rL-wr-TF8_b4xZo=) has send a requested to purchase ak_suppressor x1 from the trader "Attachments (Irena [#STR_EXPANSION_MARKET_TRADER_ATTACHMENTS])" in market zone "Jalovisko Trading Zone" (pos=<8583.669922, 24.549999, 10515.000000>).
14:19:58.878 [Market] Player "Vitellius" (id=QOVCOk5flZ8LlxY_vIXEUxFpj4R6rL-wr-TF8_b4xZo=) has bought ak_suppressor x1 from the trader "Attachments (Irena [#STR_EXPANSION_MARKET_TRADER_ATTACHMENTS])" in market zone "Jalovisko Trading Zone" (pos=<8583.669922, 24.549999, 10515.000000>) for a price of 25.
14:20:39.500 [Market] Player "Vitellius" (id=QOVCOk5flZ8LlxY_vIXEUxFpj4R6rL-wr-TF8_b4xZo=) has send a requested to sell m4_suppressor x1 at the trader "Attachments (Irena [#STR_EXPANSION_MARKET_TRADER_ATTACHMENTS])" in market zone "Jalovisko Trading Zone" (pos=<8583.669922, 24.549999, 10515.000000>).
14:20:39.546 [Market] Player "Vitellius" (id=QOVCOk5flZ8LlxY_vIXEUxFpj4R6rL-wr-TF8_b4xZo=) has sold m4_suppressor x1 at the trader "Attachments (Irena [#STR_EXPANSION_MARKET_TRADER_ATTACHMENTS])" in market zone "Jalovisko Trading Zone" (pos=<8583.669922, 24.549999, 10515.000000>) and got 18.
14:20:41.343 [Market] Player "Vitellius" (id=QOVCOk5flZ8LlxY_vIXEUxFpj4R6rL-wr-TF8_b4xZo=) has send a requested to sell ak_suppressor x1 at the trader "Attachments (Irena [#STR_EXPANSION_MARKET_TRADER_ATTACHMENTS])" in market zone "Jalovisko Trading Zone" (pos=<8583.669922, 24.549999, 10515.000000>).
14:20:41.394 [Market] Player "Vitellius" (id=QOVCOk5flZ8LlxY_vIXEUxFpj4R6rL-wr-TF8_b4xZo=) has sold ak_suppressor x1 at the trader "Attachments (Irena [#STR_EXPANSION_MARKET_TRADER_ATTACHMENTS])" in market zone "Jalovisko Trading Zone" (pos=<8583.669922, 24.549999, 10515.000000>) and got 18.
14:20:56.097 [ATM] Player "Vitellius" (id=QOVCOk5flZ8LlxY_vIXEUxFpj4R6rL-wr-TF8_b4xZo=) has deposited 165 on his ATM account.
14:21:00.773 [ATM] Player "DKGreear12" (id=zhJxvJUIQcTeCgEZ3Xhlvc_WjNMgSdId2I-HV3Jo6tA=) has deposited 358 on his ATM account.
14:23:59.953 [VehicleEnter] Player thatguy404 [uid=QjlZXS0Ark29Vwx4GPzro34d4Mh-vfgK6BY62FOJWUg=] entered vehicle UAZ 469 Cargo Roofless (id=B2F7B6A13C4D73B6BFA6BFA935F2CF43 pos=<5521.675781, 117.689865, 8193.198242>) as driver
14:24:02.292 [VehicleLeave] Player thatguy404 [uid=QjlZXS0Ark29Vwx4GPzro34d4Mh-vfgK6BY62FOJWUg=] left vehicle UAZ 469 Cargo Roofless (id=B2F7B6A13C4D73B6BFA6BFA935F2CF43 pos=<5521.675781, 117.689873, 8193.198242>)
14:24:28.425 [Party] Player "thatguy404" (id=QjlZXS0Ark29Vwx4GPzro34d4Mh-vfgK6BY62FOJWUg=) left the party "Boogaloo Boiz" (id=2 ownerUID=QOVCOk5flZ8LlxY_vIXEUxFpj4R6rL-wr-TF8_b4xZo= ownerName=Vitellius)
14:31:04.476 [Safezone] Player "Vitellius" (id=QOVCOk5flZ8LlxY_vIXEUxFpj4R6rL-wr-TF8_b4xZo= pos=<8272.441406, 15.009596, 10825.789063>) Left the safezone
14:34:33.562 [Safezone] Player "DKGreear12" (id=zhJxvJUIQcTeCgEZ3Xhlvc_WjNMgSdId2I-HV3Jo6tA= pos=<8246.511719, 15.062459, 10798.353516>) Left the safezone
14:35:28.175 [Safezone] Player "Vitellius" (id=QOVCOk5flZ8LlxY_vIXEUxFpj4R6rL-wr-TF8_b4xZo= pos=<8298.093750, 14.612214, 10784.006836>) Entered the safezone
14:35:29.777 [Safezone] Player "DKGreear12" (id=zhJxvJUIQcTeCgEZ3Xhlvc_WjNMgSdId2I-HV3Jo6tA= pos=<8300.898438, 14.776401, 10784.747070>) Entered the safezone
15:10:10.523 [ATM] Player "DKGreear12" (id=zhJxvJUIQcTeCgEZ3Xhlvc_WjNMgSdId2I-HV3Jo6tA=) has withdrawn 100 from his ATM account.
15:10:20.929 [Market] Player "DKGreear12" (id=zhJxvJUIQcTeCgEZ3Xhlvc_WjNMgSdId2I-HV3Jo6tA=) has send a requested to purchase hatchet x1 from the trader "Components (Quinn [#STR_EXPANSION_MARKET_TRADER_COMPONENTS])" in market zone "Jalovisko Trading Zone" (pos=<8583.669922, 24.549999, 10515.000000>).
15:10:21.000 [Market] Player "DKGreear12" (id=zhJxvJUIQcTeCgEZ3Xhlvc_WjNMgSdId2I-HV3Jo6tA=) has bought hatchet x1 from the trader "Components (Quinn [#STR_EXPANSION_MARKET_TRADER_COMPONENTS])" in market zone "Jalovisko Trading Zone" (pos=<8583.669922, 24.549999, 10515.000000>) for a price of 10.
15:11:53.273 [Market] Player "Vitellius" (id=QOVCOk5flZ8LlxY_vIXEUxFpj4R6rL-wr-TF8_b4xZo=) has send a requested to purchase woodaxe x1 from the trader "Components (Quinn [#STR_EXPANSION_MARKET_TRADER_COMPONENTS])" in market zone "Jalovisko Trading Zone" (pos=<8583.669922, 24.549999, 10515.000000>).
15:11:53.304 [Market] Player "Vitellius" (id=QOVCOk5flZ8LlxY_vIXEUxFpj4R6rL-wr-TF8_b4xZo=) has bought woodaxe x1 from the trader "Components (Quinn [#STR_EXPANSION_MARKET_TRADER_COMPONENTS])" in market zone "Jalovisko Trading Zone" (pos=<8583.669922, 24.549999, 10515.000000>) for a price of 20.
15:12:14.585 [ATM] Player "DKGreear12" (id=zhJxvJUIQcTeCgEZ3Xhlvc_WjNMgSdId2I-HV3Jo6tA=) has deposited 70 on his ATM account.
15:22:16.046 [Party] Player "Vitellius" (id=QOVCOk5flZ8LlxY_vIXEUxFpj4R6rL-wr-TF8_b4xZo=) left the party "Boogaloo Boiz" (id=2 ownerUID=QOVCOk5flZ8LlxY_vIXEUxFpj4R6rL-wr-TF8_b4xZo= ownerName=Vitellius)
15:22:16.535 [Party] Player "DKGreear12" (id=zhJxvJUIQcTeCgEZ3Xhlvc_WjNMgSdId2I-HV3Jo6tA=) left the party "Nighteriders" (id=1 ownerUID=zhJxvJUIQcTeCgEZ3Xhlvc_WjNMgSdId2I-HV3Jo6tA= ownerName=DKGreear12)
