10:45:09.468 [AI Object Patrol] WARNING: The map 'namalsk' doesn't have a default config
10:45:09.468 [AI Object Patrol] Generating an example config...
10:45:09.468 [AI Patrol] Generating default Patrol config for namalsk
10:46:57.617 [Party] Player "Vitellius" (id=QOVCOk5flZ8LlxY_vIXEUxFpj4R6rL-wr-TF8_b4xZo=) joinded the party "Nighteriders" (id=1 ownerUID=zhJxvJUIQcTeCgEZ3Xhlvc_WjNMgSdId2I-HV3Jo6tA= ownerName=DKGreear12)
10:46:57.628 [Expansion Quests] - InitQuestSystemClient - Loaded existing player quest data for player with UID: QOVCOk5flZ8LlxY_vIXEUxFpj4R6rL-wr-TF8_b4xZo=
10:46:57.628 [Expansion Quests] - InitClientQuests_NormalQuests - Create new quest instance for quest: 11 - Creator UID: QOVCOk5flZ8LlxY_vIXEUxFpj4R6rL-wr-TF8_b4xZo=
10:48:47.187 [VehicleCarKey] Player "Vitellius" (id=QOVCOk5flZ8LlxY_vIXEUxFpj4R6rL-wr-TF8_b4xZo= pos=<5212.512695, 31.022387, 8573.767578>) used the  ExpansionCarKey to unlock Offroad_02 (id=E1C650F4284EF91542400FBB41123F84 pos=<5211.047363, 31.124531, 8575.452148>)
10:49:02.527 [VehicleCarKey] Player "Vitellius" (id=QOVCOk5flZ8LlxY_vIXEUxFpj4R6rL-wr-TF8_b4xZo= pos=<5212.921387, 31.029196, 8574.983398>) used the  ExpansionCarKey to lock Offroad_02 (id=E1C650F4284EF91542400FBB41123F84 pos=<5211.047363, 31.124531, 8575.452148>)
10:50:26.835 [MissionAirdrop] An airdrop is heading towards "Tara Harbor" (pos=<7493.000000, 0.000000, 7577.000000> type=Random_Tara Harbor) with a ExpansionAirdropContainer_Military_OliveCamo2
11:04:22.546 [AI Patrol] Spawning 2 Shamans bots at <4369.868164, 123.260483, 7361.450684>
11:26:05.558 [Market] Player "Vitellius" (id=QOVCOk5flZ8LlxY_vIXEUxFpj4R6rL-wr-TF8_b4xZo=) has send a requested to sell snafugm6lynx x1 at the trader "BlackMarket (Gabi [Black Market])" in market zone "Black Market Trading Zone" (pos=<3195.000000, 118.300003, 7508.859863>).
11:26:05.601 [Market] Player "Vitellius" (id=QOVCOk5flZ8LlxY_vIXEUxFpj4R6rL-wr-TF8_b4xZo=) has sold snafugm6lynx x1 at the trader "BlackMarket (Gabi [Black Market])" in market zone "Black Market Trading Zone" (pos=<3195.000000, 118.300003, 7508.859863>) and got 8600.
11:26:13.136 [Market] Player "Vitellius" (id=QOVCOk5flZ8LlxY_vIXEUxFpj4R6rL-wr-TF8_b4xZo=) has send a requested to sell snafu_ammo_300acc x1 at the trader "BlackMarket (Gabi [Black Market])" in market zone "Black Market Trading Zone" (pos=<3195.000000, 118.300003, 7508.859863>).
11:26:13.230 [Market] Player "Vitellius" (id=QOVCOk5flZ8LlxY_vIXEUxFpj4R6rL-wr-TF8_b4xZo=) has sold snafu_ammo_300acc x1 at the trader "BlackMarket (Gabi [Black Market])" in market zone "Black Market Trading Zone" (pos=<3195.000000, 118.300003, 7508.859863>) and got 200.
11:26:13.304 [Market] Player "Vitellius" (id=QOVCOk5flZ8LlxY_vIXEUxFpj4R6rL-wr-TF8_b4xZo=) has send a requested to sell snafu_ammo_300acc x1 at the trader "BlackMarket (Gabi [Black Market])" in market zone "Black Market Trading Zone" (pos=<3195.000000, 118.300003, 7508.859863>).
11:26:13.359 [Market] Player "Vitellius" (id=QOVCOk5flZ8LlxY_vIXEUxFpj4R6rL-wr-TF8_b4xZo=) has sold snafu_ammo_300acc x1 at the trader "BlackMarket (Gabi [Black Market])" in market zone "Black Market Trading Zone" (pos=<3195.000000, 118.300003, 7508.859863>) and got 200.
11:26:13.500 [Market] Player "Vitellius" (id=QOVCOk5flZ8LlxY_vIXEUxFpj4R6rL-wr-TF8_b4xZo=) has send a requested to sell snafu_ammo_300acc x1 at the trader "BlackMarket (Gabi [Black Market])" in market zone "Black Market Trading Zone" (pos=<3195.000000, 118.300003, 7508.859863>).
11:26:13.550 [Market] Player "Vitellius" (id=QOVCOk5flZ8LlxY_vIXEUxFpj4R6rL-wr-TF8_b4xZo=) has sold snafu_ammo_300acc x1 at the trader "BlackMarket (Gabi [Black Market])" in market zone "Black Market Trading Zone" (pos=<3195.000000, 118.300003, 7508.859863>) and got 200.
11:26:13.632 [Market] Player "Vitellius" (id=QOVCOk5flZ8LlxY_vIXEUxFpj4R6rL-wr-TF8_b4xZo=) has send a requested to sell snafu_ammo_300acc x1 at the trader "BlackMarket (Gabi [Black Market])" in market zone "Black Market Trading Zone" (pos=<3195.000000, 118.300003, 7508.859863>).
11:26:13.691 [Market] Player "Vitellius" (id=QOVCOk5flZ8LlxY_vIXEUxFpj4R6rL-wr-TF8_b4xZo=) has sold snafu_ammo_300acc x1 at the trader "BlackMarket (Gabi [Black Market])" in market zone "Black Market Trading Zone" (pos=<3195.000000, 118.300003, 7508.859863>) and got 200.
11:26:13.777 [Market] Player "Vitellius" (id=QOVCOk5flZ8LlxY_vIXEUxFpj4R6rL-wr-TF8_b4xZo=) has send a requested to sell snafu_ammo_300acc x1 at the trader "BlackMarket (Gabi [Black Market])" in market zone "Black Market Trading Zone" (pos=<3195.000000, 118.300003, 7508.859863>).
11:26:13.839 [Market] Player "Vitellius" (id=QOVCOk5flZ8LlxY_vIXEUxFpj4R6rL-wr-TF8_b4xZo=) has sold snafu_ammo_300acc x1 at the trader "BlackMarket (Gabi [Black Market])" in market zone "Black Market Trading Zone" (pos=<3195.000000, 118.300003, 7508.859863>) and got 200.
11:26:14.027 [Market] Player "Vitellius" (id=QOVCOk5flZ8LlxY_vIXEUxFpj4R6rL-wr-TF8_b4xZo=) has send a requested to sell snafu_ammo_300acc x1 at the trader "BlackMarket (Gabi [Black Market])" in market zone "Black Market Trading Zone" (pos=<3195.000000, 118.300003, 7508.859863>).
11:26:14.058 [Market] Player "Vitellius" (id=QOVCOk5flZ8LlxY_vIXEUxFpj4R6rL-wr-TF8_b4xZo=) has sold snafu_ammo_300acc x1 at the trader "BlackMarket (Gabi [Black Market])" in market zone "Black Market Trading Zone" (pos=<3195.000000, 118.300003, 7508.859863>) and got 200.
11:26:14.191 [Market] Player "Vitellius" (id=QOVCOk5flZ8LlxY_vIXEUxFpj4R6rL-wr-TF8_b4xZo=) has send a requested to sell snafu_ammo_300acc x1 at the trader "BlackMarket (Gabi [Black Market])" in market zone "Black Market Trading Zone" (pos=<3195.000000, 118.300003, 7508.859863>).
11:26:14.230 [Market] Player "Vitellius" (id=QOVCOk5flZ8LlxY_vIXEUxFpj4R6rL-wr-TF8_b4xZo=) has sold snafu_ammo_300acc x1 at the trader "BlackMarket (Gabi [Black Market])" in market zone "Black Market Trading Zone" (pos=<3195.000000, 118.300003, 7508.859863>) and got 200.
11:26:14.230 [Market] Player "Vitellius" (id=QOVCOk5flZ8LlxY_vIXEUxFpj4R6rL-wr-TF8_b4xZo=) has send a requested to sell snafu_ammo_300acc x1 at the trader "BlackMarket (Gabi [Black Market])" in market zone "Black Market Trading Zone" (pos=<3195.000000, 118.300003, 7508.859863>).
11:26:14.269 [Market] Player "Vitellius" (id=QOVCOk5flZ8LlxY_vIXEUxFpj4R6rL-wr-TF8_b4xZo=) has sold snafu_ammo_300acc x1 at the trader "BlackMarket (Gabi [Black Market])" in market zone "Black Market Trading Zone" (pos=<3195.000000, 118.300003, 7508.859863>) and got 200.
11:26:14.367 [Market] Player "Vitellius" (id=QOVCOk5flZ8LlxY_vIXEUxFpj4R6rL-wr-TF8_b4xZo=) has send a requested to sell snafu_ammo_300acc x1 at the trader "BlackMarket (Gabi [Black Market])" in market zone "Black Market Trading Zone" (pos=<3195.000000, 118.300003, 7508.859863>).
11:26:14.453 [Market] Player "Vitellius" (id=QOVCOk5flZ8LlxY_vIXEUxFpj4R6rL-wr-TF8_b4xZo=) has send a requested to sell snafu_ammo_300acc x1 at the trader "BlackMarket (Gabi [Black Market])" in market zone "Black Market Trading Zone" (pos=<3195.000000, 118.300003, 7508.859863>).
11:26:14.453 [Market] Player "Vitellius" (id=QOVCOk5flZ8LlxY_vIXEUxFpj4R6rL-wr-TF8_b4xZo=) has sold snafu_ammo_300acc x1 at the trader "BlackMarket (Gabi [Black Market])" in market zone "Black Market Trading Zone" (pos=<3195.000000, 118.300003, 7508.859863>) and got 200.
11:26:14.574 [Market] Player "Vitellius" (id=QOVCOk5flZ8LlxY_vIXEUxFpj4R6rL-wr-TF8_b4xZo=) has send a requested to sell snafu_ammo_300acc x1 at the trader "BlackMarket (Gabi [Black Market])" in market zone "Black Market Trading Zone" (pos=<3195.000000, 118.300003, 7508.859863>).
11:26:14.656 [Market] Player "Vitellius" (id=QOVCOk5flZ8LlxY_vIXEUxFpj4R6rL-wr-TF8_b4xZo=) has sold snafu_ammo_300acc x1 at the trader "BlackMarket (Gabi [Black Market])" in market zone "Black Market Trading Zone" (pos=<3195.000000, 118.300003, 7508.859863>) and got 200.
11:26:14.660 [Market] Player "Vitellius" (id=QOVCOk5flZ8LlxY_vIXEUxFpj4R6rL-wr-TF8_b4xZo=) has send a requested to sell snafu_ammo_300acc x1 at the trader "BlackMarket (Gabi [Black Market])" in market zone "Black Market Trading Zone" (pos=<3195.000000, 118.300003, 7508.859863>).
11:26:14.753 [Market] Player "Vitellius" (id=QOVCOk5flZ8LlxY_vIXEUxFpj4R6rL-wr-TF8_b4xZo=) has sold snafu_ammo_300acc x1 at the trader "BlackMarket (Gabi [Black Market])" in market zone "Black Market Trading Zone" (pos=<3195.000000, 118.300003, 7508.859863>) and got 200.
11:26:14.753 [Market] Player "Vitellius" (id=QOVCOk5flZ8LlxY_vIXEUxFpj4R6rL-wr-TF8_b4xZo=) has send a requested to sell snafu_ammo_300acc x1 at the trader "BlackMarket (Gabi [Black Market])" in market zone "Black Market Trading Zone" (pos=<3195.000000, 118.300003, 7508.859863>).
11:26:14.867 [Market] Player "Vitellius" (id=QOVCOk5flZ8LlxY_vIXEUxFpj4R6rL-wr-TF8_b4xZo=) has sold snafu_ammo_300acc x1 at the trader "BlackMarket (Gabi [Black Market])" in market zone "Black Market Trading Zone" (pos=<3195.000000, 118.300003, 7508.859863>) and got 200.
11:26:14.867 [Market] Player "Vitellius" (id=QOVCOk5flZ8LlxY_vIXEUxFpj4R6rL-wr-TF8_b4xZo=) has send a requested to sell snafu_ammo_300acc x1 at the trader "BlackMarket (Gabi [Black Market])" in market zone "Black Market Trading Zone" (pos=<3195.000000, 118.300003, 7508.859863>).
11:26:14.945 [Market] Player "Vitellius" (id=QOVCOk5flZ8LlxY_vIXEUxFpj4R6rL-wr-TF8_b4xZo=) has sold snafu_ammo_300acc x1 at the trader "BlackMarket (Gabi [Black Market])" in market zone "Black Market Trading Zone" (pos=<3195.000000, 118.300003, 7508.859863>) and got 200.
11:26:14.996 [Market] Player "Vitellius" (id=QOVCOk5flZ8LlxY_vIXEUxFpj4R6rL-wr-TF8_b4xZo=) has send a requested to sell snafu_ammo_300acc x1 at the trader "BlackMarket (Gabi [Black Market])" in market zone "Black Market Trading Zone" (pos=<3195.000000, 118.300003, 7508.859863>).
11:26:15.058 [Market] Player "Vitellius" (id=QOVCOk5flZ8LlxY_vIXEUxFpj4R6rL-wr-TF8_b4xZo=) has sold snafu_ammo_300acc x1 at the trader "BlackMarket (Gabi [Black Market])" in market zone "Black Market Trading Zone" (pos=<3195.000000, 118.300003, 7508.859863>) and got 200.
11:26:15.097 [Market] Player "Vitellius" (id=QOVCOk5flZ8LlxY_vIXEUxFpj4R6rL-wr-TF8_b4xZo=) has send a requested to sell snafu_ammo_300acc x1 at the trader "BlackMarket (Gabi [Black Market])" in market zone "Black Market Trading Zone" (pos=<3195.000000, 118.300003, 7508.859863>).
11:26:15.140 [Market] Player "Vitellius" (id=QOVCOk5flZ8LlxY_vIXEUxFpj4R6rL-wr-TF8_b4xZo=) has sold snafu_ammo_300acc x1 at the trader "BlackMarket (Gabi [Black Market])" in market zone "Black Market Trading Zone" (pos=<3195.000000, 118.300003, 7508.859863>) and got 200.
11:26:15.332 [Market] Player "Vitellius" (id=QOVCOk5flZ8LlxY_vIXEUxFpj4R6rL-wr-TF8_b4xZo=) has send a requested to sell snafu_ammo_300acc x1 at the trader "BlackMarket (Gabi [Black Market])" in market zone "Black Market Trading Zone" (pos=<3195.000000, 118.300003, 7508.859863>).
11:26:15.402 [Market] Player "Vitellius" (id=QOVCOk5flZ8LlxY_vIXEUxFpj4R6rL-wr-TF8_b4xZo=) has sold snafu_ammo_300acc x1 at the trader "BlackMarket (Gabi [Black Market])" in market zone "Black Market Trading Zone" (pos=<3195.000000, 118.300003, 7508.859863>) and got 200.
11:26:15.457 [Market] Player "Vitellius" (id=QOVCOk5flZ8LlxY_vIXEUxFpj4R6rL-wr-TF8_b4xZo=) has send a requested to sell snafu_ammo_300acc x1 at the trader "BlackMarket (Gabi [Black Market])" in market zone "Black Market Trading Zone" (pos=<3195.000000, 118.300003, 7508.859863>).
11:26:15.531 [Market] Player "Vitellius" (id=QOVCOk5flZ8LlxY_vIXEUxFpj4R6rL-wr-TF8_b4xZo=) has sold snafu_ammo_300acc x1 at the trader "BlackMarket (Gabi [Black Market])" in market zone "Black Market Trading Zone" (pos=<3195.000000, 118.300003, 7508.859863>) and got 200.
11:26:15.531 [Market] Player "Vitellius" (id=QOVCOk5flZ8LlxY_vIXEUxFpj4R6rL-wr-TF8_b4xZo=) has send a requested to sell snafu_ammo_300acc x1 at the trader "BlackMarket (Gabi [Black Market])" in market zone "Black Market Trading Zone" (pos=<3195.000000, 118.300003, 7508.859863>).
11:26:15.605 [Market] Player "Vitellius" (id=QOVCOk5flZ8LlxY_vIXEUxFpj4R6rL-wr-TF8_b4xZo=) has sold snafu_ammo_300acc x1 at the trader "BlackMarket (Gabi [Black Market])" in market zone "Black Market Trading Zone" (pos=<3195.000000, 118.300003, 7508.859863>) and got 200.
11:26:15.648 [Market] Player "Vitellius" (id=QOVCOk5flZ8LlxY_vIXEUxFpj4R6rL-wr-TF8_b4xZo=) has send a requested to sell snafu_ammo_300acc x1 at the trader "BlackMarket (Gabi [Black Market])" in market zone "Black Market Trading Zone" (pos=<3195.000000, 118.300003, 7508.859863>).
11:26:15.710 [Market] Player "Vitellius" (id=QOVCOk5flZ8LlxY_vIXEUxFpj4R6rL-wr-TF8_b4xZo=) has sold snafu_ammo_300acc x1 at the trader "BlackMarket (Gabi [Black Market])" in market zone "Black Market Trading Zone" (pos=<3195.000000, 118.300003, 7508.859863>) and got 200.
11:26:15.746 [Market] Player "Vitellius" (id=QOVCOk5flZ8LlxY_vIXEUxFpj4R6rL-wr-TF8_b4xZo=) has send a requested to sell snafu_ammo_300acc x1 at the trader "BlackMarket (Gabi [Black Market])" in market zone "Black Market Trading Zone" (pos=<3195.000000, 118.300003, 7508.859863>).
11:26:15.828 [Market] Player "Vitellius" (id=QOVCOk5flZ8LlxY_vIXEUxFpj4R6rL-wr-TF8_b4xZo=) has sold snafu_ammo_300acc x1 at the trader "BlackMarket (Gabi [Black Market])" in market zone "Black Market Trading Zone" (pos=<3195.000000, 118.300003, 7508.859863>) and got 200.
11:26:15.832 [Market] Player "Vitellius" (id=QOVCOk5flZ8LlxY_vIXEUxFpj4R6rL-wr-TF8_b4xZo=) has send a requested to sell snafu_ammo_300acc x1 at the trader "BlackMarket (Gabi [Black Market])" in market zone "Black Market Trading Zone" (pos=<3195.000000, 118.300003, 7508.859863>).
11:26:15.875 [Market] Player "Vitellius" (id=QOVCOk5flZ8LlxY_vIXEUxFpj4R6rL-wr-TF8_b4xZo=) has sold snafu_ammo_300acc x1 at the trader "BlackMarket (Gabi [Black Market])" in market zone "Black Market Trading Zone" (pos=<3195.000000, 118.300003, 7508.859863>) and got 200.
11:26:15.910 [Market] Player "Vitellius" (id=QOVCOk5flZ8LlxY_vIXEUxFpj4R6rL-wr-TF8_b4xZo=) has send a requested to sell snafu_ammo_300acc x1 at the trader "BlackMarket (Gabi [Black Market])" in market zone "Black Market Trading Zone" (pos=<3195.000000, 118.300003, 7508.859863>).
11:26:15.972 [Market] Player "Vitellius" (id=QOVCOk5flZ8LlxY_vIXEUxFpj4R6rL-wr-TF8_b4xZo=) has sold snafu_ammo_300acc x1 at the trader "BlackMarket (Gabi [Black Market])" in market zone "Black Market Trading Zone" (pos=<3195.000000, 118.300003, 7508.859863>) and got 200.
11:26:16.035 [Market] Player "Vitellius" (id=QOVCOk5flZ8LlxY_vIXEUxFpj4R6rL-wr-TF8_b4xZo=) has send a requested to sell snafu_ammo_300acc x1 at the trader "BlackMarket (Gabi [Black Market])" in market zone "Black Market Trading Zone" (pos=<3195.000000, 118.300003, 7508.859863>).
11:26:16.078 [Market] Player "Vitellius" (id=QOVCOk5flZ8LlxY_vIXEUxFpj4R6rL-wr-TF8_b4xZo=) has sold snafu_ammo_300acc x1 at the trader "BlackMarket (Gabi [Black Market])" in market zone "Black Market Trading Zone" (pos=<3195.000000, 118.300003, 7508.859863>) and got 200.
11:26:16.148 [Market] Player "Vitellius" (id=QOVCOk5flZ8LlxY_vIXEUxFpj4R6rL-wr-TF8_b4xZo=) has send a requested to sell snafu_ammo_300acc x1 at the trader "BlackMarket (Gabi [Black Market])" in market zone "Black Market Trading Zone" (pos=<3195.000000, 118.300003, 7508.859863>).
11:26:16.253 [Market] Player "Vitellius" (id=QOVCOk5flZ8LlxY_vIXEUxFpj4R6rL-wr-TF8_b4xZo=) has sold snafu_ammo_300acc x1 at the trader "BlackMarket (Gabi [Black Market])" in market zone "Black Market Trading Zone" (pos=<3195.000000, 118.300003, 7508.859863>) and got 200.
11:26:16.253 [Market] Player "Vitellius" (id=QOVCOk5flZ8LlxY_vIXEUxFpj4R6rL-wr-TF8_b4xZo=) has send a requested to sell snafu_ammo_300acc x1 at the trader "BlackMarket (Gabi [Black Market])" in market zone "Black Market Trading Zone" (pos=<3195.000000, 118.300003, 7508.859863>).
11:26:16.316 [Market] Player "Vitellius" (id=QOVCOk5flZ8LlxY_vIXEUxFpj4R6rL-wr-TF8_b4xZo=) has sold snafu_ammo_300acc x1 at the trader "BlackMarket (Gabi [Black Market])" in market zone "Black Market Trading Zone" (pos=<3195.000000, 118.300003, 7508.859863>) and got 200.
11:26:16.347 [Market] Player "Vitellius" (id=QOVCOk5flZ8LlxY_vIXEUxFpj4R6rL-wr-TF8_b4xZo=) has send a requested to sell snafu_ammo_300acc x1 at the trader "BlackMarket (Gabi [Black Market])" in market zone "Black Market Trading Zone" (pos=<3195.000000, 118.300003, 7508.859863>).
11:26:16.402 [Market] Player "Vitellius" (id=QOVCOk5flZ8LlxY_vIXEUxFpj4R6rL-wr-TF8_b4xZo=) has sold snafu_ammo_300acc x1 at the trader "BlackMarket (Gabi [Black Market])" in market zone "Black Market Trading Zone" (pos=<3195.000000, 118.300003, 7508.859863>) and got 200.
11:26:16.433 [Market] Player "Vitellius" (id=QOVCOk5flZ8LlxY_vIXEUxFpj4R6rL-wr-TF8_b4xZo=) has send a requested to sell snafu_ammo_300acc x1 at the trader "BlackMarket (Gabi [Black Market])" in market zone "Black Market Trading Zone" (pos=<3195.000000, 118.300003, 7508.859863>).
11:26:16.507 [Market] Player "Vitellius" (id=QOVCOk5flZ8LlxY_vIXEUxFpj4R6rL-wr-TF8_b4xZo=) has sold snafu_ammo_300acc x1 at the trader "BlackMarket (Gabi [Black Market])" in market zone "Black Market Trading Zone" (pos=<3195.000000, 118.300003, 7508.859863>) and got 200.
11:26:16.593 [Market] Player "Vitellius" (id=QOVCOk5flZ8LlxY_vIXEUxFpj4R6rL-wr-TF8_b4xZo=) has send a requested to sell snafu_ammo_300acc x1 at the trader "BlackMarket (Gabi [Black Market])" in market zone "Black Market Trading Zone" (pos=<3195.000000, 118.300003, 7508.859863>).
11:26:16.675 [Market] Player "Vitellius" (id=QOVCOk5flZ8LlxY_vIXEUxFpj4R6rL-wr-TF8_b4xZo=) has sold snafu_ammo_300acc x1 at the trader "BlackMarket (Gabi [Black Market])" in market zone "Black Market Trading Zone" (pos=<3195.000000, 118.300003, 7508.859863>) and got 200.
11:26:16.679 [Market] Player "Vitellius" (id=QOVCOk5flZ8LlxY_vIXEUxFpj4R6rL-wr-TF8_b4xZo=) has send a requested to sell snafu_ammo_300acc x1 at the trader "BlackMarket (Gabi [Black Market])" in market zone "Black Market Trading Zone" (pos=<3195.000000, 118.300003, 7508.859863>).
11:26:16.757 [Market] Player "Vitellius" (id=QOVCOk5flZ8LlxY_vIXEUxFpj4R6rL-wr-TF8_b4xZo=) has sold snafu_ammo_300acc x1 at the trader "BlackMarket (Gabi [Black Market])" in market zone "Black Market Trading Zone" (pos=<3195.000000, 118.300003, 7508.859863>) and got 200.
11:26:16.867 [Market] Player "Vitellius" (id=QOVCOk5flZ8LlxY_vIXEUxFpj4R6rL-wr-TF8_b4xZo=) has send a requested to sell snafu_ammo_300acc x1 at the trader "BlackMarket (Gabi [Black Market])" in market zone "Black Market Trading Zone" (pos=<3195.000000, 118.300003, 7508.859863>).
11:26:16.937 [Market] Player "Vitellius" (id=QOVCOk5flZ8LlxY_vIXEUxFpj4R6rL-wr-TF8_b4xZo=) has sold snafu_ammo_300acc x1 at the trader "BlackMarket (Gabi [Black Market])" in market zone "Black Market Trading Zone" (pos=<3195.000000, 118.300003, 7508.859863>) and got 200.
11:26:16.937 [Market] Player "Vitellius" (id=QOVCOk5flZ8LlxY_vIXEUxFpj4R6rL-wr-TF8_b4xZo=) has send a requested to sell snafu_ammo_300acc x1 at the trader "BlackMarket (Gabi [Black Market])" in market zone "Black Market Trading Zone" (pos=<3195.000000, 118.300003, 7508.859863>).
11:26:17.019 [Market] Player "Vitellius" (id=QOVCOk5flZ8LlxY_vIXEUxFpj4R6rL-wr-TF8_b4xZo=) has sold snafu_ammo_300acc x1 at the trader "BlackMarket (Gabi [Black Market])" in market zone "Black Market Trading Zone" (pos=<3195.000000, 118.300003, 7508.859863>) and got 200.
11:26:17.019 [Market] Player "Vitellius" (id=QOVCOk5flZ8LlxY_vIXEUxFpj4R6rL-wr-TF8_b4xZo=) has send a requested to sell snafu_ammo_300acc x1 at the trader "BlackMarket (Gabi [Black Market])" in market zone "Black Market Trading Zone" (pos=<3195.000000, 118.300003, 7508.859863>).
11:26:17.085 [Market] Player "Vitellius" (id=QOVCOk5flZ8LlxY_vIXEUxFpj4R6rL-wr-TF8_b4xZo=) has sold snafu_ammo_300acc x1 at the trader "BlackMarket (Gabi [Black Market])" in market zone "Black Market Trading Zone" (pos=<3195.000000, 118.300003, 7508.859863>) and got 200.
11:26:17.117 [Market] Player "Vitellius" (id=QOVCOk5flZ8LlxY_vIXEUxFpj4R6rL-wr-TF8_b4xZo=) has send a requested to sell snafu_ammo_300acc x1 at the trader "BlackMarket (Gabi [Black Market])" in market zone "Black Market Trading Zone" (pos=<3195.000000, 118.300003, 7508.859863>).
11:26:17.171 [Market] Player "Vitellius" (id=QOVCOk5flZ8LlxY_vIXEUxFpj4R6rL-wr-TF8_b4xZo=) has sold snafu_ammo_300acc x1 at the trader "BlackMarket (Gabi [Black Market])" in market zone "Black Market Trading Zone" (pos=<3195.000000, 118.300003, 7508.859863>) and got 200.
11:26:17.203 [Market] Player "Vitellius" (id=QOVCOk5flZ8LlxY_vIXEUxFpj4R6rL-wr-TF8_b4xZo=) has send a requested to sell snafu_ammo_300acc x1 at the trader "BlackMarket (Gabi [Black Market])" in market zone "Black Market Trading Zone" (pos=<3195.000000, 118.300003, 7508.859863>).
11:26:17.304 [Market] Player "Vitellius" (id=QOVCOk5flZ8LlxY_vIXEUxFpj4R6rL-wr-TF8_b4xZo=) has sold snafu_ammo_300acc x1 at the trader "BlackMarket (Gabi [Black Market])" in market zone "Black Market Trading Zone" (pos=<3195.000000, 118.300003, 7508.859863>) and got 200.
11:26:17.328 [Market] Player "Vitellius" (id=QOVCOk5flZ8LlxY_vIXEUxFpj4R6rL-wr-TF8_b4xZo=) has send a requested to sell snafu_ammo_300acc x1 at the trader "BlackMarket (Gabi [Black Market])" in market zone "Black Market Trading Zone" (pos=<3195.000000, 118.300003, 7508.859863>).
11:26:17.402 [Market] Player "Vitellius" (id=QOVCOk5flZ8LlxY_vIXEUxFpj4R6rL-wr-TF8_b4xZo=) has sold snafu_ammo_300acc x1 at the trader "BlackMarket (Gabi [Black Market])" in market zone "Black Market Trading Zone" (pos=<3195.000000, 118.300003, 7508.859863>) and got 200.
11:26:17.402 [Market] Player "Vitellius" (id=QOVCOk5flZ8LlxY_vIXEUxFpj4R6rL-wr-TF8_b4xZo=) has send a requested to sell snafu_ammo_300acc x1 at the trader "BlackMarket (Gabi [Black Market])" in market zone "Black Market Trading Zone" (pos=<3195.000000, 118.300003, 7508.859863>).
11:26:17.460 [Market] Player "Vitellius" (id=QOVCOk5flZ8LlxY_vIXEUxFpj4R6rL-wr-TF8_b4xZo=) has sold snafu_ammo_300acc x1 at the trader "BlackMarket (Gabi [Black Market])" in market zone "Black Market Trading Zone" (pos=<3195.000000, 118.300003, 7508.859863>) and got 200.
11:26:17.527 [Market] Player "Vitellius" (id=QOVCOk5flZ8LlxY_vIXEUxFpj4R6rL-wr-TF8_b4xZo=) has send a requested to sell snafu_ammo_300acc x1 at the trader "BlackMarket (Gabi [Black Market])" in market zone "Black Market Trading Zone" (pos=<3195.000000, 118.300003, 7508.859863>).
11:26:17.597 [Market] Player "Vitellius" (id=QOVCOk5flZ8LlxY_vIXEUxFpj4R6rL-wr-TF8_b4xZo=) has sold snafu_ammo_300acc x1 at the trader "BlackMarket (Gabi [Black Market])" in market zone "Black Market Trading Zone" (pos=<3195.000000, 118.300003, 7508.859863>) and got 200.
11:26:17.632 [Market] Player "Vitellius" (id=QOVCOk5flZ8LlxY_vIXEUxFpj4R6rL-wr-TF8_b4xZo=) has send a requested to sell snafu_ammo_300acc x1 at the trader "BlackMarket (Gabi [Black Market])" in market zone "Black Market Trading Zone" (pos=<3195.000000, 118.300003, 7508.859863>).
11:26:17.683 [Market] Player "Vitellius" (id=QOVCOk5flZ8LlxY_vIXEUxFpj4R6rL-wr-TF8_b4xZo=) has sold snafu_ammo_300acc x1 at the trader "BlackMarket (Gabi [Black Market])" in market zone "Black Market Trading Zone" (pos=<3195.000000, 118.300003, 7508.859863>) and got 200.
11:26:17.714 [Market] Player "Vitellius" (id=QOVCOk5flZ8LlxY_vIXEUxFpj4R6rL-wr-TF8_b4xZo=) has send a requested to sell snafu_ammo_300acc x1 at the trader "BlackMarket (Gabi [Black Market])" in market zone "Black Market Trading Zone" (pos=<3195.000000, 118.300003, 7508.859863>).
11:26:17.796 [Market] Player "Vitellius" (id=QOVCOk5flZ8LlxY_vIXEUxFpj4R6rL-wr-TF8_b4xZo=) has sold snafu_ammo_300acc x1 at the trader "BlackMarket (Gabi [Black Market])" in market zone "Black Market Trading Zone" (pos=<3195.000000, 118.300003, 7508.859863>) and got 200.
11:26:17.886 [Market] Player "Vitellius" (id=QOVCOk5flZ8LlxY_vIXEUxFpj4R6rL-wr-TF8_b4xZo=) has send a requested to sell snafu_ammo_300acc x1 at the trader "BlackMarket (Gabi [Black Market])" in market zone "Black Market Trading Zone" (pos=<3195.000000, 118.300003, 7508.859863>).
11:26:17.957 [Market] Player "Vitellius" (id=QOVCOk5flZ8LlxY_vIXEUxFpj4R6rL-wr-TF8_b4xZo=) has sold snafu_ammo_300acc x1 at the trader "BlackMarket (Gabi [Black Market])" in market zone "Black Market Trading Zone" (pos=<3195.000000, 118.300003, 7508.859863>) and got 200.
11:26:17.957 [Market] Player "Vitellius" (id=QOVCOk5flZ8LlxY_vIXEUxFpj4R6rL-wr-TF8_b4xZo=) has send a requested to sell snafu_ammo_300acc x1 at the trader "BlackMarket (Gabi [Black Market])" in market zone "Black Market Trading Zone" (pos=<3195.000000, 118.300003, 7508.859863>).
11:26:18.035 [Market] Player "Vitellius" (id=QOVCOk5flZ8LlxY_vIXEUxFpj4R6rL-wr-TF8_b4xZo=) has sold snafu_ammo_300acc x1 at the trader "BlackMarket (Gabi [Black Market])" in market zone "Black Market Trading Zone" (pos=<3195.000000, 118.300003, 7508.859863>) and got 200.
11:26:18.035 [Market] Player "Vitellius" (id=QOVCOk5flZ8LlxY_vIXEUxFpj4R6rL-wr-TF8_b4xZo=) has send a requested to sell snafu_ammo_300acc x1 at the trader "BlackMarket (Gabi [Black Market])" in market zone "Black Market Trading Zone" (pos=<3195.000000, 118.300003, 7508.859863>).
11:26:18.113 [Market] Player "Vitellius" (id=QOVCOk5flZ8LlxY_vIXEUxFpj4R6rL-wr-TF8_b4xZo=) has sold snafu_ammo_300acc x1 at the trader "BlackMarket (Gabi [Black Market])" in market zone "Black Market Trading Zone" (pos=<3195.000000, 118.300003, 7508.859863>) and got 200.
11:26:18.179 [Market] Player "Vitellius" (id=QOVCOk5flZ8LlxY_vIXEUxFpj4R6rL-wr-TF8_b4xZo=) has send a requested to sell snafu_ammo_300acc x1 at the trader "BlackMarket (Gabi [Black Market])" in market zone "Black Market Trading Zone" (pos=<3195.000000, 118.300003, 7508.859863>).
11:26:18.285 [Market] Player "Vitellius" (id=QOVCOk5flZ8LlxY_vIXEUxFpj4R6rL-wr-TF8_b4xZo=) has send a requested to sell snafu_ammo_300acc x1 at the trader "BlackMarket (Gabi [Black Market])" in market zone "Black Market Trading Zone" (pos=<3195.000000, 118.300003, 7508.859863>).
11:26:18.289 [Market] Player "Vitellius" (id=QOVCOk5flZ8LlxY_vIXEUxFpj4R6rL-wr-TF8_b4xZo=) has sold snafu_ammo_300acc x1 at the trader "BlackMarket (Gabi [Black Market])" in market zone "Black Market Trading Zone" (pos=<3195.000000, 118.300003, 7508.859863>) and got 200.
11:26:18.351 [Market] Player "Vitellius" (id=QOVCOk5flZ8LlxY_vIXEUxFpj4R6rL-wr-TF8_b4xZo=) has send a requested to sell snafu_ammo_300acc x1 at the trader "BlackMarket (Gabi [Black Market])" in market zone "Black Market Trading Zone" (pos=<3195.000000, 118.300003, 7508.859863>).
11:26:18.351 [Market] Player "Vitellius" (id=QOVCOk5flZ8LlxY_vIXEUxFpj4R6rL-wr-TF8_b4xZo=) has sold snafu_ammo_300acc x1 at the trader "BlackMarket (Gabi [Black Market])" in market zone "Black Market Trading Zone" (pos=<3195.000000, 118.300003, 7508.859863>) and got 200.
11:26:18.460 [Market] Player "Vitellius" (id=QOVCOk5flZ8LlxY_vIXEUxFpj4R6rL-wr-TF8_b4xZo=) has send a requested to sell snafu_ammo_300acc x1 at the trader "BlackMarket (Gabi [Black Market])" in market zone "Black Market Trading Zone" (pos=<3195.000000, 118.300003, 7508.859863>).
11:26:18.550 [Market] Player "Vitellius" (id=QOVCOk5flZ8LlxY_vIXEUxFpj4R6rL-wr-TF8_b4xZo=) has sold snafu_ammo_300acc x1 at the trader "BlackMarket (Gabi [Black Market])" in market zone "Black Market Trading Zone" (pos=<3195.000000, 118.300003, 7508.859863>) and got 200.
11:26:18.554 [Market] Player "Vitellius" (id=QOVCOk5flZ8LlxY_vIXEUxFpj4R6rL-wr-TF8_b4xZo=) has send a requested to sell snafu_ammo_300acc x1 at the trader "BlackMarket (Gabi [Black Market])" in market zone "Black Market Trading Zone" (pos=<3195.000000, 118.300003, 7508.859863>).
11:26:18.601 [Market] Player "Vitellius" (id=QOVCOk5flZ8LlxY_vIXEUxFpj4R6rL-wr-TF8_b4xZo=) has sold snafu_ammo_300acc x1 at the trader "BlackMarket (Gabi [Black Market])" in market zone "Black Market Trading Zone" (pos=<3195.000000, 118.300003, 7508.859863>) and got 200.
11:26:18.679 [Market] Player "Vitellius" (id=QOVCOk5flZ8LlxY_vIXEUxFpj4R6rL-wr-TF8_b4xZo=) has send a requested to sell snafu_ammo_300acc x1 at the trader "BlackMarket (Gabi [Black Market])" in market zone "Black Market Trading Zone" (pos=<3195.000000, 118.300003, 7508.859863>).
11:26:18.730 [Market] Player "Vitellius" (id=QOVCOk5flZ8LlxY_vIXEUxFpj4R6rL-wr-TF8_b4xZo=) has sold snafu_ammo_300acc x1 at the trader "BlackMarket (Gabi [Black Market])" in market zone "Black Market Trading Zone" (pos=<3195.000000, 118.300003, 7508.859863>) and got 200.
11:26:18.765 [Market] Player "Vitellius" (id=QOVCOk5flZ8LlxY_vIXEUxFpj4R6rL-wr-TF8_b4xZo=) has send a requested to sell snafu_ammo_300acc x1 at the trader "BlackMarket (Gabi [Black Market])" in market zone "Black Market Trading Zone" (pos=<3195.000000, 118.300003, 7508.859863>).
11:26:18.839 [Market] Player "Vitellius" (id=QOVCOk5flZ8LlxY_vIXEUxFpj4R6rL-wr-TF8_b4xZo=) has sold snafu_ammo_300acc x1 at the trader "BlackMarket (Gabi [Black Market])" in market zone "Black Market Trading Zone" (pos=<3195.000000, 118.300003, 7508.859863>) and got 200.
11:26:18.839 [Market] Player "Vitellius" (id=QOVCOk5flZ8LlxY_vIXEUxFpj4R6rL-wr-TF8_b4xZo=) has send a requested to sell snafu_ammo_300acc x1 at the trader "BlackMarket (Gabi [Black Market])" in market zone "Black Market Trading Zone" (pos=<3195.000000, 118.300003, 7508.859863>).
11:26:18.890 [Market] Player "Vitellius" (id=QOVCOk5flZ8LlxY_vIXEUxFpj4R6rL-wr-TF8_b4xZo=) has sold snafu_ammo_300acc x1 at the trader "BlackMarket (Gabi [Black Market])" in market zone "Black Market Trading Zone" (pos=<3195.000000, 118.300003, 7508.859863>) and got 200.
11:26:19.023 [Market] Player "Vitellius" (id=QOVCOk5flZ8LlxY_vIXEUxFpj4R6rL-wr-TF8_b4xZo=) has send a requested to sell snafu_ammo_300acc x1 at the trader "BlackMarket (Gabi [Black Market])" in market zone "Black Market Trading Zone" (pos=<3195.000000, 118.300003, 7508.859863>).
11:26:19.058 [Market] Player "Vitellius" (id=QOVCOk5flZ8LlxY_vIXEUxFpj4R6rL-wr-TF8_b4xZo=) has sold snafu_ammo_300acc x1 at the trader "BlackMarket (Gabi [Black Market])" in market zone "Black Market Trading Zone" (pos=<3195.000000, 118.300003, 7508.859863>) and got 200.
11:26:19.105 [Market] Player "Vitellius" (id=QOVCOk5flZ8LlxY_vIXEUxFpj4R6rL-wr-TF8_b4xZo=) has send a requested to sell snafu_ammo_300acc x1 at the trader "BlackMarket (Gabi [Black Market])" in market zone "Black Market Trading Zone" (pos=<3195.000000, 118.300003, 7508.859863>).
11:26:19.222 [Market] Player "Vitellius" (id=QOVCOk5flZ8LlxY_vIXEUxFpj4R6rL-wr-TF8_b4xZo=) has sold snafu_ammo_300acc x1 at the trader "BlackMarket (Gabi [Black Market])" in market zone "Black Market Trading Zone" (pos=<3195.000000, 118.300003, 7508.859863>) and got 200.
11:26:19.226 [Market] Player "Vitellius" (id=QOVCOk5flZ8LlxY_vIXEUxFpj4R6rL-wr-TF8_b4xZo=) has send a requested to sell snafu_ammo_300acc x1 at the trader "BlackMarket (Gabi [Black Market])" in market zone "Black Market Trading Zone" (pos=<3195.000000, 118.300003, 7508.859863>).
11:26:19.285 [Market] Player "Vitellius" (id=QOVCOk5flZ8LlxY_vIXEUxFpj4R6rL-wr-TF8_b4xZo=) has sold snafu_ammo_300acc x1 at the trader "BlackMarket (Gabi [Black Market])" in market zone "Black Market Trading Zone" (pos=<3195.000000, 118.300003, 7508.859863>) and got 200.
11:26:19.285 [Market] Player "Vitellius" (id=QOVCOk5flZ8LlxY_vIXEUxFpj4R6rL-wr-TF8_b4xZo=) has send a requested to sell snafu_ammo_300acc x1 at the trader "BlackMarket (Gabi [Black Market])" in market zone "Black Market Trading Zone" (pos=<3195.000000, 118.300003, 7508.859863>).
11:26:19.375 [Market] Player "Vitellius" (id=QOVCOk5flZ8LlxY_vIXEUxFpj4R6rL-wr-TF8_b4xZo=) has sold snafu_ammo_300acc x1 at the trader "BlackMarket (Gabi [Black Market])" in market zone "Black Market Trading Zone" (pos=<3195.000000, 118.300003, 7508.859863>) and got 200.
11:26:19.402 [Market] Player "Vitellius" (id=QOVCOk5flZ8LlxY_vIXEUxFpj4R6rL-wr-TF8_b4xZo=) has send a requested to sell snafu_ammo_300acc x1 at the trader "BlackMarket (Gabi [Black Market])" in market zone "Black Market Trading Zone" (pos=<3195.000000, 118.300003, 7508.859863>).
11:26:19.484 [Market] Player "Vitellius" (id=QOVCOk5flZ8LlxY_vIXEUxFpj4R6rL-wr-TF8_b4xZo=) has sold snafu_ammo_300acc x1 at the trader "BlackMarket (Gabi [Black Market])" in market zone "Black Market Trading Zone" (pos=<3195.000000, 118.300003, 7508.859863>) and got 200.
11:26:19.484 [Market] Player "Vitellius" (id=QOVCOk5flZ8LlxY_vIXEUxFpj4R6rL-wr-TF8_b4xZo=) has send a requested to sell snafu_ammo_300acc x1 at the trader "BlackMarket (Gabi [Black Market])" in market zone "Black Market Trading Zone" (pos=<3195.000000, 118.300003, 7508.859863>).
11:26:19.582 [Market] Player "Vitellius" (id=QOVCOk5flZ8LlxY_vIXEUxFpj4R6rL-wr-TF8_b4xZo=) has sold snafu_ammo_300acc x1 at the trader "BlackMarket (Gabi [Black Market])" in market zone "Black Market Trading Zone" (pos=<3195.000000, 118.300003, 7508.859863>) and got 200.
11:26:19.582 [Market] Player "Vitellius" (id=QOVCOk5flZ8LlxY_vIXEUxFpj4R6rL-wr-TF8_b4xZo=) has send a requested to sell snafu_ammo_300acc x1 at the trader "BlackMarket (Gabi [Black Market])" in market zone "Black Market Trading Zone" (pos=<3195.000000, 118.300003, 7508.859863>).
11:26:19.671 [Market] Player "Vitellius" (id=QOVCOk5flZ8LlxY_vIXEUxFpj4R6rL-wr-TF8_b4xZo=) has sold snafu_ammo_300acc x1 at the trader "BlackMarket (Gabi [Black Market])" in market zone "Black Market Trading Zone" (pos=<3195.000000, 118.300003, 7508.859863>) and got 200.
11:26:19.671 [Market] Player "Vitellius" (id=QOVCOk5flZ8LlxY_vIXEUxFpj4R6rL-wr-TF8_b4xZo=) has send a requested to sell snafu_ammo_300acc x1 at the trader "BlackMarket (Gabi [Black Market])" in market zone "Black Market Trading Zone" (pos=<3195.000000, 118.300003, 7508.859863>).
11:26:19.726 [Market] Player "Vitellius" (id=QOVCOk5flZ8LlxY_vIXEUxFpj4R6rL-wr-TF8_b4xZo=) has sold snafu_ammo_300acc x1 at the trader "BlackMarket (Gabi [Black Market])" in market zone "Black Market Trading Zone" (pos=<3195.000000, 118.300003, 7508.859863>) and got 200.
11:26:19.859 [Market] Player "Vitellius" (id=QOVCOk5flZ8LlxY_vIXEUxFpj4R6rL-wr-TF8_b4xZo=) has send a requested to sell snafu_ammo_300acc x1 at the trader "BlackMarket (Gabi [Black Market])" in market zone "Black Market Trading Zone" (pos=<3195.000000, 118.300003, 7508.859863>).
11:26:19.890 [Market] Player "Vitellius" (id=QOVCOk5flZ8LlxY_vIXEUxFpj4R6rL-wr-TF8_b4xZo=) has send a requested to sell snafu_ammo_300acc x1 at the trader "BlackMarket (Gabi [Black Market])" in market zone "Black Market Trading Zone" (pos=<3195.000000, 118.300003, 7508.859863>).
11:26:19.929 [Market] Player "Vitellius" (id=QOVCOk5flZ8LlxY_vIXEUxFpj4R6rL-wr-TF8_b4xZo=) has sold snafu_ammo_300acc x1 at the trader "BlackMarket (Gabi [Black Market])" in market zone "Black Market Trading Zone" (pos=<3195.000000, 118.300003, 7508.859863>) and got 200.
11:26:20.050 [Market] Player "Vitellius" (id=QOVCOk5flZ8LlxY_vIXEUxFpj4R6rL-wr-TF8_b4xZo=) has send a requested to sell snafu_ammo_300acc x1 at the trader "BlackMarket (Gabi [Black Market])" in market zone "Black Market Trading Zone" (pos=<3195.000000, 118.300003, 7508.859863>).
11:26:20.105 [Market] Player "Vitellius" (id=QOVCOk5flZ8LlxY_vIXEUxFpj4R6rL-wr-TF8_b4xZo=) has send a requested to sell snafu_ammo_300acc x1 at the trader "BlackMarket (Gabi [Black Market])" in market zone "Black Market Trading Zone" (pos=<3195.000000, 118.300003, 7508.859863>).
11:26:20.136 [Market] Player "Vitellius" (id=QOVCOk5flZ8LlxY_vIXEUxFpj4R6rL-wr-TF8_b4xZo=) has sold snafu_ammo_300acc x1 at the trader "BlackMarket (Gabi [Black Market])" in market zone "Black Market Trading Zone" (pos=<3195.000000, 118.300003, 7508.859863>) and got 200.
11:26:20.226 [Market] Player "Vitellius" (id=QOVCOk5flZ8LlxY_vIXEUxFpj4R6rL-wr-TF8_b4xZo=) has send a requested to sell snafu_ammo_300acc x1 at the trader "BlackMarket (Gabi [Black Market])" in market zone "Black Market Trading Zone" (pos=<3195.000000, 118.300003, 7508.859863>).
11:26:20.367 [Market] Player "Vitellius" (id=QOVCOk5flZ8LlxY_vIXEUxFpj4R6rL-wr-TF8_b4xZo=) has sold snafu_ammo_300acc x1 at the trader "BlackMarket (Gabi [Black Market])" in market zone "Black Market Trading Zone" (pos=<3195.000000, 118.300003, 7508.859863>) and got 200.
11:26:20.367 [Market] Player "Vitellius" (id=QOVCOk5flZ8LlxY_vIXEUxFpj4R6rL-wr-TF8_b4xZo=) has send a requested to sell snafu_ammo_300acc x1 at the trader "BlackMarket (Gabi [Black Market])" in market zone "Black Market Trading Zone" (pos=<3195.000000, 118.300003, 7508.859863>).
11:26:20.453 [Market] Player "Vitellius" (id=QOVCOk5flZ8LlxY_vIXEUxFpj4R6rL-wr-TF8_b4xZo=) has sold snafu_ammo_300acc x1 at the trader "BlackMarket (Gabi [Black Market])" in market zone "Black Market Trading Zone" (pos=<3195.000000, 118.300003, 7508.859863>) and got 200.
11:26:20.453 [Market] Player "Vitellius" (id=QOVCOk5flZ8LlxY_vIXEUxFpj4R6rL-wr-TF8_b4xZo=) has send a requested to sell snafu_ammo_300acc x1 at the trader "BlackMarket (Gabi [Black Market])" in market zone "Black Market Trading Zone" (pos=<3195.000000, 118.300003, 7508.859863>).
11:26:20.523 [Market] Player "Vitellius" (id=QOVCOk5flZ8LlxY_vIXEUxFpj4R6rL-wr-TF8_b4xZo=) has sold snafu_ammo_300acc x1 at the trader "BlackMarket (Gabi [Black Market])" in market zone "Black Market Trading Zone" (pos=<3195.000000, 118.300003, 7508.859863>) and got 200.
11:26:20.671 [Market] Player "Vitellius" (id=QOVCOk5flZ8LlxY_vIXEUxFpj4R6rL-wr-TF8_b4xZo=) has send a requested to sell snafu_ammo_300acc x1 at the trader "BlackMarket (Gabi [Black Market])" in market zone "Black Market Trading Zone" (pos=<3195.000000, 118.300003, 7508.859863>).
11:26:20.750 [Market] Player "Vitellius" (id=QOVCOk5flZ8LlxY_vIXEUxFpj4R6rL-wr-TF8_b4xZo=) has sold snafu_ammo_300acc x1 at the trader "BlackMarket (Gabi [Black Market])" in market zone "Black Market Trading Zone" (pos=<3195.000000, 118.300003, 7508.859863>) and got 200.
11:26:20.753 [Market] Player "Vitellius" (id=QOVCOk5flZ8LlxY_vIXEUxFpj4R6rL-wr-TF8_b4xZo=) has send a requested to sell snafu_ammo_300acc x1 at the trader "BlackMarket (Gabi [Black Market])" in market zone "Black Market Trading Zone" (pos=<3195.000000, 118.300003, 7508.859863>).
11:26:20.800 [Market] Player "Vitellius" (id=QOVCOk5flZ8LlxY_vIXEUxFpj4R6rL-wr-TF8_b4xZo=) has sold snafu_ammo_300acc x1 at the trader "BlackMarket (Gabi [Black Market])" in market zone "Black Market Trading Zone" (pos=<3195.000000, 118.300003, 7508.859863>) and got 200.
11:26:20.878 [Market] Player "Vitellius" (id=QOVCOk5flZ8LlxY_vIXEUxFpj4R6rL-wr-TF8_b4xZo=) has send a requested to sell snafu_ammo_300acc x1 at the trader "BlackMarket (Gabi [Black Market])" in market zone "Black Market Trading Zone" (pos=<3195.000000, 118.300003, 7508.859863>).
11:26:20.960 [Market] Player "Vitellius" (id=QOVCOk5flZ8LlxY_vIXEUxFpj4R6rL-wr-TF8_b4xZo=) has sold snafu_ammo_300acc x1 at the trader "BlackMarket (Gabi [Black Market])" in market zone "Black Market Trading Zone" (pos=<3195.000000, 118.300003, 7508.859863>) and got 200.
11:26:20.960 [Market] Player "Vitellius" (id=QOVCOk5flZ8LlxY_vIXEUxFpj4R6rL-wr-TF8_b4xZo=) has send a requested to sell snafu_ammo_300acc x1 at the trader "BlackMarket (Gabi [Black Market])" in market zone "Black Market Trading Zone" (pos=<3195.000000, 118.300003, 7508.859863>).
11:26:20.996 [Market] Player "Vitellius" (id=QOVCOk5flZ8LlxY_vIXEUxFpj4R6rL-wr-TF8_b4xZo=) has sold snafu_ammo_300acc x1 at the trader "BlackMarket (Gabi [Black Market])" in market zone "Black Market Trading Zone" (pos=<3195.000000, 118.300003, 7508.859863>) and got 200.
11:26:21.078 [Market] Player "Vitellius" (id=QOVCOk5flZ8LlxY_vIXEUxFpj4R6rL-wr-TF8_b4xZo=) has send a requested to sell snafu_ammo_300acc x1 at the trader "BlackMarket (Gabi [Black Market])" in market zone "Black Market Trading Zone" (pos=<3195.000000, 118.300003, 7508.859863>).
11:26:21.132 [Market] Player "Vitellius" (id=QOVCOk5flZ8LlxY_vIXEUxFpj4R6rL-wr-TF8_b4xZo=) has sold snafu_ammo_300acc x1 at the trader "BlackMarket (Gabi [Black Market])" in market zone "Black Market Trading Zone" (pos=<3195.000000, 118.300003, 7508.859863>) and got 200.
11:26:21.167 [Market] Player "Vitellius" (id=QOVCOk5flZ8LlxY_vIXEUxFpj4R6rL-wr-TF8_b4xZo=) has send a requested to sell snafu_ammo_300acc x1 at the trader "BlackMarket (Gabi [Black Market])" in market zone "Black Market Trading Zone" (pos=<3195.000000, 118.300003, 7508.859863>).
11:26:21.242 [Market] Player "Vitellius" (id=QOVCOk5flZ8LlxY_vIXEUxFpj4R6rL-wr-TF8_b4xZo=) has sold snafu_ammo_300acc x1 at the trader "BlackMarket (Gabi [Black Market])" in market zone "Black Market Trading Zone" (pos=<3195.000000, 118.300003, 7508.859863>) and got 200.
11:26:21.320 [Market] Player "Vitellius" (id=QOVCOk5flZ8LlxY_vIXEUxFpj4R6rL-wr-TF8_b4xZo=) has send a requested to sell snafu_ammo_300acc x1 at the trader "BlackMarket (Gabi [Black Market])" in market zone "Black Market Trading Zone" (pos=<3195.000000, 118.300003, 7508.859863>).
11:26:21.421 [Market] Player "Vitellius" (id=QOVCOk5flZ8LlxY_vIXEUxFpj4R6rL-wr-TF8_b4xZo=) has sold snafu_ammo_300acc x1 at the trader "BlackMarket (Gabi [Black Market])" in market zone "Black Market Trading Zone" (pos=<3195.000000, 118.300003, 7508.859863>) and got 200.
11:26:21.421 [Market] Player "Vitellius" (id=QOVCOk5flZ8LlxY_vIXEUxFpj4R6rL-wr-TF8_b4xZo=) has send a requested to sell snafu_ammo_300acc x1 at the trader "BlackMarket (Gabi [Black Market])" in market zone "Black Market Trading Zone" (pos=<3195.000000, 118.300003, 7508.859863>).
11:26:21.496 [Market] Player "Vitellius" (id=QOVCOk5flZ8LlxY_vIXEUxFpj4R6rL-wr-TF8_b4xZo=) has sold snafu_ammo_300acc x1 at the trader "BlackMarket (Gabi [Black Market])" in market zone "Black Market Trading Zone" (pos=<3195.000000, 118.300003, 7508.859863>) and got 200.
11:26:21.496 [Market] Player "Vitellius" (id=QOVCOk5flZ8LlxY_vIXEUxFpj4R6rL-wr-TF8_b4xZo=) has send a requested to sell snafu_ammo_300acc x1 at the trader "BlackMarket (Gabi [Black Market])" in market zone "Black Market Trading Zone" (pos=<3195.000000, 118.300003, 7508.859863>).
11:26:21.558 [Market] Player "Vitellius" (id=QOVCOk5flZ8LlxY_vIXEUxFpj4R6rL-wr-TF8_b4xZo=) has sold snafu_ammo_300acc x1 at the trader "BlackMarket (Gabi [Black Market])" in market zone "Black Market Trading Zone" (pos=<3195.000000, 118.300003, 7508.859863>) and got 200.
11:26:21.640 [Market] Player "Vitellius" (id=QOVCOk5flZ8LlxY_vIXEUxFpj4R6rL-wr-TF8_b4xZo=) has send a requested to sell snafu_ammo_300acc x1 at the trader "BlackMarket (Gabi [Black Market])" in market zone "Black Market Trading Zone" (pos=<3195.000000, 118.300003, 7508.859863>).
11:26:21.742 [Market] Player "Vitellius" (id=QOVCOk5flZ8LlxY_vIXEUxFpj4R6rL-wr-TF8_b4xZo=) has sold snafu_ammo_300acc x1 at the trader "BlackMarket (Gabi [Black Market])" in market zone "Black Market Trading Zone" (pos=<3195.000000, 118.300003, 7508.859863>) and got 200.
11:26:21.742 [Market] Player "Vitellius" (id=QOVCOk5flZ8LlxY_vIXEUxFpj4R6rL-wr-TF8_b4xZo=) has send a requested to sell snafu_ammo_300acc x1 at the trader "BlackMarket (Gabi [Black Market])" in market zone "Black Market Trading Zone" (pos=<3195.000000, 118.300003, 7508.859863>).
11:26:21.812 [Market] Player "Vitellius" (id=QOVCOk5flZ8LlxY_vIXEUxFpj4R6rL-wr-TF8_b4xZo=) has sold snafu_ammo_300acc x1 at the trader "BlackMarket (Gabi [Black Market])" in market zone "Black Market Trading Zone" (pos=<3195.000000, 118.300003, 7508.859863>) and got 200.
11:26:21.812 [Market] Player "Vitellius" (id=QOVCOk5flZ8LlxY_vIXEUxFpj4R6rL-wr-TF8_b4xZo=) has send a requested to sell snafu_ammo_300acc x1 at the trader "BlackMarket (Gabi [Black Market])" in market zone "Black Market Trading Zone" (pos=<3195.000000, 118.300003, 7508.859863>).
11:26:21.882 [Market] Player "Vitellius" (id=QOVCOk5flZ8LlxY_vIXEUxFpj4R6rL-wr-TF8_b4xZo=) has sold snafu_ammo_300acc x1 at the trader "BlackMarket (Gabi [Black Market])" in market zone "Black Market Trading Zone" (pos=<3195.000000, 118.300003, 7508.859863>) and got 200.
11:26:21.964 [Market] Player "Vitellius" (id=QOVCOk5flZ8LlxY_vIXEUxFpj4R6rL-wr-TF8_b4xZo=) has send a requested to sell snafu_ammo_300acc x1 at the trader "BlackMarket (Gabi [Black Market])" in market zone "Black Market Trading Zone" (pos=<3195.000000, 118.300003, 7508.859863>).
11:26:21.996 [Market] Player "Vitellius" (id=QOVCOk5flZ8LlxY_vIXEUxFpj4R6rL-wr-TF8_b4xZo=) has send a requested to sell snafu_ammo_300acc x1 at the trader "BlackMarket (Gabi [Black Market])" in market zone "Black Market Trading Zone" (pos=<3195.000000, 118.300003, 7508.859863>).
11:26:22.042 [Market] Player "Vitellius" (id=QOVCOk5flZ8LlxY_vIXEUxFpj4R6rL-wr-TF8_b4xZo=) has sold snafu_ammo_300acc x1 at the trader "BlackMarket (Gabi [Black Market])" in market zone "Black Market Trading Zone" (pos=<3195.000000, 118.300003, 7508.859863>) and got 200.
11:26:22.128 [Market] Player "Vitellius" (id=QOVCOk5flZ8LlxY_vIXEUxFpj4R6rL-wr-TF8_b4xZo=) has send a requested to sell snafu_ammo_300acc x1 at the trader "BlackMarket (Gabi [Black Market])" in market zone "Black Market Trading Zone" (pos=<3195.000000, 118.300003, 7508.859863>).
11:26:22.257 [Market] Player "Vitellius" (id=QOVCOk5flZ8LlxY_vIXEUxFpj4R6rL-wr-TF8_b4xZo=) has sold snafu_ammo_300acc x1 at the trader "BlackMarket (Gabi [Black Market])" in market zone "Black Market Trading Zone" (pos=<3195.000000, 118.300003, 7508.859863>) and got 200.
11:26:22.257 [Market] Player "Vitellius" (id=QOVCOk5flZ8LlxY_vIXEUxFpj4R6rL-wr-TF8_b4xZo=) has send a requested to sell snafu_ammo_300acc x1 at the trader "BlackMarket (Gabi [Black Market])" in market zone "Black Market Trading Zone" (pos=<3195.000000, 118.300003, 7508.859863>).
11:26:22.296 [Market] Player "Vitellius" (id=QOVCOk5flZ8LlxY_vIXEUxFpj4R6rL-wr-TF8_b4xZo=) has sold snafu_ammo_300acc x1 at the trader "BlackMarket (Gabi [Black Market])" in market zone "Black Market Trading Zone" (pos=<3195.000000, 118.300003, 7508.859863>) and got 200.
11:26:22.351 [Market] Player "Vitellius" (id=QOVCOk5flZ8LlxY_vIXEUxFpj4R6rL-wr-TF8_b4xZo=) has send a requested to sell snafu_ammo_300acc x1 at the trader "BlackMarket (Gabi [Black Market])" in market zone "Black Market Trading Zone" (pos=<3195.000000, 118.300003, 7508.859863>).
11:26:22.417 [Market] Player "Vitellius" (id=QOVCOk5flZ8LlxY_vIXEUxFpj4R6rL-wr-TF8_b4xZo=) has sold snafu_ammo_300acc x1 at the trader "BlackMarket (Gabi [Black Market])" in market zone "Black Market Trading Zone" (pos=<3195.000000, 118.300003, 7508.859863>) and got 200.
11:26:22.421 [Market] Player "Vitellius" (id=QOVCOk5flZ8LlxY_vIXEUxFpj4R6rL-wr-TF8_b4xZo=) has send a requested to sell snafu_ammo_300acc x1 at the trader "BlackMarket (Gabi [Black Market])" in market zone "Black Market Trading Zone" (pos=<3195.000000, 118.300003, 7508.859863>).
11:26:22.464 [Market] Player "Vitellius" (id=QOVCOk5flZ8LlxY_vIXEUxFpj4R6rL-wr-TF8_b4xZo=) has sold snafu_ammo_300acc x1 at the trader "BlackMarket (Gabi [Black Market])" in market zone "Black Market Trading Zone" (pos=<3195.000000, 118.300003, 7508.859863>) and got 200.
11:26:22.554 [Market] Player "Vitellius" (id=QOVCOk5flZ8LlxY_vIXEUxFpj4R6rL-wr-TF8_b4xZo=) has send a requested to sell snafu_ammo_300acc x1 at the trader "BlackMarket (Gabi [Black Market])" in market zone "Black Market Trading Zone" (pos=<3195.000000, 118.300003, 7508.859863>).
11:26:22.605 [Market] Player "Vitellius" (id=QOVCOk5flZ8LlxY_vIXEUxFpj4R6rL-wr-TF8_b4xZo=) has sold snafu_ammo_300acc x1 at the trader "BlackMarket (Gabi [Black Market])" in market zone "Black Market Trading Zone" (pos=<3195.000000, 118.300003, 7508.859863>) and got 200.
11:26:22.648 [Market] Player "Vitellius" (id=QOVCOk5flZ8LlxY_vIXEUxFpj4R6rL-wr-TF8_b4xZo=) has send a requested to sell snafu_ammo_300acc x1 at the trader "BlackMarket (Gabi [Black Market])" in market zone "Black Market Trading Zone" (pos=<3195.000000, 118.300003, 7508.859863>).
11:26:22.738 [Market] Player "Vitellius" (id=QOVCOk5flZ8LlxY_vIXEUxFpj4R6rL-wr-TF8_b4xZo=) has sold snafu_ammo_300acc x1 at the trader "BlackMarket (Gabi [Black Market])" in market zone "Black Market Trading Zone" (pos=<3195.000000, 118.300003, 7508.859863>) and got 200.
11:26:22.781 [Market] Player "Vitellius" (id=QOVCOk5flZ8LlxY_vIXEUxFpj4R6rL-wr-TF8_b4xZo=) has send a requested to sell snafu_ammo_300acc x1 at the trader "BlackMarket (Gabi [Black Market])" in market zone "Black Market Trading Zone" (pos=<3195.000000, 118.300003, 7508.859863>).
11:26:22.867 [Market] Player "Vitellius" (id=QOVCOk5flZ8LlxY_vIXEUxFpj4R6rL-wr-TF8_b4xZo=) has sold snafu_ammo_300acc x1 at the trader "BlackMarket (Gabi [Black Market])" in market zone "Black Market Trading Zone" (pos=<3195.000000, 118.300003, 7508.859863>) and got 200.
11:26:22.867 [Market] Player "Vitellius" (id=QOVCOk5flZ8LlxY_vIXEUxFpj4R6rL-wr-TF8_b4xZo=) has send a requested to sell snafu_ammo_300acc x1 at the trader "BlackMarket (Gabi [Black Market])" in market zone "Black Market Trading Zone" (pos=<3195.000000, 118.300003, 7508.859863>).
11:26:22.925 [Market] Player "Vitellius" (id=QOVCOk5flZ8LlxY_vIXEUxFpj4R6rL-wr-TF8_b4xZo=) has sold snafu_ammo_300acc x1 at the trader "BlackMarket (Gabi [Black Market])" in market zone "Black Market Trading Zone" (pos=<3195.000000, 118.300003, 7508.859863>) and got 200.
11:26:23.007 [Market] Player "Vitellius" (id=QOVCOk5flZ8LlxY_vIXEUxFpj4R6rL-wr-TF8_b4xZo=) has send a requested to sell snafu_ammo_300acc x1 at the trader "BlackMarket (Gabi [Black Market])" in market zone "Black Market Trading Zone" (pos=<3195.000000, 118.300003, 7508.859863>).
11:26:23.085 [Market] Player "Vitellius" (id=QOVCOk5flZ8LlxY_vIXEUxFpj4R6rL-wr-TF8_b4xZo=) has sold snafu_ammo_300acc x1 at the trader "BlackMarket (Gabi [Black Market])" in market zone "Black Market Trading Zone" (pos=<3195.000000, 118.300003, 7508.859863>) and got 200.
11:26:23.089 [Market] Player "Vitellius" (id=QOVCOk5flZ8LlxY_vIXEUxFpj4R6rL-wr-TF8_b4xZo=) has send a requested to sell snafu_ammo_300acc x1 at the trader "BlackMarket (Gabi [Black Market])" in market zone "Black Market Trading Zone" (pos=<3195.000000, 118.300003, 7508.859863>).
11:26:23.171 [Market] Player "Vitellius" (id=QOVCOk5flZ8LlxY_vIXEUxFpj4R6rL-wr-TF8_b4xZo=) has sold snafu_ammo_300acc x1 at the trader "BlackMarket (Gabi [Black Market])" in market zone "Black Market Trading Zone" (pos=<3195.000000, 118.300003, 7508.859863>) and got 200.
11:26:23.195 [Market] Player "Vitellius" (id=QOVCOk5flZ8LlxY_vIXEUxFpj4R6rL-wr-TF8_b4xZo=) has send a requested to sell snafu_ammo_300acc x1 at the trader "BlackMarket (Gabi [Black Market])" in market zone "Black Market Trading Zone" (pos=<3195.000000, 118.300003, 7508.859863>).
11:26:23.253 [Market] Player "Vitellius" (id=QOVCOk5flZ8LlxY_vIXEUxFpj4R6rL-wr-TF8_b4xZo=) has sold snafu_ammo_300acc x1 at the trader "BlackMarket (Gabi [Black Market])" in market zone "Black Market Trading Zone" (pos=<3195.000000, 118.300003, 7508.859863>) and got 200.
11:26:23.285 [Market] Player "Vitellius" (id=QOVCOk5flZ8LlxY_vIXEUxFpj4R6rL-wr-TF8_b4xZo=) has send a requested to sell snafu_ammo_300acc x1 at the trader "BlackMarket (Gabi [Black Market])" in market zone "Black Market Trading Zone" (pos=<3195.000000, 118.300003, 7508.859863>).
11:26:23.339 [Market] Player "Vitellius" (id=QOVCOk5flZ8LlxY_vIXEUxFpj4R6rL-wr-TF8_b4xZo=) has sold snafu_ammo_300acc x1 at the trader "BlackMarket (Gabi [Black Market])" in market zone "Black Market Trading Zone" (pos=<3195.000000, 118.300003, 7508.859863>) and got 200.
11:26:23.433 [Market] Player "Vitellius" (id=QOVCOk5flZ8LlxY_vIXEUxFpj4R6rL-wr-TF8_b4xZo=) has send a requested to sell snafu_ammo_300acc x1 at the trader "BlackMarket (Gabi [Black Market])" in market zone "Black Market Trading Zone" (pos=<3195.000000, 118.300003, 7508.859863>).
11:26:23.527 [Market] Player "Vitellius" (id=QOVCOk5flZ8LlxY_vIXEUxFpj4R6rL-wr-TF8_b4xZo=) has sold snafu_ammo_300acc x1 at the trader "BlackMarket (Gabi [Black Market])" in market zone "Black Market Trading Zone" (pos=<3195.000000, 118.300003, 7508.859863>) and got 200.
11:26:23.527 [Market] Player "Vitellius" (id=QOVCOk5flZ8LlxY_vIXEUxFpj4R6rL-wr-TF8_b4xZo=) has send a requested to sell snafu_ammo_300acc x1 at the trader "BlackMarket (Gabi [Black Market])" in market zone "Black Market Trading Zone" (pos=<3195.000000, 118.300003, 7508.859863>).
11:26:23.617 [Market] Player "Vitellius" (id=QOVCOk5flZ8LlxY_vIXEUxFpj4R6rL-wr-TF8_b4xZo=) has sold snafu_ammo_300acc x1 at the trader "BlackMarket (Gabi [Black Market])" in market zone "Black Market Trading Zone" (pos=<3195.000000, 118.300003, 7508.859863>) and got 200.
11:26:23.617 [Market] Player "Vitellius" (id=QOVCOk5flZ8LlxY_vIXEUxFpj4R6rL-wr-TF8_b4xZo=) has send a requested to sell snafu_ammo_300acc x1 at the trader "BlackMarket (Gabi [Black Market])" in market zone "Black Market Trading Zone" (pos=<3195.000000, 118.300003, 7508.859863>).
11:26:23.714 [Market] Player "Vitellius" (id=QOVCOk5flZ8LlxY_vIXEUxFpj4R6rL-wr-TF8_b4xZo=) has sold snafu_ammo_300acc x1 at the trader "BlackMarket (Gabi [Black Market])" in market zone "Black Market Trading Zone" (pos=<3195.000000, 118.300003, 7508.859863>) and got 200.
11:26:23.718 [Market] Player "Vitellius" (id=QOVCOk5flZ8LlxY_vIXEUxFpj4R6rL-wr-TF8_b4xZo=) has send a requested to sell snafu_ammo_300acc x1 at the trader "BlackMarket (Gabi [Black Market])" in market zone "Black Market Trading Zone" (pos=<3195.000000, 118.300003, 7508.859863>).
11:26:23.796 [Market] Player "Vitellius" (id=QOVCOk5flZ8LlxY_vIXEUxFpj4R6rL-wr-TF8_b4xZo=) has sold snafu_ammo_300acc x1 at the trader "BlackMarket (Gabi [Black Market])" in market zone "Black Market Trading Zone" (pos=<3195.000000, 118.300003, 7508.859863>) and got 200.
11:26:23.843 [Market] Player "Vitellius" (id=QOVCOk5flZ8LlxY_vIXEUxFpj4R6rL-wr-TF8_b4xZo=) has send a requested to sell snafu_ammo_300acc x1 at the trader "BlackMarket (Gabi [Black Market])" in market zone "Black Market Trading Zone" (pos=<3195.000000, 118.300003, 7508.859863>).
11:26:23.902 [Market] Player "Vitellius" (id=QOVCOk5flZ8LlxY_vIXEUxFpj4R6rL-wr-TF8_b4xZo=) has sold snafu_ammo_300acc x1 at the trader "BlackMarket (Gabi [Black Market])" in market zone "Black Market Trading Zone" (pos=<3195.000000, 118.300003, 7508.859863>) and got 200.
11:26:23.933 [Market] Player "Vitellius" (id=QOVCOk5flZ8LlxY_vIXEUxFpj4R6rL-wr-TF8_b4xZo=) has send a requested to sell snafu_ammo_300acc x1 at the trader "BlackMarket (Gabi [Black Market])" in market zone "Black Market Trading Zone" (pos=<3195.000000, 118.300003, 7508.859863>).
11:26:24.003 [Market] Player "Vitellius" (id=QOVCOk5flZ8LlxY_vIXEUxFpj4R6rL-wr-TF8_b4xZo=) has sold snafu_ammo_300acc x1 at the trader "BlackMarket (Gabi [Black Market])" in market zone "Black Market Trading Zone" (pos=<3195.000000, 118.300003, 7508.859863>) and got 200.
11:26:24.042 [Market] Player "Vitellius" (id=QOVCOk5flZ8LlxY_vIXEUxFpj4R6rL-wr-TF8_b4xZo=) has send a requested to sell snafu_ammo_300acc x1 at the trader "BlackMarket (Gabi [Black Market])" in market zone "Black Market Trading Zone" (pos=<3195.000000, 118.300003, 7508.859863>).
11:26:24.109 [Market] Player "Vitellius" (id=QOVCOk5flZ8LlxY_vIXEUxFpj4R6rL-wr-TF8_b4xZo=) has sold snafu_ammo_300acc x1 at the trader "BlackMarket (Gabi [Black Market])" in market zone "Black Market Trading Zone" (pos=<3195.000000, 118.300003, 7508.859863>) and got 200.
11:26:24.144 [Market] Player "Vitellius" (id=QOVCOk5flZ8LlxY_vIXEUxFpj4R6rL-wr-TF8_b4xZo=) has send a requested to sell snafu_ammo_300acc x1 at the trader "BlackMarket (Gabi [Black Market])" in market zone "Black Market Trading Zone" (pos=<3195.000000, 118.300003, 7508.859863>).
11:26:24.210 [Market] Player "Vitellius" (id=QOVCOk5flZ8LlxY_vIXEUxFpj4R6rL-wr-TF8_b4xZo=) has sold snafu_ammo_300acc x1 at the trader "BlackMarket (Gabi [Black Market])" in market zone "Black Market Trading Zone" (pos=<3195.000000, 118.300003, 7508.859863>) and got 200.
11:26:24.246 [Market] Player "Vitellius" (id=QOVCOk5flZ8LlxY_vIXEUxFpj4R6rL-wr-TF8_b4xZo=) has send a requested to sell snafu_ammo_300acc x1 at the trader "BlackMarket (Gabi [Black Market])" in market zone "Black Market Trading Zone" (pos=<3195.000000, 118.300003, 7508.859863>).
11:26:24.308 [Market] Player "Vitellius" (id=QOVCOk5flZ8LlxY_vIXEUxFpj4R6rL-wr-TF8_b4xZo=) has sold snafu_ammo_300acc x1 at the trader "BlackMarket (Gabi [Black Market])" in market zone "Black Market Trading Zone" (pos=<3195.000000, 118.300003, 7508.859863>) and got 200.
11:26:24.335 [Market] Player "Vitellius" (id=QOVCOk5flZ8LlxY_vIXEUxFpj4R6rL-wr-TF8_b4xZo=) has send a requested to sell snafu_ammo_300acc x1 at the trader "BlackMarket (Gabi [Black Market])" in market zone "Black Market Trading Zone" (pos=<3195.000000, 118.300003, 7508.859863>).
11:26:24.414 [Market] Player "Vitellius" (id=QOVCOk5flZ8LlxY_vIXEUxFpj4R6rL-wr-TF8_b4xZo=) has sold snafu_ammo_300acc x1 at the trader "BlackMarket (Gabi [Black Market])" in market zone "Black Market Trading Zone" (pos=<3195.000000, 118.300003, 7508.859863>) and got 200.
11:26:24.492 [Market] Player "Vitellius" (id=QOVCOk5flZ8LlxY_vIXEUxFpj4R6rL-wr-TF8_b4xZo=) has send a requested to sell snafu_ammo_300acc x1 at the trader "BlackMarket (Gabi [Black Market])" in market zone "Black Market Trading Zone" (pos=<3195.000000, 118.300003, 7508.859863>).
11:26:24.578 [Market] Player "Vitellius" (id=QOVCOk5flZ8LlxY_vIXEUxFpj4R6rL-wr-TF8_b4xZo=) has sold snafu_ammo_300acc x1 at the trader "BlackMarket (Gabi [Black Market])" in market zone "Black Market Trading Zone" (pos=<3195.000000, 118.300003, 7508.859863>) and got 200.
11:26:24.578 [Market] Player "Vitellius" (id=QOVCOk5flZ8LlxY_vIXEUxFpj4R6rL-wr-TF8_b4xZo=) has send a requested to sell snafu_ammo_300acc x1 at the trader "BlackMarket (Gabi [Black Market])" in market zone "Black Market Trading Zone" (pos=<3195.000000, 118.300003, 7508.859863>).
11:26:24.644 [Market] Player "Vitellius" (id=QOVCOk5flZ8LlxY_vIXEUxFpj4R6rL-wr-TF8_b4xZo=) has sold snafu_ammo_300acc x1 at the trader "BlackMarket (Gabi [Black Market])" in market zone "Black Market Trading Zone" (pos=<3195.000000, 118.300003, 7508.859863>) and got 200.
11:26:24.722 [Market] Player "Vitellius" (id=QOVCOk5flZ8LlxY_vIXEUxFpj4R6rL-wr-TF8_b4xZo=) has send a requested to sell snafu_ammo_300acc x1 at the trader "BlackMarket (Gabi [Black Market])" in market zone "Black Market Trading Zone" (pos=<3195.000000, 118.300003, 7508.859863>).
11:26:24.828 [Market] Player "Vitellius" (id=QOVCOk5flZ8LlxY_vIXEUxFpj4R6rL-wr-TF8_b4xZo=) has sold snafu_ammo_300acc x1 at the trader "BlackMarket (Gabi [Black Market])" in market zone "Black Market Trading Zone" (pos=<3195.000000, 118.300003, 7508.859863>) and got 200.
11:26:24.828 [Market] Player "Vitellius" (id=QOVCOk5flZ8LlxY_vIXEUxFpj4R6rL-wr-TF8_b4xZo=) has send a requested to sell snafu_ammo_300acc x1 at the trader "BlackMarket (Gabi [Black Market])" in market zone "Black Market Trading Zone" (pos=<3195.000000, 118.300003, 7508.859863>).
11:26:24.921 [Market] Player "Vitellius" (id=QOVCOk5flZ8LlxY_vIXEUxFpj4R6rL-wr-TF8_b4xZo=) has sold snafu_ammo_300acc x1 at the trader "BlackMarket (Gabi [Black Market])" in market zone "Black Market Trading Zone" (pos=<3195.000000, 118.300003, 7508.859863>) and got 200.
11:26:24.925 [Market] Player "Vitellius" (id=QOVCOk5flZ8LlxY_vIXEUxFpj4R6rL-wr-TF8_b4xZo=) has send a requested to sell snafu_ammo_300acc x1 at the trader "BlackMarket (Gabi [Black Market])" in market zone "Black Market Trading Zone" (pos=<3195.000000, 118.300003, 7508.859863>).
11:26:25.031 [Market] Player "Vitellius" (id=QOVCOk5flZ8LlxY_vIXEUxFpj4R6rL-wr-TF8_b4xZo=) has sold snafu_ammo_300acc x1 at the trader "BlackMarket (Gabi [Black Market])" in market zone "Black Market Trading Zone" (pos=<3195.000000, 118.300003, 7508.859863>) and got 200.
11:26:25.031 [Market] Player "Vitellius" (id=QOVCOk5flZ8LlxY_vIXEUxFpj4R6rL-wr-TF8_b4xZo=) has send a requested to sell snafu_ammo_300acc x1 at the trader "BlackMarket (Gabi [Black Market])" in market zone "Black Market Trading Zone" (pos=<3195.000000, 118.300003, 7508.859863>).
11:26:25.125 [Market] Player "Vitellius" (id=QOVCOk5flZ8LlxY_vIXEUxFpj4R6rL-wr-TF8_b4xZo=) has sold snafu_ammo_300acc x1 at the trader "BlackMarket (Gabi [Black Market])" in market zone "Black Market Trading Zone" (pos=<3195.000000, 118.300003, 7508.859863>) and got 200.
11:26:25.156 [Market] Player "Vitellius" (id=QOVCOk5flZ8LlxY_vIXEUxFpj4R6rL-wr-TF8_b4xZo=) has send a requested to sell snafu_ammo_300acc x1 at the trader "BlackMarket (Gabi [Black Market])" in market zone "Black Market Trading Zone" (pos=<3195.000000, 118.300003, 7508.859863>).
11:26:25.226 [Market] Player "Vitellius" (id=QOVCOk5flZ8LlxY_vIXEUxFpj4R6rL-wr-TF8_b4xZo=) has sold snafu_ammo_300acc x1 at the trader "BlackMarket (Gabi [Black Market])" in market zone "Black Market Trading Zone" (pos=<3195.000000, 118.300003, 7508.859863>) and got 200.
11:26:25.257 [Market] Player "Vitellius" (id=QOVCOk5flZ8LlxY_vIXEUxFpj4R6rL-wr-TF8_b4xZo=) has send a requested to sell snafu_ammo_300acc x1 at the trader "BlackMarket (Gabi [Black Market])" in market zone "Black Market Trading Zone" (pos=<3195.000000, 118.300003, 7508.859863>).
11:26:25.328 [Market] Player "Vitellius" (id=QOVCOk5flZ8LlxY_vIXEUxFpj4R6rL-wr-TF8_b4xZo=) has sold snafu_ammo_300acc x1 at the trader "BlackMarket (Gabi [Black Market])" in market zone "Black Market Trading Zone" (pos=<3195.000000, 118.300003, 7508.859863>) and got 200.
11:26:25.417 [Market] Player "Vitellius" (id=QOVCOk5flZ8LlxY_vIXEUxFpj4R6rL-wr-TF8_b4xZo=) has send a requested to sell snafu_ammo_300acc x1 at the trader "BlackMarket (Gabi [Black Market])" in market zone "Black Market Trading Zone" (pos=<3195.000000, 118.300003, 7508.859863>).
11:26:25.511 [Market] Player "Vitellius" (id=QOVCOk5flZ8LlxY_vIXEUxFpj4R6rL-wr-TF8_b4xZo=) has sold snafu_ammo_300acc x1 at the trader "BlackMarket (Gabi [Black Market])" in market zone "Black Market Trading Zone" (pos=<3195.000000, 118.300003, 7508.859863>) and got 200.
11:26:25.511 [Market] Player "Vitellius" (id=QOVCOk5flZ8LlxY_vIXEUxFpj4R6rL-wr-TF8_b4xZo=) has send a requested to sell snafu_ammo_300acc x1 at the trader "BlackMarket (Gabi [Black Market])" in market zone "Black Market Trading Zone" (pos=<3195.000000, 118.300003, 7508.859863>).
11:26:25.601 [Market] Player "Vitellius" (id=QOVCOk5flZ8LlxY_vIXEUxFpj4R6rL-wr-TF8_b4xZo=) has sold snafu_ammo_300acc x1 at the trader "BlackMarket (Gabi [Black Market])" in market zone "Black Market Trading Zone" (pos=<3195.000000, 118.300003, 7508.859863>) and got 200.
11:26:25.601 [Market] Player "Vitellius" (id=QOVCOk5flZ8LlxY_vIXEUxFpj4R6rL-wr-TF8_b4xZo=) has send a requested to sell snafu_ammo_300acc x1 at the trader "BlackMarket (Gabi [Black Market])" in market zone "Black Market Trading Zone" (pos=<3195.000000, 118.300003, 7508.859863>).
11:26:25.648 [Market] Player "Vitellius" (id=QOVCOk5flZ8LlxY_vIXEUxFpj4R6rL-wr-TF8_b4xZo=) has sold snafu_ammo_300acc x1 at the trader "BlackMarket (Gabi [Black Market])" in market zone "Black Market Trading Zone" (pos=<3195.000000, 118.300003, 7508.859863>) and got 200.
11:26:25.742 [Market] Player "Vitellius" (id=QOVCOk5flZ8LlxY_vIXEUxFpj4R6rL-wr-TF8_b4xZo=) has send a requested to sell snafu_ammo_300acc x1 at the trader "BlackMarket (Gabi [Black Market])" in market zone "Black Market Trading Zone" (pos=<3195.000000, 118.300003, 7508.859863>).
11:26:25.843 [Market] Player "Vitellius" (id=QOVCOk5flZ8LlxY_vIXEUxFpj4R6rL-wr-TF8_b4xZo=) has sold snafu_ammo_300acc x1 at the trader "BlackMarket (Gabi [Black Market])" in market zone "Black Market Trading Zone" (pos=<3195.000000, 118.300003, 7508.859863>) and got 200.
11:26:25.843 [Market] Player "Vitellius" (id=QOVCOk5flZ8LlxY_vIXEUxFpj4R6rL-wr-TF8_b4xZo=) has send a requested to sell snafu_ammo_300acc x1 at the trader "BlackMarket (Gabi [Black Market])" in market zone "Black Market Trading Zone" (pos=<3195.000000, 118.300003, 7508.859863>).
11:26:25.925 [Market] Player "Vitellius" (id=QOVCOk5flZ8LlxY_vIXEUxFpj4R6rL-wr-TF8_b4xZo=) has sold snafu_ammo_300acc x1 at the trader "BlackMarket (Gabi [Black Market])" in market zone "Black Market Trading Zone" (pos=<3195.000000, 118.300003, 7508.859863>) and got 200.
11:26:25.957 [Market] Player "Vitellius" (id=QOVCOk5flZ8LlxY_vIXEUxFpj4R6rL-wr-TF8_b4xZo=) has send a requested to sell snafu_ammo_300acc x1 at the trader "BlackMarket (Gabi [Black Market])" in market zone "Black Market Trading Zone" (pos=<3195.000000, 118.300003, 7508.859863>).
11:26:26.011 [Market] Player "Vitellius" (id=QOVCOk5flZ8LlxY_vIXEUxFpj4R6rL-wr-TF8_b4xZo=) has sold snafu_ammo_300acc x1 at the trader "BlackMarket (Gabi [Black Market])" in market zone "Black Market Trading Zone" (pos=<3195.000000, 118.300003, 7508.859863>) and got 200.
11:26:26.113 [Market] Player "Vitellius" (id=QOVCOk5flZ8LlxY_vIXEUxFpj4R6rL-wr-TF8_b4xZo=) has send a requested to sell snafu_ammo_300acc x1 at the trader "BlackMarket (Gabi [Black Market])" in market zone "Black Market Trading Zone" (pos=<3195.000000, 118.300003, 7508.859863>).
11:26:26.203 [Market] Player "Vitellius" (id=QOVCOk5flZ8LlxY_vIXEUxFpj4R6rL-wr-TF8_b4xZo=) has send a requested to sell snafu_ammo_300acc x1 at the trader "BlackMarket (Gabi [Black Market])" in market zone "Black Market Trading Zone" (pos=<3195.000000, 118.300003, 7508.859863>).
11:26:26.203 [Market] Player "Vitellius" (id=QOVCOk5flZ8LlxY_vIXEUxFpj4R6rL-wr-TF8_b4xZo=) has sold snafu_ammo_300acc x1 at the trader "BlackMarket (Gabi [Black Market])" in market zone "Black Market Trading Zone" (pos=<3195.000000, 118.300003, 7508.859863>) and got 200.
11:26:26.277 [Market] Player "Vitellius" (id=QOVCOk5flZ8LlxY_vIXEUxFpj4R6rL-wr-TF8_b4xZo=) has send a requested to sell snafu_ammo_300acc x1 at the trader "BlackMarket (Gabi [Black Market])" in market zone "Black Market Trading Zone" (pos=<3195.000000, 118.300003, 7508.859863>).
11:26:26.332 [Market] Player "Vitellius" (id=QOVCOk5flZ8LlxY_vIXEUxFpj4R6rL-wr-TF8_b4xZo=) has sold snafu_ammo_300acc x1 at the trader "BlackMarket (Gabi [Black Market])" in market zone "Black Market Trading Zone" (pos=<3195.000000, 118.300003, 7508.859863>) and got 200.
11:26:26.402 [Market] Player "Vitellius" (id=QOVCOk5flZ8LlxY_vIXEUxFpj4R6rL-wr-TF8_b4xZo=) has send a requested to sell snafu_ammo_300acc x1 at the trader "BlackMarket (Gabi [Black Market])" in market zone "Black Market Trading Zone" (pos=<3195.000000, 118.300003, 7508.859863>).
11:26:26.488 [Market] Player "Vitellius" (id=QOVCOk5flZ8LlxY_vIXEUxFpj4R6rL-wr-TF8_b4xZo=) has sold snafu_ammo_300acc x1 at the trader "BlackMarket (Gabi [Black Market])" in market zone "Black Market Trading Zone" (pos=<3195.000000, 118.300003, 7508.859863>) and got 200.
11:26:26.488 [Market] Player "Vitellius" (id=QOVCOk5flZ8LlxY_vIXEUxFpj4R6rL-wr-TF8_b4xZo=) has send a requested to sell snafu_ammo_300acc x1 at the trader "BlackMarket (Gabi [Black Market])" in market zone "Black Market Trading Zone" (pos=<3195.000000, 118.300003, 7508.859863>).
11:26:26.558 [Market] Player "Vitellius" (id=QOVCOk5flZ8LlxY_vIXEUxFpj4R6rL-wr-TF8_b4xZo=) has sold snafu_ammo_300acc x1 at the trader "BlackMarket (Gabi [Black Market])" in market zone "Black Market Trading Zone" (pos=<3195.000000, 118.300003, 7508.859863>) and got 200.
11:26:26.601 [Market] Player "Vitellius" (id=QOVCOk5flZ8LlxY_vIXEUxFpj4R6rL-wr-TF8_b4xZo=) has send a requested to sell snafu_ammo_300acc x1 at the trader "BlackMarket (Gabi [Black Market])" in market zone "Black Market Trading Zone" (pos=<3195.000000, 118.300003, 7508.859863>).
11:26:26.664 [Market] Player "Vitellius" (id=QOVCOk5flZ8LlxY_vIXEUxFpj4R6rL-wr-TF8_b4xZo=) has sold snafu_ammo_300acc x1 at the trader "BlackMarket (Gabi [Black Market])" in market zone "Black Market Trading Zone" (pos=<3195.000000, 118.300003, 7508.859863>) and got 200.
11:26:26.703 [Market] Player "Vitellius" (id=QOVCOk5flZ8LlxY_vIXEUxFpj4R6rL-wr-TF8_b4xZo=) has send a requested to sell snafu_ammo_300acc x1 at the trader "BlackMarket (Gabi [Black Market])" in market zone "Black Market Trading Zone" (pos=<3195.000000, 118.300003, 7508.859863>).
11:26:26.761 [Market] Player "Vitellius" (id=QOVCOk5flZ8LlxY_vIXEUxFpj4R6rL-wr-TF8_b4xZo=) has sold snafu_ammo_300acc x1 at the trader "BlackMarket (Gabi [Black Market])" in market zone "Black Market Trading Zone" (pos=<3195.000000, 118.300003, 7508.859863>) and got 200.
11:26:26.792 [Market] Player "Vitellius" (id=QOVCOk5flZ8LlxY_vIXEUxFpj4R6rL-wr-TF8_b4xZo=) has send a requested to sell snafu_ammo_300acc x1 at the trader "BlackMarket (Gabi [Black Market])" in market zone "Black Market Trading Zone" (pos=<3195.000000, 118.300003, 7508.859863>).
11:26:26.867 [Market] Player "Vitellius" (id=QOVCOk5flZ8LlxY_vIXEUxFpj4R6rL-wr-TF8_b4xZo=) has sold snafu_ammo_300acc x1 at the trader "BlackMarket (Gabi [Black Market])" in market zone "Black Market Trading Zone" (pos=<3195.000000, 118.300003, 7508.859863>) and got 200.
11:26:26.953 [Market] Player "Vitellius" (id=QOVCOk5flZ8LlxY_vIXEUxFpj4R6rL-wr-TF8_b4xZo=) has send a requested to sell snafu_ammo_300acc x1 at the trader "BlackMarket (Gabi [Black Market])" in market zone "Black Market Trading Zone" (pos=<3195.000000, 118.300003, 7508.859863>).
11:26:27.019 [Market] Player "Vitellius" (id=QOVCOk5flZ8LlxY_vIXEUxFpj4R6rL-wr-TF8_b4xZo=) has sold snafu_ammo_300acc x1 at the trader "BlackMarket (Gabi [Black Market])" in market zone "Black Market Trading Zone" (pos=<3195.000000, 118.300003, 7508.859863>) and got 200.
11:26:27.050 [Market] Player "Vitellius" (id=QOVCOk5flZ8LlxY_vIXEUxFpj4R6rL-wr-TF8_b4xZo=) has send a requested to sell snafu_ammo_300acc x1 at the trader "BlackMarket (Gabi [Black Market])" in market zone "Black Market Trading Zone" (pos=<3195.000000, 118.300003, 7508.859863>).
11:26:27.093 [Market] Player "Vitellius" (id=QOVCOk5flZ8LlxY_vIXEUxFpj4R6rL-wr-TF8_b4xZo=) has sold snafu_ammo_300acc x1 at the trader "BlackMarket (Gabi [Black Market])" in market zone "Black Market Trading Zone" (pos=<3195.000000, 118.300003, 7508.859863>) and got 200.
11:26:27.218 [Market] Player "Vitellius" (id=QOVCOk5flZ8LlxY_vIXEUxFpj4R6rL-wr-TF8_b4xZo=) has send a requested to sell snafu_ammo_300acc x1 at the trader "BlackMarket (Gabi [Black Market])" in market zone "Black Market Trading Zone" (pos=<3195.000000, 118.300003, 7508.859863>).
11:26:27.242 [Market] Player "Vitellius" (id=QOVCOk5flZ8LlxY_vIXEUxFpj4R6rL-wr-TF8_b4xZo=) has send a requested to sell snafu_ammo_300acc x1 at the trader "BlackMarket (Gabi [Black Market])" in market zone "Black Market Trading Zone" (pos=<3195.000000, 118.300003, 7508.859863>).
11:26:27.285 [Market] Player "Vitellius" (id=QOVCOk5flZ8LlxY_vIXEUxFpj4R6rL-wr-TF8_b4xZo=) has sold snafu_ammo_300acc x1 at the trader "BlackMarket (Gabi [Black Market])" in market zone "Black Market Trading Zone" (pos=<3195.000000, 118.300003, 7508.859863>) and got 100.
11:26:27.394 [Market] Player "Vitellius" (id=QOVCOk5flZ8LlxY_vIXEUxFpj4R6rL-wr-TF8_b4xZo=) has send a requested to sell snafu_ammo_300acc x1 at the trader "BlackMarket (Gabi [Black Market])" in market zone "Black Market Trading Zone" (pos=<3195.000000, 118.300003, 7508.859863>).
11:26:27.457 [Market] Player "Vitellius" (id=QOVCOk5flZ8LlxY_vIXEUxFpj4R6rL-wr-TF8_b4xZo=) has sold snafu_ammo_300acc x1 at the trader "BlackMarket (Gabi [Black Market])" in market zone "Black Market Trading Zone" (pos=<3195.000000, 118.300003, 7508.859863>) and got 100.
11:26:27.488 [Market] Player "Vitellius" (id=QOVCOk5flZ8LlxY_vIXEUxFpj4R6rL-wr-TF8_b4xZo=) has send a requested to sell snafu_ammo_300acc x1 at the trader "BlackMarket (Gabi [Black Market])" in market zone "Black Market Trading Zone" (pos=<3195.000000, 118.300003, 7508.859863>).
11:26:27.562 [Market] Player "Vitellius" (id=QOVCOk5flZ8LlxY_vIXEUxFpj4R6rL-wr-TF8_b4xZo=) has sold snafu_ammo_300acc x1 at the trader "BlackMarket (Gabi [Black Market])" in market zone "Black Market Trading Zone" (pos=<3195.000000, 118.300003, 7508.859863>) and got 100.
11:26:27.613 [Market] Player "Vitellius" (id=QOVCOk5flZ8LlxY_vIXEUxFpj4R6rL-wr-TF8_b4xZo=) has send a requested to sell snafu_ammo_300acc x1 at the trader "BlackMarket (Gabi [Black Market])" in market zone "Black Market Trading Zone" (pos=<3195.000000, 118.300003, 7508.859863>).
11:26:27.695 [Market] Player "Vitellius" (id=QOVCOk5flZ8LlxY_vIXEUxFpj4R6rL-wr-TF8_b4xZo=) has sold snafu_ammo_300acc x1 at the trader "BlackMarket (Gabi [Black Market])" in market zone "Black Market Trading Zone" (pos=<3195.000000, 118.300003, 7508.859863>) and got 100.
11:26:27.695 [Market] Player "Vitellius" (id=QOVCOk5flZ8LlxY_vIXEUxFpj4R6rL-wr-TF8_b4xZo=) has send a requested to sell snafu_ammo_300acc x1 at the trader "BlackMarket (Gabi [Black Market])" in market zone "Black Market Trading Zone" (pos=<3195.000000, 118.300003, 7508.859863>).
11:26:27.769 [Market] Player "Vitellius" (id=QOVCOk5flZ8LlxY_vIXEUxFpj4R6rL-wr-TF8_b4xZo=) has sold snafu_ammo_300acc x1 at the trader "BlackMarket (Gabi [Black Market])" in market zone "Black Market Trading Zone" (pos=<3195.000000, 118.300003, 7508.859863>) and got 100.
11:26:27.839 [Market] Player "Vitellius" (id=QOVCOk5flZ8LlxY_vIXEUxFpj4R6rL-wr-TF8_b4xZo=) has send a requested to sell snafu_ammo_300acc x1 at the trader "BlackMarket (Gabi [Black Market])" in market zone "Black Market Trading Zone" (pos=<3195.000000, 118.300003, 7508.859863>).
11:26:27.925 [Market] Player "Vitellius" (id=QOVCOk5flZ8LlxY_vIXEUxFpj4R6rL-wr-TF8_b4xZo=) has sold snafu_ammo_300acc x1 at the trader "BlackMarket (Gabi [Black Market])" in market zone "Black Market Trading Zone" (pos=<3195.000000, 118.300003, 7508.859863>) and got 100.
11:26:27.925 [Market] Player "Vitellius" (id=QOVCOk5flZ8LlxY_vIXEUxFpj4R6rL-wr-TF8_b4xZo=) has send a requested to sell snafu_ammo_300acc x1 at the trader "BlackMarket (Gabi [Black Market])" in market zone "Black Market Trading Zone" (pos=<3195.000000, 118.300003, 7508.859863>).
11:26:28.003 [Market] Player "Vitellius" (id=QOVCOk5flZ8LlxY_vIXEUxFpj4R6rL-wr-TF8_b4xZo=) has sold snafu_ammo_300acc x1 at the trader "BlackMarket (Gabi [Black Market])" in market zone "Black Market Trading Zone" (pos=<3195.000000, 118.300003, 7508.859863>) and got 100.
11:26:28.003 [Market] Player "Vitellius" (id=QOVCOk5flZ8LlxY_vIXEUxFpj4R6rL-wr-TF8_b4xZo=) has send a requested to sell snafu_ammo_300acc x1 at the trader "BlackMarket (Gabi [Black Market])" in market zone "Black Market Trading Zone" (pos=<3195.000000, 118.300003, 7508.859863>).
11:26:28.097 [Market] Player "Vitellius" (id=QOVCOk5flZ8LlxY_vIXEUxFpj4R6rL-wr-TF8_b4xZo=) has sold snafu_ammo_300acc x1 at the trader "BlackMarket (Gabi [Black Market])" in market zone "Black Market Trading Zone" (pos=<3195.000000, 118.300003, 7508.859863>) and got 100.
11:26:28.140 [Market] Player "Vitellius" (id=QOVCOk5flZ8LlxY_vIXEUxFpj4R6rL-wr-TF8_b4xZo=) has send a requested to sell snafu_ammo_300acc x1 at the trader "BlackMarket (Gabi [Black Market])" in market zone "Black Market Trading Zone" (pos=<3195.000000, 118.300003, 7508.859863>).
11:26:28.199 [Market] Player "Vitellius" (id=QOVCOk5flZ8LlxY_vIXEUxFpj4R6rL-wr-TF8_b4xZo=) has sold snafu_ammo_300acc x1 at the trader "BlackMarket (Gabi [Black Market])" in market zone "Black Market Trading Zone" (pos=<3195.000000, 118.300003, 7508.859863>) and got 100.
11:26:28.242 [Market] Player "Vitellius" (id=QOVCOk5flZ8LlxY_vIXEUxFpj4R6rL-wr-TF8_b4xZo=) has send a requested to sell snafu_ammo_300acc x1 at the trader "BlackMarket (Gabi [Black Market])" in market zone "Black Market Trading Zone" (pos=<3195.000000, 118.300003, 7508.859863>).
11:26:28.312 [Market] Player "Vitellius" (id=QOVCOk5flZ8LlxY_vIXEUxFpj4R6rL-wr-TF8_b4xZo=) has sold snafu_ammo_300acc x1 at the trader "BlackMarket (Gabi [Black Market])" in market zone "Black Market Trading Zone" (pos=<3195.000000, 118.300003, 7508.859863>) and got 100.
11:26:28.359 [Market] Player "Vitellius" (id=QOVCOk5flZ8LlxY_vIXEUxFpj4R6rL-wr-TF8_b4xZo=) has send a requested to sell snafu_ammo_300acc x1 at the trader "BlackMarket (Gabi [Black Market])" in market zone "Black Market Trading Zone" (pos=<3195.000000, 118.300003, 7508.859863>).
11:26:28.406 [Market] Player "Vitellius" (id=QOVCOk5flZ8LlxY_vIXEUxFpj4R6rL-wr-TF8_b4xZo=) has sold snafu_ammo_300acc x1 at the trader "BlackMarket (Gabi [Black Market])" in market zone "Black Market Trading Zone" (pos=<3195.000000, 118.300003, 7508.859863>) and got 100.
11:26:28.464 [Market] Player "Vitellius" (id=QOVCOk5flZ8LlxY_vIXEUxFpj4R6rL-wr-TF8_b4xZo=) has send a requested to sell snafu_ammo_300acc x1 at the trader "BlackMarket (Gabi [Black Market])" in market zone "Black Market Trading Zone" (pos=<3195.000000, 118.300003, 7508.859863>).
11:26:28.574 [Market] Player "Vitellius" (id=QOVCOk5flZ8LlxY_vIXEUxFpj4R6rL-wr-TF8_b4xZo=) has sold snafu_ammo_300acc x1 at the trader "BlackMarket (Gabi [Black Market])" in market zone "Black Market Trading Zone" (pos=<3195.000000, 118.300003, 7508.859863>) and got 100.
11:26:28.578 [Market] Player "Vitellius" (id=QOVCOk5flZ8LlxY_vIXEUxFpj4R6rL-wr-TF8_b4xZo=) has send a requested to sell snafu_ammo_300acc x1 at the trader "BlackMarket (Gabi [Black Market])" in market zone "Black Market Trading Zone" (pos=<3195.000000, 118.300003, 7508.859863>).
11:26:28.628 [Market] Player "Vitellius" (id=QOVCOk5flZ8LlxY_vIXEUxFpj4R6rL-wr-TF8_b4xZo=) has sold snafu_ammo_300acc x1 at the trader "BlackMarket (Gabi [Black Market])" in market zone "Black Market Trading Zone" (pos=<3195.000000, 118.300003, 7508.859863>) and got 100.
11:26:28.789 [Market] Player "Vitellius" (id=QOVCOk5flZ8LlxY_vIXEUxFpj4R6rL-wr-TF8_b4xZo=) has send a requested to sell snafu_ammo_300acc x1 at the trader "BlackMarket (Gabi [Black Market])" in market zone "Black Market Trading Zone" (pos=<3195.000000, 118.300003, 7508.859863>).
11:26:28.867 [Market] Player "Vitellius" (id=QOVCOk5flZ8LlxY_vIXEUxFpj4R6rL-wr-TF8_b4xZo=) has sold snafu_ammo_300acc x1 at the trader "BlackMarket (Gabi [Black Market])" in market zone "Black Market Trading Zone" (pos=<3195.000000, 118.300003, 7508.859863>) and got 100.
11:26:28.914 [Market] Player "Vitellius" (id=QOVCOk5flZ8LlxY_vIXEUxFpj4R6rL-wr-TF8_b4xZo=) has send a requested to sell snafu_ammo_300acc x1 at the trader "BlackMarket (Gabi [Black Market])" in market zone "Black Market Trading Zone" (pos=<3195.000000, 118.300003, 7508.859863>).
11:26:28.988 [Market] Player "Vitellius" (id=QOVCOk5flZ8LlxY_vIXEUxFpj4R6rL-wr-TF8_b4xZo=) has sold snafu_ammo_300acc x1 at the trader "BlackMarket (Gabi [Black Market])" in market zone "Black Market Trading Zone" (pos=<3195.000000, 118.300003, 7508.859863>) and got 100.
11:26:29.046 [Market] Player "Vitellius" (id=QOVCOk5flZ8LlxY_vIXEUxFpj4R6rL-wr-TF8_b4xZo=) has send a requested to sell snafu_ammo_300acc x1 at the trader "BlackMarket (Gabi [Black Market])" in market zone "Black Market Trading Zone" (pos=<3195.000000, 118.300003, 7508.859863>).
11:26:29.152 [Market] Player "Vitellius" (id=QOVCOk5flZ8LlxY_vIXEUxFpj4R6rL-wr-TF8_b4xZo=) has sold snafu_ammo_300acc x1 at the trader "BlackMarket (Gabi [Black Market])" in market zone "Black Market Trading Zone" (pos=<3195.000000, 118.300003, 7508.859863>) and got 100.
11:26:29.152 [Market] Player "Vitellius" (id=QOVCOk5flZ8LlxY_vIXEUxFpj4R6rL-wr-TF8_b4xZo=) has send a requested to sell snafu_ammo_300acc x1 at the trader "BlackMarket (Gabi [Black Market])" in market zone "Black Market Trading Zone" (pos=<3195.000000, 118.300003, 7508.859863>).
11:26:29.222 [Market] Player "Vitellius" (id=QOVCOk5flZ8LlxY_vIXEUxFpj4R6rL-wr-TF8_b4xZo=) has sold snafu_ammo_300acc x1 at the trader "BlackMarket (Gabi [Black Market])" in market zone "Black Market Trading Zone" (pos=<3195.000000, 118.300003, 7508.859863>) and got 100.
11:26:29.222 [Market] Player "Vitellius" (id=QOVCOk5flZ8LlxY_vIXEUxFpj4R6rL-wr-TF8_b4xZo=) has send a requested to sell snafu_ammo_300acc x1 at the trader "BlackMarket (Gabi [Black Market])" in market zone "Black Market Trading Zone" (pos=<3195.000000, 118.300003, 7508.859863>).
11:26:29.324 [Market] Player "Vitellius" (id=QOVCOk5flZ8LlxY_vIXEUxFpj4R6rL-wr-TF8_b4xZo=) has sold snafu_ammo_300acc x1 at the trader "BlackMarket (Gabi [Black Market])" in market zone "Black Market Trading Zone" (pos=<3195.000000, 118.300003, 7508.859863>) and got 100.
11:26:29.367 [Market] Player "Vitellius" (id=QOVCOk5flZ8LlxY_vIXEUxFpj4R6rL-wr-TF8_b4xZo=) has send a requested to sell snafu_ammo_300acc x1 at the trader "BlackMarket (Gabi [Black Market])" in market zone "Black Market Trading Zone" (pos=<3195.000000, 118.300003, 7508.859863>).
11:26:29.414 [Market] Player "Vitellius" (id=QOVCOk5flZ8LlxY_vIXEUxFpj4R6rL-wr-TF8_b4xZo=) has sold snafu_ammo_300acc x1 at the trader "BlackMarket (Gabi [Black Market])" in market zone "Black Market Trading Zone" (pos=<3195.000000, 118.300003, 7508.859863>) and got 100.
11:26:29.500 [Market] Player "Vitellius" (id=QOVCOk5flZ8LlxY_vIXEUxFpj4R6rL-wr-TF8_b4xZo=) has send a requested to sell snafu_ammo_300acc x1 at the trader "BlackMarket (Gabi [Black Market])" in market zone "Black Market Trading Zone" (pos=<3195.000000, 118.300003, 7508.859863>).
11:26:29.574 [Market] Player "Vitellius" (id=QOVCOk5flZ8LlxY_vIXEUxFpj4R6rL-wr-TF8_b4xZo=) has sold snafu_ammo_300acc x1 at the trader "BlackMarket (Gabi [Black Market])" in market zone "Black Market Trading Zone" (pos=<3195.000000, 118.300003, 7508.859863>) and got 100.
11:26:29.578 [Market] Player "Vitellius" (id=QOVCOk5flZ8LlxY_vIXEUxFpj4R6rL-wr-TF8_b4xZo=) has send a requested to sell snafu_ammo_300acc x1 at the trader "BlackMarket (Gabi [Black Market])" in market zone "Black Market Trading Zone" (pos=<3195.000000, 118.300003, 7508.859863>).
11:26:29.625 [Market] Player "Vitellius" (id=QOVCOk5flZ8LlxY_vIXEUxFpj4R6rL-wr-TF8_b4xZo=) has sold snafu_ammo_300acc x1 at the trader "BlackMarket (Gabi [Black Market])" in market zone "Black Market Trading Zone" (pos=<3195.000000, 118.300003, 7508.859863>) and got 100.
11:26:29.671 [Market] Player "Vitellius" (id=QOVCOk5flZ8LlxY_vIXEUxFpj4R6rL-wr-TF8_b4xZo=) has send a requested to sell snafu_ammo_300acc x1 at the trader "BlackMarket (Gabi [Black Market])" in market zone "Black Market Trading Zone" (pos=<3195.000000, 118.300003, 7508.859863>).
11:26:29.730 [Market] Player "Vitellius" (id=QOVCOk5flZ8LlxY_vIXEUxFpj4R6rL-wr-TF8_b4xZo=) has sold snafu_ammo_300acc x1 at the trader "BlackMarket (Gabi [Black Market])" in market zone "Black Market Trading Zone" (pos=<3195.000000, 118.300003, 7508.859863>) and got 100.
11:26:29.820 [Market] Player "Vitellius" (id=QOVCOk5flZ8LlxY_vIXEUxFpj4R6rL-wr-TF8_b4xZo=) has send a requested to sell snafu_ammo_300acc x1 at the trader "BlackMarket (Gabi [Black Market])" in market zone "Black Market Trading Zone" (pos=<3195.000000, 118.300003, 7508.859863>).
11:26:29.875 [Market] Player "Vitellius" (id=QOVCOk5flZ8LlxY_vIXEUxFpj4R6rL-wr-TF8_b4xZo=) has sold snafu_ammo_300acc x1 at the trader "BlackMarket (Gabi [Black Market])" in market zone "Black Market Trading Zone" (pos=<3195.000000, 118.300003, 7508.859863>) and got 100.
11:26:29.910 [Market] Player "Vitellius" (id=QOVCOk5flZ8LlxY_vIXEUxFpj4R6rL-wr-TF8_b4xZo=) has send a requested to sell snafu_ammo_300acc x1 at the trader "BlackMarket (Gabi [Black Market])" in market zone "Black Market Trading Zone" (pos=<3195.000000, 118.300003, 7508.859863>).
11:26:30.007 [Market] Player "Vitellius" (id=QOVCOk5flZ8LlxY_vIXEUxFpj4R6rL-wr-TF8_b4xZo=) has sold snafu_ammo_300acc x1 at the trader "BlackMarket (Gabi [Black Market])" in market zone "Black Market Trading Zone" (pos=<3195.000000, 118.300003, 7508.859863>) and got 100.
11:26:30.046 [Market] Player "Vitellius" (id=QOVCOk5flZ8LlxY_vIXEUxFpj4R6rL-wr-TF8_b4xZo=) has send a requested to sell snafu_ammo_300acc x1 at the trader "BlackMarket (Gabi [Black Market])" in market zone "Black Market Trading Zone" (pos=<3195.000000, 118.300003, 7508.859863>).
11:26:30.089 [Market] Player "Vitellius" (id=QOVCOk5flZ8LlxY_vIXEUxFpj4R6rL-wr-TF8_b4xZo=) has sold snafu_ammo_300acc x1 at the trader "BlackMarket (Gabi [Black Market])" in market zone "Black Market Trading Zone" (pos=<3195.000000, 118.300003, 7508.859863>) and got 100.
11:26:30.093 [Market] Player "Vitellius" (id=QOVCOk5flZ8LlxY_vIXEUxFpj4R6rL-wr-TF8_b4xZo=) has send a requested to sell snafu_ammo_300acc x1 at the trader "BlackMarket (Gabi [Black Market])" in market zone "Black Market Trading Zone" (pos=<3195.000000, 118.300003, 7508.859863>).
11:26:30.152 [Market] Player "Vitellius" (id=QOVCOk5flZ8LlxY_vIXEUxFpj4R6rL-wr-TF8_b4xZo=) has sold snafu_ammo_300acc x1 at the trader "BlackMarket (Gabi [Black Market])" in market zone "Black Market Trading Zone" (pos=<3195.000000, 118.300003, 7508.859863>) and got 100.
11:26:30.226 [Market] Player "Vitellius" (id=QOVCOk5flZ8LlxY_vIXEUxFpj4R6rL-wr-TF8_b4xZo=) has send a requested to sell snafu_ammo_300acc x1 at the trader "BlackMarket (Gabi [Black Market])" in market zone "Black Market Trading Zone" (pos=<3195.000000, 118.300003, 7508.859863>).
11:26:30.300 [Market] Player "Vitellius" (id=QOVCOk5flZ8LlxY_vIXEUxFpj4R6rL-wr-TF8_b4xZo=) has sold snafu_ammo_300acc x1 at the trader "BlackMarket (Gabi [Black Market])" in market zone "Black Market Trading Zone" (pos=<3195.000000, 118.300003, 7508.859863>) and got 100.
11:26:30.332 [Market] Player "Vitellius" (id=QOVCOk5flZ8LlxY_vIXEUxFpj4R6rL-wr-TF8_b4xZo=) has send a requested to sell snafu_ammo_300acc x1 at the trader "BlackMarket (Gabi [Black Market])" in market zone "Black Market Trading Zone" (pos=<3195.000000, 118.300003, 7508.859863>).
11:26:30.386 [Market] Player "Vitellius" (id=QOVCOk5flZ8LlxY_vIXEUxFpj4R6rL-wr-TF8_b4xZo=) has sold snafu_ammo_300acc x1 at the trader "BlackMarket (Gabi [Black Market])" in market zone "Black Market Trading Zone" (pos=<3195.000000, 118.300003, 7508.859863>) and got 100.
11:26:30.425 [Market] Player "Vitellius" (id=QOVCOk5flZ8LlxY_vIXEUxFpj4R6rL-wr-TF8_b4xZo=) has send a requested to sell snafu_ammo_300acc x1 at the trader "BlackMarket (Gabi [Black Market])" in market zone "Black Market Trading Zone" (pos=<3195.000000, 118.300003, 7508.859863>).
11:26:30.523 [Market] Player "Vitellius" (id=QOVCOk5flZ8LlxY_vIXEUxFpj4R6rL-wr-TF8_b4xZo=) has sold snafu_ammo_300acc x1 at the trader "BlackMarket (Gabi [Black Market])" in market zone "Black Market Trading Zone" (pos=<3195.000000, 118.300003, 7508.859863>) and got 100.
11:26:30.570 [Market] Player "Vitellius" (id=QOVCOk5flZ8LlxY_vIXEUxFpj4R6rL-wr-TF8_b4xZo=) has send a requested to sell snafu_ammo_300acc x1 at the trader "BlackMarket (Gabi [Black Market])" in market zone "Black Market Trading Zone" (pos=<3195.000000, 118.300003, 7508.859863>).
11:26:30.621 [Market] Player "Vitellius" (id=QOVCOk5flZ8LlxY_vIXEUxFpj4R6rL-wr-TF8_b4xZo=) has sold snafu_ammo_300acc x1 at the trader "BlackMarket (Gabi [Black Market])" in market zone "Black Market Trading Zone" (pos=<3195.000000, 118.300003, 7508.859863>) and got 100.
11:26:30.691 [Market] Player "Vitellius" (id=QOVCOk5flZ8LlxY_vIXEUxFpj4R6rL-wr-TF8_b4xZo=) has send a requested to sell snafu_ammo_300acc x1 at the trader "BlackMarket (Gabi [Black Market])" in market zone "Black Market Trading Zone" (pos=<3195.000000, 118.300003, 7508.859863>).
11:26:30.750 [Market] Player "Vitellius" (id=QOVCOk5flZ8LlxY_vIXEUxFpj4R6rL-wr-TF8_b4xZo=) has sold snafu_ammo_300acc x1 at the trader "BlackMarket (Gabi [Black Market])" in market zone "Black Market Trading Zone" (pos=<3195.000000, 118.300003, 7508.859863>) and got 100.
11:26:30.789 [Market] Player "Vitellius" (id=QOVCOk5flZ8LlxY_vIXEUxFpj4R6rL-wr-TF8_b4xZo=) has send a requested to sell snafu_ammo_300acc x1 at the trader "BlackMarket (Gabi [Black Market])" in market zone "Black Market Trading Zone" (pos=<3195.000000, 118.300003, 7508.859863>).
11:26:30.867 [Market] Player "Vitellius" (id=QOVCOk5flZ8LlxY_vIXEUxFpj4R6rL-wr-TF8_b4xZo=) has sold snafu_ammo_300acc x1 at the trader "BlackMarket (Gabi [Black Market])" in market zone "Black Market Trading Zone" (pos=<3195.000000, 118.300003, 7508.859863>) and got 100.
11:26:30.867 [Market] Player "Vitellius" (id=QOVCOk5flZ8LlxY_vIXEUxFpj4R6rL-wr-TF8_b4xZo=) has send a requested to sell snafu_ammo_300acc x1 at the trader "BlackMarket (Gabi [Black Market])" in market zone "Black Market Trading Zone" (pos=<3195.000000, 118.300003, 7508.859863>).
11:26:30.929 [Market] Player "Vitellius" (id=QOVCOk5flZ8LlxY_vIXEUxFpj4R6rL-wr-TF8_b4xZo=) has sold snafu_ammo_300acc x1 at the trader "BlackMarket (Gabi [Black Market])" in market zone "Black Market Trading Zone" (pos=<3195.000000, 118.300003, 7508.859863>) and got 100.
11:26:31.023 [Market] Player "Vitellius" (id=QOVCOk5flZ8LlxY_vIXEUxFpj4R6rL-wr-TF8_b4xZo=) has send a requested to sell snafu_ammo_300acc x1 at the trader "BlackMarket (Gabi [Black Market])" in market zone "Black Market Trading Zone" (pos=<3195.000000, 118.300003, 7508.859863>).
11:26:31.125 [Market] Player "Vitellius" (id=QOVCOk5flZ8LlxY_vIXEUxFpj4R6rL-wr-TF8_b4xZo=) has sold snafu_ammo_300acc x1 at the trader "BlackMarket (Gabi [Black Market])" in market zone "Black Market Trading Zone" (pos=<3195.000000, 118.300003, 7508.859863>) and got 100.
11:26:31.125 [Market] Player "Vitellius" (id=QOVCOk5flZ8LlxY_vIXEUxFpj4R6rL-wr-TF8_b4xZo=) has send a requested to sell snafu_ammo_300acc x1 at the trader "BlackMarket (Gabi [Black Market])" in market zone "Black Market Trading Zone" (pos=<3195.000000, 118.300003, 7508.859863>).
11:26:31.203 [Market] Player "Vitellius" (id=QOVCOk5flZ8LlxY_vIXEUxFpj4R6rL-wr-TF8_b4xZo=) has sold snafu_ammo_300acc x1 at the trader "BlackMarket (Gabi [Black Market])" in market zone "Black Market Trading Zone" (pos=<3195.000000, 118.300003, 7508.859863>) and got 100.
11:26:31.296 [Market] Player "Vitellius" (id=QOVCOk5flZ8LlxY_vIXEUxFpj4R6rL-wr-TF8_b4xZo=) has send a requested to sell snafu_ammo_300acc x1 at the trader "BlackMarket (Gabi [Black Market])" in market zone "Black Market Trading Zone" (pos=<3195.000000, 118.300003, 7508.859863>).
11:26:31.394 [Market] Player "Vitellius" (id=QOVCOk5flZ8LlxY_vIXEUxFpj4R6rL-wr-TF8_b4xZo=) has sold snafu_ammo_300acc x1 at the trader "BlackMarket (Gabi [Black Market])" in market zone "Black Market Trading Zone" (pos=<3195.000000, 118.300003, 7508.859863>) and got 100.
11:26:31.503 [Market] Player "Vitellius" (id=QOVCOk5flZ8LlxY_vIXEUxFpj4R6rL-wr-TF8_b4xZo=) has send a requested to sell snafu_ammo_300acc x1 at the trader "BlackMarket (Gabi [Black Market])" in market zone "Black Market Trading Zone" (pos=<3195.000000, 118.300003, 7508.859863>).
11:26:31.601 [Market] Player "Vitellius" (id=QOVCOk5flZ8LlxY_vIXEUxFpj4R6rL-wr-TF8_b4xZo=) has sold snafu_ammo_300acc x1 at the trader "BlackMarket (Gabi [Black Market])" in market zone "Black Market Trading Zone" (pos=<3195.000000, 118.300003, 7508.859863>) and got 100.
11:26:31.601 [Market] Player "Vitellius" (id=QOVCOk5flZ8LlxY_vIXEUxFpj4R6rL-wr-TF8_b4xZo=) has send a requested to sell snafu_ammo_300acc x1 at the trader "BlackMarket (Gabi [Black Market])" in market zone "Black Market Trading Zone" (pos=<3195.000000, 118.300003, 7508.859863>).
11:26:31.667 [Market] Player "Vitellius" (id=QOVCOk5flZ8LlxY_vIXEUxFpj4R6rL-wr-TF8_b4xZo=) has send a requested to sell snafu_ammo_300acc x1 at the trader "BlackMarket (Gabi [Black Market])" in market zone "Black Market Trading Zone" (pos=<3195.000000, 118.300003, 7508.859863>).
11:26:31.667 [Market] Player "Vitellius" (id=QOVCOk5flZ8LlxY_vIXEUxFpj4R6rL-wr-TF8_b4xZo=) has sold snafu_ammo_300acc x1 at the trader "BlackMarket (Gabi [Black Market])" in market zone "Black Market Trading Zone" (pos=<3195.000000, 118.300003, 7508.859863>) and got 100.
11:26:31.855 [Market] Player "Vitellius" (id=QOVCOk5flZ8LlxY_vIXEUxFpj4R6rL-wr-TF8_b4xZo=) has send a requested to sell snafu_ammo_300acc x1 at the trader "BlackMarket (Gabi [Black Market])" in market zone "Black Market Trading Zone" (pos=<3195.000000, 118.300003, 7508.859863>).
11:26:31.933 [Market] Player "Vitellius" (id=QOVCOk5flZ8LlxY_vIXEUxFpj4R6rL-wr-TF8_b4xZo=) has sold snafu_ammo_300acc x1 at the trader "BlackMarket (Gabi [Black Market])" in market zone "Black Market Trading Zone" (pos=<3195.000000, 118.300003, 7508.859863>) and got 100.
11:26:31.933 [Market] Player "Vitellius" (id=QOVCOk5flZ8LlxY_vIXEUxFpj4R6rL-wr-TF8_b4xZo=) has send a requested to sell snafu_ammo_300acc x1 at the trader "BlackMarket (Gabi [Black Market])" in market zone "Black Market Trading Zone" (pos=<3195.000000, 118.300003, 7508.859863>).
11:26:31.976 [Market] Player "Vitellius" (id=QOVCOk5flZ8LlxY_vIXEUxFpj4R6rL-wr-TF8_b4xZo=) has sold snafu_ammo_300acc x1 at the trader "BlackMarket (Gabi [Black Market])" in market zone "Black Market Trading Zone" (pos=<3195.000000, 118.300003, 7508.859863>) and got 100.
11:27:25.644 [Market] Player "Vitellius" (id=QOVCOk5flZ8LlxY_vIXEUxFpj4R6rL-wr-TF8_b4xZo=) has send a requested to sell snafu_trijicon_docter x1 at the trader "BlackMarket (Gabi [Black Market])" in market zone "Black Market Trading Zone" (pos=<3195.000000, 118.300003, 7508.859863>).
11:27:25.691 [Market] Player "Vitellius" (id=QOVCOk5flZ8LlxY_vIXEUxFpj4R6rL-wr-TF8_b4xZo=) has sold snafu_trijicon_docter x1 at the trader "BlackMarket (Gabi [Black Market])" in market zone "Black Market Trading Zone" (pos=<3195.000000, 118.300003, 7508.859863>) and got 50.
11:27:38.343 [Market] Player "Vitellius" (id=QOVCOk5flZ8LlxY_vIXEUxFpj4R6rL-wr-TF8_b4xZo=) has send a requested to sell snafu_melcan x1 at the trader "BlackMarket (Gabi [Black Market])" in market zone "Black Market Trading Zone" (pos=<3195.000000, 118.300003, 7508.859863>).
11:27:38.441 [Market] Player "Vitellius" (id=QOVCOk5flZ8LlxY_vIXEUxFpj4R6rL-wr-TF8_b4xZo=) has sold snafu_melcan x1 at the trader "BlackMarket (Gabi [Black Market])" in market zone "Black Market Trading Zone" (pos=<3195.000000, 118.300003, 7508.859863>) and got 50.
11:27:53.886 [Market] Player "Vitellius" (id=QOVCOk5flZ8LlxY_vIXEUxFpj4R6rL-wr-TF8_b4xZo=) has send a requested to sell snafu_aknightforce x1 at the trader "BlackMarket (Gabi [Black Market])" in market zone "Black Market Trading Zone" (pos=<3195.000000, 118.300003, 7508.859863>).
11:27:53.933 [Market] Player "Vitellius" (id=QOVCOk5flZ8LlxY_vIXEUxFpj4R6rL-wr-TF8_b4xZo=) has sold snafu_aknightforce x1 at the trader "BlackMarket (Gabi [Black Market])" in market zone "Black Market Trading Zone" (pos=<3195.000000, 118.300003, 7508.859863>) and got 150.
11:28:00.496 [Market] Player "Vitellius" (id=QOVCOk5flZ8LlxY_vIXEUxFpj4R6rL-wr-TF8_b4xZo=) has send a requested to sell snafu_akelcan x1 at the trader "BlackMarket (Gabi [Black Market])" in market zone "Black Market Trading Zone" (pos=<3195.000000, 118.300003, 7508.859863>).
11:28:00.570 [Market] Player "Vitellius" (id=QOVCOk5flZ8LlxY_vIXEUxFpj4R6rL-wr-TF8_b4xZo=) has sold snafu_akelcan x1 at the trader "BlackMarket (Gabi [Black Market])" in market zone "Black Market Trading Zone" (pos=<3195.000000, 118.300003, 7508.859863>) and got 100.
11:28:31.546 [Market] Player "Vitellius" (id=QOVCOk5flZ8LlxY_vIXEUxFpj4R6rL-wr-TF8_b4xZo=) has send a requested to sell snafu_cmag60300_black x1 at the trader "BlackMarket (Gabi [Black Market])" in market zone "Black Market Trading Zone" (pos=<3195.000000, 118.300003, 7508.859863>).
11:28:31.578 [Market] Player "Vitellius" (id=QOVCOk5flZ8LlxY_vIXEUxFpj4R6rL-wr-TF8_b4xZo=) has sold snafu_cmag60300_black x1 at the trader "BlackMarket (Gabi [Black Market])" in market zone "Black Market Trading Zone" (pos=<3195.000000, 118.300003, 7508.859863>) and got 100.
11:32:59.484 [Party] Player "FluffFaceYeti" (id=8vtfObsTQABYXpVHaEsAuZ5QTEAjCvC2a-AZwd4E5dw=) joinded the party "Admins" (id=0 ownerUID=8vtfObsTQABYXpVHaEsAuZ5QTEAjCvC2a-AZwd4E5dw= ownerName=FluffFaceYeti)
11:32:59.492 [Expansion Quests] - InitQuestSystemClient - Loaded existing player quest data for player with UID: 8vtfObsTQABYXpVHaEsAuZ5QTEAjCvC2a-AZwd4E5dw=
11:32:59.492 [Expansion Quests] - InitClientQuests_NormalQuests - Create new quest instance for quest: 11 - Creator UID: 8vtfObsTQABYXpVHaEsAuZ5QTEAjCvC2a-AZwd4E5dw=
11:33:23.890 [Safezone] Player "FluffFaceYeti" (id=8vtfObsTQABYXpVHaEsAuZ5QTEAjCvC2a-AZwd4E5dw= pos=<8582.073242, 23.353533, 10513.752930>) Entered the safezone
11:34:11.433 [Party] Player "FluffFaceYeti" (id=8vtfObsTQABYXpVHaEsAuZ5QTEAjCvC2a-AZwd4E5dw=) left the party "Admins" (id=0 ownerUID=8vtfObsTQABYXpVHaEsAuZ5QTEAjCvC2a-AZwd4E5dw= ownerName=FluffFaceYeti)
11:51:48.281 [Party] Player "Vitellius" (id=QOVCOk5flZ8LlxY_vIXEUxFpj4R6rL-wr-TF8_b4xZo=) left the party "Nighteriders" (id=1 ownerUID=zhJxvJUIQcTeCgEZ3Xhlvc_WjNMgSdId2I-HV3Jo6tA= ownerName=DKGreear12)
11:59:12.027 [Safezone] Player "FluffFaceYeti" (id=8vtfObsTQABYXpVHaEsAuZ5QTEAjCvC2a-AZwd4E5dw= pos=<8557.873047, 15.932615, 10518.012695>) Entered the safezone
11:59:12.027 [Party] Player "FluffFaceYeti" (id=8vtfObsTQABYXpVHaEsAuZ5QTEAjCvC2a-AZwd4E5dw=) joinded the party "Admins" (id=0 ownerUID=8vtfObsTQABYXpVHaEsAuZ5QTEAjCvC2a-AZwd4E5dw= ownerName=FluffFaceYeti)
11:59:12.035 [Expansion Quests] - InitQuestSystemClient - Loaded existing player quest data for player with UID: 8vtfObsTQABYXpVHaEsAuZ5QTEAjCvC2a-AZwd4E5dw=
11:59:12.035 [Expansion Quests] - InitClientQuests_NormalQuests - Create new quest instance for quest: 11 - Creator UID: 8vtfObsTQABYXpVHaEsAuZ5QTEAjCvC2a-AZwd4E5dw=
11:59:52.914 [Market] Player "FluffFaceYeti" (id=8vtfObsTQABYXpVHaEsAuZ5QTEAjCvC2a-AZwd4E5dw=) has send a requested to sell expansiongoldbar x1 at the trader "Exchange (Kaito [#STR_EXPANSION_MARKET_TRADER_EXCHANGE])" in market zone "Jalovisko Trading Zone" (pos=<8583.669922, 24.549999, 10515.000000>).
11:59:53.070 [Market] Player "FluffFaceYeti" (id=8vtfObsTQABYXpVHaEsAuZ5QTEAjCvC2a-AZwd4E5dw=) has sold expansiongoldbar x1 at the trader "Exchange (Kaito [#STR_EXPANSION_MARKET_TRADER_EXCHANGE])" in market zone "Jalovisko Trading Zone" (pos=<8583.669922, 24.549999, 10515.000000>) and got 10000.
11:59:54.390 [Market] Player "FluffFaceYeti" (id=8vtfObsTQABYXpVHaEsAuZ5QTEAjCvC2a-AZwd4E5dw=) has send a requested to sell expansiongoldbar x1 at the trader "Exchange (Kaito [#STR_EXPANSION_MARKET_TRADER_EXCHANGE])" in market zone "Jalovisko Trading Zone" (pos=<8583.669922, 24.549999, 10515.000000>).
11:59:54.539 [Market] Player "FluffFaceYeti" (id=8vtfObsTQABYXpVHaEsAuZ5QTEAjCvC2a-AZwd4E5dw=) has sold expansiongoldbar x1 at the trader "Exchange (Kaito [#STR_EXPANSION_MARKET_TRADER_EXCHANGE])" in market zone "Jalovisko Trading Zone" (pos=<8583.669922, 24.549999, 10515.000000>) and got 10000.
11:59:59.218 [Market] Player "FluffFaceYeti" (id=8vtfObsTQABYXpVHaEsAuZ5QTEAjCvC2a-AZwd4E5dw=) has send a requested to sell expansiongoldnugget x12 at the trader "Exchange (Kaito [#STR_EXPANSION_MARKET_TRADER_EXCHANGE])" in market zone "Jalovisko Trading Zone" (pos=<8583.669922, 24.549999, 10515.000000>).
11:59:59.363 [Market] Player "FluffFaceYeti" (id=8vtfObsTQABYXpVHaEsAuZ5QTEAjCvC2a-AZwd4E5dw=) has sold expansiongoldnugget x12 at the trader "Exchange (Kaito [#STR_EXPANSION_MARKET_TRADER_EXCHANGE])" in market zone "Jalovisko Trading Zone" (pos=<8583.669922, 24.549999, 10515.000000>) and got 12000.
