12:06:16.445 [MissionAirdrop] An airdrop is heading towards "Norisnk" (pos=<3974.000000, 0.000000, 7350.000000> type=Random_Norisnk) with a ExpansionAirdropContainer
13:33:54.441 [MissionAirdrop] An airdrop is heading towards "Norisnk" (pos=<3974.000000, 0.000000, 7350.000000> type=Random_Norisnk) with a ExpansionAirdropContainer
14:50:30.398 [Party] Player "Vitellius" (id=QOVCOk5flZ8LlxY_vIXEUxFpj4R6rL-wr-TF8_b4xZo=) joinded the party "Nighteriders" (id=1 ownerUID=zhJxvJUIQcTeCgEZ3Xhlvc_WjNMgSdId2I-HV3Jo6tA= ownerName=DKGreear12)
14:50:30.410 [Expansion Quests] - InitQuestSystemClient - Loaded existing player quest data for player with UID: QOVCOk5flZ8LlxY_vIXEUxFpj4R6rL-wr-TF8_b4xZo=
14:50:30.410 [Expansion Quests] - InitClientQuests_NormalQuests - Create new quest instance for quest: 11 - Creator UID: QOVCOk5flZ8LlxY_vIXEUxFpj4R6rL-wr-TF8_b4xZo=
14:54:01.628 [Safezone] Player "FluffFaceYeti" (id=8vtfObsTQABYXpVHaEsAuZ5QTEAjCvC2a-AZwd4E5dw= pos=<8576.400391, 14.765162, 10529.671875>) Entered the safezone
14:54:01.628 [Party] Player "FluffFaceYeti" (id=8vtfObsTQABYXpVHaEsAuZ5QTEAjCvC2a-AZwd4E5dw=) joinded the party "Admins" (id=0 ownerUID=8vtfObsTQABYXpVHaEsAuZ5QTEAjCvC2a-AZwd4E5dw= ownerName=FluffFaceYeti)
14:54:01.636 [Expansion Quests] - InitQuestSystemClient - Loaded existing player quest data for player with UID: 8vtfObsTQABYXpVHaEsAuZ5QTEAjCvC2a-AZwd4E5dw=
14:54:01.636 [Expansion Quests] - InitClientQuests_NormalQuests - Create new quest instance for quest: 11 - Creator UID: 8vtfObsTQABYXpVHaEsAuZ5QTEAjCvC2a-AZwd4E5dw=
14:56:05.847 [Market] Player "FluffFaceYeti" (id=8vtfObsTQABYXpVHaEsAuZ5QTEAjCvC2a-AZwd4E5dw=) has send a requested to sell goatsteakmeat x1 at the trader "Consumables (Linda [#STR_EXPANSION_MARKET_TRADER_CONSUMABLES])" in market zone "Jalovisko Trading Zone" (pos=<8583.669922, 24.549999, 10515.000000>).
14:56:05.996 [Market] Player "FluffFaceYeti" (id=8vtfObsTQABYXpVHaEsAuZ5QTEAjCvC2a-AZwd4E5dw=) has sold goatsteakmeat x1 at the trader "Consumables (Linda [#STR_EXPANSION_MARKET_TRADER_CONSUMABLES])" in market zone "Jalovisko Trading Zone" (pos=<8583.669922, 24.549999, 10515.000000>) and got 3.
14:56:15.187 [Market] Player "FluffFaceYeti" (id=8vtfObsTQABYXpVHaEsAuZ5QTEAjCvC2a-AZwd4E5dw=) has send a requested to sell goatsteakmeat x16 at the trader "Consumables (Linda [#STR_EXPANSION_MARKET_TRADER_CONSUMABLES])" in market zone "Jalovisko Trading Zone" (pos=<8583.669922, 24.549999, 10515.000000>).
14:56:15.363 [Market] Player "FluffFaceYeti" (id=8vtfObsTQABYXpVHaEsAuZ5QTEAjCvC2a-AZwd4E5dw=) has sold goatsteakmeat x16 at the trader "Consumables (Linda [#STR_EXPANSION_MARKET_TRADER_CONSUMABLES])" in market zone "Jalovisko Trading Zone" (pos=<8583.669922, 24.549999, 10515.000000>) and got 39.
14:58:59.917 [BaseRaiding] ExpansionWall6x3 (<5200.546387, 31.324728, 8541.279297>) Code set by player "Vitellius" (ID = "QOVCOk5flZ8LlxY_vIXEUxFpj4R6rL-wr-TF8_b4xZo=" at <5201.728516, 31.340731, 8541.999023>) and the code is 011795
15:00:46.449 [MissionAirdrop] An airdrop is heading towards "Tara SawMill" (pos=<7114.000000, 0.000000, 6000.000000> type=Random_Tara SawMill) with a ExpansionAirdropContainer
15:06:44.585 [Safezone] Player "FluffFaceYeti" (id=8vtfObsTQABYXpVHaEsAuZ5QTEAjCvC2a-AZwd4E5dw= pos=<3200.142334, 118.064774, 7511.789551>) Left the safezone
15:30:22.191 [AI Patrol] Spawning 4 Shamans bots at <7694.864258, 71.125641, 7148.032227>
15:30:39.417 [Party] Player "Vitellius" (id=QOVCOk5flZ8LlxY_vIXEUxFpj4R6rL-wr-TF8_b4xZo=) left the party "Nighteriders" (id=1 ownerUID=zhJxvJUIQcTeCgEZ3Xhlvc_WjNMgSdId2I-HV3Jo6tA= ownerName=DKGreear12)
15:30:57.906 [Party] Player "Vitellius" (id=QOVCOk5flZ8LlxY_vIXEUxFpj4R6rL-wr-TF8_b4xZo=) joinded the party "Nighteriders" (id=1 ownerUID=zhJxvJUIQcTeCgEZ3Xhlvc_WjNMgSdId2I-HV3Jo6tA= ownerName=DKGreear12)
15:30:57.914 [Expansion Quests] - InitQuestSystemClient - Loaded existing player quest data for player with UID: QOVCOk5flZ8LlxY_vIXEUxFpj4R6rL-wr-TF8_b4xZo=
15:30:57.914 [Expansion Quests] - InitClientQuests_NormalQuests - Create new quest instance for quest: 11 - Creator UID: QOVCOk5flZ8LlxY_vIXEUxFpj4R6rL-wr-TF8_b4xZo=
15:33:09.765 [Party] Player "Vitellius" (id=QOVCOk5flZ8LlxY_vIXEUxFpj4R6rL-wr-TF8_b4xZo=) left the party "Nighteriders" (id=1 ownerUID=zhJxvJUIQcTeCgEZ3Xhlvc_WjNMgSdId2I-HV3Jo6tA= ownerName=DKGreear12)
15:34:18.328 [Party] Player "Vitellius" (id=QOVCOk5flZ8LlxY_vIXEUxFpj4R6rL-wr-TF8_b4xZo=) joinded the party "Nighteriders" (id=1 ownerUID=zhJxvJUIQcTeCgEZ3Xhlvc_WjNMgSdId2I-HV3Jo6tA= ownerName=DKGreear12)
15:34:18.335 [Expansion Quests] - InitQuestSystemClient - Loaded existing player quest data for player with UID: QOVCOk5flZ8LlxY_vIXEUxFpj4R6rL-wr-TF8_b4xZo=
15:34:18.335 [Expansion Quests] - InitClientQuests_NormalQuests - Create new quest instance for quest: 11 - Creator UID: QOVCOk5flZ8LlxY_vIXEUxFpj4R6rL-wr-TF8_b4xZo=
15:34:29.804 [VehicleDeleted] ExpansionLHD (id=DFFB1448D043911F0579C2BE2AB234BB pos=<8070.604004, 2.753296, 7611.289063>)
15:37:19.890 [Party] Player "Vitellius" (id=QOVCOk5flZ8LlxY_vIXEUxFpj4R6rL-wr-TF8_b4xZo=) left the party "Nighteriders" (id=1 ownerUID=zhJxvJUIQcTeCgEZ3Xhlvc_WjNMgSdId2I-HV3Jo6tA= ownerName=DKGreear12)
15:37:40.046 [Party] Player "Vitellius" (id=QOVCOk5flZ8LlxY_vIXEUxFpj4R6rL-wr-TF8_b4xZo=) joinded the party "Nighteriders" (id=1 ownerUID=zhJxvJUIQcTeCgEZ3Xhlvc_WjNMgSdId2I-HV3Jo6tA= ownerName=DKGreear12)
15:37:40.054 [Expansion Quests] - InitQuestSystemClient - Loaded existing player quest data for player with UID: QOVCOk5flZ8LlxY_vIXEUxFpj4R6rL-wr-TF8_b4xZo=
15:37:40.054 [Expansion Quests] - InitClientQuests_NormalQuests - Create new quest instance for quest: 11 - Creator UID: QOVCOk5flZ8LlxY_vIXEUxFpj4R6rL-wr-TF8_b4xZo=
15:37:58.121 [VehicleDeleted] ExpansionLHD (id=7BEF171E8D467E127B5828AD5F39BFAA pos=<8926.298828, 2.745310, 7316.290527>)
15:38:06.906 [AI Patrol] Spawning 2 Shamans bots at <4671.991699, 127.190178, 7650.212891>
15:57:51.941 [AI Patrol] Spawning 2 Shamans bots at <6067.504395, 12.234950, 11553.474609>
15:57:51.980 [AI Patrol] Spawning 4 Shamans bots at <6519.938477, 23.200542, 11847.643555>
16:05:37.933 [AI Patrol] Spawning 4 Shamans bots at <4845.658203, 96.610001, 6632.611328>
16:11:22.882 [AI Patrol] Spawning 4 Shamans bots at <5412.365723, 196.300003, 6644.229980>
16:14:27.269 [AI Patrol] Spawning 3 Shamans bots at <6676.454102, 12.733621, 9854.879883>
16:22:26.980 [AI Patrol] Spawning 4 Shamans bots at <6782.793945, 15.119597, 11499.749023>
16:26:48.453 [MissionAirdrop] An airdrop is heading towards "Airstrip" (pos=<6140.000000, 0.000000, 9189.000000> type=Random_Airstrip) with a ExpansionAirdropContainer_Military
16:28:10.351 [VehicleEnter] Player Vitellius [uid=QOVCOk5flZ8LlxY_vIXEUxFpj4R6rL-wr-TF8_b4xZo=] entered vehicle SARKA 1.6i (id=E180183CE546C6EF8CD30585AD719716 pos=<5210.340820, 31.415922, 8583.073242>) as driver
16:28:19.382 [VehicleEngine] Player Vitellius [uid=QOVCOk5flZ8LlxY_vIXEUxFpj4R6rL-wr-TF8_b4xZo=] started vehicle SARKA 1.6i (id=E180183CE546C6EF8CD30585AD719716 pos=<5210.388184, 31.415432, 8583.076172>)
16:28:57.292 [AI Patrol] Spawning 2 Shamans bots at <5604.355957, 43.180000, 9611.883789>
16:31:22.039 [VehicleLeave] Player Vitellius [uid=QOVCOk5flZ8LlxY_vIXEUxFpj4R6rL-wr-TF8_b4xZo=] left vehicle SARKA 1.6i (id=E180183CE546C6EF8CD30585AD719716 pos=<6275.208496, 20.992294, 9383.880859>)
16:33:52.101 [VehicleCarKey] Player "Vitellius" (id=QOVCOk5flZ8LlxY_vIXEUxFpj4R6rL-wr-TF8_b4xZo= pos=<6276.876465, 21.028469, 9382.294922>) used the  ExpansionCarKey to lock Sedan_02 (id=E180183CE546C6EF8CD30585AD719716 pos=<6275.208496, 20.992264, 9383.880859>)
16:35:23.441 [ExplosionDamageSystem] About to explode M67Grenade_Ammo from M67Grenade<e811bf10> at <6184.89, 19.84, 9235.92> EXPLOSION range 20 dropoff 5
16:35:51.242 [ExplosionDamageSystem] About to explode M67Grenade_Ammo from M67Grenade<e811a7f0> at <6170.31, 18.87, 9240.25> EXPLOSION range 20 dropoff 5
16:36:42.578 [VehicleCarKey] Player "Vitellius" (id=QOVCOk5flZ8LlxY_vIXEUxFpj4R6rL-wr-TF8_b4xZo= pos=<6273.198242, 21.040081, 9383.534180>) used the  ExpansionCarKey to unlock Sedan_02 (id=E180183CE546C6EF8CD30585AD719716 pos=<6275.208496, 20.992264, 9383.880859>)
16:36:49.476 [VehicleEnter] Player Vitellius [uid=QOVCOk5flZ8LlxY_vIXEUxFpj4R6rL-wr-TF8_b4xZo=] entered vehicle SARKA 1.6i (id=E180183CE546C6EF8CD30585AD719716 pos=<6275.208496, 20.992285, 9383.880859>) as driver
16:36:52.570 [VehicleEngine] Player Vitellius [uid=QOVCOk5flZ8LlxY_vIXEUxFpj4R6rL-wr-TF8_b4xZo=] started vehicle SARKA 1.6i (id=E180183CE546C6EF8CD30585AD719716 pos=<6275.208496, 20.992260, 9383.880859>)
16:37:33.800 [VehicleLeave] Player Vitellius [uid=QOVCOk5flZ8LlxY_vIXEUxFpj4R6rL-wr-TF8_b4xZo=] left vehicle SARKA 1.6i (id=E180183CE546C6EF8CD30585AD719716 pos=<6116.866699, 17.662075, 9232.344727>)
16:38:04.640 [Party] Player "FluffFaceYeti" (id=8vtfObsTQABYXpVHaEsAuZ5QTEAjCvC2a-AZwd4E5dw=) left the party "Admins" (id=0 ownerUID=8vtfObsTQABYXpVHaEsAuZ5QTEAjCvC2a-AZwd4E5dw= ownerName=FluffFaceYeti)
16:39:22.839 [VehicleEnter] Player Vitellius [uid=QOVCOk5flZ8LlxY_vIXEUxFpj4R6rL-wr-TF8_b4xZo=] entered vehicle SARKA 1.6i (id=E180183CE546C6EF8CD30585AD719716 pos=<6116.914551, 17.645325, 9232.249023>) as driver
16:39:25.843 [VehicleEngine] Player Vitellius [uid=QOVCOk5flZ8LlxY_vIXEUxFpj4R6rL-wr-TF8_b4xZo=] started vehicle SARKA 1.6i (id=E180183CE546C6EF8CD30585AD719716 pos=<6116.973145, 17.624437, 9232.131836>)
16:41:25.578 [VehicleEngine] Player Vitellius [uid=QOVCOk5flZ8LlxY_vIXEUxFpj4R6rL-wr-TF8_b4xZo=] stopped vehicle SARKA 1.6i (id=E180183CE546C6EF8CD30585AD719716 pos=<5206.745605, 30.991737, 8603.481445>)
16:41:34.109 [VehicleLeave] Player Vitellius [uid=QOVCOk5flZ8LlxY_vIXEUxFpj4R6rL-wr-TF8_b4xZo=] left vehicle SARKA 1.6i (id=E180183CE546C6EF8CD30585AD719716 pos=<5206.745117, 30.991760, 8603.481445>)
16:41:47.085 [VehicleCarKey] Player "Vitellius" (id=QOVCOk5flZ8LlxY_vIXEUxFpj4R6rL-wr-TF8_b4xZo= pos=<5207.724121, 31.022448, 8602.331055>) used the  ExpansionCarKey to lock Sedan_02 (id=E180183CE546C6EF8CD30585AD719716 pos=<5206.745117, 30.991762, 8603.481445>)
16:41:48.664 [VehicleCarKey] Player "Vitellius" (id=QOVCOk5flZ8LlxY_vIXEUxFpj4R6rL-wr-TF8_b4xZo= pos=<5206.741211, 31.022451, 8601.794922>) used the  ExpansionCarKey to unlock Sedan_02 (id=E180183CE546C6EF8CD30585AD719716 pos=<5206.745117, 30.991762, 8603.481445>)
16:43:13.261 [VehicleCarKey] Player "Vitellius" (id=QOVCOk5flZ8LlxY_vIXEUxFpj4R6rL-wr-TF8_b4xZo= pos=<5207.952637, 31.022394, 8602.618164>) used the  ExpansionCarKey to lock Sedan_02 (id=E180183CE546C6EF8CD30585AD719716 pos=<5206.745117, 30.991762, 8603.481445>)
16:44:37.960 [VehicleDeleted] Sedan_02 (id=E180183CE546C6EF8CD30585AD719716 pos=<5206.745117, 30.991762, 8603.481445>)
16:44:37.960 [VehicleCover] Player "Vitellius" (id=QOVCOk5flZ8LlxY_vIXEUxFpj4R6rL-wr-TF8_b4xZo= pos=<5207.328125, 31.022474, 8600.873047>) covered vehicle "Sedan_02" (GlobalID=80000000800000008000000080000357 pos=<5206.745117, 30.991762, 8603.481445>)!
16:46:55.539 [Party] Player "Vitellius" (id=QOVCOk5flZ8LlxY_vIXEUxFpj4R6rL-wr-TF8_b4xZo=) left the party "Nighteriders" (id=1 ownerUID=zhJxvJUIQcTeCgEZ3Xhlvc_WjNMgSdId2I-HV3Jo6tA= ownerName=DKGreear12)
16:56:58.609 [Party] Player "Vitellius" (id=QOVCOk5flZ8LlxY_vIXEUxFpj4R6rL-wr-TF8_b4xZo=) joinded the party "Nighteriders" (id=1 ownerUID=zhJxvJUIQcTeCgEZ3Xhlvc_WjNMgSdId2I-HV3Jo6tA= ownerName=DKGreear12)
16:56:58.617 [Expansion Quests] - InitQuestSystemClient - Loaded existing player quest data for player with UID: QOVCOk5flZ8LlxY_vIXEUxFpj4R6rL-wr-TF8_b4xZo=
16:56:58.617 [Expansion Quests] - InitClientQuests_NormalQuests - Create new quest instance for quest: 11 - Creator UID: QOVCOk5flZ8LlxY_vIXEUxFpj4R6rL-wr-TF8_b4xZo=
17:06:26.597 [Party] Player "Vitellius" (id=QOVCOk5flZ8LlxY_vIXEUxFpj4R6rL-wr-TF8_b4xZo=) left the party "Nighteriders" (id=1 ownerUID=zhJxvJUIQcTeCgEZ3Xhlvc_WjNMgSdId2I-HV3Jo6tA= ownerName=DKGreear12)
17:11:58.476 [Party] Player "Vitellius" (id=QOVCOk5flZ8LlxY_vIXEUxFpj4R6rL-wr-TF8_b4xZo=) joinded the party "Nighteriders" (id=1 ownerUID=zhJxvJUIQcTeCgEZ3Xhlvc_WjNMgSdId2I-HV3Jo6tA= ownerName=DKGreear12)
17:11:58.484 [Expansion Quests] - InitQuestSystemClient - Loaded existing player quest data for player with UID: QOVCOk5flZ8LlxY_vIXEUxFpj4R6rL-wr-TF8_b4xZo=
17:11:58.484 [Expansion Quests] - InitClientQuests_NormalQuests - Create new quest instance for quest: 11 - Creator UID: QOVCOk5flZ8LlxY_vIXEUxFpj4R6rL-wr-TF8_b4xZo=
17:19:24.460 [Expansion Quests] - InitQuestSystemClient - Loaded existing player quest data for player with UID: UZN5tGltNt75yakvnHMBRC6DCs3uZE5B00cvrHgEpog=
17:20:07.843 [SpawnSelection] Player "Cirden Fang" (id=UZN5tGltNt75yakvnHMBRC6DCs3uZE5B00cvrHgEpog=) spawned at <8995.268555, 3.661735, 9906.744141>
17:22:07.398 [AI Patrol] Spawning 4 Shamans bots at <5460.669922, 14.200000, 10421.049805>
17:22:28.847 [Safezone] Player "Vitellius" (id=QOVCOk5flZ8LlxY_vIXEUxFpj4R6rL-wr-TF8_b4xZo= pos=<8577.558594, 14.741395, 10512.762695>) Entered the safezone
17:28:23.906 [Safezone] Player "Cirden Fang" (id=UZN5tGltNt75yakvnHMBRC6DCs3uZE5B00cvrHgEpog= pos=<8893.677734, 13.737820, 10275.330078>) Entered the safezone
17:29:30.953 [Expansion Quests] - CompleteQuest - Player with UID UZN5tGltNt75yakvnHMBRC6DCs3uZE5B00cvrHgEpog= has completed quest 14
17:30:40.218 [ATM] Player "Cirden Fang" (id=UZN5tGltNt75yakvnHMBRC6DCs3uZE5B00cvrHgEpog=) has withdrawn 500 from his ATM account.
17:31:56.089 [Market] Player "Cirden Fang" (id=UZN5tGltNt75yakvnHMBRC6DCs3uZE5B00cvrHgEpog=) has send a requested to purchase gorkapants_summer x1 from the trader "Clothing (Naomi [#STR_EXPANSION_MARKET_TRADER_CLOTHING])" in market zone "Jalovisko Trading Zone" (pos=<8583.669922, 24.549999, 10515.000000>).
17:31:56.148 [Market] Player "Cirden Fang" (id=UZN5tGltNt75yakvnHMBRC6DCs3uZE5B00cvrHgEpog=) has bought gorkapants_summer x1 from the trader "Clothing (Naomi [#STR_EXPANSION_MARKET_TRADER_CLOTHING])" in market zone "Jalovisko Trading Zone" (pos=<8583.669922, 24.549999, 10515.000000>) for a price of 130.
17:32:16.871 [Market] Player "Cirden Fang" (id=UZN5tGltNt75yakvnHMBRC6DCs3uZE5B00cvrHgEpog=) has send a requested to purchase gorkapants_summer x1 from the trader "Clothing (Naomi [#STR_EXPANSION_MARKET_TRADER_CLOTHING])" in market zone "Jalovisko Trading Zone" (pos=<8583.669922, 24.549999, 10515.000000>).
17:32:16.929 [Market] Player "Cirden Fang" (id=UZN5tGltNt75yakvnHMBRC6DCs3uZE5B00cvrHgEpog=) has bought gorkapants_summer x1 from the trader "Clothing (Naomi [#STR_EXPANSION_MARKET_TRADER_CLOTHING])" in market zone "Jalovisko Trading Zone" (pos=<8583.669922, 24.549999, 10515.000000>) for a price of 130.
17:32:30.585 [Safezone] Player "Vitellius" (id=QOVCOk5flZ8LlxY_vIXEUxFpj4R6rL-wr-TF8_b4xZo= pos=<5229.528809, 31.479239, 8586.394531>) Left the safezone
17:32:48.820 [Safezone] Player "Vitellius" (id=QOVCOk5flZ8LlxY_vIXEUxFpj4R6rL-wr-TF8_b4xZo= pos=<8565.385742, 14.835495, 10494.160156>) Entered the safezone
17:33:10.300 [Market] Player "Vitellius" (id=QOVCOk5flZ8LlxY_vIXEUxFpj4R6rL-wr-TF8_b4xZo=) has send a requested to purchase msfc_militarytacticalbag30l_multicam_black x1 from the trader "Clothing (Naomi [#STR_EXPANSION_MARKET_TRADER_CLOTHING])" in market zone "Jalovisko Trading Zone" (pos=<8583.669922, 24.549999, 10515.000000>).
17:33:10.367 [Market] Player "Vitellius" (id=QOVCOk5flZ8LlxY_vIXEUxFpj4R6rL-wr-TF8_b4xZo=) has bought msfc_militarytacticalbag30l_multicam_black x1 from the trader "Clothing (Naomi [#STR_EXPANSION_MARKET_TRADER_CLOTHING])" in market zone "Jalovisko Trading Zone" (pos=<8583.669922, 24.549999, 10515.000000>) for a price of 500.
17:33:12.375 [Market] Player "Vitellius" (id=QOVCOk5flZ8LlxY_vIXEUxFpj4R6rL-wr-TF8_b4xZo=) has send a requested to purchase msfc_pouches_two_multicam_black x1 from the trader "Clothing (Naomi [#STR_EXPANSION_MARKET_TRADER_CLOTHING])" in market zone "Jalovisko Trading Zone" (pos=<8583.669922, 24.549999, 10515.000000>).
17:33:12.468 [Market] Player "Vitellius" (id=QOVCOk5flZ8LlxY_vIXEUxFpj4R6rL-wr-TF8_b4xZo=) has bought msfc_pouches_two_multicam_black x1 from the trader "Clothing (Naomi [#STR_EXPANSION_MARKET_TRADER_CLOTHING])" in market zone "Jalovisko Trading Zone" (pos=<8583.669922, 24.549999, 10515.000000>) for a price of 500.
17:33:13.078 [Market] Player "Vitellius" (id=QOVCOk5flZ8LlxY_vIXEUxFpj4R6rL-wr-TF8_b4xZo=) has send a requested to purchase msfc_pouches_ifak_multicam_black x1 from the trader "Clothing (Naomi [#STR_EXPANSION_MARKET_TRADER_CLOTHING])" in market zone "Jalovisko Trading Zone" (pos=<8583.669922, 24.549999, 10515.000000>).
17:33:13.144 [Market] Player "Vitellius" (id=QOVCOk5flZ8LlxY_vIXEUxFpj4R6rL-wr-TF8_b4xZo=) has bought msfc_pouches_ifak_multicam_black x1 from the trader "Clothing (Naomi [#STR_EXPANSION_MARKET_TRADER_CLOTHING])" in market zone "Jalovisko Trading Zone" (pos=<8583.669922, 24.549999, 10515.000000>) for a price of 500.
17:33:23.281 [Market] Player "Cirden Fang" (id=UZN5tGltNt75yakvnHMBRC6DCs3uZE5B00cvrHgEpog=) has send a requested to sell gorkapants_summer x1 at the trader "Clothing (Naomi [#STR_EXPANSION_MARKET_TRADER_CLOTHING])" in market zone "Jalovisko Trading Zone" (pos=<8583.669922, 24.549999, 10515.000000>).
17:33:23.324 [Market] Player "Cirden Fang" (id=UZN5tGltNt75yakvnHMBRC6DCs3uZE5B00cvrHgEpog=) has sold gorkapants_summer x1 at the trader "Clothing (Naomi [#STR_EXPANSION_MARKET_TRADER_CLOTHING])" in market zone "Jalovisko Trading Zone" (pos=<8583.669922, 24.549999, 10515.000000>) and got 65.
17:33:27.000 [Market] Player "Cirden Fang" (id=UZN5tGltNt75yakvnHMBRC6DCs3uZE5B00cvrHgEpog=) has send a requested to sell gorkapants_summer x1 at the trader "Clothing (Naomi [#STR_EXPANSION_MARKET_TRADER_CLOTHING])" in market zone "Jalovisko Trading Zone" (pos=<8583.669922, 24.549999, 10515.000000>).
17:33:27.062 [Market] Player "Cirden Fang" (id=UZN5tGltNt75yakvnHMBRC6DCs3uZE5B00cvrHgEpog=) has sold gorkapants_summer x1 at the trader "Clothing (Naomi [#STR_EXPANSION_MARKET_TRADER_CLOTHING])" in market zone "Jalovisko Trading Zone" (pos=<8583.669922, 24.549999, 10515.000000>) and got 65.
17:34:24.281 [Market] Player "Cirden Fang" (id=UZN5tGltNt75yakvnHMBRC6DCs3uZE5B00cvrHgEpog=) has send a requested to purchase bomberjacket_brown x1 from the trader "Clothing (Naomi [#STR_EXPANSION_MARKET_TRADER_CLOTHING])" in market zone "Jalovisko Trading Zone" (pos=<8583.669922, 24.549999, 10515.000000>).
17:34:24.320 [Market] Player "Cirden Fang" (id=UZN5tGltNt75yakvnHMBRC6DCs3uZE5B00cvrHgEpog=) has bought bomberjacket_brown x1 from the trader "Clothing (Naomi [#STR_EXPANSION_MARKET_TRADER_CLOTHING])" in market zone "Jalovisko Trading Zone" (pos=<8583.669922, 24.549999, 10515.000000>) for a price of 26.
17:34:36.546 [Market] Player "Cirden Fang" (id=UZN5tGltNt75yakvnHMBRC6DCs3uZE5B00cvrHgEpog=) has send a requested to purchase bomberjacket_grey x1 from the trader "Clothing (Naomi [#STR_EXPANSION_MARKET_TRADER_CLOTHING])" in market zone "Jalovisko Trading Zone" (pos=<8583.669922, 24.549999, 10515.000000>).
17:34:36.679 [Market] Player "Cirden Fang" (id=UZN5tGltNt75yakvnHMBRC6DCs3uZE5B00cvrHgEpog=) has bought bomberjacket_grey x1 from the trader "Clothing (Naomi [#STR_EXPANSION_MARKET_TRADER_CLOTHING])" in market zone "Jalovisko Trading Zone" (pos=<8583.669922, 24.549999, 10515.000000>) for a price of 26.
17:36:44.257 [Market] Player "Vitellius" (id=QOVCOk5flZ8LlxY_vIXEUxFpj4R6rL-wr-TF8_b4xZo=) has send a requested to purchase msfc_pouches_two_black x1 from the trader "Clothing (Naomi [#STR_EXPANSION_MARKET_TRADER_CLOTHING])" in market zone "Jalovisko Trading Zone" (pos=<8583.669922, 24.549999, 10515.000000>).
17:36:44.296 [Market] Player "Vitellius" (id=QOVCOk5flZ8LlxY_vIXEUxFpj4R6rL-wr-TF8_b4xZo=) has bought msfc_pouches_two_black x1 from the trader "Clothing (Naomi [#STR_EXPANSION_MARKET_TRADER_CLOTHING])" in market zone "Jalovisko Trading Zone" (pos=<8583.669922, 24.549999, 10515.000000>) for a price of 500.
17:36:45.070 [Market] Player "Vitellius" (id=QOVCOk5flZ8LlxY_vIXEUxFpj4R6rL-wr-TF8_b4xZo=) has send a requested to purchase msfc_pouches_one_black x1 from the trader "Clothing (Naomi [#STR_EXPANSION_MARKET_TRADER_CLOTHING])" in market zone "Jalovisko Trading Zone" (pos=<8583.669922, 24.549999, 10515.000000>).
17:36:45.105 [Market] Player "Vitellius" (id=QOVCOk5flZ8LlxY_vIXEUxFpj4R6rL-wr-TF8_b4xZo=) has bought msfc_pouches_one_black x1 from the trader "Clothing (Naomi [#STR_EXPANSION_MARKET_TRADER_CLOTHING])" in market zone "Jalovisko Trading Zone" (pos=<8583.669922, 24.549999, 10515.000000>) for a price of 500.
17:40:26.312 [Market] Player "Vitellius" (id=QOVCOk5flZ8LlxY_vIXEUxFpj4R6rL-wr-TF8_b4xZo=) has send a requested to purchase msfc_tactec_vest_atacsfg x1 from the trader "Clothing (Naomi [#STR_EXPANSION_MARKET_TRADER_CLOTHING])" in market zone "Jalovisko Trading Zone" (pos=<8583.669922, 24.549999, 10515.000000>).
17:40:26.398 [Market] Player "Vitellius" (id=QOVCOk5flZ8LlxY_vIXEUxFpj4R6rL-wr-TF8_b4xZo=) has bought msfc_tactec_vest_atacsfg x1 from the trader "Clothing (Naomi [#STR_EXPANSION_MARKET_TRADER_CLOTHING])" in market zone "Jalovisko Trading Zone" (pos=<8583.669922, 24.549999, 10515.000000>) for a price of 500.
17:41:42.085 [Market] Player "Vitellius" (id=QOVCOk5flZ8LlxY_vIXEUxFpj4R6rL-wr-TF8_b4xZo=) has send a requested to sell msfc_tactec_vest_atacsfg x1 at the trader "Clothing (Naomi [#STR_EXPANSION_MARKET_TRADER_CLOTHING])" in market zone "Jalovisko Trading Zone" (pos=<8583.669922, 24.549999, 10515.000000>).
17:41:42.160 [Market] Player "Vitellius" (id=QOVCOk5flZ8LlxY_vIXEUxFpj4R6rL-wr-TF8_b4xZo=) has sold msfc_tactec_vest_atacsfg x1 at the trader "Clothing (Naomi [#STR_EXPANSION_MARKET_TRADER_CLOTHING])" in market zone "Jalovisko Trading Zone" (pos=<8583.669922, 24.549999, 10515.000000>) and got 250.
17:41:50.710 [Market] Player "Vitellius" (id=QOVCOk5flZ8LlxY_vIXEUxFpj4R6rL-wr-TF8_b4xZo=) has send a requested to purchase msfc_tactec_vest_atacsfg x1 from the trader "Clothing (Naomi [#STR_EXPANSION_MARKET_TRADER_CLOTHING])" in market zone "Jalovisko Trading Zone" (pos=<8583.669922, 24.549999, 10515.000000>).
17:41:50.757 [Market] Player "Vitellius" (id=QOVCOk5flZ8LlxY_vIXEUxFpj4R6rL-wr-TF8_b4xZo=) has bought msfc_tactec_vest_atacsfg x1 from the trader "Clothing (Naomi [#STR_EXPANSION_MARKET_TRADER_CLOTHING])" in market zone "Jalovisko Trading Zone" (pos=<8583.669922, 24.549999, 10515.000000>) for a price of 500.
17:42:05.937 [Market] Player "Vitellius" (id=QOVCOk5flZ8LlxY_vIXEUxFpj4R6rL-wr-TF8_b4xZo=) has send a requested to sell msfc_tactec_vest_atacsfg x1 at the trader "Clothing (Naomi [#STR_EXPANSION_MARKET_TRADER_CLOTHING])" in market zone "Jalovisko Trading Zone" (pos=<8583.669922, 24.549999, 10515.000000>).
17:42:06.039 [Market] Player "Vitellius" (id=QOVCOk5flZ8LlxY_vIXEUxFpj4R6rL-wr-TF8_b4xZo=) has sold msfc_tactec_vest_atacsfg x1 at the trader "Clothing (Naomi [#STR_EXPANSION_MARKET_TRADER_CLOTHING])" in market zone "Jalovisko Trading Zone" (pos=<8583.669922, 24.549999, 10515.000000>) and got 250.
17:42:19.414 [Market] Player "Vitellius" (id=QOVCOk5flZ8LlxY_vIXEUxFpj4R6rL-wr-TF8_b4xZo=) has send a requested to purchase msfc_tactec_vest_green x1 from the trader "Clothing (Naomi [#STR_EXPANSION_MARKET_TRADER_CLOTHING])" in market zone "Jalovisko Trading Zone" (pos=<8583.669922, 24.549999, 10515.000000>).
17:42:19.476 [Market] Player "Vitellius" (id=QOVCOk5flZ8LlxY_vIXEUxFpj4R6rL-wr-TF8_b4xZo=) has bought msfc_tactec_vest_green x1 from the trader "Clothing (Naomi [#STR_EXPANSION_MARKET_TRADER_CLOTHING])" in market zone "Jalovisko Trading Zone" (pos=<8583.669922, 24.549999, 10515.000000>) for a price of 500.
17:42:35.390 [Market] Player "Vitellius" (id=QOVCOk5flZ8LlxY_vIXEUxFpj4R6rL-wr-TF8_b4xZo=) has send a requested to sell msfc_tactec_vest_green x1 at the trader "Clothing (Naomi [#STR_EXPANSION_MARKET_TRADER_CLOTHING])" in market zone "Jalovisko Trading Zone" (pos=<8583.669922, 24.549999, 10515.000000>).
17:42:35.468 [Market] Player "Vitellius" (id=QOVCOk5flZ8LlxY_vIXEUxFpj4R6rL-wr-TF8_b4xZo=) has sold msfc_tactec_vest_green x1 at the trader "Clothing (Naomi [#STR_EXPANSION_MARKET_TRADER_CLOTHING])" in market zone "Jalovisko Trading Zone" (pos=<8583.669922, 24.549999, 10515.000000>) and got 250.
17:42:47.570 [Market] Player "Vitellius" (id=QOVCOk5flZ8LlxY_vIXEUxFpj4R6rL-wr-TF8_b4xZo=) has send a requested to purchase msfc_jpc_vest_multicamblack x1 from the trader "Clothing (Naomi [#STR_EXPANSION_MARKET_TRADER_CLOTHING])" in market zone "Jalovisko Trading Zone" (pos=<8583.669922, 24.549999, 10515.000000>).
17:42:47.625 [Market] Player "Vitellius" (id=QOVCOk5flZ8LlxY_vIXEUxFpj4R6rL-wr-TF8_b4xZo=) has bought msfc_jpc_vest_multicamblack x1 from the trader "Clothing (Naomi [#STR_EXPANSION_MARKET_TRADER_CLOTHING])" in market zone "Jalovisko Trading Zone" (pos=<8583.669922, 24.549999, 10515.000000>) for a price of 500.
17:43:04.707 [Market] Player "Vitellius" (id=QOVCOk5flZ8LlxY_vIXEUxFpj4R6rL-wr-TF8_b4xZo=) has send a requested to sell msfc_jpc_vest_multicamblack x1 at the trader "Clothing (Naomi [#STR_EXPANSION_MARKET_TRADER_CLOTHING])" in market zone "Jalovisko Trading Zone" (pos=<8583.669922, 24.549999, 10515.000000>).
17:43:04.761 [Market] Player "Vitellius" (id=QOVCOk5flZ8LlxY_vIXEUxFpj4R6rL-wr-TF8_b4xZo=) has sold msfc_jpc_vest_multicamblack x1 at the trader "Clothing (Naomi [#STR_EXPANSION_MARKET_TRADER_CLOTHING])" in market zone "Jalovisko Trading Zone" (pos=<8583.669922, 24.549999, 10515.000000>) and got 250.
17:44:32.070 [Market] Player "Vitellius" (id=QOVCOk5flZ8LlxY_vIXEUxFpj4R6rL-wr-TF8_b4xZo=) has send a requested to purchase msfc_pouches_magazine_black x1 from the trader "Clothing (Naomi [#STR_EXPANSION_MARKET_TRADER_CLOTHING])" in market zone "Jalovisko Trading Zone" (pos=<8583.669922, 24.549999, 10515.000000>).
17:44:32.121 [Market] Player "Vitellius" (id=QOVCOk5flZ8LlxY_vIXEUxFpj4R6rL-wr-TF8_b4xZo=) has bought msfc_pouches_magazine_black x1 from the trader "Clothing (Naomi [#STR_EXPANSION_MARKET_TRADER_CLOTHING])" in market zone "Jalovisko Trading Zone" (pos=<8583.669922, 24.549999, 10515.000000>) for a price of 500.
17:44:32.656 [Market] Player "Vitellius" (id=QOVCOk5flZ8LlxY_vIXEUxFpj4R6rL-wr-TF8_b4xZo=) has send a requested to purchase msfc_pouches_magazine_green x1 from the trader "Clothing (Naomi [#STR_EXPANSION_MARKET_TRADER_CLOTHING])" in market zone "Jalovisko Trading Zone" (pos=<8583.669922, 24.549999, 10515.000000>).
17:44:32.703 [Market] Player "Vitellius" (id=QOVCOk5flZ8LlxY_vIXEUxFpj4R6rL-wr-TF8_b4xZo=) has bought msfc_pouches_magazine_green x1 from the trader "Clothing (Naomi [#STR_EXPANSION_MARKET_TRADER_CLOTHING])" in market zone "Jalovisko Trading Zone" (pos=<8583.669922, 24.549999, 10515.000000>) for a price of 500.
17:48:24.007 [Market] Player "Vitellius" (id=QOVCOk5flZ8LlxY_vIXEUxFpj4R6rL-wr-TF8_b4xZo=) has send a requested to purchase msfc_canteen_multicamblack x1 from the trader "Clothing (Naomi [#STR_EXPANSION_MARKET_TRADER_CLOTHING])" in market zone "Jalovisko Trading Zone" (pos=<8583.669922, 24.549999, 10515.000000>).
17:48:24.082 [Market] Player "Vitellius" (id=QOVCOk5flZ8LlxY_vIXEUxFpj4R6rL-wr-TF8_b4xZo=) has bought msfc_canteen_multicamblack x1 from the trader "Clothing (Naomi [#STR_EXPANSION_MARKET_TRADER_CLOTHING])" in market zone "Jalovisko Trading Zone" (pos=<8583.669922, 24.549999, 10515.000000>) for a price of 500.
17:49:01.867 [Market] Player "Vitellius" (id=QOVCOk5flZ8LlxY_vIXEUxFpj4R6rL-wr-TF8_b4xZo=) has send a requested to sell platecarrierpouches x1 at the trader "Clothing_Accessories (Helga [#STR_EXPANSION_MARKET_TRADER_CLOTHING_ACCESSORIES])" in market zone "Jalovisko Trading Zone" (pos=<8583.669922, 24.549999, 10515.000000>).
17:49:01.914 [Market] Player "Vitellius" (id=QOVCOk5flZ8LlxY_vIXEUxFpj4R6rL-wr-TF8_b4xZo=) has sold platecarrierpouches x1 at the trader "Clothing_Accessories (Helga [#STR_EXPANSION_MARKET_TRADER_CLOTHING_ACCESSORIES])" in market zone "Jalovisko Trading Zone" (pos=<8583.669922, 24.549999, 10515.000000>) and got 50.
17:49:46.195 [Market] Player "Vitellius" (id=QOVCOk5flZ8LlxY_vIXEUxFpj4R6rL-wr-TF8_b4xZo=) has send a requested to sell platecarriervest_green x1 at the trader "Clothing_Accessories (Helga [#STR_EXPANSION_MARKET_TRADER_CLOTHING_ACCESSORIES])" in market zone "Jalovisko Trading Zone" (pos=<8583.669922, 24.549999, 10515.000000>).
17:49:46.234 [Market] Player "Vitellius" (id=QOVCOk5flZ8LlxY_vIXEUxFpj4R6rL-wr-TF8_b4xZo=) has sold platecarriervest_green x1 at the trader "Clothing_Accessories (Helga [#STR_EXPANSION_MARKET_TRADER_CLOTHING_ACCESSORIES])" in market zone "Jalovisko Trading Zone" (pos=<8583.669922, 24.549999, 10515.000000>) and got 125.
17:51:06.328 [Safezone] Player "Vitellius" (id=QOVCOk5flZ8LlxY_vIXEUxFpj4R6rL-wr-TF8_b4xZo= pos=<5224.159180, 31.521597, 8586.146484>) Left the safezone
17:53:00.546 [MissionAirdrop] An airdrop is heading towards "Airstrip" (pos=<6140.000000, 0.000000, 9189.000000> type=Random_Airstrip) with a ExpansionAirdropContainer_Military
18:04:14.472 [Party] Player "DKGreear12" (id=zhJxvJUIQcTeCgEZ3Xhlvc_WjNMgSdId2I-HV3Jo6tA=) joinded the party "Nighteriders" (id=1 ownerUID=zhJxvJUIQcTeCgEZ3Xhlvc_WjNMgSdId2I-HV3Jo6tA= ownerName=DKGreear12)
18:04:14.488 [Expansion Quests] - InitQuestSystemClient - Loaded existing player quest data for player with UID: zhJxvJUIQcTeCgEZ3Xhlvc_WjNMgSdId2I-HV3Jo6tA=
18:04:14.488 [Expansion Quests] - InitClientQuests_NormalQuests - Create new quest instance for quest: 11 - Creator UID: zhJxvJUIQcTeCgEZ3Xhlvc_WjNMgSdId2I-HV3Jo6tA=
18:09:59.218 [Party] Player "RC" (id=-G7h99lSZDcoLDkS_Pf_kTJ_FSRUsnlVGD6gnAZk71c=) joinded the party "Nighteriders" (id=1 ownerUID=zhJxvJUIQcTeCgEZ3Xhlvc_WjNMgSdId2I-HV3Jo6tA= ownerName=DKGreear12)
18:09:59.226 [Expansion Quests] - InitQuestSystemClient - Loaded existing player quest data for player with UID: -G7h99lSZDcoLDkS_Pf_kTJ_FSRUsnlVGD6gnAZk71c=
18:09:59.230 [Expansion Quests] - InitClientQuests_NormalQuests - Create new quest instance for quest: 9 - Creator UID: -G7h99lSZDcoLDkS_Pf_kTJ_FSRUsnlVGD6gnAZk71c=
18:09:59.230 [Expansion Quests] - InitClientQuests_NormalQuests - Create new quest instance for quest: 11 - Creator UID: -G7h99lSZDcoLDkS_Pf_kTJ_FSRUsnlVGD6gnAZk71c=
18:09:59.234 [Expansion Quests] - InitClientQuests_NormalQuests - Create new quest instance for quest: 7 - Creator UID: -G7h99lSZDcoLDkS_Pf_kTJ_FSRUsnlVGD6gnAZk71c=
18:11:52.253 [VehicleCover] Player "RC" (id=-G7h99lSZDcoLDkS_Pf_kTJ_FSRUsnlVGD6gnAZk71c= pos=<5208.158691, 31.022459, 8601.880859>) uncovered vehicle "Sedan_02" (GlobalID=80000000800000008000000080000357 pos=<5206.745117, 30.991762, 8603.481445>)!
18:11:58.718 [VehicleCarKey] Player "Vitellius" (id=QOVCOk5flZ8LlxY_vIXEUxFpj4R6rL-wr-TF8_b4xZo= pos=<5207.015137, 31.022455, 8601.599609>) used the  ExpansionCarKey to unlock Sedan_02 (id=E3AA539F8D4C255147D41CA4414AB7E2 pos=<5206.747070, 30.991737, 8603.484375>)
18:13:20.343 [VehicleEnter] Player RC [uid=-G7h99lSZDcoLDkS_Pf_kTJ_FSRUsnlVGD6gnAZk71c=] entered vehicle SARKA 1.6i (id=E3AA539F8D4C255147D41CA4414AB7E2 pos=<5206.747070, 30.991762, 8603.484375>) as driver
18:14:05.257 [Party] Player "RC" (id=-G7h99lSZDcoLDkS_Pf_kTJ_FSRUsnlVGD6gnAZk71c=) left the party "Nighteriders" (id=1 ownerUID=zhJxvJUIQcTeCgEZ3Xhlvc_WjNMgSdId2I-HV3Jo6tA= ownerName=DKGreear12)
18:14:23.500 [Party] Player "RC" (id=-G7h99lSZDcoLDkS_Pf_kTJ_FSRUsnlVGD6gnAZk71c=) joinded the party "Nighteriders" (id=1 ownerUID=zhJxvJUIQcTeCgEZ3Xhlvc_WjNMgSdId2I-HV3Jo6tA= ownerName=DKGreear12)
18:14:23.515 [Expansion Quests] - InitQuestSystemClient - Loaded existing player quest data for player with UID: -G7h99lSZDcoLDkS_Pf_kTJ_FSRUsnlVGD6gnAZk71c=
18:14:23.515 [Expansion Quests] - InitClientQuests_NormalQuests - Create new quest instance for quest: 9 - Creator UID: -G7h99lSZDcoLDkS_Pf_kTJ_FSRUsnlVGD6gnAZk71c=
18:14:23.515 [Expansion Quests] - InitClientQuests_NormalQuests - Create new quest instance for quest: 11 - Creator UID: -G7h99lSZDcoLDkS_Pf_kTJ_FSRUsnlVGD6gnAZk71c=
18:14:31.796 [VehicleEnter] Player RC [uid=-G7h99lSZDcoLDkS_Pf_kTJ_FSRUsnlVGD6gnAZk71c=] entered vehicle SARKA 1.6i (id=E3AA539F8D4C255147D41CA4414AB7E2 pos=<5206.744629, 30.991829, 8603.487305>) as driver
18:14:38.500 [VehicleEngine] Player RC [uid=-G7h99lSZDcoLDkS_Pf_kTJ_FSRUsnlVGD6gnAZk71c=] started vehicle SARKA 1.6i (id=E3AA539F8D4C255147D41CA4414AB7E2 pos=<5206.745117, 30.991827, 8603.488281>)
18:14:43.000 [VehicleEngine] Player RC [uid=-G7h99lSZDcoLDkS_Pf_kTJ_FSRUsnlVGD6gnAZk71c=] stopped vehicle SARKA 1.6i (id=E3AA539F8D4C255147D41CA4414AB7E2 pos=<5206.744629, 30.991835, 8603.488281>)
18:15:08.023 [VehicleLeave] Player RC [uid=-G7h99lSZDcoLDkS_Pf_kTJ_FSRUsnlVGD6gnAZk71c=] left vehicle SARKA 1.6i (id=E3AA539F8D4C255147D41CA4414AB7E2 pos=<5206.744141, 30.991951, 8603.490234>)
18:15:24.195 [VehicleEnter] Player Vitellius [uid=QOVCOk5flZ8LlxY_vIXEUxFpj4R6rL-wr-TF8_b4xZo=] entered vehicle SARKA 1.6i (id=E3AA539F8D4C255147D41CA4414AB7E2 pos=<5206.743652, 30.991964, 8603.490234>) as driver
18:15:28.460 [VehicleEngine] Player Vitellius [uid=QOVCOk5flZ8LlxY_vIXEUxFpj4R6rL-wr-TF8_b4xZo=] started vehicle SARKA 1.6i (id=E3AA539F8D4C255147D41CA4414AB7E2 pos=<5206.743652, 30.992043, 8603.490234>)
18:15:50.640 [VehicleEnter] Player RC [uid=-G7h99lSZDcoLDkS_Pf_kTJ_FSRUsnlVGD6gnAZk71c=] entered vehicle SARKA 1.6i (id=E3AA539F8D4C255147D41CA4414AB7E2 pos=<5220.750977, 31.345419, 8608.440430>) as passenger
18:15:53.554 [VehicleEnter] Player DKGreear12 [uid=zhJxvJUIQcTeCgEZ3Xhlvc_WjNMgSdId2I-HV3Jo6tA=] entered vehicle SARKA 1.6i (id=E3AA539F8D4C255147D41CA4414AB7E2 pos=<5220.676758, 31.323797, 8608.296875>) as passenger
18:21:13.640 [VehicleLeave] Player RC [uid=-G7h99lSZDcoLDkS_Pf_kTJ_FSRUsnlVGD6gnAZk71c=] left vehicle SARKA 1.6i (id=E3AA539F8D4C255147D41CA4414AB7E2 pos=<7767.361328, 22.702965, 10761.099609>)
18:21:25.656 [VehicleEngine] Player Vitellius [uid=QOVCOk5flZ8LlxY_vIXEUxFpj4R6rL-wr-TF8_b4xZo=] stopped vehicle SARKA 1.6i (id=E3AA539F8D4C255147D41CA4414AB7E2 pos=<7767.361816, 22.703186, 10761.100586>)
18:21:31.078 [VehicleLeave] Player Vitellius [uid=QOVCOk5flZ8LlxY_vIXEUxFpj4R6rL-wr-TF8_b4xZo=] left vehicle SARKA 1.6i (id=E3AA539F8D4C255147D41CA4414AB7E2 pos=<7767.362305, 22.703188, 10761.100586>)
18:21:50.421 [VehicleEnter] Player RC [uid=-G7h99lSZDcoLDkS_Pf_kTJ_FSRUsnlVGD6gnAZk71c=] entered vehicle SARKA 1.6i (id=E3AA539F8D4C255147D41CA4414AB7E2 pos=<7749.549805, 20.119709, 10771.359375>) as driver
18:21:56.484 [VehicleLeave] Player RC [uid=-G7h99lSZDcoLDkS_Pf_kTJ_FSRUsnlVGD6gnAZk71c=] left vehicle SARKA 1.6i (id=E3AA539F8D4C255147D41CA4414AB7E2 pos=<7749.547363, 20.119576, 10771.359375>)
18:22:00.203 [VehicleLeave] Player DKGreear12 [uid=zhJxvJUIQcTeCgEZ3Xhlvc_WjNMgSdId2I-HV3Jo6tA=] left vehicle SARKA 1.6i (id=E3AA539F8D4C255147D41CA4414AB7E2 pos=<7749.547363, 20.119614, 10771.359375>)
18:22:03.039 [VehicleEnter] Player Vitellius [uid=QOVCOk5flZ8LlxY_vIXEUxFpj4R6rL-wr-TF8_b4xZo=] entered vehicle SARKA 1.6i (id=E3AA539F8D4C255147D41CA4414AB7E2 pos=<7749.546875, 20.119545, 10771.359375>) as driver
18:22:12.390 [VehicleEnter] Player DKGreear12 [uid=zhJxvJUIQcTeCgEZ3Xhlvc_WjNMgSdId2I-HV3Jo6tA=] entered vehicle SARKA 1.6i (id=E3AA539F8D4C255147D41CA4414AB7E2 pos=<7749.545898, 20.119530, 10771.360352>) as passenger
18:22:13.921 [VehicleEngine] Player Vitellius [uid=QOVCOk5flZ8LlxY_vIXEUxFpj4R6rL-wr-TF8_b4xZo=] started vehicle SARKA 1.6i (id=E3AA539F8D4C255147D41CA4414AB7E2 pos=<7749.545410, 20.119541, 10771.360352>)
18:22:51.820 [VehicleEnter] Player RC [uid=-G7h99lSZDcoLDkS_Pf_kTJ_FSRUsnlVGD6gnAZk71c=] entered vehicle SARKA 1.6i (id=E3AA539F8D4C255147D41CA4414AB7E2 pos=<7788.740723, 24.060883, 10687.044922>) as passenger
18:23:58.671 [Safezone] Player "RC" (id=-G7h99lSZDcoLDkS_Pf_kTJ_FSRUsnlVGD6gnAZk71c= pos=<8200.852539, 15.498631, 10609.502930>) Entered the safezone
18:23:58.671 [Safezone] Player "DKGreear12" (id=zhJxvJUIQcTeCgEZ3Xhlvc_WjNMgSdId2I-HV3Jo6tA= pos=<8201.698242, 15.549723, 10609.514648>) Entered the safezone
18:23:58.718 [Safezone] Player "Vitellius" (id=QOVCOk5flZ8LlxY_vIXEUxFpj4R6rL-wr-TF8_b4xZo= pos=<8202.981445, 15.550439, 10610.303711>) Entered the safezone
18:24:42.390 [VehicleLeave] Player RC [uid=-G7h99lSZDcoLDkS_Pf_kTJ_FSRUsnlVGD6gnAZk71c=] left vehicle SARKA 1.6i (id=E3AA539F8D4C255147D41CA4414AB7E2 pos=<8549.970703, 14.843686, 10498.669922>)
18:24:44.906 [VehicleLeave] Player DKGreear12 [uid=zhJxvJUIQcTeCgEZ3Xhlvc_WjNMgSdId2I-HV3Jo6tA=] left vehicle SARKA 1.6i (id=E3AA539F8D4C255147D41CA4414AB7E2 pos=<8545.566406, 14.838104, 10494.919922>)
18:24:57.867 [VehicleLeave] Player Vitellius [uid=QOVCOk5flZ8LlxY_vIXEUxFpj4R6rL-wr-TF8_b4xZo=] left vehicle SARKA 1.6i (id=E3AA539F8D4C255147D41CA4414AB7E2 pos=<8591.583984, 14.695867, 10503.418945>)
18:26:15.531 [VehicleEnter] Player RC [uid=-G7h99lSZDcoLDkS_Pf_kTJ_FSRUsnlVGD6gnAZk71c=] entered vehicle SARKA 1.6i (id=E3AA539F8D4C255147D41CA4414AB7E2 pos=<8591.583984, 14.695878, 10503.418945>) as driver
18:26:17.468 [VehicleEngine] Player RC [uid=-G7h99lSZDcoLDkS_Pf_kTJ_FSRUsnlVGD6gnAZk71c=] started vehicle SARKA 1.6i (id=E3AA539F8D4C255147D41CA4414AB7E2 pos=<8591.583984, 14.695879, 10503.419922>)
18:26:34.679 [Market] Player "DKGreear12" (id=zhJxvJUIQcTeCgEZ3Xhlvc_WjNMgSdId2I-HV3Jo6tA=) has send a requested to purchase msfc_mich2001_multicamblack x1 from the trader "Clothing (Naomi [#STR_EXPANSION_MARKET_TRADER_CLOTHING])" in market zone "Jalovisko Trading Zone" (pos=<8583.669922, 24.549999, 10515.000000>).
18:26:34.765 [Market] Player "DKGreear12" (id=zhJxvJUIQcTeCgEZ3Xhlvc_WjNMgSdId2I-HV3Jo6tA=) has bought msfc_mich2001_multicamblack x1 from the trader "Clothing (Naomi [#STR_EXPANSION_MARKET_TRADER_CLOTHING])" in market zone "Jalovisko Trading Zone" (pos=<8583.669922, 24.549999, 10515.000000>) for a price of 500.
18:26:34.835 [Market] Player "Vitellius" (id=QOVCOk5flZ8LlxY_vIXEUxFpj4R6rL-wr-TF8_b4xZo=) has send a requested to purchase msfc_ops_core_headset_green x1 from the trader "Clothing (Naomi [#STR_EXPANSION_MARKET_TRADER_CLOTHING])" in market zone "Jalovisko Trading Zone" (pos=<8583.669922, 24.549999, 10515.000000>).
18:26:34.945 [Market] Player "Vitellius" (id=QOVCOk5flZ8LlxY_vIXEUxFpj4R6rL-wr-TF8_b4xZo=) has bought msfc_ops_core_headset_green x1 from the trader "Clothing (Naomi [#STR_EXPANSION_MARKET_TRADER_CLOTHING])" in market zone "Jalovisko Trading Zone" (pos=<8583.669922, 24.549999, 10515.000000>) for a price of 500.
18:27:01.210 [VehicleEngine] Player RC [uid=-G7h99lSZDcoLDkS_Pf_kTJ_FSRUsnlVGD6gnAZk71c=] stopped vehicle SARKA 1.6i (id=E3AA539F8D4C255147D41CA4414AB7E2 pos=<8563.688477, 15.911404, 10511.757813>)
18:27:04.468 [VehicleLeave] Player RC [uid=-G7h99lSZDcoLDkS_Pf_kTJ_FSRUsnlVGD6gnAZk71c=] left vehicle SARKA 1.6i (id=E3AA539F8D4C255147D41CA4414AB7E2 pos=<8563.688477, 15.911434, 10511.757813>)
18:28:12.109 [Market] Player "Vitellius" (id=QOVCOk5flZ8LlxY_vIXEUxFpj4R6rL-wr-TF8_b4xZo=) has send a requested to sell platecarrierpouches x1 at the trader "Clothing_Accessories (Helga [#STR_EXPANSION_MARKET_TRADER_CLOTHING_ACCESSORIES])" in market zone "Jalovisko Trading Zone" (pos=<8583.669922, 24.549999, 10515.000000>).
18:28:12.156 [Market] Player "Vitellius" (id=QOVCOk5flZ8LlxY_vIXEUxFpj4R6rL-wr-TF8_b4xZo=) has sold platecarrierpouches x1 at the trader "Clothing_Accessories (Helga [#STR_EXPANSION_MARKET_TRADER_CLOTHING_ACCESSORIES])" in market zone "Jalovisko Trading Zone" (pos=<8583.669922, 24.549999, 10515.000000>) and got 50.
18:28:16.968 [Market] Player "DKGreear12" (id=zhJxvJUIQcTeCgEZ3Xhlvc_WjNMgSdId2I-HV3Jo6tA=) has send a requested to purchase hunterpants_summer x1 from the trader "Clothing (Naomi [#STR_EXPANSION_MARKET_TRADER_CLOTHING])" in market zone "Jalovisko Trading Zone" (pos=<8583.669922, 24.549999, 10515.000000>).
18:28:17.062 [Market] Player "DKGreear12" (id=zhJxvJUIQcTeCgEZ3Xhlvc_WjNMgSdId2I-HV3Jo6tA=) has bought hunterpants_summer x1 from the trader "Clothing (Naomi [#STR_EXPANSION_MARKET_TRADER_CLOTHING])" in market zone "Jalovisko Trading Zone" (pos=<8583.669922, 24.549999, 10515.000000>) for a price of 100.
18:28:23.250 [Market] Player "Vitellius" (id=QOVCOk5flZ8LlxY_vIXEUxFpj4R6rL-wr-TF8_b4xZo=) has send a requested to sell platecarrierholster x1 at the trader "Clothing_Accessories (Helga [#STR_EXPANSION_MARKET_TRADER_CLOTHING_ACCESSORIES])" in market zone "Jalovisko Trading Zone" (pos=<8583.669922, 24.549999, 10515.000000>).
18:28:23.328 [Market] Player "Vitellius" (id=QOVCOk5flZ8LlxY_vIXEUxFpj4R6rL-wr-TF8_b4xZo=) has sold platecarrierholster x1 at the trader "Clothing_Accessories (Helga [#STR_EXPANSION_MARKET_TRADER_CLOTHING_ACCESSORIES])" in market zone "Jalovisko Trading Zone" (pos=<8583.669922, 24.549999, 10515.000000>) and got 30.
18:29:26.046 [Market] Player "DKGreear12" (id=zhJxvJUIQcTeCgEZ3Xhlvc_WjNMgSdId2I-HV3Jo6tA=) has send a requested to sell firefighterspants_beige x1 at the trader "Clothing (Naomi [#STR_EXPANSION_MARKET_TRADER_CLOTHING])" in market zone "Jalovisko Trading Zone" (pos=<8583.669922, 24.549999, 10515.000000>).
18:29:26.171 [Market] Player "DKGreear12" (id=zhJxvJUIQcTeCgEZ3Xhlvc_WjNMgSdId2I-HV3Jo6tA=) has sold firefighterspants_beige x1 at the trader "Clothing (Naomi [#STR_EXPANSION_MARKET_TRADER_CLOTHING])" in market zone "Jalovisko Trading Zone" (pos=<8583.669922, 24.549999, 10515.000000>) and got 13.
18:29:32.312 [VehicleEnter] Player RC [uid=-G7h99lSZDcoLDkS_Pf_kTJ_FSRUsnlVGD6gnAZk71c=] entered vehicle SARKA 1.6i (id=E3AA539F8D4C255147D41CA4414AB7E2 pos=<8563.687500, 15.911430, 10511.757813>) as driver
18:30:07.781 [Market] Player "Vitellius" (id=QOVCOk5flZ8LlxY_vIXEUxFpj4R6rL-wr-TF8_b4xZo=) has send a requested to sell platecarriervest x1 at the trader "Clothing_Accessories (Helga [#STR_EXPANSION_MARKET_TRADER_CLOTHING_ACCESSORIES])" in market zone "Jalovisko Trading Zone" (pos=<8583.669922, 24.549999, 10515.000000>).
18:30:07.851 [Market] Player "Vitellius" (id=QOVCOk5flZ8LlxY_vIXEUxFpj4R6rL-wr-TF8_b4xZo=) has sold platecarriervest x1 at the trader "Clothing_Accessories (Helga [#STR_EXPANSION_MARKET_TRADER_CLOTHING_ACCESSORIES])" in market zone "Jalovisko Trading Zone" (pos=<8583.669922, 24.549999, 10515.000000>) and got 125.
18:30:37.562 [Market] Player "DKGreear12" (id=zhJxvJUIQcTeCgEZ3Xhlvc_WjNMgSdId2I-HV3Jo6tA=) has send a requested to purchase msfc_alice_bag_multicamblack x1 from the trader "Clothing (Naomi [#STR_EXPANSION_MARKET_TRADER_CLOTHING])" in market zone "Jalovisko Trading Zone" (pos=<8583.669922, 24.549999, 10515.000000>).
18:30:37.640 [Market] Player "DKGreear12" (id=zhJxvJUIQcTeCgEZ3Xhlvc_WjNMgSdId2I-HV3Jo6tA=) has bought msfc_alice_bag_multicamblack x1 from the trader "Clothing (Naomi [#STR_EXPANSION_MARKET_TRADER_CLOTHING])" in market zone "Jalovisko Trading Zone" (pos=<8583.669922, 24.549999, 10515.000000>) for a price of 500.
18:30:56.781 [Market] Player "Vitellius" (id=QOVCOk5flZ8LlxY_vIXEUxFpj4R6rL-wr-TF8_b4xZo=) has send a requested to sell expansionreflexmrsoptic x1 at the trader "Attachments (Irena [#STR_EXPANSION_MARKET_TRADER_ATTACHMENTS])" in market zone "Jalovisko Trading Zone" (pos=<8583.669922, 24.549999, 10515.000000>).
18:30:56.875 [Market] Player "Vitellius" (id=QOVCOk5flZ8LlxY_vIXEUxFpj4R6rL-wr-TF8_b4xZo=) has sold expansionreflexmrsoptic x1 at the trader "Attachments (Irena [#STR_EXPANSION_MARKET_TRADER_ATTACHMENTS])" in market zone "Jalovisko Trading Zone" (pos=<8583.669922, 24.549999, 10515.000000>) and got 80.
18:31:17.406 [VehicleLeave] Player RC [uid=-G7h99lSZDcoLDkS_Pf_kTJ_FSRUsnlVGD6gnAZk71c=] left vehicle SARKA 1.6i (id=E3AA539F8D4C255147D41CA4414AB7E2 pos=<8563.688477, 15.911413, 10511.758789>)
18:31:52.976 [Market] Player "DKGreear12" (id=zhJxvJUIQcTeCgEZ3Xhlvc_WjNMgSdId2I-HV3Jo6tA=) has send a requested to sell coyotebag_brown x1 at the trader "Clothing_Accessories (Helga [#STR_EXPANSION_MARKET_TRADER_CLOTHING_ACCESSORIES])" in market zone "Jalovisko Trading Zone" (pos=<8583.669922, 24.549999, 10515.000000>).
18:31:53.054 [Market] Player "DKGreear12" (id=zhJxvJUIQcTeCgEZ3Xhlvc_WjNMgSdId2I-HV3Jo6tA=) has sold coyotebag_brown x1 at the trader "Clothing_Accessories (Helga [#STR_EXPANSION_MARKET_TRADER_CLOTHING_ACCESSORIES])" in market zone "Jalovisko Trading Zone" (pos=<8583.669922, 24.549999, 10515.000000>) and got 67.
18:32:08.875 [Market] Player "Vitellius" (id=QOVCOk5flZ8LlxY_vIXEUxFpj4R6rL-wr-TF8_b4xZo=) has send a requested to sell universallight x1 at the trader "Attachments (Irena [#STR_EXPANSION_MARKET_TRADER_ATTACHMENTS])" in market zone "Jalovisko Trading Zone" (pos=<8583.669922, 24.549999, 10515.000000>).
18:32:08.914 [Market] Player "Vitellius" (id=QOVCOk5flZ8LlxY_vIXEUxFpj4R6rL-wr-TF8_b4xZo=) has sold universallight x1 at the trader "Attachments (Irena [#STR_EXPANSION_MARKET_TRADER_ATTACHMENTS])" in market zone "Jalovisko Trading Zone" (pos=<8583.669922, 24.549999, 10515.000000>) and got 60.
18:32:14.109 [Market] Player "Vitellius" (id=QOVCOk5flZ8LlxY_vIXEUxFpj4R6rL-wr-TF8_b4xZo=) has send a requested to sell kobraoptic x1 at the trader "Attachments (Irena [#STR_EXPANSION_MARKET_TRADER_ATTACHMENTS])" in market zone "Jalovisko Trading Zone" (pos=<8583.669922, 24.549999, 10515.000000>).
18:32:14.156 [Market] Player "Vitellius" (id=QOVCOk5flZ8LlxY_vIXEUxFpj4R6rL-wr-TF8_b4xZo=) has sold kobraoptic x1 at the trader "Attachments (Irena [#STR_EXPANSION_MARKET_TRADER_ATTACHMENTS])" in market zone "Jalovisko Trading Zone" (pos=<8583.669922, 24.549999, 10515.000000>) and got 300.
18:32:21.789 [Market] Player "Vitellius" (id=QOVCOk5flZ8LlxY_vIXEUxFpj4R6rL-wr-TF8_b4xZo=) has send a requested to sell ak_bayonet x1 at the trader "Attachments (Irena [#STR_EXPANSION_MARKET_TRADER_ATTACHMENTS])" in market zone "Jalovisko Trading Zone" (pos=<8583.669922, 24.549999, 10515.000000>).
18:32:21.843 [Market] Player "Vitellius" (id=QOVCOk5flZ8LlxY_vIXEUxFpj4R6rL-wr-TF8_b4xZo=) has sold ak_bayonet x1 at the trader "Attachments (Irena [#STR_EXPANSION_MARKET_TRADER_ATTACHMENTS])" in market zone "Jalovisko Trading Zone" (pos=<8583.669922, 24.549999, 10515.000000>) and got 75.
18:32:25.695 [Market] Player "Vitellius" (id=QOVCOk5flZ8LlxY_vIXEUxFpj4R6rL-wr-TF8_b4xZo=) has send a requested to sell fal_oebttstck x1 at the trader "Attachments (Irena [#STR_EXPANSION_MARKET_TRADER_ATTACHMENTS])" in market zone "Jalovisko Trading Zone" (pos=<8583.669922, 24.549999, 10515.000000>).
18:32:25.781 [Market] Player "Vitellius" (id=QOVCOk5flZ8LlxY_vIXEUxFpj4R6rL-wr-TF8_b4xZo=) has sold fal_oebttstck x1 at the trader "Attachments (Irena [#STR_EXPANSION_MARKET_TRADER_ATTACHMENTS])" in market zone "Jalovisko Trading Zone" (pos=<8583.669922, 24.549999, 10515.000000>) and got 50.
18:32:28.328 [Market] Player "Vitellius" (id=QOVCOk5flZ8LlxY_vIXEUxFpj4R6rL-wr-TF8_b4xZo=) has send a requested to purchase fal_oebttstck x1 from the trader "Attachments (Irena [#STR_EXPANSION_MARKET_TRADER_ATTACHMENTS])" in market zone "Jalovisko Trading Zone" (pos=<8583.669922, 24.549999, 10515.000000>).
18:32:28.406 [Market] Player "Vitellius" (id=QOVCOk5flZ8LlxY_vIXEUxFpj4R6rL-wr-TF8_b4xZo=) has bought fal_oebttstck x1 from the trader "Attachments (Irena [#STR_EXPANSION_MARKET_TRADER_ATTACHMENTS])" in market zone "Jalovisko Trading Zone" (pos=<8583.669922, 24.549999, 10515.000000>) for a price of 100.
18:32:29.078 [Market] Player "Vitellius" (id=QOVCOk5flZ8LlxY_vIXEUxFpj4R6rL-wr-TF8_b4xZo=) has send a requested to sell ak_plasticbttstck x1 at the trader "Attachments (Irena [#STR_EXPANSION_MARKET_TRADER_ATTACHMENTS])" in market zone "Jalovisko Trading Zone" (pos=<8583.669922, 24.549999, 10515.000000>).
18:32:29.156 [Market] Player "Vitellius" (id=QOVCOk5flZ8LlxY_vIXEUxFpj4R6rL-wr-TF8_b4xZo=) has sold ak_plasticbttstck x1 at the trader "Attachments (Irena [#STR_EXPANSION_MARKET_TRADER_ATTACHMENTS])" in market zone "Jalovisko Trading Zone" (pos=<8583.669922, 24.549999, 10515.000000>) and got 50.
18:32:39.812 [VehicleEnter] Player RC [uid=-G7h99lSZDcoLDkS_Pf_kTJ_FSRUsnlVGD6gnAZk71c=] entered vehicle SARKA 1.6i (id=E3AA539F8D4C255147D41CA4414AB7E2 pos=<8563.688477, 15.911407, 10511.758789>) as passenger
18:32:42.640 [Market] Player "Vitellius" (id=QOVCOk5flZ8LlxY_vIXEUxFpj4R6rL-wr-TF8_b4xZo=) has send a requested to sell akm x1 at the trader "Weapons (Gabi [#STR_EXPANSION_MARKET_TRADER_WEAPONS])" in market zone "Jalovisko Trading Zone" (pos=<8583.669922, 24.549999, 10515.000000>).
18:32:42.687 [Market] Player "Vitellius" (id=QOVCOk5flZ8LlxY_vIXEUxFpj4R6rL-wr-TF8_b4xZo=) has sold akm x1 at the trader "Weapons (Gabi [#STR_EXPANSION_MARKET_TRADER_WEAPONS])" in market zone "Jalovisko Trading Zone" (pos=<8583.669922, 24.549999, 10515.000000>) and got 850.
18:32:59.828 [Market] Player "DKGreear12" (id=zhJxvJUIQcTeCgEZ3Xhlvc_WjNMgSdId2I-HV3Jo6tA=) has send a requested to sell expansion_m16 x1 at the trader "Weapons (Gabi [#STR_EXPANSION_MARKET_TRADER_WEAPONS])" in market zone "Jalovisko Trading Zone" (pos=<8583.669922, 24.549999, 10515.000000>).
18:32:59.921 [Market] Player "DKGreear12" (id=zhJxvJUIQcTeCgEZ3Xhlvc_WjNMgSdId2I-HV3Jo6tA=) has sold expansion_m16 x1 at the trader "Weapons (Gabi [#STR_EXPANSION_MARKET_TRADER_WEAPONS])" in market zone "Jalovisko Trading Zone" (pos=<8583.669922, 24.549999, 10515.000000>) and got 230.
18:33:29.226 [Market] Player "DKGreear12" (id=zhJxvJUIQcTeCgEZ3Xhlvc_WjNMgSdId2I-HV3Jo6tA=) has send a requested to sell expansion_m16 x1 at the trader "Weapons (Gabi [#STR_EXPANSION_MARKET_TRADER_WEAPONS])" in market zone "Jalovisko Trading Zone" (pos=<8583.669922, 24.549999, 10515.000000>).
18:33:29.320 [Market] Player "DKGreear12" (id=zhJxvJUIQcTeCgEZ3Xhlvc_WjNMgSdId2I-HV3Jo6tA=) has sold expansion_m16 x1 at the trader "Weapons (Gabi [#STR_EXPANSION_MARKET_TRADER_WEAPONS])" in market zone "Jalovisko Trading Zone" (pos=<8583.669922, 24.549999, 10515.000000>) and got 80.
18:33:44.523 [Market] Player "DKGreear12" (id=zhJxvJUIQcTeCgEZ3Xhlvc_WjNMgSdId2I-HV3Jo6tA=) has send a requested to sell acogoptic x1 at the trader "Attachments (Irena [#STR_EXPANSION_MARKET_TRADER_ATTACHMENTS])" in market zone "Jalovisko Trading Zone" (pos=<8583.669922, 24.549999, 10515.000000>).
18:33:44.601 [Market] Player "DKGreear12" (id=zhJxvJUIQcTeCgEZ3Xhlvc_WjNMgSdId2I-HV3Jo6tA=) has sold acogoptic x1 at the trader "Attachments (Irena [#STR_EXPANSION_MARKET_TRADER_ATTACHMENTS])" in market zone "Jalovisko Trading Zone" (pos=<8583.669922, 24.549999, 10515.000000>) and got 150.
18:34:24.093 [VehicleLeave] Player RC [uid=-G7h99lSZDcoLDkS_Pf_kTJ_FSRUsnlVGD6gnAZk71c=] left vehicle SARKA 1.6i (id=E3AA539F8D4C255147D41CA4414AB7E2 pos=<8563.688477, 15.911407, 10511.758789>)
18:34:41.085 [VehicleEnter] Player RC [uid=-G7h99lSZDcoLDkS_Pf_kTJ_FSRUsnlVGD6gnAZk71c=] entered vehicle SARKA 1.6i (id=E3AA539F8D4C255147D41CA4414AB7E2 pos=<8563.688477, 15.911407, 10511.758789>) as passenger
18:36:09.804 [Market] Player "Vitellius" (id=QOVCOk5flZ8LlxY_vIXEUxFpj4R6rL-wr-TF8_b4xZo=) has send a requested to purchase sewingkit x1 from the trader "Components (Quinn [#STR_EXPANSION_MARKET_TRADER_COMPONENTS])" in market zone "Jalovisko Trading Zone" (pos=<8583.669922, 24.549999, 10515.000000>).
18:36:09.875 [Market] Player "Vitellius" (id=QOVCOk5flZ8LlxY_vIXEUxFpj4R6rL-wr-TF8_b4xZo=) has bought sewingkit x1 from the trader "Components (Quinn [#STR_EXPANSION_MARKET_TRADER_COMPONENTS])" in market zone "Jalovisko Trading Zone" (pos=<8583.669922, 24.549999, 10515.000000>) for a price of 4.
18:36:13.476 [Market] Player "DKGreear12" (id=zhJxvJUIQcTeCgEZ3Xhlvc_WjNMgSdId2I-HV3Jo6tA=) has send a requested to purchase sewingkit x1 from the trader "Components (Quinn [#STR_EXPANSION_MARKET_TRADER_COMPONENTS])" in market zone "Jalovisko Trading Zone" (pos=<8583.669922, 24.549999, 10515.000000>).
18:36:13.585 [Market] Player "DKGreear12" (id=zhJxvJUIQcTeCgEZ3Xhlvc_WjNMgSdId2I-HV3Jo6tA=) has bought sewingkit x1 from the trader "Components (Quinn [#STR_EXPANSION_MARKET_TRADER_COMPONENTS])" in market zone "Jalovisko Trading Zone" (pos=<8583.669922, 24.549999, 10515.000000>) for a price of 4.
18:37:26.750 [Market] Player "DKGreear12" (id=zhJxvJUIQcTeCgEZ3Xhlvc_WjNMgSdId2I-HV3Jo6tA=) has send a requested to purchase leathersewingkit x1 from the trader "Components (Quinn [#STR_EXPANSION_MARKET_TRADER_COMPONENTS])" in market zone "Jalovisko Trading Zone" (pos=<8583.669922, 24.549999, 10515.000000>).
18:37:26.843 [Market] Player "DKGreear12" (id=zhJxvJUIQcTeCgEZ3Xhlvc_WjNMgSdId2I-HV3Jo6tA=) has bought leathersewingkit x1 from the trader "Components (Quinn [#STR_EXPANSION_MARKET_TRADER_COMPONENTS])" in market zone "Jalovisko Trading Zone" (pos=<8583.669922, 24.549999, 10515.000000>) for a price of 5.
18:38:52.679 [VehicleEnter] Player Vitellius [uid=QOVCOk5flZ8LlxY_vIXEUxFpj4R6rL-wr-TF8_b4xZo=] entered vehicle SARKA 1.6i (id=E3AA539F8D4C255147D41CA4414AB7E2 pos=<8563.688477, 15.911425, 10511.758789>) as driver
18:38:53.992 [VehicleLeave] Player RC [uid=-G7h99lSZDcoLDkS_Pf_kTJ_FSRUsnlVGD6gnAZk71c=] left vehicle SARKA 1.6i (id=E3AA539F8D4C255147D41CA4414AB7E2 pos=<8563.688477, 15.911409, 10511.758789>)
18:38:57.921 [VehicleEnter] Player RC [uid=-G7h99lSZDcoLDkS_Pf_kTJ_FSRUsnlVGD6gnAZk71c=] entered vehicle SARKA 1.6i (id=E3AA539F8D4C255147D41CA4414AB7E2 pos=<8563.688477, 15.911407, 10511.758789>) as passenger
18:39:01.000 [VehicleLeave] Player RC [uid=-G7h99lSZDcoLDkS_Pf_kTJ_FSRUsnlVGD6gnAZk71c=] left vehicle SARKA 1.6i (id=E3AA539F8D4C255147D41CA4414AB7E2 pos=<8563.688477, 15.911480, 10511.758789>)
18:39:03.781 [VehicleEngine] Player Vitellius [uid=QOVCOk5flZ8LlxY_vIXEUxFpj4R6rL-wr-TF8_b4xZo=] started vehicle SARKA 1.6i (id=E3AA539F8D4C255147D41CA4414AB7E2 pos=<8563.688477, 15.911419, 10511.758789>)
18:39:11.093 [VehicleEnter] Player DKGreear12 [uid=zhJxvJUIQcTeCgEZ3Xhlvc_WjNMgSdId2I-HV3Jo6tA=] entered vehicle SARKA 1.6i (id=E3AA539F8D4C255147D41CA4414AB7E2 pos=<8563.688477, 15.911413, 10511.758789>) as passenger
18:39:16.625 [VehicleEnter] Player RC [uid=-G7h99lSZDcoLDkS_Pf_kTJ_FSRUsnlVGD6gnAZk71c=] entered vehicle SARKA 1.6i (id=E3AA539F8D4C255147D41CA4414AB7E2 pos=<8563.688477, 15.911407, 10511.758789>) as passenger
18:40:18.945 [Safezone] Player "RC" (id=-G7h99lSZDcoLDkS_Pf_kTJ_FSRUsnlVGD6gnAZk71c= pos=<8004.745605, 18.136084, 10488.436523>) Left the safezone
18:40:18.945 [Safezone] Player "DKGreear12" (id=zhJxvJUIQcTeCgEZ3Xhlvc_WjNMgSdId2I-HV3Jo6tA= pos=<8004.183105, 18.217203, 10487.808594>) Left the safezone
18:40:18.968 [Safezone] Player "Vitellius" (id=QOVCOk5flZ8LlxY_vIXEUxFpj4R6rL-wr-TF8_b4xZo= pos=<8004.381348, 18.224298, 10486.916016>) Left the safezone
18:42:37.492 [VehicleLeave] Player DKGreear12 [uid=zhJxvJUIQcTeCgEZ3Xhlvc_WjNMgSdId2I-HV3Jo6tA=] left vehicle SARKA 1.6i (id=E3AA539F8D4C255147D41CA4414AB7E2 pos=<6702.569336, 15.748189, 11163.308594>)
18:43:27.281 [VehicleLeave] Player Vitellius [uid=QOVCOk5flZ8LlxY_vIXEUxFpj4R6rL-wr-TF8_b4xZo=] left vehicle SARKA 1.6i (id=E3AA539F8D4C255147D41CA4414AB7E2 pos=<6702.569824, 15.748296, 11163.308594>)
18:43:51.460 [VehicleLeave] Player RC [uid=-G7h99lSZDcoLDkS_Pf_kTJ_FSRUsnlVGD6gnAZk71c=] left vehicle SARKA 1.6i (id=E3AA539F8D4C255147D41CA4414AB7E2 pos=<6702.569824, 15.748296, 11163.308594>)
18:44:11.046 [VehicleEnter] Player RC [uid=-G7h99lSZDcoLDkS_Pf_kTJ_FSRUsnlVGD6gnAZk71c=] entered vehicle SARKA 1.6i (id=E3AA539F8D4C255147D41CA4414AB7E2 pos=<6702.569824, 15.748296, 11163.308594>) as passenger
18:44:34.695 [VehicleEnter] Player Vitellius [uid=QOVCOk5flZ8LlxY_vIXEUxFpj4R6rL-wr-TF8_b4xZo=] entered vehicle SARKA 1.6i (id=E3AA539F8D4C255147D41CA4414AB7E2 pos=<6689.025391, 14.948294, 11155.972656>) as driver
18:44:39.625 [VehicleEnter] Player DKGreear12 [uid=zhJxvJUIQcTeCgEZ3Xhlvc_WjNMgSdId2I-HV3Jo6tA=] entered vehicle SARKA 1.6i (id=E3AA539F8D4C255147D41CA4414AB7E2 pos=<6689.024414, 14.948335, 11155.973633>) as passenger
18:44:50.187 [VehicleEngine] Player Vitellius [uid=QOVCOk5flZ8LlxY_vIXEUxFpj4R6rL-wr-TF8_b4xZo=] started vehicle SARKA 1.6i (id=E3AA539F8D4C255147D41CA4414AB7E2 pos=<6689.025879, 14.975907, 11155.968750>)
18:49:17.062 [VehicleLeave] Player RC [uid=-G7h99lSZDcoLDkS_Pf_kTJ_FSRUsnlVGD6gnAZk71c=] left vehicle SARKA 1.6i (id=E3AA539F8D4C255147D41CA4414AB7E2 pos=<5138.477539, 52.440887, 8698.971680>)
18:49:44.296 [Party] Player "RC" (id=-G7h99lSZDcoLDkS_Pf_kTJ_FSRUsnlVGD6gnAZk71c=) left the party "Nighteriders" (id=1 ownerUID=zhJxvJUIQcTeCgEZ3Xhlvc_WjNMgSdId2I-HV3Jo6tA= ownerName=DKGreear12)
18:52:10.664 [VehicleEngine] Player Vitellius [uid=QOVCOk5flZ8LlxY_vIXEUxFpj4R6rL-wr-TF8_b4xZo=] stopped vehicle SARKA 1.6i (id=E3AA539F8D4C255147D41CA4414AB7E2 pos=<3883.470215, 53.045311, 7487.265625>)
18:52:15.171 [VehicleLeave] Player Vitellius [uid=QOVCOk5flZ8LlxY_vIXEUxFpj4R6rL-wr-TF8_b4xZo=] left vehicle SARKA 1.6i (id=E3AA539F8D4C255147D41CA4414AB7E2 pos=<3883.469482, 53.045307, 7487.265625>)
18:52:29.164 [VehicleLeave] Player DKGreear12 [uid=zhJxvJUIQcTeCgEZ3Xhlvc_WjNMgSdId2I-HV3Jo6tA=] left vehicle SARKA 1.6i (id=E3AA539F8D4C255147D41CA4414AB7E2 pos=<3883.469482, 53.045357, 7487.265625>)
18:52:35.093 [VehicleCarKey] Player "Vitellius" (id=QOVCOk5flZ8LlxY_vIXEUxFpj4R6rL-wr-TF8_b4xZo= pos=<3885.717529, 53.012489, 7487.240723>) used the  ExpansionCarKey to lock Sedan_02 (id=E3AA539F8D4C255147D41CA4414AB7E2 pos=<3883.469482, 53.045357, 7487.265625>)
18:53:24.617 [VehicleCarKey] Player "Vitellius" (id=QOVCOk5flZ8LlxY_vIXEUxFpj4R6rL-wr-TF8_b4xZo= pos=<3885.397461, 53.012497, 7487.513672>) used the  ExpansionCarKey to unlock Sedan_02 (id=E3AA539F8D4C255147D41CA4414AB7E2 pos=<3883.469482, 53.045357, 7487.265625>)
18:53:33.703 [VehicleCarKey] Player "Vitellius" (id=QOVCOk5flZ8LlxY_vIXEUxFpj4R6rL-wr-TF8_b4xZo= pos=<3885.397461, 53.012497, 7487.513672>) used the  ExpansionCarKey to lock Sedan_02 (id=E3AA539F8D4C255147D41CA4414AB7E2 pos=<3883.469482, 53.045357, 7487.265625>)
18:59:07.046 [Market] Player "DKGreear12" (id=zhJxvJUIQcTeCgEZ3Xhlvc_WjNMgSdId2I-HV3Jo6tA=) has send a requested to purchase ghilliesuit_mossy x1 from the trader "BlackMarket (Gabi [Black Market])" in market zone "Black Market Trading Zone" (pos=<3195.000000, 118.300003, 7508.859863>).
18:59:07.101 [Market] Player "DKGreear12" (id=zhJxvJUIQcTeCgEZ3Xhlvc_WjNMgSdId2I-HV3Jo6tA=) has bought ghilliesuit_mossy x1 from the trader "BlackMarket (Gabi [Black Market])" in market zone "Black Market Trading Zone" (pos=<3195.000000, 118.300003, 7508.859863>) for a price of 1000.
19:02:10.390 [Market] Player "DKGreear12" (id=zhJxvJUIQcTeCgEZ3Xhlvc_WjNMgSdId2I-HV3Jo6tA=) has send a requested to purchase nvgoggles x1 from the trader "BlackMarket (Gabi [Black Market])" in market zone "Black Market Trading Zone" (pos=<3195.000000, 118.300003, 7508.859863>).
19:02:10.460 [Market] Player "DKGreear12" (id=zhJxvJUIQcTeCgEZ3Xhlvc_WjNMgSdId2I-HV3Jo6tA=) has bought nvgoggles x1 from the trader "BlackMarket (Gabi [Black Market])" in market zone "Black Market Trading Zone" (pos=<3195.000000, 118.300003, 7508.859863>) for a price of 410.
19:02:55.039 [Market] Player "Vitellius" (id=QOVCOk5flZ8LlxY_vIXEUxFpj4R6rL-wr-TF8_b4xZo=) has send a requested to purchase snafu_scarh_sil_black x1 from the trader "BlackMarket (Gabi [Black Market])" in market zone "Black Market Trading Zone" (pos=<3195.000000, 118.300003, 7508.859863>).
19:02:55.093 [Market] Player "Vitellius" (id=QOVCOk5flZ8LlxY_vIXEUxFpj4R6rL-wr-TF8_b4xZo=) has bought snafu_scarh_sil_black x1 from the trader "BlackMarket (Gabi [Black Market])" in market zone "Black Market Trading Zone" (pos=<3195.000000, 118.300003, 7508.859863>) for a price of 400.
19:03:06.531 [Market] Player "Vitellius" (id=QOVCOk5flZ8LlxY_vIXEUxFpj4R6rL-wr-TF8_b4xZo=) has send a requested to purchase snafu_afg_02_black x1 from the trader "BlackMarket (Gabi [Black Market])" in market zone "Black Market Trading Zone" (pos=<3195.000000, 118.300003, 7508.859863>).
19:03:06.625 [Market] Player "Vitellius" (id=QOVCOk5flZ8LlxY_vIXEUxFpj4R6rL-wr-TF8_b4xZo=) has bought snafu_afg_02_black x1 from the trader "BlackMarket (Gabi [Black Market])" in market zone "Black Market Trading Zone" (pos=<3195.000000, 118.300003, 7508.859863>) for a price of 400.
19:04:38.765 [Market] Player "Vitellius" (id=QOVCOk5flZ8LlxY_vIXEUxFpj4R6rL-wr-TF8_b4xZo=) has send a requested to purchase snafu_scarh_100rnd_mag_tan x1 from the trader "BlackMarket (Gabi [Black Market])" in market zone "Black Market Trading Zone" (pos=<3195.000000, 118.300003, 7508.859863>).
19:04:38.843 [Market] Player "Vitellius" (id=QOVCOk5flZ8LlxY_vIXEUxFpj4R6rL-wr-TF8_b4xZo=) has bought snafu_scarh_100rnd_mag_tan x1 from the trader "BlackMarket (Gabi [Black Market])" in market zone "Black Market Trading Zone" (pos=<3195.000000, 118.300003, 7508.859863>) for a price of 600.
19:04:39.132 [Market] Player "Vitellius" (id=QOVCOk5flZ8LlxY_vIXEUxFpj4R6rL-wr-TF8_b4xZo=) has send a requested to purchase snafu_scarh_100rnd_mag_tan x1 from the trader "BlackMarket (Gabi [Black Market])" in market zone "Black Market Trading Zone" (pos=<3195.000000, 118.300003, 7508.859863>).
19:04:39.195 [Market] Player "Vitellius" (id=QOVCOk5flZ8LlxY_vIXEUxFpj4R6rL-wr-TF8_b4xZo=) has bought snafu_scarh_100rnd_mag_tan x1 from the trader "BlackMarket (Gabi [Black Market])" in market zone "Black Market Trading Zone" (pos=<3195.000000, 118.300003, 7508.859863>) for a price of 600.
19:04:39.398 [Market] Player "Vitellius" (id=QOVCOk5flZ8LlxY_vIXEUxFpj4R6rL-wr-TF8_b4xZo=) has send a requested to purchase snafu_scarh_100rnd_mag_tan x1 from the trader "BlackMarket (Gabi [Black Market])" in market zone "Black Market Trading Zone" (pos=<3195.000000, 118.300003, 7508.859863>).
19:04:39.468 [Market] Player "Vitellius" (id=QOVCOk5flZ8LlxY_vIXEUxFpj4R6rL-wr-TF8_b4xZo=) has bought snafu_scarh_100rnd_mag_tan x1 from the trader "BlackMarket (Gabi [Black Market])" in market zone "Black Market Trading Zone" (pos=<3195.000000, 118.300003, 7508.859863>) for a price of 600.
19:06:44.460 [Market] Player "DKGreear12" (id=zhJxvJUIQcTeCgEZ3Xhlvc_WjNMgSdId2I-HV3Jo6tA=) has send a requested to sell snafu_scarh_dkmc_gun x1 at the trader "BlackMarket (Gabi [Black Market])" in market zone "Black Market Trading Zone" (pos=<3195.000000, 118.300003, 7508.859863>).
19:06:44.554 [Market] Player "DKGreear12" (id=zhJxvJUIQcTeCgEZ3Xhlvc_WjNMgSdId2I-HV3Jo6tA=) has sold snafu_scarh_dkmc_gun x1 at the trader "BlackMarket (Gabi [Black Market])" in market zone "Black Market Trading Zone" (pos=<3195.000000, 118.300003, 7508.859863>) and got 1875.
19:07:26.343 [Market] Player "DKGreear12" (id=zhJxvJUIQcTeCgEZ3Xhlvc_WjNMgSdId2I-HV3Jo6tA=) has send a requested to sell snafu_m14 x1 at the trader "BlackMarket (Gabi [Black Market])" in market zone "Black Market Trading Zone" (pos=<3195.000000, 118.300003, 7508.859863>).
19:07:26.406 [Market] Player "DKGreear12" (id=zhJxvJUIQcTeCgEZ3Xhlvc_WjNMgSdId2I-HV3Jo6tA=) has sold snafu_m14 x1 at the trader "BlackMarket (Gabi [Black Market])" in market zone "Black Market Trading Zone" (pos=<3195.000000, 118.300003, 7508.859863>) and got 7713.
19:08:31.609 [Market] Player "Vitellius" (id=QOVCOk5flZ8LlxY_vIXEUxFpj4R6rL-wr-TF8_b4xZo=) has send a requested to purchase snafutac21 x1 from the trader "BlackMarket (Gabi [Black Market])" in market zone "Black Market Trading Zone" (pos=<3195.000000, 118.300003, 7508.859863>).
19:08:31.679 [Market] Player "Vitellius" (id=QOVCOk5flZ8LlxY_vIXEUxFpj4R6rL-wr-TF8_b4xZo=) has bought snafutac21 x1 from the trader "BlackMarket (Gabi [Black Market])" in market zone "Black Market Trading Zone" (pos=<3195.000000, 118.300003, 7508.859863>) for a price of 18200.
19:08:43.406 [Market] Player "Vitellius" (id=QOVCOk5flZ8LlxY_vIXEUxFpj4R6rL-wr-TF8_b4xZo=) has send a requested to purchase snafutac21_5rdmag x1 from the trader "BlackMarket (Gabi [Black Market])" in market zone "Black Market Trading Zone" (pos=<3195.000000, 118.300003, 7508.859863>).
19:08:43.453 [Market] Player "Vitellius" (id=QOVCOk5flZ8LlxY_vIXEUxFpj4R6rL-wr-TF8_b4xZo=) has bought snafutac21_5rdmag x1 from the trader "BlackMarket (Gabi [Black Market])" in market zone "Black Market Trading Zone" (pos=<3195.000000, 118.300003, 7508.859863>) for a price of 2400.
19:09:27.531 [Market] Player "Vitellius" (id=QOVCOk5flZ8LlxY_vIXEUxFpj4R6rL-wr-TF8_b4xZo=) has send a requested to purchase snafu_ammo_338 x10 from the trader "BlackMarket (Gabi [Black Market])" in market zone "Black Market Trading Zone" (pos=<3195.000000, 118.300003, 7508.859863>).
19:09:27.578 [Market] Player "Vitellius" (id=QOVCOk5flZ8LlxY_vIXEUxFpj4R6rL-wr-TF8_b4xZo=) has bought snafu_ammo_338 x10 from the trader "BlackMarket (Gabi [Black Market])" in market zone "Black Market Trading Zone" (pos=<3195.000000, 118.300003, 7508.859863>) for a price of 4000.
19:15:27.070 [VehicleCarKey] Player "Vitellius" (id=QOVCOk5flZ8LlxY_vIXEUxFpj4R6rL-wr-TF8_b4xZo= pos=<3884.096436, 53.012424, 7489.258789>) used the  ExpansionCarKey to unlock Sedan_02 (id=E3AA539F8D4C255147D41CA4414AB7E2 pos=<3883.469482, 53.045357, 7487.265625>)
19:15:33.632 [VehicleEnter] Player DKGreear12 [uid=zhJxvJUIQcTeCgEZ3Xhlvc_WjNMgSdId2I-HV3Jo6tA=] entered vehicle SARKA 1.6i (id=E3AA539F8D4C255147D41CA4414AB7E2 pos=<3883.469482, 53.045357, 7487.265625>) as passenger
19:15:36.148 [VehicleEnter] Player Vitellius [uid=QOVCOk5flZ8LlxY_vIXEUxFpj4R6rL-wr-TF8_b4xZo=] entered vehicle SARKA 1.6i (id=E3AA539F8D4C255147D41CA4414AB7E2 pos=<3883.469482, 53.045338, 7487.265625>) as driver
19:15:39.164 [VehicleEngine] Player Vitellius [uid=QOVCOk5flZ8LlxY_vIXEUxFpj4R6rL-wr-TF8_b4xZo=] started vehicle SARKA 1.6i (id=E3AA539F8D4C255147D41CA4414AB7E2 pos=<3883.468994, 53.045311, 7487.265625>)
19:18:46.492 [VehicleLeave] Player DKGreear12 [uid=zhJxvJUIQcTeCgEZ3Xhlvc_WjNMgSdId2I-HV3Jo6tA=] left vehicle SARKA 1.6i (id=E3AA539F8D4C255147D41CA4414AB7E2 pos=<5214.569824, 31.019035, 8588.916992>)
19:18:48.226 [VehicleLeave] Player Vitellius [uid=QOVCOk5flZ8LlxY_vIXEUxFpj4R6rL-wr-TF8_b4xZo=] left vehicle SARKA 1.6i (id=E3AA539F8D4C255147D41CA4414AB7E2 pos=<5214.569824, 31.019041, 8588.916992>)
19:19:05.609 [MissionAirdrop] An airdrop is heading towards "Lubjansk" (pos=<4680.000000, 0.000000, 10872.000000> type=Random_Lubjansk) with a ExpansionAirdropContainer
19:23:12.078 [Safezone] Player "Vitellius" (id=QOVCOk5flZ8LlxY_vIXEUxFpj4R6rL-wr-TF8_b4xZo= pos=<8604.840820, 14.720000, 10509.833008>) Entered the safezone
19:23:21.273 [Safezone] Player "DKGreear12" (id=zhJxvJUIQcTeCgEZ3Xhlvc_WjNMgSdId2I-HV3Jo6tA= pos=<8568.291992, 15.516787, 10508.012695>) Entered the safezone
19:25:21.453 [Market] Player "DKGreear12" (id=zhJxvJUIQcTeCgEZ3Xhlvc_WjNMgSdId2I-HV3Jo6tA=) has send a requested to purchase offroad_02 x1 from the trader "Vehicles (Hassan [#STR_EXPANSION_MARKET_TRADER_VEHICLES])" in market zone "Jalovisko Trading Zone" (pos=<8583.669922, 24.549999, 10515.000000>).
19:25:21.523 [VehicleDeleted] Offroad_02 (id=E16B876F9643843EF6F7548078080D16 pos=<0.009734, 0.692795, 0.122045>)
19:25:21.531 [Market] Player "DKGreear12" (id=zhJxvJUIQcTeCgEZ3Xhlvc_WjNMgSdId2I-HV3Jo6tA=) has bought offroad_02 x1 from the trader "Vehicles (Hassan [#STR_EXPANSION_MARKET_TRADER_VEHICLES])" in market zone "Jalovisko Trading Zone" (pos=<8583.669922, 24.549999, 10515.000000>) for a price of 55200.
19:25:38.023 [VehicleCarKey] Player "DKGreear12" (id=zhJxvJUIQcTeCgEZ3Xhlvc_WjNMgSdId2I-HV3Jo6tA= pos=<8583.460938, 14.775953, 10480.916992>) used the  ExpansionCarKey to unlock Offroad_02 (id=E1C650F4284EF91542400FBB41123F84 pos=<8584.995117, 14.775950, 10482.696289>)
19:26:02.335 [Market] Player "DKGreear12" (id=zhJxvJUIQcTeCgEZ3Xhlvc_WjNMgSdId2I-HV3Jo6tA=) has send a requested to purchase expansioncarkey x1 from the trader "Vehicle_Parts (Guo [#STR_EXPANSION_MARKET_TRADER_VEHICLE_PARTS])" in market zone "Jalovisko Trading Zone" (pos=<8583.669922, 24.549999, 10515.000000>).
19:26:02.421 [Market] Player "DKGreear12" (id=zhJxvJUIQcTeCgEZ3Xhlvc_WjNMgSdId2I-HV3Jo6tA=) has bought expansioncarkey x1 from the trader "Vehicle_Parts (Guo [#STR_EXPANSION_MARKET_TRADER_VEHICLE_PARTS])" in market zone "Jalovisko Trading Zone" (pos=<8583.669922, 24.549999, 10515.000000>) for a price of 250.
19:27:55.515 [Market] Player "DKGreear12" (id=zhJxvJUIQcTeCgEZ3Xhlvc_WjNMgSdId2I-HV3Jo6tA=) has send a requested to purchase msfc_warbelt_atacsfg x1 from the trader "Clothing (Naomi [#STR_EXPANSION_MARKET_TRADER_CLOTHING])" in market zone "Jalovisko Trading Zone" (pos=<8583.669922, 24.549999, 10515.000000>).
19:27:55.593 [Market] Player "DKGreear12" (id=zhJxvJUIQcTeCgEZ3Xhlvc_WjNMgSdId2I-HV3Jo6tA=) has bought msfc_warbelt_atacsfg x1 from the trader "Clothing (Naomi [#STR_EXPANSION_MARKET_TRADER_CLOTHING])" in market zone "Jalovisko Trading Zone" (pos=<8583.669922, 24.549999, 10515.000000>) for a price of 500.
19:28:31.460 [Market] Player "DKGreear12" (id=zhJxvJUIQcTeCgEZ3Xhlvc_WjNMgSdId2I-HV3Jo6tA=) has send a requested to purchase msfc_pouches_one_atacsfg x1 from the trader "Clothing (Naomi [#STR_EXPANSION_MARKET_TRADER_CLOTHING])" in market zone "Jalovisko Trading Zone" (pos=<8583.669922, 24.549999, 10515.000000>).
19:28:31.539 [Market] Player "DKGreear12" (id=zhJxvJUIQcTeCgEZ3Xhlvc_WjNMgSdId2I-HV3Jo6tA=) has bought msfc_pouches_one_atacsfg x1 from the trader "Clothing (Naomi [#STR_EXPANSION_MARKET_TRADER_CLOTHING])" in market zone "Jalovisko Trading Zone" (pos=<8583.669922, 24.549999, 10515.000000>) for a price of 500.
19:28:39.601 [Market] Player "Vitellius" (id=QOVCOk5flZ8LlxY_vIXEUxFpj4R6rL-wr-TF8_b4xZo=) has send a requested to purchase msp_fourdoor_militarylocker_green_kit x1 from the trader "BuildingSupplies (Lewis [#STR_EXPANSION_MARKET_TRADER_BUILDING_SUPPLIES])" in market zone "Jalovisko Trading Zone" (pos=<8583.669922, 24.549999, 10515.000000>).
19:28:39.679 [Market] Player "Vitellius" (id=QOVCOk5flZ8LlxY_vIXEUxFpj4R6rL-wr-TF8_b4xZo=) has bought msp_fourdoor_militarylocker_green_kit x1 from the trader "BuildingSupplies (Lewis [#STR_EXPANSION_MARKET_TRADER_BUILDING_SUPPLIES])" in market zone "Jalovisko Trading Zone" (pos=<8583.669922, 24.549999, 10515.000000>) for a price of 2000.
19:28:54.281 [Market] Player "Vitellius" (id=QOVCOk5flZ8LlxY_vIXEUxFpj4R6rL-wr-TF8_b4xZo=) has send a requested to purchase msp_gunrack_kit x1 from the trader "BuildingSupplies (Lewis [#STR_EXPANSION_MARKET_TRADER_BUILDING_SUPPLIES])" in market zone "Jalovisko Trading Zone" (pos=<8583.669922, 24.549999, 10515.000000>).
19:28:54.351 [Market] Player "Vitellius" (id=QOVCOk5flZ8LlxY_vIXEUxFpj4R6rL-wr-TF8_b4xZo=) has bought msp_gunrack_kit x1 from the trader "BuildingSupplies (Lewis [#STR_EXPANSION_MARKET_TRADER_BUILDING_SUPPLIES])" in market zone "Jalovisko Trading Zone" (pos=<8583.669922, 24.549999, 10515.000000>) for a price of 2500.
19:28:57.640 [Market] Player "Vitellius" (id=QOVCOk5flZ8LlxY_vIXEUxFpj4R6rL-wr-TF8_b4xZo=) has send a requested to purchase msp_militarycrate_brown x1 from the trader "BuildingSupplies (Lewis [#STR_EXPANSION_MARKET_TRADER_BUILDING_SUPPLIES])" in market zone "Jalovisko Trading Zone" (pos=<8583.669922, 24.549999, 10515.000000>).
19:28:57.718 [Market] Player "Vitellius" (id=QOVCOk5flZ8LlxY_vIXEUxFpj4R6rL-wr-TF8_b4xZo=) has bought msp_militarycrate_brown x1 from the trader "BuildingSupplies (Lewis [#STR_EXPANSION_MARKET_TRADER_BUILDING_SUPPLIES])" in market zone "Jalovisko Trading Zone" (pos=<8583.669922, 24.549999, 10515.000000>) for a price of 2500.
19:29:42.906 [Market] Player "DKGreear12" (id=zhJxvJUIQcTeCgEZ3Xhlvc_WjNMgSdId2I-HV3Jo6tA=) has send a requested to sell militarybelt x1 at the trader "Clothing_Accessories (Helga [#STR_EXPANSION_MARKET_TRADER_CLOTHING_ACCESSORIES])" in market zone "Jalovisko Trading Zone" (pos=<8583.669922, 24.549999, 10515.000000>).
19:29:43.023 [Market] Player "DKGreear12" (id=zhJxvJUIQcTeCgEZ3Xhlvc_WjNMgSdId2I-HV3Jo6tA=) has sold militarybelt x1 at the trader "Clothing_Accessories (Helga [#STR_EXPANSION_MARKET_TRADER_CLOTHING_ACCESSORIES])" in market zone "Jalovisko Trading Zone" (pos=<8583.669922, 24.549999, 10515.000000>) and got 50.
19:29:57.070 [ATM] Player "DKGreear12" (id=zhJxvJUIQcTeCgEZ3Xhlvc_WjNMgSdId2I-HV3Jo6tA=) has withdrawn 995 from his ATM account.
19:30:08.250 [ATM] Player "DKGreear12" (id=zhJxvJUIQcTeCgEZ3Xhlvc_WjNMgSdId2I-HV3Jo6tA=) has withdrawn 3000 from the party "Nighteriders" (partyid=1 | ownerid=zhJxvJUIQcTeCgEZ3Xhlvc_WjNMgSdId2I-HV3Jo6tA=) ATM account.
19:30:09.937 [ATM] Player "DKGreear12" (id=zhJxvJUIQcTeCgEZ3Xhlvc_WjNMgSdId2I-HV3Jo6tA=) has withdrawn 3000 from his ATM account.
19:30:32.515 [Market] Player "DKGreear12" (id=zhJxvJUIQcTeCgEZ3Xhlvc_WjNMgSdId2I-HV3Jo6tA=) has send a requested to purchase msfc_pouches_one_green x1 from the trader "Clothing (Naomi [#STR_EXPANSION_MARKET_TRADER_CLOTHING])" in market zone "Jalovisko Trading Zone" (pos=<8583.669922, 24.549999, 10515.000000>).
19:30:32.609 [Market] Player "DKGreear12" (id=zhJxvJUIQcTeCgEZ3Xhlvc_WjNMgSdId2I-HV3Jo6tA=) has bought msfc_pouches_one_green x1 from the trader "Clothing (Naomi [#STR_EXPANSION_MARKET_TRADER_CLOTHING])" in market zone "Jalovisko Trading Zone" (pos=<8583.669922, 24.549999, 10515.000000>) for a price of 500.
19:31:07.335 [Market] Player "Vitellius" (id=QOVCOk5flZ8LlxY_vIXEUxFpj4R6rL-wr-TF8_b4xZo=) has send a requested to sell msfc_tactec_vest_atacsfg x1 at the trader "Clothing (Naomi [#STR_EXPANSION_MARKET_TRADER_CLOTHING])" in market zone "Jalovisko Trading Zone" (pos=<8583.669922, 24.549999, 10515.000000>).
19:31:07.421 [Market] Player "Vitellius" (id=QOVCOk5flZ8LlxY_vIXEUxFpj4R6rL-wr-TF8_b4xZo=) has sold msfc_tactec_vest_atacsfg x1 at the trader "Clothing (Naomi [#STR_EXPANSION_MARKET_TRADER_CLOTHING])" in market zone "Jalovisko Trading Zone" (pos=<8583.669922, 24.549999, 10515.000000>) and got 125.
19:31:08.593 [Market] Player "DKGreear12" (id=zhJxvJUIQcTeCgEZ3Xhlvc_WjNMgSdId2I-HV3Jo6tA=) has send a requested to purchase msfc_pouches_magazine_desert x1 from the trader "Clothing (Naomi [#STR_EXPANSION_MARKET_TRADER_CLOTHING])" in market zone "Jalovisko Trading Zone" (pos=<8583.669922, 24.549999, 10515.000000>).
19:31:08.695 [Market] Player "DKGreear12" (id=zhJxvJUIQcTeCgEZ3Xhlvc_WjNMgSdId2I-HV3Jo6tA=) has bought msfc_pouches_magazine_desert x1 from the trader "Clothing (Naomi [#STR_EXPANSION_MARKET_TRADER_CLOTHING])" in market zone "Jalovisko Trading Zone" (pos=<8583.669922, 24.549999, 10515.000000>) for a price of 500.
19:31:29.625 [Market] Player "DKGreear12" (id=zhJxvJUIQcTeCgEZ3Xhlvc_WjNMgSdId2I-HV3Jo6tA=) has send a requested to sell msfc_pouches_magazine_desert x1 at the trader "Clothing (Naomi [#STR_EXPANSION_MARKET_TRADER_CLOTHING])" in market zone "Jalovisko Trading Zone" (pos=<8583.669922, 24.549999, 10515.000000>).
19:31:29.718 [Market] Player "DKGreear12" (id=zhJxvJUIQcTeCgEZ3Xhlvc_WjNMgSdId2I-HV3Jo6tA=) has sold msfc_pouches_magazine_desert x1 at the trader "Clothing (Naomi [#STR_EXPANSION_MARKET_TRADER_CLOTHING])" in market zone "Jalovisko Trading Zone" (pos=<8583.669922, 24.549999, 10515.000000>) and got 250.
19:31:41.523 [Market] Player "DKGreear12" (id=zhJxvJUIQcTeCgEZ3Xhlvc_WjNMgSdId2I-HV3Jo6tA=) has send a requested to purchase msfc_pouches_magazine_atacsfg x1 from the trader "Clothing (Naomi [#STR_EXPANSION_MARKET_TRADER_CLOTHING])" in market zone "Jalovisko Trading Zone" (pos=<8583.669922, 24.549999, 10515.000000>).
19:31:44.007 [Market] Player "Vitellius" (id=QOVCOk5flZ8LlxY_vIXEUxFpj4R6rL-wr-TF8_b4xZo=) has send a requested to purchase msfc_pegasusbag_multicam_black x1 from the trader "Clothing (Naomi [#STR_EXPANSION_MARKET_TRADER_CLOTHING])" in market zone "Jalovisko Trading Zone" (pos=<8583.669922, 24.549999, 10515.000000>).
19:31:44.054 [Market] Player "Vitellius" (id=QOVCOk5flZ8LlxY_vIXEUxFpj4R6rL-wr-TF8_b4xZo=) has bought msfc_pegasusbag_multicam_black x1 from the trader "Clothing (Naomi [#STR_EXPANSION_MARKET_TRADER_CLOTHING])" in market zone "Jalovisko Trading Zone" (pos=<8583.669922, 24.549999, 10515.000000>) for a price of 500.
19:32:17.578 [Market] Player "DKGreear12" (id=zhJxvJUIQcTeCgEZ3Xhlvc_WjNMgSdId2I-HV3Jo6tA=) has send a requested to purchase msfc_pouches_emptymags_black x1 from the trader "Clothing (Naomi [#STR_EXPANSION_MARKET_TRADER_CLOTHING])" in market zone "Jalovisko Trading Zone" (pos=<8583.669922, 24.549999, 10515.000000>).
19:32:17.671 [Market] Player "DKGreear12" (id=zhJxvJUIQcTeCgEZ3Xhlvc_WjNMgSdId2I-HV3Jo6tA=) has bought msfc_pouches_emptymags_black x1 from the trader "Clothing (Naomi [#STR_EXPANSION_MARKET_TRADER_CLOTHING])" in market zone "Jalovisko Trading Zone" (pos=<8583.669922, 24.549999, 10515.000000>) for a price of 500.
19:32:42.062 [Market] Player "Vitellius" (id=QOVCOk5flZ8LlxY_vIXEUxFpj4R6rL-wr-TF8_b4xZo=) has send a requested to purchase msfc_warbelt_multicam_black x1 from the trader "Clothing (Naomi [#STR_EXPANSION_MARKET_TRADER_CLOTHING])" in market zone "Jalovisko Trading Zone" (pos=<8583.669922, 24.549999, 10515.000000>).
19:32:42.132 [Market] Player "Vitellius" (id=QOVCOk5flZ8LlxY_vIXEUxFpj4R6rL-wr-TF8_b4xZo=) has bought msfc_warbelt_multicam_black x1 from the trader "Clothing (Naomi [#STR_EXPANSION_MARKET_TRADER_CLOTHING])" in market zone "Jalovisko Trading Zone" (pos=<8583.669922, 24.549999, 10515.000000>) for a price of 500.
19:33:05.515 [Market] Player "Vitellius" (id=QOVCOk5flZ8LlxY_vIXEUxFpj4R6rL-wr-TF8_b4xZo=) has send a requested to purchase msfc_pouches_one_multicam_black x1 from the trader "Clothing (Naomi [#STR_EXPANSION_MARKET_TRADER_CLOTHING])" in market zone "Jalovisko Trading Zone" (pos=<8583.669922, 24.549999, 10515.000000>).
19:33:05.585 [Market] Player "Vitellius" (id=QOVCOk5flZ8LlxY_vIXEUxFpj4R6rL-wr-TF8_b4xZo=) has bought msfc_pouches_one_multicam_black x1 from the trader "Clothing (Naomi [#STR_EXPANSION_MARKET_TRADER_CLOTHING])" in market zone "Jalovisko Trading Zone" (pos=<8583.669922, 24.549999, 10515.000000>) for a price of 500.
19:34:48.437 [Market] Player "Vitellius" (id=QOVCOk5flZ8LlxY_vIXEUxFpj4R6rL-wr-TF8_b4xZo=) has send a requested to sell militarybelt x1 at the trader "Clothing_Accessories (Helga [#STR_EXPANSION_MARKET_TRADER_CLOTHING_ACCESSORIES])" in market zone "Jalovisko Trading Zone" (pos=<8583.669922, 24.549999, 10515.000000>).
19:34:48.507 [Market] Player "Vitellius" (id=QOVCOk5flZ8LlxY_vIXEUxFpj4R6rL-wr-TF8_b4xZo=) has sold militarybelt x1 at the trader "Clothing_Accessories (Helga [#STR_EXPANSION_MARKET_TRADER_CLOTHING_ACCESSORIES])" in market zone "Jalovisko Trading Zone" (pos=<8583.669922, 24.549999, 10515.000000>) and got 50.
19:35:01.195 [Market] Player "Vitellius" (id=QOVCOk5flZ8LlxY_vIXEUxFpj4R6rL-wr-TF8_b4xZo=) has send a requested to sell msfc_militarytacticalbag30l_multicam_black x1 at the trader "Clothing (Naomi [#STR_EXPANSION_MARKET_TRADER_CLOTHING])" in market zone "Jalovisko Trading Zone" (pos=<8583.669922, 24.549999, 10515.000000>).
19:35:01.242 [Market] Player "Vitellius" (id=QOVCOk5flZ8LlxY_vIXEUxFpj4R6rL-wr-TF8_b4xZo=) has sold msfc_militarytacticalbag30l_multicam_black x1 at the trader "Clothing (Naomi [#STR_EXPANSION_MARKET_TRADER_CLOTHING])" in market zone "Jalovisko Trading Zone" (pos=<8583.669922, 24.549999, 10515.000000>) and got 250.
19:36:24.843 [Market] Player "Vitellius" (id=QOVCOk5flZ8LlxY_vIXEUxFpj4R6rL-wr-TF8_b4xZo=) has send a requested to purchase ammobox_308win_20rnd x1 from the trader "Weapons (Gabi [#STR_EXPANSION_MARKET_TRADER_WEAPONS])" in market zone "Jalovisko Trading Zone" (pos=<8583.669922, 24.549999, 10515.000000>).
19:36:24.921 [Market] Player "Vitellius" (id=QOVCOk5flZ8LlxY_vIXEUxFpj4R6rL-wr-TF8_b4xZo=) has bought ammobox_308win_20rnd x1 from the trader "Weapons (Gabi [#STR_EXPANSION_MARKET_TRADER_WEAPONS])" in market zone "Jalovisko Trading Zone" (pos=<8583.669922, 24.549999, 10515.000000>) for a price of 32.
19:36:25.148 [Market] Player "Vitellius" (id=QOVCOk5flZ8LlxY_vIXEUxFpj4R6rL-wr-TF8_b4xZo=) has send a requested to purchase ammobox_308win_20rnd x1 from the trader "Weapons (Gabi [#STR_EXPANSION_MARKET_TRADER_WEAPONS])" in market zone "Jalovisko Trading Zone" (pos=<8583.669922, 24.549999, 10515.000000>).
19:36:25.226 [Market] Player "Vitellius" (id=QOVCOk5flZ8LlxY_vIXEUxFpj4R6rL-wr-TF8_b4xZo=) has bought ammobox_308win_20rnd x1 from the trader "Weapons (Gabi [#STR_EXPANSION_MARKET_TRADER_WEAPONS])" in market zone "Jalovisko Trading Zone" (pos=<8583.669922, 24.549999, 10515.000000>) for a price of 32.
19:36:25.460 [Market] Player "Vitellius" (id=QOVCOk5flZ8LlxY_vIXEUxFpj4R6rL-wr-TF8_b4xZo=) has send a requested to purchase ammobox_308win_20rnd x1 from the trader "Weapons (Gabi [#STR_EXPANSION_MARKET_TRADER_WEAPONS])" in market zone "Jalovisko Trading Zone" (pos=<8583.669922, 24.549999, 10515.000000>).
19:36:25.546 [Market] Player "Vitellius" (id=QOVCOk5flZ8LlxY_vIXEUxFpj4R6rL-wr-TF8_b4xZo=) has bought ammobox_308win_20rnd x1 from the trader "Weapons (Gabi [#STR_EXPANSION_MARKET_TRADER_WEAPONS])" in market zone "Jalovisko Trading Zone" (pos=<8583.669922, 24.549999, 10515.000000>) for a price of 32.
19:36:25.710 [Market] Player "Vitellius" (id=QOVCOk5flZ8LlxY_vIXEUxFpj4R6rL-wr-TF8_b4xZo=) has send a requested to purchase ammobox_308win_20rnd x1 from the trader "Weapons (Gabi [#STR_EXPANSION_MARKET_TRADER_WEAPONS])" in market zone "Jalovisko Trading Zone" (pos=<8583.669922, 24.549999, 10515.000000>).
19:36:25.796 [Market] Player "Vitellius" (id=QOVCOk5flZ8LlxY_vIXEUxFpj4R6rL-wr-TF8_b4xZo=) has bought ammobox_308win_20rnd x1 from the trader "Weapons (Gabi [#STR_EXPANSION_MARKET_TRADER_WEAPONS])" in market zone "Jalovisko Trading Zone" (pos=<8583.669922, 24.549999, 10515.000000>) for a price of 32.
19:36:25.976 [Market] Player "Vitellius" (id=QOVCOk5flZ8LlxY_vIXEUxFpj4R6rL-wr-TF8_b4xZo=) has send a requested to purchase ammobox_308win_20rnd x1 from the trader "Weapons (Gabi [#STR_EXPANSION_MARKET_TRADER_WEAPONS])" in market zone "Jalovisko Trading Zone" (pos=<8583.669922, 24.549999, 10515.000000>).
19:36:26.023 [Market] Player "Vitellius" (id=QOVCOk5flZ8LlxY_vIXEUxFpj4R6rL-wr-TF8_b4xZo=) has bought ammobox_308win_20rnd x1 from the trader "Weapons (Gabi [#STR_EXPANSION_MARKET_TRADER_WEAPONS])" in market zone "Jalovisko Trading Zone" (pos=<8583.669922, 24.549999, 10515.000000>) for a price of 32.
19:36:26.164 [Market] Player "Vitellius" (id=QOVCOk5flZ8LlxY_vIXEUxFpj4R6rL-wr-TF8_b4xZo=) has send a requested to purchase ammobox_308win_20rnd x1 from the trader "Weapons (Gabi [#STR_EXPANSION_MARKET_TRADER_WEAPONS])" in market zone "Jalovisko Trading Zone" (pos=<8583.669922, 24.549999, 10515.000000>).
19:36:26.203 [Market] Player "Vitellius" (id=QOVCOk5flZ8LlxY_vIXEUxFpj4R6rL-wr-TF8_b4xZo=) has bought ammobox_308win_20rnd x1 from the trader "Weapons (Gabi [#STR_EXPANSION_MARKET_TRADER_WEAPONS])" in market zone "Jalovisko Trading Zone" (pos=<8583.669922, 24.549999, 10515.000000>) for a price of 32.
19:36:26.429 [Market] Player "Vitellius" (id=QOVCOk5flZ8LlxY_vIXEUxFpj4R6rL-wr-TF8_b4xZo=) has send a requested to purchase ammobox_308win_20rnd x1 from the trader "Weapons (Gabi [#STR_EXPANSION_MARKET_TRADER_WEAPONS])" in market zone "Jalovisko Trading Zone" (pos=<8583.669922, 24.549999, 10515.000000>).
19:36:26.468 [Market] Player "Vitellius" (id=QOVCOk5flZ8LlxY_vIXEUxFpj4R6rL-wr-TF8_b4xZo=) has bought ammobox_308win_20rnd x1 from the trader "Weapons (Gabi [#STR_EXPANSION_MARKET_TRADER_WEAPONS])" in market zone "Jalovisko Trading Zone" (pos=<8583.669922, 24.549999, 10515.000000>) for a price of 32.
19:36:26.656 [Market] Player "Vitellius" (id=QOVCOk5flZ8LlxY_vIXEUxFpj4R6rL-wr-TF8_b4xZo=) has send a requested to purchase ammobox_308win_20rnd x1 from the trader "Weapons (Gabi [#STR_EXPANSION_MARKET_TRADER_WEAPONS])" in market zone "Jalovisko Trading Zone" (pos=<8583.669922, 24.549999, 10515.000000>).
19:36:26.734 [Market] Player "Vitellius" (id=QOVCOk5flZ8LlxY_vIXEUxFpj4R6rL-wr-TF8_b4xZo=) has bought ammobox_308win_20rnd x1 from the trader "Weapons (Gabi [#STR_EXPANSION_MARKET_TRADER_WEAPONS])" in market zone "Jalovisko Trading Zone" (pos=<8583.669922, 24.549999, 10515.000000>) for a price of 32.
19:36:26.828 [Market] Player "Vitellius" (id=QOVCOk5flZ8LlxY_vIXEUxFpj4R6rL-wr-TF8_b4xZo=) has send a requested to purchase ammobox_308win_20rnd x1 from the trader "Weapons (Gabi [#STR_EXPANSION_MARKET_TRADER_WEAPONS])" in market zone "Jalovisko Trading Zone" (pos=<8583.669922, 24.549999, 10515.000000>).
19:36:26.906 [Market] Player "Vitellius" (id=QOVCOk5flZ8LlxY_vIXEUxFpj4R6rL-wr-TF8_b4xZo=) has bought ammobox_308win_20rnd x1 from the trader "Weapons (Gabi [#STR_EXPANSION_MARKET_TRADER_WEAPONS])" in market zone "Jalovisko Trading Zone" (pos=<8583.669922, 24.549999, 10515.000000>) for a price of 32.
19:36:27.007 [Market] Player "Vitellius" (id=QOVCOk5flZ8LlxY_vIXEUxFpj4R6rL-wr-TF8_b4xZo=) has send a requested to purchase ammobox_308win_20rnd x1 from the trader "Weapons (Gabi [#STR_EXPANSION_MARKET_TRADER_WEAPONS])" in market zone "Jalovisko Trading Zone" (pos=<8583.669922, 24.549999, 10515.000000>).
19:36:27.062 [Market] Player "Vitellius" (id=QOVCOk5flZ8LlxY_vIXEUxFpj4R6rL-wr-TF8_b4xZo=) has bought ammobox_308win_20rnd x1 from the trader "Weapons (Gabi [#STR_EXPANSION_MARKET_TRADER_WEAPONS])" in market zone "Jalovisko Trading Zone" (pos=<8583.669922, 24.549999, 10515.000000>) for a price of 32.
19:36:27.195 [Market] Player "Vitellius" (id=QOVCOk5flZ8LlxY_vIXEUxFpj4R6rL-wr-TF8_b4xZo=) has send a requested to purchase ammobox_308win_20rnd x1 from the trader "Weapons (Gabi [#STR_EXPANSION_MARKET_TRADER_WEAPONS])" in market zone "Jalovisko Trading Zone" (pos=<8583.669922, 24.549999, 10515.000000>).
19:36:27.281 [Market] Player "Vitellius" (id=QOVCOk5flZ8LlxY_vIXEUxFpj4R6rL-wr-TF8_b4xZo=) has bought ammobox_308win_20rnd x1 from the trader "Weapons (Gabi [#STR_EXPANSION_MARKET_TRADER_WEAPONS])" in market zone "Jalovisko Trading Zone" (pos=<8583.669922, 24.549999, 10515.000000>) for a price of 32.
19:36:27.343 [Market] Player "Vitellius" (id=QOVCOk5flZ8LlxY_vIXEUxFpj4R6rL-wr-TF8_b4xZo=) has send a requested to purchase ammobox_308win_20rnd x1 from the trader "Weapons (Gabi [#STR_EXPANSION_MARKET_TRADER_WEAPONS])" in market zone "Jalovisko Trading Zone" (pos=<8583.669922, 24.549999, 10515.000000>).
19:36:27.429 [Market] Player "Vitellius" (id=QOVCOk5flZ8LlxY_vIXEUxFpj4R6rL-wr-TF8_b4xZo=) has bought ammobox_308win_20rnd x1 from the trader "Weapons (Gabi [#STR_EXPANSION_MARKET_TRADER_WEAPONS])" in market zone "Jalovisko Trading Zone" (pos=<8583.669922, 24.549999, 10515.000000>) for a price of 32.
19:36:27.515 [Market] Player "Vitellius" (id=QOVCOk5flZ8LlxY_vIXEUxFpj4R6rL-wr-TF8_b4xZo=) has send a requested to purchase ammobox_308win_20rnd x1 from the trader "Weapons (Gabi [#STR_EXPANSION_MARKET_TRADER_WEAPONS])" in market zone "Jalovisko Trading Zone" (pos=<8583.669922, 24.549999, 10515.000000>).
19:36:27.601 [Market] Player "Vitellius" (id=QOVCOk5flZ8LlxY_vIXEUxFpj4R6rL-wr-TF8_b4xZo=) has bought ammobox_308win_20rnd x1 from the trader "Weapons (Gabi [#STR_EXPANSION_MARKET_TRADER_WEAPONS])" in market zone "Jalovisko Trading Zone" (pos=<8583.669922, 24.549999, 10515.000000>) for a price of 32.
19:36:27.703 [Market] Player "Vitellius" (id=QOVCOk5flZ8LlxY_vIXEUxFpj4R6rL-wr-TF8_b4xZo=) has send a requested to purchase ammobox_308win_20rnd x1 from the trader "Weapons (Gabi [#STR_EXPANSION_MARKET_TRADER_WEAPONS])" in market zone "Jalovisko Trading Zone" (pos=<8583.669922, 24.549999, 10515.000000>).
19:36:27.796 [Market] Player "Vitellius" (id=QOVCOk5flZ8LlxY_vIXEUxFpj4R6rL-wr-TF8_b4xZo=) has bought ammobox_308win_20rnd x1 from the trader "Weapons (Gabi [#STR_EXPANSION_MARKET_TRADER_WEAPONS])" in market zone "Jalovisko Trading Zone" (pos=<8583.669922, 24.549999, 10515.000000>) for a price of 32.
19:36:27.929 [Market] Player "Vitellius" (id=QOVCOk5flZ8LlxY_vIXEUxFpj4R6rL-wr-TF8_b4xZo=) has send a requested to purchase ammobox_308win_20rnd x1 from the trader "Weapons (Gabi [#STR_EXPANSION_MARKET_TRADER_WEAPONS])" in market zone "Jalovisko Trading Zone" (pos=<8583.669922, 24.549999, 10515.000000>).
19:36:27.960 [Market] Player "Vitellius" (id=QOVCOk5flZ8LlxY_vIXEUxFpj4R6rL-wr-TF8_b4xZo=) has bought ammobox_308win_20rnd x1 from the trader "Weapons (Gabi [#STR_EXPANSION_MARKET_TRADER_WEAPONS])" in market zone "Jalovisko Trading Zone" (pos=<8583.669922, 24.549999, 10515.000000>) for a price of 32.
19:36:31.796 [ATM] Player "DKGreear12" (id=zhJxvJUIQcTeCgEZ3Xhlvc_WjNMgSdId2I-HV3Jo6tA=) has deposited 3248 on his ATM account.
19:36:39.023 [ATM] Player "DKGreear12" (id=zhJxvJUIQcTeCgEZ3Xhlvc_WjNMgSdId2I-HV3Jo6tA=) has deposited 3248 on the party "Nighteriders" (partyid=1 | ownerid=zhJxvJUIQcTeCgEZ3Xhlvc_WjNMgSdId2I-HV3Jo6tA=) ATM account.
19:37:07.921 [Market] Player "DKGreear12" (id=zhJxvJUIQcTeCgEZ3Xhlvc_WjNMgSdId2I-HV3Jo6tA=) has send a requested to sell quiltedjacket_violet x1 at the trader "Clothing (Naomi [#STR_EXPANSION_MARKET_TRADER_CLOTHING])" in market zone "Jalovisko Trading Zone" (pos=<8583.669922, 24.549999, 10515.000000>).
19:37:08.031 [Market] Player "DKGreear12" (id=zhJxvJUIQcTeCgEZ3Xhlvc_WjNMgSdId2I-HV3Jo6tA=) has sold quiltedjacket_violet x1 at the trader "Clothing (Naomi [#STR_EXPANSION_MARKET_TRADER_CLOTHING])" in market zone "Jalovisko Trading Zone" (pos=<8583.669922, 24.549999, 10515.000000>) and got 13.
19:37:26.335 [ATM] Player "DKGreear12" (id=zhJxvJUIQcTeCgEZ3Xhlvc_WjNMgSdId2I-HV3Jo6tA=) has withdrawn 2000 from the party "Nighteriders" (partyid=1 | ownerid=zhJxvJUIQcTeCgEZ3Xhlvc_WjNMgSdId2I-HV3Jo6tA=) ATM account.
19:37:29.531 [ATM] Player "DKGreear12" (id=zhJxvJUIQcTeCgEZ3Xhlvc_WjNMgSdId2I-HV3Jo6tA=) has withdrawn 2000 from his ATM account.
19:37:42.359 [Market] Player "DKGreear12" (id=zhJxvJUIQcTeCgEZ3Xhlvc_WjNMgSdId2I-HV3Jo6tA=) has send a requested to purchase quiltedjacket_black x1 from the trader "Clothing (Naomi [#STR_EXPANSION_MARKET_TRADER_CLOTHING])" in market zone "Jalovisko Trading Zone" (pos=<8583.669922, 24.549999, 10515.000000>).
19:37:42.453 [Market] Player "DKGreear12" (id=zhJxvJUIQcTeCgEZ3Xhlvc_WjNMgSdId2I-HV3Jo6tA=) has bought quiltedjacket_black x1 from the trader "Clothing (Naomi [#STR_EXPANSION_MARKET_TRADER_CLOTHING])" in market zone "Jalovisko Trading Zone" (pos=<8583.669922, 24.549999, 10515.000000>) for a price of 28.
19:38:06.976 [ATM] Player "DKGreear12" (id=zhJxvJUIQcTeCgEZ3Xhlvc_WjNMgSdId2I-HV3Jo6tA=) has deposited 1985 on his ATM account.
19:38:22.093 [VehicleEnter] Player DKGreear12 [uid=zhJxvJUIQcTeCgEZ3Xhlvc_WjNMgSdId2I-HV3Jo6tA=] entered vehicle HUMMC (id=E1C650F4284EF91542400FBB41123F84 pos=<8584.996094, 14.773836, 10482.696289>) as driver
19:38:32.601 [VehicleEnter] Player Vitellius [uid=QOVCOk5flZ8LlxY_vIXEUxFpj4R6rL-wr-TF8_b4xZo=] entered vehicle HUMMC (id=E1C650F4284EF91542400FBB41123F84 pos=<8584.996094, 14.773833, 10482.696289>) as passenger
19:38:36.804 [VehicleEngine] Player DKGreear12 [uid=zhJxvJUIQcTeCgEZ3Xhlvc_WjNMgSdId2I-HV3Jo6tA=] started vehicle HUMMC (id=E1C650F4284EF91542400FBB41123F84 pos=<8584.996094, 14.773833, 10482.696289>)
19:39:46.437 [Safezone] Player "DKGreear12" (id=zhJxvJUIQcTeCgEZ3Xhlvc_WjNMgSdId2I-HV3Jo6tA= pos=<8027.384766, 17.606005, 10519.780273>) Left the safezone
19:39:46.468 [Safezone] Player "Vitellius" (id=QOVCOk5flZ8LlxY_vIXEUxFpj4R6rL-wr-TF8_b4xZo= pos=<8026.002930, 17.635370, 10520.276367>) Left the safezone
19:44:32.390 [AI Patrol] Spawning 3 Shamans bots at <4436.970215, 14.990000, 10816.679688>
19:45:37.914 [VehicleLeave] Player Vitellius [uid=QOVCOk5flZ8LlxY_vIXEUxFpj4R6rL-wr-TF8_b4xZo=] left vehicle HUMMC (id=E1C650F4284EF91542400FBB41123F84 pos=<4712.788574, 15.631199, 10750.645508>)
19:46:30.218 [VehicleEngine] Player DKGreear12 [uid=zhJxvJUIQcTeCgEZ3Xhlvc_WjNMgSdId2I-HV3Jo6tA=] stopped vehicle HUMMC (id=E1C650F4284EF91542400FBB41123F84 pos=<4725.399414, 15.437256, 10789.958008>)
19:46:34.695 [VehicleLeave] Player DKGreear12 [uid=zhJxvJUIQcTeCgEZ3Xhlvc_WjNMgSdId2I-HV3Jo6tA=] left vehicle HUMMC (id=E1C650F4284EF91542400FBB41123F84 pos=<4725.399414, 15.437259, 10789.958008>)
19:49:58.312 [VehicleEnter] Player Vitellius [uid=QOVCOk5flZ8LlxY_vIXEUxFpj4R6rL-wr-TF8_b4xZo=] entered vehicle HUMMC (id=E1C650F4284EF91542400FBB41123F84 pos=<4725.399414, 15.437257, 10789.958008>) as passenger
19:50:00.796 [VehicleEnter] Player DKGreear12 [uid=zhJxvJUIQcTeCgEZ3Xhlvc_WjNMgSdId2I-HV3Jo6tA=] entered vehicle HUMMC (id=E1C650F4284EF91542400FBB41123F84 pos=<4725.399414, 15.437256, 10789.958008>) as driver
19:50:08.546 [VehicleEngine] Player DKGreear12 [uid=zhJxvJUIQcTeCgEZ3Xhlvc_WjNMgSdId2I-HV3Jo6tA=] started vehicle HUMMC (id=E1C650F4284EF91542400FBB41123F84 pos=<4725.399414, 15.437258, 10789.958008>)
19:55:20.593 [VehicleEngine] Player DKGreear12 [uid=zhJxvJUIQcTeCgEZ3Xhlvc_WjNMgSdId2I-HV3Jo6tA=] stopped vehicle HUMMC (id=E1C650F4284EF91542400FBB41123F84 pos=<5217.978027, 31.101629, 8588.145508>)
19:55:23.859 [VehicleLeave] Player Vitellius [uid=QOVCOk5flZ8LlxY_vIXEUxFpj4R6rL-wr-TF8_b4xZo=] left vehicle HUMMC (id=E1C650F4284EF91542400FBB41123F84 pos=<5217.978027, 31.101631, 8588.145508>)
19:55:26.039 [VehicleLeave] Player DKGreear12 [uid=zhJxvJUIQcTeCgEZ3Xhlvc_WjNMgSdId2I-HV3Jo6tA=] left vehicle HUMMC (id=E1C650F4284EF91542400FBB41123F84 pos=<5217.978027, 31.101625, 8588.145508>)
19:55:47.046 [VehicleEnter] Player DKGreear12 [uid=zhJxvJUIQcTeCgEZ3Xhlvc_WjNMgSdId2I-HV3Jo6tA=] entered vehicle HUMMC (id=E1C650F4284EF91542400FBB41123F84 pos=<5217.978027, 31.101625, 8588.145508>) as driver
19:55:52.320 [VehicleLeave] Player DKGreear12 [uid=zhJxvJUIQcTeCgEZ3Xhlvc_WjNMgSdId2I-HV3Jo6tA=] left vehicle HUMMC (id=E1C650F4284EF91542400FBB41123F84 pos=<5217.978027, 31.101631, 8588.145508>)
19:59:03.656 [VehicleCarKey] Player "DKGreear12" (id=zhJxvJUIQcTeCgEZ3Xhlvc_WjNMgSdId2I-HV3Jo6tA= pos=<5219.478516, 31.125071, 8586.622070>) used the  ExpansionCarKey to lock Offroad_02 (id=E1C650F4284EF91542400FBB41123F84 pos=<5217.978027, 31.101635, 8588.145508>)
19:59:23.406 [Party] Player "DKGreear12" (id=zhJxvJUIQcTeCgEZ3Xhlvc_WjNMgSdId2I-HV3Jo6tA=) left the party "Nighteriders" (id=1 ownerUID=zhJxvJUIQcTeCgEZ3Xhlvc_WjNMgSdId2I-HV3Jo6tA= ownerName=DKGreear12)
19:59:46.039 [Safezone] Player "Vitellius" (id=QOVCOk5flZ8LlxY_vIXEUxFpj4R6rL-wr-TF8_b4xZo= pos=<8579.625000, 14.747690, 10507.391602>) Entered the safezone
20:01:37.164 [Party] Player "Vitellius" (id=QOVCOk5flZ8LlxY_vIXEUxFpj4R6rL-wr-TF8_b4xZo=) left the party "Nighteriders" (id=1 ownerUID=zhJxvJUIQcTeCgEZ3Xhlvc_WjNMgSdId2I-HV3Jo6tA= ownerName=DKGreear12)
